[2024-04-14T09:28:27.122+0000] {local_task_job_runner.py:120} INFO - ::group::Pre task execution logs
[2024-04-14T09:28:27.136+0000] {taskinstance.py:2073} INFO - Dependencies all met for dep_context=non-requeueable deps ti=<TaskInstance: etl.load_filtered_data_to_bigquery manual__2024-04-14T05:09:56.705108+00:00 [queued]>
[2024-04-14T09:28:27.142+0000] {taskinstance.py:2073} INFO - Dependencies all met for dep_context=requeueable deps ti=<TaskInstance: etl.load_filtered_data_to_bigquery manual__2024-04-14T05:09:56.705108+00:00 [queued]>
[2024-04-14T09:28:27.142+0000] {taskinstance.py:2303} INFO - Starting attempt 3 of 3
[2024-04-14T09:28:27.156+0000] {taskinstance.py:2327} INFO - Executing <Task(BigQueryExecuteQueryOperator): load_filtered_data_to_bigquery> on 2024-04-14 05:09:56.705108+00:00
[2024-04-14T09:28:27.168+0000] {logging_mixin.py:188} WARNING - /home/***/.local/lib/python3.12/site-packages/***/task/task_runner/standard_task_runner.py:61 DeprecationWarning: This process (pid=156342) is multi-threaded, use of fork() may lead to deadlocks in the child.
[2024-04-14T09:28:27.168+0000] {standard_task_runner.py:63} INFO - Started process 156359 to run task
[2024-04-14T09:28:27.167+0000] {standard_task_runner.py:90} INFO - Running: ['***', 'tasks', 'run', 'etl', 'load_filtered_data_to_bigquery', 'manual__2024-04-14T05:09:56.705108+00:00', '--job-id', '88', '--raw', '--subdir', 'DAGS_FOLDER/etl.py', '--cfg-path', '/tmp/tmp29lvxtlh']
[2024-04-14T09:28:27.169+0000] {standard_task_runner.py:91} INFO - Job 88: Subtask load_filtered_data_to_bigquery
[2024-04-14T09:28:27.208+0000] {task_command.py:426} INFO - Running <TaskInstance: etl.load_filtered_data_to_bigquery manual__2024-04-14T05:09:56.705108+00:00 [running]> on host 2ce858e27684
[2024-04-14T09:28:27.287+0000] {taskinstance.py:2644} INFO - Exporting env vars: AIRFLOW_CTX_DAG_OWNER='***' AIRFLOW_CTX_DAG_ID='etl' AIRFLOW_CTX_TASK_ID='load_filtered_data_to_bigquery' AIRFLOW_CTX_EXECUTION_DATE='2024-04-14T05:09:56.705108+00:00' AIRFLOW_CTX_TRY_NUMBER='3' AIRFLOW_CTX_DAG_RUN_ID='manual__2024-04-14T05:09:56.705108+00:00'
[2024-04-14T09:28:27.288+0000] {taskinstance.py:430} INFO - ::endgroup::
[2024-04-14T09:28:27.288+0000] {bigquery.py:1246} INFO - Executing: SELECT No,paymenttype FROM order_bazilian.csv
[2024-04-14T09:28:27.299+0000] {connection.py:274} WARNING - Connection schemes (type: google_cloud_platform) shall not contain '_' according to RFC3986.
[2024-04-14T09:28:27.303+0000] {base.py:84} INFO - Using connection ID 'my_gcp_conn' for task execution.
[2024-04-14T09:28:27.305+0000] {logging_mixin.py:188} WARNING - /home/***/.local/lib/python3.12/site-packages/***/providers/google/cloud/operators/bigquery.py:1254 AirflowProviderDeprecationWarning: Call to deprecated method run_query. (Please use `***.providers.google.cloud.hooks.bigquery.BigQueryHook.insert_job`)
[2024-04-14T09:28:27.351+0000] {bigquery.py:1613} INFO - Inserting job ***_1713086907351433_baa51ec0b1fdd49f2614bdec1309817c
[2024-04-14T09:28:27.669+0000] {taskinstance.py:441} INFO - ::group::Post task execution logs
[2024-04-14T09:28:27.669+0000] {taskinstance.py:2890} ERROR - Task failed with exception
Traceback (most recent call last):
  File "/home/airflow/.local/lib/python3.12/site-packages/airflow/models/taskinstance.py", line 465, in _execute_task
    result = _execute_callable(context=context, **execute_callable_kwargs)
             ^^^^^^^^^^^^^^^^^^^^^^^^^^^^^^^^^^^^^^^^^^^^^^^^^^^^^^^^^^^^^
  File "/home/airflow/.local/lib/python3.12/site-packages/airflow/models/taskinstance.py", line 432, in _execute_callable
    return execute_callable(context=context, **execute_callable_kwargs)
           ^^^^^^^^^^^^^^^^^^^^^^^^^^^^^^^^^^^^^^^^^^^^^^^^^^^^^^^^^^^^
  File "/home/airflow/.local/lib/python3.12/site-packages/airflow/models/baseoperator.py", line 400, in wrapper
    return func(self, *args, **kwargs)
           ^^^^^^^^^^^^^^^^^^^^^^^^^^^
  File "/home/airflow/.local/lib/python3.12/site-packages/airflow/providers/google/cloud/operators/bigquery.py", line 1254, in execute
    self.job_id = self.hook.run_query(
                  ^^^^^^^^^^^^^^^^^^^^
  File "/home/airflow/.local/lib/python3.12/site-packages/deprecated/classic.py", line 285, in wrapper_function
    return wrapped_(*args_, **kwargs_)
           ^^^^^^^^^^^^^^^^^^^^^^^^^^^
  File "/home/airflow/.local/lib/python3.12/site-packages/airflow/providers/google/cloud/hooks/bigquery.py", line 2258, in run_query
    job = self.insert_job(configuration=configuration, project_id=self.project_id, location=location)
          ^^^^^^^^^^^^^^^^^^^^^^^^^^^^^^^^^^^^^^^^^^^^^^^^^^^^^^^^^^^^^^^^^^^^^^^^^^^^^^^^^^^^^^^^^^^
  File "/home/airflow/.local/lib/python3.12/site-packages/airflow/providers/google/common/hooks/base_google.py", line 485, in inner_wrapper
    return func(self, *args, **kwargs)
           ^^^^^^^^^^^^^^^^^^^^^^^^^^^
  File "/home/airflow/.local/lib/python3.12/site-packages/airflow/providers/google/cloud/hooks/bigquery.py", line 1619, in insert_job
    job_api_repr.result(timeout=timeout, retry=retry)
  File "/home/airflow/.local/lib/python3.12/site-packages/google/cloud/bigquery/job/query.py", line 1590, in result
    do_get_result()
  File "/home/airflow/.local/lib/python3.12/site-packages/google/cloud/bigquery/job/query.py", line 1579, in do_get_result
    super(QueryJob, self).result(retry=retry, timeout=timeout)
  File "/home/airflow/.local/lib/python3.12/site-packages/google/cloud/bigquery/job/base.py", line 968, in result
    self._begin(retry=retry, timeout=timeout)
  File "/home/airflow/.local/lib/python3.12/site-packages/google/cloud/bigquery/job/query.py", line 1374, in _begin
    super(QueryJob, self)._begin(client=client, retry=retry, timeout=timeout)
  File "/home/airflow/.local/lib/python3.12/site-packages/google/cloud/bigquery/job/base.py", line 740, in _begin
    api_response = client._call_api(
                   ^^^^^^^^^^^^^^^^^
  File "/home/airflow/.local/lib/python3.12/site-packages/google/cloud/bigquery/client.py", line 831, in _call_api
    return call()
           ^^^^^^
  File "/home/airflow/.local/lib/python3.12/site-packages/google/api_core/retry/retry_unary.py", line 293, in retry_wrapped_func
    return retry_target(
           ^^^^^^^^^^^^^
  File "/home/airflow/.local/lib/python3.12/site-packages/google/api_core/retry/retry_unary.py", line 153, in retry_target
    _retry_error_helper(
  File "/home/airflow/.local/lib/python3.12/site-packages/google/api_core/retry/retry_base.py", line 212, in _retry_error_helper
    raise final_exc from source_exc
  File "/home/airflow/.local/lib/python3.12/site-packages/google/api_core/retry/retry_unary.py", line 144, in retry_target
    result = target()
             ^^^^^^^^
  File "/home/airflow/.local/lib/python3.12/site-packages/google/cloud/_http/__init__.py", line 494, in api_request
    raise exceptions.from_http_response(response)
google.api_core.exceptions.BadRequest: 400 POST https://bigquery.googleapis.com/bigquery/v2/projects/dataengineer-415510/jobs?prettyPrint=false: Invalid value for location: Singapore is not a valid value

Location: Singapore
Job ID: airflow_1713086907351433_baa51ec0b1fdd49f2614bdec1309817c


Location: Singapore
Job ID: airflow_1713086907351433_baa51ec0b1fdd49f2614bdec1309817c

[2024-04-14T09:28:27.680+0000] {taskinstance.py:1205} INFO - Marking task as FAILED. dag_id=etl, task_id=load_filtered_data_to_bigquery, execution_date=20240414T050956, start_date=20240414T092827, end_date=20240414T092827
[2024-04-14T09:28:27.693+0000] {standard_task_runner.py:110} ERROR - Failed to execute job 88 for task load_filtered_data_to_bigquery (400 POST https://bigquery.googleapis.com/bigquery/v2/projects/dataengineer-415510/jobs?prettyPrint=false: Invalid value for location: Singapore is not a valid value

Location: Singapore
Job ID: airflow_1713086907351433_baa51ec0b1fdd49f2614bdec1309817c


Location: Singapore
Job ID: airflow_1713086907351433_baa51ec0b1fdd49f2614bdec1309817c
; 156359)
[2024-04-14T09:28:27.744+0000] {local_task_job_runner.py:240} INFO - Task exited with return code 1
[2024-04-14T09:28:27.757+0000] {taskinstance.py:3482} INFO - 0 downstream tasks scheduled from follow-on schedule check
[2024-04-14T09:28:27.763+0000] {local_task_job_runner.py:222} INFO - ::endgroup::
