[2024-04-22T06:38:47.743+0000] {local_task_job_runner.py:120} INFO - ::group::Pre task execution logs
[2024-04-22T06:38:47.957+0000] {taskinstance.py:2073} INFO - Dependencies all met for dep_context=non-requeueable deps ti=<TaskInstance: etl.gcs_to_bq_items scheduled__2024-04-18T00:00:00+00:00 [queued]>
[2024-04-22T06:38:48.059+0000] {taskinstance.py:2073} INFO - Dependencies all met for dep_context=requeueable deps ti=<TaskInstance: etl.gcs_to_bq_items scheduled__2024-04-18T00:00:00+00:00 [queued]>
[2024-04-22T06:38:48.077+0000] {taskinstance.py:2303} INFO - Starting attempt 1 of 1
[2024-04-22T06:38:48.178+0000] {taskinstance.py:2327} INFO - Executing <Task(GCSToBigQueryOperator): gcs_to_bq_items> on 2024-04-18 00:00:00+00:00
[2024-04-22T06:38:48.319+0000] {standard_task_runner.py:90} INFO - Running: ['***', 'tasks', 'run', 'etl', 'gcs_to_bq_items', 'scheduled__2024-04-18T00:00:00+00:00', '--job-id', '235', '--raw', '--subdir', 'DAGS_FOLDER/etl.py', '--cfg-path', '/tmp/tmp4_8ople2']
[2024-04-22T06:38:48.327+0000] {standard_task_runner.py:91} INFO - Job 235: Subtask gcs_to_bq_items
[2024-04-22T06:38:48.418+0000] {logging_mixin.py:188} WARNING - /home/***/.local/lib/python3.12/site-packages/***/task/task_runner/standard_task_runner.py:61 DeprecationWarning: This process (pid=4338) is multi-threaded, use of fork() may lead to deadlocks in the child.
[2024-04-22T06:38:48.465+0000] {standard_task_runner.py:63} INFO - Started process 4475 to run task
[2024-04-22T06:38:48.725+0000] {task_command.py:426} INFO - Running <TaskInstance: etl.gcs_to_bq_items scheduled__2024-04-18T00:00:00+00:00 [running]> on host af114bcfa67a
[2024-04-22T06:38:51.938+0000] {taskinstance.py:2644} INFO - Exporting env vars: AIRFLOW_CTX_DAG_OWNER='***' AIRFLOW_CTX_DAG_ID='etl' AIRFLOW_CTX_TASK_ID='gcs_to_bq_items' AIRFLOW_CTX_EXECUTION_DATE='2024-04-18T00:00:00+00:00' AIRFLOW_CTX_TRY_NUMBER='1' AIRFLOW_CTX_DAG_RUN_ID='scheduled__2024-04-18T00:00:00+00:00'
[2024-04-22T06:38:51.954+0000] {taskinstance.py:430} INFO - ::endgroup::
[2024-04-22T06:38:51.989+0000] {connection.py:274} WARNING - Connection schemes (type: google_cloud_platform) shall not contain '_' according to RFC3986.
[2024-04-22T06:38:52.035+0000] {base.py:84} INFO - Using connection ID 'my_gcp_conn' for task execution.
[2024-04-22T06:38:52.049+0000] {gcs_to_bigquery.py:379} INFO - Using existing BigQuery table for storing data...
[2024-04-22T06:38:52.746+0000] {bigquery.py:2328} INFO - Project is not included in destination_project_dataset_table: order.olist_items_dataset; using project "dataengineer-415510"
[2024-04-22T06:38:52.746+0000] {gcs_to_bigquery.py:383} INFO - Executing: {'load': {'autodetect': True, 'createDisposition': 'CREATE_IF_NEEDED', 'destinationTable': {'projectId': 'dataengineer-415510', 'datasetId': 'order', 'tableId': 'olist_items_dataset'}, 'sourceFormat': 'CSV', 'sourceUris': ['gs://swu-ds-525-112233/olist_items_dataset.csv'], 'writeDisposition': 'WRITE_TRUNCATE', 'ignoreUnknownValues': False, 'skipLeadingRows': None, 'fieldDelimiter': ',', 'quote': None, 'allowQuotedNewlines': False, 'encoding': 'UTF-8'}}
[2024-04-22T06:38:52.747+0000] {bigquery.py:1613} INFO - Inserting job ***_etl_gcs_to_bq_items_2024_04_18T00_00_00_00_00_f19d5570f1e8b94c6eab9f86671e09a9
[2024-04-22T06:38:56.417+0000] {taskinstance.py:441} INFO - ::group::Post task execution logs
[2024-04-22T06:38:56.417+0000] {taskinstance.py:2890} ERROR - Task failed with exception
Traceback (most recent call last):
  File "/home/airflow/.local/lib/python3.12/site-packages/airflow/models/taskinstance.py", line 465, in _execute_task
    result = _execute_callable(context=context, **execute_callable_kwargs)
             ^^^^^^^^^^^^^^^^^^^^^^^^^^^^^^^^^^^^^^^^^^^^^^^^^^^^^^^^^^^^^
  File "/home/airflow/.local/lib/python3.12/site-packages/airflow/models/taskinstance.py", line 432, in _execute_callable
    return execute_callable(context=context, **execute_callable_kwargs)
           ^^^^^^^^^^^^^^^^^^^^^^^^^^^^^^^^^^^^^^^^^^^^^^^^^^^^^^^^^^^^
  File "/home/airflow/.local/lib/python3.12/site-packages/airflow/models/baseoperator.py", line 400, in wrapper
    return func(self, *args, **kwargs)
           ^^^^^^^^^^^^^^^^^^^^^^^^^^^
  File "/home/airflow/.local/lib/python3.12/site-packages/airflow/providers/google/cloud/transfers/gcs_to_bigquery.py", line 444, in execute
    job.result(timeout=self.result_timeout, retry=self.result_retry)
  File "/home/airflow/.local/lib/python3.12/site-packages/google/cloud/bigquery/job/base.py", line 971, in result
    return super(_AsyncJob, self).result(timeout=timeout, **kwargs)
           ^^^^^^^^^^^^^^^^^^^^^^^^^^^^^^^^^^^^^^^^^^^^^^^^^^^^^^^^
  File "/home/airflow/.local/lib/python3.12/site-packages/google/api_core/future/polling.py", line 261, in result
    raise self._exception
google.api_core.exceptions.NotFound: 404 Not found: URI gs://swu-ds-525-112233/olist_items_dataset.csv; reason: notFound, message: Not found: URI gs://swu-ds-525-112233/olist_items_dataset.csv
[2024-04-22T06:38:56.428+0000] {taskinstance.py:1205} INFO - Marking task as FAILED. dag_id=etl, task_id=gcs_to_bq_items, execution_date=20240418T000000, start_date=20240422T063847, end_date=20240422T063856
[2024-04-22T06:38:56.869+0000] {standard_task_runner.py:110} ERROR - Failed to execute job 235 for task gcs_to_bq_items (404 Not found: URI gs://swu-ds-525-112233/olist_items_dataset.csv; reason: notFound, message: Not found: URI gs://swu-ds-525-112233/olist_items_dataset.csv; 4475)
[2024-04-22T06:38:56.953+0000] {local_task_job_runner.py:240} INFO - Task exited with return code 1
[2024-04-22T06:38:57.415+0000] {taskinstance.py:3482} INFO - 0 downstream tasks scheduled from follow-on schedule check
[2024-04-22T06:38:57.422+0000] {local_task_job_runner.py:222} INFO - ::endgroup::
