[2024-04-26T12:41:01.572+0000] {local_task_job_runner.py:120} INFO - ::group::Pre task execution logs
[2024-04-26T12:41:01.709+0000] {taskinstance.py:2073} INFO - Dependencies all met for dep_context=non-requeueable deps ti=<TaskInstance: etl.upload_file_name scheduled__2024-04-25T00:00:00+00:00 [queued]>
[2024-04-26T12:41:01.780+0000] {taskinstance.py:2073} INFO - Dependencies all met for dep_context=requeueable deps ti=<TaskInstance: etl.upload_file_name scheduled__2024-04-25T00:00:00+00:00 [queued]>
[2024-04-26T12:41:01.781+0000] {taskinstance.py:2303} INFO - Starting attempt 1 of 1
[2024-04-26T12:41:01.869+0000] {taskinstance.py:2327} INFO - Executing <Task(LocalFilesystemToGCSOperator): upload_file_name> on 2024-04-25 00:00:00+00:00
[2024-04-26T12:41:01.960+0000] {logging_mixin.py:188} WARNING - /home/***/.local/lib/python3.12/site-packages/***/task/task_runner/standard_task_runner.py:61 DeprecationWarning: This process (pid=259) is multi-threaded, use of fork() may lead to deadlocks in the child.
[2024-04-26T12:41:01.982+0000] {standard_task_runner.py:63} INFO - Started process 399 to run task
[2024-04-26T12:41:01.956+0000] {standard_task_runner.py:90} INFO - Running: ['***', 'tasks', 'run', 'etl', 'upload_file_name', 'scheduled__2024-04-25T00:00:00+00:00', '--job-id', '349', '--raw', '--subdir', 'DAGS_FOLDER/etl.py', '--cfg-path', '/tmp/tmpzri30wjm']
[2024-04-26T12:41:01.998+0000] {standard_task_runner.py:91} INFO - Job 349: Subtask upload_file_name
[2024-04-26T12:41:02.237+0000] {task_command.py:426} INFO - Running <TaskInstance: etl.upload_file_name scheduled__2024-04-25T00:00:00+00:00 [running]> on host b619dce40a27
[2024-04-26T12:41:03.102+0000] {taskinstance.py:2644} INFO - Exporting env vars: AIRFLOW_CTX_DAG_OWNER='***' AIRFLOW_CTX_DAG_ID='etl' AIRFLOW_CTX_TASK_ID='upload_file_name' AIRFLOW_CTX_EXECUTION_DATE='2024-04-25T00:00:00+00:00' AIRFLOW_CTX_TRY_NUMBER='1' AIRFLOW_CTX_DAG_RUN_ID='scheduled__2024-04-25T00:00:00+00:00'
[2024-04-26T12:41:03.110+0000] {taskinstance.py:430} INFO - ::endgroup::
[2024-04-26T12:41:03.173+0000] {connection.py:274} WARNING - Connection schemes (type: google_cloud_platform) shall not contain '_' according to RFC3986.
[2024-04-26T12:41:03.221+0000] {base.py:84} INFO - Using connection ID 'my_gcp_conn' for task execution.
[2024-04-26T12:41:04.900+0000] {gcs.py:557} INFO - File /opt/***/dags/data/product_category_name_translation.csv uploaded to product_category_name_translation.csv in swu-ds-525-112233 bucket
[2024-04-26T12:41:04.901+0000] {taskinstance.py:441} INFO - ::group::Post task execution logs
[2024-04-26T12:41:04.940+0000] {taskinstance.py:1205} INFO - Marking task as SUCCESS. dag_id=etl, task_id=upload_file_name, execution_date=20240425T000000, start_date=20240426T124101, end_date=20240426T124104
[2024-04-26T12:41:05.063+0000] {local_task_job_runner.py:240} INFO - Task exited with return code 0
[2024-04-26T12:41:05.303+0000] {taskinstance.py:3482} INFO - 0 downstream tasks scheduled from follow-on schedule check
[2024-04-26T12:41:05.331+0000] {local_task_job_runner.py:222} INFO - ::endgroup::
