[2024-04-18T08:27:03.960+0000] {local_task_job_runner.py:120} INFO - ::group::Pre task execution logs
[2024-04-18T08:27:03.990+0000] {taskinstance.py:2073} INFO - Dependencies all met for dep_context=non-requeueable deps ti=<TaskInstance: etl.upload_file_to_bucket scheduled__2024-04-16T00:00:00+00:00 [queued]>
[2024-04-18T08:27:04.000+0000] {taskinstance.py:2073} INFO - Dependencies all met for dep_context=requeueable deps ti=<TaskInstance: etl.upload_file_to_bucket scheduled__2024-04-16T00:00:00+00:00 [queued]>
[2024-04-18T08:27:04.000+0000] {taskinstance.py:2303} INFO - Starting attempt 1 of 1
[2024-04-18T08:27:04.064+0000] {taskinstance.py:2327} INFO - Executing <Task(LocalFilesystemToGCSOperator): upload_file_to_bucket> on 2024-04-16 00:00:00+00:00
[2024-04-18T08:27:04.106+0000] {standard_task_runner.py:90} INFO - Running: ['***', 'tasks', 'run', 'etl', 'upload_file_to_bucket', 'scheduled__2024-04-16T00:00:00+00:00', '--job-id', '172', '--raw', '--subdir', 'DAGS_FOLDER/etl.py', '--cfg-path', '/tmp/tmpdsz24g3_']
[2024-04-18T08:27:04.092+0000] {logging_mixin.py:188} WARNING - /home/***/.local/lib/python3.12/site-packages/***/task/task_runner/standard_task_runner.py:61 DeprecationWarning: This process (pid=253) is multi-threaded, use of fork() may lead to deadlocks in the child.
[2024-04-18T08:27:04.115+0000] {standard_task_runner.py:63} INFO - Started process 361 to run task
[2024-04-18T08:27:04.114+0000] {standard_task_runner.py:91} INFO - Job 172: Subtask upload_file_to_bucket
[2024-04-18T08:27:04.235+0000] {task_command.py:426} INFO - Running <TaskInstance: etl.upload_file_to_bucket scheduled__2024-04-16T00:00:00+00:00 [running]> on host 2ce858e27684
[2024-04-18T08:27:04.519+0000] {taskinstance.py:2644} INFO - Exporting env vars: AIRFLOW_CTX_DAG_OWNER='***' AIRFLOW_CTX_DAG_ID='etl' AIRFLOW_CTX_TASK_ID='upload_file_to_bucket' AIRFLOW_CTX_EXECUTION_DATE='2024-04-16T00:00:00+00:00' AIRFLOW_CTX_TRY_NUMBER='1' AIRFLOW_CTX_DAG_RUN_ID='scheduled__2024-04-16T00:00:00+00:00'
[2024-04-18T08:27:04.520+0000] {taskinstance.py:430} INFO - ::endgroup::
[2024-04-18T08:27:04.550+0000] {connection.py:274} WARNING - Connection schemes (type: google_cloud_platform) shall not contain '_' according to RFC3986.
[2024-04-18T08:27:04.568+0000] {base.py:84} INFO - Using connection ID 'my_gcp_conn' for task execution.
[2024-04-18T08:27:06.794+0000] {gcs.py:557} INFO - File /opt/***/dags/data/order_bazilian.csv uploaded to order_bazilian.csv in swu-ds-525-112233 bucket
[2024-04-18T08:27:06.796+0000] {taskinstance.py:441} INFO - ::group::Post task execution logs
[2024-04-18T08:27:06.812+0000] {taskinstance.py:1205} INFO - Marking task as SUCCESS. dag_id=etl, task_id=upload_file_to_bucket, execution_date=20240416T000000, start_date=20240418T082703, end_date=20240418T082706
[2024-04-18T08:27:06.881+0000] {local_task_job_runner.py:240} INFO - Task exited with return code 0
[2024-04-18T08:27:06.917+0000] {taskinstance.py:3482} INFO - 1 downstream tasks scheduled from follow-on schedule check
[2024-04-18T08:27:06.930+0000] {local_task_job_runner.py:222} INFO - ::endgroup::
