[2024-04-14T08:33:59.877+0000] {local_task_job_runner.py:120} INFO - ::group::Pre task execution logs
[2024-04-14T08:33:59.899+0000] {taskinstance.py:2073} INFO - Dependencies all met for dep_context=non-requeueable deps ti=<TaskInstance: etl.create_aggr_bq_table manual__2024-04-14T05:09:56.705108+00:00 [queued]>
[2024-04-14T08:33:59.907+0000] {taskinstance.py:2073} INFO - Dependencies all met for dep_context=requeueable deps ti=<TaskInstance: etl.create_aggr_bq_table manual__2024-04-14T05:09:56.705108+00:00 [queued]>
[2024-04-14T08:33:59.908+0000] {taskinstance.py:2303} INFO - Starting attempt 7 of 7
[2024-04-14T08:33:59.929+0000] {taskinstance.py:2327} INFO - Executing <Task(BigQueryExecuteQueryOperator): create_aggr_bq_table> on 2024-04-14 05:09:56.705108+00:00
[2024-04-14T08:33:59.942+0000] {logging_mixin.py:188} WARNING - /home/***/.local/lib/python3.12/site-packages/***/task/task_runner/standard_task_runner.py:61 DeprecationWarning: This process (pid=127761) is multi-threaded, use of fork() may lead to deadlocks in the child.
[2024-04-14T08:33:59.943+0000] {standard_task_runner.py:63} INFO - Started process 127780 to run task
[2024-04-14T08:33:59.942+0000] {standard_task_runner.py:90} INFO - Running: ['***', 'tasks', 'run', 'etl', 'create_aggr_bq_table', 'manual__2024-04-14T05:09:56.705108+00:00', '--job-id', '76', '--raw', '--subdir', 'DAGS_FOLDER/etl.py', '--cfg-path', '/tmp/tmpog1of_h6']
[2024-04-14T08:33:59.945+0000] {standard_task_runner.py:91} INFO - Job 76: Subtask create_aggr_bq_table
[2024-04-14T08:34:00.006+0000] {task_command.py:426} INFO - Running <TaskInstance: etl.create_aggr_bq_table manual__2024-04-14T05:09:56.705108+00:00 [running]> on host 2ce858e27684
[2024-04-14T08:34:00.186+0000] {taskinstance.py:2644} INFO - Exporting env vars: AIRFLOW_CTX_DAG_OWNER='***' AIRFLOW_CTX_DAG_ID='etl' AIRFLOW_CTX_TASK_ID='create_aggr_bq_table' AIRFLOW_CTX_EXECUTION_DATE='2024-04-14T05:09:56.705108+00:00' AIRFLOW_CTX_TRY_NUMBER='7' AIRFLOW_CTX_DAG_RUN_ID='manual__2024-04-14T05:09:56.705108+00:00'
[2024-04-14T08:34:00.191+0000] {taskinstance.py:430} INFO - ::endgroup::
[2024-04-14T08:34:00.194+0000] {bigquery.py:1246} INFO - Executing: 
        CREATE OR REPLACE TABLE order.dataset_Finance AS
        SELECT
            No,
            paymenttype
        FROM `dataengineer-415510.order_bazilian.csv`
        GROUP BY No, paymenttype
        
[2024-04-14T08:34:00.212+0000] {connection.py:274} WARNING - Connection schemes (type: google_cloud_platform) shall not contain '_' according to RFC3986.
[2024-04-14T08:34:00.221+0000] {base.py:84} INFO - Using connection ID 'my_gcp_conn' for task execution.
[2024-04-14T08:34:00.224+0000] {logging_mixin.py:188} WARNING - /home/***/.local/lib/python3.12/site-packages/***/providers/google/cloud/operators/bigquery.py:1254 AirflowProviderDeprecationWarning: Call to deprecated method run_query. (Please use `***.providers.google.cloud.hooks.bigquery.BigQueryHook.insert_job`)
[2024-04-14T08:34:00.336+0000] {bigquery.py:1613} INFO - Inserting job ***_1713083640331085_741b8f984f80143a25047e66cd0f8cb5
[2024-04-14T08:34:01.078+0000] {taskinstance.py:441} INFO - ::group::Post task execution logs
[2024-04-14T08:34:01.079+0000] {taskinstance.py:2890} ERROR - Task failed with exception
Traceback (most recent call last):
  File "/home/airflow/.local/lib/python3.12/site-packages/airflow/models/taskinstance.py", line 465, in _execute_task
    result = _execute_callable(context=context, **execute_callable_kwargs)
             ^^^^^^^^^^^^^^^^^^^^^^^^^^^^^^^^^^^^^^^^^^^^^^^^^^^^^^^^^^^^^
  File "/home/airflow/.local/lib/python3.12/site-packages/airflow/models/taskinstance.py", line 432, in _execute_callable
    return execute_callable(context=context, **execute_callable_kwargs)
           ^^^^^^^^^^^^^^^^^^^^^^^^^^^^^^^^^^^^^^^^^^^^^^^^^^^^^^^^^^^^
  File "/home/airflow/.local/lib/python3.12/site-packages/airflow/models/baseoperator.py", line 400, in wrapper
    return func(self, *args, **kwargs)
           ^^^^^^^^^^^^^^^^^^^^^^^^^^^
  File "/home/airflow/.local/lib/python3.12/site-packages/airflow/providers/google/cloud/operators/bigquery.py", line 1254, in execute
    self.job_id = self.hook.run_query(
                  ^^^^^^^^^^^^^^^^^^^^
  File "/home/airflow/.local/lib/python3.12/site-packages/deprecated/classic.py", line 285, in wrapper_function
    return wrapped_(*args_, **kwargs_)
           ^^^^^^^^^^^^^^^^^^^^^^^^^^^
  File "/home/airflow/.local/lib/python3.12/site-packages/airflow/providers/google/cloud/hooks/bigquery.py", line 2258, in run_query
    job = self.insert_job(configuration=configuration, project_id=self.project_id, location=location)
          ^^^^^^^^^^^^^^^^^^^^^^^^^^^^^^^^^^^^^^^^^^^^^^^^^^^^^^^^^^^^^^^^^^^^^^^^^^^^^^^^^^^^^^^^^^^
  File "/home/airflow/.local/lib/python3.12/site-packages/airflow/providers/google/common/hooks/base_google.py", line 485, in inner_wrapper
    return func(self, *args, **kwargs)
           ^^^^^^^^^^^^^^^^^^^^^^^^^^^
  File "/home/airflow/.local/lib/python3.12/site-packages/airflow/providers/google/cloud/hooks/bigquery.py", line 1619, in insert_job
    job_api_repr.result(timeout=timeout, retry=retry)
  File "/home/airflow/.local/lib/python3.12/site-packages/google/cloud/bigquery/job/query.py", line 1590, in result
    do_get_result()
  File "/home/airflow/.local/lib/python3.12/site-packages/google/cloud/bigquery/job/query.py", line 1579, in do_get_result
    super(QueryJob, self).result(retry=retry, timeout=timeout)
  File "/home/airflow/.local/lib/python3.12/site-packages/google/cloud/bigquery/job/base.py", line 971, in result
    return super(_AsyncJob, self).result(timeout=timeout, **kwargs)
           ^^^^^^^^^^^^^^^^^^^^^^^^^^^^^^^^^^^^^^^^^^^^^^^^^^^^^^^^
  File "/home/airflow/.local/lib/python3.12/site-packages/google/api_core/future/polling.py", line 261, in result
    raise self._exception
google.api_core.exceptions.BadRequest: 400 Syntax error: Unexpected keyword ORDER at [2:33]; reason: invalidQuery, location: query, message: Syntax error: Unexpected keyword ORDER at [2:33]

Location: US
Job ID: airflow_1713083640331085_741b8f984f80143a25047e66cd0f8cb5

[2024-04-14T08:34:01.092+0000] {taskinstance.py:1205} INFO - Marking task as FAILED. dag_id=etl, task_id=create_aggr_bq_table, execution_date=20240414T050956, start_date=20240414T083359, end_date=20240414T083401
[2024-04-14T08:34:01.112+0000] {standard_task_runner.py:110} ERROR - Failed to execute job 76 for task create_aggr_bq_table (400 Syntax error: Unexpected keyword ORDER at [2:33]; reason: invalidQuery, location: query, message: Syntax error: Unexpected keyword ORDER at [2:33]

Location: US
Job ID: airflow_1713083640331085_741b8f984f80143a25047e66cd0f8cb5
; 127780)
[2024-04-14T08:34:01.138+0000] {local_task_job_runner.py:240} INFO - Task exited with return code 1
[2024-04-14T08:34:01.170+0000] {taskinstance.py:3482} INFO - 0 downstream tasks scheduled from follow-on schedule check
[2024-04-14T08:34:01.182+0000] {local_task_job_runner.py:222} INFO - ::endgroup::
