[2024-04-24T16:17:21.583+0000] {local_task_job_runner.py:120} INFO - ::group::Pre task execution logs
[2024-04-24T16:17:21.728+0000] {taskinstance.py:2073} INFO - Dependencies all met for dep_context=non-requeueable deps ti=<TaskInstance: etl.upload_file_products scheduled__2024-04-22T00:00:00+00:00 [queued]>
[2024-04-24T16:17:21.873+0000] {taskinstance.py:2073} INFO - Dependencies all met for dep_context=requeueable deps ti=<TaskInstance: etl.upload_file_products scheduled__2024-04-22T00:00:00+00:00 [queued]>
[2024-04-24T16:17:21.886+0000] {taskinstance.py:2303} INFO - Starting attempt 1 of 1
[2024-04-24T16:17:22.057+0000] {taskinstance.py:2327} INFO - Executing <Task(LocalFilesystemToGCSOperator): upload_file_products> on 2024-04-22 00:00:00+00:00
[2024-04-24T16:17:22.475+0000] {standard_task_runner.py:90} INFO - Running: ['***', 'tasks', 'run', 'etl', 'upload_file_products', 'scheduled__2024-04-22T00:00:00+00:00', '--job-id', '248', '--raw', '--subdir', 'DAGS_FOLDER/etl.py', '--cfg-path', '/tmp/tmpmjokpwat']
[2024-04-24T16:17:22.809+0000] {standard_task_runner.py:91} INFO - Job 248: Subtask upload_file_products
[2024-04-24T16:17:22.873+0000] {logging_mixin.py:188} WARNING - /home/***/.local/lib/python3.12/site-packages/***/task/task_runner/standard_task_runner.py:61 DeprecationWarning: This process (pid=252) is multi-threaded, use of fork() may lead to deadlocks in the child.
[2024-04-24T16:17:22.907+0000] {standard_task_runner.py:63} INFO - Started process 393 to run task
[2024-04-24T16:17:23.851+0000] {task_command.py:426} INFO - Running <TaskInstance: etl.upload_file_products scheduled__2024-04-22T00:00:00+00:00 [running]> on host af114bcfa67a
[2024-04-24T16:17:27.525+0000] {taskinstance.py:2644} INFO - Exporting env vars: AIRFLOW_CTX_DAG_OWNER='***' AIRFLOW_CTX_DAG_ID='etl' AIRFLOW_CTX_TASK_ID='upload_file_products' AIRFLOW_CTX_EXECUTION_DATE='2024-04-22T00:00:00+00:00' AIRFLOW_CTX_TRY_NUMBER='1' AIRFLOW_CTX_DAG_RUN_ID='scheduled__2024-04-22T00:00:00+00:00'
[2024-04-24T16:17:27.583+0000] {taskinstance.py:430} INFO - ::endgroup::
[2024-04-24T16:17:27.834+0000] {connection.py:274} WARNING - Connection schemes (type: google_cloud_platform) shall not contain '_' according to RFC3986.
[2024-04-24T16:17:28.046+0000] {base.py:84} INFO - Using connection ID 'my_gcp_conn' for task execution.
[2024-04-24T16:17:37.501+0000] {gcs.py:557} INFO - File /opt/***/dags/data/olist_products_dataset.csv uploaded to olist_products_dataset.csv in swu-ds-525-112233 bucket
[2024-04-24T16:17:37.504+0000] {taskinstance.py:441} INFO - ::group::Post task execution logs
[2024-04-24T16:17:37.692+0000] {taskinstance.py:1205} INFO - Marking task as SUCCESS. dag_id=etl, task_id=upload_file_products, execution_date=20240422T000000, start_date=20240424T161721, end_date=20240424T161737
[2024-04-24T16:17:38.678+0000] {local_task_job_runner.py:240} INFO - Task exited with return code 0
[2024-04-24T16:17:41.172+0000] {taskinstance.py:3482} INFO - 0 downstream tasks scheduled from follow-on schedule check
[2024-04-24T16:17:41.385+0000] {local_task_job_runner.py:222} INFO - ::endgroup::
