[2024-04-14T15:48:45.296+0000] {local_task_job_runner.py:120} INFO - ::group::Pre task execution logs
[2024-04-14T15:48:45.309+0000] {taskinstance.py:2073} INFO - Dependencies all met for dep_context=non-requeueable deps ti=<TaskInstance: etl.create_order_dataset manual__2024-04-14T15:48:31.177101+00:00 [queued]>
[2024-04-14T15:48:45.315+0000] {taskinstance.py:2073} INFO - Dependencies all met for dep_context=requeueable deps ti=<TaskInstance: etl.create_order_dataset manual__2024-04-14T15:48:31.177101+00:00 [queued]>
[2024-04-14T15:48:45.316+0000] {taskinstance.py:2303} INFO - Starting attempt 1 of 1
[2024-04-14T15:48:45.330+0000] {taskinstance.py:2327} INFO - Executing <Task(BigQueryCreateEmptyDatasetOperator): create_order_dataset> on 2024-04-14 15:48:31.177101+00:00
[2024-04-14T15:48:45.340+0000] {standard_task_runner.py:90} INFO - Running: ['***', 'tasks', 'run', 'etl', 'create_order_dataset', 'manual__2024-04-14T15:48:31.177101+00:00', '--job-id', '149', '--raw', '--subdir', 'DAGS_FOLDER/etl.py', '--cfg-path', '/tmp/tmpfsllrkim']
[2024-04-14T15:48:45.346+0000] {standard_task_runner.py:91} INFO - Job 149: Subtask create_order_dataset
[2024-04-14T15:48:45.345+0000] {logging_mixin.py:188} WARNING - /home/***/.local/lib/python3.12/site-packages/***/task/task_runner/standard_task_runner.py:61 DeprecationWarning: This process (pid=967) is multi-threaded, use of fork() may lead to deadlocks in the child.
[2024-04-14T15:48:45.347+0000] {standard_task_runner.py:63} INFO - Started process 969 to run task
[2024-04-14T15:48:45.391+0000] {task_command.py:426} INFO - Running <TaskInstance: etl.create_order_dataset manual__2024-04-14T15:48:31.177101+00:00 [running]> on host 2ce858e27684
[2024-04-14T15:48:45.470+0000] {taskinstance.py:2644} INFO - Exporting env vars: AIRFLOW_CTX_DAG_OWNER='***' AIRFLOW_CTX_DAG_ID='etl' AIRFLOW_CTX_TASK_ID='create_order_dataset' AIRFLOW_CTX_EXECUTION_DATE='2024-04-14T15:48:31.177101+00:00' AIRFLOW_CTX_TRY_NUMBER='1' AIRFLOW_CTX_DAG_RUN_ID='manual__2024-04-14T15:48:31.177101+00:00'
[2024-04-14T15:48:45.471+0000] {taskinstance.py:430} INFO - ::endgroup::
[2024-04-14T15:48:45.478+0000] {connection.py:274} WARNING - Connection schemes (type: google_cloud_platform) shall not contain '_' according to RFC3986.
[2024-04-14T15:48:45.482+0000] {base.py:84} INFO - Using connection ID 'my_gcp_conn' for task execution.
[2024-04-14T15:48:45.529+0000] {bigquery.py:470} INFO - datasetId was not specified in `dataset_reference`. Will use default value order.
[2024-04-14T15:48:45.529+0000] {bigquery.py:470} INFO - projectId was not specified in `dataset_reference`. Will use default value dataengineer-415510.
[2024-04-14T15:48:45.529+0000] {bigquery.py:481} INFO - Creating dataset: order in project: dataengineer-415510 
[2024-04-14T15:48:46.038+0000] {bigquery.py:2045} INFO - Dataset order already exists.
[2024-04-14T15:48:46.071+0000] {taskinstance.py:441} INFO - ::group::Post task execution logs
[2024-04-14T15:48:46.088+0000] {taskinstance.py:1205} INFO - Marking task as SUCCESS. dag_id=etl, task_id=create_order_dataset, execution_date=20240414T154831, start_date=20240414T154845, end_date=20240414T154846
[2024-04-14T15:48:46.145+0000] {local_task_job_runner.py:240} INFO - Task exited with return code 0
[2024-04-14T15:48:46.156+0000] {logging_mixin.py:188} WARNING - /home/***/.local/lib/python3.12/site-packages/***/models/baseoperator.py:1296 AirflowProviderDeprecationWarning: Call to deprecated class BigQueryExecuteQueryOperator. (This operator is deprecated. Please use `BigQueryInsertJobOperator`.)
[2024-04-14T15:48:46.176+0000] {taskinstance.py:3482} INFO - 1 downstream tasks scheduled from follow-on schedule check
[2024-04-14T15:48:46.183+0000] {local_task_job_runner.py:222} INFO - ::endgroup::
