[2024-04-22T06:36:30.165+0000] {local_task_job_runner.py:120} INFO - ::group::Pre task execution logs
[2024-04-22T06:36:30.274+0000] {taskinstance.py:2073} INFO - Dependencies all met for dep_context=non-requeueable deps ti=<TaskInstance: etl.upload_file_name manual__2024-04-22T06:33:02.563052+00:00 [queued]>
[2024-04-22T06:36:30.344+0000] {taskinstance.py:2073} INFO - Dependencies all met for dep_context=requeueable deps ti=<TaskInstance: etl.upload_file_name manual__2024-04-22T06:33:02.563052+00:00 [queued]>
[2024-04-22T06:36:30.345+0000] {taskinstance.py:2303} INFO - Starting attempt 1 of 1
[2024-04-22T06:36:30.428+0000] {taskinstance.py:2327} INFO - Executing <Task(LocalFilesystemToGCSOperator): upload_file_name> on 2024-04-22 06:33:02.563052+00:00
[2024-04-22T06:36:30.505+0000] {logging_mixin.py:188} WARNING - /home/***/.local/lib/python3.12/site-packages/***/task/task_runner/standard_task_runner.py:61 DeprecationWarning: This process (pid=3241) is multi-threaded, use of fork() may lead to deadlocks in the child.
[2024-04-22T06:36:30.517+0000] {standard_task_runner.py:63} INFO - Started process 3309 to run task
[2024-04-22T06:36:30.499+0000] {standard_task_runner.py:90} INFO - Running: ['***', 'tasks', 'run', 'etl', 'upload_file_name', 'manual__2024-04-22T06:33:02.563052+00:00', '--job-id', '207', '--raw', '--subdir', 'DAGS_FOLDER/etl.py', '--cfg-path', '/tmp/tmp07jaqei1']
[2024-04-22T06:36:30.532+0000] {standard_task_runner.py:91} INFO - Job 207: Subtask upload_file_name
[2024-04-22T06:36:30.790+0000] {task_command.py:426} INFO - Running <TaskInstance: etl.upload_file_name manual__2024-04-22T06:33:02.563052+00:00 [running]> on host af114bcfa67a
[2024-04-22T06:36:46.770+0000] {taskinstance.py:2644} INFO - Exporting env vars: AIRFLOW_CTX_DAG_OWNER='***' AIRFLOW_CTX_DAG_ID='etl' AIRFLOW_CTX_TASK_ID='upload_file_name' AIRFLOW_CTX_EXECUTION_DATE='2024-04-22T06:33:02.563052+00:00' AIRFLOW_CTX_TRY_NUMBER='1' AIRFLOW_CTX_DAG_RUN_ID='manual__2024-04-22T06:33:02.563052+00:00'
[2024-04-22T06:36:46.783+0000] {taskinstance.py:430} INFO - ::endgroup::
[2024-04-22T06:36:46.907+0000] {connection.py:274} WARNING - Connection schemes (type: google_cloud_platform) shall not contain '_' according to RFC3986.
[2024-04-22T06:36:46.949+0000] {base.py:84} INFO - Using connection ID 'my_gcp_conn' for task execution.
[2024-04-22T06:36:49.371+0000] {gcs.py:557} INFO - File /opt/***/dags/data/product_category_name_translation.csv uploaded to product_category_name_translation.csv in swu-ds-525-112233 bucket
[2024-04-22T06:36:49.372+0000] {taskinstance.py:441} INFO - ::group::Post task execution logs
[2024-04-22T06:36:49.392+0000] {taskinstance.py:1205} INFO - Marking task as SUCCESS. dag_id=etl, task_id=upload_file_name, execution_date=20240422T063302, start_date=20240422T063630, end_date=20240422T063649
[2024-04-22T06:36:49.914+0000] {local_task_job_runner.py:240} INFO - Task exited with return code 0
[2024-04-22T06:36:50.549+0000] {taskinstance.py:3482} INFO - 0 downstream tasks scheduled from follow-on schedule check
[2024-04-22T06:36:50.579+0000] {local_task_job_runner.py:222} INFO - ::endgroup::
