[2024-04-25T12:08:22.001+0000] {local_task_job_runner.py:120} INFO - ::group::Pre task execution logs
[2024-04-25T12:08:22.152+0000] {taskinstance.py:2073} INFO - Dependencies all met for dep_context=non-requeueable deps ti=<TaskInstance: etl.gcs_to_bq_translation scheduled__2024-04-24T00:00:00+00:00 [queued]>
[2024-04-25T12:08:22.229+0000] {taskinstance.py:2073} INFO - Dependencies all met for dep_context=requeueable deps ti=<TaskInstance: etl.gcs_to_bq_translation scheduled__2024-04-24T00:00:00+00:00 [queued]>
[2024-04-25T12:08:22.242+0000] {taskinstance.py:2303} INFO - Starting attempt 1 of 1
[2024-04-25T12:08:22.304+0000] {taskinstance.py:2327} INFO - Executing <Task(GCSToBigQueryOperator): gcs_to_bq_translation> on 2024-04-24 00:00:00+00:00
[2024-04-25T12:08:22.458+0000] {standard_task_runner.py:90} INFO - Running: ['***', 'tasks', 'run', 'etl', 'gcs_to_bq_translation', 'scheduled__2024-04-24T00:00:00+00:00', '--job-id', '322', '--raw', '--subdir', 'DAGS_FOLDER/etl.py', '--cfg-path', '/tmp/tmp7n73tpf1']
[2024-04-25T12:08:22.487+0000] {standard_task_runner.py:91} INFO - Job 322: Subtask gcs_to_bq_translation
[2024-04-25T12:08:22.508+0000] {logging_mixin.py:188} WARNING - /home/***/.local/lib/python3.12/site-packages/***/task/task_runner/standard_task_runner.py:61 DeprecationWarning: This process (pid=472) is multi-threaded, use of fork() may lead to deadlocks in the child.
[2024-04-25T12:08:22.527+0000] {standard_task_runner.py:63} INFO - Started process 635 to run task
[2024-04-25T12:08:22.869+0000] {task_command.py:426} INFO - Running <TaskInstance: etl.gcs_to_bq_translation scheduled__2024-04-24T00:00:00+00:00 [running]> on host 204d0a7369e0
[2024-04-25T12:08:23.656+0000] {taskinstance.py:2644} INFO - Exporting env vars: AIRFLOW_CTX_DAG_OWNER='***' AIRFLOW_CTX_DAG_ID='etl' AIRFLOW_CTX_TASK_ID='gcs_to_bq_translation' AIRFLOW_CTX_EXECUTION_DATE='2024-04-24T00:00:00+00:00' AIRFLOW_CTX_TRY_NUMBER='1' AIRFLOW_CTX_DAG_RUN_ID='scheduled__2024-04-24T00:00:00+00:00'
[2024-04-25T12:08:23.659+0000] {taskinstance.py:430} INFO - ::endgroup::
[2024-04-25T12:08:23.736+0000] {connection.py:274} WARNING - Connection schemes (type: google_cloud_platform) shall not contain '_' according to RFC3986.
[2024-04-25T12:08:23.790+0000] {base.py:84} INFO - Using connection ID 'my_gcp_conn' for task execution.
[2024-04-25T12:08:23.804+0000] {gcs_to_bigquery.py:379} INFO - Using existing BigQuery table for storing data...
[2024-04-25T12:08:24.328+0000] {bigquery.py:2328} INFO - Project is not included in destination_project_dataset_table: order.product_category_name_translation; using project "dataengineer-415510"
[2024-04-25T12:08:24.345+0000] {gcs_to_bigquery.py:383} INFO - Executing: {'load': {'autodetect': True, 'createDisposition': 'CREATE_IF_NEEDED', 'destinationTable': {'projectId': 'dataengineer-415510', 'datasetId': 'order', 'tableId': 'product_category_name_translation'}, 'sourceFormat': 'CSV', 'sourceUris': ['gs://swu-ds-525-112233/product_category_name_translation.csv'], 'writeDisposition': 'WRITE_TRUNCATE', 'ignoreUnknownValues': False, 'skipLeadingRows': None, 'fieldDelimiter': ',', 'quote': None, 'allowQuotedNewlines': False, 'encoding': 'UTF-8'}}
[2024-04-25T12:08:24.352+0000] {bigquery.py:1613} INFO - Inserting job ***_etl_gcs_to_bq_translation_2024_04_24T00_00_00_00_00_49ff4111a114aa7b7163c2ef6f419bcf
[2024-04-25T12:08:36.962+0000] {taskinstance.py:441} INFO - ::group::Post task execution logs
[2024-04-25T12:08:36.970+0000] {taskinstance.py:1205} INFO - Marking task as SUCCESS. dag_id=etl, task_id=gcs_to_bq_translation, execution_date=20240424T000000, start_date=20240425T120822, end_date=20240425T120836
[2024-04-25T12:08:37.025+0000] {local_task_job_runner.py:240} INFO - Task exited with return code 0
[2024-04-25T12:08:37.036+0000] {taskinstance.py:3482} INFO - 0 downstream tasks scheduled from follow-on schedule check
[2024-04-25T12:08:37.043+0000] {local_task_job_runner.py:222} INFO - ::endgroup::
