[2024-04-24T16:17:53.788+0000] {local_task_job_runner.py:120} INFO - ::group::Pre task execution logs
[2024-04-24T16:17:53.816+0000] {taskinstance.py:2073} INFO - Dependencies all met for dep_context=non-requeueable deps ti=<TaskInstance: etl.upload_file_name scheduled__2024-04-23T00:00:00+00:00 [queued]>
[2024-04-24T16:17:53.836+0000] {taskinstance.py:2073} INFO - Dependencies all met for dep_context=requeueable deps ti=<TaskInstance: etl.upload_file_name scheduled__2024-04-23T00:00:00+00:00 [queued]>
[2024-04-24T16:17:53.842+0000] {taskinstance.py:2303} INFO - Starting attempt 1 of 1
[2024-04-24T16:17:53.875+0000] {taskinstance.py:2327} INFO - Executing <Task(LocalFilesystemToGCSOperator): upload_file_name> on 2024-04-23 00:00:00+00:00
[2024-04-24T16:17:53.938+0000] {standard_task_runner.py:90} INFO - Running: ['***', 'tasks', 'run', 'etl', 'upload_file_name', 'scheduled__2024-04-23T00:00:00+00:00', '--job-id', '262', '--raw', '--subdir', 'DAGS_FOLDER/etl.py', '--cfg-path', '/tmp/tmp54w071h8']
[2024-04-24T16:17:53.946+0000] {standard_task_runner.py:91} INFO - Job 262: Subtask upload_file_name
[2024-04-24T16:17:53.959+0000] {logging_mixin.py:188} WARNING - /home/***/.local/lib/python3.12/site-packages/***/task/task_runner/standard_task_runner.py:61 DeprecationWarning: This process (pid=432) is multi-threaded, use of fork() may lead to deadlocks in the child.
[2024-04-24T16:17:53.964+0000] {standard_task_runner.py:63} INFO - Started process 631 to run task
[2024-04-24T16:17:54.090+0000] {task_command.py:426} INFO - Running <TaskInstance: etl.upload_file_name scheduled__2024-04-23T00:00:00+00:00 [running]> on host af114bcfa67a
[2024-04-24T16:17:54.397+0000] {taskinstance.py:2644} INFO - Exporting env vars: AIRFLOW_CTX_DAG_OWNER='***' AIRFLOW_CTX_DAG_ID='etl' AIRFLOW_CTX_TASK_ID='upload_file_name' AIRFLOW_CTX_EXECUTION_DATE='2024-04-23T00:00:00+00:00' AIRFLOW_CTX_TRY_NUMBER='1' AIRFLOW_CTX_DAG_RUN_ID='scheduled__2024-04-23T00:00:00+00:00'
[2024-04-24T16:17:54.399+0000] {taskinstance.py:430} INFO - ::endgroup::
[2024-04-24T16:17:54.416+0000] {connection.py:274} WARNING - Connection schemes (type: google_cloud_platform) shall not contain '_' according to RFC3986.
[2024-04-24T16:17:54.429+0000] {base.py:84} INFO - Using connection ID 'my_gcp_conn' for task execution.
[2024-04-24T16:17:55.037+0000] {gcs.py:557} INFO - File /opt/***/dags/data/product_category_name_translation.csv uploaded to product_category_name_translation.csv in swu-ds-525-112233 bucket
[2024-04-24T16:17:55.038+0000] {taskinstance.py:441} INFO - ::group::Post task execution logs
[2024-04-24T16:17:55.061+0000] {taskinstance.py:1205} INFO - Marking task as SUCCESS. dag_id=etl, task_id=upload_file_name, execution_date=20240423T000000, start_date=20240424T161753, end_date=20240424T161755
[2024-04-24T16:17:55.169+0000] {local_task_job_runner.py:240} INFO - Task exited with return code 0
[2024-04-24T16:17:55.362+0000] {taskinstance.py:3482} INFO - 0 downstream tasks scheduled from follow-on schedule check
[2024-04-24T16:17:55.373+0000] {local_task_job_runner.py:222} INFO - ::endgroup::
