[2024-04-22T06:36:31.404+0000] {local_task_job_runner.py:120} INFO - ::group::Pre task execution logs
[2024-04-22T06:36:31.569+0000] {taskinstance.py:2073} INFO - Dependencies all met for dep_context=non-requeueable deps ti=<TaskInstance: etl.upload_file_items manual__2024-04-22T06:33:02.563052+00:00 [queued]>
[2024-04-22T06:36:31.631+0000] {taskinstance.py:2073} INFO - Dependencies all met for dep_context=requeueable deps ti=<TaskInstance: etl.upload_file_items manual__2024-04-22T06:33:02.563052+00:00 [queued]>
[2024-04-22T06:36:31.639+0000] {taskinstance.py:2303} INFO - Starting attempt 1 of 1
[2024-04-22T06:36:31.744+0000] {taskinstance.py:2327} INFO - Executing <Task(LocalFilesystemToGCSOperator): upload_file_items> on 2024-04-22 06:33:02.563052+00:00
[2024-04-22T06:36:31.905+0000] {logging_mixin.py:188} WARNING - /home/***/.local/lib/python3.12/site-packages/***/task/task_runner/standard_task_runner.py:61 DeprecationWarning: This process (pid=3246) is multi-threaded, use of fork() may lead to deadlocks in the child.
[2024-04-22T06:36:31.992+0000] {standard_task_runner.py:63} INFO - Started process 3322 to run task
[2024-04-22T06:36:31.926+0000] {standard_task_runner.py:90} INFO - Running: ['***', 'tasks', 'run', 'etl', 'upload_file_items', 'manual__2024-04-22T06:33:02.563052+00:00', '--job-id', '214', '--raw', '--subdir', 'DAGS_FOLDER/etl.py', '--cfg-path', '/tmp/tmpxzxywra2']
[2024-04-22T06:36:31.998+0000] {standard_task_runner.py:91} INFO - Job 214: Subtask upload_file_items
[2024-04-22T06:36:32.440+0000] {task_command.py:426} INFO - Running <TaskInstance: etl.upload_file_items manual__2024-04-22T06:33:02.563052+00:00 [running]> on host af114bcfa67a
[2024-04-22T06:36:48.144+0000] {taskinstance.py:2644} INFO - Exporting env vars: AIRFLOW_CTX_DAG_OWNER='***' AIRFLOW_CTX_DAG_ID='etl' AIRFLOW_CTX_TASK_ID='upload_file_items' AIRFLOW_CTX_EXECUTION_DATE='2024-04-22T06:33:02.563052+00:00' AIRFLOW_CTX_TRY_NUMBER='1' AIRFLOW_CTX_DAG_RUN_ID='manual__2024-04-22T06:33:02.563052+00:00'
[2024-04-22T06:36:48.148+0000] {taskinstance.py:430} INFO - ::endgroup::
[2024-04-22T06:36:48.311+0000] {connection.py:274} WARNING - Connection schemes (type: google_cloud_platform) shall not contain '_' according to RFC3986.
[2024-04-22T06:36:48.356+0000] {base.py:84} INFO - Using connection ID 'my_gcp_conn' for task execution.
[2024-04-22T06:36:50.331+0000] {gcs.py:557} INFO - File /opt/***/dags/data/olist_order_items_dataset.csv uploaded to olist_order_items_dataset.csv in swu-ds-525-112233 bucket
[2024-04-22T06:36:50.334+0000] {taskinstance.py:441} INFO - ::group::Post task execution logs
[2024-04-22T06:36:50.373+0000] {taskinstance.py:1205} INFO - Marking task as SUCCESS. dag_id=etl, task_id=upload_file_items, execution_date=20240422T063302, start_date=20240422T063631, end_date=20240422T063650
[2024-04-22T06:36:53.529+0000] {local_task_job_runner.py:240} INFO - Task exited with return code 0
[2024-04-22T06:36:57.231+0000] {taskinstance.py:3482} INFO - 0 downstream tasks scheduled from follow-on schedule check
[2024-04-22T06:36:57.249+0000] {local_task_job_runner.py:222} INFO - ::endgroup::
