[2024-04-14T08:20:12.213+0000] {local_task_job_runner.py:120} INFO - ::group::Pre task execution logs
[2024-04-14T08:20:12.232+0000] {taskinstance.py:2073} INFO - Dependencies all met for dep_context=non-requeueable deps ti=<TaskInstance: etl.get_files manual__2024-04-14T05:09:56.705108+00:00 [queued]>
[2024-04-14T08:20:12.242+0000] {taskinstance.py:2073} INFO - Dependencies all met for dep_context=requeueable deps ti=<TaskInstance: etl.get_files manual__2024-04-14T05:09:56.705108+00:00 [queued]>
[2024-04-14T08:20:12.242+0000] {taskinstance.py:2303} INFO - Starting attempt 6 of 6
[2024-04-14T08:20:12.262+0000] {taskinstance.py:2327} INFO - Executing <Task(PythonOperator): get_files> on 2024-04-14 05:09:56.705108+00:00
[2024-04-14T08:20:12.275+0000] {logging_mixin.py:188} WARNING - /home/***/.local/lib/python3.12/site-packages/***/task/task_runner/standard_task_runner.py:61 DeprecationWarning: This process (pid=120352) is multi-threaded, use of fork() may lead to deadlocks in the child.
[2024-04-14T08:20:12.276+0000] {standard_task_runner.py:63} INFO - Started process 120382 to run task
[2024-04-14T08:20:12.280+0000] {standard_task_runner.py:90} INFO - Running: ['***', 'tasks', 'run', 'etl', 'get_files', 'manual__2024-04-14T05:09:56.705108+00:00', '--job-id', '71', '--raw', '--subdir', 'DAGS_FOLDER/etl.py', '--cfg-path', '/tmp/tmp23uizp19']
[2024-04-14T08:20:12.281+0000] {standard_task_runner.py:91} INFO - Job 71: Subtask get_files
[2024-04-14T08:20:12.362+0000] {task_command.py:426} INFO - Running <TaskInstance: etl.get_files manual__2024-04-14T05:09:56.705108+00:00 [running]> on host 2ce858e27684
[2024-04-14T08:20:12.490+0000] {taskinstance.py:2644} INFO - Exporting env vars: AIRFLOW_CTX_DAG_OWNER='***' AIRFLOW_CTX_DAG_ID='etl' AIRFLOW_CTX_TASK_ID='get_files' AIRFLOW_CTX_EXECUTION_DATE='2024-04-14T05:09:56.705108+00:00' AIRFLOW_CTX_TRY_NUMBER='6' AIRFLOW_CTX_DAG_RUN_ID='manual__2024-04-14T05:09:56.705108+00:00'
[2024-04-14T08:20:12.511+0000] {taskinstance.py:430} INFO - ::endgroup::
[2024-04-14T08:20:12.512+0000] {logging_mixin.py:188} INFO - 1 files found in /opt/***/dags/data
[2024-04-14T08:20:12.512+0000] {python.py:237} INFO - Done. Returned value was: ['/opt/***/dags/data/order_bazilian.csv']
[2024-04-14T08:20:12.513+0000] {taskinstance.py:441} INFO - ::group::Post task execution logs
[2024-04-14T08:20:12.569+0000] {taskinstance.py:1205} INFO - Marking task as SUCCESS. dag_id=etl, task_id=get_files, execution_date=20240414T050956, start_date=20240414T082012, end_date=20240414T082012
[2024-04-14T08:20:12.619+0000] {local_task_job_runner.py:240} INFO - Task exited with return code 0
[2024-04-14T08:20:12.629+0000] {logging_mixin.py:188} WARNING - /home/***/.local/lib/python3.12/site-packages/***/models/baseoperator.py:1296 AirflowProviderDeprecationWarning: Call to deprecated class BigQueryExecuteQueryOperator. (This operator is deprecated. Please use `BigQueryInsertJobOperator`.)
[2024-04-14T08:20:12.647+0000] {taskinstance.py:3482} INFO - 1 downstream tasks scheduled from follow-on schedule check
[2024-04-14T08:20:12.653+0000] {local_task_job_runner.py:222} INFO - ::endgroup::
