[2024-04-14T05:58:06.010+0000] {local_task_job_runner.py:120} INFO - ::group::Pre task execution logs
[2024-04-14T05:58:06.049+0000] {taskinstance.py:2073} INFO - Dependencies all met for dep_context=non-requeueable deps ti=<TaskInstance: etl.create_tables manual__2024-04-14T05:09:56.705108+00:00 [queued]>
[2024-04-14T05:58:06.057+0000] {taskinstance.py:2073} INFO - Dependencies all met for dep_context=requeueable deps ti=<TaskInstance: etl.create_tables manual__2024-04-14T05:09:56.705108+00:00 [queued]>
[2024-04-14T05:58:06.058+0000] {taskinstance.py:2303} INFO - Starting attempt 3 of 3
[2024-04-14T05:58:06.082+0000] {taskinstance.py:2327} INFO - Executing <Task(PythonOperator): create_tables> on 2024-04-14 05:09:56.705108+00:00
[2024-04-14T05:58:06.102+0000] {logging_mixin.py:188} WARNING - /home/***/.local/lib/python3.12/site-packages/***/task/task_runner/standard_task_runner.py:61 DeprecationWarning: This process (pid=45772) is multi-threaded, use of fork() may lead to deadlocks in the child.
[2024-04-14T05:58:06.107+0000] {standard_task_runner.py:63} INFO - Started process 45809 to run task
[2024-04-14T05:58:06.106+0000] {standard_task_runner.py:90} INFO - Running: ['***', 'tasks', 'run', 'etl', 'create_tables', 'manual__2024-04-14T05:09:56.705108+00:00', '--job-id', '47', '--raw', '--subdir', 'DAGS_FOLDER/etl.py', '--cfg-path', '/tmp/tmp0qfla_uj']
[2024-04-14T05:58:06.108+0000] {standard_task_runner.py:91} INFO - Job 47: Subtask create_tables
[2024-04-14T05:58:06.163+0000] {task_command.py:426} INFO - Running <TaskInstance: etl.create_tables manual__2024-04-14T05:09:56.705108+00:00 [running]> on host 2ce858e27684
[2024-04-14T05:58:06.634+0000] {taskinstance.py:2644} INFO - Exporting env vars: AIRFLOW_CTX_DAG_OWNER='***' AIRFLOW_CTX_DAG_ID='etl' AIRFLOW_CTX_TASK_ID='create_tables' AIRFLOW_CTX_EXECUTION_DATE='2024-04-14T05:09:56.705108+00:00' AIRFLOW_CTX_TRY_NUMBER='3' AIRFLOW_CTX_DAG_RUN_ID='manual__2024-04-14T05:09:56.705108+00:00'
[2024-04-14T05:58:06.635+0000] {taskinstance.py:430} INFO - ::endgroup::
[2024-04-14T05:58:06.645+0000] {taskinstance.py:441} INFO - ::group::Post task execution logs
[2024-04-14T05:58:06.658+0000] {taskinstance.py:2890} ERROR - Task failed with exception
Traceback (most recent call last):
  File "/home/airflow/.local/lib/python3.12/site-packages/airflow/models/taskinstance.py", line 465, in _execute_task
    result = _execute_callable(context=context, **execute_callable_kwargs)
             ^^^^^^^^^^^^^^^^^^^^^^^^^^^^^^^^^^^^^^^^^^^^^^^^^^^^^^^^^^^^^
  File "/home/airflow/.local/lib/python3.12/site-packages/airflow/models/taskinstance.py", line 432, in _execute_callable
    return execute_callable(context=context, **execute_callable_kwargs)
           ^^^^^^^^^^^^^^^^^^^^^^^^^^^^^^^^^^^^^^^^^^^^^^^^^^^^^^^^^^^^
  File "/home/airflow/.local/lib/python3.12/site-packages/airflow/models/baseoperator.py", line 400, in wrapper
    return func(self, *args, **kwargs)
           ^^^^^^^^^^^^^^^^^^^^^^^^^^^
  File "/home/airflow/.local/lib/python3.12/site-packages/airflow/operators/python.py", line 235, in execute
    return_value = self.execute_callable()
                   ^^^^^^^^^^^^^^^^^^^^^^^
  File "/home/airflow/.local/lib/python3.12/site-packages/airflow/operators/python.py", line 252, in execute_callable
    return self.python_callable(*self.op_args, **self.op_kwargs)
           ^^^^^^^^^^^^^^^^^^^^^^^^^^^^^^^^^^^^^^^^^^^^^^^^^^^^^
  File "/opt/airflow/dags/etl.py", line 61, in _create_table
    conn = hook.get_conn()
           ^^^^^^^^^^^^^^^
  File "/home/airflow/.local/lib/python3.12/site-packages/airflow/providers/postgres/hooks/postgres.py", line 131, in get_conn
    conn = deepcopy(self.connection or self.get_connection(conn_id))
                                       ^^^^^^^^^^^^^^^^^^^^^^^^^^^^
  File "/home/airflow/.local/lib/python3.12/site-packages/airflow/hooks/base.py", line 83, in get_connection
    conn = Connection.get_connection_from_secrets(conn_id)
           ^^^^^^^^^^^^^^^^^^^^^^^^^^^^^^^^^^^^^^^^^^^^^^^
  File "/home/airflow/.local/lib/python3.12/site-packages/airflow/models/connection.py", line 519, in get_connection_from_secrets
    raise AirflowNotFoundException(f"The conn_id `{conn_id}` isn't defined")
airflow.exceptions.AirflowNotFoundException: The conn_id `my_gcs_conn` isn't defined
[2024-04-14T05:58:06.679+0000] {taskinstance.py:1205} INFO - Marking task as FAILED. dag_id=etl, task_id=create_tables, execution_date=20240414T050956, start_date=20240414T055806, end_date=20240414T055806
[2024-04-14T05:58:06.718+0000] {standard_task_runner.py:110} ERROR - Failed to execute job 47 for task create_tables (The conn_id `my_gcs_conn` isn't defined; 45809)
[2024-04-14T05:58:06.796+0000] {local_task_job_runner.py:240} INFO - Task exited with return code 1
[2024-04-14T05:58:06.868+0000] {taskinstance.py:3482} INFO - 0 downstream tasks scheduled from follow-on schedule check
[2024-04-14T05:58:06.886+0000] {local_task_job_runner.py:222} INFO - ::endgroup::
