[2024-04-14T05:59:41.341+0000] {local_task_job_runner.py:120} INFO - ::group::Pre task execution logs
[2024-04-14T05:59:41.353+0000] {taskinstance.py:2073} INFO - Dependencies all met for dep_context=non-requeueable deps ti=<TaskInstance: etl.create_tables manual__2024-04-14T05:09:56.705108+00:00 [queued]>
[2024-04-14T05:59:41.359+0000] {taskinstance.py:2073} INFO - Dependencies all met for dep_context=requeueable deps ti=<TaskInstance: etl.create_tables manual__2024-04-14T05:09:56.705108+00:00 [queued]>
[2024-04-14T05:59:41.359+0000] {taskinstance.py:2303} INFO - Starting attempt 4 of 4
[2024-04-14T05:59:41.372+0000] {taskinstance.py:2327} INFO - Executing <Task(PythonOperator): create_tables> on 2024-04-14 05:09:56.705108+00:00
[2024-04-14T05:59:41.382+0000] {standard_task_runner.py:90} INFO - Running: ['***', 'tasks', 'run', 'etl', 'create_tables', 'manual__2024-04-14T05:09:56.705108+00:00', '--job-id', '48', '--raw', '--subdir', 'DAGS_FOLDER/etl.py', '--cfg-path', '/tmp/tmpkc737w6b']
[2024-04-14T05:59:41.384+0000] {standard_task_runner.py:91} INFO - Job 48: Subtask create_tables
[2024-04-14T05:59:41.386+0000] {logging_mixin.py:188} WARNING - /home/***/.local/lib/python3.12/site-packages/***/task/task_runner/standard_task_runner.py:61 DeprecationWarning: This process (pid=46644) is multi-threaded, use of fork() may lead to deadlocks in the child.
[2024-04-14T05:59:41.387+0000] {standard_task_runner.py:63} INFO - Started process 46656 to run task
[2024-04-14T05:59:41.422+0000] {task_command.py:426} INFO - Running <TaskInstance: etl.create_tables manual__2024-04-14T05:09:56.705108+00:00 [running]> on host 2ce858e27684
[2024-04-14T05:59:41.684+0000] {taskinstance.py:2644} INFO - Exporting env vars: AIRFLOW_CTX_DAG_OWNER='***' AIRFLOW_CTX_DAG_ID='etl' AIRFLOW_CTX_TASK_ID='create_tables' AIRFLOW_CTX_EXECUTION_DATE='2024-04-14T05:09:56.705108+00:00' AIRFLOW_CTX_TRY_NUMBER='4' AIRFLOW_CTX_DAG_RUN_ID='manual__2024-04-14T05:09:56.705108+00:00'
[2024-04-14T05:59:41.685+0000] {taskinstance.py:430} INFO - ::endgroup::
[2024-04-14T05:59:41.692+0000] {connection.py:274} WARNING - Connection schemes (type: google_cloud_platform) shall not contain '_' according to RFC3986.
[2024-04-14T05:59:41.697+0000] {base.py:84} INFO - Using connection ID 'my_gcp_conn' for task execution.
[2024-04-14T05:59:41.697+0000] {taskinstance.py:441} INFO - ::group::Post task execution logs
[2024-04-14T05:59:41.698+0000] {taskinstance.py:2890} ERROR - Task failed with exception
Traceback (most recent call last):
  File "/home/airflow/.local/lib/python3.12/site-packages/airflow/models/taskinstance.py", line 465, in _execute_task
    result = _execute_callable(context=context, **execute_callable_kwargs)
             ^^^^^^^^^^^^^^^^^^^^^^^^^^^^^^^^^^^^^^^^^^^^^^^^^^^^^^^^^^^^^
  File "/home/airflow/.local/lib/python3.12/site-packages/airflow/models/taskinstance.py", line 432, in _execute_callable
    return execute_callable(context=context, **execute_callable_kwargs)
           ^^^^^^^^^^^^^^^^^^^^^^^^^^^^^^^^^^^^^^^^^^^^^^^^^^^^^^^^^^^^
  File "/home/airflow/.local/lib/python3.12/site-packages/airflow/models/baseoperator.py", line 400, in wrapper
    return func(self, *args, **kwargs)
           ^^^^^^^^^^^^^^^^^^^^^^^^^^^
  File "/home/airflow/.local/lib/python3.12/site-packages/airflow/operators/python.py", line 235, in execute
    return_value = self.execute_callable()
                   ^^^^^^^^^^^^^^^^^^^^^^^
  File "/home/airflow/.local/lib/python3.12/site-packages/airflow/operators/python.py", line 252, in execute_callable
    return self.python_callable(*self.op_args, **self.op_kwargs)
           ^^^^^^^^^^^^^^^^^^^^^^^^^^^^^^^^^^^^^^^^^^^^^^^^^^^^^
  File "/opt/airflow/dags/etl.py", line 61, in _create_table
    conn = hook.get_conn()
           ^^^^^^^^^^^^^^^
  File "/home/airflow/.local/lib/python3.12/site-packages/airflow/providers/postgres/hooks/postgres.py", line 161, in get_conn
    self.conn = psycopg2.connect(**conn_args)
                ^^^^^^^^^^^^^^^^^^^^^^^^^^^^^
  File "/home/airflow/.local/lib/python3.12/site-packages/psycopg2/__init__.py", line 121, in connect
    dsn = _ext.make_dsn(dsn, **kwargs)
          ^^^^^^^^^^^^^^^^^^^^^^^^^^^^
  File "/home/airflow/.local/lib/python3.12/site-packages/psycopg2/extensions.py", line 167, in make_dsn
    parse_dsn(dsn)
psycopg2.ProgrammingError: invalid dsn: invalid connection option "project"

[2024-04-14T05:59:41.713+0000] {taskinstance.py:1205} INFO - Marking task as FAILED. dag_id=etl, task_id=create_tables, execution_date=20240414T050956, start_date=20240414T055941, end_date=20240414T055941
[2024-04-14T05:59:41.726+0000] {standard_task_runner.py:110} ERROR - Failed to execute job 48 for task create_tables (invalid dsn: invalid connection option "project"
; 46656)
[2024-04-14T05:59:41.764+0000] {local_task_job_runner.py:240} INFO - Task exited with return code 1
[2024-04-14T05:59:41.796+0000] {taskinstance.py:3482} INFO - 0 downstream tasks scheduled from follow-on schedule check
[2024-04-14T05:59:41.804+0000] {local_task_job_runner.py:222} INFO - ::endgroup::
