[2024-04-25T12:07:54.854+0000] {local_task_job_runner.py:120} INFO - ::group::Pre task execution logs
[2024-04-25T12:07:54.907+0000] {taskinstance.py:2073} INFO - Dependencies all met for dep_context=non-requeueable deps ti=<TaskInstance: etl.upload_file_items scheduled__2024-04-24T00:00:00+00:00 [queued]>
[2024-04-25T12:07:54.938+0000] {taskinstance.py:2073} INFO - Dependencies all met for dep_context=requeueable deps ti=<TaskInstance: etl.upload_file_items scheduled__2024-04-24T00:00:00+00:00 [queued]>
[2024-04-25T12:07:54.945+0000] {taskinstance.py:2303} INFO - Starting attempt 1 of 1
[2024-04-25T12:07:55.140+0000] {taskinstance.py:2327} INFO - Executing <Task(LocalFilesystemToGCSOperator): upload_file_items> on 2024-04-24 00:00:00+00:00
[2024-04-25T12:07:55.248+0000] {standard_task_runner.py:90} INFO - Running: ['***', 'tasks', 'run', 'etl', 'upload_file_items', 'scheduled__2024-04-24T00:00:00+00:00', '--job-id', '312', '--raw', '--subdir', 'DAGS_FOLDER/etl.py', '--cfg-path', '/tmp/tmp8d0meuug']
[2024-04-25T12:07:55.249+0000] {standard_task_runner.py:91} INFO - Job 312: Subtask upload_file_items
[2024-04-25T12:07:55.314+0000] {logging_mixin.py:188} WARNING - /home/***/.local/lib/python3.12/site-packages/***/task/task_runner/standard_task_runner.py:61 DeprecationWarning: This process (pid=248) is multi-threaded, use of fork() may lead to deadlocks in the child.
[2024-04-25T12:07:55.328+0000] {standard_task_runner.py:63} INFO - Started process 372 to run task
[2024-04-25T12:07:55.655+0000] {task_command.py:426} INFO - Running <TaskInstance: etl.upload_file_items scheduled__2024-04-24T00:00:00+00:00 [running]> on host 204d0a7369e0
[2024-04-25T12:07:56.622+0000] {taskinstance.py:2644} INFO - Exporting env vars: AIRFLOW_CTX_DAG_OWNER='***' AIRFLOW_CTX_DAG_ID='etl' AIRFLOW_CTX_TASK_ID='upload_file_items' AIRFLOW_CTX_EXECUTION_DATE='2024-04-24T00:00:00+00:00' AIRFLOW_CTX_TRY_NUMBER='1' AIRFLOW_CTX_DAG_RUN_ID='scheduled__2024-04-24T00:00:00+00:00'
[2024-04-25T12:07:56.623+0000] {taskinstance.py:430} INFO - ::endgroup::
[2024-04-25T12:07:56.691+0000] {connection.py:274} WARNING - Connection schemes (type: google_cloud_platform) shall not contain '_' according to RFC3986.
[2024-04-25T12:07:56.699+0000] {base.py:84} INFO - Using connection ID 'my_gcp_conn' for task execution.
[2024-04-25T12:07:59.097+0000] {gcs.py:557} INFO - File /opt/***/dags/data/olist_order_items_dataset.csv uploaded to olist_order_items_dataset.csv in swu-ds-525-112233 bucket
[2024-04-25T12:07:59.099+0000] {taskinstance.py:441} INFO - ::group::Post task execution logs
[2024-04-25T12:07:59.119+0000] {taskinstance.py:1205} INFO - Marking task as SUCCESS. dag_id=etl, task_id=upload_file_items, execution_date=20240424T000000, start_date=20240425T120754, end_date=20240425T120759
[2024-04-25T12:07:59.617+0000] {local_task_job_runner.py:240} INFO - Task exited with return code 0
[2024-04-25T12:07:59.981+0000] {taskinstance.py:3482} INFO - 0 downstream tasks scheduled from follow-on schedule check
[2024-04-25T12:08:00.014+0000] {local_task_job_runner.py:222} INFO - ::endgroup::
