[2024-04-22T06:33:32.655+0000] {local_task_job_runner.py:120} INFO - ::group::Pre task execution logs
[2024-04-22T06:33:32.845+0000] {taskinstance.py:2073} INFO - Dependencies all met for dep_context=non-requeueable deps ti=<TaskInstance: etl.upload_file_customers scheduled__2024-04-18T00:00:00+00:00 [queued]>
[2024-04-22T06:33:33.077+0000] {taskinstance.py:2073} INFO - Dependencies all met for dep_context=requeueable deps ti=<TaskInstance: etl.upload_file_customers scheduled__2024-04-18T00:00:00+00:00 [queued]>
[2024-04-22T06:33:33.128+0000] {taskinstance.py:2303} INFO - Starting attempt 1 of 1
[2024-04-22T06:33:33.711+0000] {taskinstance.py:2327} INFO - Executing <Task(LocalFilesystemToGCSOperator): upload_file_customers> on 2024-04-18 00:00:00+00:00
[2024-04-22T06:33:34.008+0000] {standard_task_runner.py:90} INFO - Running: ['***', 'tasks', 'run', 'etl', 'upload_file_customers', 'scheduled__2024-04-18T00:00:00+00:00', '--job-id', '204', '--raw', '--subdir', 'DAGS_FOLDER/etl.py', '--cfg-path', '/tmp/tmpfzji80k1']
[2024-04-22T06:33:34.043+0000] {logging_mixin.py:188} WARNING - /home/***/.local/lib/python3.12/site-packages/***/task/task_runner/standard_task_runner.py:61 DeprecationWarning: This process (pid=2060) is multi-threaded, use of fork() may lead to deadlocks in the child.
[2024-04-22T06:33:34.078+0000] {standard_task_runner.py:63} INFO - Started process 2284 to run task
[2024-04-22T06:33:34.065+0000] {standard_task_runner.py:91} INFO - Job 204: Subtask upload_file_customers
[2024-04-22T06:33:34.760+0000] {task_command.py:426} INFO - Running <TaskInstance: etl.upload_file_customers scheduled__2024-04-18T00:00:00+00:00 [running]> on host af114bcfa67a
[2024-04-22T06:34:00.948+0000] {taskinstance.py:2644} INFO - Exporting env vars: AIRFLOW_CTX_DAG_OWNER='***' AIRFLOW_CTX_DAG_ID='etl' AIRFLOW_CTX_TASK_ID='upload_file_customers' AIRFLOW_CTX_EXECUTION_DATE='2024-04-18T00:00:00+00:00' AIRFLOW_CTX_TRY_NUMBER='1' AIRFLOW_CTX_DAG_RUN_ID='scheduled__2024-04-18T00:00:00+00:00'
[2024-04-22T06:34:00.956+0000] {taskinstance.py:430} INFO - ::endgroup::
[2024-04-22T06:34:01.273+0000] {connection.py:274} WARNING - Connection schemes (type: google_cloud_platform) shall not contain '_' according to RFC3986.
[2024-04-22T06:34:01.407+0000] {base.py:84} INFO - Using connection ID 'my_gcp_conn' for task execution.
[2024-04-22T06:34:06.520+0000] {gcs.py:557} INFO - File /opt/***/dags/data/olist_customers_dataset.csv uploaded to olist_customers_dataset.csv in swu-ds-525-112233 bucket
[2024-04-22T06:34:06.619+0000] {taskinstance.py:441} INFO - ::group::Post task execution logs
[2024-04-22T06:34:06.696+0000] {taskinstance.py:1205} INFO - Marking task as SUCCESS. dag_id=etl, task_id=upload_file_customers, execution_date=20240418T000000, start_date=20240422T063332, end_date=20240422T063406
[2024-04-22T06:34:17.126+0000] {local_task_job_runner.py:240} INFO - Task exited with return code 0
[2024-04-22T06:34:33.705+0000] {taskinstance.py:3482} INFO - 0 downstream tasks scheduled from follow-on schedule check
[2024-04-22T06:34:33.733+0000] {local_task_job_runner.py:222} INFO - ::endgroup::
