[2024-04-24T16:17:25.311+0000] {local_task_job_runner.py:120} INFO - ::group::Pre task execution logs
[2024-04-24T16:17:25.708+0000] {taskinstance.py:2073} INFO - Dependencies all met for dep_context=non-requeueable deps ti=<TaskInstance: etl.upload_file_name scheduled__2024-04-22T00:00:00+00:00 [queued]>
[2024-04-24T16:17:26.516+0000] {taskinstance.py:2073} INFO - Dependencies all met for dep_context=requeueable deps ti=<TaskInstance: etl.upload_file_name scheduled__2024-04-22T00:00:00+00:00 [queued]>
[2024-04-24T16:17:26.551+0000] {taskinstance.py:2303} INFO - Starting attempt 1 of 1
[2024-04-24T16:17:27.119+0000] {taskinstance.py:2327} INFO - Executing <Task(LocalFilesystemToGCSOperator): upload_file_name> on 2024-04-22 00:00:00+00:00
[2024-04-24T16:17:27.598+0000] {standard_task_runner.py:90} INFO - Running: ['***', 'tasks', 'run', 'etl', 'upload_file_name', 'scheduled__2024-04-22T00:00:00+00:00', '--job-id', '252', '--raw', '--subdir', 'DAGS_FOLDER/etl.py', '--cfg-path', '/tmp/tmprprznx89']
[2024-04-24T16:17:27.653+0000] {standard_task_runner.py:91} INFO - Job 252: Subtask upload_file_name
[2024-04-24T16:17:27.775+0000] {logging_mixin.py:188} WARNING - /home/***/.local/lib/python3.12/site-packages/***/task/task_runner/standard_task_runner.py:61 DeprecationWarning: This process (pid=253) is multi-threaded, use of fork() may lead to deadlocks in the child.
[2024-04-24T16:17:27.844+0000] {standard_task_runner.py:63} INFO - Started process 408 to run task
[2024-04-24T16:17:28.791+0000] {task_command.py:426} INFO - Running <TaskInstance: etl.upload_file_name scheduled__2024-04-22T00:00:00+00:00 [running]> on host af114bcfa67a
[2024-04-24T16:17:36.548+0000] {taskinstance.py:2644} INFO - Exporting env vars: AIRFLOW_CTX_DAG_OWNER='***' AIRFLOW_CTX_DAG_ID='etl' AIRFLOW_CTX_TASK_ID='upload_file_name' AIRFLOW_CTX_EXECUTION_DATE='2024-04-22T00:00:00+00:00' AIRFLOW_CTX_TRY_NUMBER='1' AIRFLOW_CTX_DAG_RUN_ID='scheduled__2024-04-22T00:00:00+00:00'
[2024-04-24T16:17:36.575+0000] {taskinstance.py:430} INFO - ::endgroup::
[2024-04-24T16:17:36.826+0000] {connection.py:274} WARNING - Connection schemes (type: google_cloud_platform) shall not contain '_' according to RFC3986.
[2024-04-24T16:17:36.927+0000] {base.py:84} INFO - Using connection ID 'my_gcp_conn' for task execution.
[2024-04-24T16:17:42.415+0000] {gcs.py:557} INFO - File /opt/***/dags/data/product_category_name_translation.csv uploaded to product_category_name_translation.csv in swu-ds-525-112233 bucket
[2024-04-24T16:17:42.419+0000] {taskinstance.py:441} INFO - ::group::Post task execution logs
[2024-04-24T16:17:42.590+0000] {taskinstance.py:1205} INFO - Marking task as SUCCESS. dag_id=etl, task_id=upload_file_name, execution_date=20240422T000000, start_date=20240424T161725, end_date=20240424T161742
[2024-04-24T16:17:43.857+0000] {local_task_job_runner.py:240} INFO - Task exited with return code 0
[2024-04-24T16:17:45.184+0000] {taskinstance.py:3482} INFO - 0 downstream tasks scheduled from follow-on schedule check
[2024-04-24T16:17:45.232+0000] {local_task_job_runner.py:222} INFO - ::endgroup::
