[2024-04-22T06:38:47.382+0000] {local_task_job_runner.py:120} INFO - ::group::Pre task execution logs
[2024-04-22T06:38:47.613+0000] {taskinstance.py:2073} INFO - Dependencies all met for dep_context=non-requeueable deps ti=<TaskInstance: etl.gcs_to_bq_products scheduled__2024-04-18T00:00:00+00:00 [queued]>
[2024-04-22T06:38:47.723+0000] {taskinstance.py:2073} INFO - Dependencies all met for dep_context=requeueable deps ti=<TaskInstance: etl.gcs_to_bq_products scheduled__2024-04-18T00:00:00+00:00 [queued]>
[2024-04-22T06:38:47.741+0000] {taskinstance.py:2303} INFO - Starting attempt 1 of 1
[2024-04-22T06:38:47.915+0000] {taskinstance.py:2327} INFO - Executing <Task(GCSToBigQueryOperator): gcs_to_bq_products> on 2024-04-18 00:00:00+00:00
[2024-04-22T06:38:48.025+0000] {standard_task_runner.py:90} INFO - Running: ['***', 'tasks', 'run', 'etl', 'gcs_to_bq_products', 'scheduled__2024-04-18T00:00:00+00:00', '--job-id', '233', '--raw', '--subdir', 'DAGS_FOLDER/etl.py', '--cfg-path', '/tmp/tmpsn84ncyp']
[2024-04-22T06:38:48.032+0000] {standard_task_runner.py:91} INFO - Job 233: Subtask gcs_to_bq_products
[2024-04-22T06:38:48.031+0000] {logging_mixin.py:188} WARNING - /home/***/.local/lib/python3.12/site-packages/***/task/task_runner/standard_task_runner.py:61 DeprecationWarning: This process (pid=4342) is multi-threaded, use of fork() may lead to deadlocks in the child.
[2024-04-22T06:38:48.063+0000] {standard_task_runner.py:63} INFO - Started process 4473 to run task
[2024-04-22T06:38:48.342+0000] {task_command.py:426} INFO - Running <TaskInstance: etl.gcs_to_bq_products scheduled__2024-04-18T00:00:00+00:00 [running]> on host af114bcfa67a
[2024-04-22T06:38:51.972+0000] {taskinstance.py:2644} INFO - Exporting env vars: AIRFLOW_CTX_DAG_OWNER='***' AIRFLOW_CTX_DAG_ID='etl' AIRFLOW_CTX_TASK_ID='gcs_to_bq_products' AIRFLOW_CTX_EXECUTION_DATE='2024-04-18T00:00:00+00:00' AIRFLOW_CTX_TRY_NUMBER='1' AIRFLOW_CTX_DAG_RUN_ID='scheduled__2024-04-18T00:00:00+00:00'
[2024-04-22T06:38:51.976+0000] {taskinstance.py:430} INFO - ::endgroup::
[2024-04-22T06:38:52.021+0000] {connection.py:274} WARNING - Connection schemes (type: google_cloud_platform) shall not contain '_' according to RFC3986.
[2024-04-22T06:38:52.058+0000] {base.py:84} INFO - Using connection ID 'my_gcp_conn' for task execution.
[2024-04-22T06:38:52.064+0000] {gcs_to_bigquery.py:379} INFO - Using existing BigQuery table for storing data...
[2024-04-22T06:38:52.783+0000] {bigquery.py:2328} INFO - Project is not included in destination_project_dataset_table: order.olist_products_dataset; using project "dataengineer-415510"
[2024-04-22T06:38:52.790+0000] {gcs_to_bigquery.py:383} INFO - Executing: {'load': {'autodetect': True, 'createDisposition': 'CREATE_IF_NEEDED', 'destinationTable': {'projectId': 'dataengineer-415510', 'datasetId': 'order', 'tableId': 'olist_products_dataset'}, 'sourceFormat': 'CSV', 'sourceUris': ['gs://swu-ds-525-112233/olist_products_dataset.csv'], 'writeDisposition': 'WRITE_TRUNCATE', 'ignoreUnknownValues': False, 'skipLeadingRows': None, 'fieldDelimiter': ',', 'quote': None, 'allowQuotedNewlines': False, 'encoding': 'UTF-8'}}
[2024-04-22T06:38:52.790+0000] {bigquery.py:1613} INFO - Inserting job ***_etl_gcs_to_bq_products_2024_04_18T00_00_00_00_00_58ae46119b84c32c611a090e82cd0bf1
[2024-04-22T06:39:21.505+0000] {taskinstance.py:441} INFO - ::group::Post task execution logs
[2024-04-22T06:39:21.544+0000] {taskinstance.py:1205} INFO - Marking task as SUCCESS. dag_id=etl, task_id=gcs_to_bq_products, execution_date=20240418T000000, start_date=20240422T063847, end_date=20240422T063921
[2024-04-22T06:39:21.624+0000] {local_task_job_runner.py:240} INFO - Task exited with return code 0
[2024-04-22T06:39:21.849+0000] {taskinstance.py:3482} INFO - 0 downstream tasks scheduled from follow-on schedule check
[2024-04-22T06:39:21.859+0000] {local_task_job_runner.py:222} INFO - ::endgroup::
