[2024-04-22T06:38:46.650+0000] {local_task_job_runner.py:120} INFO - ::group::Pre task execution logs
[2024-04-22T06:38:46.727+0000] {taskinstance.py:2073} INFO - Dependencies all met for dep_context=non-requeueable deps ti=<TaskInstance: etl.gcs_to_bq_sellers scheduled__2024-04-18T00:00:00+00:00 [queued]>
[2024-04-22T06:38:46.803+0000] {taskinstance.py:2073} INFO - Dependencies all met for dep_context=requeueable deps ti=<TaskInstance: etl.gcs_to_bq_sellers scheduled__2024-04-18T00:00:00+00:00 [queued]>
[2024-04-22T06:38:46.811+0000] {taskinstance.py:2303} INFO - Starting attempt 1 of 1
[2024-04-22T06:38:46.960+0000] {taskinstance.py:2327} INFO - Executing <Task(GCSToBigQueryOperator): gcs_to_bq_sellers> on 2024-04-18 00:00:00+00:00
[2024-04-22T06:38:47.119+0000] {logging_mixin.py:188} WARNING - /home/***/.local/lib/python3.12/site-packages/***/task/task_runner/standard_task_runner.py:61 DeprecationWarning: This process (pid=4337) is multi-threaded, use of fork() may lead to deadlocks in the child.
[2024-04-22T06:38:47.137+0000] {standard_task_runner.py:63} INFO - Started process 4467 to run task
[2024-04-22T06:38:47.144+0000] {standard_task_runner.py:90} INFO - Running: ['***', 'tasks', 'run', 'etl', 'gcs_to_bq_sellers', 'scheduled__2024-04-18T00:00:00+00:00', '--job-id', '229', '--raw', '--subdir', 'DAGS_FOLDER/etl.py', '--cfg-path', '/tmp/tmpks3ho7m2']
[2024-04-22T06:38:47.152+0000] {standard_task_runner.py:91} INFO - Job 229: Subtask gcs_to_bq_sellers
[2024-04-22T06:38:47.442+0000] {task_command.py:426} INFO - Running <TaskInstance: etl.gcs_to_bq_sellers scheduled__2024-04-18T00:00:00+00:00 [running]> on host af114bcfa67a
[2024-04-22T06:38:50.931+0000] {taskinstance.py:2644} INFO - Exporting env vars: AIRFLOW_CTX_DAG_OWNER='***' AIRFLOW_CTX_DAG_ID='etl' AIRFLOW_CTX_TASK_ID='gcs_to_bq_sellers' AIRFLOW_CTX_EXECUTION_DATE='2024-04-18T00:00:00+00:00' AIRFLOW_CTX_TRY_NUMBER='1' AIRFLOW_CTX_DAG_RUN_ID='scheduled__2024-04-18T00:00:00+00:00'
[2024-04-22T06:38:50.942+0000] {taskinstance.py:430} INFO - ::endgroup::
[2024-04-22T06:38:51.014+0000] {connection.py:274} WARNING - Connection schemes (type: google_cloud_platform) shall not contain '_' according to RFC3986.
[2024-04-22T06:38:51.024+0000] {base.py:84} INFO - Using connection ID 'my_gcp_conn' for task execution.
[2024-04-22T06:38:51.025+0000] {gcs_to_bigquery.py:379} INFO - Using existing BigQuery table for storing data...
[2024-04-22T06:38:51.623+0000] {bigquery.py:2328} INFO - Project is not included in destination_project_dataset_table: order.olist_sellers_dataset; using project "dataengineer-415510"
[2024-04-22T06:38:51.627+0000] {gcs_to_bigquery.py:383} INFO - Executing: {'load': {'autodetect': True, 'createDisposition': 'CREATE_IF_NEEDED', 'destinationTable': {'projectId': 'dataengineer-415510', 'datasetId': 'order', 'tableId': 'olist_sellers_dataset'}, 'sourceFormat': 'CSV', 'sourceUris': ['gs://swu-ds-525-112233/olist_sellers_dataset.csv'], 'writeDisposition': 'WRITE_TRUNCATE', 'ignoreUnknownValues': False, 'skipLeadingRows': None, 'fieldDelimiter': ',', 'quote': None, 'allowQuotedNewlines': False, 'encoding': 'UTF-8'}}
[2024-04-22T06:38:51.637+0000] {bigquery.py:1613} INFO - Inserting job ***_etl_gcs_to_bq_sellers_2024_04_18T00_00_00_00_00_43dd0c36687fcf14a7a6d6ccce55a122
[2024-04-22T06:39:04.554+0000] {taskinstance.py:441} INFO - ::group::Post task execution logs
[2024-04-22T06:39:04.592+0000] {taskinstance.py:1205} INFO - Marking task as SUCCESS. dag_id=etl, task_id=gcs_to_bq_sellers, execution_date=20240418T000000, start_date=20240422T063846, end_date=20240422T063904
[2024-04-22T06:39:04.938+0000] {local_task_job_runner.py:240} INFO - Task exited with return code 0
[2024-04-22T06:39:05.195+0000] {taskinstance.py:3482} INFO - 0 downstream tasks scheduled from follow-on schedule check
[2024-04-22T06:39:05.210+0000] {local_task_job_runner.py:222} INFO - ::endgroup::
