[2024-04-22T06:33:31.950+0000] {local_task_job_runner.py:120} INFO - ::group::Pre task execution logs
[2024-04-22T06:33:32.129+0000] {taskinstance.py:2073} INFO - Dependencies all met for dep_context=non-requeueable deps ti=<TaskInstance: etl.upload_file_geolocation scheduled__2024-04-18T00:00:00+00:00 [queued]>
[2024-04-22T06:33:32.455+0000] {taskinstance.py:2073} INFO - Dependencies all met for dep_context=requeueable deps ti=<TaskInstance: etl.upload_file_geolocation scheduled__2024-04-18T00:00:00+00:00 [queued]>
[2024-04-22T06:33:32.472+0000] {taskinstance.py:2303} INFO - Starting attempt 1 of 1
[2024-04-22T06:33:32.647+0000] {taskinstance.py:2327} INFO - Executing <Task(LocalFilesystemToGCSOperator): upload_file_geolocation> on 2024-04-18 00:00:00+00:00
[2024-04-22T06:33:32.937+0000] {standard_task_runner.py:90} INFO - Running: ['***', 'tasks', 'run', 'etl', 'upload_file_geolocation', 'scheduled__2024-04-18T00:00:00+00:00', '--job-id', '195', '--raw', '--subdir', 'DAGS_FOLDER/etl.py', '--cfg-path', '/tmp/tmpjkwwr0og']
[2024-04-22T06:33:32.967+0000] {standard_task_runner.py:91} INFO - Job 195: Subtask upload_file_geolocation
[2024-04-22T06:33:33.065+0000] {logging_mixin.py:188} WARNING - /home/***/.local/lib/python3.12/site-packages/***/task/task_runner/standard_task_runner.py:61 DeprecationWarning: This process (pid=2064) is multi-threaded, use of fork() may lead to deadlocks in the child.
[2024-04-22T06:33:33.092+0000] {standard_task_runner.py:63} INFO - Started process 2274 to run task
[2024-04-22T06:33:33.961+0000] {task_command.py:426} INFO - Running <TaskInstance: etl.upload_file_geolocation scheduled__2024-04-18T00:00:00+00:00 [running]> on host af114bcfa67a
[2024-04-22T06:34:01.199+0000] {taskinstance.py:2644} INFO - Exporting env vars: AIRFLOW_CTX_DAG_OWNER='***' AIRFLOW_CTX_DAG_ID='etl' AIRFLOW_CTX_TASK_ID='upload_file_geolocation' AIRFLOW_CTX_EXECUTION_DATE='2024-04-18T00:00:00+00:00' AIRFLOW_CTX_TRY_NUMBER='1' AIRFLOW_CTX_DAG_RUN_ID='scheduled__2024-04-18T00:00:00+00:00'
[2024-04-22T06:34:01.239+0000] {taskinstance.py:430} INFO - ::endgroup::
[2024-04-22T06:34:01.336+0000] {connection.py:274} WARNING - Connection schemes (type: google_cloud_platform) shall not contain '_' according to RFC3986.
[2024-04-22T06:34:01.405+0000] {base.py:84} INFO - Using connection ID 'my_gcp_conn' for task execution.
[2024-04-22T06:34:08.238+0000] {gcs.py:557} INFO - File /opt/***/dags/data/olist_geolocation_dataset.csv uploaded to olist_geolocation_dataset.csv in swu-ds-525-112233 bucket
[2024-04-22T06:34:08.387+0000] {taskinstance.py:441} INFO - ::group::Post task execution logs
[2024-04-22T06:34:08.406+0000] {taskinstance.py:1205} INFO - Marking task as SUCCESS. dag_id=etl, task_id=upload_file_geolocation, execution_date=20240418T000000, start_date=20240422T063332, end_date=20240422T063408
[2024-04-22T06:34:09.114+0000] {local_task_job_runner.py:240} INFO - Task exited with return code 0
[2024-04-22T06:34:26.429+0000] {taskinstance.py:3482} INFO - 0 downstream tasks scheduled from follow-on schedule check
[2024-04-22T06:34:26.466+0000] {local_task_job_runner.py:222} INFO - ::endgroup::
