[2024-04-18T08:27:15.790+0000] {local_task_job_runner.py:120} INFO - ::group::Pre task execution logs
[2024-04-18T08:27:15.813+0000] {taskinstance.py:2073} INFO - Dependencies all met for dep_context=non-requeueable deps ti=<TaskInstance: etl.load_dataset_order scheduled__2024-04-17T00:00:00+00:00 [queued]>
[2024-04-18T08:27:15.835+0000] {taskinstance.py:2073} INFO - Dependencies all met for dep_context=requeueable deps ti=<TaskInstance: etl.load_dataset_order scheduled__2024-04-17T00:00:00+00:00 [queued]>
[2024-04-18T08:27:15.836+0000] {taskinstance.py:2303} INFO - Starting attempt 1 of 1
[2024-04-18T08:27:15.866+0000] {taskinstance.py:2327} INFO - Executing <Task(GCSToBigQueryOperator): load_dataset_order> on 2024-04-17 00:00:00+00:00
[2024-04-18T08:27:15.890+0000] {standard_task_runner.py:90} INFO - Running: ['***', 'tasks', 'run', 'etl', 'load_dataset_order', 'scheduled__2024-04-17T00:00:00+00:00', '--job-id', '180', '--raw', '--subdir', 'DAGS_FOLDER/etl.py', '--cfg-path', '/tmp/tmpr8br08rb']
[2024-04-18T08:27:15.891+0000] {standard_task_runner.py:91} INFO - Job 180: Subtask load_dataset_order
[2024-04-18T08:27:15.887+0000] {logging_mixin.py:188} WARNING - /home/***/.local/lib/python3.12/site-packages/***/task/task_runner/standard_task_runner.py:61 DeprecationWarning: This process (pid=460) is multi-threaded, use of fork() may lead to deadlocks in the child.
[2024-04-18T08:27:15.892+0000] {standard_task_runner.py:63} INFO - Started process 466 to run task
[2024-04-18T08:27:15.965+0000] {task_command.py:426} INFO - Running <TaskInstance: etl.load_dataset_order scheduled__2024-04-17T00:00:00+00:00 [running]> on host 2ce858e27684
[2024-04-18T08:27:16.071+0000] {taskinstance.py:2644} INFO - Exporting env vars: AIRFLOW_CTX_DAG_OWNER='***' AIRFLOW_CTX_DAG_ID='etl' AIRFLOW_CTX_TASK_ID='load_dataset_order' AIRFLOW_CTX_EXECUTION_DATE='2024-04-17T00:00:00+00:00' AIRFLOW_CTX_TRY_NUMBER='1' AIRFLOW_CTX_DAG_RUN_ID='scheduled__2024-04-17T00:00:00+00:00'
[2024-04-18T08:27:16.072+0000] {taskinstance.py:430} INFO - ::endgroup::
[2024-04-18T08:27:16.083+0000] {connection.py:274} WARNING - Connection schemes (type: google_cloud_platform) shall not contain '_' according to RFC3986.
[2024-04-18T08:27:16.089+0000] {base.py:84} INFO - Using connection ID 'my_gcp_conn' for task execution.
[2024-04-18T08:27:16.090+0000] {gcs_to_bigquery.py:379} INFO - Using existing BigQuery table for storing data...
[2024-04-18T08:27:16.188+0000] {gcs_to_bigquery.py:383} INFO - Executing: {'load': {'autodetect': True, 'createDisposition': 'CREATE_IF_NEEDED', 'destinationTable': {'projectId': 'dataengineer-415510', 'datasetId': 'order', 'tableId': 'dataset_order'}, 'sourceFormat': 'CSV', 'sourceUris': ['gs://swu-ds-525-112233/order_bazilian.csv'], 'writeDisposition': 'WRITE_TRUNCATE', 'ignoreUnknownValues': False, 'skipLeadingRows': 1, 'fieldDelimiter': ',', 'quote': None, 'allowQuotedNewlines': 'true', 'encoding': 'UTF-8'}}
[2024-04-18T08:27:16.189+0000] {bigquery.py:1613} INFO - Inserting job ***_etl_load_dataset_order_2024_04_17T00_00_00_00_00_1f01db091cef90f9dd81b23789797622
[2024-04-18T08:27:51.945+0000] {taskinstance.py:441} INFO - ::group::Post task execution logs
[2024-04-18T08:27:51.965+0000] {taskinstance.py:1205} INFO - Marking task as SUCCESS. dag_id=etl, task_id=load_dataset_order, execution_date=20240417T000000, start_date=20240418T082715, end_date=20240418T082751
[2024-04-18T08:27:52.037+0000] {local_task_job_runner.py:240} INFO - Task exited with return code 0
[2024-04-18T08:27:52.073+0000] {taskinstance.py:3482} INFO - 1 downstream tasks scheduled from follow-on schedule check
[2024-04-18T08:27:52.079+0000] {local_task_job_runner.py:222} INFO - ::endgroup::
