[2024-04-22T06:37:11.900+0000] {local_task_job_runner.py:120} INFO - ::group::Pre task execution logs
[2024-04-22T06:37:12.008+0000] {taskinstance.py:2073} INFO - Dependencies all met for dep_context=non-requeueable deps ti=<TaskInstance: etl.gcs_to_bq_translation manual__2024-04-22T06:33:02.563052+00:00 [queued]>
[2024-04-22T06:37:12.050+0000] {taskinstance.py:2073} INFO - Dependencies all met for dep_context=requeueable deps ti=<TaskInstance: etl.gcs_to_bq_translation manual__2024-04-22T06:33:02.563052+00:00 [queued]>
[2024-04-22T06:37:12.051+0000] {taskinstance.py:2303} INFO - Starting attempt 1 of 1
[2024-04-22T06:37:12.248+0000] {taskinstance.py:2327} INFO - Executing <Task(GCSToBigQueryOperator): gcs_to_bq_translation> on 2024-04-22 06:33:02.563052+00:00
[2024-04-22T06:37:12.407+0000] {logging_mixin.py:188} WARNING - /home/***/.local/lib/python3.12/site-packages/***/task/task_runner/standard_task_runner.py:61 DeprecationWarning: This process (pid=3596) is multi-threaded, use of fork() may lead to deadlocks in the child.
[2024-04-22T06:37:12.441+0000] {standard_task_runner.py:63} INFO - Started process 3630 to run task
[2024-04-22T06:37:12.436+0000] {standard_task_runner.py:90} INFO - Running: ['***', 'tasks', 'run', 'etl', 'gcs_to_bq_translation', 'manual__2024-04-22T06:33:02.563052+00:00', '--job-id', '222', '--raw', '--subdir', 'DAGS_FOLDER/etl.py', '--cfg-path', '/tmp/tmppfem7w11']
[2024-04-22T06:37:12.457+0000] {standard_task_runner.py:91} INFO - Job 222: Subtask gcs_to_bq_translation
[2024-04-22T06:37:12.656+0000] {task_command.py:426} INFO - Running <TaskInstance: etl.gcs_to_bq_translation manual__2024-04-22T06:33:02.563052+00:00 [running]> on host af114bcfa67a
[2024-04-22T06:37:14.725+0000] {taskinstance.py:2644} INFO - Exporting env vars: AIRFLOW_CTX_DAG_OWNER='***' AIRFLOW_CTX_DAG_ID='etl' AIRFLOW_CTX_TASK_ID='gcs_to_bq_translation' AIRFLOW_CTX_EXECUTION_DATE='2024-04-22T06:33:02.563052+00:00' AIRFLOW_CTX_TRY_NUMBER='1' AIRFLOW_CTX_DAG_RUN_ID='manual__2024-04-22T06:33:02.563052+00:00'
[2024-04-22T06:37:14.726+0000] {taskinstance.py:430} INFO - ::endgroup::
[2024-04-22T06:37:14.740+0000] {connection.py:274} WARNING - Connection schemes (type: google_cloud_platform) shall not contain '_' according to RFC3986.
[2024-04-22T06:37:14.746+0000] {base.py:84} INFO - Using connection ID 'my_gcp_conn' for task execution.
[2024-04-22T06:37:14.754+0000] {gcs_to_bigquery.py:379} INFO - Using existing BigQuery table for storing data...
[2024-04-22T06:37:15.157+0000] {bigquery.py:2328} INFO - Project is not included in destination_project_dataset_table: order.product_category_name_translation; using project "dataengineer-415510"
[2024-04-22T06:37:15.158+0000] {gcs_to_bigquery.py:383} INFO - Executing: {'load': {'autodetect': True, 'createDisposition': 'CREATE_IF_NEEDED', 'destinationTable': {'projectId': 'dataengineer-415510', 'datasetId': 'order', 'tableId': 'product_category_name_translation'}, 'sourceFormat': 'CSV', 'sourceUris': ['gs://swu-ds-525-112233/product_category_name_translation.csv'], 'writeDisposition': 'WRITE_TRUNCATE', 'ignoreUnknownValues': False, 'skipLeadingRows': None, 'fieldDelimiter': ',', 'quote': None, 'allowQuotedNewlines': False, 'encoding': 'UTF-8'}}
[2024-04-22T06:37:15.160+0000] {bigquery.py:1613} INFO - Inserting job ***_etl_gcs_to_bq_translation_2024_04_22T06_33_02_563052_00_00_bf2d152e7d37dae7c1da39e3d6aca535
[2024-04-22T06:37:26.857+0000] {taskinstance.py:441} INFO - ::group::Post task execution logs
[2024-04-22T06:37:26.868+0000] {taskinstance.py:1205} INFO - Marking task as SUCCESS. dag_id=etl, task_id=gcs_to_bq_translation, execution_date=20240422T063302, start_date=20240422T063712, end_date=20240422T063726
[2024-04-22T06:37:26.945+0000] {local_task_job_runner.py:240} INFO - Task exited with return code 0
[2024-04-22T06:37:27.169+0000] {taskinstance.py:3482} INFO - 0 downstream tasks scheduled from follow-on schedule check
[2024-04-22T06:37:27.175+0000] {local_task_job_runner.py:222} INFO - ::endgroup::
