[2024-04-25T12:08:21.797+0000] {local_task_job_runner.py:120} INFO - ::group::Pre task execution logs
[2024-04-25T12:08:22.078+0000] {taskinstance.py:2073} INFO - Dependencies all met for dep_context=non-requeueable deps ti=<TaskInstance: etl.gcs_to_bq_geolocation scheduled__2024-04-24T00:00:00+00:00 [queued]>
[2024-04-25T12:08:22.138+0000] {taskinstance.py:2073} INFO - Dependencies all met for dep_context=requeueable deps ti=<TaskInstance: etl.gcs_to_bq_geolocation scheduled__2024-04-24T00:00:00+00:00 [queued]>
[2024-04-25T12:08:22.148+0000] {taskinstance.py:2303} INFO - Starting attempt 1 of 1
[2024-04-25T12:08:22.226+0000] {taskinstance.py:2327} INFO - Executing <Task(GCSToBigQueryOperator): gcs_to_bq_geolocation> on 2024-04-24 00:00:00+00:00
[2024-04-25T12:08:22.356+0000] {standard_task_runner.py:90} INFO - Running: ['***', 'tasks', 'run', 'etl', 'gcs_to_bq_geolocation', 'scheduled__2024-04-24T00:00:00+00:00', '--job-id', '320', '--raw', '--subdir', 'DAGS_FOLDER/etl.py', '--cfg-path', '/tmp/tmpv6qxzwdb']
[2024-04-25T12:08:22.366+0000] {standard_task_runner.py:91} INFO - Job 320: Subtask gcs_to_bq_geolocation
[2024-04-25T12:08:22.366+0000] {logging_mixin.py:188} WARNING - /home/***/.local/lib/python3.12/site-packages/***/task/task_runner/standard_task_runner.py:61 DeprecationWarning: This process (pid=465) is multi-threaded, use of fork() may lead to deadlocks in the child.
[2024-04-25T12:08:22.371+0000] {standard_task_runner.py:63} INFO - Started process 632 to run task
[2024-04-25T12:08:22.525+0000] {task_command.py:426} INFO - Running <TaskInstance: etl.gcs_to_bq_geolocation scheduled__2024-04-24T00:00:00+00:00 [running]> on host 204d0a7369e0
[2024-04-25T12:08:23.000+0000] {taskinstance.py:2644} INFO - Exporting env vars: AIRFLOW_CTX_DAG_OWNER='***' AIRFLOW_CTX_DAG_ID='etl' AIRFLOW_CTX_TASK_ID='gcs_to_bq_geolocation' AIRFLOW_CTX_EXECUTION_DATE='2024-04-24T00:00:00+00:00' AIRFLOW_CTX_TRY_NUMBER='1' AIRFLOW_CTX_DAG_RUN_ID='scheduled__2024-04-24T00:00:00+00:00'
[2024-04-25T12:08:23.002+0000] {taskinstance.py:430} INFO - ::endgroup::
[2024-04-25T12:08:23.069+0000] {connection.py:274} WARNING - Connection schemes (type: google_cloud_platform) shall not contain '_' according to RFC3986.
[2024-04-25T12:08:23.105+0000] {base.py:84} INFO - Using connection ID 'my_gcp_conn' for task execution.
[2024-04-25T12:08:23.127+0000] {gcs_to_bigquery.py:379} INFO - Using existing BigQuery table for storing data...
[2024-04-25T12:08:23.393+0000] {bigquery.py:2328} INFO - Project is not included in destination_project_dataset_table: order.olist_geolocation_dataset; using project "dataengineer-415510"
[2024-04-25T12:08:23.394+0000] {gcs_to_bigquery.py:383} INFO - Executing: {'load': {'autodetect': True, 'createDisposition': 'CREATE_IF_NEEDED', 'destinationTable': {'projectId': 'dataengineer-415510', 'datasetId': 'order', 'tableId': 'olist_geolocation_dataset'}, 'sourceFormat': 'CSV', 'sourceUris': ['gs://swu-ds-525-112233/olist_geolocation_dataset.csv'], 'writeDisposition': 'WRITE_TRUNCATE', 'ignoreUnknownValues': False, 'skipLeadingRows': None, 'fieldDelimiter': ',', 'quote': None, 'allowQuotedNewlines': False, 'encoding': 'UTF-8'}}
[2024-04-25T12:08:23.396+0000] {bigquery.py:1613} INFO - Inserting job ***_etl_gcs_to_bq_geolocation_2024_04_24T00_00_00_00_00_7c78718caffefdfb1176b9ca0481f879
[2024-04-25T12:08:59.971+0000] {taskinstance.py:441} INFO - ::group::Post task execution logs
[2024-04-25T12:08:59.991+0000] {taskinstance.py:1205} INFO - Marking task as SUCCESS. dag_id=etl, task_id=gcs_to_bq_geolocation, execution_date=20240424T000000, start_date=20240425T120822, end_date=20240425T120859
[2024-04-25T12:09:00.119+0000] {local_task_job_runner.py:240} INFO - Task exited with return code 0
[2024-04-25T12:09:00.139+0000] {taskinstance.py:3482} INFO - 0 downstream tasks scheduled from follow-on schedule check
[2024-04-25T12:09:00.156+0000] {local_task_job_runner.py:222} INFO - ::endgroup::
