[2024-04-24T16:18:00.049+0000] {local_task_job_runner.py:120} INFO - ::group::Pre task execution logs
[2024-04-24T16:18:00.103+0000] {taskinstance.py:2073} INFO - Dependencies all met for dep_context=non-requeueable deps ti=<TaskInstance: etl.create_order_dataset scheduled__2024-04-23T00:00:00+00:00 [queued]>
[2024-04-24T16:18:00.239+0000] {taskinstance.py:2073} INFO - Dependencies all met for dep_context=requeueable deps ti=<TaskInstance: etl.create_order_dataset scheduled__2024-04-23T00:00:00+00:00 [queued]>
[2024-04-24T16:18:00.240+0000] {taskinstance.py:2303} INFO - Starting attempt 1 of 1
[2024-04-24T16:18:00.624+0000] {taskinstance.py:2327} INFO - Executing <Task(BigQueryCreateEmptyDatasetOperator): create_order_dataset> on 2024-04-23 00:00:00+00:00
[2024-04-24T16:18:00.704+0000] {logging_mixin.py:188} WARNING - /home/***/.local/lib/python3.12/site-packages/***/task/task_runner/standard_task_runner.py:61 DeprecationWarning: This process (pid=670) is multi-threaded, use of fork() may lead to deadlocks in the child.
[2024-04-24T16:18:00.709+0000] {standard_task_runner.py:63} INFO - Started process 704 to run task
[2024-04-24T16:18:00.695+0000] {standard_task_runner.py:90} INFO - Running: ['***', 'tasks', 'run', 'etl', 'create_order_dataset', 'scheduled__2024-04-23T00:00:00+00:00', '--job-id', '263', '--raw', '--subdir', 'DAGS_FOLDER/etl.py', '--cfg-path', '/tmp/tmp2wcrrg6k']
[2024-04-24T16:18:00.714+0000] {standard_task_runner.py:91} INFO - Job 263: Subtask create_order_dataset
[2024-04-24T16:18:00.832+0000] {task_command.py:426} INFO - Running <TaskInstance: etl.create_order_dataset scheduled__2024-04-23T00:00:00+00:00 [running]> on host af114bcfa67a
[2024-04-24T16:18:01.184+0000] {taskinstance.py:2644} INFO - Exporting env vars: AIRFLOW_CTX_DAG_OWNER='***' AIRFLOW_CTX_DAG_ID='etl' AIRFLOW_CTX_TASK_ID='create_order_dataset' AIRFLOW_CTX_EXECUTION_DATE='2024-04-23T00:00:00+00:00' AIRFLOW_CTX_TRY_NUMBER='1' AIRFLOW_CTX_DAG_RUN_ID='scheduled__2024-04-23T00:00:00+00:00'
[2024-04-24T16:18:01.198+0000] {taskinstance.py:430} INFO - ::endgroup::
[2024-04-24T16:18:01.219+0000] {connection.py:274} WARNING - Connection schemes (type: google_cloud_platform) shall not contain '_' according to RFC3986.
[2024-04-24T16:18:01.232+0000] {base.py:84} INFO - Using connection ID 'my_gcp_conn' for task execution.
[2024-04-24T16:18:02.065+0000] {bigquery.py:470} INFO - datasetId was not specified in `dataset_reference`. Will use default value order.
[2024-04-24T16:18:02.074+0000] {bigquery.py:470} INFO - projectId was not specified in `dataset_reference`. Will use default value dataengineer-415510.
[2024-04-24T16:18:02.075+0000] {bigquery.py:481} INFO - Creating dataset: order in project: dataengineer-415510 
[2024-04-24T16:18:03.488+0000] {bigquery.py:2045} INFO - Dataset order already exists.
[2024-04-24T16:18:03.565+0000] {taskinstance.py:441} INFO - ::group::Post task execution logs
[2024-04-24T16:18:03.756+0000] {taskinstance.py:1205} INFO - Marking task as SUCCESS. dag_id=etl, task_id=create_order_dataset, execution_date=20240423T000000, start_date=20240424T161800, end_date=20240424T161803
[2024-04-24T16:18:04.193+0000] {local_task_job_runner.py:240} INFO - Task exited with return code 0
[2024-04-24T16:18:04.454+0000] {taskinstance.py:3482} INFO - 9 downstream tasks scheduled from follow-on schedule check
[2024-04-24T16:18:04.470+0000] {local_task_job_runner.py:222} INFO - ::endgroup::
