[2024-04-14T05:42:03.300+0000] {local_task_job_runner.py:120} INFO - ::group::Pre task execution logs
[2024-04-14T05:42:03.311+0000] {taskinstance.py:2073} INFO - Dependencies all met for dep_context=non-requeueable deps ti=<TaskInstance: etl.create_order_dataset manual__2024-04-14T05:09:56.705108+00:00 [queued]>
[2024-04-14T05:42:03.317+0000] {taskinstance.py:2073} INFO - Dependencies all met for dep_context=requeueable deps ti=<TaskInstance: etl.create_order_dataset manual__2024-04-14T05:09:56.705108+00:00 [queued]>
[2024-04-14T05:42:03.317+0000] {taskinstance.py:2303} INFO - Starting attempt 1 of 1
[2024-04-14T05:42:03.331+0000] {taskinstance.py:2327} INFO - Executing <Task(BigQueryCreateEmptyDatasetOperator): create_order_dataset> on 2024-04-14 05:09:56.705108+00:00
[2024-04-14T05:42:03.341+0000] {standard_task_runner.py:90} INFO - Running: ['***', 'tasks', 'run', 'etl', 'create_order_dataset', 'manual__2024-04-14T05:09:56.705108+00:00', '--job-id', '41', '--raw', '--subdir', 'DAGS_FOLDER/etl.py', '--cfg-path', '/tmp/tmprkoilrel']
[2024-04-14T05:42:03.342+0000] {standard_task_runner.py:91} INFO - Job 41: Subtask create_order_dataset
[2024-04-14T05:42:03.344+0000] {logging_mixin.py:188} WARNING - /home/***/.local/lib/python3.12/site-packages/***/task/task_runner/standard_task_runner.py:61 DeprecationWarning: This process (pid=37120) is multi-threaded, use of fork() may lead to deadlocks in the child.
[2024-04-14T05:42:03.345+0000] {standard_task_runner.py:63} INFO - Started process 37122 to run task
[2024-04-14T05:42:03.382+0000] {task_command.py:426} INFO - Running <TaskInstance: etl.create_order_dataset manual__2024-04-14T05:09:56.705108+00:00 [running]> on host 2ce858e27684
[2024-04-14T05:42:03.662+0000] {taskinstance.py:2644} INFO - Exporting env vars: AIRFLOW_CTX_DAG_OWNER='***' AIRFLOW_CTX_DAG_ID='etl' AIRFLOW_CTX_TASK_ID='create_order_dataset' AIRFLOW_CTX_EXECUTION_DATE='2024-04-14T05:09:56.705108+00:00' AIRFLOW_CTX_TRY_NUMBER='1' AIRFLOW_CTX_DAG_RUN_ID='manual__2024-04-14T05:09:56.705108+00:00'
[2024-04-14T05:42:03.663+0000] {taskinstance.py:430} INFO - ::endgroup::
[2024-04-14T05:42:03.674+0000] {connection.py:274} WARNING - Connection schemes (type: google_cloud_platform) shall not contain '_' according to RFC3986.
[2024-04-14T05:42:03.680+0000] {base.py:84} INFO - Using connection ID 'my_gcp_conn' for task execution.
[2024-04-14T05:42:03.762+0000] {bigquery.py:470} INFO - datasetId was not specified in `dataset_reference`. Will use default value order.
[2024-04-14T05:42:03.763+0000] {bigquery.py:470} INFO - projectId was not specified in `dataset_reference`. Will use default value dataengineer-415510.
[2024-04-14T05:42:03.763+0000] {bigquery.py:481} INFO - Creating dataset: order in project: dataengineer-415510 
[2024-04-14T05:42:04.636+0000] {bigquery.py:485} INFO - Dataset created successfully.
[2024-04-14T05:42:04.653+0000] {taskinstance.py:441} INFO - ::group::Post task execution logs
[2024-04-14T05:42:04.661+0000] {taskinstance.py:1205} INFO - Marking task as SUCCESS. dag_id=etl, task_id=create_order_dataset, execution_date=20240414T050956, start_date=20240414T054203, end_date=20240414T054204
[2024-04-14T05:42:04.724+0000] {local_task_job_runner.py:240} INFO - Task exited with return code 0
[2024-04-14T05:42:04.736+0000] {taskinstance.py:3482} INFO - 0 downstream tasks scheduled from follow-on schedule check
[2024-04-14T05:42:04.742+0000] {local_task_job_runner.py:222} INFO - ::endgroup::
