[2024-04-14T10:16:41.105+0000] {local_task_job_runner.py:120} INFO - ::group::Pre task execution logs
[2024-04-14T10:16:41.117+0000] {taskinstance.py:2073} INFO - Dependencies all met for dep_context=non-requeueable deps ti=<TaskInstance: etl.upload_file_to_bucket manual__2024-04-14T10:15:09.605913+00:00 [queued]>
[2024-04-14T10:16:41.122+0000] {taskinstance.py:2073} INFO - Dependencies all met for dep_context=requeueable deps ti=<TaskInstance: etl.upload_file_to_bucket manual__2024-04-14T10:15:09.605913+00:00 [queued]>
[2024-04-14T10:16:41.122+0000] {taskinstance.py:2303} INFO - Starting attempt 2 of 2
[2024-04-14T10:16:41.136+0000] {taskinstance.py:2327} INFO - Executing <Task(LocalFilesystemToGCSOperator): upload_file_to_bucket> on 2024-04-14 10:15:09.605913+00:00
[2024-04-14T10:16:41.146+0000] {logging_mixin.py:188} WARNING - /home/***/.local/lib/python3.12/site-packages/***/task/task_runner/standard_task_runner.py:61 DeprecationWarning: This process (pid=181691) is multi-threaded, use of fork() may lead to deadlocks in the child.
[2024-04-14T10:16:41.145+0000] {standard_task_runner.py:90} INFO - Running: ['***', 'tasks', 'run', 'etl', 'upload_file_to_bucket', 'manual__2024-04-14T10:15:09.605913+00:00', '--job-id', '98', '--raw', '--subdir', 'DAGS_FOLDER/etl.py', '--cfg-path', '/tmp/tmpv0qi_ex4']
[2024-04-14T10:16:41.146+0000] {standard_task_runner.py:63} INFO - Started process 181708 to run task
[2024-04-14T10:16:41.147+0000] {standard_task_runner.py:91} INFO - Job 98: Subtask upload_file_to_bucket
[2024-04-14T10:16:41.186+0000] {task_command.py:426} INFO - Running <TaskInstance: etl.upload_file_to_bucket manual__2024-04-14T10:15:09.605913+00:00 [running]> on host 2ce858e27684
[2024-04-14T10:16:41.266+0000] {taskinstance.py:2644} INFO - Exporting env vars: AIRFLOW_CTX_DAG_OWNER='***' AIRFLOW_CTX_DAG_ID='etl' AIRFLOW_CTX_TASK_ID='upload_file_to_bucket' AIRFLOW_CTX_EXECUTION_DATE='2024-04-14T10:15:09.605913+00:00' AIRFLOW_CTX_TRY_NUMBER='2' AIRFLOW_CTX_DAG_RUN_ID='manual__2024-04-14T10:15:09.605913+00:00'
[2024-04-14T10:16:41.268+0000] {taskinstance.py:430} INFO - ::endgroup::
[2024-04-14T10:16:41.274+0000] {connection.py:274} WARNING - Connection schemes (type: google_cloud_platform) shall not contain '_' according to RFC3986.
[2024-04-14T10:16:41.279+0000] {base.py:84} INFO - Using connection ID 'my_gcp_conn' for task execution.
[2024-04-14T10:16:42.214+0000] {gcs.py:557} INFO - File /opt/***/dags/data/order_bazilian.csv uploaded to order_bazilian.csv in swu-ds-525-112233 bucket
[2024-04-14T10:16:42.215+0000] {taskinstance.py:441} INFO - ::group::Post task execution logs
[2024-04-14T10:16:42.228+0000] {taskinstance.py:1205} INFO - Marking task as SUCCESS. dag_id=etl, task_id=upload_file_to_bucket, execution_date=20240414T101509, start_date=20240414T101641, end_date=20240414T101642
[2024-04-14T10:16:42.286+0000] {local_task_job_runner.py:240} INFO - Task exited with return code 0
[2024-04-14T10:16:42.307+0000] {logging_mixin.py:188} WARNING - /home/***/.local/lib/python3.12/site-packages/***/models/baseoperator.py:1296 AirflowProviderDeprecationWarning: Call to deprecated class BigQueryExecuteQueryOperator. (This operator is deprecated. Please use `BigQueryInsertJobOperator`.)
[2024-04-14T10:16:42.323+0000] {taskinstance.py:3482} INFO - 0 downstream tasks scheduled from follow-on schedule check
[2024-04-14T10:16:42.333+0000] {local_task_job_runner.py:222} INFO - ::endgroup::
