[2024-04-18T08:27:04.224+0000] {processor.py:161} INFO - Started process (PID=366) to work on /home/airflow/.local/lib/python3.12/site-packages/airflow/example_dags/example_latest_only_with_trigger.py
[2024-04-18T08:27:04.241+0000] {processor.py:830} INFO - Processing file /home/airflow/.local/lib/python3.12/site-packages/airflow/example_dags/example_latest_only_with_trigger.py for tasks to queue
[2024-04-18T08:27:04.243+0000] {logging_mixin.py:188} INFO - [2024-04-18T08:27:04.243+0000] {dagbag.py:540} INFO - Filling up the DagBag from /home/airflow/.local/lib/python3.12/site-packages/airflow/example_dags/example_latest_only_with_trigger.py
[2024-04-18T08:27:04.251+0000] {processor.py:840} INFO - DAG(s) 'latest_only_with_trigger' retrieved from /home/airflow/.local/lib/python3.12/site-packages/airflow/example_dags/example_latest_only_with_trigger.py
[2024-04-18T08:27:04.328+0000] {logging_mixin.py:188} INFO - [2024-04-18T08:27:04.328+0000] {dag.py:3096} INFO - Sync 1 DAGs
[2024-04-18T08:27:04.420+0000] {logging_mixin.py:188} INFO - [2024-04-18T08:27:04.420+0000] {dag.py:3954} INFO - Setting next_dagrun for latest_only_with_trigger to 2024-04-18 04:00:00+00:00, run_after=2024-04-18 08:00:00+00:00
[2024-04-18T08:27:04.494+0000] {processor.py:183} INFO - Processing /home/airflow/.local/lib/python3.12/site-packages/airflow/example_dags/example_latest_only_with_trigger.py took 0.298 seconds
[2024-04-18T08:27:34.665+0000] {processor.py:161} INFO - Started process (PID=652) to work on /home/airflow/.local/lib/python3.12/site-packages/airflow/example_dags/example_latest_only_with_trigger.py
[2024-04-18T08:27:34.665+0000] {processor.py:830} INFO - Processing file /home/airflow/.local/lib/python3.12/site-packages/airflow/example_dags/example_latest_only_with_trigger.py for tasks to queue
[2024-04-18T08:27:34.667+0000] {logging_mixin.py:188} INFO - [2024-04-18T08:27:34.667+0000] {dagbag.py:540} INFO - Filling up the DagBag from /home/airflow/.local/lib/python3.12/site-packages/airflow/example_dags/example_latest_only_with_trigger.py
[2024-04-18T08:27:34.673+0000] {processor.py:840} INFO - DAG(s) 'latest_only_with_trigger' retrieved from /home/airflow/.local/lib/python3.12/site-packages/airflow/example_dags/example_latest_only_with_trigger.py
[2024-04-18T08:27:34.700+0000] {logging_mixin.py:188} INFO - [2024-04-18T08:27:34.699+0000] {dag.py:3096} INFO - Sync 1 DAGs
[2024-04-18T08:27:34.723+0000] {logging_mixin.py:188} INFO - [2024-04-18T08:27:34.723+0000] {dag.py:3954} INFO - Setting next_dagrun for latest_only_with_trigger to 2024-04-18 04:00:00+00:00, run_after=2024-04-18 08:00:00+00:00
[2024-04-18T08:27:34.745+0000] {processor.py:183} INFO - Processing /home/airflow/.local/lib/python3.12/site-packages/airflow/example_dags/example_latest_only_with_trigger.py took 0.086 seconds
[2024-04-18T08:28:05.784+0000] {processor.py:161} INFO - Started process (PID=924) to work on /home/airflow/.local/lib/python3.12/site-packages/airflow/example_dags/example_latest_only_with_trigger.py
[2024-04-18T08:28:05.785+0000] {processor.py:830} INFO - Processing file /home/airflow/.local/lib/python3.12/site-packages/airflow/example_dags/example_latest_only_with_trigger.py for tasks to queue
[2024-04-18T08:28:05.787+0000] {logging_mixin.py:188} INFO - [2024-04-18T08:28:05.787+0000] {dagbag.py:540} INFO - Filling up the DagBag from /home/airflow/.local/lib/python3.12/site-packages/airflow/example_dags/example_latest_only_with_trigger.py
[2024-04-18T08:28:05.793+0000] {processor.py:840} INFO - DAG(s) 'latest_only_with_trigger' retrieved from /home/airflow/.local/lib/python3.12/site-packages/airflow/example_dags/example_latest_only_with_trigger.py
[2024-04-18T08:28:05.850+0000] {logging_mixin.py:188} INFO - [2024-04-18T08:28:05.849+0000] {dag.py:3096} INFO - Sync 1 DAGs
[2024-04-18T08:28:05.899+0000] {logging_mixin.py:188} INFO - [2024-04-18T08:28:05.899+0000] {dag.py:3954} INFO - Setting next_dagrun for latest_only_with_trigger to 2024-04-18 04:00:00+00:00, run_after=2024-04-18 08:00:00+00:00
[2024-04-18T08:28:05.931+0000] {processor.py:183} INFO - Processing /home/airflow/.local/lib/python3.12/site-packages/airflow/example_dags/example_latest_only_with_trigger.py took 0.155 seconds
[2024-04-18T08:28:38.252+0000] {processor.py:161} INFO - Started process (PID=1191) to work on /home/airflow/.local/lib/python3.12/site-packages/airflow/example_dags/example_latest_only_with_trigger.py
[2024-04-18T08:28:38.253+0000] {processor.py:830} INFO - Processing file /home/airflow/.local/lib/python3.12/site-packages/airflow/example_dags/example_latest_only_with_trigger.py for tasks to queue
[2024-04-18T08:28:38.255+0000] {logging_mixin.py:188} INFO - [2024-04-18T08:28:38.254+0000] {dagbag.py:540} INFO - Filling up the DagBag from /home/airflow/.local/lib/python3.12/site-packages/airflow/example_dags/example_latest_only_with_trigger.py
[2024-04-18T08:28:38.311+0000] {processor.py:840} INFO - DAG(s) 'latest_only_with_trigger' retrieved from /home/airflow/.local/lib/python3.12/site-packages/airflow/example_dags/example_latest_only_with_trigger.py
[2024-04-18T08:28:38.343+0000] {logging_mixin.py:188} INFO - [2024-04-18T08:28:38.342+0000] {dag.py:3096} INFO - Sync 1 DAGs
[2024-04-18T08:28:38.393+0000] {logging_mixin.py:188} INFO - [2024-04-18T08:28:38.392+0000] {dag.py:3954} INFO - Setting next_dagrun for latest_only_with_trigger to 2024-04-18 04:00:00+00:00, run_after=2024-04-18 08:00:00+00:00
[2024-04-18T08:28:38.466+0000] {processor.py:183} INFO - Processing /home/airflow/.local/lib/python3.12/site-packages/airflow/example_dags/example_latest_only_with_trigger.py took 0.269 seconds
[2024-04-18T08:29:08.918+0000] {processor.py:161} INFO - Started process (PID=1457) to work on /home/airflow/.local/lib/python3.12/site-packages/airflow/example_dags/example_latest_only_with_trigger.py
[2024-04-18T08:29:08.919+0000] {processor.py:830} INFO - Processing file /home/airflow/.local/lib/python3.12/site-packages/airflow/example_dags/example_latest_only_with_trigger.py for tasks to queue
[2024-04-18T08:29:08.920+0000] {logging_mixin.py:188} INFO - [2024-04-18T08:29:08.920+0000] {dagbag.py:540} INFO - Filling up the DagBag from /home/airflow/.local/lib/python3.12/site-packages/airflow/example_dags/example_latest_only_with_trigger.py
[2024-04-18T08:29:08.926+0000] {processor.py:840} INFO - DAG(s) 'latest_only_with_trigger' retrieved from /home/airflow/.local/lib/python3.12/site-packages/airflow/example_dags/example_latest_only_with_trigger.py
[2024-04-18T08:29:08.952+0000] {logging_mixin.py:188} INFO - [2024-04-18T08:29:08.952+0000] {dag.py:3096} INFO - Sync 1 DAGs
[2024-04-18T08:29:08.975+0000] {logging_mixin.py:188} INFO - [2024-04-18T08:29:08.975+0000] {dag.py:3954} INFO - Setting next_dagrun for latest_only_with_trigger to 2024-04-18 04:00:00+00:00, run_after=2024-04-18 08:00:00+00:00
[2024-04-18T08:29:08.996+0000] {processor.py:183} INFO - Processing /home/airflow/.local/lib/python3.12/site-packages/airflow/example_dags/example_latest_only_with_trigger.py took 0.086 seconds
[2024-04-18T08:29:39.864+0000] {processor.py:161} INFO - Started process (PID=1722) to work on /home/airflow/.local/lib/python3.12/site-packages/airflow/example_dags/example_latest_only_with_trigger.py
[2024-04-18T08:29:39.865+0000] {processor.py:830} INFO - Processing file /home/airflow/.local/lib/python3.12/site-packages/airflow/example_dags/example_latest_only_with_trigger.py for tasks to queue
[2024-04-18T08:29:39.867+0000] {logging_mixin.py:188} INFO - [2024-04-18T08:29:39.866+0000] {dagbag.py:540} INFO - Filling up the DagBag from /home/airflow/.local/lib/python3.12/site-packages/airflow/example_dags/example_latest_only_with_trigger.py
[2024-04-18T08:29:39.872+0000] {processor.py:840} INFO - DAG(s) 'latest_only_with_trigger' retrieved from /home/airflow/.local/lib/python3.12/site-packages/airflow/example_dags/example_latest_only_with_trigger.py
[2024-04-18T08:29:39.896+0000] {logging_mixin.py:188} INFO - [2024-04-18T08:29:39.896+0000] {dag.py:3096} INFO - Sync 1 DAGs
[2024-04-18T08:29:39.920+0000] {logging_mixin.py:188} INFO - [2024-04-18T08:29:39.920+0000] {dag.py:3954} INFO - Setting next_dagrun for latest_only_with_trigger to 2024-04-18 04:00:00+00:00, run_after=2024-04-18 08:00:00+00:00
[2024-04-18T08:29:39.945+0000] {processor.py:183} INFO - Processing /home/airflow/.local/lib/python3.12/site-packages/airflow/example_dags/example_latest_only_with_trigger.py took 0.087 seconds
[2024-04-18T08:30:10.967+0000] {processor.py:161} INFO - Started process (PID=1989) to work on /home/airflow/.local/lib/python3.12/site-packages/airflow/example_dags/example_latest_only_with_trigger.py
[2024-04-18T08:30:10.968+0000] {processor.py:830} INFO - Processing file /home/airflow/.local/lib/python3.12/site-packages/airflow/example_dags/example_latest_only_with_trigger.py for tasks to queue
[2024-04-18T08:30:10.970+0000] {logging_mixin.py:188} INFO - [2024-04-18T08:30:10.969+0000] {dagbag.py:540} INFO - Filling up the DagBag from /home/airflow/.local/lib/python3.12/site-packages/airflow/example_dags/example_latest_only_with_trigger.py
[2024-04-18T08:30:10.975+0000] {processor.py:840} INFO - DAG(s) 'latest_only_with_trigger' retrieved from /home/airflow/.local/lib/python3.12/site-packages/airflow/example_dags/example_latest_only_with_trigger.py
[2024-04-18T08:30:10.999+0000] {logging_mixin.py:188} INFO - [2024-04-18T08:30:10.998+0000] {dag.py:3096} INFO - Sync 1 DAGs
[2024-04-18T08:30:11.024+0000] {logging_mixin.py:188} INFO - [2024-04-18T08:30:11.024+0000] {dag.py:3954} INFO - Setting next_dagrun for latest_only_with_trigger to 2024-04-18 04:00:00+00:00, run_after=2024-04-18 08:00:00+00:00
[2024-04-18T08:30:11.046+0000] {processor.py:183} INFO - Processing /home/airflow/.local/lib/python3.12/site-packages/airflow/example_dags/example_latest_only_with_trigger.py took 0.085 seconds
[2024-04-18T08:30:41.544+0000] {processor.py:161} INFO - Started process (PID=2256) to work on /home/airflow/.local/lib/python3.12/site-packages/airflow/example_dags/example_latest_only_with_trigger.py
[2024-04-18T08:30:41.545+0000] {processor.py:830} INFO - Processing file /home/airflow/.local/lib/python3.12/site-packages/airflow/example_dags/example_latest_only_with_trigger.py for tasks to queue
[2024-04-18T08:30:41.547+0000] {logging_mixin.py:188} INFO - [2024-04-18T08:30:41.547+0000] {dagbag.py:540} INFO - Filling up the DagBag from /home/airflow/.local/lib/python3.12/site-packages/airflow/example_dags/example_latest_only_with_trigger.py
[2024-04-18T08:30:41.552+0000] {processor.py:840} INFO - DAG(s) 'latest_only_with_trigger' retrieved from /home/airflow/.local/lib/python3.12/site-packages/airflow/example_dags/example_latest_only_with_trigger.py
[2024-04-18T08:30:41.574+0000] {logging_mixin.py:188} INFO - [2024-04-18T08:30:41.573+0000] {dag.py:3096} INFO - Sync 1 DAGs
[2024-04-18T08:30:41.596+0000] {logging_mixin.py:188} INFO - [2024-04-18T08:30:41.595+0000] {dag.py:3954} INFO - Setting next_dagrun for latest_only_with_trigger to 2024-04-18 04:00:00+00:00, run_after=2024-04-18 08:00:00+00:00
[2024-04-18T08:30:41.619+0000] {processor.py:183} INFO - Processing /home/airflow/.local/lib/python3.12/site-packages/airflow/example_dags/example_latest_only_with_trigger.py took 0.081 seconds
[2024-04-18T08:31:11.792+0000] {processor.py:161} INFO - Started process (PID=2517) to work on /home/airflow/.local/lib/python3.12/site-packages/airflow/example_dags/example_latest_only_with_trigger.py
[2024-04-18T08:31:11.793+0000] {processor.py:830} INFO - Processing file /home/airflow/.local/lib/python3.12/site-packages/airflow/example_dags/example_latest_only_with_trigger.py for tasks to queue
[2024-04-18T08:31:11.796+0000] {logging_mixin.py:188} INFO - [2024-04-18T08:31:11.795+0000] {dagbag.py:540} INFO - Filling up the DagBag from /home/airflow/.local/lib/python3.12/site-packages/airflow/example_dags/example_latest_only_with_trigger.py
[2024-04-18T08:31:11.802+0000] {processor.py:840} INFO - DAG(s) 'latest_only_with_trigger' retrieved from /home/airflow/.local/lib/python3.12/site-packages/airflow/example_dags/example_latest_only_with_trigger.py
[2024-04-18T08:31:11.829+0000] {logging_mixin.py:188} INFO - [2024-04-18T08:31:11.829+0000] {dag.py:3096} INFO - Sync 1 DAGs
[2024-04-18T08:31:11.854+0000] {logging_mixin.py:188} INFO - [2024-04-18T08:31:11.854+0000] {dag.py:3954} INFO - Setting next_dagrun for latest_only_with_trigger to 2024-04-18 04:00:00+00:00, run_after=2024-04-18 08:00:00+00:00
[2024-04-18T08:31:11.877+0000] {processor.py:183} INFO - Processing /home/airflow/.local/lib/python3.12/site-packages/airflow/example_dags/example_latest_only_with_trigger.py took 0.091 seconds
[2024-04-18T08:31:42.140+0000] {processor.py:161} INFO - Started process (PID=2783) to work on /home/airflow/.local/lib/python3.12/site-packages/airflow/example_dags/example_latest_only_with_trigger.py
[2024-04-18T08:31:42.141+0000] {processor.py:830} INFO - Processing file /home/airflow/.local/lib/python3.12/site-packages/airflow/example_dags/example_latest_only_with_trigger.py for tasks to queue
[2024-04-18T08:31:42.144+0000] {logging_mixin.py:188} INFO - [2024-04-18T08:31:42.143+0000] {dagbag.py:540} INFO - Filling up the DagBag from /home/airflow/.local/lib/python3.12/site-packages/airflow/example_dags/example_latest_only_with_trigger.py
[2024-04-18T08:31:42.150+0000] {processor.py:840} INFO - DAG(s) 'latest_only_with_trigger' retrieved from /home/airflow/.local/lib/python3.12/site-packages/airflow/example_dags/example_latest_only_with_trigger.py
[2024-04-18T08:31:42.171+0000] {logging_mixin.py:188} INFO - [2024-04-18T08:31:42.170+0000] {dag.py:3096} INFO - Sync 1 DAGs
[2024-04-18T08:31:42.194+0000] {logging_mixin.py:188} INFO - [2024-04-18T08:31:42.194+0000] {dag.py:3954} INFO - Setting next_dagrun for latest_only_with_trigger to 2024-04-18 04:00:00+00:00, run_after=2024-04-18 08:00:00+00:00
[2024-04-18T08:31:42.220+0000] {processor.py:183} INFO - Processing /home/airflow/.local/lib/python3.12/site-packages/airflow/example_dags/example_latest_only_with_trigger.py took 0.085 seconds
[2024-04-18T08:32:12.965+0000] {processor.py:161} INFO - Started process (PID=3057) to work on /home/airflow/.local/lib/python3.12/site-packages/airflow/example_dags/example_latest_only_with_trigger.py
[2024-04-18T08:32:12.966+0000] {processor.py:830} INFO - Processing file /home/airflow/.local/lib/python3.12/site-packages/airflow/example_dags/example_latest_only_with_trigger.py for tasks to queue
[2024-04-18T08:32:12.967+0000] {logging_mixin.py:188} INFO - [2024-04-18T08:32:12.967+0000] {dagbag.py:540} INFO - Filling up the DagBag from /home/airflow/.local/lib/python3.12/site-packages/airflow/example_dags/example_latest_only_with_trigger.py
[2024-04-18T08:32:12.973+0000] {processor.py:840} INFO - DAG(s) 'latest_only_with_trigger' retrieved from /home/airflow/.local/lib/python3.12/site-packages/airflow/example_dags/example_latest_only_with_trigger.py
[2024-04-18T08:32:12.998+0000] {logging_mixin.py:188} INFO - [2024-04-18T08:32:12.998+0000] {dag.py:3096} INFO - Sync 1 DAGs
[2024-04-18T08:32:13.024+0000] {logging_mixin.py:188} INFO - [2024-04-18T08:32:13.024+0000] {dag.py:3954} INFO - Setting next_dagrun for latest_only_with_trigger to 2024-04-18 04:00:00+00:00, run_after=2024-04-18 08:00:00+00:00
[2024-04-18T08:32:13.068+0000] {processor.py:183} INFO - Processing /home/airflow/.local/lib/python3.12/site-packages/airflow/example_dags/example_latest_only_with_trigger.py took 0.108 seconds
[2024-04-18T08:32:43.795+0000] {processor.py:161} INFO - Started process (PID=3323) to work on /home/airflow/.local/lib/python3.12/site-packages/airflow/example_dags/example_latest_only_with_trigger.py
[2024-04-18T08:32:43.796+0000] {processor.py:830} INFO - Processing file /home/airflow/.local/lib/python3.12/site-packages/airflow/example_dags/example_latest_only_with_trigger.py for tasks to queue
[2024-04-18T08:32:43.798+0000] {logging_mixin.py:188} INFO - [2024-04-18T08:32:43.798+0000] {dagbag.py:540} INFO - Filling up the DagBag from /home/airflow/.local/lib/python3.12/site-packages/airflow/example_dags/example_latest_only_with_trigger.py
[2024-04-18T08:32:43.804+0000] {processor.py:840} INFO - DAG(s) 'latest_only_with_trigger' retrieved from /home/airflow/.local/lib/python3.12/site-packages/airflow/example_dags/example_latest_only_with_trigger.py
[2024-04-18T08:32:43.827+0000] {logging_mixin.py:188} INFO - [2024-04-18T08:32:43.826+0000] {dag.py:3096} INFO - Sync 1 DAGs
[2024-04-18T08:32:43.852+0000] {logging_mixin.py:188} INFO - [2024-04-18T08:32:43.851+0000] {dag.py:3954} INFO - Setting next_dagrun for latest_only_with_trigger to 2024-04-18 04:00:00+00:00, run_after=2024-04-18 08:00:00+00:00
[2024-04-18T08:32:43.874+0000] {processor.py:183} INFO - Processing /home/airflow/.local/lib/python3.12/site-packages/airflow/example_dags/example_latest_only_with_trigger.py took 0.086 seconds
[2024-04-18T08:33:14.228+0000] {processor.py:161} INFO - Started process (PID=3590) to work on /home/airflow/.local/lib/python3.12/site-packages/airflow/example_dags/example_latest_only_with_trigger.py
[2024-04-18T08:33:14.229+0000] {processor.py:830} INFO - Processing file /home/airflow/.local/lib/python3.12/site-packages/airflow/example_dags/example_latest_only_with_trigger.py for tasks to queue
[2024-04-18T08:33:14.232+0000] {logging_mixin.py:188} INFO - [2024-04-18T08:33:14.231+0000] {dagbag.py:540} INFO - Filling up the DagBag from /home/airflow/.local/lib/python3.12/site-packages/airflow/example_dags/example_latest_only_with_trigger.py
[2024-04-18T08:33:14.237+0000] {processor.py:840} INFO - DAG(s) 'latest_only_with_trigger' retrieved from /home/airflow/.local/lib/python3.12/site-packages/airflow/example_dags/example_latest_only_with_trigger.py
[2024-04-18T08:33:14.259+0000] {logging_mixin.py:188} INFO - [2024-04-18T08:33:14.258+0000] {dag.py:3096} INFO - Sync 1 DAGs
[2024-04-18T08:33:14.282+0000] {logging_mixin.py:188} INFO - [2024-04-18T08:33:14.282+0000] {dag.py:3954} INFO - Setting next_dagrun for latest_only_with_trigger to 2024-04-18 04:00:00+00:00, run_after=2024-04-18 08:00:00+00:00
[2024-04-18T08:33:14.311+0000] {processor.py:183} INFO - Processing /home/airflow/.local/lib/python3.12/site-packages/airflow/example_dags/example_latest_only_with_trigger.py took 0.089 seconds
[2024-04-18T08:33:45.227+0000] {processor.py:161} INFO - Started process (PID=3856) to work on /home/airflow/.local/lib/python3.12/site-packages/airflow/example_dags/example_latest_only_with_trigger.py
[2024-04-18T08:33:45.228+0000] {processor.py:830} INFO - Processing file /home/airflow/.local/lib/python3.12/site-packages/airflow/example_dags/example_latest_only_with_trigger.py for tasks to queue
[2024-04-18T08:33:45.230+0000] {logging_mixin.py:188} INFO - [2024-04-18T08:33:45.230+0000] {dagbag.py:540} INFO - Filling up the DagBag from /home/airflow/.local/lib/python3.12/site-packages/airflow/example_dags/example_latest_only_with_trigger.py
[2024-04-18T08:33:45.237+0000] {processor.py:840} INFO - DAG(s) 'latest_only_with_trigger' retrieved from /home/airflow/.local/lib/python3.12/site-packages/airflow/example_dags/example_latest_only_with_trigger.py
[2024-04-18T08:33:45.258+0000] {logging_mixin.py:188} INFO - [2024-04-18T08:33:45.258+0000] {dag.py:3096} INFO - Sync 1 DAGs
[2024-04-18T08:33:45.282+0000] {logging_mixin.py:188} INFO - [2024-04-18T08:33:45.282+0000] {dag.py:3954} INFO - Setting next_dagrun for latest_only_with_trigger to 2024-04-18 04:00:00+00:00, run_after=2024-04-18 08:00:00+00:00
[2024-04-18T08:33:45.303+0000] {processor.py:183} INFO - Processing /home/airflow/.local/lib/python3.12/site-packages/airflow/example_dags/example_latest_only_with_trigger.py took 0.082 seconds
[2024-04-18T08:34:15.577+0000] {processor.py:161} INFO - Started process (PID=4121) to work on /home/airflow/.local/lib/python3.12/site-packages/airflow/example_dags/example_latest_only_with_trigger.py
[2024-04-18T08:34:15.578+0000] {processor.py:830} INFO - Processing file /home/airflow/.local/lib/python3.12/site-packages/airflow/example_dags/example_latest_only_with_trigger.py for tasks to queue
[2024-04-18T08:34:15.580+0000] {logging_mixin.py:188} INFO - [2024-04-18T08:34:15.579+0000] {dagbag.py:540} INFO - Filling up the DagBag from /home/airflow/.local/lib/python3.12/site-packages/airflow/example_dags/example_latest_only_with_trigger.py
[2024-04-18T08:34:15.585+0000] {processor.py:840} INFO - DAG(s) 'latest_only_with_trigger' retrieved from /home/airflow/.local/lib/python3.12/site-packages/airflow/example_dags/example_latest_only_with_trigger.py
[2024-04-18T08:34:15.644+0000] {logging_mixin.py:188} INFO - [2024-04-18T08:34:15.644+0000] {dag.py:3096} INFO - Sync 1 DAGs
[2024-04-18T08:34:15.685+0000] {logging_mixin.py:188} INFO - [2024-04-18T08:34:15.684+0000] {dag.py:3954} INFO - Setting next_dagrun for latest_only_with_trigger to 2024-04-18 04:00:00+00:00, run_after=2024-04-18 08:00:00+00:00
[2024-04-18T08:34:15.719+0000] {processor.py:183} INFO - Processing /home/airflow/.local/lib/python3.12/site-packages/airflow/example_dags/example_latest_only_with_trigger.py took 0.161 seconds
[2024-04-18T08:34:46.201+0000] {processor.py:161} INFO - Started process (PID=4389) to work on /home/airflow/.local/lib/python3.12/site-packages/airflow/example_dags/example_latest_only_with_trigger.py
[2024-04-18T08:34:46.203+0000] {processor.py:830} INFO - Processing file /home/airflow/.local/lib/python3.12/site-packages/airflow/example_dags/example_latest_only_with_trigger.py for tasks to queue
[2024-04-18T08:34:46.205+0000] {logging_mixin.py:188} INFO - [2024-04-18T08:34:46.205+0000] {dagbag.py:540} INFO - Filling up the DagBag from /home/airflow/.local/lib/python3.12/site-packages/airflow/example_dags/example_latest_only_with_trigger.py
[2024-04-18T08:34:46.220+0000] {processor.py:840} INFO - DAG(s) 'latest_only_with_trigger' retrieved from /home/airflow/.local/lib/python3.12/site-packages/airflow/example_dags/example_latest_only_with_trigger.py
[2024-04-18T08:34:46.259+0000] {logging_mixin.py:188} INFO - [2024-04-18T08:34:46.258+0000] {dag.py:3096} INFO - Sync 1 DAGs
[2024-04-18T08:34:46.283+0000] {logging_mixin.py:188} INFO - [2024-04-18T08:34:46.282+0000] {dag.py:3954} INFO - Setting next_dagrun for latest_only_with_trigger to 2024-04-18 04:00:00+00:00, run_after=2024-04-18 08:00:00+00:00
[2024-04-18T08:34:46.316+0000] {processor.py:183} INFO - Processing /home/airflow/.local/lib/python3.12/site-packages/airflow/example_dags/example_latest_only_with_trigger.py took 0.149 seconds
[2024-04-18T08:35:16.682+0000] {processor.py:161} INFO - Started process (PID=4656) to work on /home/airflow/.local/lib/python3.12/site-packages/airflow/example_dags/example_latest_only_with_trigger.py
[2024-04-18T08:35:16.683+0000] {processor.py:830} INFO - Processing file /home/airflow/.local/lib/python3.12/site-packages/airflow/example_dags/example_latest_only_with_trigger.py for tasks to queue
[2024-04-18T08:35:16.684+0000] {logging_mixin.py:188} INFO - [2024-04-18T08:35:16.684+0000] {dagbag.py:540} INFO - Filling up the DagBag from /home/airflow/.local/lib/python3.12/site-packages/airflow/example_dags/example_latest_only_with_trigger.py
[2024-04-18T08:35:16.690+0000] {processor.py:840} INFO - DAG(s) 'latest_only_with_trigger' retrieved from /home/airflow/.local/lib/python3.12/site-packages/airflow/example_dags/example_latest_only_with_trigger.py
[2024-04-18T08:35:16.715+0000] {logging_mixin.py:188} INFO - [2024-04-18T08:35:16.714+0000] {dag.py:3096} INFO - Sync 1 DAGs
[2024-04-18T08:35:16.740+0000] {logging_mixin.py:188} INFO - [2024-04-18T08:35:16.740+0000] {dag.py:3954} INFO - Setting next_dagrun for latest_only_with_trigger to 2024-04-18 04:00:00+00:00, run_after=2024-04-18 08:00:00+00:00
[2024-04-18T08:35:16.770+0000] {processor.py:183} INFO - Processing /home/airflow/.local/lib/python3.12/site-packages/airflow/example_dags/example_latest_only_with_trigger.py took 0.094 seconds
[2024-04-18T08:35:47.249+0000] {processor.py:161} INFO - Started process (PID=4922) to work on /home/airflow/.local/lib/python3.12/site-packages/airflow/example_dags/example_latest_only_with_trigger.py
[2024-04-18T08:35:47.250+0000] {processor.py:830} INFO - Processing file /home/airflow/.local/lib/python3.12/site-packages/airflow/example_dags/example_latest_only_with_trigger.py for tasks to queue
[2024-04-18T08:35:47.253+0000] {logging_mixin.py:188} INFO - [2024-04-18T08:35:47.252+0000] {dagbag.py:540} INFO - Filling up the DagBag from /home/airflow/.local/lib/python3.12/site-packages/airflow/example_dags/example_latest_only_with_trigger.py
[2024-04-18T08:35:47.259+0000] {processor.py:840} INFO - DAG(s) 'latest_only_with_trigger' retrieved from /home/airflow/.local/lib/python3.12/site-packages/airflow/example_dags/example_latest_only_with_trigger.py
[2024-04-18T08:35:47.281+0000] {logging_mixin.py:188} INFO - [2024-04-18T08:35:47.280+0000] {dag.py:3096} INFO - Sync 1 DAGs
[2024-04-18T08:35:47.307+0000] {logging_mixin.py:188} INFO - [2024-04-18T08:35:47.307+0000] {dag.py:3954} INFO - Setting next_dagrun for latest_only_with_trigger to 2024-04-18 04:00:00+00:00, run_after=2024-04-18 08:00:00+00:00
[2024-04-18T08:35:47.327+0000] {processor.py:183} INFO - Processing /home/airflow/.local/lib/python3.12/site-packages/airflow/example_dags/example_latest_only_with_trigger.py took 0.086 seconds
[2024-04-18T08:36:17.593+0000] {processor.py:161} INFO - Started process (PID=5189) to work on /home/airflow/.local/lib/python3.12/site-packages/airflow/example_dags/example_latest_only_with_trigger.py
[2024-04-18T08:36:17.594+0000] {processor.py:830} INFO - Processing file /home/airflow/.local/lib/python3.12/site-packages/airflow/example_dags/example_latest_only_with_trigger.py for tasks to queue
[2024-04-18T08:36:17.596+0000] {logging_mixin.py:188} INFO - [2024-04-18T08:36:17.596+0000] {dagbag.py:540} INFO - Filling up the DagBag from /home/airflow/.local/lib/python3.12/site-packages/airflow/example_dags/example_latest_only_with_trigger.py
[2024-04-18T08:36:17.602+0000] {processor.py:840} INFO - DAG(s) 'latest_only_with_trigger' retrieved from /home/airflow/.local/lib/python3.12/site-packages/airflow/example_dags/example_latest_only_with_trigger.py
[2024-04-18T08:36:17.624+0000] {logging_mixin.py:188} INFO - [2024-04-18T08:36:17.623+0000] {dag.py:3096} INFO - Sync 1 DAGs
[2024-04-18T08:36:17.648+0000] {logging_mixin.py:188} INFO - [2024-04-18T08:36:17.648+0000] {dag.py:3954} INFO - Setting next_dagrun for latest_only_with_trigger to 2024-04-18 04:00:00+00:00, run_after=2024-04-18 08:00:00+00:00
[2024-04-18T08:36:17.909+0000] {processor.py:183} INFO - Processing /home/airflow/.local/lib/python3.12/site-packages/airflow/example_dags/example_latest_only_with_trigger.py took 0.322 seconds
[2024-04-18T08:36:48.039+0000] {processor.py:161} INFO - Started process (PID=5455) to work on /home/airflow/.local/lib/python3.12/site-packages/airflow/example_dags/example_latest_only_with_trigger.py
[2024-04-18T08:36:48.039+0000] {processor.py:830} INFO - Processing file /home/airflow/.local/lib/python3.12/site-packages/airflow/example_dags/example_latest_only_with_trigger.py for tasks to queue
[2024-04-18T08:36:48.041+0000] {logging_mixin.py:188} INFO - [2024-04-18T08:36:48.041+0000] {dagbag.py:540} INFO - Filling up the DagBag from /home/airflow/.local/lib/python3.12/site-packages/airflow/example_dags/example_latest_only_with_trigger.py
[2024-04-18T08:36:48.047+0000] {processor.py:840} INFO - DAG(s) 'latest_only_with_trigger' retrieved from /home/airflow/.local/lib/python3.12/site-packages/airflow/example_dags/example_latest_only_with_trigger.py
[2024-04-18T08:36:48.080+0000] {logging_mixin.py:188} INFO - [2024-04-18T08:36:48.079+0000] {dag.py:3096} INFO - Sync 1 DAGs
[2024-04-18T08:36:48.131+0000] {logging_mixin.py:188} INFO - [2024-04-18T08:36:48.131+0000] {dag.py:3954} INFO - Setting next_dagrun for latest_only_with_trigger to 2024-04-18 04:00:00+00:00, run_after=2024-04-18 08:00:00+00:00
[2024-04-18T08:36:48.166+0000] {processor.py:183} INFO - Processing /home/airflow/.local/lib/python3.12/site-packages/airflow/example_dags/example_latest_only_with_trigger.py took 0.133 seconds
[2024-04-18T08:37:18.570+0000] {processor.py:161} INFO - Started process (PID=5721) to work on /home/airflow/.local/lib/python3.12/site-packages/airflow/example_dags/example_latest_only_with_trigger.py
[2024-04-18T08:37:18.571+0000] {processor.py:830} INFO - Processing file /home/airflow/.local/lib/python3.12/site-packages/airflow/example_dags/example_latest_only_with_trigger.py for tasks to queue
[2024-04-18T08:37:18.573+0000] {logging_mixin.py:188} INFO - [2024-04-18T08:37:18.572+0000] {dagbag.py:540} INFO - Filling up the DagBag from /home/airflow/.local/lib/python3.12/site-packages/airflow/example_dags/example_latest_only_with_trigger.py
[2024-04-18T08:37:18.579+0000] {processor.py:840} INFO - DAG(s) 'latest_only_with_trigger' retrieved from /home/airflow/.local/lib/python3.12/site-packages/airflow/example_dags/example_latest_only_with_trigger.py
[2024-04-18T08:37:18.600+0000] {logging_mixin.py:188} INFO - [2024-04-18T08:37:18.600+0000] {dag.py:3096} INFO - Sync 1 DAGs
[2024-04-18T08:37:18.623+0000] {logging_mixin.py:188} INFO - [2024-04-18T08:37:18.623+0000] {dag.py:3954} INFO - Setting next_dagrun for latest_only_with_trigger to 2024-04-18 04:00:00+00:00, run_after=2024-04-18 08:00:00+00:00
[2024-04-18T08:37:18.647+0000] {processor.py:183} INFO - Processing /home/airflow/.local/lib/python3.12/site-packages/airflow/example_dags/example_latest_only_with_trigger.py took 0.082 seconds
[2024-04-18T08:37:48.986+0000] {processor.py:161} INFO - Started process (PID=5986) to work on /home/airflow/.local/lib/python3.12/site-packages/airflow/example_dags/example_latest_only_with_trigger.py
[2024-04-18T08:37:48.987+0000] {processor.py:830} INFO - Processing file /home/airflow/.local/lib/python3.12/site-packages/airflow/example_dags/example_latest_only_with_trigger.py for tasks to queue
[2024-04-18T08:37:48.989+0000] {logging_mixin.py:188} INFO - [2024-04-18T08:37:48.989+0000] {dagbag.py:540} INFO - Filling up the DagBag from /home/airflow/.local/lib/python3.12/site-packages/airflow/example_dags/example_latest_only_with_trigger.py
[2024-04-18T08:37:48.995+0000] {processor.py:840} INFO - DAG(s) 'latest_only_with_trigger' retrieved from /home/airflow/.local/lib/python3.12/site-packages/airflow/example_dags/example_latest_only_with_trigger.py
[2024-04-18T08:37:49.237+0000] {logging_mixin.py:188} INFO - [2024-04-18T08:37:49.236+0000] {dag.py:3096} INFO - Sync 1 DAGs
[2024-04-18T08:37:49.258+0000] {logging_mixin.py:188} INFO - [2024-04-18T08:37:49.258+0000] {dag.py:3954} INFO - Setting next_dagrun for latest_only_with_trigger to 2024-04-18 04:00:00+00:00, run_after=2024-04-18 08:00:00+00:00
[2024-04-18T08:37:49.317+0000] {processor.py:183} INFO - Processing /home/airflow/.local/lib/python3.12/site-packages/airflow/example_dags/example_latest_only_with_trigger.py took 0.336 seconds
[2024-04-18T08:38:19.604+0000] {processor.py:161} INFO - Started process (PID=6253) to work on /home/airflow/.local/lib/python3.12/site-packages/airflow/example_dags/example_latest_only_with_trigger.py
[2024-04-18T08:38:19.605+0000] {processor.py:830} INFO - Processing file /home/airflow/.local/lib/python3.12/site-packages/airflow/example_dags/example_latest_only_with_trigger.py for tasks to queue
[2024-04-18T08:38:19.606+0000] {logging_mixin.py:188} INFO - [2024-04-18T08:38:19.606+0000] {dagbag.py:540} INFO - Filling up the DagBag from /home/airflow/.local/lib/python3.12/site-packages/airflow/example_dags/example_latest_only_with_trigger.py
[2024-04-18T08:38:19.612+0000] {processor.py:840} INFO - DAG(s) 'latest_only_with_trigger' retrieved from /home/airflow/.local/lib/python3.12/site-packages/airflow/example_dags/example_latest_only_with_trigger.py
[2024-04-18T08:38:19.633+0000] {logging_mixin.py:188} INFO - [2024-04-18T08:38:19.632+0000] {dag.py:3096} INFO - Sync 1 DAGs
[2024-04-18T08:38:19.881+0000] {logging_mixin.py:188} INFO - [2024-04-18T08:38:19.881+0000] {dag.py:3954} INFO - Setting next_dagrun for latest_only_with_trigger to 2024-04-18 04:00:00+00:00, run_after=2024-04-18 08:00:00+00:00
[2024-04-18T08:38:19.901+0000] {processor.py:183} INFO - Processing /home/airflow/.local/lib/python3.12/site-packages/airflow/example_dags/example_latest_only_with_trigger.py took 0.302 seconds
[2024-04-18T08:38:50.586+0000] {processor.py:161} INFO - Started process (PID=6519) to work on /home/airflow/.local/lib/python3.12/site-packages/airflow/example_dags/example_latest_only_with_trigger.py
[2024-04-18T08:38:50.587+0000] {processor.py:830} INFO - Processing file /home/airflow/.local/lib/python3.12/site-packages/airflow/example_dags/example_latest_only_with_trigger.py for tasks to queue
[2024-04-18T08:38:50.589+0000] {logging_mixin.py:188} INFO - [2024-04-18T08:38:50.588+0000] {dagbag.py:540} INFO - Filling up the DagBag from /home/airflow/.local/lib/python3.12/site-packages/airflow/example_dags/example_latest_only_with_trigger.py
[2024-04-18T08:38:50.595+0000] {processor.py:840} INFO - DAG(s) 'latest_only_with_trigger' retrieved from /home/airflow/.local/lib/python3.12/site-packages/airflow/example_dags/example_latest_only_with_trigger.py
[2024-04-18T08:38:50.616+0000] {logging_mixin.py:188} INFO - [2024-04-18T08:38:50.616+0000] {dag.py:3096} INFO - Sync 1 DAGs
[2024-04-18T08:38:50.640+0000] {logging_mixin.py:188} INFO - [2024-04-18T08:38:50.640+0000] {dag.py:3954} INFO - Setting next_dagrun for latest_only_with_trigger to 2024-04-18 04:00:00+00:00, run_after=2024-04-18 08:00:00+00:00
[2024-04-18T08:38:50.669+0000] {processor.py:183} INFO - Processing /home/airflow/.local/lib/python3.12/site-packages/airflow/example_dags/example_latest_only_with_trigger.py took 0.089 seconds
[2024-04-18T08:39:21.271+0000] {processor.py:161} INFO - Started process (PID=6785) to work on /home/airflow/.local/lib/python3.12/site-packages/airflow/example_dags/example_latest_only_with_trigger.py
[2024-04-18T08:39:21.273+0000] {processor.py:830} INFO - Processing file /home/airflow/.local/lib/python3.12/site-packages/airflow/example_dags/example_latest_only_with_trigger.py for tasks to queue
[2024-04-18T08:39:21.274+0000] {logging_mixin.py:188} INFO - [2024-04-18T08:39:21.274+0000] {dagbag.py:540} INFO - Filling up the DagBag from /home/airflow/.local/lib/python3.12/site-packages/airflow/example_dags/example_latest_only_with_trigger.py
[2024-04-18T08:39:21.280+0000] {processor.py:840} INFO - DAG(s) 'latest_only_with_trigger' retrieved from /home/airflow/.local/lib/python3.12/site-packages/airflow/example_dags/example_latest_only_with_trigger.py
[2024-04-18T08:39:21.300+0000] {logging_mixin.py:188} INFO - [2024-04-18T08:39:21.300+0000] {dag.py:3096} INFO - Sync 1 DAGs
[2024-04-18T08:39:21.325+0000] {logging_mixin.py:188} INFO - [2024-04-18T08:39:21.325+0000] {dag.py:3954} INFO - Setting next_dagrun for latest_only_with_trigger to 2024-04-18 04:00:00+00:00, run_after=2024-04-18 08:00:00+00:00
[2024-04-18T08:39:21.348+0000] {processor.py:183} INFO - Processing /home/airflow/.local/lib/python3.12/site-packages/airflow/example_dags/example_latest_only_with_trigger.py took 0.083 seconds
[2024-04-18T08:39:51.641+0000] {processor.py:161} INFO - Started process (PID=7052) to work on /home/airflow/.local/lib/python3.12/site-packages/airflow/example_dags/example_latest_only_with_trigger.py
[2024-04-18T08:39:51.642+0000] {processor.py:830} INFO - Processing file /home/airflow/.local/lib/python3.12/site-packages/airflow/example_dags/example_latest_only_with_trigger.py for tasks to queue
[2024-04-18T08:39:51.644+0000] {logging_mixin.py:188} INFO - [2024-04-18T08:39:51.643+0000] {dagbag.py:540} INFO - Filling up the DagBag from /home/airflow/.local/lib/python3.12/site-packages/airflow/example_dags/example_latest_only_with_trigger.py
[2024-04-18T08:39:51.651+0000] {processor.py:840} INFO - DAG(s) 'latest_only_with_trigger' retrieved from /home/airflow/.local/lib/python3.12/site-packages/airflow/example_dags/example_latest_only_with_trigger.py
[2024-04-18T08:39:51.676+0000] {logging_mixin.py:188} INFO - [2024-04-18T08:39:51.676+0000] {dag.py:3096} INFO - Sync 1 DAGs
[2024-04-18T08:39:51.700+0000] {logging_mixin.py:188} INFO - [2024-04-18T08:39:51.700+0000] {dag.py:3954} INFO - Setting next_dagrun for latest_only_with_trigger to 2024-04-18 04:00:00+00:00, run_after=2024-04-18 08:00:00+00:00
[2024-04-18T08:39:51.724+0000] {processor.py:183} INFO - Processing /home/airflow/.local/lib/python3.12/site-packages/airflow/example_dags/example_latest_only_with_trigger.py took 0.089 seconds
[2024-04-18T08:40:22.357+0000] {processor.py:161} INFO - Started process (PID=7316) to work on /home/airflow/.local/lib/python3.12/site-packages/airflow/example_dags/example_latest_only_with_trigger.py
[2024-04-18T08:40:22.359+0000] {processor.py:830} INFO - Processing file /home/airflow/.local/lib/python3.12/site-packages/airflow/example_dags/example_latest_only_with_trigger.py for tasks to queue
[2024-04-18T08:40:22.362+0000] {logging_mixin.py:188} INFO - [2024-04-18T08:40:22.362+0000] {dagbag.py:540} INFO - Filling up the DagBag from /home/airflow/.local/lib/python3.12/site-packages/airflow/example_dags/example_latest_only_with_trigger.py
[2024-04-18T08:40:22.374+0000] {processor.py:840} INFO - DAG(s) 'latest_only_with_trigger' retrieved from /home/airflow/.local/lib/python3.12/site-packages/airflow/example_dags/example_latest_only_with_trigger.py
[2024-04-18T08:40:22.477+0000] {logging_mixin.py:188} INFO - [2024-04-18T08:40:22.476+0000] {dag.py:3096} INFO - Sync 1 DAGs
[2024-04-18T08:40:22.538+0000] {logging_mixin.py:188} INFO - [2024-04-18T08:40:22.538+0000] {dag.py:3954} INFO - Setting next_dagrun for latest_only_with_trigger to 2024-04-18 04:00:00+00:00, run_after=2024-04-18 08:00:00+00:00
[2024-04-18T08:40:22.575+0000] {processor.py:183} INFO - Processing /home/airflow/.local/lib/python3.12/site-packages/airflow/example_dags/example_latest_only_with_trigger.py took 0.223 seconds
[2024-04-18T08:40:53.455+0000] {processor.py:161} INFO - Started process (PID=7583) to work on /home/airflow/.local/lib/python3.12/site-packages/airflow/example_dags/example_latest_only_with_trigger.py
[2024-04-18T08:40:53.456+0000] {processor.py:830} INFO - Processing file /home/airflow/.local/lib/python3.12/site-packages/airflow/example_dags/example_latest_only_with_trigger.py for tasks to queue
[2024-04-18T08:40:53.470+0000] {logging_mixin.py:188} INFO - [2024-04-18T08:40:53.470+0000] {dagbag.py:540} INFO - Filling up the DagBag from /home/airflow/.local/lib/python3.12/site-packages/airflow/example_dags/example_latest_only_with_trigger.py
[2024-04-18T08:40:53.489+0000] {processor.py:840} INFO - DAG(s) 'latest_only_with_trigger' retrieved from /home/airflow/.local/lib/python3.12/site-packages/airflow/example_dags/example_latest_only_with_trigger.py
[2024-04-18T08:40:53.532+0000] {logging_mixin.py:188} INFO - [2024-04-18T08:40:53.531+0000] {dag.py:3096} INFO - Sync 1 DAGs
[2024-04-18T08:40:53.555+0000] {logging_mixin.py:188} INFO - [2024-04-18T08:40:53.555+0000] {dag.py:3954} INFO - Setting next_dagrun for latest_only_with_trigger to 2024-04-18 04:00:00+00:00, run_after=2024-04-18 08:00:00+00:00
[2024-04-18T08:40:53.588+0000] {processor.py:183} INFO - Processing /home/airflow/.local/lib/python3.12/site-packages/airflow/example_dags/example_latest_only_with_trigger.py took 0.149 seconds
[2024-04-18T08:41:24.153+0000] {processor.py:161} INFO - Started process (PID=7852) to work on /home/airflow/.local/lib/python3.12/site-packages/airflow/example_dags/example_latest_only_with_trigger.py
[2024-04-18T08:41:24.153+0000] {processor.py:830} INFO - Processing file /home/airflow/.local/lib/python3.12/site-packages/airflow/example_dags/example_latest_only_with_trigger.py for tasks to queue
[2024-04-18T08:41:24.155+0000] {logging_mixin.py:188} INFO - [2024-04-18T08:41:24.155+0000] {dagbag.py:540} INFO - Filling up the DagBag from /home/airflow/.local/lib/python3.12/site-packages/airflow/example_dags/example_latest_only_with_trigger.py
[2024-04-18T08:41:24.161+0000] {processor.py:840} INFO - DAG(s) 'latest_only_with_trigger' retrieved from /home/airflow/.local/lib/python3.12/site-packages/airflow/example_dags/example_latest_only_with_trigger.py
[2024-04-18T08:41:24.184+0000] {logging_mixin.py:188} INFO - [2024-04-18T08:41:24.184+0000] {dag.py:3096} INFO - Sync 1 DAGs
[2024-04-18T08:41:24.208+0000] {logging_mixin.py:188} INFO - [2024-04-18T08:41:24.208+0000] {dag.py:3954} INFO - Setting next_dagrun for latest_only_with_trigger to 2024-04-18 04:00:00+00:00, run_after=2024-04-18 08:00:00+00:00
[2024-04-18T08:41:24.230+0000] {processor.py:183} INFO - Processing /home/airflow/.local/lib/python3.12/site-packages/airflow/example_dags/example_latest_only_with_trigger.py took 0.083 seconds
[2024-04-18T08:41:54.744+0000] {processor.py:161} INFO - Started process (PID=8116) to work on /home/airflow/.local/lib/python3.12/site-packages/airflow/example_dags/example_latest_only_with_trigger.py
[2024-04-18T08:41:54.757+0000] {processor.py:830} INFO - Processing file /home/airflow/.local/lib/python3.12/site-packages/airflow/example_dags/example_latest_only_with_trigger.py for tasks to queue
[2024-04-18T08:41:54.760+0000] {logging_mixin.py:188} INFO - [2024-04-18T08:41:54.759+0000] {dagbag.py:540} INFO - Filling up the DagBag from /home/airflow/.local/lib/python3.12/site-packages/airflow/example_dags/example_latest_only_with_trigger.py
[2024-04-18T08:41:54.772+0000] {processor.py:840} INFO - DAG(s) 'latest_only_with_trigger' retrieved from /home/airflow/.local/lib/python3.12/site-packages/airflow/example_dags/example_latest_only_with_trigger.py
[2024-04-18T08:41:54.814+0000] {logging_mixin.py:188} INFO - [2024-04-18T08:41:54.814+0000] {dag.py:3096} INFO - Sync 1 DAGs
[2024-04-18T08:41:54.862+0000] {logging_mixin.py:188} INFO - [2024-04-18T08:41:54.862+0000] {dag.py:3954} INFO - Setting next_dagrun for latest_only_with_trigger to 2024-04-18 04:00:00+00:00, run_after=2024-04-18 08:00:00+00:00
[2024-04-18T08:41:54.914+0000] {processor.py:183} INFO - Processing /home/airflow/.local/lib/python3.12/site-packages/airflow/example_dags/example_latest_only_with_trigger.py took 0.176 seconds
[2024-04-18T08:42:25.517+0000] {processor.py:161} INFO - Started process (PID=8383) to work on /home/airflow/.local/lib/python3.12/site-packages/airflow/example_dags/example_latest_only_with_trigger.py
[2024-04-18T08:42:25.518+0000] {processor.py:830} INFO - Processing file /home/airflow/.local/lib/python3.12/site-packages/airflow/example_dags/example_latest_only_with_trigger.py for tasks to queue
[2024-04-18T08:42:25.519+0000] {logging_mixin.py:188} INFO - [2024-04-18T08:42:25.519+0000] {dagbag.py:540} INFO - Filling up the DagBag from /home/airflow/.local/lib/python3.12/site-packages/airflow/example_dags/example_latest_only_with_trigger.py
[2024-04-18T08:42:25.527+0000] {processor.py:840} INFO - DAG(s) 'latest_only_with_trigger' retrieved from /home/airflow/.local/lib/python3.12/site-packages/airflow/example_dags/example_latest_only_with_trigger.py
[2024-04-18T08:42:25.569+0000] {logging_mixin.py:188} INFO - [2024-04-18T08:42:25.569+0000] {dag.py:3096} INFO - Sync 1 DAGs
[2024-04-18T08:42:25.619+0000] {logging_mixin.py:188} INFO - [2024-04-18T08:42:25.619+0000] {dag.py:3954} INFO - Setting next_dagrun for latest_only_with_trigger to 2024-04-18 04:00:00+00:00, run_after=2024-04-18 08:00:00+00:00
[2024-04-18T08:42:25.652+0000] {processor.py:183} INFO - Processing /home/airflow/.local/lib/python3.12/site-packages/airflow/example_dags/example_latest_only_with_trigger.py took 0.142 seconds
[2024-04-18T08:42:56.061+0000] {processor.py:161} INFO - Started process (PID=8650) to work on /home/airflow/.local/lib/python3.12/site-packages/airflow/example_dags/example_latest_only_with_trigger.py
[2024-04-18T08:42:56.062+0000] {processor.py:830} INFO - Processing file /home/airflow/.local/lib/python3.12/site-packages/airflow/example_dags/example_latest_only_with_trigger.py for tasks to queue
[2024-04-18T08:42:56.065+0000] {logging_mixin.py:188} INFO - [2024-04-18T08:42:56.064+0000] {dagbag.py:540} INFO - Filling up the DagBag from /home/airflow/.local/lib/python3.12/site-packages/airflow/example_dags/example_latest_only_with_trigger.py
[2024-04-18T08:42:56.070+0000] {processor.py:840} INFO - DAG(s) 'latest_only_with_trigger' retrieved from /home/airflow/.local/lib/python3.12/site-packages/airflow/example_dags/example_latest_only_with_trigger.py
[2024-04-18T08:42:56.091+0000] {logging_mixin.py:188} INFO - [2024-04-18T08:42:56.091+0000] {dag.py:3096} INFO - Sync 1 DAGs
[2024-04-18T08:42:56.115+0000] {logging_mixin.py:188} INFO - [2024-04-18T08:42:56.115+0000] {dag.py:3954} INFO - Setting next_dagrun for latest_only_with_trigger to 2024-04-18 04:00:00+00:00, run_after=2024-04-18 08:00:00+00:00
[2024-04-18T08:42:56.138+0000] {processor.py:183} INFO - Processing /home/airflow/.local/lib/python3.12/site-packages/airflow/example_dags/example_latest_only_with_trigger.py took 0.083 seconds
[2024-04-18T08:43:26.322+0000] {processor.py:161} INFO - Started process (PID=8916) to work on /home/airflow/.local/lib/python3.12/site-packages/airflow/example_dags/example_latest_only_with_trigger.py
[2024-04-18T08:43:26.323+0000] {processor.py:830} INFO - Processing file /home/airflow/.local/lib/python3.12/site-packages/airflow/example_dags/example_latest_only_with_trigger.py for tasks to queue
[2024-04-18T08:43:26.325+0000] {logging_mixin.py:188} INFO - [2024-04-18T08:43:26.325+0000] {dagbag.py:540} INFO - Filling up the DagBag from /home/airflow/.local/lib/python3.12/site-packages/airflow/example_dags/example_latest_only_with_trigger.py
[2024-04-18T08:43:26.330+0000] {processor.py:840} INFO - DAG(s) 'latest_only_with_trigger' retrieved from /home/airflow/.local/lib/python3.12/site-packages/airflow/example_dags/example_latest_only_with_trigger.py
[2024-04-18T08:43:26.351+0000] {logging_mixin.py:188} INFO - [2024-04-18T08:43:26.351+0000] {dag.py:3096} INFO - Sync 1 DAGs
[2024-04-18T08:43:26.375+0000] {logging_mixin.py:188} INFO - [2024-04-18T08:43:26.375+0000] {dag.py:3954} INFO - Setting next_dagrun for latest_only_with_trigger to 2024-04-18 04:00:00+00:00, run_after=2024-04-18 08:00:00+00:00
[2024-04-18T08:43:26.402+0000] {processor.py:183} INFO - Processing /home/airflow/.local/lib/python3.12/site-packages/airflow/example_dags/example_latest_only_with_trigger.py took 0.086 seconds
[2024-04-18T08:43:57.086+0000] {processor.py:161} INFO - Started process (PID=9182) to work on /home/airflow/.local/lib/python3.12/site-packages/airflow/example_dags/example_latest_only_with_trigger.py
[2024-04-18T08:43:57.087+0000] {processor.py:830} INFO - Processing file /home/airflow/.local/lib/python3.12/site-packages/airflow/example_dags/example_latest_only_with_trigger.py for tasks to queue
[2024-04-18T08:43:57.089+0000] {logging_mixin.py:188} INFO - [2024-04-18T08:43:57.089+0000] {dagbag.py:540} INFO - Filling up the DagBag from /home/airflow/.local/lib/python3.12/site-packages/airflow/example_dags/example_latest_only_with_trigger.py
[2024-04-18T08:43:57.095+0000] {processor.py:840} INFO - DAG(s) 'latest_only_with_trigger' retrieved from /home/airflow/.local/lib/python3.12/site-packages/airflow/example_dags/example_latest_only_with_trigger.py
[2024-04-18T08:43:57.116+0000] {logging_mixin.py:188} INFO - [2024-04-18T08:43:57.115+0000] {dag.py:3096} INFO - Sync 1 DAGs
[2024-04-18T08:43:57.140+0000] {logging_mixin.py:188} INFO - [2024-04-18T08:43:57.139+0000] {dag.py:3954} INFO - Setting next_dagrun for latest_only_with_trigger to 2024-04-18 04:00:00+00:00, run_after=2024-04-18 08:00:00+00:00
[2024-04-18T08:43:57.166+0000] {processor.py:183} INFO - Processing /home/airflow/.local/lib/python3.12/site-packages/airflow/example_dags/example_latest_only_with_trigger.py took 0.087 seconds
[2024-04-18T08:44:27.593+0000] {processor.py:161} INFO - Started process (PID=9448) to work on /home/airflow/.local/lib/python3.12/site-packages/airflow/example_dags/example_latest_only_with_trigger.py
[2024-04-18T08:44:27.594+0000] {processor.py:830} INFO - Processing file /home/airflow/.local/lib/python3.12/site-packages/airflow/example_dags/example_latest_only_with_trigger.py for tasks to queue
[2024-04-18T08:44:27.596+0000] {logging_mixin.py:188} INFO - [2024-04-18T08:44:27.596+0000] {dagbag.py:540} INFO - Filling up the DagBag from /home/airflow/.local/lib/python3.12/site-packages/airflow/example_dags/example_latest_only_with_trigger.py
[2024-04-18T08:44:27.603+0000] {processor.py:840} INFO - DAG(s) 'latest_only_with_trigger' retrieved from /home/airflow/.local/lib/python3.12/site-packages/airflow/example_dags/example_latest_only_with_trigger.py
[2024-04-18T08:44:27.637+0000] {logging_mixin.py:188} INFO - [2024-04-18T08:44:27.636+0000] {dag.py:3096} INFO - Sync 1 DAGs
[2024-04-18T08:44:27.674+0000] {logging_mixin.py:188} INFO - [2024-04-18T08:44:27.674+0000] {dag.py:3954} INFO - Setting next_dagrun for latest_only_with_trigger to 2024-04-18 04:00:00+00:00, run_after=2024-04-18 08:00:00+00:00
[2024-04-18T08:44:27.720+0000] {processor.py:183} INFO - Processing /home/airflow/.local/lib/python3.12/site-packages/airflow/example_dags/example_latest_only_with_trigger.py took 0.133 seconds
[2024-04-18T08:44:57.773+0000] {processor.py:161} INFO - Started process (PID=9711) to work on /home/airflow/.local/lib/python3.12/site-packages/airflow/example_dags/example_latest_only_with_trigger.py
[2024-04-18T08:44:57.773+0000] {processor.py:830} INFO - Processing file /home/airflow/.local/lib/python3.12/site-packages/airflow/example_dags/example_latest_only_with_trigger.py for tasks to queue
[2024-04-18T08:44:57.775+0000] {logging_mixin.py:188} INFO - [2024-04-18T08:44:57.775+0000] {dagbag.py:540} INFO - Filling up the DagBag from /home/airflow/.local/lib/python3.12/site-packages/airflow/example_dags/example_latest_only_with_trigger.py
[2024-04-18T08:44:57.779+0000] {processor.py:840} INFO - DAG(s) 'latest_only_with_trigger' retrieved from /home/airflow/.local/lib/python3.12/site-packages/airflow/example_dags/example_latest_only_with_trigger.py
[2024-04-18T08:44:57.796+0000] {logging_mixin.py:188} INFO - [2024-04-18T08:44:57.795+0000] {dag.py:3096} INFO - Sync 1 DAGs
[2024-04-18T08:44:57.812+0000] {logging_mixin.py:188} INFO - [2024-04-18T08:44:57.812+0000] {dag.py:3954} INFO - Setting next_dagrun for latest_only_with_trigger to 2024-04-18 04:00:00+00:00, run_after=2024-04-18 08:00:00+00:00
[2024-04-18T08:44:57.831+0000] {processor.py:183} INFO - Processing /home/airflow/.local/lib/python3.12/site-packages/airflow/example_dags/example_latest_only_with_trigger.py took 0.063 seconds
[2024-04-18T08:45:28.427+0000] {processor.py:161} INFO - Started process (PID=9979) to work on /home/airflow/.local/lib/python3.12/site-packages/airflow/example_dags/example_latest_only_with_trigger.py
[2024-04-18T08:45:28.428+0000] {processor.py:830} INFO - Processing file /home/airflow/.local/lib/python3.12/site-packages/airflow/example_dags/example_latest_only_with_trigger.py for tasks to queue
[2024-04-18T08:45:28.432+0000] {logging_mixin.py:188} INFO - [2024-04-18T08:45:28.432+0000] {dagbag.py:540} INFO - Filling up the DagBag from /home/airflow/.local/lib/python3.12/site-packages/airflow/example_dags/example_latest_only_with_trigger.py
[2024-04-18T08:45:28.446+0000] {processor.py:840} INFO - DAG(s) 'latest_only_with_trigger' retrieved from /home/airflow/.local/lib/python3.12/site-packages/airflow/example_dags/example_latest_only_with_trigger.py
[2024-04-18T08:45:28.469+0000] {logging_mixin.py:188} INFO - [2024-04-18T08:45:28.468+0000] {dag.py:3096} INFO - Sync 1 DAGs
[2024-04-18T08:45:28.493+0000] {logging_mixin.py:188} INFO - [2024-04-18T08:45:28.493+0000] {dag.py:3954} INFO - Setting next_dagrun for latest_only_with_trigger to 2024-04-18 04:00:00+00:00, run_after=2024-04-18 08:00:00+00:00
[2024-04-18T08:45:28.517+0000] {processor.py:183} INFO - Processing /home/airflow/.local/lib/python3.12/site-packages/airflow/example_dags/example_latest_only_with_trigger.py took 0.100 seconds
[2024-04-18T08:45:59.119+0000] {processor.py:161} INFO - Started process (PID=10246) to work on /home/airflow/.local/lib/python3.12/site-packages/airflow/example_dags/example_latest_only_with_trigger.py
[2024-04-18T08:45:59.119+0000] {processor.py:830} INFO - Processing file /home/airflow/.local/lib/python3.12/site-packages/airflow/example_dags/example_latest_only_with_trigger.py for tasks to queue
[2024-04-18T08:45:59.121+0000] {logging_mixin.py:188} INFO - [2024-04-18T08:45:59.121+0000] {dagbag.py:540} INFO - Filling up the DagBag from /home/airflow/.local/lib/python3.12/site-packages/airflow/example_dags/example_latest_only_with_trigger.py
[2024-04-18T08:45:59.130+0000] {processor.py:840} INFO - DAG(s) 'latest_only_with_trigger' retrieved from /home/airflow/.local/lib/python3.12/site-packages/airflow/example_dags/example_latest_only_with_trigger.py
[2024-04-18T08:45:59.152+0000] {logging_mixin.py:188} INFO - [2024-04-18T08:45:59.151+0000] {dag.py:3096} INFO - Sync 1 DAGs
[2024-04-18T08:45:59.176+0000] {logging_mixin.py:188} INFO - [2024-04-18T08:45:59.175+0000] {dag.py:3954} INFO - Setting next_dagrun for latest_only_with_trigger to 2024-04-18 04:00:00+00:00, run_after=2024-04-18 08:00:00+00:00
[2024-04-18T08:45:59.203+0000] {processor.py:183} INFO - Processing /home/airflow/.local/lib/python3.12/site-packages/airflow/example_dags/example_latest_only_with_trigger.py took 0.091 seconds
[2024-04-18T08:46:29.590+0000] {processor.py:161} INFO - Started process (PID=10511) to work on /home/airflow/.local/lib/python3.12/site-packages/airflow/example_dags/example_latest_only_with_trigger.py
[2024-04-18T08:46:29.591+0000] {processor.py:830} INFO - Processing file /home/airflow/.local/lib/python3.12/site-packages/airflow/example_dags/example_latest_only_with_trigger.py for tasks to queue
[2024-04-18T08:46:29.593+0000] {logging_mixin.py:188} INFO - [2024-04-18T08:46:29.593+0000] {dagbag.py:540} INFO - Filling up the DagBag from /home/airflow/.local/lib/python3.12/site-packages/airflow/example_dags/example_latest_only_with_trigger.py
[2024-04-18T08:46:29.603+0000] {processor.py:840} INFO - DAG(s) 'latest_only_with_trigger' retrieved from /home/airflow/.local/lib/python3.12/site-packages/airflow/example_dags/example_latest_only_with_trigger.py
[2024-04-18T08:46:29.669+0000] {logging_mixin.py:188} INFO - [2024-04-18T08:46:29.669+0000] {dag.py:3096} INFO - Sync 1 DAGs
[2024-04-18T08:46:29.719+0000] {logging_mixin.py:188} INFO - [2024-04-18T08:46:29.719+0000] {dag.py:3954} INFO - Setting next_dagrun for latest_only_with_trigger to 2024-04-18 04:00:00+00:00, run_after=2024-04-18 08:00:00+00:00
[2024-04-18T08:46:29.752+0000] {processor.py:183} INFO - Processing /home/airflow/.local/lib/python3.12/site-packages/airflow/example_dags/example_latest_only_with_trigger.py took 0.176 seconds
[2024-04-18T08:47:00.154+0000] {processor.py:161} INFO - Started process (PID=10781) to work on /home/airflow/.local/lib/python3.12/site-packages/airflow/example_dags/example_latest_only_with_trigger.py
[2024-04-18T08:47:00.155+0000] {processor.py:830} INFO - Processing file /home/airflow/.local/lib/python3.12/site-packages/airflow/example_dags/example_latest_only_with_trigger.py for tasks to queue
[2024-04-18T08:47:00.169+0000] {logging_mixin.py:188} INFO - [2024-04-18T08:47:00.168+0000] {dagbag.py:540} INFO - Filling up the DagBag from /home/airflow/.local/lib/python3.12/site-packages/airflow/example_dags/example_latest_only_with_trigger.py
[2024-04-18T08:47:00.176+0000] {processor.py:840} INFO - DAG(s) 'latest_only_with_trigger' retrieved from /home/airflow/.local/lib/python3.12/site-packages/airflow/example_dags/example_latest_only_with_trigger.py
[2024-04-18T08:47:00.213+0000] {logging_mixin.py:188} INFO - [2024-04-18T08:47:00.212+0000] {dag.py:3096} INFO - Sync 1 DAGs
[2024-04-18T08:47:00.235+0000] {logging_mixin.py:188} INFO - [2024-04-18T08:47:00.235+0000] {dag.py:3954} INFO - Setting next_dagrun for latest_only_with_trigger to 2024-04-18 04:00:00+00:00, run_after=2024-04-18 08:00:00+00:00
[2024-04-18T08:47:00.254+0000] {processor.py:183} INFO - Processing /home/airflow/.local/lib/python3.12/site-packages/airflow/example_dags/example_latest_only_with_trigger.py took 0.106 seconds
[2024-04-18T08:47:31.453+0000] {processor.py:161} INFO - Started process (PID=11045) to work on /home/airflow/.local/lib/python3.12/site-packages/airflow/example_dags/example_latest_only_with_trigger.py
[2024-04-18T08:47:31.459+0000] {processor.py:830} INFO - Processing file /home/airflow/.local/lib/python3.12/site-packages/airflow/example_dags/example_latest_only_with_trigger.py for tasks to queue
[2024-04-18T08:47:31.461+0000] {logging_mixin.py:188} INFO - [2024-04-18T08:47:31.460+0000] {dagbag.py:540} INFO - Filling up the DagBag from /home/airflow/.local/lib/python3.12/site-packages/airflow/example_dags/example_latest_only_with_trigger.py
[2024-04-18T08:47:31.467+0000] {processor.py:840} INFO - DAG(s) 'latest_only_with_trigger' retrieved from /home/airflow/.local/lib/python3.12/site-packages/airflow/example_dags/example_latest_only_with_trigger.py
[2024-04-18T08:47:31.510+0000] {logging_mixin.py:188} INFO - [2024-04-18T08:47:31.509+0000] {dag.py:3096} INFO - Sync 1 DAGs
[2024-04-18T08:47:31.540+0000] {logging_mixin.py:188} INFO - [2024-04-18T08:47:31.540+0000] {dag.py:3954} INFO - Setting next_dagrun for latest_only_with_trigger to 2024-04-18 04:00:00+00:00, run_after=2024-04-18 08:00:00+00:00
[2024-04-18T08:47:31.572+0000] {processor.py:183} INFO - Processing /home/airflow/.local/lib/python3.12/site-packages/airflow/example_dags/example_latest_only_with_trigger.py took 0.141 seconds
[2024-04-18T08:48:01.782+0000] {processor.py:161} INFO - Started process (PID=11312) to work on /home/airflow/.local/lib/python3.12/site-packages/airflow/example_dags/example_latest_only_with_trigger.py
[2024-04-18T08:48:01.783+0000] {processor.py:830} INFO - Processing file /home/airflow/.local/lib/python3.12/site-packages/airflow/example_dags/example_latest_only_with_trigger.py for tasks to queue
[2024-04-18T08:48:01.785+0000] {logging_mixin.py:188} INFO - [2024-04-18T08:48:01.785+0000] {dagbag.py:540} INFO - Filling up the DagBag from /home/airflow/.local/lib/python3.12/site-packages/airflow/example_dags/example_latest_only_with_trigger.py
[2024-04-18T08:48:01.791+0000] {processor.py:840} INFO - DAG(s) 'latest_only_with_trigger' retrieved from /home/airflow/.local/lib/python3.12/site-packages/airflow/example_dags/example_latest_only_with_trigger.py
[2024-04-18T08:48:01.852+0000] {logging_mixin.py:188} INFO - [2024-04-18T08:48:01.844+0000] {dag.py:3096} INFO - Sync 1 DAGs
[2024-04-18T08:48:01.903+0000] {logging_mixin.py:188} INFO - [2024-04-18T08:48:01.902+0000] {dag.py:3954} INFO - Setting next_dagrun for latest_only_with_trigger to 2024-04-18 04:00:00+00:00, run_after=2024-04-18 08:00:00+00:00
[2024-04-18T08:48:01.930+0000] {processor.py:183} INFO - Processing /home/airflow/.local/lib/python3.12/site-packages/airflow/example_dags/example_latest_only_with_trigger.py took 0.155 seconds
[2024-04-18T08:48:32.425+0000] {processor.py:161} INFO - Started process (PID=11578) to work on /home/airflow/.local/lib/python3.12/site-packages/airflow/example_dags/example_latest_only_with_trigger.py
[2024-04-18T08:48:32.426+0000] {processor.py:830} INFO - Processing file /home/airflow/.local/lib/python3.12/site-packages/airflow/example_dags/example_latest_only_with_trigger.py for tasks to queue
[2024-04-18T08:48:32.428+0000] {logging_mixin.py:188} INFO - [2024-04-18T08:48:32.427+0000] {dagbag.py:540} INFO - Filling up the DagBag from /home/airflow/.local/lib/python3.12/site-packages/airflow/example_dags/example_latest_only_with_trigger.py
[2024-04-18T08:48:32.433+0000] {processor.py:840} INFO - DAG(s) 'latest_only_with_trigger' retrieved from /home/airflow/.local/lib/python3.12/site-packages/airflow/example_dags/example_latest_only_with_trigger.py
[2024-04-18T08:48:32.458+0000] {logging_mixin.py:188} INFO - [2024-04-18T08:48:32.458+0000] {dag.py:3096} INFO - Sync 1 DAGs
[2024-04-18T08:48:32.481+0000] {logging_mixin.py:188} INFO - [2024-04-18T08:48:32.481+0000] {dag.py:3954} INFO - Setting next_dagrun for latest_only_with_trigger to 2024-04-18 04:00:00+00:00, run_after=2024-04-18 08:00:00+00:00
[2024-04-18T08:48:32.512+0000] {processor.py:183} INFO - Processing /home/airflow/.local/lib/python3.12/site-packages/airflow/example_dags/example_latest_only_with_trigger.py took 0.093 seconds
[2024-04-18T08:49:03.308+0000] {processor.py:161} INFO - Started process (PID=11844) to work on /home/airflow/.local/lib/python3.12/site-packages/airflow/example_dags/example_latest_only_with_trigger.py
[2024-04-18T08:49:03.309+0000] {processor.py:830} INFO - Processing file /home/airflow/.local/lib/python3.12/site-packages/airflow/example_dags/example_latest_only_with_trigger.py for tasks to queue
[2024-04-18T08:49:03.311+0000] {logging_mixin.py:188} INFO - [2024-04-18T08:49:03.311+0000] {dagbag.py:540} INFO - Filling up the DagBag from /home/airflow/.local/lib/python3.12/site-packages/airflow/example_dags/example_latest_only_with_trigger.py
[2024-04-18T08:49:03.317+0000] {processor.py:840} INFO - DAG(s) 'latest_only_with_trigger' retrieved from /home/airflow/.local/lib/python3.12/site-packages/airflow/example_dags/example_latest_only_with_trigger.py
[2024-04-18T08:49:03.341+0000] {logging_mixin.py:188} INFO - [2024-04-18T08:49:03.340+0000] {dag.py:3096} INFO - Sync 1 DAGs
[2024-04-18T08:49:03.363+0000] {logging_mixin.py:188} INFO - [2024-04-18T08:49:03.362+0000] {dag.py:3954} INFO - Setting next_dagrun for latest_only_with_trigger to 2024-04-18 04:00:00+00:00, run_after=2024-04-18 08:00:00+00:00
[2024-04-18T08:49:03.400+0000] {processor.py:183} INFO - Processing /home/airflow/.local/lib/python3.12/site-packages/airflow/example_dags/example_latest_only_with_trigger.py took 0.098 seconds
