[2024-04-18T08:26:59.660+0000] {processor.py:161} INFO - Started process (PID=283) to work on /home/airflow/.local/lib/python3.12/site-packages/airflow/example_dags/example_nested_branch_dag.py
[2024-04-18T08:26:59.664+0000] {processor.py:830} INFO - Processing file /home/airflow/.local/lib/python3.12/site-packages/airflow/example_dags/example_nested_branch_dag.py for tasks to queue
[2024-04-18T08:26:59.673+0000] {logging_mixin.py:188} INFO - [2024-04-18T08:26:59.673+0000] {dagbag.py:540} INFO - Filling up the DagBag from /home/airflow/.local/lib/python3.12/site-packages/airflow/example_dags/example_nested_branch_dag.py
[2024-04-18T08:26:59.722+0000] {processor.py:840} INFO - DAG(s) 'example_nested_branch_dag' retrieved from /home/airflow/.local/lib/python3.12/site-packages/airflow/example_dags/example_nested_branch_dag.py
[2024-04-18T08:26:59.971+0000] {logging_mixin.py:188} INFO - [2024-04-18T08:26:59.971+0000] {dag.py:3096} INFO - Sync 1 DAGs
[2024-04-18T08:27:00.065+0000] {logging_mixin.py:188} INFO - [2024-04-18T08:27:00.065+0000] {dag.py:3954} INFO - Setting next_dagrun for example_nested_branch_dag to 2024-04-17 00:00:00+00:00, run_after=2024-04-18 00:00:00+00:00
[2024-04-18T08:27:00.125+0000] {processor.py:183} INFO - Processing /home/airflow/.local/lib/python3.12/site-packages/airflow/example_dags/example_nested_branch_dag.py took 0.482 seconds
[2024-04-18T08:27:30.207+0000] {processor.py:161} INFO - Started process (PID=570) to work on /home/airflow/.local/lib/python3.12/site-packages/airflow/example_dags/example_nested_branch_dag.py
[2024-04-18T08:27:30.208+0000] {processor.py:830} INFO - Processing file /home/airflow/.local/lib/python3.12/site-packages/airflow/example_dags/example_nested_branch_dag.py for tasks to queue
[2024-04-18T08:27:30.210+0000] {logging_mixin.py:188} INFO - [2024-04-18T08:27:30.210+0000] {dagbag.py:540} INFO - Filling up the DagBag from /home/airflow/.local/lib/python3.12/site-packages/airflow/example_dags/example_nested_branch_dag.py
[2024-04-18T08:27:30.221+0000] {processor.py:840} INFO - DAG(s) 'example_nested_branch_dag' retrieved from /home/airflow/.local/lib/python3.12/site-packages/airflow/example_dags/example_nested_branch_dag.py
[2024-04-18T08:27:30.245+0000] {logging_mixin.py:188} INFO - [2024-04-18T08:27:30.245+0000] {dag.py:3096} INFO - Sync 1 DAGs
[2024-04-18T08:27:30.269+0000] {logging_mixin.py:188} INFO - [2024-04-18T08:27:30.269+0000] {dag.py:3954} INFO - Setting next_dagrun for example_nested_branch_dag to 2024-04-17 00:00:00+00:00, run_after=2024-04-18 00:00:00+00:00
[2024-04-18T08:27:30.290+0000] {processor.py:183} INFO - Processing /home/airflow/.local/lib/python3.12/site-packages/airflow/example_dags/example_nested_branch_dag.py took 0.089 seconds
[2024-04-18T08:28:02.533+0000] {processor.py:161} INFO - Started process (PID=843) to work on /home/airflow/.local/lib/python3.12/site-packages/airflow/example_dags/example_nested_branch_dag.py
[2024-04-18T08:28:02.537+0000] {processor.py:830} INFO - Processing file /home/airflow/.local/lib/python3.12/site-packages/airflow/example_dags/example_nested_branch_dag.py for tasks to queue
[2024-04-18T08:28:02.557+0000] {logging_mixin.py:188} INFO - [2024-04-18T08:28:02.557+0000] {dagbag.py:540} INFO - Filling up the DagBag from /home/airflow/.local/lib/python3.12/site-packages/airflow/example_dags/example_nested_branch_dag.py
[2024-04-18T08:28:02.666+0000] {processor.py:840} INFO - DAG(s) 'example_nested_branch_dag' retrieved from /home/airflow/.local/lib/python3.12/site-packages/airflow/example_dags/example_nested_branch_dag.py
[2024-04-18T08:28:02.808+0000] {logging_mixin.py:188} INFO - [2024-04-18T08:28:02.808+0000] {dag.py:3096} INFO - Sync 1 DAGs
[2024-04-18T08:28:02.947+0000] {logging_mixin.py:188} INFO - [2024-04-18T08:28:02.947+0000] {dag.py:3954} INFO - Setting next_dagrun for example_nested_branch_dag to 2024-04-17 00:00:00+00:00, run_after=2024-04-18 00:00:00+00:00
[2024-04-18T08:28:03.073+0000] {processor.py:183} INFO - Processing /home/airflow/.local/lib/python3.12/site-packages/airflow/example_dags/example_nested_branch_dag.py took 0.581 seconds
[2024-04-18T08:28:33.300+0000] {processor.py:161} INFO - Started process (PID=1110) to work on /home/airflow/.local/lib/python3.12/site-packages/airflow/example_dags/example_nested_branch_dag.py
[2024-04-18T08:28:33.323+0000] {processor.py:830} INFO - Processing file /home/airflow/.local/lib/python3.12/site-packages/airflow/example_dags/example_nested_branch_dag.py for tasks to queue
[2024-04-18T08:28:33.337+0000] {logging_mixin.py:188} INFO - [2024-04-18T08:28:33.334+0000] {dagbag.py:540} INFO - Filling up the DagBag from /home/airflow/.local/lib/python3.12/site-packages/airflow/example_dags/example_nested_branch_dag.py
[2024-04-18T08:28:33.385+0000] {processor.py:840} INFO - DAG(s) 'example_nested_branch_dag' retrieved from /home/airflow/.local/lib/python3.12/site-packages/airflow/example_dags/example_nested_branch_dag.py
[2024-04-18T08:28:33.439+0000] {logging_mixin.py:188} INFO - [2024-04-18T08:28:33.437+0000] {dag.py:3096} INFO - Sync 1 DAGs
[2024-04-18T08:28:33.516+0000] {logging_mixin.py:188} INFO - [2024-04-18T08:28:33.516+0000] {dag.py:3954} INFO - Setting next_dagrun for example_nested_branch_dag to 2024-04-17 00:00:00+00:00, run_after=2024-04-18 00:00:00+00:00
[2024-04-18T08:28:33.589+0000] {processor.py:183} INFO - Processing /home/airflow/.local/lib/python3.12/site-packages/airflow/example_dags/example_nested_branch_dag.py took 0.299 seconds
[2024-04-18T08:29:04.510+0000] {processor.py:161} INFO - Started process (PID=1377) to work on /home/airflow/.local/lib/python3.12/site-packages/airflow/example_dags/example_nested_branch_dag.py
[2024-04-18T08:29:04.511+0000] {processor.py:830} INFO - Processing file /home/airflow/.local/lib/python3.12/site-packages/airflow/example_dags/example_nested_branch_dag.py for tasks to queue
[2024-04-18T08:29:04.517+0000] {logging_mixin.py:188} INFO - [2024-04-18T08:29:04.517+0000] {dagbag.py:540} INFO - Filling up the DagBag from /home/airflow/.local/lib/python3.12/site-packages/airflow/example_dags/example_nested_branch_dag.py
[2024-04-18T08:29:04.528+0000] {processor.py:840} INFO - DAG(s) 'example_nested_branch_dag' retrieved from /home/airflow/.local/lib/python3.12/site-packages/airflow/example_dags/example_nested_branch_dag.py
[2024-04-18T08:29:04.556+0000] {logging_mixin.py:188} INFO - [2024-04-18T08:29:04.555+0000] {dag.py:3096} INFO - Sync 1 DAGs
[2024-04-18T08:29:04.580+0000] {logging_mixin.py:188} INFO - [2024-04-18T08:29:04.579+0000] {dag.py:3954} INFO - Setting next_dagrun for example_nested_branch_dag to 2024-04-17 00:00:00+00:00, run_after=2024-04-18 00:00:00+00:00
[2024-04-18T08:29:04.600+0000] {processor.py:183} INFO - Processing /home/airflow/.local/lib/python3.12/site-packages/airflow/example_dags/example_nested_branch_dag.py took 0.096 seconds
[2024-04-18T08:29:34.760+0000] {processor.py:161} INFO - Started process (PID=1642) to work on /home/airflow/.local/lib/python3.12/site-packages/airflow/example_dags/example_nested_branch_dag.py
[2024-04-18T08:29:34.760+0000] {processor.py:830} INFO - Processing file /home/airflow/.local/lib/python3.12/site-packages/airflow/example_dags/example_nested_branch_dag.py for tasks to queue
[2024-04-18T08:29:34.762+0000] {logging_mixin.py:188} INFO - [2024-04-18T08:29:34.762+0000] {dagbag.py:540} INFO - Filling up the DagBag from /home/airflow/.local/lib/python3.12/site-packages/airflow/example_dags/example_nested_branch_dag.py
[2024-04-18T08:29:34.779+0000] {processor.py:840} INFO - DAG(s) 'example_nested_branch_dag' retrieved from /home/airflow/.local/lib/python3.12/site-packages/airflow/example_dags/example_nested_branch_dag.py
[2024-04-18T08:29:34.816+0000] {logging_mixin.py:188} INFO - [2024-04-18T08:29:34.815+0000] {dag.py:3096} INFO - Sync 1 DAGs
[2024-04-18T08:29:34.864+0000] {logging_mixin.py:188} INFO - [2024-04-18T08:29:34.863+0000] {dag.py:3954} INFO - Setting next_dagrun for example_nested_branch_dag to 2024-04-17 00:00:00+00:00, run_after=2024-04-18 00:00:00+00:00
[2024-04-18T08:29:34.887+0000] {processor.py:183} INFO - Processing /home/airflow/.local/lib/python3.12/site-packages/airflow/example_dags/example_nested_branch_dag.py took 0.135 seconds
[2024-04-18T08:30:04.921+0000] {processor.py:161} INFO - Started process (PID=1906) to work on /home/airflow/.local/lib/python3.12/site-packages/airflow/example_dags/example_nested_branch_dag.py
[2024-04-18T08:30:04.921+0000] {processor.py:830} INFO - Processing file /home/airflow/.local/lib/python3.12/site-packages/airflow/example_dags/example_nested_branch_dag.py for tasks to queue
[2024-04-18T08:30:04.923+0000] {logging_mixin.py:188} INFO - [2024-04-18T08:30:04.923+0000] {dagbag.py:540} INFO - Filling up the DagBag from /home/airflow/.local/lib/python3.12/site-packages/airflow/example_dags/example_nested_branch_dag.py
[2024-04-18T08:30:04.931+0000] {processor.py:840} INFO - DAG(s) 'example_nested_branch_dag' retrieved from /home/airflow/.local/lib/python3.12/site-packages/airflow/example_dags/example_nested_branch_dag.py
[2024-04-18T08:30:04.947+0000] {logging_mixin.py:188} INFO - [2024-04-18T08:30:04.947+0000] {dag.py:3096} INFO - Sync 1 DAGs
[2024-04-18T08:30:04.968+0000] {logging_mixin.py:188} INFO - [2024-04-18T08:30:04.967+0000] {dag.py:3954} INFO - Setting next_dagrun for example_nested_branch_dag to 2024-04-17 00:00:00+00:00, run_after=2024-04-18 00:00:00+00:00
[2024-04-18T08:30:04.994+0000] {processor.py:183} INFO - Processing /home/airflow/.local/lib/python3.12/site-packages/airflow/example_dags/example_nested_branch_dag.py took 0.077 seconds
[2024-04-18T08:30:35.434+0000] {processor.py:161} INFO - Started process (PID=2176) to work on /home/airflow/.local/lib/python3.12/site-packages/airflow/example_dags/example_nested_branch_dag.py
[2024-04-18T08:30:35.435+0000] {processor.py:830} INFO - Processing file /home/airflow/.local/lib/python3.12/site-packages/airflow/example_dags/example_nested_branch_dag.py for tasks to queue
[2024-04-18T08:30:35.436+0000] {logging_mixin.py:188} INFO - [2024-04-18T08:30:35.436+0000] {dagbag.py:540} INFO - Filling up the DagBag from /home/airflow/.local/lib/python3.12/site-packages/airflow/example_dags/example_nested_branch_dag.py
[2024-04-18T08:30:35.447+0000] {processor.py:840} INFO - DAG(s) 'example_nested_branch_dag' retrieved from /home/airflow/.local/lib/python3.12/site-packages/airflow/example_dags/example_nested_branch_dag.py
[2024-04-18T08:30:35.474+0000] {logging_mixin.py:188} INFO - [2024-04-18T08:30:35.473+0000] {dag.py:3096} INFO - Sync 1 DAGs
[2024-04-18T08:30:35.496+0000] {logging_mixin.py:188} INFO - [2024-04-18T08:30:35.495+0000] {dag.py:3954} INFO - Setting next_dagrun for example_nested_branch_dag to 2024-04-17 00:00:00+00:00, run_after=2024-04-18 00:00:00+00:00
[2024-04-18T08:30:35.518+0000] {processor.py:183} INFO - Processing /home/airflow/.local/lib/python3.12/site-packages/airflow/example_dags/example_nested_branch_dag.py took 0.090 seconds
[2024-04-18T08:31:05.858+0000] {processor.py:161} INFO - Started process (PID=2442) to work on /home/airflow/.local/lib/python3.12/site-packages/airflow/example_dags/example_nested_branch_dag.py
[2024-04-18T08:31:05.859+0000] {processor.py:830} INFO - Processing file /home/airflow/.local/lib/python3.12/site-packages/airflow/example_dags/example_nested_branch_dag.py for tasks to queue
[2024-04-18T08:31:05.861+0000] {logging_mixin.py:188} INFO - [2024-04-18T08:31:05.860+0000] {dagbag.py:540} INFO - Filling up the DagBag from /home/airflow/.local/lib/python3.12/site-packages/airflow/example_dags/example_nested_branch_dag.py
[2024-04-18T08:31:05.872+0000] {processor.py:840} INFO - DAG(s) 'example_nested_branch_dag' retrieved from /home/airflow/.local/lib/python3.12/site-packages/airflow/example_dags/example_nested_branch_dag.py
[2024-04-18T08:31:05.896+0000] {logging_mixin.py:188} INFO - [2024-04-18T08:31:05.896+0000] {dag.py:3096} INFO - Sync 1 DAGs
[2024-04-18T08:31:05.921+0000] {logging_mixin.py:188} INFO - [2024-04-18T08:31:05.920+0000] {dag.py:3954} INFO - Setting next_dagrun for example_nested_branch_dag to 2024-04-17 00:00:00+00:00, run_after=2024-04-18 00:00:00+00:00
[2024-04-18T08:31:05.941+0000] {processor.py:183} INFO - Processing /home/airflow/.local/lib/python3.12/site-packages/airflow/example_dags/example_nested_branch_dag.py took 0.089 seconds
[2024-04-18T08:31:36.308+0000] {processor.py:161} INFO - Started process (PID=2708) to work on /home/airflow/.local/lib/python3.12/site-packages/airflow/example_dags/example_nested_branch_dag.py
[2024-04-18T08:31:36.309+0000] {processor.py:830} INFO - Processing file /home/airflow/.local/lib/python3.12/site-packages/airflow/example_dags/example_nested_branch_dag.py for tasks to queue
[2024-04-18T08:31:36.311+0000] {logging_mixin.py:188} INFO - [2024-04-18T08:31:36.310+0000] {dagbag.py:540} INFO - Filling up the DagBag from /home/airflow/.local/lib/python3.12/site-packages/airflow/example_dags/example_nested_branch_dag.py
[2024-04-18T08:31:36.322+0000] {processor.py:840} INFO - DAG(s) 'example_nested_branch_dag' retrieved from /home/airflow/.local/lib/python3.12/site-packages/airflow/example_dags/example_nested_branch_dag.py
[2024-04-18T08:31:36.348+0000] {logging_mixin.py:188} INFO - [2024-04-18T08:31:36.348+0000] {dag.py:3096} INFO - Sync 1 DAGs
[2024-04-18T08:31:36.373+0000] {logging_mixin.py:188} INFO - [2024-04-18T08:31:36.372+0000] {dag.py:3954} INFO - Setting next_dagrun for example_nested_branch_dag to 2024-04-17 00:00:00+00:00, run_after=2024-04-18 00:00:00+00:00
[2024-04-18T08:31:36.393+0000] {processor.py:183} INFO - Processing /home/airflow/.local/lib/python3.12/site-packages/airflow/example_dags/example_nested_branch_dag.py took 0.092 seconds
[2024-04-18T08:32:07.218+0000] {processor.py:161} INFO - Started process (PID=2974) to work on /home/airflow/.local/lib/python3.12/site-packages/airflow/example_dags/example_nested_branch_dag.py
[2024-04-18T08:32:07.219+0000] {processor.py:830} INFO - Processing file /home/airflow/.local/lib/python3.12/site-packages/airflow/example_dags/example_nested_branch_dag.py for tasks to queue
[2024-04-18T08:32:07.221+0000] {logging_mixin.py:188} INFO - [2024-04-18T08:32:07.221+0000] {dagbag.py:540} INFO - Filling up the DagBag from /home/airflow/.local/lib/python3.12/site-packages/airflow/example_dags/example_nested_branch_dag.py
[2024-04-18T08:32:07.233+0000] {processor.py:840} INFO - DAG(s) 'example_nested_branch_dag' retrieved from /home/airflow/.local/lib/python3.12/site-packages/airflow/example_dags/example_nested_branch_dag.py
[2024-04-18T08:32:07.260+0000] {logging_mixin.py:188} INFO - [2024-04-18T08:32:07.259+0000] {dag.py:3096} INFO - Sync 1 DAGs
[2024-04-18T08:32:07.284+0000] {logging_mixin.py:188} INFO - [2024-04-18T08:32:07.284+0000] {dag.py:3954} INFO - Setting next_dagrun for example_nested_branch_dag to 2024-04-17 00:00:00+00:00, run_after=2024-04-18 00:00:00+00:00
[2024-04-18T08:32:07.305+0000] {processor.py:183} INFO - Processing /home/airflow/.local/lib/python3.12/site-packages/airflow/example_dags/example_nested_branch_dag.py took 0.094 seconds
[2024-04-18T08:32:37.917+0000] {processor.py:161} INFO - Started process (PID=3242) to work on /home/airflow/.local/lib/python3.12/site-packages/airflow/example_dags/example_nested_branch_dag.py
[2024-04-18T08:32:37.918+0000] {processor.py:830} INFO - Processing file /home/airflow/.local/lib/python3.12/site-packages/airflow/example_dags/example_nested_branch_dag.py for tasks to queue
[2024-04-18T08:32:37.920+0000] {logging_mixin.py:188} INFO - [2024-04-18T08:32:37.920+0000] {dagbag.py:540} INFO - Filling up the DagBag from /home/airflow/.local/lib/python3.12/site-packages/airflow/example_dags/example_nested_branch_dag.py
[2024-04-18T08:32:37.933+0000] {processor.py:840} INFO - DAG(s) 'example_nested_branch_dag' retrieved from /home/airflow/.local/lib/python3.12/site-packages/airflow/example_dags/example_nested_branch_dag.py
[2024-04-18T08:32:37.956+0000] {logging_mixin.py:188} INFO - [2024-04-18T08:32:37.956+0000] {dag.py:3096} INFO - Sync 1 DAGs
[2024-04-18T08:32:37.979+0000] {logging_mixin.py:188} INFO - [2024-04-18T08:32:37.979+0000] {dag.py:3954} INFO - Setting next_dagrun for example_nested_branch_dag to 2024-04-17 00:00:00+00:00, run_after=2024-04-18 00:00:00+00:00
[2024-04-18T08:32:38.000+0000] {processor.py:183} INFO - Processing /home/airflow/.local/lib/python3.12/site-packages/airflow/example_dags/example_nested_branch_dag.py took 0.089 seconds
[2024-04-18T08:33:08.266+0000] {processor.py:161} INFO - Started process (PID=3507) to work on /home/airflow/.local/lib/python3.12/site-packages/airflow/example_dags/example_nested_branch_dag.py
[2024-04-18T08:33:08.293+0000] {processor.py:830} INFO - Processing file /home/airflow/.local/lib/python3.12/site-packages/airflow/example_dags/example_nested_branch_dag.py for tasks to queue
[2024-04-18T08:33:08.294+0000] {logging_mixin.py:188} INFO - [2024-04-18T08:33:08.294+0000] {dagbag.py:540} INFO - Filling up the DagBag from /home/airflow/.local/lib/python3.12/site-packages/airflow/example_dags/example_nested_branch_dag.py
[2024-04-18T08:33:08.327+0000] {processor.py:840} INFO - DAG(s) 'example_nested_branch_dag' retrieved from /home/airflow/.local/lib/python3.12/site-packages/airflow/example_dags/example_nested_branch_dag.py
[2024-04-18T08:33:08.372+0000] {logging_mixin.py:188} INFO - [2024-04-18T08:33:08.371+0000] {dag.py:3096} INFO - Sync 1 DAGs
[2024-04-18T08:33:08.462+0000] {logging_mixin.py:188} INFO - [2024-04-18T08:33:08.462+0000] {dag.py:3954} INFO - Setting next_dagrun for example_nested_branch_dag to 2024-04-17 00:00:00+00:00, run_after=2024-04-18 00:00:00+00:00
[2024-04-18T08:33:08.585+0000] {processor.py:183} INFO - Processing /home/airflow/.local/lib/python3.12/site-packages/airflow/example_dags/example_nested_branch_dag.py took 0.337 seconds
[2024-04-18T08:33:38.720+0000] {processor.py:161} INFO - Started process (PID=3772) to work on /home/airflow/.local/lib/python3.12/site-packages/airflow/example_dags/example_nested_branch_dag.py
[2024-04-18T08:33:38.724+0000] {processor.py:830} INFO - Processing file /home/airflow/.local/lib/python3.12/site-packages/airflow/example_dags/example_nested_branch_dag.py for tasks to queue
[2024-04-18T08:33:38.726+0000] {logging_mixin.py:188} INFO - [2024-04-18T08:33:38.725+0000] {dagbag.py:540} INFO - Filling up the DagBag from /home/airflow/.local/lib/python3.12/site-packages/airflow/example_dags/example_nested_branch_dag.py
[2024-04-18T08:33:38.737+0000] {processor.py:840} INFO - DAG(s) 'example_nested_branch_dag' retrieved from /home/airflow/.local/lib/python3.12/site-packages/airflow/example_dags/example_nested_branch_dag.py
[2024-04-18T08:33:38.762+0000] {logging_mixin.py:188} INFO - [2024-04-18T08:33:38.761+0000] {dag.py:3096} INFO - Sync 1 DAGs
[2024-04-18T08:33:38.787+0000] {logging_mixin.py:188} INFO - [2024-04-18T08:33:38.787+0000] {dag.py:3954} INFO - Setting next_dagrun for example_nested_branch_dag to 2024-04-17 00:00:00+00:00, run_after=2024-04-18 00:00:00+00:00
[2024-04-18T08:33:38.809+0000] {processor.py:183} INFO - Processing /home/airflow/.local/lib/python3.12/site-packages/airflow/example_dags/example_nested_branch_dag.py took 0.095 seconds
[2024-04-18T08:34:08.916+0000] {processor.py:161} INFO - Started process (PID=4038) to work on /home/airflow/.local/lib/python3.12/site-packages/airflow/example_dags/example_nested_branch_dag.py
[2024-04-18T08:34:08.916+0000] {processor.py:830} INFO - Processing file /home/airflow/.local/lib/python3.12/site-packages/airflow/example_dags/example_nested_branch_dag.py for tasks to queue
[2024-04-18T08:34:08.918+0000] {logging_mixin.py:188} INFO - [2024-04-18T08:34:08.918+0000] {dagbag.py:540} INFO - Filling up the DagBag from /home/airflow/.local/lib/python3.12/site-packages/airflow/example_dags/example_nested_branch_dag.py
[2024-04-18T08:34:08.926+0000] {processor.py:840} INFO - DAG(s) 'example_nested_branch_dag' retrieved from /home/airflow/.local/lib/python3.12/site-packages/airflow/example_dags/example_nested_branch_dag.py
[2024-04-18T08:34:08.943+0000] {logging_mixin.py:188} INFO - [2024-04-18T08:34:08.943+0000] {dag.py:3096} INFO - Sync 1 DAGs
[2024-04-18T08:34:08.962+0000] {logging_mixin.py:188} INFO - [2024-04-18T08:34:08.961+0000] {dag.py:3954} INFO - Setting next_dagrun for example_nested_branch_dag to 2024-04-17 00:00:00+00:00, run_after=2024-04-18 00:00:00+00:00
[2024-04-18T08:34:08.979+0000] {processor.py:183} INFO - Processing /home/airflow/.local/lib/python3.12/site-packages/airflow/example_dags/example_nested_branch_dag.py took 0.068 seconds
[2024-04-18T08:34:39.116+0000] {processor.py:161} INFO - Started process (PID=4304) to work on /home/airflow/.local/lib/python3.12/site-packages/airflow/example_dags/example_nested_branch_dag.py
[2024-04-18T08:34:39.116+0000] {processor.py:830} INFO - Processing file /home/airflow/.local/lib/python3.12/site-packages/airflow/example_dags/example_nested_branch_dag.py for tasks to queue
[2024-04-18T08:34:39.118+0000] {logging_mixin.py:188} INFO - [2024-04-18T08:34:39.118+0000] {dagbag.py:540} INFO - Filling up the DagBag from /home/airflow/.local/lib/python3.12/site-packages/airflow/example_dags/example_nested_branch_dag.py
[2024-04-18T08:34:39.126+0000] {processor.py:840} INFO - DAG(s) 'example_nested_branch_dag' retrieved from /home/airflow/.local/lib/python3.12/site-packages/airflow/example_dags/example_nested_branch_dag.py
[2024-04-18T08:34:39.142+0000] {logging_mixin.py:188} INFO - [2024-04-18T08:34:39.142+0000] {dag.py:3096} INFO - Sync 1 DAGs
[2024-04-18T08:34:39.159+0000] {logging_mixin.py:188} INFO - [2024-04-18T08:34:39.158+0000] {dag.py:3954} INFO - Setting next_dagrun for example_nested_branch_dag to 2024-04-17 00:00:00+00:00, run_after=2024-04-18 00:00:00+00:00
[2024-04-18T08:34:39.177+0000] {processor.py:183} INFO - Processing /home/airflow/.local/lib/python3.12/site-packages/airflow/example_dags/example_nested_branch_dag.py took 0.065 seconds
[2024-04-18T08:35:09.710+0000] {processor.py:161} INFO - Started process (PID=4571) to work on /home/airflow/.local/lib/python3.12/site-packages/airflow/example_dags/example_nested_branch_dag.py
[2024-04-18T08:35:09.711+0000] {processor.py:830} INFO - Processing file /home/airflow/.local/lib/python3.12/site-packages/airflow/example_dags/example_nested_branch_dag.py for tasks to queue
[2024-04-18T08:35:09.712+0000] {logging_mixin.py:188} INFO - [2024-04-18T08:35:09.712+0000] {dagbag.py:540} INFO - Filling up the DagBag from /home/airflow/.local/lib/python3.12/site-packages/airflow/example_dags/example_nested_branch_dag.py
[2024-04-18T08:35:09.720+0000] {processor.py:840} INFO - DAG(s) 'example_nested_branch_dag' retrieved from /home/airflow/.local/lib/python3.12/site-packages/airflow/example_dags/example_nested_branch_dag.py
[2024-04-18T08:35:09.737+0000] {logging_mixin.py:188} INFO - [2024-04-18T08:35:09.737+0000] {dag.py:3096} INFO - Sync 1 DAGs
[2024-04-18T08:35:09.754+0000] {logging_mixin.py:188} INFO - [2024-04-18T08:35:09.754+0000] {dag.py:3954} INFO - Setting next_dagrun for example_nested_branch_dag to 2024-04-17 00:00:00+00:00, run_after=2024-04-18 00:00:00+00:00
[2024-04-18T08:35:09.775+0000] {processor.py:183} INFO - Processing /home/airflow/.local/lib/python3.12/site-packages/airflow/example_dags/example_nested_branch_dag.py took 0.069 seconds
[2024-04-18T08:35:40.472+0000] {processor.py:161} INFO - Started process (PID=4838) to work on /home/airflow/.local/lib/python3.12/site-packages/airflow/example_dags/example_nested_branch_dag.py
[2024-04-18T08:35:40.473+0000] {processor.py:830} INFO - Processing file /home/airflow/.local/lib/python3.12/site-packages/airflow/example_dags/example_nested_branch_dag.py for tasks to queue
[2024-04-18T08:35:40.474+0000] {logging_mixin.py:188} INFO - [2024-04-18T08:35:40.474+0000] {dagbag.py:540} INFO - Filling up the DagBag from /home/airflow/.local/lib/python3.12/site-packages/airflow/example_dags/example_nested_branch_dag.py
[2024-04-18T08:35:40.482+0000] {processor.py:840} INFO - DAG(s) 'example_nested_branch_dag' retrieved from /home/airflow/.local/lib/python3.12/site-packages/airflow/example_dags/example_nested_branch_dag.py
[2024-04-18T08:35:40.498+0000] {logging_mixin.py:188} INFO - [2024-04-18T08:35:40.498+0000] {dag.py:3096} INFO - Sync 1 DAGs
[2024-04-18T08:35:40.517+0000] {logging_mixin.py:188} INFO - [2024-04-18T08:35:40.517+0000] {dag.py:3954} INFO - Setting next_dagrun for example_nested_branch_dag to 2024-04-17 00:00:00+00:00, run_after=2024-04-18 00:00:00+00:00
[2024-04-18T08:35:40.701+0000] {processor.py:183} INFO - Processing /home/airflow/.local/lib/python3.12/site-packages/airflow/example_dags/example_nested_branch_dag.py took 0.234 seconds
[2024-04-18T08:36:10.964+0000] {processor.py:161} INFO - Started process (PID=5104) to work on /home/airflow/.local/lib/python3.12/site-packages/airflow/example_dags/example_nested_branch_dag.py
[2024-04-18T08:36:10.965+0000] {processor.py:830} INFO - Processing file /home/airflow/.local/lib/python3.12/site-packages/airflow/example_dags/example_nested_branch_dag.py for tasks to queue
[2024-04-18T08:36:10.966+0000] {logging_mixin.py:188} INFO - [2024-04-18T08:36:10.966+0000] {dagbag.py:540} INFO - Filling up the DagBag from /home/airflow/.local/lib/python3.12/site-packages/airflow/example_dags/example_nested_branch_dag.py
[2024-04-18T08:36:10.974+0000] {processor.py:840} INFO - DAG(s) 'example_nested_branch_dag' retrieved from /home/airflow/.local/lib/python3.12/site-packages/airflow/example_dags/example_nested_branch_dag.py
[2024-04-18T08:36:10.991+0000] {logging_mixin.py:188} INFO - [2024-04-18T08:36:10.990+0000] {dag.py:3096} INFO - Sync 1 DAGs
[2024-04-18T08:36:11.007+0000] {logging_mixin.py:188} INFO - [2024-04-18T08:36:11.007+0000] {dag.py:3954} INFO - Setting next_dagrun for example_nested_branch_dag to 2024-04-17 00:00:00+00:00, run_after=2024-04-18 00:00:00+00:00
[2024-04-18T08:36:11.027+0000] {processor.py:183} INFO - Processing /home/airflow/.local/lib/python3.12/site-packages/airflow/example_dags/example_nested_branch_dag.py took 0.067 seconds
[2024-04-18T08:36:41.779+0000] {processor.py:161} INFO - Started process (PID=5371) to work on /home/airflow/.local/lib/python3.12/site-packages/airflow/example_dags/example_nested_branch_dag.py
[2024-04-18T08:36:41.780+0000] {processor.py:830} INFO - Processing file /home/airflow/.local/lib/python3.12/site-packages/airflow/example_dags/example_nested_branch_dag.py for tasks to queue
[2024-04-18T08:36:41.781+0000] {logging_mixin.py:188} INFO - [2024-04-18T08:36:41.781+0000] {dagbag.py:540} INFO - Filling up the DagBag from /home/airflow/.local/lib/python3.12/site-packages/airflow/example_dags/example_nested_branch_dag.py
[2024-04-18T08:36:41.789+0000] {processor.py:840} INFO - DAG(s) 'example_nested_branch_dag' retrieved from /home/airflow/.local/lib/python3.12/site-packages/airflow/example_dags/example_nested_branch_dag.py
[2024-04-18T08:36:41.806+0000] {logging_mixin.py:188} INFO - [2024-04-18T08:36:41.806+0000] {dag.py:3096} INFO - Sync 1 DAGs
[2024-04-18T08:36:41.822+0000] {logging_mixin.py:188} INFO - [2024-04-18T08:36:41.822+0000] {dag.py:3954} INFO - Setting next_dagrun for example_nested_branch_dag to 2024-04-17 00:00:00+00:00, run_after=2024-04-18 00:00:00+00:00
[2024-04-18T08:36:41.840+0000] {processor.py:183} INFO - Processing /home/airflow/.local/lib/python3.12/site-packages/airflow/example_dags/example_nested_branch_dag.py took 0.065 seconds
[2024-04-18T08:37:12.315+0000] {processor.py:161} INFO - Started process (PID=5637) to work on /home/airflow/.local/lib/python3.12/site-packages/airflow/example_dags/example_nested_branch_dag.py
[2024-04-18T08:37:12.316+0000] {processor.py:830} INFO - Processing file /home/airflow/.local/lib/python3.12/site-packages/airflow/example_dags/example_nested_branch_dag.py for tasks to queue
[2024-04-18T08:37:12.318+0000] {logging_mixin.py:188} INFO - [2024-04-18T08:37:12.317+0000] {dagbag.py:540} INFO - Filling up the DagBag from /home/airflow/.local/lib/python3.12/site-packages/airflow/example_dags/example_nested_branch_dag.py
[2024-04-18T08:37:12.325+0000] {processor.py:840} INFO - DAG(s) 'example_nested_branch_dag' retrieved from /home/airflow/.local/lib/python3.12/site-packages/airflow/example_dags/example_nested_branch_dag.py
[2024-04-18T08:37:12.341+0000] {logging_mixin.py:188} INFO - [2024-04-18T08:37:12.341+0000] {dag.py:3096} INFO - Sync 1 DAGs
[2024-04-18T08:37:12.360+0000] {logging_mixin.py:188} INFO - [2024-04-18T08:37:12.359+0000] {dag.py:3954} INFO - Setting next_dagrun for example_nested_branch_dag to 2024-04-17 00:00:00+00:00, run_after=2024-04-18 00:00:00+00:00
[2024-04-18T08:37:12.380+0000] {processor.py:183} INFO - Processing /home/airflow/.local/lib/python3.12/site-packages/airflow/example_dags/example_nested_branch_dag.py took 0.069 seconds
[2024-04-18T08:37:42.593+0000] {processor.py:161} INFO - Started process (PID=5903) to work on /home/airflow/.local/lib/python3.12/site-packages/airflow/example_dags/example_nested_branch_dag.py
[2024-04-18T08:37:42.593+0000] {processor.py:830} INFO - Processing file /home/airflow/.local/lib/python3.12/site-packages/airflow/example_dags/example_nested_branch_dag.py for tasks to queue
[2024-04-18T08:37:42.595+0000] {logging_mixin.py:188} INFO - [2024-04-18T08:37:42.595+0000] {dagbag.py:540} INFO - Filling up the DagBag from /home/airflow/.local/lib/python3.12/site-packages/airflow/example_dags/example_nested_branch_dag.py
[2024-04-18T08:37:42.603+0000] {processor.py:840} INFO - DAG(s) 'example_nested_branch_dag' retrieved from /home/airflow/.local/lib/python3.12/site-packages/airflow/example_dags/example_nested_branch_dag.py
[2024-04-18T08:37:42.619+0000] {logging_mixin.py:188} INFO - [2024-04-18T08:37:42.619+0000] {dag.py:3096} INFO - Sync 1 DAGs
[2024-04-18T08:37:42.799+0000] {logging_mixin.py:188} INFO - [2024-04-18T08:37:42.799+0000] {dag.py:3954} INFO - Setting next_dagrun for example_nested_branch_dag to 2024-04-17 00:00:00+00:00, run_after=2024-04-18 00:00:00+00:00
[2024-04-18T08:37:42.817+0000] {processor.py:183} INFO - Processing /home/airflow/.local/lib/python3.12/site-packages/airflow/example_dags/example_nested_branch_dag.py took 0.228 seconds
[2024-04-18T08:38:13.215+0000] {processor.py:161} INFO - Started process (PID=6168) to work on /home/airflow/.local/lib/python3.12/site-packages/airflow/example_dags/example_nested_branch_dag.py
[2024-04-18T08:38:13.215+0000] {processor.py:830} INFO - Processing file /home/airflow/.local/lib/python3.12/site-packages/airflow/example_dags/example_nested_branch_dag.py for tasks to queue
[2024-04-18T08:38:13.217+0000] {logging_mixin.py:188} INFO - [2024-04-18T08:38:13.217+0000] {dagbag.py:540} INFO - Filling up the DagBag from /home/airflow/.local/lib/python3.12/site-packages/airflow/example_dags/example_nested_branch_dag.py
[2024-04-18T08:38:13.225+0000] {processor.py:840} INFO - DAG(s) 'example_nested_branch_dag' retrieved from /home/airflow/.local/lib/python3.12/site-packages/airflow/example_dags/example_nested_branch_dag.py
[2024-04-18T08:38:13.241+0000] {logging_mixin.py:188} INFO - [2024-04-18T08:38:13.241+0000] {dag.py:3096} INFO - Sync 1 DAGs
[2024-04-18T08:38:13.265+0000] {logging_mixin.py:188} INFO - [2024-04-18T08:38:13.265+0000] {dag.py:3954} INFO - Setting next_dagrun for example_nested_branch_dag to 2024-04-17 00:00:00+00:00, run_after=2024-04-18 00:00:00+00:00
[2024-04-18T08:38:13.284+0000] {processor.py:183} INFO - Processing /home/airflow/.local/lib/python3.12/site-packages/airflow/example_dags/example_nested_branch_dag.py took 0.073 seconds
[2024-04-18T08:38:43.571+0000] {processor.py:161} INFO - Started process (PID=6435) to work on /home/airflow/.local/lib/python3.12/site-packages/airflow/example_dags/example_nested_branch_dag.py
[2024-04-18T08:38:43.572+0000] {processor.py:830} INFO - Processing file /home/airflow/.local/lib/python3.12/site-packages/airflow/example_dags/example_nested_branch_dag.py for tasks to queue
[2024-04-18T08:38:43.573+0000] {logging_mixin.py:188} INFO - [2024-04-18T08:38:43.573+0000] {dagbag.py:540} INFO - Filling up the DagBag from /home/airflow/.local/lib/python3.12/site-packages/airflow/example_dags/example_nested_branch_dag.py
[2024-04-18T08:38:43.585+0000] {processor.py:840} INFO - DAG(s) 'example_nested_branch_dag' retrieved from /home/airflow/.local/lib/python3.12/site-packages/airflow/example_dags/example_nested_branch_dag.py
[2024-04-18T08:38:43.604+0000] {logging_mixin.py:188} INFO - [2024-04-18T08:38:43.604+0000] {dag.py:3096} INFO - Sync 1 DAGs
[2024-04-18T08:38:43.621+0000] {logging_mixin.py:188} INFO - [2024-04-18T08:38:43.621+0000] {dag.py:3954} INFO - Setting next_dagrun for example_nested_branch_dag to 2024-04-17 00:00:00+00:00, run_after=2024-04-18 00:00:00+00:00
[2024-04-18T08:38:43.638+0000] {processor.py:183} INFO - Processing /home/airflow/.local/lib/python3.12/site-packages/airflow/example_dags/example_nested_branch_dag.py took 0.072 seconds
[2024-04-18T08:39:13.939+0000] {processor.py:161} INFO - Started process (PID=6699) to work on /home/airflow/.local/lib/python3.12/site-packages/airflow/example_dags/example_nested_branch_dag.py
[2024-04-18T08:39:13.940+0000] {processor.py:830} INFO - Processing file /home/airflow/.local/lib/python3.12/site-packages/airflow/example_dags/example_nested_branch_dag.py for tasks to queue
[2024-04-18T08:39:13.949+0000] {logging_mixin.py:188} INFO - [2024-04-18T08:39:13.949+0000] {dagbag.py:540} INFO - Filling up the DagBag from /home/airflow/.local/lib/python3.12/site-packages/airflow/example_dags/example_nested_branch_dag.py
[2024-04-18T08:39:13.965+0000] {processor.py:840} INFO - DAG(s) 'example_nested_branch_dag' retrieved from /home/airflow/.local/lib/python3.12/site-packages/airflow/example_dags/example_nested_branch_dag.py
[2024-04-18T08:39:13.989+0000] {logging_mixin.py:188} INFO - [2024-04-18T08:39:13.988+0000] {dag.py:3096} INFO - Sync 1 DAGs
[2024-04-18T08:39:14.014+0000] {logging_mixin.py:188} INFO - [2024-04-18T08:39:14.014+0000] {dag.py:3954} INFO - Setting next_dagrun for example_nested_branch_dag to 2024-04-17 00:00:00+00:00, run_after=2024-04-18 00:00:00+00:00
[2024-04-18T08:39:14.036+0000] {processor.py:183} INFO - Processing /home/airflow/.local/lib/python3.12/site-packages/airflow/example_dags/example_nested_branch_dag.py took 0.105 seconds
[2024-04-18T08:39:44.884+0000] {processor.py:161} INFO - Started process (PID=6974) to work on /home/airflow/.local/lib/python3.12/site-packages/airflow/example_dags/example_nested_branch_dag.py
[2024-04-18T08:39:44.885+0000] {processor.py:830} INFO - Processing file /home/airflow/.local/lib/python3.12/site-packages/airflow/example_dags/example_nested_branch_dag.py for tasks to queue
[2024-04-18T08:39:44.886+0000] {logging_mixin.py:188} INFO - [2024-04-18T08:39:44.886+0000] {dagbag.py:540} INFO - Filling up the DagBag from /home/airflow/.local/lib/python3.12/site-packages/airflow/example_dags/example_nested_branch_dag.py
[2024-04-18T08:39:44.894+0000] {processor.py:840} INFO - DAG(s) 'example_nested_branch_dag' retrieved from /home/airflow/.local/lib/python3.12/site-packages/airflow/example_dags/example_nested_branch_dag.py
[2024-04-18T08:39:44.912+0000] {logging_mixin.py:188} INFO - [2024-04-18T08:39:44.912+0000] {dag.py:3096} INFO - Sync 1 DAGs
[2024-04-18T08:39:44.930+0000] {logging_mixin.py:188} INFO - [2024-04-18T08:39:44.930+0000] {dag.py:3954} INFO - Setting next_dagrun for example_nested_branch_dag to 2024-04-17 00:00:00+00:00, run_after=2024-04-18 00:00:00+00:00
[2024-04-18T08:39:44.949+0000] {processor.py:183} INFO - Processing /home/airflow/.local/lib/python3.12/site-packages/airflow/example_dags/example_nested_branch_dag.py took 0.070 seconds
[2024-04-18T08:40:15.593+0000] {processor.py:161} INFO - Started process (PID=7239) to work on /home/airflow/.local/lib/python3.12/site-packages/airflow/example_dags/example_nested_branch_dag.py
[2024-04-18T08:40:15.598+0000] {processor.py:830} INFO - Processing file /home/airflow/.local/lib/python3.12/site-packages/airflow/example_dags/example_nested_branch_dag.py for tasks to queue
[2024-04-18T08:40:15.602+0000] {logging_mixin.py:188} INFO - [2024-04-18T08:40:15.602+0000] {dagbag.py:540} INFO - Filling up the DagBag from /home/airflow/.local/lib/python3.12/site-packages/airflow/example_dags/example_nested_branch_dag.py
[2024-04-18T08:40:15.613+0000] {processor.py:840} INFO - DAG(s) 'example_nested_branch_dag' retrieved from /home/airflow/.local/lib/python3.12/site-packages/airflow/example_dags/example_nested_branch_dag.py
[2024-04-18T08:40:15.637+0000] {logging_mixin.py:188} INFO - [2024-04-18T08:40:15.636+0000] {dag.py:3096} INFO - Sync 1 DAGs
[2024-04-18T08:40:15.662+0000] {logging_mixin.py:188} INFO - [2024-04-18T08:40:15.661+0000] {dag.py:3954} INFO - Setting next_dagrun for example_nested_branch_dag to 2024-04-17 00:00:00+00:00, run_after=2024-04-18 00:00:00+00:00
[2024-04-18T08:40:15.683+0000] {processor.py:183} INFO - Processing /home/airflow/.local/lib/python3.12/site-packages/airflow/example_dags/example_nested_branch_dag.py took 0.097 seconds
[2024-04-18T08:40:46.209+0000] {processor.py:161} INFO - Started process (PID=7505) to work on /home/airflow/.local/lib/python3.12/site-packages/airflow/example_dags/example_nested_branch_dag.py
[2024-04-18T08:40:46.210+0000] {processor.py:830} INFO - Processing file /home/airflow/.local/lib/python3.12/site-packages/airflow/example_dags/example_nested_branch_dag.py for tasks to queue
[2024-04-18T08:40:46.212+0000] {logging_mixin.py:188} INFO - [2024-04-18T08:40:46.211+0000] {dagbag.py:540} INFO - Filling up the DagBag from /home/airflow/.local/lib/python3.12/site-packages/airflow/example_dags/example_nested_branch_dag.py
[2024-04-18T08:40:46.223+0000] {processor.py:840} INFO - DAG(s) 'example_nested_branch_dag' retrieved from /home/airflow/.local/lib/python3.12/site-packages/airflow/example_dags/example_nested_branch_dag.py
[2024-04-18T08:40:46.247+0000] {logging_mixin.py:188} INFO - [2024-04-18T08:40:46.247+0000] {dag.py:3096} INFO - Sync 1 DAGs
[2024-04-18T08:40:46.273+0000] {logging_mixin.py:188} INFO - [2024-04-18T08:40:46.272+0000] {dag.py:3954} INFO - Setting next_dagrun for example_nested_branch_dag to 2024-04-17 00:00:00+00:00, run_after=2024-04-18 00:00:00+00:00
[2024-04-18T08:40:46.296+0000] {processor.py:183} INFO - Processing /home/airflow/.local/lib/python3.12/site-packages/airflow/example_dags/example_nested_branch_dag.py took 0.094 seconds
[2024-04-18T08:41:16.963+0000] {processor.py:161} INFO - Started process (PID=7774) to work on /home/airflow/.local/lib/python3.12/site-packages/airflow/example_dags/example_nested_branch_dag.py
[2024-04-18T08:41:16.964+0000] {processor.py:830} INFO - Processing file /home/airflow/.local/lib/python3.12/site-packages/airflow/example_dags/example_nested_branch_dag.py for tasks to queue
[2024-04-18T08:41:16.965+0000] {logging_mixin.py:188} INFO - [2024-04-18T08:41:16.965+0000] {dagbag.py:540} INFO - Filling up the DagBag from /home/airflow/.local/lib/python3.12/site-packages/airflow/example_dags/example_nested_branch_dag.py
[2024-04-18T08:41:16.973+0000] {processor.py:840} INFO - DAG(s) 'example_nested_branch_dag' retrieved from /home/airflow/.local/lib/python3.12/site-packages/airflow/example_dags/example_nested_branch_dag.py
[2024-04-18T08:41:16.990+0000] {logging_mixin.py:188} INFO - [2024-04-18T08:41:16.989+0000] {dag.py:3096} INFO - Sync 1 DAGs
[2024-04-18T08:41:17.006+0000] {logging_mixin.py:188} INFO - [2024-04-18T08:41:17.006+0000] {dag.py:3954} INFO - Setting next_dagrun for example_nested_branch_dag to 2024-04-17 00:00:00+00:00, run_after=2024-04-18 00:00:00+00:00
[2024-04-18T08:41:17.025+0000] {processor.py:183} INFO - Processing /home/airflow/.local/lib/python3.12/site-packages/airflow/example_dags/example_nested_branch_dag.py took 0.067 seconds
[2024-04-18T08:41:47.630+0000] {processor.py:161} INFO - Started process (PID=8040) to work on /home/airflow/.local/lib/python3.12/site-packages/airflow/example_dags/example_nested_branch_dag.py
[2024-04-18T08:41:47.631+0000] {processor.py:830} INFO - Processing file /home/airflow/.local/lib/python3.12/site-packages/airflow/example_dags/example_nested_branch_dag.py for tasks to queue
[2024-04-18T08:41:47.632+0000] {logging_mixin.py:188} INFO - [2024-04-18T08:41:47.632+0000] {dagbag.py:540} INFO - Filling up the DagBag from /home/airflow/.local/lib/python3.12/site-packages/airflow/example_dags/example_nested_branch_dag.py
[2024-04-18T08:41:47.640+0000] {processor.py:840} INFO - DAG(s) 'example_nested_branch_dag' retrieved from /home/airflow/.local/lib/python3.12/site-packages/airflow/example_dags/example_nested_branch_dag.py
[2024-04-18T08:41:47.657+0000] {logging_mixin.py:188} INFO - [2024-04-18T08:41:47.657+0000] {dag.py:3096} INFO - Sync 1 DAGs
[2024-04-18T08:41:47.677+0000] {logging_mixin.py:188} INFO - [2024-04-18T08:41:47.677+0000] {dag.py:3954} INFO - Setting next_dagrun for example_nested_branch_dag to 2024-04-17 00:00:00+00:00, run_after=2024-04-18 00:00:00+00:00
[2024-04-18T08:41:47.696+0000] {processor.py:183} INFO - Processing /home/airflow/.local/lib/python3.12/site-packages/airflow/example_dags/example_nested_branch_dag.py took 0.070 seconds
[2024-04-18T08:42:18.572+0000] {processor.py:161} INFO - Started process (PID=8306) to work on /home/airflow/.local/lib/python3.12/site-packages/airflow/example_dags/example_nested_branch_dag.py
[2024-04-18T08:42:18.573+0000] {processor.py:830} INFO - Processing file /home/airflow/.local/lib/python3.12/site-packages/airflow/example_dags/example_nested_branch_dag.py for tasks to queue
[2024-04-18T08:42:18.574+0000] {logging_mixin.py:188} INFO - [2024-04-18T08:42:18.574+0000] {dagbag.py:540} INFO - Filling up the DagBag from /home/airflow/.local/lib/python3.12/site-packages/airflow/example_dags/example_nested_branch_dag.py
[2024-04-18T08:42:18.582+0000] {processor.py:840} INFO - DAG(s) 'example_nested_branch_dag' retrieved from /home/airflow/.local/lib/python3.12/site-packages/airflow/example_dags/example_nested_branch_dag.py
[2024-04-18T08:42:18.598+0000] {logging_mixin.py:188} INFO - [2024-04-18T08:42:18.598+0000] {dag.py:3096} INFO - Sync 1 DAGs
[2024-04-18T08:42:18.615+0000] {logging_mixin.py:188} INFO - [2024-04-18T08:42:18.615+0000] {dag.py:3954} INFO - Setting next_dagrun for example_nested_branch_dag to 2024-04-17 00:00:00+00:00, run_after=2024-04-18 00:00:00+00:00
[2024-04-18T08:42:18.634+0000] {processor.py:183} INFO - Processing /home/airflow/.local/lib/python3.12/site-packages/airflow/example_dags/example_nested_branch_dag.py took 0.067 seconds
[2024-04-18T08:42:49.159+0000] {processor.py:161} INFO - Started process (PID=8572) to work on /home/airflow/.local/lib/python3.12/site-packages/airflow/example_dags/example_nested_branch_dag.py
[2024-04-18T08:42:49.162+0000] {processor.py:830} INFO - Processing file /home/airflow/.local/lib/python3.12/site-packages/airflow/example_dags/example_nested_branch_dag.py for tasks to queue
[2024-04-18T08:42:49.165+0000] {logging_mixin.py:188} INFO - [2024-04-18T08:42:49.164+0000] {dagbag.py:540} INFO - Filling up the DagBag from /home/airflow/.local/lib/python3.12/site-packages/airflow/example_dags/example_nested_branch_dag.py
[2024-04-18T08:42:49.185+0000] {processor.py:840} INFO - DAG(s) 'example_nested_branch_dag' retrieved from /home/airflow/.local/lib/python3.12/site-packages/airflow/example_dags/example_nested_branch_dag.py
[2024-04-18T08:42:49.202+0000] {logging_mixin.py:188} INFO - [2024-04-18T08:42:49.202+0000] {dag.py:3096} INFO - Sync 1 DAGs
[2024-04-18T08:42:49.219+0000] {logging_mixin.py:188} INFO - [2024-04-18T08:42:49.219+0000] {dag.py:3954} INFO - Setting next_dagrun for example_nested_branch_dag to 2024-04-17 00:00:00+00:00, run_after=2024-04-18 00:00:00+00:00
[2024-04-18T08:42:49.238+0000] {processor.py:183} INFO - Processing /home/airflow/.local/lib/python3.12/site-packages/airflow/example_dags/example_nested_branch_dag.py took 0.095 seconds
[2024-04-18T08:43:19.320+0000] {processor.py:161} INFO - Started process (PID=8838) to work on /home/airflow/.local/lib/python3.12/site-packages/airflow/example_dags/example_nested_branch_dag.py
[2024-04-18T08:43:19.321+0000] {processor.py:830} INFO - Processing file /home/airflow/.local/lib/python3.12/site-packages/airflow/example_dags/example_nested_branch_dag.py for tasks to queue
[2024-04-18T08:43:19.322+0000] {logging_mixin.py:188} INFO - [2024-04-18T08:43:19.322+0000] {dagbag.py:540} INFO - Filling up the DagBag from /home/airflow/.local/lib/python3.12/site-packages/airflow/example_dags/example_nested_branch_dag.py
[2024-04-18T08:43:19.330+0000] {processor.py:840} INFO - DAG(s) 'example_nested_branch_dag' retrieved from /home/airflow/.local/lib/python3.12/site-packages/airflow/example_dags/example_nested_branch_dag.py
[2024-04-18T08:43:19.347+0000] {logging_mixin.py:188} INFO - [2024-04-18T08:43:19.347+0000] {dag.py:3096} INFO - Sync 1 DAGs
[2024-04-18T08:43:19.370+0000] {logging_mixin.py:188} INFO - [2024-04-18T08:43:19.370+0000] {dag.py:3954} INFO - Setting next_dagrun for example_nested_branch_dag to 2024-04-17 00:00:00+00:00, run_after=2024-04-18 00:00:00+00:00
[2024-04-18T08:43:19.392+0000] {processor.py:183} INFO - Processing /home/airflow/.local/lib/python3.12/site-packages/airflow/example_dags/example_nested_branch_dag.py took 0.077 seconds
[2024-04-18T08:43:49.780+0000] {processor.py:161} INFO - Started process (PID=9104) to work on /home/airflow/.local/lib/python3.12/site-packages/airflow/example_dags/example_nested_branch_dag.py
[2024-04-18T08:43:49.781+0000] {processor.py:830} INFO - Processing file /home/airflow/.local/lib/python3.12/site-packages/airflow/example_dags/example_nested_branch_dag.py for tasks to queue
[2024-04-18T08:43:49.783+0000] {logging_mixin.py:188} INFO - [2024-04-18T08:43:49.782+0000] {dagbag.py:540} INFO - Filling up the DagBag from /home/airflow/.local/lib/python3.12/site-packages/airflow/example_dags/example_nested_branch_dag.py
[2024-04-18T08:43:49.791+0000] {processor.py:840} INFO - DAG(s) 'example_nested_branch_dag' retrieved from /home/airflow/.local/lib/python3.12/site-packages/airflow/example_dags/example_nested_branch_dag.py
[2024-04-18T08:43:49.808+0000] {logging_mixin.py:188} INFO - [2024-04-18T08:43:49.808+0000] {dag.py:3096} INFO - Sync 1 DAGs
[2024-04-18T08:43:49.826+0000] {logging_mixin.py:188} INFO - [2024-04-18T08:43:49.825+0000] {dag.py:3954} INFO - Setting next_dagrun for example_nested_branch_dag to 2024-04-17 00:00:00+00:00, run_after=2024-04-18 00:00:00+00:00
[2024-04-18T08:43:49.845+0000] {processor.py:183} INFO - Processing /home/airflow/.local/lib/python3.12/site-packages/airflow/example_dags/example_nested_branch_dag.py took 0.069 seconds
[2024-04-18T08:44:20.710+0000] {processor.py:161} INFO - Started process (PID=9370) to work on /home/airflow/.local/lib/python3.12/site-packages/airflow/example_dags/example_nested_branch_dag.py
[2024-04-18T08:44:20.710+0000] {processor.py:830} INFO - Processing file /home/airflow/.local/lib/python3.12/site-packages/airflow/example_dags/example_nested_branch_dag.py for tasks to queue
[2024-04-18T08:44:20.712+0000] {logging_mixin.py:188} INFO - [2024-04-18T08:44:20.711+0000] {dagbag.py:540} INFO - Filling up the DagBag from /home/airflow/.local/lib/python3.12/site-packages/airflow/example_dags/example_nested_branch_dag.py
[2024-04-18T08:44:20.720+0000] {processor.py:840} INFO - DAG(s) 'example_nested_branch_dag' retrieved from /home/airflow/.local/lib/python3.12/site-packages/airflow/example_dags/example_nested_branch_dag.py
[2024-04-18T08:44:20.737+0000] {logging_mixin.py:188} INFO - [2024-04-18T08:44:20.736+0000] {dag.py:3096} INFO - Sync 1 DAGs
[2024-04-18T08:44:20.754+0000] {logging_mixin.py:188} INFO - [2024-04-18T08:44:20.754+0000] {dag.py:3954} INFO - Setting next_dagrun for example_nested_branch_dag to 2024-04-17 00:00:00+00:00, run_after=2024-04-18 00:00:00+00:00
[2024-04-18T08:44:20.771+0000] {processor.py:183} INFO - Processing /home/airflow/.local/lib/python3.12/site-packages/airflow/example_dags/example_nested_branch_dag.py took 0.066 seconds
[2024-04-18T08:44:51.598+0000] {processor.py:161} INFO - Started process (PID=9636) to work on /home/airflow/.local/lib/python3.12/site-packages/airflow/example_dags/example_nested_branch_dag.py
[2024-04-18T08:44:51.598+0000] {processor.py:830} INFO - Processing file /home/airflow/.local/lib/python3.12/site-packages/airflow/example_dags/example_nested_branch_dag.py for tasks to queue
[2024-04-18T08:44:51.600+0000] {logging_mixin.py:188} INFO - [2024-04-18T08:44:51.600+0000] {dagbag.py:540} INFO - Filling up the DagBag from /home/airflow/.local/lib/python3.12/site-packages/airflow/example_dags/example_nested_branch_dag.py
[2024-04-18T08:44:51.609+0000] {processor.py:840} INFO - DAG(s) 'example_nested_branch_dag' retrieved from /home/airflow/.local/lib/python3.12/site-packages/airflow/example_dags/example_nested_branch_dag.py
[2024-04-18T08:44:51.626+0000] {logging_mixin.py:188} INFO - [2024-04-18T08:44:51.626+0000] {dag.py:3096} INFO - Sync 1 DAGs
[2024-04-18T08:44:51.643+0000] {logging_mixin.py:188} INFO - [2024-04-18T08:44:51.643+0000] {dag.py:3954} INFO - Setting next_dagrun for example_nested_branch_dag to 2024-04-17 00:00:00+00:00, run_after=2024-04-18 00:00:00+00:00
[2024-04-18T08:44:51.661+0000] {processor.py:183} INFO - Processing /home/airflow/.local/lib/python3.12/site-packages/airflow/example_dags/example_nested_branch_dag.py took 0.068 seconds
[2024-04-18T08:45:22.386+0000] {processor.py:161} INFO - Started process (PID=9900) to work on /home/airflow/.local/lib/python3.12/site-packages/airflow/example_dags/example_nested_branch_dag.py
[2024-04-18T08:45:22.387+0000] {processor.py:830} INFO - Processing file /home/airflow/.local/lib/python3.12/site-packages/airflow/example_dags/example_nested_branch_dag.py for tasks to queue
[2024-04-18T08:45:22.389+0000] {logging_mixin.py:188} INFO - [2024-04-18T08:45:22.389+0000] {dagbag.py:540} INFO - Filling up the DagBag from /home/airflow/.local/lib/python3.12/site-packages/airflow/example_dags/example_nested_branch_dag.py
[2024-04-18T08:45:22.399+0000] {processor.py:840} INFO - DAG(s) 'example_nested_branch_dag' retrieved from /home/airflow/.local/lib/python3.12/site-packages/airflow/example_dags/example_nested_branch_dag.py
[2024-04-18T08:45:22.415+0000] {logging_mixin.py:188} INFO - [2024-04-18T08:45:22.414+0000] {dag.py:3096} INFO - Sync 1 DAGs
[2024-04-18T08:45:22.432+0000] {logging_mixin.py:188} INFO - [2024-04-18T08:45:22.431+0000] {dag.py:3954} INFO - Setting next_dagrun for example_nested_branch_dag to 2024-04-17 00:00:00+00:00, run_after=2024-04-18 00:00:00+00:00
[2024-04-18T08:45:22.450+0000] {processor.py:183} INFO - Processing /home/airflow/.local/lib/python3.12/site-packages/airflow/example_dags/example_nested_branch_dag.py took 0.069 seconds
[2024-04-18T08:45:53.061+0000] {processor.py:161} INFO - Started process (PID=10166) to work on /home/airflow/.local/lib/python3.12/site-packages/airflow/example_dags/example_nested_branch_dag.py
[2024-04-18T08:45:53.062+0000] {processor.py:830} INFO - Processing file /home/airflow/.local/lib/python3.12/site-packages/airflow/example_dags/example_nested_branch_dag.py for tasks to queue
[2024-04-18T08:45:53.064+0000] {logging_mixin.py:188} INFO - [2024-04-18T08:45:53.063+0000] {dagbag.py:540} INFO - Filling up the DagBag from /home/airflow/.local/lib/python3.12/site-packages/airflow/example_dags/example_nested_branch_dag.py
[2024-04-18T08:45:53.075+0000] {processor.py:840} INFO - DAG(s) 'example_nested_branch_dag' retrieved from /home/airflow/.local/lib/python3.12/site-packages/airflow/example_dags/example_nested_branch_dag.py
[2024-04-18T08:45:53.109+0000] {logging_mixin.py:188} INFO - [2024-04-18T08:45:53.108+0000] {dag.py:3096} INFO - Sync 1 DAGs
[2024-04-18T08:45:53.147+0000] {logging_mixin.py:188} INFO - [2024-04-18T08:45:53.147+0000] {dag.py:3954} INFO - Setting next_dagrun for example_nested_branch_dag to 2024-04-17 00:00:00+00:00, run_after=2024-04-18 00:00:00+00:00
[2024-04-18T08:45:53.169+0000] {processor.py:183} INFO - Processing /home/airflow/.local/lib/python3.12/site-packages/airflow/example_dags/example_nested_branch_dag.py took 0.115 seconds
[2024-04-18T08:46:23.527+0000] {processor.py:161} INFO - Started process (PID=10432) to work on /home/airflow/.local/lib/python3.12/site-packages/airflow/example_dags/example_nested_branch_dag.py
[2024-04-18T08:46:23.528+0000] {processor.py:830} INFO - Processing file /home/airflow/.local/lib/python3.12/site-packages/airflow/example_dags/example_nested_branch_dag.py for tasks to queue
[2024-04-18T08:46:23.530+0000] {logging_mixin.py:188} INFO - [2024-04-18T08:46:23.530+0000] {dagbag.py:540} INFO - Filling up the DagBag from /home/airflow/.local/lib/python3.12/site-packages/airflow/example_dags/example_nested_branch_dag.py
[2024-04-18T08:46:23.542+0000] {processor.py:840} INFO - DAG(s) 'example_nested_branch_dag' retrieved from /home/airflow/.local/lib/python3.12/site-packages/airflow/example_dags/example_nested_branch_dag.py
[2024-04-18T08:46:23.587+0000] {logging_mixin.py:188} INFO - [2024-04-18T08:46:23.587+0000] {dag.py:3096} INFO - Sync 1 DAGs
[2024-04-18T08:46:23.656+0000] {logging_mixin.py:188} INFO - [2024-04-18T08:46:23.656+0000] {dag.py:3954} INFO - Setting next_dagrun for example_nested_branch_dag to 2024-04-17 00:00:00+00:00, run_after=2024-04-18 00:00:00+00:00
[2024-04-18T08:46:23.687+0000] {processor.py:183} INFO - Processing /home/airflow/.local/lib/python3.12/site-packages/airflow/example_dags/example_nested_branch_dag.py took 0.170 seconds
[2024-04-18T08:46:54.490+0000] {processor.py:161} INFO - Started process (PID=10701) to work on /home/airflow/.local/lib/python3.12/site-packages/airflow/example_dags/example_nested_branch_dag.py
[2024-04-18T08:46:54.491+0000] {processor.py:830} INFO - Processing file /home/airflow/.local/lib/python3.12/site-packages/airflow/example_dags/example_nested_branch_dag.py for tasks to queue
[2024-04-18T08:46:54.492+0000] {logging_mixin.py:188} INFO - [2024-04-18T08:46:54.492+0000] {dagbag.py:540} INFO - Filling up the DagBag from /home/airflow/.local/lib/python3.12/site-packages/airflow/example_dags/example_nested_branch_dag.py
[2024-04-18T08:46:54.500+0000] {processor.py:840} INFO - DAG(s) 'example_nested_branch_dag' retrieved from /home/airflow/.local/lib/python3.12/site-packages/airflow/example_dags/example_nested_branch_dag.py
[2024-04-18T08:46:54.517+0000] {logging_mixin.py:188} INFO - [2024-04-18T08:46:54.516+0000] {dag.py:3096} INFO - Sync 1 DAGs
[2024-04-18T08:46:54.533+0000] {logging_mixin.py:188} INFO - [2024-04-18T08:46:54.533+0000] {dag.py:3954} INFO - Setting next_dagrun for example_nested_branch_dag to 2024-04-17 00:00:00+00:00, run_after=2024-04-18 00:00:00+00:00
[2024-04-18T08:46:54.551+0000] {processor.py:183} INFO - Processing /home/airflow/.local/lib/python3.12/site-packages/airflow/example_dags/example_nested_branch_dag.py took 0.065 seconds
[2024-04-18T08:47:25.064+0000] {processor.py:161} INFO - Started process (PID=10967) to work on /home/airflow/.local/lib/python3.12/site-packages/airflow/example_dags/example_nested_branch_dag.py
[2024-04-18T08:47:25.065+0000] {processor.py:830} INFO - Processing file /home/airflow/.local/lib/python3.12/site-packages/airflow/example_dags/example_nested_branch_dag.py for tasks to queue
[2024-04-18T08:47:25.066+0000] {logging_mixin.py:188} INFO - [2024-04-18T08:47:25.066+0000] {dagbag.py:540} INFO - Filling up the DagBag from /home/airflow/.local/lib/python3.12/site-packages/airflow/example_dags/example_nested_branch_dag.py
[2024-04-18T08:47:25.074+0000] {processor.py:840} INFO - DAG(s) 'example_nested_branch_dag' retrieved from /home/airflow/.local/lib/python3.12/site-packages/airflow/example_dags/example_nested_branch_dag.py
[2024-04-18T08:47:25.091+0000] {logging_mixin.py:188} INFO - [2024-04-18T08:47:25.091+0000] {dag.py:3096} INFO - Sync 1 DAGs
[2024-04-18T08:47:25.108+0000] {logging_mixin.py:188} INFO - [2024-04-18T08:47:25.108+0000] {dag.py:3954} INFO - Setting next_dagrun for example_nested_branch_dag to 2024-04-17 00:00:00+00:00, run_after=2024-04-18 00:00:00+00:00
[2024-04-18T08:47:25.127+0000] {processor.py:183} INFO - Processing /home/airflow/.local/lib/python3.12/site-packages/airflow/example_dags/example_nested_branch_dag.py took 0.067 seconds
[2024-04-18T08:47:55.552+0000] {processor.py:161} INFO - Started process (PID=11232) to work on /home/airflow/.local/lib/python3.12/site-packages/airflow/example_dags/example_nested_branch_dag.py
[2024-04-18T08:47:55.553+0000] {processor.py:830} INFO - Processing file /home/airflow/.local/lib/python3.12/site-packages/airflow/example_dags/example_nested_branch_dag.py for tasks to queue
[2024-04-18T08:47:55.555+0000] {logging_mixin.py:188} INFO - [2024-04-18T08:47:55.555+0000] {dagbag.py:540} INFO - Filling up the DagBag from /home/airflow/.local/lib/python3.12/site-packages/airflow/example_dags/example_nested_branch_dag.py
[2024-04-18T08:47:55.566+0000] {processor.py:840} INFO - DAG(s) 'example_nested_branch_dag' retrieved from /home/airflow/.local/lib/python3.12/site-packages/airflow/example_dags/example_nested_branch_dag.py
[2024-04-18T08:47:55.593+0000] {logging_mixin.py:188} INFO - [2024-04-18T08:47:55.592+0000] {dag.py:3096} INFO - Sync 1 DAGs
[2024-04-18T08:47:55.617+0000] {logging_mixin.py:188} INFO - [2024-04-18T08:47:55.617+0000] {dag.py:3954} INFO - Setting next_dagrun for example_nested_branch_dag to 2024-04-17 00:00:00+00:00, run_after=2024-04-18 00:00:00+00:00
[2024-04-18T08:47:55.638+0000] {processor.py:183} INFO - Processing /home/airflow/.local/lib/python3.12/site-packages/airflow/example_dags/example_nested_branch_dag.py took 0.092 seconds
[2024-04-18T08:48:26.348+0000] {processor.py:161} INFO - Started process (PID=11500) to work on /home/airflow/.local/lib/python3.12/site-packages/airflow/example_dags/example_nested_branch_dag.py
[2024-04-18T08:48:26.349+0000] {processor.py:830} INFO - Processing file /home/airflow/.local/lib/python3.12/site-packages/airflow/example_dags/example_nested_branch_dag.py for tasks to queue
[2024-04-18T08:48:26.350+0000] {logging_mixin.py:188} INFO - [2024-04-18T08:48:26.350+0000] {dagbag.py:540} INFO - Filling up the DagBag from /home/airflow/.local/lib/python3.12/site-packages/airflow/example_dags/example_nested_branch_dag.py
[2024-04-18T08:48:26.358+0000] {processor.py:840} INFO - DAG(s) 'example_nested_branch_dag' retrieved from /home/airflow/.local/lib/python3.12/site-packages/airflow/example_dags/example_nested_branch_dag.py
[2024-04-18T08:48:26.375+0000] {logging_mixin.py:188} INFO - [2024-04-18T08:48:26.375+0000] {dag.py:3096} INFO - Sync 1 DAGs
[2024-04-18T08:48:26.392+0000] {logging_mixin.py:188} INFO - [2024-04-18T08:48:26.392+0000] {dag.py:3954} INFO - Setting next_dagrun for example_nested_branch_dag to 2024-04-17 00:00:00+00:00, run_after=2024-04-18 00:00:00+00:00
[2024-04-18T08:48:26.409+0000] {processor.py:183} INFO - Processing /home/airflow/.local/lib/python3.12/site-packages/airflow/example_dags/example_nested_branch_dag.py took 0.066 seconds
[2024-04-18T08:48:56.910+0000] {processor.py:161} INFO - Started process (PID=11764) to work on /home/airflow/.local/lib/python3.12/site-packages/airflow/example_dags/example_nested_branch_dag.py
[2024-04-18T08:48:56.911+0000] {processor.py:830} INFO - Processing file /home/airflow/.local/lib/python3.12/site-packages/airflow/example_dags/example_nested_branch_dag.py for tasks to queue
[2024-04-18T08:48:56.913+0000] {logging_mixin.py:188} INFO - [2024-04-18T08:48:56.913+0000] {dagbag.py:540} INFO - Filling up the DagBag from /home/airflow/.local/lib/python3.12/site-packages/airflow/example_dags/example_nested_branch_dag.py
[2024-04-18T08:48:56.936+0000] {processor.py:840} INFO - DAG(s) 'example_nested_branch_dag' retrieved from /home/airflow/.local/lib/python3.12/site-packages/airflow/example_dags/example_nested_branch_dag.py
[2024-04-18T08:48:56.967+0000] {logging_mixin.py:188} INFO - [2024-04-18T08:48:56.967+0000] {dag.py:3096} INFO - Sync 1 DAGs
[2024-04-18T08:48:56.988+0000] {logging_mixin.py:188} INFO - [2024-04-18T08:48:56.988+0000] {dag.py:3954} INFO - Setting next_dagrun for example_nested_branch_dag to 2024-04-17 00:00:00+00:00, run_after=2024-04-18 00:00:00+00:00
[2024-04-18T08:48:57.005+0000] {processor.py:183} INFO - Processing /home/airflow/.local/lib/python3.12/site-packages/airflow/example_dags/example_nested_branch_dag.py took 0.102 seconds
