[2024-04-18T08:26:54.130+0000] {processor.py:161} INFO - Started process (PID=204) to work on /home/airflow/.local/lib/python3.12/site-packages/airflow/example_dags/example_short_circuit_operator.py
[2024-04-18T08:26:54.135+0000] {processor.py:830} INFO - Processing file /home/airflow/.local/lib/python3.12/site-packages/airflow/example_dags/example_short_circuit_operator.py for tasks to queue
[2024-04-18T08:26:54.171+0000] {logging_mixin.py:188} INFO - [2024-04-18T08:26:54.171+0000] {dagbag.py:540} INFO - Filling up the DagBag from /home/airflow/.local/lib/python3.12/site-packages/airflow/example_dags/example_short_circuit_operator.py
[2024-04-18T08:26:54.341+0000] {processor.py:840} INFO - DAG(s) 'example_short_circuit_operator' retrieved from /home/airflow/.local/lib/python3.12/site-packages/airflow/example_dags/example_short_circuit_operator.py
[2024-04-18T08:26:54.824+0000] {logging_mixin.py:188} INFO - [2024-04-18T08:26:54.823+0000] {dag.py:3096} INFO - Sync 1 DAGs
[2024-04-18T08:26:55.056+0000] {logging_mixin.py:188} INFO - [2024-04-18T08:26:55.055+0000] {dag.py:3954} INFO - Setting next_dagrun for example_short_circuit_operator to 2024-04-17 00:00:00+00:00, run_after=2024-04-18 00:00:00+00:00
[2024-04-18T08:26:55.177+0000] {processor.py:183} INFO - Processing /home/airflow/.local/lib/python3.12/site-packages/airflow/example_dags/example_short_circuit_operator.py took 1.063 seconds
[2024-04-18T08:27:25.634+0000] {processor.py:161} INFO - Started process (PID=502) to work on /home/airflow/.local/lib/python3.12/site-packages/airflow/example_dags/example_short_circuit_operator.py
[2024-04-18T08:27:25.635+0000] {processor.py:830} INFO - Processing file /home/airflow/.local/lib/python3.12/site-packages/airflow/example_dags/example_short_circuit_operator.py for tasks to queue
[2024-04-18T08:27:25.644+0000] {logging_mixin.py:188} INFO - [2024-04-18T08:27:25.636+0000] {dagbag.py:540} INFO - Filling up the DagBag from /home/airflow/.local/lib/python3.12/site-packages/airflow/example_dags/example_short_circuit_operator.py
[2024-04-18T08:27:25.658+0000] {processor.py:840} INFO - DAG(s) 'example_short_circuit_operator' retrieved from /home/airflow/.local/lib/python3.12/site-packages/airflow/example_dags/example_short_circuit_operator.py
[2024-04-18T08:27:25.701+0000] {logging_mixin.py:188} INFO - [2024-04-18T08:27:25.701+0000] {dag.py:3096} INFO - Sync 1 DAGs
[2024-04-18T08:27:25.741+0000] {logging_mixin.py:188} INFO - [2024-04-18T08:27:25.741+0000] {dag.py:3954} INFO - Setting next_dagrun for example_short_circuit_operator to 2024-04-17 00:00:00+00:00, run_after=2024-04-18 00:00:00+00:00
[2024-04-18T08:27:25.789+0000] {processor.py:183} INFO - Processing /home/airflow/.local/lib/python3.12/site-packages/airflow/example_dags/example_short_circuit_operator.py took 0.190 seconds
[2024-04-18T08:27:56.390+0000] {processor.py:161} INFO - Started process (PID=771) to work on /home/airflow/.local/lib/python3.12/site-packages/airflow/example_dags/example_short_circuit_operator.py
[2024-04-18T08:27:56.391+0000] {processor.py:830} INFO - Processing file /home/airflow/.local/lib/python3.12/site-packages/airflow/example_dags/example_short_circuit_operator.py for tasks to queue
[2024-04-18T08:27:56.392+0000] {logging_mixin.py:188} INFO - [2024-04-18T08:27:56.392+0000] {dagbag.py:540} INFO - Filling up the DagBag from /home/airflow/.local/lib/python3.12/site-packages/airflow/example_dags/example_short_circuit_operator.py
[2024-04-18T08:27:56.397+0000] {processor.py:840} INFO - DAG(s) 'example_short_circuit_operator' retrieved from /home/airflow/.local/lib/python3.12/site-packages/airflow/example_dags/example_short_circuit_operator.py
[2024-04-18T08:27:56.414+0000] {logging_mixin.py:188} INFO - [2024-04-18T08:27:56.414+0000] {dag.py:3096} INFO - Sync 1 DAGs
[2024-04-18T08:27:56.430+0000] {logging_mixin.py:188} INFO - [2024-04-18T08:27:56.430+0000] {dag.py:3954} INFO - Setting next_dagrun for example_short_circuit_operator to 2024-04-17 00:00:00+00:00, run_after=2024-04-18 00:00:00+00:00
[2024-04-18T08:27:56.457+0000] {processor.py:183} INFO - Processing /home/airflow/.local/lib/python3.12/site-packages/airflow/example_dags/example_short_circuit_operator.py took 0.072 seconds
[2024-04-18T08:28:26.574+0000] {processor.py:161} INFO - Started process (PID=1043) to work on /home/airflow/.local/lib/python3.12/site-packages/airflow/example_dags/example_short_circuit_operator.py
[2024-04-18T08:28:26.575+0000] {processor.py:830} INFO - Processing file /home/airflow/.local/lib/python3.12/site-packages/airflow/example_dags/example_short_circuit_operator.py for tasks to queue
[2024-04-18T08:28:26.576+0000] {logging_mixin.py:188} INFO - [2024-04-18T08:28:26.576+0000] {dagbag.py:540} INFO - Filling up the DagBag from /home/airflow/.local/lib/python3.12/site-packages/airflow/example_dags/example_short_circuit_operator.py
[2024-04-18T08:28:26.582+0000] {processor.py:840} INFO - DAG(s) 'example_short_circuit_operator' retrieved from /home/airflow/.local/lib/python3.12/site-packages/airflow/example_dags/example_short_circuit_operator.py
[2024-04-18T08:28:26.599+0000] {logging_mixin.py:188} INFO - [2024-04-18T08:28:26.599+0000] {dag.py:3096} INFO - Sync 1 DAGs
[2024-04-18T08:28:26.616+0000] {logging_mixin.py:188} INFO - [2024-04-18T08:28:26.616+0000] {dag.py:3954} INFO - Setting next_dagrun for example_short_circuit_operator to 2024-04-17 00:00:00+00:00, run_after=2024-04-18 00:00:00+00:00
[2024-04-18T08:28:26.634+0000] {processor.py:183} INFO - Processing /home/airflow/.local/lib/python3.12/site-packages/airflow/example_dags/example_short_circuit_operator.py took 0.064 seconds
[2024-04-18T08:28:56.748+0000] {processor.py:161} INFO - Started process (PID=1309) to work on /home/airflow/.local/lib/python3.12/site-packages/airflow/example_dags/example_short_circuit_operator.py
[2024-04-18T08:28:56.749+0000] {processor.py:830} INFO - Processing file /home/airflow/.local/lib/python3.12/site-packages/airflow/example_dags/example_short_circuit_operator.py for tasks to queue
[2024-04-18T08:28:56.750+0000] {logging_mixin.py:188} INFO - [2024-04-18T08:28:56.750+0000] {dagbag.py:540} INFO - Filling up the DagBag from /home/airflow/.local/lib/python3.12/site-packages/airflow/example_dags/example_short_circuit_operator.py
[2024-04-18T08:28:56.755+0000] {processor.py:840} INFO - DAG(s) 'example_short_circuit_operator' retrieved from /home/airflow/.local/lib/python3.12/site-packages/airflow/example_dags/example_short_circuit_operator.py
[2024-04-18T08:28:56.773+0000] {logging_mixin.py:188} INFO - [2024-04-18T08:28:56.772+0000] {dag.py:3096} INFO - Sync 1 DAGs
[2024-04-18T08:28:56.789+0000] {logging_mixin.py:188} INFO - [2024-04-18T08:28:56.788+0000] {dag.py:3954} INFO - Setting next_dagrun for example_short_circuit_operator to 2024-04-17 00:00:00+00:00, run_after=2024-04-18 00:00:00+00:00
[2024-04-18T08:28:56.806+0000] {processor.py:183} INFO - Processing /home/airflow/.local/lib/python3.12/site-packages/airflow/example_dags/example_short_circuit_operator.py took 0.062 seconds
[2024-04-18T08:29:26.995+0000] {processor.py:161} INFO - Started process (PID=1574) to work on /home/airflow/.local/lib/python3.12/site-packages/airflow/example_dags/example_short_circuit_operator.py
[2024-04-18T08:29:26.996+0000] {processor.py:830} INFO - Processing file /home/airflow/.local/lib/python3.12/site-packages/airflow/example_dags/example_short_circuit_operator.py for tasks to queue
[2024-04-18T08:29:26.997+0000] {logging_mixin.py:188} INFO - [2024-04-18T08:29:26.997+0000] {dagbag.py:540} INFO - Filling up the DagBag from /home/airflow/.local/lib/python3.12/site-packages/airflow/example_dags/example_short_circuit_operator.py
[2024-04-18T08:29:27.002+0000] {processor.py:840} INFO - DAG(s) 'example_short_circuit_operator' retrieved from /home/airflow/.local/lib/python3.12/site-packages/airflow/example_dags/example_short_circuit_operator.py
[2024-04-18T08:29:27.020+0000] {logging_mixin.py:188} INFO - [2024-04-18T08:29:27.019+0000] {dag.py:3096} INFO - Sync 1 DAGs
[2024-04-18T08:29:27.035+0000] {logging_mixin.py:188} INFO - [2024-04-18T08:29:27.035+0000] {dag.py:3954} INFO - Setting next_dagrun for example_short_circuit_operator to 2024-04-17 00:00:00+00:00, run_after=2024-04-18 00:00:00+00:00
[2024-04-18T08:29:27.054+0000] {processor.py:183} INFO - Processing /home/airflow/.local/lib/python3.12/site-packages/airflow/example_dags/example_short_circuit_operator.py took 0.063 seconds
[2024-04-18T08:29:57.260+0000] {processor.py:161} INFO - Started process (PID=1841) to work on /home/airflow/.local/lib/python3.12/site-packages/airflow/example_dags/example_short_circuit_operator.py
[2024-04-18T08:29:57.261+0000] {processor.py:830} INFO - Processing file /home/airflow/.local/lib/python3.12/site-packages/airflow/example_dags/example_short_circuit_operator.py for tasks to queue
[2024-04-18T08:29:57.262+0000] {logging_mixin.py:188} INFO - [2024-04-18T08:29:57.262+0000] {dagbag.py:540} INFO - Filling up the DagBag from /home/airflow/.local/lib/python3.12/site-packages/airflow/example_dags/example_short_circuit_operator.py
[2024-04-18T08:29:57.269+0000] {processor.py:840} INFO - DAG(s) 'example_short_circuit_operator' retrieved from /home/airflow/.local/lib/python3.12/site-packages/airflow/example_dags/example_short_circuit_operator.py
[2024-04-18T08:29:57.294+0000] {logging_mixin.py:188} INFO - [2024-04-18T08:29:57.294+0000] {dag.py:3096} INFO - Sync 1 DAGs
[2024-04-18T08:29:57.311+0000] {logging_mixin.py:188} INFO - [2024-04-18T08:29:57.311+0000] {dag.py:3954} INFO - Setting next_dagrun for example_short_circuit_operator to 2024-04-17 00:00:00+00:00, run_after=2024-04-18 00:00:00+00:00
[2024-04-18T08:29:57.328+0000] {processor.py:183} INFO - Processing /home/airflow/.local/lib/python3.12/site-packages/airflow/example_dags/example_short_circuit_operator.py took 0.072 seconds
[2024-04-18T08:30:27.586+0000] {processor.py:161} INFO - Started process (PID=2108) to work on /home/airflow/.local/lib/python3.12/site-packages/airflow/example_dags/example_short_circuit_operator.py
[2024-04-18T08:30:27.587+0000] {processor.py:830} INFO - Processing file /home/airflow/.local/lib/python3.12/site-packages/airflow/example_dags/example_short_circuit_operator.py for tasks to queue
[2024-04-18T08:30:27.588+0000] {logging_mixin.py:188} INFO - [2024-04-18T08:30:27.588+0000] {dagbag.py:540} INFO - Filling up the DagBag from /home/airflow/.local/lib/python3.12/site-packages/airflow/example_dags/example_short_circuit_operator.py
[2024-04-18T08:30:27.594+0000] {processor.py:840} INFO - DAG(s) 'example_short_circuit_operator' retrieved from /home/airflow/.local/lib/python3.12/site-packages/airflow/example_dags/example_short_circuit_operator.py
[2024-04-18T08:30:27.613+0000] {logging_mixin.py:188} INFO - [2024-04-18T08:30:27.612+0000] {dag.py:3096} INFO - Sync 1 DAGs
[2024-04-18T08:30:27.629+0000] {logging_mixin.py:188} INFO - [2024-04-18T08:30:27.629+0000] {dag.py:3954} INFO - Setting next_dagrun for example_short_circuit_operator to 2024-04-17 00:00:00+00:00, run_after=2024-04-18 00:00:00+00:00
[2024-04-18T08:30:27.646+0000] {processor.py:183} INFO - Processing /home/airflow/.local/lib/python3.12/site-packages/airflow/example_dags/example_short_circuit_operator.py took 0.064 seconds
[2024-04-18T08:30:57.793+0000] {processor.py:161} INFO - Started process (PID=2374) to work on /home/airflow/.local/lib/python3.12/site-packages/airflow/example_dags/example_short_circuit_operator.py
[2024-04-18T08:30:57.793+0000] {processor.py:830} INFO - Processing file /home/airflow/.local/lib/python3.12/site-packages/airflow/example_dags/example_short_circuit_operator.py for tasks to queue
[2024-04-18T08:30:57.795+0000] {logging_mixin.py:188} INFO - [2024-04-18T08:30:57.794+0000] {dagbag.py:540} INFO - Filling up the DagBag from /home/airflow/.local/lib/python3.12/site-packages/airflow/example_dags/example_short_circuit_operator.py
[2024-04-18T08:30:57.800+0000] {processor.py:840} INFO - DAG(s) 'example_short_circuit_operator' retrieved from /home/airflow/.local/lib/python3.12/site-packages/airflow/example_dags/example_short_circuit_operator.py
[2024-04-18T08:30:57.817+0000] {logging_mixin.py:188} INFO - [2024-04-18T08:30:57.817+0000] {dag.py:3096} INFO - Sync 1 DAGs
[2024-04-18T08:30:57.833+0000] {logging_mixin.py:188} INFO - [2024-04-18T08:30:57.833+0000] {dag.py:3954} INFO - Setting next_dagrun for example_short_circuit_operator to 2024-04-17 00:00:00+00:00, run_after=2024-04-18 00:00:00+00:00
[2024-04-18T08:30:57.853+0000] {processor.py:183} INFO - Processing /home/airflow/.local/lib/python3.12/site-packages/airflow/example_dags/example_short_circuit_operator.py took 0.065 seconds
[2024-04-18T08:31:28.282+0000] {processor.py:161} INFO - Started process (PID=2640) to work on /home/airflow/.local/lib/python3.12/site-packages/airflow/example_dags/example_short_circuit_operator.py
[2024-04-18T08:31:28.283+0000] {processor.py:830} INFO - Processing file /home/airflow/.local/lib/python3.12/site-packages/airflow/example_dags/example_short_circuit_operator.py for tasks to queue
[2024-04-18T08:31:28.285+0000] {logging_mixin.py:188} INFO - [2024-04-18T08:31:28.284+0000] {dagbag.py:540} INFO - Filling up the DagBag from /home/airflow/.local/lib/python3.12/site-packages/airflow/example_dags/example_short_circuit_operator.py
[2024-04-18T08:31:28.307+0000] {processor.py:840} INFO - DAG(s) 'example_short_circuit_operator' retrieved from /home/airflow/.local/lib/python3.12/site-packages/airflow/example_dags/example_short_circuit_operator.py
[2024-04-18T08:31:28.371+0000] {logging_mixin.py:188} INFO - [2024-04-18T08:31:28.371+0000] {dag.py:3096} INFO - Sync 1 DAGs
[2024-04-18T08:31:28.413+0000] {logging_mixin.py:188} INFO - [2024-04-18T08:31:28.412+0000] {dag.py:3954} INFO - Setting next_dagrun for example_short_circuit_operator to 2024-04-17 00:00:00+00:00, run_after=2024-04-18 00:00:00+00:00
[2024-04-18T08:31:28.450+0000] {processor.py:183} INFO - Processing /home/airflow/.local/lib/python3.12/site-packages/airflow/example_dags/example_short_circuit_operator.py took 0.190 seconds
[2024-04-18T08:31:58.649+0000] {processor.py:161} INFO - Started process (PID=2903) to work on /home/airflow/.local/lib/python3.12/site-packages/airflow/example_dags/example_short_circuit_operator.py
[2024-04-18T08:31:58.650+0000] {processor.py:830} INFO - Processing file /home/airflow/.local/lib/python3.12/site-packages/airflow/example_dags/example_short_circuit_operator.py for tasks to queue
[2024-04-18T08:31:58.652+0000] {logging_mixin.py:188} INFO - [2024-04-18T08:31:58.651+0000] {dagbag.py:540} INFO - Filling up the DagBag from /home/airflow/.local/lib/python3.12/site-packages/airflow/example_dags/example_short_circuit_operator.py
[2024-04-18T08:31:58.678+0000] {processor.py:840} INFO - DAG(s) 'example_short_circuit_operator' retrieved from /home/airflow/.local/lib/python3.12/site-packages/airflow/example_dags/example_short_circuit_operator.py
[2024-04-18T08:31:58.725+0000] {logging_mixin.py:188} INFO - [2024-04-18T08:31:58.725+0000] {dag.py:3096} INFO - Sync 1 DAGs
[2024-04-18T08:31:58.768+0000] {logging_mixin.py:188} INFO - [2024-04-18T08:31:58.767+0000] {dag.py:3954} INFO - Setting next_dagrun for example_short_circuit_operator to 2024-04-17 00:00:00+00:00, run_after=2024-04-18 00:00:00+00:00
[2024-04-18T08:31:58.817+0000] {processor.py:183} INFO - Processing /home/airflow/.local/lib/python3.12/site-packages/airflow/example_dags/example_short_circuit_operator.py took 0.174 seconds
[2024-04-18T08:32:29.382+0000] {processor.py:161} INFO - Started process (PID=3172) to work on /home/airflow/.local/lib/python3.12/site-packages/airflow/example_dags/example_short_circuit_operator.py
[2024-04-18T08:32:29.383+0000] {processor.py:830} INFO - Processing file /home/airflow/.local/lib/python3.12/site-packages/airflow/example_dags/example_short_circuit_operator.py for tasks to queue
[2024-04-18T08:32:29.385+0000] {logging_mixin.py:188} INFO - [2024-04-18T08:32:29.385+0000] {dagbag.py:540} INFO - Filling up the DagBag from /home/airflow/.local/lib/python3.12/site-packages/airflow/example_dags/example_short_circuit_operator.py
[2024-04-18T08:32:29.393+0000] {processor.py:840} INFO - DAG(s) 'example_short_circuit_operator' retrieved from /home/airflow/.local/lib/python3.12/site-packages/airflow/example_dags/example_short_circuit_operator.py
[2024-04-18T08:32:29.420+0000] {logging_mixin.py:188} INFO - [2024-04-18T08:32:29.419+0000] {dag.py:3096} INFO - Sync 1 DAGs
[2024-04-18T08:32:29.445+0000] {logging_mixin.py:188} INFO - [2024-04-18T08:32:29.445+0000] {dag.py:3954} INFO - Setting next_dagrun for example_short_circuit_operator to 2024-04-17 00:00:00+00:00, run_after=2024-04-18 00:00:00+00:00
[2024-04-18T08:32:29.480+0000] {processor.py:183} INFO - Processing /home/airflow/.local/lib/python3.12/site-packages/airflow/example_dags/example_short_circuit_operator.py took 0.104 seconds
[2024-04-18T08:33:00.179+0000] {processor.py:161} INFO - Started process (PID=3438) to work on /home/airflow/.local/lib/python3.12/site-packages/airflow/example_dags/example_short_circuit_operator.py
[2024-04-18T08:33:00.180+0000] {processor.py:830} INFO - Processing file /home/airflow/.local/lib/python3.12/site-packages/airflow/example_dags/example_short_circuit_operator.py for tasks to queue
[2024-04-18T08:33:00.182+0000] {logging_mixin.py:188} INFO - [2024-04-18T08:33:00.182+0000] {dagbag.py:540} INFO - Filling up the DagBag from /home/airflow/.local/lib/python3.12/site-packages/airflow/example_dags/example_short_circuit_operator.py
[2024-04-18T08:33:00.190+0000] {processor.py:840} INFO - DAG(s) 'example_short_circuit_operator' retrieved from /home/airflow/.local/lib/python3.12/site-packages/airflow/example_dags/example_short_circuit_operator.py
[2024-04-18T08:33:00.215+0000] {logging_mixin.py:188} INFO - [2024-04-18T08:33:00.215+0000] {dag.py:3096} INFO - Sync 1 DAGs
[2024-04-18T08:33:00.236+0000] {logging_mixin.py:188} INFO - [2024-04-18T08:33:00.236+0000] {dag.py:3954} INFO - Setting next_dagrun for example_short_circuit_operator to 2024-04-17 00:00:00+00:00, run_after=2024-04-18 00:00:00+00:00
[2024-04-18T08:33:00.258+0000] {processor.py:183} INFO - Processing /home/airflow/.local/lib/python3.12/site-packages/airflow/example_dags/example_short_circuit_operator.py took 0.085 seconds
[2024-04-18T08:33:30.817+0000] {processor.py:161} INFO - Started process (PID=3705) to work on /home/airflow/.local/lib/python3.12/site-packages/airflow/example_dags/example_short_circuit_operator.py
[2024-04-18T08:33:30.818+0000] {processor.py:830} INFO - Processing file /home/airflow/.local/lib/python3.12/site-packages/airflow/example_dags/example_short_circuit_operator.py for tasks to queue
[2024-04-18T08:33:30.820+0000] {logging_mixin.py:188} INFO - [2024-04-18T08:33:30.819+0000] {dagbag.py:540} INFO - Filling up the DagBag from /home/airflow/.local/lib/python3.12/site-packages/airflow/example_dags/example_short_circuit_operator.py
[2024-04-18T08:33:30.828+0000] {processor.py:840} INFO - DAG(s) 'example_short_circuit_operator' retrieved from /home/airflow/.local/lib/python3.12/site-packages/airflow/example_dags/example_short_circuit_operator.py
[2024-04-18T08:33:30.852+0000] {logging_mixin.py:188} INFO - [2024-04-18T08:33:30.852+0000] {dag.py:3096} INFO - Sync 1 DAGs
[2024-04-18T08:33:30.873+0000] {logging_mixin.py:188} INFO - [2024-04-18T08:33:30.873+0000] {dag.py:3954} INFO - Setting next_dagrun for example_short_circuit_operator to 2024-04-17 00:00:00+00:00, run_after=2024-04-18 00:00:00+00:00
[2024-04-18T08:33:30.891+0000] {processor.py:183} INFO - Processing /home/airflow/.local/lib/python3.12/site-packages/airflow/example_dags/example_short_circuit_operator.py took 0.080 seconds
[2024-04-18T08:34:01.035+0000] {processor.py:161} INFO - Started process (PID=3971) to work on /home/airflow/.local/lib/python3.12/site-packages/airflow/example_dags/example_short_circuit_operator.py
[2024-04-18T08:34:01.036+0000] {processor.py:830} INFO - Processing file /home/airflow/.local/lib/python3.12/site-packages/airflow/example_dags/example_short_circuit_operator.py for tasks to queue
[2024-04-18T08:34:01.038+0000] {logging_mixin.py:188} INFO - [2024-04-18T08:34:01.037+0000] {dagbag.py:540} INFO - Filling up the DagBag from /home/airflow/.local/lib/python3.12/site-packages/airflow/example_dags/example_short_circuit_operator.py
[2024-04-18T08:34:01.046+0000] {processor.py:840} INFO - DAG(s) 'example_short_circuit_operator' retrieved from /home/airflow/.local/lib/python3.12/site-packages/airflow/example_dags/example_short_circuit_operator.py
[2024-04-18T08:34:01.072+0000] {logging_mixin.py:188} INFO - [2024-04-18T08:34:01.072+0000] {dag.py:3096} INFO - Sync 1 DAGs
[2024-04-18T08:34:01.094+0000] {logging_mixin.py:188} INFO - [2024-04-18T08:34:01.093+0000] {dag.py:3954} INFO - Setting next_dagrun for example_short_circuit_operator to 2024-04-17 00:00:00+00:00, run_after=2024-04-18 00:00:00+00:00
[2024-04-18T08:34:01.114+0000] {processor.py:183} INFO - Processing /home/airflow/.local/lib/python3.12/site-packages/airflow/example_dags/example_short_circuit_operator.py took 0.085 seconds
[2024-04-18T08:34:31.284+0000] {processor.py:161} INFO - Started process (PID=4237) to work on /home/airflow/.local/lib/python3.12/site-packages/airflow/example_dags/example_short_circuit_operator.py
[2024-04-18T08:34:31.284+0000] {processor.py:830} INFO - Processing file /home/airflow/.local/lib/python3.12/site-packages/airflow/example_dags/example_short_circuit_operator.py for tasks to queue
[2024-04-18T08:34:31.286+0000] {logging_mixin.py:188} INFO - [2024-04-18T08:34:31.286+0000] {dagbag.py:540} INFO - Filling up the DagBag from /home/airflow/.local/lib/python3.12/site-packages/airflow/example_dags/example_short_circuit_operator.py
[2024-04-18T08:34:31.294+0000] {processor.py:840} INFO - DAG(s) 'example_short_circuit_operator' retrieved from /home/airflow/.local/lib/python3.12/site-packages/airflow/example_dags/example_short_circuit_operator.py
[2024-04-18T08:34:31.321+0000] {logging_mixin.py:188} INFO - [2024-04-18T08:34:31.321+0000] {dag.py:3096} INFO - Sync 1 DAGs
[2024-04-18T08:34:31.344+0000] {logging_mixin.py:188} INFO - [2024-04-18T08:34:31.343+0000] {dag.py:3954} INFO - Setting next_dagrun for example_short_circuit_operator to 2024-04-17 00:00:00+00:00, run_after=2024-04-18 00:00:00+00:00
[2024-04-18T08:34:31.366+0000] {processor.py:183} INFO - Processing /home/airflow/.local/lib/python3.12/site-packages/airflow/example_dags/example_short_circuit_operator.py took 0.088 seconds
[2024-04-18T08:35:02.249+0000] {processor.py:161} INFO - Started process (PID=4506) to work on /home/airflow/.local/lib/python3.12/site-packages/airflow/example_dags/example_short_circuit_operator.py
[2024-04-18T08:35:02.250+0000] {processor.py:830} INFO - Processing file /home/airflow/.local/lib/python3.12/site-packages/airflow/example_dags/example_short_circuit_operator.py for tasks to queue
[2024-04-18T08:35:02.251+0000] {logging_mixin.py:188} INFO - [2024-04-18T08:35:02.251+0000] {dagbag.py:540} INFO - Filling up the DagBag from /home/airflow/.local/lib/python3.12/site-packages/airflow/example_dags/example_short_circuit_operator.py
[2024-04-18T08:35:02.259+0000] {processor.py:840} INFO - DAG(s) 'example_short_circuit_operator' retrieved from /home/airflow/.local/lib/python3.12/site-packages/airflow/example_dags/example_short_circuit_operator.py
[2024-04-18T08:35:02.278+0000] {logging_mixin.py:188} INFO - [2024-04-18T08:35:02.278+0000] {dag.py:3096} INFO - Sync 1 DAGs
[2024-04-18T08:35:02.294+0000] {logging_mixin.py:188} INFO - [2024-04-18T08:35:02.294+0000] {dag.py:3954} INFO - Setting next_dagrun for example_short_circuit_operator to 2024-04-17 00:00:00+00:00, run_after=2024-04-18 00:00:00+00:00
[2024-04-18T08:35:02.469+0000] {processor.py:183} INFO - Processing /home/airflow/.local/lib/python3.12/site-packages/airflow/example_dags/example_short_circuit_operator.py took 0.225 seconds
[2024-04-18T08:35:33.457+0000] {processor.py:161} INFO - Started process (PID=4773) to work on /home/airflow/.local/lib/python3.12/site-packages/airflow/example_dags/example_short_circuit_operator.py
[2024-04-18T08:35:33.458+0000] {processor.py:830} INFO - Processing file /home/airflow/.local/lib/python3.12/site-packages/airflow/example_dags/example_short_circuit_operator.py for tasks to queue
[2024-04-18T08:35:33.459+0000] {logging_mixin.py:188} INFO - [2024-04-18T08:35:33.459+0000] {dagbag.py:540} INFO - Filling up the DagBag from /home/airflow/.local/lib/python3.12/site-packages/airflow/example_dags/example_short_circuit_operator.py
[2024-04-18T08:35:33.465+0000] {processor.py:840} INFO - DAG(s) 'example_short_circuit_operator' retrieved from /home/airflow/.local/lib/python3.12/site-packages/airflow/example_dags/example_short_circuit_operator.py
[2024-04-18T08:35:33.484+0000] {logging_mixin.py:188} INFO - [2024-04-18T08:35:33.483+0000] {dag.py:3096} INFO - Sync 1 DAGs
[2024-04-18T08:35:33.499+0000] {logging_mixin.py:188} INFO - [2024-04-18T08:35:33.499+0000] {dag.py:3954} INFO - Setting next_dagrun for example_short_circuit_operator to 2024-04-17 00:00:00+00:00, run_after=2024-04-18 00:00:00+00:00
[2024-04-18T08:35:33.517+0000] {processor.py:183} INFO - Processing /home/airflow/.local/lib/python3.12/site-packages/airflow/example_dags/example_short_circuit_operator.py took 0.064 seconds
[2024-04-18T08:36:04.246+0000] {processor.py:161} INFO - Started process (PID=5039) to work on /home/airflow/.local/lib/python3.12/site-packages/airflow/example_dags/example_short_circuit_operator.py
[2024-04-18T08:36:04.246+0000] {processor.py:830} INFO - Processing file /home/airflow/.local/lib/python3.12/site-packages/airflow/example_dags/example_short_circuit_operator.py for tasks to queue
[2024-04-18T08:36:04.248+0000] {logging_mixin.py:188} INFO - [2024-04-18T08:36:04.248+0000] {dagbag.py:540} INFO - Filling up the DagBag from /home/airflow/.local/lib/python3.12/site-packages/airflow/example_dags/example_short_circuit_operator.py
[2024-04-18T08:36:04.257+0000] {processor.py:840} INFO - DAG(s) 'example_short_circuit_operator' retrieved from /home/airflow/.local/lib/python3.12/site-packages/airflow/example_dags/example_short_circuit_operator.py
[2024-04-18T08:36:04.286+0000] {logging_mixin.py:188} INFO - [2024-04-18T08:36:04.286+0000] {dag.py:3096} INFO - Sync 1 DAGs
[2024-04-18T08:36:04.312+0000] {logging_mixin.py:188} INFO - [2024-04-18T08:36:04.312+0000] {dag.py:3954} INFO - Setting next_dagrun for example_short_circuit_operator to 2024-04-17 00:00:00+00:00, run_after=2024-04-18 00:00:00+00:00
[2024-04-18T08:36:04.333+0000] {processor.py:183} INFO - Processing /home/airflow/.local/lib/python3.12/site-packages/airflow/example_dags/example_short_circuit_operator.py took 0.092 seconds
[2024-04-18T08:36:34.993+0000] {processor.py:161} INFO - Started process (PID=5306) to work on /home/airflow/.local/lib/python3.12/site-packages/airflow/example_dags/example_short_circuit_operator.py
[2024-04-18T08:36:34.993+0000] {processor.py:830} INFO - Processing file /home/airflow/.local/lib/python3.12/site-packages/airflow/example_dags/example_short_circuit_operator.py for tasks to queue
[2024-04-18T08:36:34.995+0000] {logging_mixin.py:188} INFO - [2024-04-18T08:36:34.994+0000] {dagbag.py:540} INFO - Filling up the DagBag from /home/airflow/.local/lib/python3.12/site-packages/airflow/example_dags/example_short_circuit_operator.py
[2024-04-18T08:36:35.001+0000] {processor.py:840} INFO - DAG(s) 'example_short_circuit_operator' retrieved from /home/airflow/.local/lib/python3.12/site-packages/airflow/example_dags/example_short_circuit_operator.py
[2024-04-18T08:36:35.019+0000] {logging_mixin.py:188} INFO - [2024-04-18T08:36:35.019+0000] {dag.py:3096} INFO - Sync 1 DAGs
[2024-04-18T08:36:35.034+0000] {logging_mixin.py:188} INFO - [2024-04-18T08:36:35.034+0000] {dag.py:3954} INFO - Setting next_dagrun for example_short_circuit_operator to 2024-04-17 00:00:00+00:00, run_after=2024-04-18 00:00:00+00:00
[2024-04-18T08:36:35.052+0000] {processor.py:183} INFO - Processing /home/airflow/.local/lib/python3.12/site-packages/airflow/example_dags/example_short_circuit_operator.py took 0.064 seconds
[2024-04-18T08:37:05.533+0000] {processor.py:161} INFO - Started process (PID=5570) to work on /home/airflow/.local/lib/python3.12/site-packages/airflow/example_dags/example_short_circuit_operator.py
[2024-04-18T08:37:05.534+0000] {processor.py:830} INFO - Processing file /home/airflow/.local/lib/python3.12/site-packages/airflow/example_dags/example_short_circuit_operator.py for tasks to queue
[2024-04-18T08:37:05.536+0000] {logging_mixin.py:188} INFO - [2024-04-18T08:37:05.536+0000] {dagbag.py:540} INFO - Filling up the DagBag from /home/airflow/.local/lib/python3.12/site-packages/airflow/example_dags/example_short_circuit_operator.py
[2024-04-18T08:37:05.543+0000] {processor.py:840} INFO - DAG(s) 'example_short_circuit_operator' retrieved from /home/airflow/.local/lib/python3.12/site-packages/airflow/example_dags/example_short_circuit_operator.py
[2024-04-18T08:37:05.570+0000] {logging_mixin.py:188} INFO - [2024-04-18T08:37:05.569+0000] {dag.py:3096} INFO - Sync 1 DAGs
[2024-04-18T08:37:05.741+0000] {logging_mixin.py:188} INFO - [2024-04-18T08:37:05.741+0000] {dag.py:3954} INFO - Setting next_dagrun for example_short_circuit_operator to 2024-04-17 00:00:00+00:00, run_after=2024-04-18 00:00:00+00:00
[2024-04-18T08:37:05.758+0000] {processor.py:183} INFO - Processing /home/airflow/.local/lib/python3.12/site-packages/airflow/example_dags/example_short_circuit_operator.py took 0.230 seconds
[2024-04-18T08:37:36.008+0000] {processor.py:161} INFO - Started process (PID=5836) to work on /home/airflow/.local/lib/python3.12/site-packages/airflow/example_dags/example_short_circuit_operator.py
[2024-04-18T08:37:36.008+0000] {processor.py:830} INFO - Processing file /home/airflow/.local/lib/python3.12/site-packages/airflow/example_dags/example_short_circuit_operator.py for tasks to queue
[2024-04-18T08:37:36.010+0000] {logging_mixin.py:188} INFO - [2024-04-18T08:37:36.010+0000] {dagbag.py:540} INFO - Filling up the DagBag from /home/airflow/.local/lib/python3.12/site-packages/airflow/example_dags/example_short_circuit_operator.py
[2024-04-18T08:37:36.018+0000] {processor.py:840} INFO - DAG(s) 'example_short_circuit_operator' retrieved from /home/airflow/.local/lib/python3.12/site-packages/airflow/example_dags/example_short_circuit_operator.py
[2024-04-18T08:37:36.042+0000] {logging_mixin.py:188} INFO - [2024-04-18T08:37:36.042+0000] {dag.py:3096} INFO - Sync 1 DAGs
[2024-04-18T08:37:36.064+0000] {logging_mixin.py:188} INFO - [2024-04-18T08:37:36.064+0000] {dag.py:3954} INFO - Setting next_dagrun for example_short_circuit_operator to 2024-04-17 00:00:00+00:00, run_after=2024-04-18 00:00:00+00:00
[2024-04-18T08:37:36.297+0000] {processor.py:183} INFO - Processing /home/airflow/.local/lib/python3.12/site-packages/airflow/example_dags/example_short_circuit_operator.py took 0.295 seconds
[2024-04-18T08:38:07.189+0000] {processor.py:161} INFO - Started process (PID=6101) to work on /home/airflow/.local/lib/python3.12/site-packages/airflow/example_dags/example_short_circuit_operator.py
[2024-04-18T08:38:07.190+0000] {processor.py:830} INFO - Processing file /home/airflow/.local/lib/python3.12/site-packages/airflow/example_dags/example_short_circuit_operator.py for tasks to queue
[2024-04-18T08:38:07.194+0000] {logging_mixin.py:188} INFO - [2024-04-18T08:38:07.193+0000] {dagbag.py:540} INFO - Filling up the DagBag from /home/airflow/.local/lib/python3.12/site-packages/airflow/example_dags/example_short_circuit_operator.py
[2024-04-18T08:38:07.237+0000] {processor.py:840} INFO - DAG(s) 'example_short_circuit_operator' retrieved from /home/airflow/.local/lib/python3.12/site-packages/airflow/example_dags/example_short_circuit_operator.py
[2024-04-18T08:38:07.304+0000] {logging_mixin.py:188} INFO - [2024-04-18T08:38:07.303+0000] {dag.py:3096} INFO - Sync 1 DAGs
[2024-04-18T08:38:07.337+0000] {logging_mixin.py:188} INFO - [2024-04-18T08:38:07.332+0000] {dag.py:3954} INFO - Setting next_dagrun for example_short_circuit_operator to 2024-04-17 00:00:00+00:00, run_after=2024-04-18 00:00:00+00:00
[2024-04-18T08:38:07.395+0000] {processor.py:183} INFO - Processing /home/airflow/.local/lib/python3.12/site-packages/airflow/example_dags/example_short_circuit_operator.py took 0.227 seconds
[2024-04-18T08:38:37.988+0000] {processor.py:161} INFO - Started process (PID=6368) to work on /home/airflow/.local/lib/python3.12/site-packages/airflow/example_dags/example_short_circuit_operator.py
[2024-04-18T08:38:37.988+0000] {processor.py:830} INFO - Processing file /home/airflow/.local/lib/python3.12/site-packages/airflow/example_dags/example_short_circuit_operator.py for tasks to queue
[2024-04-18T08:38:37.990+0000] {logging_mixin.py:188} INFO - [2024-04-18T08:38:37.990+0000] {dagbag.py:540} INFO - Filling up the DagBag from /home/airflow/.local/lib/python3.12/site-packages/airflow/example_dags/example_short_circuit_operator.py
[2024-04-18T08:38:38.003+0000] {processor.py:840} INFO - DAG(s) 'example_short_circuit_operator' retrieved from /home/airflow/.local/lib/python3.12/site-packages/airflow/example_dags/example_short_circuit_operator.py
[2024-04-18T08:38:38.296+0000] {logging_mixin.py:188} INFO - [2024-04-18T08:38:38.295+0000] {dag.py:3096} INFO - Sync 1 DAGs
[2024-04-18T08:38:38.317+0000] {logging_mixin.py:188} INFO - [2024-04-18T08:38:38.317+0000] {dag.py:3954} INFO - Setting next_dagrun for example_short_circuit_operator to 2024-04-17 00:00:00+00:00, run_after=2024-04-18 00:00:00+00:00
[2024-04-18T08:38:38.338+0000] {processor.py:183} INFO - Processing /home/airflow/.local/lib/python3.12/site-packages/airflow/example_dags/example_short_circuit_operator.py took 0.356 seconds
[2024-04-18T08:39:08.599+0000] {processor.py:161} INFO - Started process (PID=6634) to work on /home/airflow/.local/lib/python3.12/site-packages/airflow/example_dags/example_short_circuit_operator.py
[2024-04-18T08:39:08.605+0000] {processor.py:830} INFO - Processing file /home/airflow/.local/lib/python3.12/site-packages/airflow/example_dags/example_short_circuit_operator.py for tasks to queue
[2024-04-18T08:39:08.611+0000] {logging_mixin.py:188} INFO - [2024-04-18T08:39:08.611+0000] {dagbag.py:540} INFO - Filling up the DagBag from /home/airflow/.local/lib/python3.12/site-packages/airflow/example_dags/example_short_circuit_operator.py
[2024-04-18T08:39:08.632+0000] {processor.py:840} INFO - DAG(s) 'example_short_circuit_operator' retrieved from /home/airflow/.local/lib/python3.12/site-packages/airflow/example_dags/example_short_circuit_operator.py
[2024-04-18T08:39:08.693+0000] {logging_mixin.py:188} INFO - [2024-04-18T08:39:08.693+0000] {dag.py:3096} INFO - Sync 1 DAGs
[2024-04-18T08:39:08.738+0000] {logging_mixin.py:188} INFO - [2024-04-18T08:39:08.738+0000] {dag.py:3954} INFO - Setting next_dagrun for example_short_circuit_operator to 2024-04-17 00:00:00+00:00, run_after=2024-04-18 00:00:00+00:00
[2024-04-18T08:39:08.776+0000] {processor.py:183} INFO - Processing /home/airflow/.local/lib/python3.12/site-packages/airflow/example_dags/example_short_circuit_operator.py took 0.194 seconds
[2024-04-18T08:39:39.796+0000] {processor.py:161} INFO - Started process (PID=6899) to work on /home/airflow/.local/lib/python3.12/site-packages/airflow/example_dags/example_short_circuit_operator.py
[2024-04-18T08:39:39.798+0000] {processor.py:830} INFO - Processing file /home/airflow/.local/lib/python3.12/site-packages/airflow/example_dags/example_short_circuit_operator.py for tasks to queue
[2024-04-18T08:39:39.800+0000] {logging_mixin.py:188} INFO - [2024-04-18T08:39:39.800+0000] {dagbag.py:540} INFO - Filling up the DagBag from /home/airflow/.local/lib/python3.12/site-packages/airflow/example_dags/example_short_circuit_operator.py
[2024-04-18T08:39:39.812+0000] {processor.py:840} INFO - DAG(s) 'example_short_circuit_operator' retrieved from /home/airflow/.local/lib/python3.12/site-packages/airflow/example_dags/example_short_circuit_operator.py
[2024-04-18T08:39:39.874+0000] {logging_mixin.py:188} INFO - [2024-04-18T08:39:39.873+0000] {dag.py:3096} INFO - Sync 1 DAGs
[2024-04-18T08:39:39.921+0000] {logging_mixin.py:188} INFO - [2024-04-18T08:39:39.921+0000] {dag.py:3954} INFO - Setting next_dagrun for example_short_circuit_operator to 2024-04-17 00:00:00+00:00, run_after=2024-04-18 00:00:00+00:00
[2024-04-18T08:39:39.988+0000] {processor.py:183} INFO - Processing /home/airflow/.local/lib/python3.12/site-packages/airflow/example_dags/example_short_circuit_operator.py took 0.198 seconds
[2024-04-18T08:40:10.280+0000] {processor.py:161} INFO - Started process (PID=7167) to work on /home/airflow/.local/lib/python3.12/site-packages/airflow/example_dags/example_short_circuit_operator.py
[2024-04-18T08:40:10.281+0000] {processor.py:830} INFO - Processing file /home/airflow/.local/lib/python3.12/site-packages/airflow/example_dags/example_short_circuit_operator.py for tasks to queue
[2024-04-18T08:40:10.283+0000] {logging_mixin.py:188} INFO - [2024-04-18T08:40:10.283+0000] {dagbag.py:540} INFO - Filling up the DagBag from /home/airflow/.local/lib/python3.12/site-packages/airflow/example_dags/example_short_circuit_operator.py
[2024-04-18T08:40:10.293+0000] {processor.py:840} INFO - DAG(s) 'example_short_circuit_operator' retrieved from /home/airflow/.local/lib/python3.12/site-packages/airflow/example_dags/example_short_circuit_operator.py
[2024-04-18T08:40:10.322+0000] {logging_mixin.py:188} INFO - [2024-04-18T08:40:10.321+0000] {dag.py:3096} INFO - Sync 1 DAGs
[2024-04-18T08:40:10.345+0000] {logging_mixin.py:188} INFO - [2024-04-18T08:40:10.344+0000] {dag.py:3954} INFO - Setting next_dagrun for example_short_circuit_operator to 2024-04-17 00:00:00+00:00, run_after=2024-04-18 00:00:00+00:00
[2024-04-18T08:40:10.366+0000] {processor.py:183} INFO - Processing /home/airflow/.local/lib/python3.12/site-packages/airflow/example_dags/example_short_circuit_operator.py took 0.091 seconds
[2024-04-18T08:40:41.140+0000] {processor.py:161} INFO - Started process (PID=7433) to work on /home/airflow/.local/lib/python3.12/site-packages/airflow/example_dags/example_short_circuit_operator.py
[2024-04-18T08:40:41.141+0000] {processor.py:830} INFO - Processing file /home/airflow/.local/lib/python3.12/site-packages/airflow/example_dags/example_short_circuit_operator.py for tasks to queue
[2024-04-18T08:40:41.142+0000] {logging_mixin.py:188} INFO - [2024-04-18T08:40:41.142+0000] {dagbag.py:540} INFO - Filling up the DagBag from /home/airflow/.local/lib/python3.12/site-packages/airflow/example_dags/example_short_circuit_operator.py
[2024-04-18T08:40:41.153+0000] {processor.py:840} INFO - DAG(s) 'example_short_circuit_operator' retrieved from /home/airflow/.local/lib/python3.12/site-packages/airflow/example_dags/example_short_circuit_operator.py
[2024-04-18T08:40:41.177+0000] {logging_mixin.py:188} INFO - [2024-04-18T08:40:41.177+0000] {dag.py:3096} INFO - Sync 1 DAGs
[2024-04-18T08:40:41.216+0000] {logging_mixin.py:188} INFO - [2024-04-18T08:40:41.215+0000] {dag.py:3954} INFO - Setting next_dagrun for example_short_circuit_operator to 2024-04-17 00:00:00+00:00, run_after=2024-04-18 00:00:00+00:00
[2024-04-18T08:40:41.259+0000] {processor.py:183} INFO - Processing /home/airflow/.local/lib/python3.12/site-packages/airflow/example_dags/example_short_circuit_operator.py took 0.126 seconds
[2024-04-18T08:41:11.893+0000] {processor.py:161} INFO - Started process (PID=7698) to work on /home/airflow/.local/lib/python3.12/site-packages/airflow/example_dags/example_short_circuit_operator.py
[2024-04-18T08:41:11.894+0000] {processor.py:830} INFO - Processing file /home/airflow/.local/lib/python3.12/site-packages/airflow/example_dags/example_short_circuit_operator.py for tasks to queue
[2024-04-18T08:41:11.896+0000] {logging_mixin.py:188} INFO - [2024-04-18T08:41:11.895+0000] {dagbag.py:540} INFO - Filling up the DagBag from /home/airflow/.local/lib/python3.12/site-packages/airflow/example_dags/example_short_circuit_operator.py
[2024-04-18T08:41:11.905+0000] {processor.py:840} INFO - DAG(s) 'example_short_circuit_operator' retrieved from /home/airflow/.local/lib/python3.12/site-packages/airflow/example_dags/example_short_circuit_operator.py
[2024-04-18T08:41:11.935+0000] {logging_mixin.py:188} INFO - [2024-04-18T08:41:11.935+0000] {dag.py:3096} INFO - Sync 1 DAGs
[2024-04-18T08:41:11.960+0000] {logging_mixin.py:188} INFO - [2024-04-18T08:41:11.960+0000] {dag.py:3954} INFO - Setting next_dagrun for example_short_circuit_operator to 2024-04-17 00:00:00+00:00, run_after=2024-04-18 00:00:00+00:00
[2024-04-18T08:41:11.984+0000] {processor.py:183} INFO - Processing /home/airflow/.local/lib/python3.12/site-packages/airflow/example_dags/example_short_circuit_operator.py took 0.098 seconds
[2024-04-18T08:41:42.847+0000] {processor.py:161} INFO - Started process (PID=7967) to work on /home/airflow/.local/lib/python3.12/site-packages/airflow/example_dags/example_short_circuit_operator.py
[2024-04-18T08:41:42.848+0000] {processor.py:830} INFO - Processing file /home/airflow/.local/lib/python3.12/site-packages/airflow/example_dags/example_short_circuit_operator.py for tasks to queue
[2024-04-18T08:41:42.851+0000] {logging_mixin.py:188} INFO - [2024-04-18T08:41:42.851+0000] {dagbag.py:540} INFO - Filling up the DagBag from /home/airflow/.local/lib/python3.12/site-packages/airflow/example_dags/example_short_circuit_operator.py
[2024-04-18T08:41:42.860+0000] {processor.py:840} INFO - DAG(s) 'example_short_circuit_operator' retrieved from /home/airflow/.local/lib/python3.12/site-packages/airflow/example_dags/example_short_circuit_operator.py
[2024-04-18T08:41:42.886+0000] {logging_mixin.py:188} INFO - [2024-04-18T08:41:42.885+0000] {dag.py:3096} INFO - Sync 1 DAGs
[2024-04-18T08:41:42.907+0000] {logging_mixin.py:188} INFO - [2024-04-18T08:41:42.907+0000] {dag.py:3954} INFO - Setting next_dagrun for example_short_circuit_operator to 2024-04-17 00:00:00+00:00, run_after=2024-04-18 00:00:00+00:00
[2024-04-18T08:41:42.928+0000] {processor.py:183} INFO - Processing /home/airflow/.local/lib/python3.12/site-packages/airflow/example_dags/example_short_circuit_operator.py took 0.087 seconds
[2024-04-18T08:42:13.606+0000] {processor.py:161} INFO - Started process (PID=8233) to work on /home/airflow/.local/lib/python3.12/site-packages/airflow/example_dags/example_short_circuit_operator.py
[2024-04-18T08:42:13.607+0000] {processor.py:830} INFO - Processing file /home/airflow/.local/lib/python3.12/site-packages/airflow/example_dags/example_short_circuit_operator.py for tasks to queue
[2024-04-18T08:42:13.609+0000] {logging_mixin.py:188} INFO - [2024-04-18T08:42:13.609+0000] {dagbag.py:540} INFO - Filling up the DagBag from /home/airflow/.local/lib/python3.12/site-packages/airflow/example_dags/example_short_circuit_operator.py
[2024-04-18T08:42:13.622+0000] {processor.py:840} INFO - DAG(s) 'example_short_circuit_operator' retrieved from /home/airflow/.local/lib/python3.12/site-packages/airflow/example_dags/example_short_circuit_operator.py
[2024-04-18T08:42:13.653+0000] {logging_mixin.py:188} INFO - [2024-04-18T08:42:13.653+0000] {dag.py:3096} INFO - Sync 1 DAGs
[2024-04-18T08:42:13.674+0000] {logging_mixin.py:188} INFO - [2024-04-18T08:42:13.674+0000] {dag.py:3954} INFO - Setting next_dagrun for example_short_circuit_operator to 2024-04-17 00:00:00+00:00, run_after=2024-04-18 00:00:00+00:00
[2024-04-18T08:42:13.695+0000] {processor.py:183} INFO - Processing /home/airflow/.local/lib/python3.12/site-packages/airflow/example_dags/example_short_circuit_operator.py took 0.096 seconds
[2024-04-18T08:42:44.174+0000] {processor.py:161} INFO - Started process (PID=8498) to work on /home/airflow/.local/lib/python3.12/site-packages/airflow/example_dags/example_short_circuit_operator.py
[2024-04-18T08:42:44.175+0000] {processor.py:830} INFO - Processing file /home/airflow/.local/lib/python3.12/site-packages/airflow/example_dags/example_short_circuit_operator.py for tasks to queue
[2024-04-18T08:42:44.182+0000] {logging_mixin.py:188} INFO - [2024-04-18T08:42:44.177+0000] {dagbag.py:540} INFO - Filling up the DagBag from /home/airflow/.local/lib/python3.12/site-packages/airflow/example_dags/example_short_circuit_operator.py
[2024-04-18T08:42:44.201+0000] {processor.py:840} INFO - DAG(s) 'example_short_circuit_operator' retrieved from /home/airflow/.local/lib/python3.12/site-packages/airflow/example_dags/example_short_circuit_operator.py
[2024-04-18T08:42:44.225+0000] {logging_mixin.py:188} INFO - [2024-04-18T08:42:44.225+0000] {dag.py:3096} INFO - Sync 1 DAGs
[2024-04-18T08:42:44.248+0000] {logging_mixin.py:188} INFO - [2024-04-18T08:42:44.248+0000] {dag.py:3954} INFO - Setting next_dagrun for example_short_circuit_operator to 2024-04-17 00:00:00+00:00, run_after=2024-04-18 00:00:00+00:00
[2024-04-18T08:42:44.269+0000] {processor.py:183} INFO - Processing /home/airflow/.local/lib/python3.12/site-packages/airflow/example_dags/example_short_circuit_operator.py took 0.104 seconds
[2024-04-18T08:43:15.190+0000] {processor.py:161} INFO - Started process (PID=8765) to work on /home/airflow/.local/lib/python3.12/site-packages/airflow/example_dags/example_short_circuit_operator.py
[2024-04-18T08:43:15.191+0000] {processor.py:830} INFO - Processing file /home/airflow/.local/lib/python3.12/site-packages/airflow/example_dags/example_short_circuit_operator.py for tasks to queue
[2024-04-18T08:43:15.193+0000] {logging_mixin.py:188} INFO - [2024-04-18T08:43:15.193+0000] {dagbag.py:540} INFO - Filling up the DagBag from /home/airflow/.local/lib/python3.12/site-packages/airflow/example_dags/example_short_circuit_operator.py
[2024-04-18T08:43:15.201+0000] {processor.py:840} INFO - DAG(s) 'example_short_circuit_operator' retrieved from /home/airflow/.local/lib/python3.12/site-packages/airflow/example_dags/example_short_circuit_operator.py
[2024-04-18T08:43:15.237+0000] {logging_mixin.py:188} INFO - [2024-04-18T08:43:15.234+0000] {dag.py:3096} INFO - Sync 1 DAGs
[2024-04-18T08:43:15.264+0000] {logging_mixin.py:188} INFO - [2024-04-18T08:43:15.264+0000] {dag.py:3954} INFO - Setting next_dagrun for example_short_circuit_operator to 2024-04-17 00:00:00+00:00, run_after=2024-04-18 00:00:00+00:00
[2024-04-18T08:43:15.290+0000] {processor.py:183} INFO - Processing /home/airflow/.local/lib/python3.12/site-packages/airflow/example_dags/example_short_circuit_operator.py took 0.106 seconds
[2024-04-18T08:43:45.860+0000] {processor.py:161} INFO - Started process (PID=9037) to work on /home/airflow/.local/lib/python3.12/site-packages/airflow/example_dags/example_short_circuit_operator.py
[2024-04-18T08:43:45.860+0000] {processor.py:830} INFO - Processing file /home/airflow/.local/lib/python3.12/site-packages/airflow/example_dags/example_short_circuit_operator.py for tasks to queue
[2024-04-18T08:43:45.863+0000] {logging_mixin.py:188} INFO - [2024-04-18T08:43:45.863+0000] {dagbag.py:540} INFO - Filling up the DagBag from /home/airflow/.local/lib/python3.12/site-packages/airflow/example_dags/example_short_circuit_operator.py
[2024-04-18T08:43:45.875+0000] {processor.py:840} INFO - DAG(s) 'example_short_circuit_operator' retrieved from /home/airflow/.local/lib/python3.12/site-packages/airflow/example_dags/example_short_circuit_operator.py
[2024-04-18T08:43:45.900+0000] {logging_mixin.py:188} INFO - [2024-04-18T08:43:45.899+0000] {dag.py:3096} INFO - Sync 1 DAGs
[2024-04-18T08:43:45.922+0000] {logging_mixin.py:188} INFO - [2024-04-18T08:43:45.922+0000] {dag.py:3954} INFO - Setting next_dagrun for example_short_circuit_operator to 2024-04-17 00:00:00+00:00, run_after=2024-04-18 00:00:00+00:00
[2024-04-18T08:43:45.943+0000] {processor.py:183} INFO - Processing /home/airflow/.local/lib/python3.12/site-packages/airflow/example_dags/example_short_circuit_operator.py took 0.090 seconds
[2024-04-18T08:44:16.732+0000] {processor.py:161} INFO - Started process (PID=9303) to work on /home/airflow/.local/lib/python3.12/site-packages/airflow/example_dags/example_short_circuit_operator.py
[2024-04-18T08:44:16.733+0000] {processor.py:830} INFO - Processing file /home/airflow/.local/lib/python3.12/site-packages/airflow/example_dags/example_short_circuit_operator.py for tasks to queue
[2024-04-18T08:44:16.735+0000] {logging_mixin.py:188} INFO - [2024-04-18T08:44:16.734+0000] {dagbag.py:540} INFO - Filling up the DagBag from /home/airflow/.local/lib/python3.12/site-packages/airflow/example_dags/example_short_circuit_operator.py
[2024-04-18T08:44:16.743+0000] {processor.py:840} INFO - DAG(s) 'example_short_circuit_operator' retrieved from /home/airflow/.local/lib/python3.12/site-packages/airflow/example_dags/example_short_circuit_operator.py
[2024-04-18T08:44:16.766+0000] {logging_mixin.py:188} INFO - [2024-04-18T08:44:16.766+0000] {dag.py:3096} INFO - Sync 1 DAGs
[2024-04-18T08:44:16.790+0000] {logging_mixin.py:188} INFO - [2024-04-18T08:44:16.790+0000] {dag.py:3954} INFO - Setting next_dagrun for example_short_circuit_operator to 2024-04-17 00:00:00+00:00, run_after=2024-04-18 00:00:00+00:00
[2024-04-18T08:44:16.811+0000] {processor.py:183} INFO - Processing /home/airflow/.local/lib/python3.12/site-packages/airflow/example_dags/example_short_circuit_operator.py took 0.085 seconds
[2024-04-18T08:44:47.799+0000] {processor.py:161} INFO - Started process (PID=9569) to work on /home/airflow/.local/lib/python3.12/site-packages/airflow/example_dags/example_short_circuit_operator.py
[2024-04-18T08:44:47.800+0000] {processor.py:830} INFO - Processing file /home/airflow/.local/lib/python3.12/site-packages/airflow/example_dags/example_short_circuit_operator.py for tasks to queue
[2024-04-18T08:44:47.802+0000] {logging_mixin.py:188} INFO - [2024-04-18T08:44:47.802+0000] {dagbag.py:540} INFO - Filling up the DagBag from /home/airflow/.local/lib/python3.12/site-packages/airflow/example_dags/example_short_circuit_operator.py
[2024-04-18T08:44:47.811+0000] {processor.py:840} INFO - DAG(s) 'example_short_circuit_operator' retrieved from /home/airflow/.local/lib/python3.12/site-packages/airflow/example_dags/example_short_circuit_operator.py
[2024-04-18T08:44:47.836+0000] {logging_mixin.py:188} INFO - [2024-04-18T08:44:47.836+0000] {dag.py:3096} INFO - Sync 1 DAGs
[2024-04-18T08:44:47.870+0000] {logging_mixin.py:188} INFO - [2024-04-18T08:44:47.870+0000] {dag.py:3954} INFO - Setting next_dagrun for example_short_circuit_operator to 2024-04-17 00:00:00+00:00, run_after=2024-04-18 00:00:00+00:00
[2024-04-18T08:44:47.890+0000] {processor.py:183} INFO - Processing /home/airflow/.local/lib/python3.12/site-packages/airflow/example_dags/example_short_circuit_operator.py took 0.097 seconds
[2024-04-18T08:45:18.208+0000] {processor.py:161} INFO - Started process (PID=9835) to work on /home/airflow/.local/lib/python3.12/site-packages/airflow/example_dags/example_short_circuit_operator.py
[2024-04-18T08:45:18.212+0000] {processor.py:830} INFO - Processing file /home/airflow/.local/lib/python3.12/site-packages/airflow/example_dags/example_short_circuit_operator.py for tasks to queue
[2024-04-18T08:45:18.217+0000] {logging_mixin.py:188} INFO - [2024-04-18T08:45:18.217+0000] {dagbag.py:540} INFO - Filling up the DagBag from /home/airflow/.local/lib/python3.12/site-packages/airflow/example_dags/example_short_circuit_operator.py
[2024-04-18T08:45:18.255+0000] {processor.py:840} INFO - DAG(s) 'example_short_circuit_operator' retrieved from /home/airflow/.local/lib/python3.12/site-packages/airflow/example_dags/example_short_circuit_operator.py
[2024-04-18T08:45:18.319+0000] {logging_mixin.py:188} INFO - [2024-04-18T08:45:18.318+0000] {dag.py:3096} INFO - Sync 1 DAGs
[2024-04-18T08:45:18.397+0000] {logging_mixin.py:188} INFO - [2024-04-18T08:45:18.395+0000] {dag.py:3954} INFO - Setting next_dagrun for example_short_circuit_operator to 2024-04-17 00:00:00+00:00, run_after=2024-04-18 00:00:00+00:00
[2024-04-18T08:45:18.496+0000] {processor.py:183} INFO - Processing /home/airflow/.local/lib/python3.12/site-packages/airflow/example_dags/example_short_circuit_operator.py took 0.333 seconds
[2024-04-18T08:45:48.739+0000] {processor.py:161} INFO - Started process (PID=10099) to work on /home/airflow/.local/lib/python3.12/site-packages/airflow/example_dags/example_short_circuit_operator.py
[2024-04-18T08:45:48.740+0000] {processor.py:830} INFO - Processing file /home/airflow/.local/lib/python3.12/site-packages/airflow/example_dags/example_short_circuit_operator.py for tasks to queue
[2024-04-18T08:45:48.742+0000] {logging_mixin.py:188} INFO - [2024-04-18T08:45:48.742+0000] {dagbag.py:540} INFO - Filling up the DagBag from /home/airflow/.local/lib/python3.12/site-packages/airflow/example_dags/example_short_circuit_operator.py
[2024-04-18T08:45:48.750+0000] {processor.py:840} INFO - DAG(s) 'example_short_circuit_operator' retrieved from /home/airflow/.local/lib/python3.12/site-packages/airflow/example_dags/example_short_circuit_operator.py
[2024-04-18T08:45:48.791+0000] {logging_mixin.py:188} INFO - [2024-04-18T08:45:48.788+0000] {dag.py:3096} INFO - Sync 1 DAGs
[2024-04-18T08:45:48.813+0000] {logging_mixin.py:188} INFO - [2024-04-18T08:45:48.813+0000] {dag.py:3954} INFO - Setting next_dagrun for example_short_circuit_operator to 2024-04-17 00:00:00+00:00, run_after=2024-04-18 00:00:00+00:00
[2024-04-18T08:45:48.834+0000] {processor.py:183} INFO - Processing /home/airflow/.local/lib/python3.12/site-packages/airflow/example_dags/example_short_circuit_operator.py took 0.102 seconds
[2024-04-18T08:46:19.664+0000] {processor.py:161} INFO - Started process (PID=10367) to work on /home/airflow/.local/lib/python3.12/site-packages/airflow/example_dags/example_short_circuit_operator.py
[2024-04-18T08:46:19.670+0000] {processor.py:830} INFO - Processing file /home/airflow/.local/lib/python3.12/site-packages/airflow/example_dags/example_short_circuit_operator.py for tasks to queue
[2024-04-18T08:46:19.677+0000] {logging_mixin.py:188} INFO - [2024-04-18T08:46:19.676+0000] {dagbag.py:540} INFO - Filling up the DagBag from /home/airflow/.local/lib/python3.12/site-packages/airflow/example_dags/example_short_circuit_operator.py
[2024-04-18T08:46:19.685+0000] {processor.py:840} INFO - DAG(s) 'example_short_circuit_operator' retrieved from /home/airflow/.local/lib/python3.12/site-packages/airflow/example_dags/example_short_circuit_operator.py
[2024-04-18T08:46:19.730+0000] {logging_mixin.py:188} INFO - [2024-04-18T08:46:19.730+0000] {dag.py:3096} INFO - Sync 1 DAGs
[2024-04-18T08:46:19.762+0000] {logging_mixin.py:188} INFO - [2024-04-18T08:46:19.762+0000] {dag.py:3954} INFO - Setting next_dagrun for example_short_circuit_operator to 2024-04-17 00:00:00+00:00, run_after=2024-04-18 00:00:00+00:00
[2024-04-18T08:46:19.786+0000] {processor.py:183} INFO - Processing /home/airflow/.local/lib/python3.12/site-packages/airflow/example_dags/example_short_circuit_operator.py took 0.140 seconds
[2024-04-18T08:46:50.696+0000] {processor.py:161} INFO - Started process (PID=10634) to work on /home/airflow/.local/lib/python3.12/site-packages/airflow/example_dags/example_short_circuit_operator.py
[2024-04-18T08:46:50.697+0000] {processor.py:830} INFO - Processing file /home/airflow/.local/lib/python3.12/site-packages/airflow/example_dags/example_short_circuit_operator.py for tasks to queue
[2024-04-18T08:46:50.699+0000] {logging_mixin.py:188} INFO - [2024-04-18T08:46:50.698+0000] {dagbag.py:540} INFO - Filling up the DagBag from /home/airflow/.local/lib/python3.12/site-packages/airflow/example_dags/example_short_circuit_operator.py
[2024-04-18T08:46:50.710+0000] {processor.py:840} INFO - DAG(s) 'example_short_circuit_operator' retrieved from /home/airflow/.local/lib/python3.12/site-packages/airflow/example_dags/example_short_circuit_operator.py
[2024-04-18T08:46:50.734+0000] {logging_mixin.py:188} INFO - [2024-04-18T08:46:50.734+0000] {dag.py:3096} INFO - Sync 1 DAGs
[2024-04-18T08:46:50.777+0000] {logging_mixin.py:188} INFO - [2024-04-18T08:46:50.777+0000] {dag.py:3954} INFO - Setting next_dagrun for example_short_circuit_operator to 2024-04-17 00:00:00+00:00, run_after=2024-04-18 00:00:00+00:00
[2024-04-18T08:46:50.801+0000] {processor.py:183} INFO - Processing /home/airflow/.local/lib/python3.12/site-packages/airflow/example_dags/example_short_circuit_operator.py took 0.111 seconds
[2024-04-18T08:47:21.652+0000] {processor.py:161} INFO - Started process (PID=10898) to work on /home/airflow/.local/lib/python3.12/site-packages/airflow/example_dags/example_short_circuit_operator.py
[2024-04-18T08:47:21.661+0000] {processor.py:830} INFO - Processing file /home/airflow/.local/lib/python3.12/site-packages/airflow/example_dags/example_short_circuit_operator.py for tasks to queue
[2024-04-18T08:47:21.663+0000] {logging_mixin.py:188} INFO - [2024-04-18T08:47:21.663+0000] {dagbag.py:540} INFO - Filling up the DagBag from /home/airflow/.local/lib/python3.12/site-packages/airflow/example_dags/example_short_circuit_operator.py
[2024-04-18T08:47:21.683+0000] {processor.py:840} INFO - DAG(s) 'example_short_circuit_operator' retrieved from /home/airflow/.local/lib/python3.12/site-packages/airflow/example_dags/example_short_circuit_operator.py
[2024-04-18T08:47:21.722+0000] {logging_mixin.py:188} INFO - [2024-04-18T08:47:21.722+0000] {dag.py:3096} INFO - Sync 1 DAGs
[2024-04-18T08:47:21.747+0000] {logging_mixin.py:188} INFO - [2024-04-18T08:47:21.746+0000] {dag.py:3954} INFO - Setting next_dagrun for example_short_circuit_operator to 2024-04-17 00:00:00+00:00, run_after=2024-04-18 00:00:00+00:00
[2024-04-18T08:47:21.773+0000] {processor.py:183} INFO - Processing /home/airflow/.local/lib/python3.12/site-packages/airflow/example_dags/example_short_circuit_operator.py took 0.127 seconds
[2024-04-18T08:47:51.977+0000] {processor.py:161} INFO - Started process (PID=11167) to work on /home/airflow/.local/lib/python3.12/site-packages/airflow/example_dags/example_short_circuit_operator.py
[2024-04-18T08:47:51.978+0000] {processor.py:830} INFO - Processing file /home/airflow/.local/lib/python3.12/site-packages/airflow/example_dags/example_short_circuit_operator.py for tasks to queue
[2024-04-18T08:47:51.980+0000] {logging_mixin.py:188} INFO - [2024-04-18T08:47:51.980+0000] {dagbag.py:540} INFO - Filling up the DagBag from /home/airflow/.local/lib/python3.12/site-packages/airflow/example_dags/example_short_circuit_operator.py
[2024-04-18T08:47:51.989+0000] {processor.py:840} INFO - DAG(s) 'example_short_circuit_operator' retrieved from /home/airflow/.local/lib/python3.12/site-packages/airflow/example_dags/example_short_circuit_operator.py
[2024-04-18T08:47:52.069+0000] {logging_mixin.py:188} INFO - [2024-04-18T08:47:52.069+0000] {dag.py:3096} INFO - Sync 1 DAGs
[2024-04-18T08:47:52.109+0000] {logging_mixin.py:188} INFO - [2024-04-18T08:47:52.109+0000] {dag.py:3954} INFO - Setting next_dagrun for example_short_circuit_operator to 2024-04-17 00:00:00+00:00, run_after=2024-04-18 00:00:00+00:00
[2024-04-18T08:47:52.130+0000] {processor.py:183} INFO - Processing /home/airflow/.local/lib/python3.12/site-packages/airflow/example_dags/example_short_circuit_operator.py took 0.168 seconds
[2024-04-18T08:48:22.199+0000] {processor.py:161} INFO - Started process (PID=11433) to work on /home/airflow/.local/lib/python3.12/site-packages/airflow/example_dags/example_short_circuit_operator.py
[2024-04-18T08:48:22.200+0000] {processor.py:830} INFO - Processing file /home/airflow/.local/lib/python3.12/site-packages/airflow/example_dags/example_short_circuit_operator.py for tasks to queue
[2024-04-18T08:48:22.202+0000] {logging_mixin.py:188} INFO - [2024-04-18T08:48:22.201+0000] {dagbag.py:540} INFO - Filling up the DagBag from /home/airflow/.local/lib/python3.12/site-packages/airflow/example_dags/example_short_circuit_operator.py
[2024-04-18T08:48:22.210+0000] {processor.py:840} INFO - DAG(s) 'example_short_circuit_operator' retrieved from /home/airflow/.local/lib/python3.12/site-packages/airflow/example_dags/example_short_circuit_operator.py
[2024-04-18T08:48:22.236+0000] {logging_mixin.py:188} INFO - [2024-04-18T08:48:22.236+0000] {dag.py:3096} INFO - Sync 1 DAGs
[2024-04-18T08:48:22.261+0000] {logging_mixin.py:188} INFO - [2024-04-18T08:48:22.261+0000] {dag.py:3954} INFO - Setting next_dagrun for example_short_circuit_operator to 2024-04-17 00:00:00+00:00, run_after=2024-04-18 00:00:00+00:00
[2024-04-18T08:48:22.293+0000] {processor.py:183} INFO - Processing /home/airflow/.local/lib/python3.12/site-packages/airflow/example_dags/example_short_circuit_operator.py took 0.101 seconds
[2024-04-18T08:48:52.881+0000] {processor.py:161} INFO - Started process (PID=11699) to work on /home/airflow/.local/lib/python3.12/site-packages/airflow/example_dags/example_short_circuit_operator.py
[2024-04-18T08:48:52.882+0000] {processor.py:830} INFO - Processing file /home/airflow/.local/lib/python3.12/site-packages/airflow/example_dags/example_short_circuit_operator.py for tasks to queue
[2024-04-18T08:48:52.884+0000] {logging_mixin.py:188} INFO - [2024-04-18T08:48:52.883+0000] {dagbag.py:540} INFO - Filling up the DagBag from /home/airflow/.local/lib/python3.12/site-packages/airflow/example_dags/example_short_circuit_operator.py
[2024-04-18T08:48:52.893+0000] {processor.py:840} INFO - DAG(s) 'example_short_circuit_operator' retrieved from /home/airflow/.local/lib/python3.12/site-packages/airflow/example_dags/example_short_circuit_operator.py
[2024-04-18T08:48:52.923+0000] {logging_mixin.py:188} INFO - [2024-04-18T08:48:52.919+0000] {dag.py:3096} INFO - Sync 1 DAGs
[2024-04-18T08:48:52.944+0000] {logging_mixin.py:188} INFO - [2024-04-18T08:48:52.944+0000] {dag.py:3954} INFO - Setting next_dagrun for example_short_circuit_operator to 2024-04-17 00:00:00+00:00, run_after=2024-04-18 00:00:00+00:00
[2024-04-18T08:48:52.966+0000] {processor.py:183} INFO - Processing /home/airflow/.local/lib/python3.12/site-packages/airflow/example_dags/example_short_circuit_operator.py took 0.091 seconds
