[2024-04-18T08:26:59.204+0000] {processor.py:161} INFO - Started process (PID=273) to work on /home/airflow/.local/lib/python3.12/site-packages/airflow/example_dags/example_task_group_decorator.py
[2024-04-18T08:26:59.205+0000] {processor.py:830} INFO - Processing file /home/airflow/.local/lib/python3.12/site-packages/airflow/example_dags/example_task_group_decorator.py for tasks to queue
[2024-04-18T08:26:59.207+0000] {logging_mixin.py:188} INFO - [2024-04-18T08:26:59.206+0000] {dagbag.py:540} INFO - Filling up the DagBag from /home/airflow/.local/lib/python3.12/site-packages/airflow/example_dags/example_task_group_decorator.py
[2024-04-18T08:26:59.231+0000] {processor.py:840} INFO - DAG(s) 'example_task_group_decorator' retrieved from /home/airflow/.local/lib/python3.12/site-packages/airflow/example_dags/example_task_group_decorator.py
[2024-04-18T08:26:59.288+0000] {logging_mixin.py:188} INFO - [2024-04-18T08:26:59.288+0000] {dag.py:3096} INFO - Sync 1 DAGs
[2024-04-18T08:26:59.329+0000] {logging_mixin.py:188} INFO - [2024-04-18T08:26:59.328+0000] {dag.py:3954} INFO - Setting next_dagrun for example_task_group_decorator to 2024-04-17 00:00:00+00:00, run_after=2024-04-18 00:00:00+00:00
[2024-04-18T08:26:59.444+0000] {processor.py:183} INFO - Processing /home/airflow/.local/lib/python3.12/site-packages/airflow/example_dags/example_task_group_decorator.py took 0.247 seconds
[2024-04-18T08:27:30.076+0000] {processor.py:161} INFO - Started process (PID=560) to work on /home/airflow/.local/lib/python3.12/site-packages/airflow/example_dags/example_task_group_decorator.py
[2024-04-18T08:27:30.077+0000] {processor.py:830} INFO - Processing file /home/airflow/.local/lib/python3.12/site-packages/airflow/example_dags/example_task_group_decorator.py for tasks to queue
[2024-04-18T08:27:30.079+0000] {logging_mixin.py:188} INFO - [2024-04-18T08:27:30.078+0000] {dagbag.py:540} INFO - Filling up the DagBag from /home/airflow/.local/lib/python3.12/site-packages/airflow/example_dags/example_task_group_decorator.py
[2024-04-18T08:27:30.096+0000] {processor.py:840} INFO - DAG(s) 'example_task_group_decorator' retrieved from /home/airflow/.local/lib/python3.12/site-packages/airflow/example_dags/example_task_group_decorator.py
[2024-04-18T08:27:30.127+0000] {logging_mixin.py:188} INFO - [2024-04-18T08:27:30.126+0000] {dag.py:3096} INFO - Sync 1 DAGs
[2024-04-18T08:27:30.148+0000] {logging_mixin.py:188} INFO - [2024-04-18T08:27:30.148+0000] {dag.py:3954} INFO - Setting next_dagrun for example_task_group_decorator to 2024-04-17 00:00:00+00:00, run_after=2024-04-18 00:00:00+00:00
[2024-04-18T08:27:30.169+0000] {processor.py:183} INFO - Processing /home/airflow/.local/lib/python3.12/site-packages/airflow/example_dags/example_task_group_decorator.py took 0.099 seconds
[2024-04-18T08:28:01.325+0000] {processor.py:161} INFO - Started process (PID=831) to work on /home/airflow/.local/lib/python3.12/site-packages/airflow/example_dags/example_task_group_decorator.py
[2024-04-18T08:28:01.333+0000] {processor.py:830} INFO - Processing file /home/airflow/.local/lib/python3.12/site-packages/airflow/example_dags/example_task_group_decorator.py for tasks to queue
[2024-04-18T08:28:01.335+0000] {logging_mixin.py:188} INFO - [2024-04-18T08:28:01.334+0000] {dagbag.py:540} INFO - Filling up the DagBag from /home/airflow/.local/lib/python3.12/site-packages/airflow/example_dags/example_task_group_decorator.py
[2024-04-18T08:28:01.411+0000] {processor.py:840} INFO - DAG(s) 'example_task_group_decorator' retrieved from /home/airflow/.local/lib/python3.12/site-packages/airflow/example_dags/example_task_group_decorator.py
[2024-04-18T08:28:01.578+0000] {logging_mixin.py:188} INFO - [2024-04-18T08:28:01.577+0000] {dag.py:3096} INFO - Sync 1 DAGs
[2024-04-18T08:28:01.722+0000] {logging_mixin.py:188} INFO - [2024-04-18T08:28:01.722+0000] {dag.py:3954} INFO - Setting next_dagrun for example_task_group_decorator to 2024-04-17 00:00:00+00:00, run_after=2024-04-18 00:00:00+00:00
[2024-04-18T08:28:01.845+0000] {processor.py:183} INFO - Processing /home/airflow/.local/lib/python3.12/site-packages/airflow/example_dags/example_task_group_decorator.py took 0.527 seconds
[2024-04-18T08:28:32.226+0000] {processor.py:161} INFO - Started process (PID=1101) to work on /home/airflow/.local/lib/python3.12/site-packages/airflow/example_dags/example_task_group_decorator.py
[2024-04-18T08:28:32.227+0000] {processor.py:830} INFO - Processing file /home/airflow/.local/lib/python3.12/site-packages/airflow/example_dags/example_task_group_decorator.py for tasks to queue
[2024-04-18T08:28:32.229+0000] {logging_mixin.py:188} INFO - [2024-04-18T08:28:32.229+0000] {dagbag.py:540} INFO - Filling up the DagBag from /home/airflow/.local/lib/python3.12/site-packages/airflow/example_dags/example_task_group_decorator.py
[2024-04-18T08:28:32.244+0000] {processor.py:840} INFO - DAG(s) 'example_task_group_decorator' retrieved from /home/airflow/.local/lib/python3.12/site-packages/airflow/example_dags/example_task_group_decorator.py
[2024-04-18T08:28:32.266+0000] {logging_mixin.py:188} INFO - [2024-04-18T08:28:32.266+0000] {dag.py:3096} INFO - Sync 1 DAGs
[2024-04-18T08:28:32.289+0000] {logging_mixin.py:188} INFO - [2024-04-18T08:28:32.289+0000] {dag.py:3954} INFO - Setting next_dagrun for example_task_group_decorator to 2024-04-17 00:00:00+00:00, run_after=2024-04-18 00:00:00+00:00
[2024-04-18T08:28:32.310+0000] {processor.py:183} INFO - Processing /home/airflow/.local/lib/python3.12/site-packages/airflow/example_dags/example_task_group_decorator.py took 0.090 seconds
[2024-04-18T08:29:02.447+0000] {processor.py:161} INFO - Started process (PID=1367) to work on /home/airflow/.local/lib/python3.12/site-packages/airflow/example_dags/example_task_group_decorator.py
[2024-04-18T08:29:02.449+0000] {processor.py:830} INFO - Processing file /home/airflow/.local/lib/python3.12/site-packages/airflow/example_dags/example_task_group_decorator.py for tasks to queue
[2024-04-18T08:29:02.452+0000] {logging_mixin.py:188} INFO - [2024-04-18T08:29:02.450+0000] {dagbag.py:540} INFO - Filling up the DagBag from /home/airflow/.local/lib/python3.12/site-packages/airflow/example_dags/example_task_group_decorator.py
[2024-04-18T08:29:02.467+0000] {processor.py:840} INFO - DAG(s) 'example_task_group_decorator' retrieved from /home/airflow/.local/lib/python3.12/site-packages/airflow/example_dags/example_task_group_decorator.py
[2024-04-18T08:29:02.488+0000] {logging_mixin.py:188} INFO - [2024-04-18T08:29:02.488+0000] {dag.py:3096} INFO - Sync 1 DAGs
[2024-04-18T08:29:02.505+0000] {logging_mixin.py:188} INFO - [2024-04-18T08:29:02.505+0000] {dag.py:3954} INFO - Setting next_dagrun for example_task_group_decorator to 2024-04-17 00:00:00+00:00, run_after=2024-04-18 00:00:00+00:00
[2024-04-18T08:29:02.523+0000] {processor.py:183} INFO - Processing /home/airflow/.local/lib/python3.12/site-packages/airflow/example_dags/example_task_group_decorator.py took 0.082 seconds
[2024-04-18T08:29:32.693+0000] {processor.py:161} INFO - Started process (PID=1632) to work on /home/airflow/.local/lib/python3.12/site-packages/airflow/example_dags/example_task_group_decorator.py
[2024-04-18T08:29:32.693+0000] {processor.py:830} INFO - Processing file /home/airflow/.local/lib/python3.12/site-packages/airflow/example_dags/example_task_group_decorator.py for tasks to queue
[2024-04-18T08:29:32.695+0000] {logging_mixin.py:188} INFO - [2024-04-18T08:29:32.695+0000] {dagbag.py:540} INFO - Filling up the DagBag from /home/airflow/.local/lib/python3.12/site-packages/airflow/example_dags/example_task_group_decorator.py
[2024-04-18T08:29:32.709+0000] {processor.py:840} INFO - DAG(s) 'example_task_group_decorator' retrieved from /home/airflow/.local/lib/python3.12/site-packages/airflow/example_dags/example_task_group_decorator.py
[2024-04-18T08:29:32.732+0000] {logging_mixin.py:188} INFO - [2024-04-18T08:29:32.731+0000] {dag.py:3096} INFO - Sync 1 DAGs
[2024-04-18T08:29:32.748+0000] {logging_mixin.py:188} INFO - [2024-04-18T08:29:32.748+0000] {dag.py:3954} INFO - Setting next_dagrun for example_task_group_decorator to 2024-04-17 00:00:00+00:00, run_after=2024-04-18 00:00:00+00:00
[2024-04-18T08:29:32.769+0000] {processor.py:183} INFO - Processing /home/airflow/.local/lib/python3.12/site-packages/airflow/example_dags/example_task_group_decorator.py took 0.083 seconds
[2024-04-18T08:30:02.890+0000] {processor.py:161} INFO - Started process (PID=1901) to work on /home/airflow/.local/lib/python3.12/site-packages/airflow/example_dags/example_task_group_decorator.py
[2024-04-18T08:30:02.891+0000] {processor.py:830} INFO - Processing file /home/airflow/.local/lib/python3.12/site-packages/airflow/example_dags/example_task_group_decorator.py for tasks to queue
[2024-04-18T08:30:02.893+0000] {logging_mixin.py:188} INFO - [2024-04-18T08:30:02.893+0000] {dagbag.py:540} INFO - Filling up the DagBag from /home/airflow/.local/lib/python3.12/site-packages/airflow/example_dags/example_task_group_decorator.py
[2024-04-18T08:30:02.906+0000] {processor.py:840} INFO - DAG(s) 'example_task_group_decorator' retrieved from /home/airflow/.local/lib/python3.12/site-packages/airflow/example_dags/example_task_group_decorator.py
[2024-04-18T08:30:02.932+0000] {logging_mixin.py:188} INFO - [2024-04-18T08:30:02.931+0000] {dag.py:3096} INFO - Sync 1 DAGs
[2024-04-18T08:30:02.952+0000] {logging_mixin.py:188} INFO - [2024-04-18T08:30:02.952+0000] {dag.py:3954} INFO - Setting next_dagrun for example_task_group_decorator to 2024-04-17 00:00:00+00:00, run_after=2024-04-18 00:00:00+00:00
[2024-04-18T08:30:02.969+0000] {processor.py:183} INFO - Processing /home/airflow/.local/lib/python3.12/site-packages/airflow/example_dags/example_task_group_decorator.py took 0.085 seconds
[2024-04-18T08:30:33.374+0000] {processor.py:161} INFO - Started process (PID=2166) to work on /home/airflow/.local/lib/python3.12/site-packages/airflow/example_dags/example_task_group_decorator.py
[2024-04-18T08:30:33.375+0000] {processor.py:830} INFO - Processing file /home/airflow/.local/lib/python3.12/site-packages/airflow/example_dags/example_task_group_decorator.py for tasks to queue
[2024-04-18T08:30:33.377+0000] {logging_mixin.py:188} INFO - [2024-04-18T08:30:33.377+0000] {dagbag.py:540} INFO - Filling up the DagBag from /home/airflow/.local/lib/python3.12/site-packages/airflow/example_dags/example_task_group_decorator.py
[2024-04-18T08:30:33.392+0000] {processor.py:840} INFO - DAG(s) 'example_task_group_decorator' retrieved from /home/airflow/.local/lib/python3.12/site-packages/airflow/example_dags/example_task_group_decorator.py
[2024-04-18T08:30:33.413+0000] {logging_mixin.py:188} INFO - [2024-04-18T08:30:33.412+0000] {dag.py:3096} INFO - Sync 1 DAGs
[2024-04-18T08:30:33.428+0000] {logging_mixin.py:188} INFO - [2024-04-18T08:30:33.428+0000] {dag.py:3954} INFO - Setting next_dagrun for example_task_group_decorator to 2024-04-17 00:00:00+00:00, run_after=2024-04-18 00:00:00+00:00
[2024-04-18T08:30:33.446+0000] {processor.py:183} INFO - Processing /home/airflow/.local/lib/python3.12/site-packages/airflow/example_dags/example_task_group_decorator.py took 0.079 seconds
[2024-04-18T08:31:03.783+0000] {processor.py:161} INFO - Started process (PID=2432) to work on /home/airflow/.local/lib/python3.12/site-packages/airflow/example_dags/example_task_group_decorator.py
[2024-04-18T08:31:03.783+0000] {processor.py:830} INFO - Processing file /home/airflow/.local/lib/python3.12/site-packages/airflow/example_dags/example_task_group_decorator.py for tasks to queue
[2024-04-18T08:31:03.785+0000] {logging_mixin.py:188} INFO - [2024-04-18T08:31:03.785+0000] {dagbag.py:540} INFO - Filling up the DagBag from /home/airflow/.local/lib/python3.12/site-packages/airflow/example_dags/example_task_group_decorator.py
[2024-04-18T08:31:03.801+0000] {processor.py:840} INFO - DAG(s) 'example_task_group_decorator' retrieved from /home/airflow/.local/lib/python3.12/site-packages/airflow/example_dags/example_task_group_decorator.py
[2024-04-18T08:31:03.823+0000] {logging_mixin.py:188} INFO - [2024-04-18T08:31:03.822+0000] {dag.py:3096} INFO - Sync 1 DAGs
[2024-04-18T08:31:03.839+0000] {logging_mixin.py:188} INFO - [2024-04-18T08:31:03.838+0000] {dag.py:3954} INFO - Setting next_dagrun for example_task_group_decorator to 2024-04-17 00:00:00+00:00, run_after=2024-04-18 00:00:00+00:00
[2024-04-18T08:31:03.859+0000] {processor.py:183} INFO - Processing /home/airflow/.local/lib/python3.12/site-packages/airflow/example_dags/example_task_group_decorator.py took 0.083 seconds
[2024-04-18T08:31:34.239+0000] {processor.py:161} INFO - Started process (PID=2698) to work on /home/airflow/.local/lib/python3.12/site-packages/airflow/example_dags/example_task_group_decorator.py
[2024-04-18T08:31:34.240+0000] {processor.py:830} INFO - Processing file /home/airflow/.local/lib/python3.12/site-packages/airflow/example_dags/example_task_group_decorator.py for tasks to queue
[2024-04-18T08:31:34.241+0000] {logging_mixin.py:188} INFO - [2024-04-18T08:31:34.241+0000] {dagbag.py:540} INFO - Filling up the DagBag from /home/airflow/.local/lib/python3.12/site-packages/airflow/example_dags/example_task_group_decorator.py
[2024-04-18T08:31:34.258+0000] {processor.py:840} INFO - DAG(s) 'example_task_group_decorator' retrieved from /home/airflow/.local/lib/python3.12/site-packages/airflow/example_dags/example_task_group_decorator.py
[2024-04-18T08:31:34.280+0000] {logging_mixin.py:188} INFO - [2024-04-18T08:31:34.280+0000] {dag.py:3096} INFO - Sync 1 DAGs
[2024-04-18T08:31:34.296+0000] {logging_mixin.py:188} INFO - [2024-04-18T08:31:34.296+0000] {dag.py:3954} INFO - Setting next_dagrun for example_task_group_decorator to 2024-04-17 00:00:00+00:00, run_after=2024-04-18 00:00:00+00:00
[2024-04-18T08:31:34.315+0000] {processor.py:183} INFO - Processing /home/airflow/.local/lib/python3.12/site-packages/airflow/example_dags/example_task_group_decorator.py took 0.082 seconds
[2024-04-18T08:32:05.122+0000] {processor.py:161} INFO - Started process (PID=2965) to work on /home/airflow/.local/lib/python3.12/site-packages/airflow/example_dags/example_task_group_decorator.py
[2024-04-18T08:32:05.128+0000] {processor.py:830} INFO - Processing file /home/airflow/.local/lib/python3.12/site-packages/airflow/example_dags/example_task_group_decorator.py for tasks to queue
[2024-04-18T08:32:05.130+0000] {logging_mixin.py:188} INFO - [2024-04-18T08:32:05.130+0000] {dagbag.py:540} INFO - Filling up the DagBag from /home/airflow/.local/lib/python3.12/site-packages/airflow/example_dags/example_task_group_decorator.py
[2024-04-18T08:32:05.168+0000] {processor.py:840} INFO - DAG(s) 'example_task_group_decorator' retrieved from /home/airflow/.local/lib/python3.12/site-packages/airflow/example_dags/example_task_group_decorator.py
[2024-04-18T08:32:05.198+0000] {logging_mixin.py:188} INFO - [2024-04-18T08:32:05.197+0000] {dag.py:3096} INFO - Sync 1 DAGs
[2024-04-18T08:32:05.220+0000] {logging_mixin.py:188} INFO - [2024-04-18T08:32:05.220+0000] {dag.py:3954} INFO - Setting next_dagrun for example_task_group_decorator to 2024-04-17 00:00:00+00:00, run_after=2024-04-18 00:00:00+00:00
[2024-04-18T08:32:05.243+0000] {processor.py:183} INFO - Processing /home/airflow/.local/lib/python3.12/site-packages/airflow/example_dags/example_task_group_decorator.py took 0.134 seconds
[2024-04-18T08:32:35.766+0000] {processor.py:161} INFO - Started process (PID=3232) to work on /home/airflow/.local/lib/python3.12/site-packages/airflow/example_dags/example_task_group_decorator.py
[2024-04-18T08:32:35.767+0000] {processor.py:830} INFO - Processing file /home/airflow/.local/lib/python3.12/site-packages/airflow/example_dags/example_task_group_decorator.py for tasks to queue
[2024-04-18T08:32:35.769+0000] {logging_mixin.py:188} INFO - [2024-04-18T08:32:35.769+0000] {dagbag.py:540} INFO - Filling up the DagBag from /home/airflow/.local/lib/python3.12/site-packages/airflow/example_dags/example_task_group_decorator.py
[2024-04-18T08:32:35.787+0000] {processor.py:840} INFO - DAG(s) 'example_task_group_decorator' retrieved from /home/airflow/.local/lib/python3.12/site-packages/airflow/example_dags/example_task_group_decorator.py
[2024-04-18T08:32:35.823+0000] {logging_mixin.py:188} INFO - [2024-04-18T08:32:35.823+0000] {dag.py:3096} INFO - Sync 1 DAGs
[2024-04-18T08:32:35.847+0000] {logging_mixin.py:188} INFO - [2024-04-18T08:32:35.847+0000] {dag.py:3954} INFO - Setting next_dagrun for example_task_group_decorator to 2024-04-17 00:00:00+00:00, run_after=2024-04-18 00:00:00+00:00
[2024-04-18T08:32:35.878+0000] {processor.py:183} INFO - Processing /home/airflow/.local/lib/python3.12/site-packages/airflow/example_dags/example_task_group_decorator.py took 0.118 seconds
[2024-04-18T08:33:05.949+0000] {processor.py:161} INFO - Started process (PID=3496) to work on /home/airflow/.local/lib/python3.12/site-packages/airflow/example_dags/example_task_group_decorator.py
[2024-04-18T08:33:05.957+0000] {processor.py:830} INFO - Processing file /home/airflow/.local/lib/python3.12/site-packages/airflow/example_dags/example_task_group_decorator.py for tasks to queue
[2024-04-18T08:33:05.959+0000] {logging_mixin.py:188} INFO - [2024-04-18T08:33:05.958+0000] {dagbag.py:540} INFO - Filling up the DagBag from /home/airflow/.local/lib/python3.12/site-packages/airflow/example_dags/example_task_group_decorator.py
[2024-04-18T08:33:05.983+0000] {processor.py:840} INFO - DAG(s) 'example_task_group_decorator' retrieved from /home/airflow/.local/lib/python3.12/site-packages/airflow/example_dags/example_task_group_decorator.py
[2024-04-18T08:33:06.064+0000] {logging_mixin.py:188} INFO - [2024-04-18T08:33:06.063+0000] {dag.py:3096} INFO - Sync 1 DAGs
[2024-04-18T08:33:06.088+0000] {logging_mixin.py:188} INFO - [2024-04-18T08:33:06.087+0000] {dag.py:3954} INFO - Setting next_dagrun for example_task_group_decorator to 2024-04-17 00:00:00+00:00, run_after=2024-04-18 00:00:00+00:00
[2024-04-18T08:33:06.124+0000] {processor.py:183} INFO - Processing /home/airflow/.local/lib/python3.12/site-packages/airflow/example_dags/example_task_group_decorator.py took 0.186 seconds
[2024-04-18T08:33:36.604+0000] {processor.py:161} INFO - Started process (PID=3767) to work on /home/airflow/.local/lib/python3.12/site-packages/airflow/example_dags/example_task_group_decorator.py
[2024-04-18T08:33:36.605+0000] {processor.py:830} INFO - Processing file /home/airflow/.local/lib/python3.12/site-packages/airflow/example_dags/example_task_group_decorator.py for tasks to queue
[2024-04-18T08:33:36.607+0000] {logging_mixin.py:188} INFO - [2024-04-18T08:33:36.607+0000] {dagbag.py:540} INFO - Filling up the DagBag from /home/airflow/.local/lib/python3.12/site-packages/airflow/example_dags/example_task_group_decorator.py
[2024-04-18T08:33:36.619+0000] {processor.py:840} INFO - DAG(s) 'example_task_group_decorator' retrieved from /home/airflow/.local/lib/python3.12/site-packages/airflow/example_dags/example_task_group_decorator.py
[2024-04-18T08:33:36.637+0000] {logging_mixin.py:188} INFO - [2024-04-18T08:33:36.637+0000] {dag.py:3096} INFO - Sync 1 DAGs
[2024-04-18T08:33:36.653+0000] {logging_mixin.py:188} INFO - [2024-04-18T08:33:36.653+0000] {dag.py:3954} INFO - Setting next_dagrun for example_task_group_decorator to 2024-04-17 00:00:00+00:00, run_after=2024-04-18 00:00:00+00:00
[2024-04-18T08:33:36.671+0000] {processor.py:183} INFO - Processing /home/airflow/.local/lib/python3.12/site-packages/airflow/example_dags/example_task_group_decorator.py took 0.073 seconds
[2024-04-18T08:34:06.815+0000] {processor.py:161} INFO - Started process (PID=4033) to work on /home/airflow/.local/lib/python3.12/site-packages/airflow/example_dags/example_task_group_decorator.py
[2024-04-18T08:34:06.816+0000] {processor.py:830} INFO - Processing file /home/airflow/.local/lib/python3.12/site-packages/airflow/example_dags/example_task_group_decorator.py for tasks to queue
[2024-04-18T08:34:06.818+0000] {logging_mixin.py:188} INFO - [2024-04-18T08:34:06.817+0000] {dagbag.py:540} INFO - Filling up the DagBag from /home/airflow/.local/lib/python3.12/site-packages/airflow/example_dags/example_task_group_decorator.py
[2024-04-18T08:34:06.829+0000] {processor.py:840} INFO - DAG(s) 'example_task_group_decorator' retrieved from /home/airflow/.local/lib/python3.12/site-packages/airflow/example_dags/example_task_group_decorator.py
[2024-04-18T08:34:06.847+0000] {logging_mixin.py:188} INFO - [2024-04-18T08:34:06.847+0000] {dag.py:3096} INFO - Sync 1 DAGs
[2024-04-18T08:34:06.864+0000] {logging_mixin.py:188} INFO - [2024-04-18T08:34:06.863+0000] {dag.py:3954} INFO - Setting next_dagrun for example_task_group_decorator to 2024-04-17 00:00:00+00:00, run_after=2024-04-18 00:00:00+00:00
[2024-04-18T08:34:06.881+0000] {processor.py:183} INFO - Processing /home/airflow/.local/lib/python3.12/site-packages/airflow/example_dags/example_task_group_decorator.py took 0.072 seconds
[2024-04-18T08:34:37.077+0000] {processor.py:161} INFO - Started process (PID=4297) to work on /home/airflow/.local/lib/python3.12/site-packages/airflow/example_dags/example_task_group_decorator.py
[2024-04-18T08:34:37.078+0000] {processor.py:830} INFO - Processing file /home/airflow/.local/lib/python3.12/site-packages/airflow/example_dags/example_task_group_decorator.py for tasks to queue
[2024-04-18T08:34:37.080+0000] {logging_mixin.py:188} INFO - [2024-04-18T08:34:37.079+0000] {dagbag.py:540} INFO - Filling up the DagBag from /home/airflow/.local/lib/python3.12/site-packages/airflow/example_dags/example_task_group_decorator.py
[2024-04-18T08:34:37.095+0000] {processor.py:840} INFO - DAG(s) 'example_task_group_decorator' retrieved from /home/airflow/.local/lib/python3.12/site-packages/airflow/example_dags/example_task_group_decorator.py
[2024-04-18T08:34:37.114+0000] {logging_mixin.py:188} INFO - [2024-04-18T08:34:37.113+0000] {dag.py:3096} INFO - Sync 1 DAGs
[2024-04-18T08:34:37.129+0000] {logging_mixin.py:188} INFO - [2024-04-18T08:34:37.129+0000] {dag.py:3954} INFO - Setting next_dagrun for example_task_group_decorator to 2024-04-17 00:00:00+00:00, run_after=2024-04-18 00:00:00+00:00
[2024-04-18T08:34:37.146+0000] {processor.py:183} INFO - Processing /home/airflow/.local/lib/python3.12/site-packages/airflow/example_dags/example_task_group_decorator.py took 0.075 seconds
[2024-04-18T08:35:07.679+0000] {processor.py:161} INFO - Started process (PID=4564) to work on /home/airflow/.local/lib/python3.12/site-packages/airflow/example_dags/example_task_group_decorator.py
[2024-04-18T08:35:07.680+0000] {processor.py:830} INFO - Processing file /home/airflow/.local/lib/python3.12/site-packages/airflow/example_dags/example_task_group_decorator.py for tasks to queue
[2024-04-18T08:35:07.682+0000] {logging_mixin.py:188} INFO - [2024-04-18T08:35:07.682+0000] {dagbag.py:540} INFO - Filling up the DagBag from /home/airflow/.local/lib/python3.12/site-packages/airflow/example_dags/example_task_group_decorator.py
[2024-04-18T08:35:07.695+0000] {processor.py:840} INFO - DAG(s) 'example_task_group_decorator' retrieved from /home/airflow/.local/lib/python3.12/site-packages/airflow/example_dags/example_task_group_decorator.py
[2024-04-18T08:35:07.713+0000] {logging_mixin.py:188} INFO - [2024-04-18T08:35:07.713+0000] {dag.py:3096} INFO - Sync 1 DAGs
[2024-04-18T08:35:07.729+0000] {logging_mixin.py:188} INFO - [2024-04-18T08:35:07.729+0000] {dag.py:3954} INFO - Setting next_dagrun for example_task_group_decorator to 2024-04-17 00:00:00+00:00, run_after=2024-04-18 00:00:00+00:00
[2024-04-18T08:35:07.747+0000] {processor.py:183} INFO - Processing /home/airflow/.local/lib/python3.12/site-packages/airflow/example_dags/example_task_group_decorator.py took 0.073 seconds
[2024-04-18T08:35:38.216+0000] {processor.py:161} INFO - Started process (PID=4831) to work on /home/airflow/.local/lib/python3.12/site-packages/airflow/example_dags/example_task_group_decorator.py
[2024-04-18T08:35:38.217+0000] {processor.py:830} INFO - Processing file /home/airflow/.local/lib/python3.12/site-packages/airflow/example_dags/example_task_group_decorator.py for tasks to queue
[2024-04-18T08:35:38.219+0000] {logging_mixin.py:188} INFO - [2024-04-18T08:35:38.219+0000] {dagbag.py:540} INFO - Filling up the DagBag from /home/airflow/.local/lib/python3.12/site-packages/airflow/example_dags/example_task_group_decorator.py
[2024-04-18T08:35:38.234+0000] {processor.py:840} INFO - DAG(s) 'example_task_group_decorator' retrieved from /home/airflow/.local/lib/python3.12/site-packages/airflow/example_dags/example_task_group_decorator.py
[2024-04-18T08:35:38.263+0000] {logging_mixin.py:188} INFO - [2024-04-18T08:35:38.262+0000] {dag.py:3096} INFO - Sync 1 DAGs
[2024-04-18T08:35:38.285+0000] {logging_mixin.py:188} INFO - [2024-04-18T08:35:38.285+0000] {dag.py:3954} INFO - Setting next_dagrun for example_task_group_decorator to 2024-04-17 00:00:00+00:00, run_after=2024-04-18 00:00:00+00:00
[2024-04-18T08:35:38.489+0000] {processor.py:183} INFO - Processing /home/airflow/.local/lib/python3.12/site-packages/airflow/example_dags/example_task_group_decorator.py took 0.279 seconds
[2024-04-18T08:36:08.944+0000] {processor.py:161} INFO - Started process (PID=5099) to work on /home/airflow/.local/lib/python3.12/site-packages/airflow/example_dags/example_task_group_decorator.py
[2024-04-18T08:36:08.944+0000] {processor.py:830} INFO - Processing file /home/airflow/.local/lib/python3.12/site-packages/airflow/example_dags/example_task_group_decorator.py for tasks to queue
[2024-04-18T08:36:08.946+0000] {logging_mixin.py:188} INFO - [2024-04-18T08:36:08.945+0000] {dagbag.py:540} INFO - Filling up the DagBag from /home/airflow/.local/lib/python3.12/site-packages/airflow/example_dags/example_task_group_decorator.py
[2024-04-18T08:36:08.956+0000] {processor.py:840} INFO - DAG(s) 'example_task_group_decorator' retrieved from /home/airflow/.local/lib/python3.12/site-packages/airflow/example_dags/example_task_group_decorator.py
[2024-04-18T08:36:08.975+0000] {logging_mixin.py:188} INFO - [2024-04-18T08:36:08.975+0000] {dag.py:3096} INFO - Sync 1 DAGs
[2024-04-18T08:36:08.991+0000] {logging_mixin.py:188} INFO - [2024-04-18T08:36:08.991+0000] {dag.py:3954} INFO - Setting next_dagrun for example_task_group_decorator to 2024-04-17 00:00:00+00:00, run_after=2024-04-18 00:00:00+00:00
[2024-04-18T08:36:09.014+0000] {processor.py:183} INFO - Processing /home/airflow/.local/lib/python3.12/site-packages/airflow/example_dags/example_task_group_decorator.py took 0.076 seconds
[2024-04-18T08:36:39.740+0000] {processor.py:161} INFO - Started process (PID=5364) to work on /home/airflow/.local/lib/python3.12/site-packages/airflow/example_dags/example_task_group_decorator.py
[2024-04-18T08:36:39.741+0000] {processor.py:830} INFO - Processing file /home/airflow/.local/lib/python3.12/site-packages/airflow/example_dags/example_task_group_decorator.py for tasks to queue
[2024-04-18T08:36:39.742+0000] {logging_mixin.py:188} INFO - [2024-04-18T08:36:39.742+0000] {dagbag.py:540} INFO - Filling up the DagBag from /home/airflow/.local/lib/python3.12/site-packages/airflow/example_dags/example_task_group_decorator.py
[2024-04-18T08:36:39.758+0000] {processor.py:840} INFO - DAG(s) 'example_task_group_decorator' retrieved from /home/airflow/.local/lib/python3.12/site-packages/airflow/example_dags/example_task_group_decorator.py
[2024-04-18T08:36:39.776+0000] {logging_mixin.py:188} INFO - [2024-04-18T08:36:39.776+0000] {dag.py:3096} INFO - Sync 1 DAGs
[2024-04-18T08:36:39.792+0000] {logging_mixin.py:188} INFO - [2024-04-18T08:36:39.792+0000] {dag.py:3954} INFO - Setting next_dagrun for example_task_group_decorator to 2024-04-17 00:00:00+00:00, run_after=2024-04-18 00:00:00+00:00
[2024-04-18T08:36:39.811+0000] {processor.py:183} INFO - Processing /home/airflow/.local/lib/python3.12/site-packages/airflow/example_dags/example_task_group_decorator.py took 0.078 seconds
[2024-04-18T08:37:10.149+0000] {processor.py:161} INFO - Started process (PID=5630) to work on /home/airflow/.local/lib/python3.12/site-packages/airflow/example_dags/example_task_group_decorator.py
[2024-04-18T08:37:10.157+0000] {processor.py:830} INFO - Processing file /home/airflow/.local/lib/python3.12/site-packages/airflow/example_dags/example_task_group_decorator.py for tasks to queue
[2024-04-18T08:37:10.162+0000] {logging_mixin.py:188} INFO - [2024-04-18T08:37:10.162+0000] {dagbag.py:540} INFO - Filling up the DagBag from /home/airflow/.local/lib/python3.12/site-packages/airflow/example_dags/example_task_group_decorator.py
[2024-04-18T08:37:10.183+0000] {processor.py:840} INFO - DAG(s) 'example_task_group_decorator' retrieved from /home/airflow/.local/lib/python3.12/site-packages/airflow/example_dags/example_task_group_decorator.py
[2024-04-18T08:37:10.228+0000] {logging_mixin.py:188} INFO - [2024-04-18T08:37:10.227+0000] {dag.py:3096} INFO - Sync 1 DAGs
[2024-04-18T08:37:10.251+0000] {logging_mixin.py:188} INFO - [2024-04-18T08:37:10.251+0000] {dag.py:3954} INFO - Setting next_dagrun for example_task_group_decorator to 2024-04-17 00:00:00+00:00, run_after=2024-04-18 00:00:00+00:00
[2024-04-18T08:37:10.277+0000] {processor.py:183} INFO - Processing /home/airflow/.local/lib/python3.12/site-packages/airflow/example_dags/example_task_group_decorator.py took 0.134 seconds
[2024-04-18T08:37:41.260+0000] {processor.py:161} INFO - Started process (PID=5896) to work on /home/airflow/.local/lib/python3.12/site-packages/airflow/example_dags/example_task_group_decorator.py
[2024-04-18T08:37:41.261+0000] {processor.py:830} INFO - Processing file /home/airflow/.local/lib/python3.12/site-packages/airflow/example_dags/example_task_group_decorator.py for tasks to queue
[2024-04-18T08:37:41.263+0000] {logging_mixin.py:188} INFO - [2024-04-18T08:37:41.262+0000] {dagbag.py:540} INFO - Filling up the DagBag from /home/airflow/.local/lib/python3.12/site-packages/airflow/example_dags/example_task_group_decorator.py
[2024-04-18T08:37:41.282+0000] {processor.py:840} INFO - DAG(s) 'example_task_group_decorator' retrieved from /home/airflow/.local/lib/python3.12/site-packages/airflow/example_dags/example_task_group_decorator.py
[2024-04-18T08:37:41.311+0000] {logging_mixin.py:188} INFO - [2024-04-18T08:37:41.310+0000] {dag.py:3096} INFO - Sync 1 DAGs
[2024-04-18T08:37:41.528+0000] {logging_mixin.py:188} INFO - [2024-04-18T08:37:41.528+0000] {dag.py:3954} INFO - Setting next_dagrun for example_task_group_decorator to 2024-04-17 00:00:00+00:00, run_after=2024-04-18 00:00:00+00:00
[2024-04-18T08:37:41.553+0000] {processor.py:183} INFO - Processing /home/airflow/.local/lib/python3.12/site-packages/airflow/example_dags/example_task_group_decorator.py took 0.299 seconds
[2024-04-18T08:38:12.096+0000] {processor.py:161} INFO - Started process (PID=6161) to work on /home/airflow/.local/lib/python3.12/site-packages/airflow/example_dags/example_task_group_decorator.py
[2024-04-18T08:38:12.097+0000] {processor.py:830} INFO - Processing file /home/airflow/.local/lib/python3.12/site-packages/airflow/example_dags/example_task_group_decorator.py for tasks to queue
[2024-04-18T08:38:12.099+0000] {logging_mixin.py:188} INFO - [2024-04-18T08:38:12.099+0000] {dagbag.py:540} INFO - Filling up the DagBag from /home/airflow/.local/lib/python3.12/site-packages/airflow/example_dags/example_task_group_decorator.py
[2024-04-18T08:38:12.116+0000] {processor.py:840} INFO - DAG(s) 'example_task_group_decorator' retrieved from /home/airflow/.local/lib/python3.12/site-packages/airflow/example_dags/example_task_group_decorator.py
[2024-04-18T08:38:12.147+0000] {logging_mixin.py:188} INFO - [2024-04-18T08:38:12.147+0000] {dag.py:3096} INFO - Sync 1 DAGs
[2024-04-18T08:38:12.169+0000] {logging_mixin.py:188} INFO - [2024-04-18T08:38:12.168+0000] {dag.py:3954} INFO - Setting next_dagrun for example_task_group_decorator to 2024-04-17 00:00:00+00:00, run_after=2024-04-18 00:00:00+00:00
[2024-04-18T08:38:12.341+0000] {processor.py:183} INFO - Processing /home/airflow/.local/lib/python3.12/site-packages/airflow/example_dags/example_task_group_decorator.py took 0.251 seconds
[2024-04-18T08:38:43.477+0000] {processor.py:161} INFO - Started process (PID=6430) to work on /home/airflow/.local/lib/python3.12/site-packages/airflow/example_dags/example_task_group_decorator.py
[2024-04-18T08:38:43.477+0000] {processor.py:830} INFO - Processing file /home/airflow/.local/lib/python3.12/site-packages/airflow/example_dags/example_task_group_decorator.py for tasks to queue
[2024-04-18T08:38:43.479+0000] {logging_mixin.py:188} INFO - [2024-04-18T08:38:43.478+0000] {dagbag.py:540} INFO - Filling up the DagBag from /home/airflow/.local/lib/python3.12/site-packages/airflow/example_dags/example_task_group_decorator.py
[2024-04-18T08:38:43.490+0000] {processor.py:840} INFO - DAG(s) 'example_task_group_decorator' retrieved from /home/airflow/.local/lib/python3.12/site-packages/airflow/example_dags/example_task_group_decorator.py
[2024-04-18T08:38:43.509+0000] {logging_mixin.py:188} INFO - [2024-04-18T08:38:43.509+0000] {dag.py:3096} INFO - Sync 1 DAGs
[2024-04-18T08:38:43.526+0000] {logging_mixin.py:188} INFO - [2024-04-18T08:38:43.525+0000] {dag.py:3954} INFO - Setting next_dagrun for example_task_group_decorator to 2024-04-17 00:00:00+00:00, run_after=2024-04-18 00:00:00+00:00
[2024-04-18T08:38:43.543+0000] {processor.py:183} INFO - Processing /home/airflow/.local/lib/python3.12/site-packages/airflow/example_dags/example_task_group_decorator.py took 0.071 seconds
[2024-04-18T08:39:13.763+0000] {processor.py:161} INFO - Started process (PID=6694) to work on /home/airflow/.local/lib/python3.12/site-packages/airflow/example_dags/example_task_group_decorator.py
[2024-04-18T08:39:13.777+0000] {processor.py:830} INFO - Processing file /home/airflow/.local/lib/python3.12/site-packages/airflow/example_dags/example_task_group_decorator.py for tasks to queue
[2024-04-18T08:39:13.779+0000] {logging_mixin.py:188} INFO - [2024-04-18T08:39:13.778+0000] {dagbag.py:540} INFO - Filling up the DagBag from /home/airflow/.local/lib/python3.12/site-packages/airflow/example_dags/example_task_group_decorator.py
[2024-04-18T08:39:13.823+0000] {processor.py:840} INFO - DAG(s) 'example_task_group_decorator' retrieved from /home/airflow/.local/lib/python3.12/site-packages/airflow/example_dags/example_task_group_decorator.py
[2024-04-18T08:39:13.874+0000] {logging_mixin.py:188} INFO - [2024-04-18T08:39:13.873+0000] {dag.py:3096} INFO - Sync 1 DAGs
[2024-04-18T08:39:13.901+0000] {logging_mixin.py:188} INFO - [2024-04-18T08:39:13.900+0000] {dag.py:3954} INFO - Setting next_dagrun for example_task_group_decorator to 2024-04-17 00:00:00+00:00, run_after=2024-04-18 00:00:00+00:00
[2024-04-18T08:39:13.924+0000] {processor.py:183} INFO - Processing /home/airflow/.local/lib/python3.12/site-packages/airflow/example_dags/example_task_group_decorator.py took 0.169 seconds
[2024-04-18T08:39:44.750+0000] {processor.py:161} INFO - Started process (PID=6967) to work on /home/airflow/.local/lib/python3.12/site-packages/airflow/example_dags/example_task_group_decorator.py
[2024-04-18T08:39:44.751+0000] {processor.py:830} INFO - Processing file /home/airflow/.local/lib/python3.12/site-packages/airflow/example_dags/example_task_group_decorator.py for tasks to queue
[2024-04-18T08:39:44.753+0000] {logging_mixin.py:188} INFO - [2024-04-18T08:39:44.752+0000] {dagbag.py:540} INFO - Filling up the DagBag from /home/airflow/.local/lib/python3.12/site-packages/airflow/example_dags/example_task_group_decorator.py
[2024-04-18T08:39:44.770+0000] {processor.py:840} INFO - DAG(s) 'example_task_group_decorator' retrieved from /home/airflow/.local/lib/python3.12/site-packages/airflow/example_dags/example_task_group_decorator.py
[2024-04-18T08:39:44.799+0000] {logging_mixin.py:188} INFO - [2024-04-18T08:39:44.799+0000] {dag.py:3096} INFO - Sync 1 DAGs
[2024-04-18T08:39:44.829+0000] {logging_mixin.py:188} INFO - [2024-04-18T08:39:44.828+0000] {dag.py:3954} INFO - Setting next_dagrun for example_task_group_decorator to 2024-04-17 00:00:00+00:00, run_after=2024-04-18 00:00:00+00:00
[2024-04-18T08:39:44.855+0000] {processor.py:183} INFO - Processing /home/airflow/.local/lib/python3.12/site-packages/airflow/example_dags/example_task_group_decorator.py took 0.112 seconds
[2024-04-18T08:40:15.359+0000] {processor.py:161} INFO - Started process (PID=7232) to work on /home/airflow/.local/lib/python3.12/site-packages/airflow/example_dags/example_task_group_decorator.py
[2024-04-18T08:40:15.360+0000] {processor.py:830} INFO - Processing file /home/airflow/.local/lib/python3.12/site-packages/airflow/example_dags/example_task_group_decorator.py for tasks to queue
[2024-04-18T08:40:15.362+0000] {logging_mixin.py:188} INFO - [2024-04-18T08:40:15.362+0000] {dagbag.py:540} INFO - Filling up the DagBag from /home/airflow/.local/lib/python3.12/site-packages/airflow/example_dags/example_task_group_decorator.py
[2024-04-18T08:40:15.399+0000] {processor.py:840} INFO - DAG(s) 'example_task_group_decorator' retrieved from /home/airflow/.local/lib/python3.12/site-packages/airflow/example_dags/example_task_group_decorator.py
[2024-04-18T08:40:15.440+0000] {logging_mixin.py:188} INFO - [2024-04-18T08:40:15.439+0000] {dag.py:3096} INFO - Sync 1 DAGs
[2024-04-18T08:40:15.486+0000] {logging_mixin.py:188} INFO - [2024-04-18T08:40:15.486+0000] {dag.py:3954} INFO - Setting next_dagrun for example_task_group_decorator to 2024-04-17 00:00:00+00:00, run_after=2024-04-18 00:00:00+00:00
[2024-04-18T08:40:15.509+0000] {processor.py:183} INFO - Processing /home/airflow/.local/lib/python3.12/site-packages/airflow/example_dags/example_task_group_decorator.py took 0.168 seconds
[2024-04-18T08:40:45.965+0000] {processor.py:161} INFO - Started process (PID=7499) to work on /home/airflow/.local/lib/python3.12/site-packages/airflow/example_dags/example_task_group_decorator.py
[2024-04-18T08:40:45.966+0000] {processor.py:830} INFO - Processing file /home/airflow/.local/lib/python3.12/site-packages/airflow/example_dags/example_task_group_decorator.py for tasks to queue
[2024-04-18T08:40:45.968+0000] {logging_mixin.py:188} INFO - [2024-04-18T08:40:45.967+0000] {dagbag.py:540} INFO - Filling up the DagBag from /home/airflow/.local/lib/python3.12/site-packages/airflow/example_dags/example_task_group_decorator.py
[2024-04-18T08:40:46.004+0000] {processor.py:840} INFO - DAG(s) 'example_task_group_decorator' retrieved from /home/airflow/.local/lib/python3.12/site-packages/airflow/example_dags/example_task_group_decorator.py
[2024-04-18T08:40:46.074+0000] {logging_mixin.py:188} INFO - [2024-04-18T08:40:46.073+0000] {dag.py:3096} INFO - Sync 1 DAGs
[2024-04-18T08:40:46.125+0000] {logging_mixin.py:188} INFO - [2024-04-18T08:40:46.119+0000] {dag.py:3954} INFO - Setting next_dagrun for example_task_group_decorator to 2024-04-17 00:00:00+00:00, run_after=2024-04-18 00:00:00+00:00
[2024-04-18T08:40:46.164+0000] {processor.py:183} INFO - Processing /home/airflow/.local/lib/python3.12/site-packages/airflow/example_dags/example_task_group_decorator.py took 0.205 seconds
[2024-04-18T08:41:16.835+0000] {processor.py:161} INFO - Started process (PID=7767) to work on /home/airflow/.local/lib/python3.12/site-packages/airflow/example_dags/example_task_group_decorator.py
[2024-04-18T08:41:16.835+0000] {processor.py:830} INFO - Processing file /home/airflow/.local/lib/python3.12/site-packages/airflow/example_dags/example_task_group_decorator.py for tasks to queue
[2024-04-18T08:41:16.837+0000] {logging_mixin.py:188} INFO - [2024-04-18T08:41:16.837+0000] {dagbag.py:540} INFO - Filling up the DagBag from /home/airflow/.local/lib/python3.12/site-packages/airflow/example_dags/example_task_group_decorator.py
[2024-04-18T08:41:16.856+0000] {processor.py:840} INFO - DAG(s) 'example_task_group_decorator' retrieved from /home/airflow/.local/lib/python3.12/site-packages/airflow/example_dags/example_task_group_decorator.py
[2024-04-18T08:41:16.886+0000] {logging_mixin.py:188} INFO - [2024-04-18T08:41:16.885+0000] {dag.py:3096} INFO - Sync 1 DAGs
[2024-04-18T08:41:16.910+0000] {logging_mixin.py:188} INFO - [2024-04-18T08:41:16.910+0000] {dag.py:3954} INFO - Setting next_dagrun for example_task_group_decorator to 2024-04-17 00:00:00+00:00, run_after=2024-04-18 00:00:00+00:00
[2024-04-18T08:41:16.935+0000] {processor.py:183} INFO - Processing /home/airflow/.local/lib/python3.12/site-packages/airflow/example_dags/example_task_group_decorator.py took 0.106 seconds
[2024-04-18T08:41:47.505+0000] {processor.py:161} INFO - Started process (PID=8033) to work on /home/airflow/.local/lib/python3.12/site-packages/airflow/example_dags/example_task_group_decorator.py
[2024-04-18T08:41:47.506+0000] {processor.py:830} INFO - Processing file /home/airflow/.local/lib/python3.12/site-packages/airflow/example_dags/example_task_group_decorator.py for tasks to queue
[2024-04-18T08:41:47.508+0000] {logging_mixin.py:188} INFO - [2024-04-18T08:41:47.507+0000] {dagbag.py:540} INFO - Filling up the DagBag from /home/airflow/.local/lib/python3.12/site-packages/airflow/example_dags/example_task_group_decorator.py
[2024-04-18T08:41:47.526+0000] {processor.py:840} INFO - DAG(s) 'example_task_group_decorator' retrieved from /home/airflow/.local/lib/python3.12/site-packages/airflow/example_dags/example_task_group_decorator.py
[2024-04-18T08:41:47.555+0000] {logging_mixin.py:188} INFO - [2024-04-18T08:41:47.555+0000] {dag.py:3096} INFO - Sync 1 DAGs
[2024-04-18T08:41:47.581+0000] {logging_mixin.py:188} INFO - [2024-04-18T08:41:47.581+0000] {dag.py:3954} INFO - Setting next_dagrun for example_task_group_decorator to 2024-04-17 00:00:00+00:00, run_after=2024-04-18 00:00:00+00:00
[2024-04-18T08:41:47.602+0000] {processor.py:183} INFO - Processing /home/airflow/.local/lib/python3.12/site-packages/airflow/example_dags/example_task_group_decorator.py took 0.104 seconds
[2024-04-18T08:42:18.440+0000] {processor.py:161} INFO - Started process (PID=8299) to work on /home/airflow/.local/lib/python3.12/site-packages/airflow/example_dags/example_task_group_decorator.py
[2024-04-18T08:42:18.445+0000] {processor.py:830} INFO - Processing file /home/airflow/.local/lib/python3.12/site-packages/airflow/example_dags/example_task_group_decorator.py for tasks to queue
[2024-04-18T08:42:18.447+0000] {logging_mixin.py:188} INFO - [2024-04-18T08:42:18.447+0000] {dagbag.py:540} INFO - Filling up the DagBag from /home/airflow/.local/lib/python3.12/site-packages/airflow/example_dags/example_task_group_decorator.py
[2024-04-18T08:42:18.465+0000] {processor.py:840} INFO - DAG(s) 'example_task_group_decorator' retrieved from /home/airflow/.local/lib/python3.12/site-packages/airflow/example_dags/example_task_group_decorator.py
[2024-04-18T08:42:18.494+0000] {logging_mixin.py:188} INFO - [2024-04-18T08:42:18.494+0000] {dag.py:3096} INFO - Sync 1 DAGs
[2024-04-18T08:42:18.519+0000] {logging_mixin.py:188} INFO - [2024-04-18T08:42:18.518+0000] {dag.py:3954} INFO - Setting next_dagrun for example_task_group_decorator to 2024-04-17 00:00:00+00:00, run_after=2024-04-18 00:00:00+00:00
[2024-04-18T08:42:18.548+0000] {processor.py:183} INFO - Processing /home/airflow/.local/lib/python3.12/site-packages/airflow/example_dags/example_task_group_decorator.py took 0.114 seconds
[2024-04-18T08:42:48.952+0000] {processor.py:161} INFO - Started process (PID=8565) to work on /home/airflow/.local/lib/python3.12/site-packages/airflow/example_dags/example_task_group_decorator.py
[2024-04-18T08:42:48.953+0000] {processor.py:830} INFO - Processing file /home/airflow/.local/lib/python3.12/site-packages/airflow/example_dags/example_task_group_decorator.py for tasks to queue
[2024-04-18T08:42:48.955+0000] {logging_mixin.py:188} INFO - [2024-04-18T08:42:48.955+0000] {dagbag.py:540} INFO - Filling up the DagBag from /home/airflow/.local/lib/python3.12/site-packages/airflow/example_dags/example_task_group_decorator.py
[2024-04-18T08:42:48.973+0000] {processor.py:840} INFO - DAG(s) 'example_task_group_decorator' retrieved from /home/airflow/.local/lib/python3.12/site-packages/airflow/example_dags/example_task_group_decorator.py
[2024-04-18T08:42:49.001+0000] {logging_mixin.py:188} INFO - [2024-04-18T08:42:49.001+0000] {dag.py:3096} INFO - Sync 1 DAGs
[2024-04-18T08:42:49.028+0000] {logging_mixin.py:188} INFO - [2024-04-18T08:42:49.027+0000] {dag.py:3954} INFO - Setting next_dagrun for example_task_group_decorator to 2024-04-17 00:00:00+00:00, run_after=2024-04-18 00:00:00+00:00
[2024-04-18T08:42:49.059+0000] {processor.py:183} INFO - Processing /home/airflow/.local/lib/python3.12/site-packages/airflow/example_dags/example_task_group_decorator.py took 0.113 seconds
[2024-04-18T08:43:19.111+0000] {processor.py:161} INFO - Started process (PID=8828) to work on /home/airflow/.local/lib/python3.12/site-packages/airflow/example_dags/example_task_group_decorator.py
[2024-04-18T08:43:19.111+0000] {processor.py:830} INFO - Processing file /home/airflow/.local/lib/python3.12/site-packages/airflow/example_dags/example_task_group_decorator.py for tasks to queue
[2024-04-18T08:43:19.113+0000] {logging_mixin.py:188} INFO - [2024-04-18T08:43:19.113+0000] {dagbag.py:540} INFO - Filling up the DagBag from /home/airflow/.local/lib/python3.12/site-packages/airflow/example_dags/example_task_group_decorator.py
[2024-04-18T08:43:19.130+0000] {processor.py:840} INFO - DAG(s) 'example_task_group_decorator' retrieved from /home/airflow/.local/lib/python3.12/site-packages/airflow/example_dags/example_task_group_decorator.py
[2024-04-18T08:43:19.155+0000] {logging_mixin.py:188} INFO - [2024-04-18T08:43:19.154+0000] {dag.py:3096} INFO - Sync 1 DAGs
[2024-04-18T08:43:19.170+0000] {logging_mixin.py:188} INFO - [2024-04-18T08:43:19.170+0000] {dag.py:3954} INFO - Setting next_dagrun for example_task_group_decorator to 2024-04-17 00:00:00+00:00, run_after=2024-04-18 00:00:00+00:00
[2024-04-18T08:43:19.189+0000] {processor.py:183} INFO - Processing /home/airflow/.local/lib/python3.12/site-packages/airflow/example_dags/example_task_group_decorator.py took 0.083 seconds
[2024-04-18T08:43:49.626+0000] {processor.py:161} INFO - Started process (PID=9097) to work on /home/airflow/.local/lib/python3.12/site-packages/airflow/example_dags/example_task_group_decorator.py
[2024-04-18T08:43:49.627+0000] {processor.py:830} INFO - Processing file /home/airflow/.local/lib/python3.12/site-packages/airflow/example_dags/example_task_group_decorator.py for tasks to queue
[2024-04-18T08:43:49.629+0000] {logging_mixin.py:188} INFO - [2024-04-18T08:43:49.629+0000] {dagbag.py:540} INFO - Filling up the DagBag from /home/airflow/.local/lib/python3.12/site-packages/airflow/example_dags/example_task_group_decorator.py
[2024-04-18T08:43:49.655+0000] {processor.py:840} INFO - DAG(s) 'example_task_group_decorator' retrieved from /home/airflow/.local/lib/python3.12/site-packages/airflow/example_dags/example_task_group_decorator.py
[2024-04-18T08:43:49.699+0000] {logging_mixin.py:188} INFO - [2024-04-18T08:43:49.699+0000] {dag.py:3096} INFO - Sync 1 DAGs
[2024-04-18T08:43:49.724+0000] {logging_mixin.py:188} INFO - [2024-04-18T08:43:49.723+0000] {dag.py:3954} INFO - Setting next_dagrun for example_task_group_decorator to 2024-04-17 00:00:00+00:00, run_after=2024-04-18 00:00:00+00:00
[2024-04-18T08:43:49.747+0000] {processor.py:183} INFO - Processing /home/airflow/.local/lib/python3.12/site-packages/airflow/example_dags/example_task_group_decorator.py took 0.126 seconds
[2024-04-18T08:44:20.591+0000] {processor.py:161} INFO - Started process (PID=9363) to work on /home/airflow/.local/lib/python3.12/site-packages/airflow/example_dags/example_task_group_decorator.py
[2024-04-18T08:44:20.592+0000] {processor.py:830} INFO - Processing file /home/airflow/.local/lib/python3.12/site-packages/airflow/example_dags/example_task_group_decorator.py for tasks to queue
[2024-04-18T08:44:20.594+0000] {logging_mixin.py:188} INFO - [2024-04-18T08:44:20.594+0000] {dagbag.py:540} INFO - Filling up the DagBag from /home/airflow/.local/lib/python3.12/site-packages/airflow/example_dags/example_task_group_decorator.py
[2024-04-18T08:44:20.611+0000] {processor.py:840} INFO - DAG(s) 'example_task_group_decorator' retrieved from /home/airflow/.local/lib/python3.12/site-packages/airflow/example_dags/example_task_group_decorator.py
[2024-04-18T08:44:20.641+0000] {logging_mixin.py:188} INFO - [2024-04-18T08:44:20.640+0000] {dag.py:3096} INFO - Sync 1 DAGs
[2024-04-18T08:44:20.665+0000] {logging_mixin.py:188} INFO - [2024-04-18T08:44:20.664+0000] {dag.py:3954} INFO - Setting next_dagrun for example_task_group_decorator to 2024-04-17 00:00:00+00:00, run_after=2024-04-18 00:00:00+00:00
[2024-04-18T08:44:20.686+0000] {processor.py:183} INFO - Processing /home/airflow/.local/lib/python3.12/site-packages/airflow/example_dags/example_task_group_decorator.py took 0.101 seconds
[2024-04-18T08:44:51.462+0000] {processor.py:161} INFO - Started process (PID=9629) to work on /home/airflow/.local/lib/python3.12/site-packages/airflow/example_dags/example_task_group_decorator.py
[2024-04-18T08:44:51.463+0000] {processor.py:830} INFO - Processing file /home/airflow/.local/lib/python3.12/site-packages/airflow/example_dags/example_task_group_decorator.py for tasks to queue
[2024-04-18T08:44:51.465+0000] {logging_mixin.py:188} INFO - [2024-04-18T08:44:51.465+0000] {dagbag.py:540} INFO - Filling up the DagBag from /home/airflow/.local/lib/python3.12/site-packages/airflow/example_dags/example_task_group_decorator.py
[2024-04-18T08:44:51.482+0000] {processor.py:840} INFO - DAG(s) 'example_task_group_decorator' retrieved from /home/airflow/.local/lib/python3.12/site-packages/airflow/example_dags/example_task_group_decorator.py
[2024-04-18T08:44:51.513+0000] {logging_mixin.py:188} INFO - [2024-04-18T08:44:51.513+0000] {dag.py:3096} INFO - Sync 1 DAGs
[2024-04-18T08:44:51.538+0000] {logging_mixin.py:188} INFO - [2024-04-18T08:44:51.538+0000] {dag.py:3954} INFO - Setting next_dagrun for example_task_group_decorator to 2024-04-17 00:00:00+00:00, run_after=2024-04-18 00:00:00+00:00
[2024-04-18T08:44:51.572+0000] {processor.py:183} INFO - Processing /home/airflow/.local/lib/python3.12/site-packages/airflow/example_dags/example_task_group_decorator.py took 0.116 seconds
[2024-04-18T08:45:22.250+0000] {processor.py:161} INFO - Started process (PID=9895) to work on /home/airflow/.local/lib/python3.12/site-packages/airflow/example_dags/example_task_group_decorator.py
[2024-04-18T08:45:22.251+0000] {processor.py:830} INFO - Processing file /home/airflow/.local/lib/python3.12/site-packages/airflow/example_dags/example_task_group_decorator.py for tasks to queue
[2024-04-18T08:45:22.253+0000] {logging_mixin.py:188} INFO - [2024-04-18T08:45:22.253+0000] {dagbag.py:540} INFO - Filling up the DagBag from /home/airflow/.local/lib/python3.12/site-packages/airflow/example_dags/example_task_group_decorator.py
[2024-04-18T08:45:22.270+0000] {processor.py:840} INFO - DAG(s) 'example_task_group_decorator' retrieved from /home/airflow/.local/lib/python3.12/site-packages/airflow/example_dags/example_task_group_decorator.py
[2024-04-18T08:45:22.302+0000] {logging_mixin.py:188} INFO - [2024-04-18T08:45:22.301+0000] {dag.py:3096} INFO - Sync 1 DAGs
[2024-04-18T08:45:22.327+0000] {logging_mixin.py:188} INFO - [2024-04-18T08:45:22.327+0000] {dag.py:3954} INFO - Setting next_dagrun for example_task_group_decorator to 2024-04-17 00:00:00+00:00, run_after=2024-04-18 00:00:00+00:00
[2024-04-18T08:45:22.349+0000] {processor.py:183} INFO - Processing /home/airflow/.local/lib/python3.12/site-packages/airflow/example_dags/example_task_group_decorator.py took 0.107 seconds
[2024-04-18T08:45:52.877+0000] {processor.py:161} INFO - Started process (PID=10160) to work on /home/airflow/.local/lib/python3.12/site-packages/airflow/example_dags/example_task_group_decorator.py
[2024-04-18T08:45:52.883+0000] {processor.py:830} INFO - Processing file /home/airflow/.local/lib/python3.12/site-packages/airflow/example_dags/example_task_group_decorator.py for tasks to queue
[2024-04-18T08:45:52.885+0000] {logging_mixin.py:188} INFO - [2024-04-18T08:45:52.885+0000] {dagbag.py:540} INFO - Filling up the DagBag from /home/airflow/.local/lib/python3.12/site-packages/airflow/example_dags/example_task_group_decorator.py
[2024-04-18T08:45:52.906+0000] {processor.py:840} INFO - DAG(s) 'example_task_group_decorator' retrieved from /home/airflow/.local/lib/python3.12/site-packages/airflow/example_dags/example_task_group_decorator.py
[2024-04-18T08:45:52.943+0000] {logging_mixin.py:188} INFO - [2024-04-18T08:45:52.943+0000] {dag.py:3096} INFO - Sync 1 DAGs
[2024-04-18T08:45:52.969+0000] {logging_mixin.py:188} INFO - [2024-04-18T08:45:52.969+0000] {dag.py:3954} INFO - Setting next_dagrun for example_task_group_decorator to 2024-04-17 00:00:00+00:00, run_after=2024-04-18 00:00:00+00:00
[2024-04-18T08:45:53.001+0000] {processor.py:183} INFO - Processing /home/airflow/.local/lib/python3.12/site-packages/airflow/example_dags/example_task_group_decorator.py took 0.143 seconds
[2024-04-18T08:46:23.348+0000] {processor.py:161} INFO - Started process (PID=10427) to work on /home/airflow/.local/lib/python3.12/site-packages/airflow/example_dags/example_task_group_decorator.py
[2024-04-18T08:46:23.349+0000] {processor.py:830} INFO - Processing file /home/airflow/.local/lib/python3.12/site-packages/airflow/example_dags/example_task_group_decorator.py for tasks to queue
[2024-04-18T08:46:23.351+0000] {logging_mixin.py:188} INFO - [2024-04-18T08:46:23.351+0000] {dagbag.py:540} INFO - Filling up the DagBag from /home/airflow/.local/lib/python3.12/site-packages/airflow/example_dags/example_task_group_decorator.py
[2024-04-18T08:46:23.369+0000] {processor.py:840} INFO - DAG(s) 'example_task_group_decorator' retrieved from /home/airflow/.local/lib/python3.12/site-packages/airflow/example_dags/example_task_group_decorator.py
[2024-04-18T08:46:23.399+0000] {logging_mixin.py:188} INFO - [2024-04-18T08:46:23.398+0000] {dag.py:3096} INFO - Sync 1 DAGs
[2024-04-18T08:46:23.423+0000] {logging_mixin.py:188} INFO - [2024-04-18T08:46:23.423+0000] {dag.py:3954} INFO - Setting next_dagrun for example_task_group_decorator to 2024-04-17 00:00:00+00:00, run_after=2024-04-18 00:00:00+00:00
[2024-04-18T08:46:23.455+0000] {processor.py:183} INFO - Processing /home/airflow/.local/lib/python3.12/site-packages/airflow/example_dags/example_task_group_decorator.py took 0.113 seconds
[2024-04-18T08:46:54.360+0000] {processor.py:161} INFO - Started process (PID=10694) to work on /home/airflow/.local/lib/python3.12/site-packages/airflow/example_dags/example_task_group_decorator.py
[2024-04-18T08:46:54.364+0000] {processor.py:830} INFO - Processing file /home/airflow/.local/lib/python3.12/site-packages/airflow/example_dags/example_task_group_decorator.py for tasks to queue
[2024-04-18T08:46:54.366+0000] {logging_mixin.py:188} INFO - [2024-04-18T08:46:54.365+0000] {dagbag.py:540} INFO - Filling up the DagBag from /home/airflow/.local/lib/python3.12/site-packages/airflow/example_dags/example_task_group_decorator.py
[2024-04-18T08:46:54.386+0000] {processor.py:840} INFO - DAG(s) 'example_task_group_decorator' retrieved from /home/airflow/.local/lib/python3.12/site-packages/airflow/example_dags/example_task_group_decorator.py
[2024-04-18T08:46:54.420+0000] {logging_mixin.py:188} INFO - [2024-04-18T08:46:54.420+0000] {dag.py:3096} INFO - Sync 1 DAGs
[2024-04-18T08:46:54.444+0000] {logging_mixin.py:188} INFO - [2024-04-18T08:46:54.443+0000] {dag.py:3954} INFO - Setting next_dagrun for example_task_group_decorator to 2024-04-17 00:00:00+00:00, run_after=2024-04-18 00:00:00+00:00
[2024-04-18T08:46:54.463+0000] {processor.py:183} INFO - Processing /home/airflow/.local/lib/python3.12/site-packages/airflow/example_dags/example_task_group_decorator.py took 0.118 seconds
[2024-04-18T08:47:24.931+0000] {processor.py:161} INFO - Started process (PID=10960) to work on /home/airflow/.local/lib/python3.12/site-packages/airflow/example_dags/example_task_group_decorator.py
[2024-04-18T08:47:24.932+0000] {processor.py:830} INFO - Processing file /home/airflow/.local/lib/python3.12/site-packages/airflow/example_dags/example_task_group_decorator.py for tasks to queue
[2024-04-18T08:47:24.934+0000] {logging_mixin.py:188} INFO - [2024-04-18T08:47:24.933+0000] {dagbag.py:540} INFO - Filling up the DagBag from /home/airflow/.local/lib/python3.12/site-packages/airflow/example_dags/example_task_group_decorator.py
[2024-04-18T08:47:24.956+0000] {processor.py:840} INFO - DAG(s) 'example_task_group_decorator' retrieved from /home/airflow/.local/lib/python3.12/site-packages/airflow/example_dags/example_task_group_decorator.py
[2024-04-18T08:47:24.984+0000] {logging_mixin.py:188} INFO - [2024-04-18T08:47:24.984+0000] {dag.py:3096} INFO - Sync 1 DAGs
[2024-04-18T08:47:25.009+0000] {logging_mixin.py:188} INFO - [2024-04-18T08:47:25.009+0000] {dag.py:3954} INFO - Setting next_dagrun for example_task_group_decorator to 2024-04-17 00:00:00+00:00, run_after=2024-04-18 00:00:00+00:00
[2024-04-18T08:47:25.033+0000] {processor.py:183} INFO - Processing /home/airflow/.local/lib/python3.12/site-packages/airflow/example_dags/example_task_group_decorator.py took 0.108 seconds
[2024-04-18T08:47:55.339+0000] {processor.py:161} INFO - Started process (PID=11227) to work on /home/airflow/.local/lib/python3.12/site-packages/airflow/example_dags/example_task_group_decorator.py
[2024-04-18T08:47:55.340+0000] {processor.py:830} INFO - Processing file /home/airflow/.local/lib/python3.12/site-packages/airflow/example_dags/example_task_group_decorator.py for tasks to queue
[2024-04-18T08:47:55.342+0000] {logging_mixin.py:188} INFO - [2024-04-18T08:47:55.342+0000] {dagbag.py:540} INFO - Filling up the DagBag from /home/airflow/.local/lib/python3.12/site-packages/airflow/example_dags/example_task_group_decorator.py
[2024-04-18T08:47:55.359+0000] {processor.py:840} INFO - DAG(s) 'example_task_group_decorator' retrieved from /home/airflow/.local/lib/python3.12/site-packages/airflow/example_dags/example_task_group_decorator.py
[2024-04-18T08:47:55.402+0000] {logging_mixin.py:188} INFO - [2024-04-18T08:47:55.402+0000] {dag.py:3096} INFO - Sync 1 DAGs
[2024-04-18T08:47:55.426+0000] {logging_mixin.py:188} INFO - [2024-04-18T08:47:55.425+0000] {dag.py:3954} INFO - Setting next_dagrun for example_task_group_decorator to 2024-04-17 00:00:00+00:00, run_after=2024-04-18 00:00:00+00:00
[2024-04-18T08:47:55.473+0000] {processor.py:183} INFO - Processing /home/airflow/.local/lib/python3.12/site-packages/airflow/example_dags/example_task_group_decorator.py took 0.140 seconds
[2024-04-18T08:48:26.185+0000] {processor.py:161} INFO - Started process (PID=11493) to work on /home/airflow/.local/lib/python3.12/site-packages/airflow/example_dags/example_task_group_decorator.py
[2024-04-18T08:48:26.186+0000] {processor.py:830} INFO - Processing file /home/airflow/.local/lib/python3.12/site-packages/airflow/example_dags/example_task_group_decorator.py for tasks to queue
[2024-04-18T08:48:26.188+0000] {logging_mixin.py:188} INFO - [2024-04-18T08:48:26.188+0000] {dagbag.py:540} INFO - Filling up the DagBag from /home/airflow/.local/lib/python3.12/site-packages/airflow/example_dags/example_task_group_decorator.py
[2024-04-18T08:48:26.205+0000] {processor.py:840} INFO - DAG(s) 'example_task_group_decorator' retrieved from /home/airflow/.local/lib/python3.12/site-packages/airflow/example_dags/example_task_group_decorator.py
[2024-04-18T08:48:26.235+0000] {logging_mixin.py:188} INFO - [2024-04-18T08:48:26.234+0000] {dag.py:3096} INFO - Sync 1 DAGs
[2024-04-18T08:48:26.261+0000] {logging_mixin.py:188} INFO - [2024-04-18T08:48:26.261+0000] {dag.py:3954} INFO - Setting next_dagrun for example_task_group_decorator to 2024-04-17 00:00:00+00:00, run_after=2024-04-18 00:00:00+00:00
[2024-04-18T08:48:26.304+0000] {processor.py:183} INFO - Processing /home/airflow/.local/lib/python3.12/site-packages/airflow/example_dags/example_task_group_decorator.py took 0.125 seconds
[2024-04-18T08:48:56.868+0000] {processor.py:161} INFO - Started process (PID=11759) to work on /home/airflow/.local/lib/python3.12/site-packages/airflow/example_dags/example_task_group_decorator.py
[2024-04-18T08:48:56.869+0000] {processor.py:830} INFO - Processing file /home/airflow/.local/lib/python3.12/site-packages/airflow/example_dags/example_task_group_decorator.py for tasks to queue
[2024-04-18T08:48:56.871+0000] {logging_mixin.py:188} INFO - [2024-04-18T08:48:56.871+0000] {dagbag.py:540} INFO - Filling up the DagBag from /home/airflow/.local/lib/python3.12/site-packages/airflow/example_dags/example_task_group_decorator.py
[2024-04-18T08:48:56.886+0000] {processor.py:840} INFO - DAG(s) 'example_task_group_decorator' retrieved from /home/airflow/.local/lib/python3.12/site-packages/airflow/example_dags/example_task_group_decorator.py
[2024-04-18T08:48:56.914+0000] {logging_mixin.py:188} INFO - [2024-04-18T08:48:56.913+0000] {dag.py:3096} INFO - Sync 1 DAGs
[2024-04-18T08:48:56.937+0000] {logging_mixin.py:188} INFO - [2024-04-18T08:48:56.937+0000] {dag.py:3954} INFO - Setting next_dagrun for example_task_group_decorator to 2024-04-17 00:00:00+00:00, run_after=2024-04-18 00:00:00+00:00
[2024-04-18T08:48:56.959+0000] {processor.py:183} INFO - Processing /home/airflow/.local/lib/python3.12/site-packages/airflow/example_dags/example_task_group_decorator.py took 0.102 seconds
