[2024-04-18T08:27:05.561+0000] {processor.py:161} INFO - Started process (PID=391) to work on /home/airflow/.local/lib/python3.12/site-packages/airflow/example_dags/example_branch_labels.py
[2024-04-18T08:27:05.568+0000] {processor.py:830} INFO - Processing file /home/airflow/.local/lib/python3.12/site-packages/airflow/example_dags/example_branch_labels.py for tasks to queue
[2024-04-18T08:27:05.578+0000] {logging_mixin.py:188} INFO - [2024-04-18T08:27:05.577+0000] {dagbag.py:540} INFO - Filling up the DagBag from /home/airflow/.local/lib/python3.12/site-packages/airflow/example_dags/example_branch_labels.py
[2024-04-18T08:27:05.607+0000] {processor.py:840} INFO - DAG(s) 'example_branch_labels' retrieved from /home/airflow/.local/lib/python3.12/site-packages/airflow/example_dags/example_branch_labels.py
[2024-04-18T08:27:05.720+0000] {logging_mixin.py:188} INFO - [2024-04-18T08:27:05.719+0000] {dag.py:3096} INFO - Sync 1 DAGs
[2024-04-18T08:27:05.804+0000] {logging_mixin.py:188} INFO - [2024-04-18T08:27:05.804+0000] {dag.py:3954} INFO - Setting next_dagrun for example_branch_labels to 2024-04-17 00:00:00+00:00, run_after=2024-04-18 00:00:00+00:00
[2024-04-18T08:27:05.839+0000] {processor.py:183} INFO - Processing /home/airflow/.local/lib/python3.12/site-packages/airflow/example_dags/example_branch_labels.py took 0.284 seconds
[2024-04-18T08:27:35.953+0000] {processor.py:161} INFO - Started process (PID=675) to work on /home/airflow/.local/lib/python3.12/site-packages/airflow/example_dags/example_branch_labels.py
[2024-04-18T08:27:35.954+0000] {processor.py:830} INFO - Processing file /home/airflow/.local/lib/python3.12/site-packages/airflow/example_dags/example_branch_labels.py for tasks to queue
[2024-04-18T08:27:35.956+0000] {logging_mixin.py:188} INFO - [2024-04-18T08:27:35.955+0000] {dagbag.py:540} INFO - Filling up the DagBag from /home/airflow/.local/lib/python3.12/site-packages/airflow/example_dags/example_branch_labels.py
[2024-04-18T08:27:35.963+0000] {processor.py:840} INFO - DAG(s) 'example_branch_labels' retrieved from /home/airflow/.local/lib/python3.12/site-packages/airflow/example_dags/example_branch_labels.py
[2024-04-18T08:27:35.991+0000] {logging_mixin.py:188} INFO - [2024-04-18T08:27:35.990+0000] {dag.py:3096} INFO - Sync 1 DAGs
[2024-04-18T08:27:36.013+0000] {logging_mixin.py:188} INFO - [2024-04-18T08:27:36.013+0000] {dag.py:3954} INFO - Setting next_dagrun for example_branch_labels to 2024-04-17 00:00:00+00:00, run_after=2024-04-18 00:00:00+00:00
[2024-04-18T08:27:36.030+0000] {processor.py:183} INFO - Processing /home/airflow/.local/lib/python3.12/site-packages/airflow/example_dags/example_branch_labels.py took 0.084 seconds
[2024-04-18T08:28:06.495+0000] {processor.py:161} INFO - Started process (PID=949) to work on /home/airflow/.local/lib/python3.12/site-packages/airflow/example_dags/example_branch_labels.py
[2024-04-18T08:28:06.496+0000] {processor.py:830} INFO - Processing file /home/airflow/.local/lib/python3.12/site-packages/airflow/example_dags/example_branch_labels.py for tasks to queue
[2024-04-18T08:28:06.499+0000] {logging_mixin.py:188} INFO - [2024-04-18T08:28:06.499+0000] {dagbag.py:540} INFO - Filling up the DagBag from /home/airflow/.local/lib/python3.12/site-packages/airflow/example_dags/example_branch_labels.py
[2024-04-18T08:28:06.517+0000] {processor.py:840} INFO - DAG(s) 'example_branch_labels' retrieved from /home/airflow/.local/lib/python3.12/site-packages/airflow/example_dags/example_branch_labels.py
[2024-04-18T08:28:06.539+0000] {logging_mixin.py:188} INFO - [2024-04-18T08:28:06.539+0000] {dag.py:3096} INFO - Sync 1 DAGs
[2024-04-18T08:28:06.561+0000] {logging_mixin.py:188} INFO - [2024-04-18T08:28:06.561+0000] {dag.py:3954} INFO - Setting next_dagrun for example_branch_labels to 2024-04-17 00:00:00+00:00, run_after=2024-04-18 00:00:00+00:00
[2024-04-18T08:28:06.583+0000] {processor.py:183} INFO - Processing /home/airflow/.local/lib/python3.12/site-packages/airflow/example_dags/example_branch_labels.py took 0.105 seconds
[2024-04-18T08:28:39.244+0000] {processor.py:161} INFO - Started process (PID=1216) to work on /home/airflow/.local/lib/python3.12/site-packages/airflow/example_dags/example_branch_labels.py
[2024-04-18T08:28:39.245+0000] {processor.py:830} INFO - Processing file /home/airflow/.local/lib/python3.12/site-packages/airflow/example_dags/example_branch_labels.py for tasks to queue
[2024-04-18T08:28:39.247+0000] {logging_mixin.py:188} INFO - [2024-04-18T08:28:39.247+0000] {dagbag.py:540} INFO - Filling up the DagBag from /home/airflow/.local/lib/python3.12/site-packages/airflow/example_dags/example_branch_labels.py
[2024-04-18T08:28:39.271+0000] {processor.py:840} INFO - DAG(s) 'example_branch_labels' retrieved from /home/airflow/.local/lib/python3.12/site-packages/airflow/example_dags/example_branch_labels.py
[2024-04-18T08:28:39.300+0000] {logging_mixin.py:188} INFO - [2024-04-18T08:28:39.300+0000] {dag.py:3096} INFO - Sync 1 DAGs
[2024-04-18T08:28:39.328+0000] {logging_mixin.py:188} INFO - [2024-04-18T08:28:39.327+0000] {dag.py:3954} INFO - Setting next_dagrun for example_branch_labels to 2024-04-17 00:00:00+00:00, run_after=2024-04-18 00:00:00+00:00
[2024-04-18T08:28:39.369+0000] {processor.py:183} INFO - Processing /home/airflow/.local/lib/python3.12/site-packages/airflow/example_dags/example_branch_labels.py took 0.131 seconds
[2024-04-18T08:29:10.321+0000] {processor.py:161} INFO - Started process (PID=1482) to work on /home/airflow/.local/lib/python3.12/site-packages/airflow/example_dags/example_branch_labels.py
[2024-04-18T08:29:10.322+0000] {processor.py:830} INFO - Processing file /home/airflow/.local/lib/python3.12/site-packages/airflow/example_dags/example_branch_labels.py for tasks to queue
[2024-04-18T08:29:10.324+0000] {logging_mixin.py:188} INFO - [2024-04-18T08:29:10.324+0000] {dagbag.py:540} INFO - Filling up the DagBag from /home/airflow/.local/lib/python3.12/site-packages/airflow/example_dags/example_branch_labels.py
[2024-04-18T08:29:10.336+0000] {processor.py:840} INFO - DAG(s) 'example_branch_labels' retrieved from /home/airflow/.local/lib/python3.12/site-packages/airflow/example_dags/example_branch_labels.py
[2024-04-18T08:29:10.420+0000] {logging_mixin.py:188} INFO - [2024-04-18T08:29:10.419+0000] {dag.py:3096} INFO - Sync 1 DAGs
[2024-04-18T08:29:10.474+0000] {logging_mixin.py:188} INFO - [2024-04-18T08:29:10.474+0000] {dag.py:3954} INFO - Setting next_dagrun for example_branch_labels to 2024-04-17 00:00:00+00:00, run_after=2024-04-18 00:00:00+00:00
[2024-04-18T08:29:10.520+0000] {processor.py:183} INFO - Processing /home/airflow/.local/lib/python3.12/site-packages/airflow/example_dags/example_branch_labels.py took 0.213 seconds
[2024-04-18T08:29:41.229+0000] {processor.py:161} INFO - Started process (PID=1749) to work on /home/airflow/.local/lib/python3.12/site-packages/airflow/example_dags/example_branch_labels.py
[2024-04-18T08:29:41.229+0000] {processor.py:830} INFO - Processing file /home/airflow/.local/lib/python3.12/site-packages/airflow/example_dags/example_branch_labels.py for tasks to queue
[2024-04-18T08:29:41.231+0000] {logging_mixin.py:188} INFO - [2024-04-18T08:29:41.231+0000] {dagbag.py:540} INFO - Filling up the DagBag from /home/airflow/.local/lib/python3.12/site-packages/airflow/example_dags/example_branch_labels.py
[2024-04-18T08:29:41.236+0000] {processor.py:840} INFO - DAG(s) 'example_branch_labels' retrieved from /home/airflow/.local/lib/python3.12/site-packages/airflow/example_dags/example_branch_labels.py
[2024-04-18T08:29:41.253+0000] {logging_mixin.py:188} INFO - [2024-04-18T08:29:41.253+0000] {dag.py:3096} INFO - Sync 1 DAGs
[2024-04-18T08:29:41.269+0000] {logging_mixin.py:188} INFO - [2024-04-18T08:29:41.269+0000] {dag.py:3954} INFO - Setting next_dagrun for example_branch_labels to 2024-04-17 00:00:00+00:00, run_after=2024-04-18 00:00:00+00:00
[2024-04-18T08:29:41.291+0000] {processor.py:183} INFO - Processing /home/airflow/.local/lib/python3.12/site-packages/airflow/example_dags/example_branch_labels.py took 0.067 seconds
[2024-04-18T08:30:11.486+0000] {processor.py:161} INFO - Started process (PID=2016) to work on /home/airflow/.local/lib/python3.12/site-packages/airflow/example_dags/example_branch_labels.py
[2024-04-18T08:30:11.486+0000] {processor.py:830} INFO - Processing file /home/airflow/.local/lib/python3.12/site-packages/airflow/example_dags/example_branch_labels.py for tasks to queue
[2024-04-18T08:30:11.488+0000] {logging_mixin.py:188} INFO - [2024-04-18T08:30:11.488+0000] {dagbag.py:540} INFO - Filling up the DagBag from /home/airflow/.local/lib/python3.12/site-packages/airflow/example_dags/example_branch_labels.py
[2024-04-18T08:30:11.494+0000] {processor.py:840} INFO - DAG(s) 'example_branch_labels' retrieved from /home/airflow/.local/lib/python3.12/site-packages/airflow/example_dags/example_branch_labels.py
[2024-04-18T08:30:11.511+0000] {logging_mixin.py:188} INFO - [2024-04-18T08:30:11.511+0000] {dag.py:3096} INFO - Sync 1 DAGs
[2024-04-18T08:30:11.528+0000] {logging_mixin.py:188} INFO - [2024-04-18T08:30:11.527+0000] {dag.py:3954} INFO - Setting next_dagrun for example_branch_labels to 2024-04-17 00:00:00+00:00, run_after=2024-04-18 00:00:00+00:00
[2024-04-18T08:30:11.545+0000] {processor.py:183} INFO - Processing /home/airflow/.local/lib/python3.12/site-packages/airflow/example_dags/example_branch_labels.py took 0.063 seconds
[2024-04-18T08:30:42.161+0000] {processor.py:161} INFO - Started process (PID=2281) to work on /home/airflow/.local/lib/python3.12/site-packages/airflow/example_dags/example_branch_labels.py
[2024-04-18T08:30:42.162+0000] {processor.py:830} INFO - Processing file /home/airflow/.local/lib/python3.12/site-packages/airflow/example_dags/example_branch_labels.py for tasks to queue
[2024-04-18T08:30:42.164+0000] {logging_mixin.py:188} INFO - [2024-04-18T08:30:42.163+0000] {dagbag.py:540} INFO - Filling up the DagBag from /home/airflow/.local/lib/python3.12/site-packages/airflow/example_dags/example_branch_labels.py
[2024-04-18T08:30:42.180+0000] {processor.py:840} INFO - DAG(s) 'example_branch_labels' retrieved from /home/airflow/.local/lib/python3.12/site-packages/airflow/example_dags/example_branch_labels.py
[2024-04-18T08:30:42.210+0000] {logging_mixin.py:188} INFO - [2024-04-18T08:30:42.209+0000] {dag.py:3096} INFO - Sync 1 DAGs
[2024-04-18T08:30:42.231+0000] {logging_mixin.py:188} INFO - [2024-04-18T08:30:42.231+0000] {dag.py:3954} INFO - Setting next_dagrun for example_branch_labels to 2024-04-17 00:00:00+00:00, run_after=2024-04-18 00:00:00+00:00
[2024-04-18T08:30:42.260+0000] {processor.py:183} INFO - Processing /home/airflow/.local/lib/python3.12/site-packages/airflow/example_dags/example_branch_labels.py took 0.108 seconds
[2024-04-18T08:31:13.226+0000] {processor.py:161} INFO - Started process (PID=2553) to work on /home/airflow/.local/lib/python3.12/site-packages/airflow/example_dags/example_branch_labels.py
[2024-04-18T08:31:13.227+0000] {processor.py:830} INFO - Processing file /home/airflow/.local/lib/python3.12/site-packages/airflow/example_dags/example_branch_labels.py for tasks to queue
[2024-04-18T08:31:13.229+0000] {logging_mixin.py:188} INFO - [2024-04-18T08:31:13.228+0000] {dagbag.py:540} INFO - Filling up the DagBag from /home/airflow/.local/lib/python3.12/site-packages/airflow/example_dags/example_branch_labels.py
[2024-04-18T08:31:13.237+0000] {processor.py:840} INFO - DAG(s) 'example_branch_labels' retrieved from /home/airflow/.local/lib/python3.12/site-packages/airflow/example_dags/example_branch_labels.py
[2024-04-18T08:31:13.260+0000] {logging_mixin.py:188} INFO - [2024-04-18T08:31:13.260+0000] {dag.py:3096} INFO - Sync 1 DAGs
[2024-04-18T08:31:13.284+0000] {logging_mixin.py:188} INFO - [2024-04-18T08:31:13.284+0000] {dag.py:3954} INFO - Setting next_dagrun for example_branch_labels to 2024-04-17 00:00:00+00:00, run_after=2024-04-18 00:00:00+00:00
[2024-04-18T08:31:13.319+0000] {processor.py:183} INFO - Processing /home/airflow/.local/lib/python3.12/site-packages/airflow/example_dags/example_branch_labels.py took 0.098 seconds
[2024-04-18T08:31:43.620+0000] {processor.py:161} INFO - Started process (PID=2820) to work on /home/airflow/.local/lib/python3.12/site-packages/airflow/example_dags/example_branch_labels.py
[2024-04-18T08:31:43.621+0000] {processor.py:830} INFO - Processing file /home/airflow/.local/lib/python3.12/site-packages/airflow/example_dags/example_branch_labels.py for tasks to queue
[2024-04-18T08:31:43.623+0000] {logging_mixin.py:188} INFO - [2024-04-18T08:31:43.623+0000] {dagbag.py:540} INFO - Filling up the DagBag from /home/airflow/.local/lib/python3.12/site-packages/airflow/example_dags/example_branch_labels.py
[2024-04-18T08:31:43.631+0000] {processor.py:840} INFO - DAG(s) 'example_branch_labels' retrieved from /home/airflow/.local/lib/python3.12/site-packages/airflow/example_dags/example_branch_labels.py
[2024-04-18T08:31:43.670+0000] {logging_mixin.py:188} INFO - [2024-04-18T08:31:43.670+0000] {dag.py:3096} INFO - Sync 1 DAGs
[2024-04-18T08:31:43.695+0000] {logging_mixin.py:188} INFO - [2024-04-18T08:31:43.695+0000] {dag.py:3954} INFO - Setting next_dagrun for example_branch_labels to 2024-04-17 00:00:00+00:00, run_after=2024-04-18 00:00:00+00:00
[2024-04-18T08:31:43.718+0000] {processor.py:183} INFO - Processing /home/airflow/.local/lib/python3.12/site-packages/airflow/example_dags/example_branch_labels.py took 0.111 seconds
[2024-04-18T08:32:14.452+0000] {processor.py:161} INFO - Started process (PID=3087) to work on /home/airflow/.local/lib/python3.12/site-packages/airflow/example_dags/example_branch_labels.py
[2024-04-18T08:32:14.453+0000] {processor.py:830} INFO - Processing file /home/airflow/.local/lib/python3.12/site-packages/airflow/example_dags/example_branch_labels.py for tasks to queue
[2024-04-18T08:32:14.454+0000] {logging_mixin.py:188} INFO - [2024-04-18T08:32:14.454+0000] {dagbag.py:540} INFO - Filling up the DagBag from /home/airflow/.local/lib/python3.12/site-packages/airflow/example_dags/example_branch_labels.py
[2024-04-18T08:32:14.463+0000] {processor.py:840} INFO - DAG(s) 'example_branch_labels' retrieved from /home/airflow/.local/lib/python3.12/site-packages/airflow/example_dags/example_branch_labels.py
[2024-04-18T08:32:14.485+0000] {logging_mixin.py:188} INFO - [2024-04-18T08:32:14.485+0000] {dag.py:3096} INFO - Sync 1 DAGs
[2024-04-18T08:32:14.509+0000] {logging_mixin.py:188} INFO - [2024-04-18T08:32:14.508+0000] {dag.py:3954} INFO - Setting next_dagrun for example_branch_labels to 2024-04-17 00:00:00+00:00, run_after=2024-04-18 00:00:00+00:00
[2024-04-18T08:32:14.532+0000] {processor.py:183} INFO - Processing /home/airflow/.local/lib/python3.12/site-packages/airflow/example_dags/example_branch_labels.py took 0.086 seconds
[2024-04-18T08:32:45.262+0000] {processor.py:161} INFO - Started process (PID=3353) to work on /home/airflow/.local/lib/python3.12/site-packages/airflow/example_dags/example_branch_labels.py
[2024-04-18T08:32:45.263+0000] {processor.py:830} INFO - Processing file /home/airflow/.local/lib/python3.12/site-packages/airflow/example_dags/example_branch_labels.py for tasks to queue
[2024-04-18T08:32:45.265+0000] {logging_mixin.py:188} INFO - [2024-04-18T08:32:45.264+0000] {dagbag.py:540} INFO - Filling up the DagBag from /home/airflow/.local/lib/python3.12/site-packages/airflow/example_dags/example_branch_labels.py
[2024-04-18T08:32:45.273+0000] {processor.py:840} INFO - DAG(s) 'example_branch_labels' retrieved from /home/airflow/.local/lib/python3.12/site-packages/airflow/example_dags/example_branch_labels.py
[2024-04-18T08:32:45.295+0000] {logging_mixin.py:188} INFO - [2024-04-18T08:32:45.295+0000] {dag.py:3096} INFO - Sync 1 DAGs
[2024-04-18T08:32:45.321+0000] {logging_mixin.py:188} INFO - [2024-04-18T08:32:45.320+0000] {dag.py:3954} INFO - Setting next_dagrun for example_branch_labels to 2024-04-17 00:00:00+00:00, run_after=2024-04-18 00:00:00+00:00
[2024-04-18T08:32:45.343+0000] {processor.py:183} INFO - Processing /home/airflow/.local/lib/python3.12/site-packages/airflow/example_dags/example_branch_labels.py took 0.086 seconds
[2024-04-18T08:33:15.714+0000] {processor.py:161} INFO - Started process (PID=3620) to work on /home/airflow/.local/lib/python3.12/site-packages/airflow/example_dags/example_branch_labels.py
[2024-04-18T08:33:15.715+0000] {processor.py:830} INFO - Processing file /home/airflow/.local/lib/python3.12/site-packages/airflow/example_dags/example_branch_labels.py for tasks to queue
[2024-04-18T08:33:15.717+0000] {logging_mixin.py:188} INFO - [2024-04-18T08:33:15.716+0000] {dagbag.py:540} INFO - Filling up the DagBag from /home/airflow/.local/lib/python3.12/site-packages/airflow/example_dags/example_branch_labels.py
[2024-04-18T08:33:15.725+0000] {processor.py:840} INFO - DAG(s) 'example_branch_labels' retrieved from /home/airflow/.local/lib/python3.12/site-packages/airflow/example_dags/example_branch_labels.py
[2024-04-18T08:33:15.747+0000] {logging_mixin.py:188} INFO - [2024-04-18T08:33:15.746+0000] {dag.py:3096} INFO - Sync 1 DAGs
[2024-04-18T08:33:15.768+0000] {logging_mixin.py:188} INFO - [2024-04-18T08:33:15.768+0000] {dag.py:3954} INFO - Setting next_dagrun for example_branch_labels to 2024-04-17 00:00:00+00:00, run_after=2024-04-18 00:00:00+00:00
[2024-04-18T08:33:15.788+0000] {processor.py:183} INFO - Processing /home/airflow/.local/lib/python3.12/site-packages/airflow/example_dags/example_branch_labels.py took 0.079 seconds
[2024-04-18T08:33:46.802+0000] {processor.py:161} INFO - Started process (PID=3886) to work on /home/airflow/.local/lib/python3.12/site-packages/airflow/example_dags/example_branch_labels.py
[2024-04-18T08:33:46.803+0000] {processor.py:830} INFO - Processing file /home/airflow/.local/lib/python3.12/site-packages/airflow/example_dags/example_branch_labels.py for tasks to queue
[2024-04-18T08:33:46.804+0000] {logging_mixin.py:188} INFO - [2024-04-18T08:33:46.804+0000] {dagbag.py:540} INFO - Filling up the DagBag from /home/airflow/.local/lib/python3.12/site-packages/airflow/example_dags/example_branch_labels.py
[2024-04-18T08:33:46.812+0000] {processor.py:840} INFO - DAG(s) 'example_branch_labels' retrieved from /home/airflow/.local/lib/python3.12/site-packages/airflow/example_dags/example_branch_labels.py
[2024-04-18T08:33:46.834+0000] {logging_mixin.py:188} INFO - [2024-04-18T08:33:46.834+0000] {dag.py:3096} INFO - Sync 1 DAGs
[2024-04-18T08:33:46.857+0000] {logging_mixin.py:188} INFO - [2024-04-18T08:33:46.857+0000] {dag.py:3954} INFO - Setting next_dagrun for example_branch_labels to 2024-04-17 00:00:00+00:00, run_after=2024-04-18 00:00:00+00:00
[2024-04-18T08:33:46.898+0000] {processor.py:183} INFO - Processing /home/airflow/.local/lib/python3.12/site-packages/airflow/example_dags/example_branch_labels.py took 0.102 seconds
[2024-04-18T08:34:17.312+0000] {processor.py:161} INFO - Started process (PID=4147) to work on /home/airflow/.local/lib/python3.12/site-packages/airflow/example_dags/example_branch_labels.py
[2024-04-18T08:34:17.349+0000] {processor.py:830} INFO - Processing file /home/airflow/.local/lib/python3.12/site-packages/airflow/example_dags/example_branch_labels.py for tasks to queue
[2024-04-18T08:34:17.351+0000] {logging_mixin.py:188} INFO - [2024-04-18T08:34:17.351+0000] {dagbag.py:540} INFO - Filling up the DagBag from /home/airflow/.local/lib/python3.12/site-packages/airflow/example_dags/example_branch_labels.py
[2024-04-18T08:34:17.376+0000] {processor.py:840} INFO - DAG(s) 'example_branch_labels' retrieved from /home/airflow/.local/lib/python3.12/site-packages/airflow/example_dags/example_branch_labels.py
[2024-04-18T08:34:17.491+0000] {logging_mixin.py:188} INFO - [2024-04-18T08:34:17.490+0000] {dag.py:3096} INFO - Sync 1 DAGs
[2024-04-18T08:34:17.571+0000] {logging_mixin.py:188} INFO - [2024-04-18T08:34:17.571+0000] {dag.py:3954} INFO - Setting next_dagrun for example_branch_labels to 2024-04-17 00:00:00+00:00, run_after=2024-04-18 00:00:00+00:00
[2024-04-18T08:34:17.665+0000] {processor.py:183} INFO - Processing /home/airflow/.local/lib/python3.12/site-packages/airflow/example_dags/example_branch_labels.py took 0.361 seconds
[2024-04-18T08:34:48.709+0000] {processor.py:161} INFO - Started process (PID=4418) to work on /home/airflow/.local/lib/python3.12/site-packages/airflow/example_dags/example_branch_labels.py
[2024-04-18T08:34:48.717+0000] {processor.py:830} INFO - Processing file /home/airflow/.local/lib/python3.12/site-packages/airflow/example_dags/example_branch_labels.py for tasks to queue
[2024-04-18T08:34:48.719+0000] {logging_mixin.py:188} INFO - [2024-04-18T08:34:48.718+0000] {dagbag.py:540} INFO - Filling up the DagBag from /home/airflow/.local/lib/python3.12/site-packages/airflow/example_dags/example_branch_labels.py
[2024-04-18T08:34:48.727+0000] {processor.py:840} INFO - DAG(s) 'example_branch_labels' retrieved from /home/airflow/.local/lib/python3.12/site-packages/airflow/example_dags/example_branch_labels.py
[2024-04-18T08:34:48.773+0000] {logging_mixin.py:188} INFO - [2024-04-18T08:34:48.773+0000] {dag.py:3096} INFO - Sync 1 DAGs
[2024-04-18T08:34:48.823+0000] {logging_mixin.py:188} INFO - [2024-04-18T08:34:48.823+0000] {dag.py:3954} INFO - Setting next_dagrun for example_branch_labels to 2024-04-17 00:00:00+00:00, run_after=2024-04-18 00:00:00+00:00
[2024-04-18T08:34:48.861+0000] {processor.py:183} INFO - Processing /home/airflow/.local/lib/python3.12/site-packages/airflow/example_dags/example_branch_labels.py took 0.166 seconds
[2024-04-18T08:35:19.118+0000] {processor.py:161} INFO - Started process (PID=4683) to work on /home/airflow/.local/lib/python3.12/site-packages/airflow/example_dags/example_branch_labels.py
[2024-04-18T08:35:19.119+0000] {processor.py:830} INFO - Processing file /home/airflow/.local/lib/python3.12/site-packages/airflow/example_dags/example_branch_labels.py for tasks to queue
[2024-04-18T08:35:19.121+0000] {logging_mixin.py:188} INFO - [2024-04-18T08:35:19.121+0000] {dagbag.py:540} INFO - Filling up the DagBag from /home/airflow/.local/lib/python3.12/site-packages/airflow/example_dags/example_branch_labels.py
[2024-04-18T08:35:19.130+0000] {processor.py:840} INFO - DAG(s) 'example_branch_labels' retrieved from /home/airflow/.local/lib/python3.12/site-packages/airflow/example_dags/example_branch_labels.py
[2024-04-18T08:35:19.153+0000] {logging_mixin.py:188} INFO - [2024-04-18T08:35:19.153+0000] {dag.py:3096} INFO - Sync 1 DAGs
[2024-04-18T08:35:19.177+0000] {logging_mixin.py:188} INFO - [2024-04-18T08:35:19.177+0000] {dag.py:3954} INFO - Setting next_dagrun for example_branch_labels to 2024-04-17 00:00:00+00:00, run_after=2024-04-18 00:00:00+00:00
[2024-04-18T08:35:19.204+0000] {processor.py:183} INFO - Processing /home/airflow/.local/lib/python3.12/site-packages/airflow/example_dags/example_branch_labels.py took 0.092 seconds
[2024-04-18T08:35:49.609+0000] {processor.py:161} INFO - Started process (PID=4949) to work on /home/airflow/.local/lib/python3.12/site-packages/airflow/example_dags/example_branch_labels.py
[2024-04-18T08:35:49.615+0000] {processor.py:830} INFO - Processing file /home/airflow/.local/lib/python3.12/site-packages/airflow/example_dags/example_branch_labels.py for tasks to queue
[2024-04-18T08:35:49.618+0000] {logging_mixin.py:188} INFO - [2024-04-18T08:35:49.617+0000] {dagbag.py:540} INFO - Filling up the DagBag from /home/airflow/.local/lib/python3.12/site-packages/airflow/example_dags/example_branch_labels.py
[2024-04-18T08:35:49.628+0000] {processor.py:840} INFO - DAG(s) 'example_branch_labels' retrieved from /home/airflow/.local/lib/python3.12/site-packages/airflow/example_dags/example_branch_labels.py
[2024-04-18T08:35:49.671+0000] {logging_mixin.py:188} INFO - [2024-04-18T08:35:49.670+0000] {dag.py:3096} INFO - Sync 1 DAGs
[2024-04-18T08:35:49.696+0000] {logging_mixin.py:188} INFO - [2024-04-18T08:35:49.696+0000] {dag.py:3954} INFO - Setting next_dagrun for example_branch_labels to 2024-04-17 00:00:00+00:00, run_after=2024-04-18 00:00:00+00:00
[2024-04-18T08:35:49.734+0000] {processor.py:183} INFO - Processing /home/airflow/.local/lib/python3.12/site-packages/airflow/example_dags/example_branch_labels.py took 0.139 seconds
[2024-04-18T08:36:20.415+0000] {processor.py:161} INFO - Started process (PID=5216) to work on /home/airflow/.local/lib/python3.12/site-packages/airflow/example_dags/example_branch_labels.py
[2024-04-18T08:36:20.417+0000] {processor.py:830} INFO - Processing file /home/airflow/.local/lib/python3.12/site-packages/airflow/example_dags/example_branch_labels.py for tasks to queue
[2024-04-18T08:36:20.427+0000] {logging_mixin.py:188} INFO - [2024-04-18T08:36:20.427+0000] {dagbag.py:540} INFO - Filling up the DagBag from /home/airflow/.local/lib/python3.12/site-packages/airflow/example_dags/example_branch_labels.py
[2024-04-18T08:36:20.436+0000] {processor.py:840} INFO - DAG(s) 'example_branch_labels' retrieved from /home/airflow/.local/lib/python3.12/site-packages/airflow/example_dags/example_branch_labels.py
[2024-04-18T08:36:20.460+0000] {logging_mixin.py:188} INFO - [2024-04-18T08:36:20.460+0000] {dag.py:3096} INFO - Sync 1 DAGs
[2024-04-18T08:36:20.710+0000] {logging_mixin.py:188} INFO - [2024-04-18T08:36:20.710+0000] {dag.py:3954} INFO - Setting next_dagrun for example_branch_labels to 2024-04-17 00:00:00+00:00, run_after=2024-04-18 00:00:00+00:00
[2024-04-18T08:36:20.731+0000] {processor.py:183} INFO - Processing /home/airflow/.local/lib/python3.12/site-packages/airflow/example_dags/example_branch_labels.py took 0.323 seconds
[2024-04-18T08:36:51.486+0000] {processor.py:161} INFO - Started process (PID=5482) to work on /home/airflow/.local/lib/python3.12/site-packages/airflow/example_dags/example_branch_labels.py
[2024-04-18T08:36:51.490+0000] {processor.py:830} INFO - Processing file /home/airflow/.local/lib/python3.12/site-packages/airflow/example_dags/example_branch_labels.py for tasks to queue
[2024-04-18T08:36:51.492+0000] {logging_mixin.py:188} INFO - [2024-04-18T08:36:51.492+0000] {dagbag.py:540} INFO - Filling up the DagBag from /home/airflow/.local/lib/python3.12/site-packages/airflow/example_dags/example_branch_labels.py
[2024-04-18T08:36:51.509+0000] {processor.py:840} INFO - DAG(s) 'example_branch_labels' retrieved from /home/airflow/.local/lib/python3.12/site-packages/airflow/example_dags/example_branch_labels.py
[2024-04-18T08:36:51.534+0000] {logging_mixin.py:188} INFO - [2024-04-18T08:36:51.534+0000] {dag.py:3096} INFO - Sync 1 DAGs
[2024-04-18T08:36:51.566+0000] {logging_mixin.py:188} INFO - [2024-04-18T08:36:51.566+0000] {dag.py:3954} INFO - Setting next_dagrun for example_branch_labels to 2024-04-17 00:00:00+00:00, run_after=2024-04-18 00:00:00+00:00
[2024-04-18T08:36:51.798+0000] {processor.py:183} INFO - Processing /home/airflow/.local/lib/python3.12/site-packages/airflow/example_dags/example_branch_labels.py took 0.319 seconds
[2024-04-18T08:37:21.935+0000] {processor.py:161} INFO - Started process (PID=5748) to work on /home/airflow/.local/lib/python3.12/site-packages/airflow/example_dags/example_branch_labels.py
[2024-04-18T08:37:21.936+0000] {processor.py:830} INFO - Processing file /home/airflow/.local/lib/python3.12/site-packages/airflow/example_dags/example_branch_labels.py for tasks to queue
[2024-04-18T08:37:21.938+0000] {logging_mixin.py:188} INFO - [2024-04-18T08:37:21.937+0000] {dagbag.py:540} INFO - Filling up the DagBag from /home/airflow/.local/lib/python3.12/site-packages/airflow/example_dags/example_branch_labels.py
[2024-04-18T08:37:21.946+0000] {processor.py:840} INFO - DAG(s) 'example_branch_labels' retrieved from /home/airflow/.local/lib/python3.12/site-packages/airflow/example_dags/example_branch_labels.py
[2024-04-18T08:37:21.970+0000] {logging_mixin.py:188} INFO - [2024-04-18T08:37:21.969+0000] {dag.py:3096} INFO - Sync 1 DAGs
[2024-04-18T08:37:22.025+0000] {logging_mixin.py:188} INFO - [2024-04-18T08:37:22.025+0000] {dag.py:3954} INFO - Setting next_dagrun for example_branch_labels to 2024-04-17 00:00:00+00:00, run_after=2024-04-18 00:00:00+00:00
[2024-04-18T08:37:22.079+0000] {processor.py:183} INFO - Processing /home/airflow/.local/lib/python3.12/site-packages/airflow/example_dags/example_branch_labels.py took 0.150 seconds
[2024-04-18T08:37:52.918+0000] {processor.py:161} INFO - Started process (PID=6013) to work on /home/airflow/.local/lib/python3.12/site-packages/airflow/example_dags/example_branch_labels.py
[2024-04-18T08:37:52.919+0000] {processor.py:830} INFO - Processing file /home/airflow/.local/lib/python3.12/site-packages/airflow/example_dags/example_branch_labels.py for tasks to queue
[2024-04-18T08:37:52.921+0000] {logging_mixin.py:188} INFO - [2024-04-18T08:37:52.920+0000] {dagbag.py:540} INFO - Filling up the DagBag from /home/airflow/.local/lib/python3.12/site-packages/airflow/example_dags/example_branch_labels.py
[2024-04-18T08:37:52.928+0000] {processor.py:840} INFO - DAG(s) 'example_branch_labels' retrieved from /home/airflow/.local/lib/python3.12/site-packages/airflow/example_dags/example_branch_labels.py
[2024-04-18T08:37:52.954+0000] {logging_mixin.py:188} INFO - [2024-04-18T08:37:52.954+0000] {dag.py:3096} INFO - Sync 1 DAGs
[2024-04-18T08:37:52.979+0000] {logging_mixin.py:188} INFO - [2024-04-18T08:37:52.978+0000] {dag.py:3954} INFO - Setting next_dagrun for example_branch_labels to 2024-04-17 00:00:00+00:00, run_after=2024-04-18 00:00:00+00:00
[2024-04-18T08:37:53.000+0000] {processor.py:183} INFO - Processing /home/airflow/.local/lib/python3.12/site-packages/airflow/example_dags/example_branch_labels.py took 0.088 seconds
[2024-04-18T08:38:23.365+0000] {processor.py:161} INFO - Started process (PID=6280) to work on /home/airflow/.local/lib/python3.12/site-packages/airflow/example_dags/example_branch_labels.py
[2024-04-18T08:38:23.366+0000] {processor.py:830} INFO - Processing file /home/airflow/.local/lib/python3.12/site-packages/airflow/example_dags/example_branch_labels.py for tasks to queue
[2024-04-18T08:38:23.368+0000] {logging_mixin.py:188} INFO - [2024-04-18T08:38:23.368+0000] {dagbag.py:540} INFO - Filling up the DagBag from /home/airflow/.local/lib/python3.12/site-packages/airflow/example_dags/example_branch_labels.py
[2024-04-18T08:38:23.376+0000] {processor.py:840} INFO - DAG(s) 'example_branch_labels' retrieved from /home/airflow/.local/lib/python3.12/site-packages/airflow/example_dags/example_branch_labels.py
[2024-04-18T08:38:23.401+0000] {logging_mixin.py:188} INFO - [2024-04-18T08:38:23.401+0000] {dag.py:3096} INFO - Sync 1 DAGs
[2024-04-18T08:38:23.650+0000] {logging_mixin.py:188} INFO - [2024-04-18T08:38:23.644+0000] {dag.py:3954} INFO - Setting next_dagrun for example_branch_labels to 2024-04-17 00:00:00+00:00, run_after=2024-04-18 00:00:00+00:00
[2024-04-18T08:38:23.679+0000] {processor.py:183} INFO - Processing /home/airflow/.local/lib/python3.12/site-packages/airflow/example_dags/example_branch_labels.py took 0.320 seconds
[2024-04-18T08:38:53.877+0000] {processor.py:161} INFO - Started process (PID=6546) to work on /home/airflow/.local/lib/python3.12/site-packages/airflow/example_dags/example_branch_labels.py
[2024-04-18T08:38:53.878+0000] {processor.py:830} INFO - Processing file /home/airflow/.local/lib/python3.12/site-packages/airflow/example_dags/example_branch_labels.py for tasks to queue
[2024-04-18T08:38:53.880+0000] {logging_mixin.py:188} INFO - [2024-04-18T08:38:53.880+0000] {dagbag.py:540} INFO - Filling up the DagBag from /home/airflow/.local/lib/python3.12/site-packages/airflow/example_dags/example_branch_labels.py
[2024-04-18T08:38:53.890+0000] {processor.py:840} INFO - DAG(s) 'example_branch_labels' retrieved from /home/airflow/.local/lib/python3.12/site-packages/airflow/example_dags/example_branch_labels.py
[2024-04-18T08:38:53.917+0000] {logging_mixin.py:188} INFO - [2024-04-18T08:38:53.917+0000] {dag.py:3096} INFO - Sync 1 DAGs
[2024-04-18T08:38:53.943+0000] {logging_mixin.py:188} INFO - [2024-04-18T08:38:53.942+0000] {dag.py:3954} INFO - Setting next_dagrun for example_branch_labels to 2024-04-17 00:00:00+00:00, run_after=2024-04-18 00:00:00+00:00
[2024-04-18T08:38:53.964+0000] {processor.py:183} INFO - Processing /home/airflow/.local/lib/python3.12/site-packages/airflow/example_dags/example_branch_labels.py took 0.094 seconds
[2024-04-18T08:39:24.700+0000] {processor.py:161} INFO - Started process (PID=6812) to work on /home/airflow/.local/lib/python3.12/site-packages/airflow/example_dags/example_branch_labels.py
[2024-04-18T08:39:24.701+0000] {processor.py:830} INFO - Processing file /home/airflow/.local/lib/python3.12/site-packages/airflow/example_dags/example_branch_labels.py for tasks to queue
[2024-04-18T08:39:24.703+0000] {logging_mixin.py:188} INFO - [2024-04-18T08:39:24.703+0000] {dagbag.py:540} INFO - Filling up the DagBag from /home/airflow/.local/lib/python3.12/site-packages/airflow/example_dags/example_branch_labels.py
[2024-04-18T08:39:24.711+0000] {processor.py:840} INFO - DAG(s) 'example_branch_labels' retrieved from /home/airflow/.local/lib/python3.12/site-packages/airflow/example_dags/example_branch_labels.py
[2024-04-18T08:39:24.740+0000] {logging_mixin.py:188} INFO - [2024-04-18T08:39:24.740+0000] {dag.py:3096} INFO - Sync 1 DAGs
[2024-04-18T08:39:24.765+0000] {logging_mixin.py:188} INFO - [2024-04-18T08:39:24.765+0000] {dag.py:3954} INFO - Setting next_dagrun for example_branch_labels to 2024-04-17 00:00:00+00:00, run_after=2024-04-18 00:00:00+00:00
[2024-04-18T08:39:24.786+0000] {processor.py:183} INFO - Processing /home/airflow/.local/lib/python3.12/site-packages/airflow/example_dags/example_branch_labels.py took 0.091 seconds
[2024-04-18T08:39:54.931+0000] {processor.py:161} INFO - Started process (PID=7079) to work on /home/airflow/.local/lib/python3.12/site-packages/airflow/example_dags/example_branch_labels.py
[2024-04-18T08:39:54.932+0000] {processor.py:830} INFO - Processing file /home/airflow/.local/lib/python3.12/site-packages/airflow/example_dags/example_branch_labels.py for tasks to queue
[2024-04-18T08:39:54.934+0000] {logging_mixin.py:188} INFO - [2024-04-18T08:39:54.934+0000] {dagbag.py:540} INFO - Filling up the DagBag from /home/airflow/.local/lib/python3.12/site-packages/airflow/example_dags/example_branch_labels.py
[2024-04-18T08:39:54.942+0000] {processor.py:840} INFO - DAG(s) 'example_branch_labels' retrieved from /home/airflow/.local/lib/python3.12/site-packages/airflow/example_dags/example_branch_labels.py
[2024-04-18T08:39:54.967+0000] {logging_mixin.py:188} INFO - [2024-04-18T08:39:54.967+0000] {dag.py:3096} INFO - Sync 1 DAGs
[2024-04-18T08:39:54.992+0000] {logging_mixin.py:188} INFO - [2024-04-18T08:39:54.992+0000] {dag.py:3954} INFO - Setting next_dagrun for example_branch_labels to 2024-04-17 00:00:00+00:00, run_after=2024-04-18 00:00:00+00:00
[2024-04-18T08:39:55.013+0000] {processor.py:183} INFO - Processing /home/airflow/.local/lib/python3.12/site-packages/airflow/example_dags/example_branch_labels.py took 0.087 seconds
[2024-04-18T08:40:25.893+0000] {processor.py:161} INFO - Started process (PID=7345) to work on /home/airflow/.local/lib/python3.12/site-packages/airflow/example_dags/example_branch_labels.py
[2024-04-18T08:40:25.894+0000] {processor.py:830} INFO - Processing file /home/airflow/.local/lib/python3.12/site-packages/airflow/example_dags/example_branch_labels.py for tasks to queue
[2024-04-18T08:40:25.896+0000] {logging_mixin.py:188} INFO - [2024-04-18T08:40:25.895+0000] {dagbag.py:540} INFO - Filling up the DagBag from /home/airflow/.local/lib/python3.12/site-packages/airflow/example_dags/example_branch_labels.py
[2024-04-18T08:40:25.904+0000] {processor.py:840} INFO - DAG(s) 'example_branch_labels' retrieved from /home/airflow/.local/lib/python3.12/site-packages/airflow/example_dags/example_branch_labels.py
[2024-04-18T08:40:25.929+0000] {logging_mixin.py:188} INFO - [2024-04-18T08:40:25.928+0000] {dag.py:3096} INFO - Sync 1 DAGs
[2024-04-18T08:40:25.954+0000] {logging_mixin.py:188} INFO - [2024-04-18T08:40:25.954+0000] {dag.py:3954} INFO - Setting next_dagrun for example_branch_labels to 2024-04-17 00:00:00+00:00, run_after=2024-04-18 00:00:00+00:00
[2024-04-18T08:40:25.975+0000] {processor.py:183} INFO - Processing /home/airflow/.local/lib/python3.12/site-packages/airflow/example_dags/example_branch_labels.py took 0.088 seconds
[2024-04-18T08:40:56.668+0000] {processor.py:161} INFO - Started process (PID=7611) to work on /home/airflow/.local/lib/python3.12/site-packages/airflow/example_dags/example_branch_labels.py
[2024-04-18T08:40:56.669+0000] {processor.py:830} INFO - Processing file /home/airflow/.local/lib/python3.12/site-packages/airflow/example_dags/example_branch_labels.py for tasks to queue
[2024-04-18T08:40:56.671+0000] {logging_mixin.py:188} INFO - [2024-04-18T08:40:56.671+0000] {dagbag.py:540} INFO - Filling up the DagBag from /home/airflow/.local/lib/python3.12/site-packages/airflow/example_dags/example_branch_labels.py
[2024-04-18T08:40:56.680+0000] {processor.py:840} INFO - DAG(s) 'example_branch_labels' retrieved from /home/airflow/.local/lib/python3.12/site-packages/airflow/example_dags/example_branch_labels.py
[2024-04-18T08:40:56.706+0000] {logging_mixin.py:188} INFO - [2024-04-18T08:40:56.705+0000] {dag.py:3096} INFO - Sync 1 DAGs
[2024-04-18T08:40:56.729+0000] {logging_mixin.py:188} INFO - [2024-04-18T08:40:56.729+0000] {dag.py:3954} INFO - Setting next_dagrun for example_branch_labels to 2024-04-17 00:00:00+00:00, run_after=2024-04-18 00:00:00+00:00
[2024-04-18T08:40:56.755+0000] {processor.py:183} INFO - Processing /home/airflow/.local/lib/python3.12/site-packages/airflow/example_dags/example_branch_labels.py took 0.093 seconds
[2024-04-18T08:41:27.651+0000] {processor.py:161} INFO - Started process (PID=7879) to work on /home/airflow/.local/lib/python3.12/site-packages/airflow/example_dags/example_branch_labels.py
[2024-04-18T08:41:27.652+0000] {processor.py:830} INFO - Processing file /home/airflow/.local/lib/python3.12/site-packages/airflow/example_dags/example_branch_labels.py for tasks to queue
[2024-04-18T08:41:27.654+0000] {logging_mixin.py:188} INFO - [2024-04-18T08:41:27.654+0000] {dagbag.py:540} INFO - Filling up the DagBag from /home/airflow/.local/lib/python3.12/site-packages/airflow/example_dags/example_branch_labels.py
[2024-04-18T08:41:27.671+0000] {processor.py:840} INFO - DAG(s) 'example_branch_labels' retrieved from /home/airflow/.local/lib/python3.12/site-packages/airflow/example_dags/example_branch_labels.py
[2024-04-18T08:41:27.714+0000] {logging_mixin.py:188} INFO - [2024-04-18T08:41:27.714+0000] {dag.py:3096} INFO - Sync 1 DAGs
[2024-04-18T08:41:27.741+0000] {logging_mixin.py:188} INFO - [2024-04-18T08:41:27.741+0000] {dag.py:3954} INFO - Setting next_dagrun for example_branch_labels to 2024-04-17 00:00:00+00:00, run_after=2024-04-18 00:00:00+00:00
[2024-04-18T08:41:27.811+0000] {processor.py:183} INFO - Processing /home/airflow/.local/lib/python3.12/site-packages/airflow/example_dags/example_branch_labels.py took 0.173 seconds
[2024-04-18T08:41:58.294+0000] {processor.py:161} INFO - Started process (PID=8145) to work on /home/airflow/.local/lib/python3.12/site-packages/airflow/example_dags/example_branch_labels.py
[2024-04-18T08:41:58.295+0000] {processor.py:830} INFO - Processing file /home/airflow/.local/lib/python3.12/site-packages/airflow/example_dags/example_branch_labels.py for tasks to queue
[2024-04-18T08:41:58.297+0000] {logging_mixin.py:188} INFO - [2024-04-18T08:41:58.296+0000] {dagbag.py:540} INFO - Filling up the DagBag from /home/airflow/.local/lib/python3.12/site-packages/airflow/example_dags/example_branch_labels.py
[2024-04-18T08:41:58.305+0000] {processor.py:840} INFO - DAG(s) 'example_branch_labels' retrieved from /home/airflow/.local/lib/python3.12/site-packages/airflow/example_dags/example_branch_labels.py
[2024-04-18T08:41:58.330+0000] {logging_mixin.py:188} INFO - [2024-04-18T08:41:58.330+0000] {dag.py:3096} INFO - Sync 1 DAGs
[2024-04-18T08:41:58.355+0000] {logging_mixin.py:188} INFO - [2024-04-18T08:41:58.355+0000] {dag.py:3954} INFO - Setting next_dagrun for example_branch_labels to 2024-04-17 00:00:00+00:00, run_after=2024-04-18 00:00:00+00:00
[2024-04-18T08:41:58.391+0000] {processor.py:183} INFO - Processing /home/airflow/.local/lib/python3.12/site-packages/airflow/example_dags/example_branch_labels.py took 0.103 seconds
[2024-04-18T08:42:29.245+0000] {processor.py:161} INFO - Started process (PID=8411) to work on /home/airflow/.local/lib/python3.12/site-packages/airflow/example_dags/example_branch_labels.py
[2024-04-18T08:42:29.246+0000] {processor.py:830} INFO - Processing file /home/airflow/.local/lib/python3.12/site-packages/airflow/example_dags/example_branch_labels.py for tasks to queue
[2024-04-18T08:42:29.248+0000] {logging_mixin.py:188} INFO - [2024-04-18T08:42:29.247+0000] {dagbag.py:540} INFO - Filling up the DagBag from /home/airflow/.local/lib/python3.12/site-packages/airflow/example_dags/example_branch_labels.py
[2024-04-18T08:42:29.257+0000] {processor.py:840} INFO - DAG(s) 'example_branch_labels' retrieved from /home/airflow/.local/lib/python3.12/site-packages/airflow/example_dags/example_branch_labels.py
[2024-04-18T08:42:29.284+0000] {logging_mixin.py:188} INFO - [2024-04-18T08:42:29.283+0000] {dag.py:3096} INFO - Sync 1 DAGs
[2024-04-18T08:42:29.310+0000] {logging_mixin.py:188} INFO - [2024-04-18T08:42:29.310+0000] {dag.py:3954} INFO - Setting next_dagrun for example_branch_labels to 2024-04-17 00:00:00+00:00, run_after=2024-04-18 00:00:00+00:00
[2024-04-18T08:42:29.331+0000] {processor.py:183} INFO - Processing /home/airflow/.local/lib/python3.12/site-packages/airflow/example_dags/example_branch_labels.py took 0.092 seconds
[2024-04-18T08:42:59.577+0000] {processor.py:161} INFO - Started process (PID=8677) to work on /home/airflow/.local/lib/python3.12/site-packages/airflow/example_dags/example_branch_labels.py
[2024-04-18T08:42:59.584+0000] {processor.py:830} INFO - Processing file /home/airflow/.local/lib/python3.12/site-packages/airflow/example_dags/example_branch_labels.py for tasks to queue
[2024-04-18T08:42:59.586+0000] {logging_mixin.py:188} INFO - [2024-04-18T08:42:59.585+0000] {dagbag.py:540} INFO - Filling up the DagBag from /home/airflow/.local/lib/python3.12/site-packages/airflow/example_dags/example_branch_labels.py
[2024-04-18T08:42:59.599+0000] {processor.py:840} INFO - DAG(s) 'example_branch_labels' retrieved from /home/airflow/.local/lib/python3.12/site-packages/airflow/example_dags/example_branch_labels.py
[2024-04-18T08:42:59.652+0000] {logging_mixin.py:188} INFO - [2024-04-18T08:42:59.651+0000] {dag.py:3096} INFO - Sync 1 DAGs
[2024-04-18T08:42:59.698+0000] {logging_mixin.py:188} INFO - [2024-04-18T08:42:59.698+0000] {dag.py:3954} INFO - Setting next_dagrun for example_branch_labels to 2024-04-17 00:00:00+00:00, run_after=2024-04-18 00:00:00+00:00
[2024-04-18T08:42:59.770+0000] {processor.py:183} INFO - Processing /home/airflow/.local/lib/python3.12/site-packages/airflow/example_dags/example_branch_labels.py took 0.200 seconds
[2024-04-18T08:43:30.698+0000] {processor.py:161} INFO - Started process (PID=8943) to work on /home/airflow/.local/lib/python3.12/site-packages/airflow/example_dags/example_branch_labels.py
[2024-04-18T08:43:30.701+0000] {processor.py:830} INFO - Processing file /home/airflow/.local/lib/python3.12/site-packages/airflow/example_dags/example_branch_labels.py for tasks to queue
[2024-04-18T08:43:30.703+0000] {logging_mixin.py:188} INFO - [2024-04-18T08:43:30.703+0000] {dagbag.py:540} INFO - Filling up the DagBag from /home/airflow/.local/lib/python3.12/site-packages/airflow/example_dags/example_branch_labels.py
[2024-04-18T08:43:30.714+0000] {processor.py:840} INFO - DAG(s) 'example_branch_labels' retrieved from /home/airflow/.local/lib/python3.12/site-packages/airflow/example_dags/example_branch_labels.py
[2024-04-18T08:43:30.738+0000] {logging_mixin.py:188} INFO - [2024-04-18T08:43:30.738+0000] {dag.py:3096} INFO - Sync 1 DAGs
[2024-04-18T08:43:30.763+0000] {logging_mixin.py:188} INFO - [2024-04-18T08:43:30.763+0000] {dag.py:3954} INFO - Setting next_dagrun for example_branch_labels to 2024-04-17 00:00:00+00:00, run_after=2024-04-18 00:00:00+00:00
[2024-04-18T08:43:30.784+0000] {processor.py:183} INFO - Processing /home/airflow/.local/lib/python3.12/site-packages/airflow/example_dags/example_branch_labels.py took 0.092 seconds
[2024-04-18T08:44:01.390+0000] {processor.py:161} INFO - Started process (PID=9209) to work on /home/airflow/.local/lib/python3.12/site-packages/airflow/example_dags/example_branch_labels.py
[2024-04-18T08:44:01.395+0000] {processor.py:830} INFO - Processing file /home/airflow/.local/lib/python3.12/site-packages/airflow/example_dags/example_branch_labels.py for tasks to queue
[2024-04-18T08:44:01.397+0000] {logging_mixin.py:188} INFO - [2024-04-18T08:44:01.397+0000] {dagbag.py:540} INFO - Filling up the DagBag from /home/airflow/.local/lib/python3.12/site-packages/airflow/example_dags/example_branch_labels.py
[2024-04-18T08:44:01.415+0000] {processor.py:840} INFO - DAG(s) 'example_branch_labels' retrieved from /home/airflow/.local/lib/python3.12/site-packages/airflow/example_dags/example_branch_labels.py
[2024-04-18T08:44:01.480+0000] {logging_mixin.py:188} INFO - [2024-04-18T08:44:01.479+0000] {dag.py:3096} INFO - Sync 1 DAGs
[2024-04-18T08:44:01.521+0000] {logging_mixin.py:188} INFO - [2024-04-18T08:44:01.521+0000] {dag.py:3954} INFO - Setting next_dagrun for example_branch_labels to 2024-04-17 00:00:00+00:00, run_after=2024-04-18 00:00:00+00:00
[2024-04-18T08:44:01.549+0000] {processor.py:183} INFO - Processing /home/airflow/.local/lib/python3.12/site-packages/airflow/example_dags/example_branch_labels.py took 0.169 seconds
[2024-04-18T08:44:32.120+0000] {processor.py:161} INFO - Started process (PID=9475) to work on /home/airflow/.local/lib/python3.12/site-packages/airflow/example_dags/example_branch_labels.py
[2024-04-18T08:44:32.123+0000] {processor.py:830} INFO - Processing file /home/airflow/.local/lib/python3.12/site-packages/airflow/example_dags/example_branch_labels.py for tasks to queue
[2024-04-18T08:44:32.129+0000] {logging_mixin.py:188} INFO - [2024-04-18T08:44:32.128+0000] {dagbag.py:540} INFO - Filling up the DagBag from /home/airflow/.local/lib/python3.12/site-packages/airflow/example_dags/example_branch_labels.py
[2024-04-18T08:44:32.140+0000] {processor.py:840} INFO - DAG(s) 'example_branch_labels' retrieved from /home/airflow/.local/lib/python3.12/site-packages/airflow/example_dags/example_branch_labels.py
[2024-04-18T08:44:32.164+0000] {logging_mixin.py:188} INFO - [2024-04-18T08:44:32.164+0000] {dag.py:3096} INFO - Sync 1 DAGs
[2024-04-18T08:44:32.194+0000] {logging_mixin.py:188} INFO - [2024-04-18T08:44:32.193+0000] {dag.py:3954} INFO - Setting next_dagrun for example_branch_labels to 2024-04-17 00:00:00+00:00, run_after=2024-04-18 00:00:00+00:00
[2024-04-18T08:44:32.216+0000] {processor.py:183} INFO - Processing /home/airflow/.local/lib/python3.12/site-packages/airflow/example_dags/example_branch_labels.py took 0.102 seconds
[2024-04-18T08:45:03.054+0000] {processor.py:161} INFO - Started process (PID=9741) to work on /home/airflow/.local/lib/python3.12/site-packages/airflow/example_dags/example_branch_labels.py
[2024-04-18T08:45:03.054+0000] {processor.py:830} INFO - Processing file /home/airflow/.local/lib/python3.12/site-packages/airflow/example_dags/example_branch_labels.py for tasks to queue
[2024-04-18T08:45:03.056+0000] {logging_mixin.py:188} INFO - [2024-04-18T08:45:03.056+0000] {dagbag.py:540} INFO - Filling up the DagBag from /home/airflow/.local/lib/python3.12/site-packages/airflow/example_dags/example_branch_labels.py
[2024-04-18T08:45:03.065+0000] {processor.py:840} INFO - DAG(s) 'example_branch_labels' retrieved from /home/airflow/.local/lib/python3.12/site-packages/airflow/example_dags/example_branch_labels.py
[2024-04-18T08:45:03.091+0000] {logging_mixin.py:188} INFO - [2024-04-18T08:45:03.090+0000] {dag.py:3096} INFO - Sync 1 DAGs
[2024-04-18T08:45:03.115+0000] {logging_mixin.py:188} INFO - [2024-04-18T08:45:03.115+0000] {dag.py:3954} INFO - Setting next_dagrun for example_branch_labels to 2024-04-17 00:00:00+00:00, run_after=2024-04-18 00:00:00+00:00
[2024-04-18T08:45:03.136+0000] {processor.py:183} INFO - Processing /home/airflow/.local/lib/python3.12/site-packages/airflow/example_dags/example_branch_labels.py took 0.089 seconds
[2024-04-18T08:45:33.829+0000] {processor.py:161} INFO - Started process (PID=10007) to work on /home/airflow/.local/lib/python3.12/site-packages/airflow/example_dags/example_branch_labels.py
[2024-04-18T08:45:33.830+0000] {processor.py:830} INFO - Processing file /home/airflow/.local/lib/python3.12/site-packages/airflow/example_dags/example_branch_labels.py for tasks to queue
[2024-04-18T08:45:33.832+0000] {logging_mixin.py:188} INFO - [2024-04-18T08:45:33.832+0000] {dagbag.py:540} INFO - Filling up the DagBag from /home/airflow/.local/lib/python3.12/site-packages/airflow/example_dags/example_branch_labels.py
[2024-04-18T08:45:33.840+0000] {processor.py:840} INFO - DAG(s) 'example_branch_labels' retrieved from /home/airflow/.local/lib/python3.12/site-packages/airflow/example_dags/example_branch_labels.py
[2024-04-18T08:45:33.867+0000] {logging_mixin.py:188} INFO - [2024-04-18T08:45:33.866+0000] {dag.py:3096} INFO - Sync 1 DAGs
[2024-04-18T08:45:33.891+0000] {logging_mixin.py:188} INFO - [2024-04-18T08:45:33.891+0000] {dag.py:3954} INFO - Setting next_dagrun for example_branch_labels to 2024-04-17 00:00:00+00:00, run_after=2024-04-18 00:00:00+00:00
[2024-04-18T08:45:33.912+0000] {processor.py:183} INFO - Processing /home/airflow/.local/lib/python3.12/site-packages/airflow/example_dags/example_branch_labels.py took 0.089 seconds
[2024-04-18T08:46:04.417+0000] {processor.py:161} INFO - Started process (PID=10273) to work on /home/airflow/.local/lib/python3.12/site-packages/airflow/example_dags/example_branch_labels.py
[2024-04-18T08:46:04.419+0000] {processor.py:830} INFO - Processing file /home/airflow/.local/lib/python3.12/site-packages/airflow/example_dags/example_branch_labels.py for tasks to queue
[2024-04-18T08:46:04.421+0000] {logging_mixin.py:188} INFO - [2024-04-18T08:46:04.421+0000] {dagbag.py:540} INFO - Filling up the DagBag from /home/airflow/.local/lib/python3.12/site-packages/airflow/example_dags/example_branch_labels.py
[2024-04-18T08:46:04.429+0000] {processor.py:840} INFO - DAG(s) 'example_branch_labels' retrieved from /home/airflow/.local/lib/python3.12/site-packages/airflow/example_dags/example_branch_labels.py
[2024-04-18T08:46:04.457+0000] {logging_mixin.py:188} INFO - [2024-04-18T08:46:04.457+0000] {dag.py:3096} INFO - Sync 1 DAGs
[2024-04-18T08:46:04.483+0000] {logging_mixin.py:188} INFO - [2024-04-18T08:46:04.483+0000] {dag.py:3954} INFO - Setting next_dagrun for example_branch_labels to 2024-04-17 00:00:00+00:00, run_after=2024-04-18 00:00:00+00:00
[2024-04-18T08:46:04.512+0000] {processor.py:183} INFO - Processing /home/airflow/.local/lib/python3.12/site-packages/airflow/example_dags/example_branch_labels.py took 0.101 seconds
[2024-04-18T08:46:35.059+0000] {processor.py:161} INFO - Started process (PID=10539) to work on /home/airflow/.local/lib/python3.12/site-packages/airflow/example_dags/example_branch_labels.py
[2024-04-18T08:46:35.060+0000] {processor.py:830} INFO - Processing file /home/airflow/.local/lib/python3.12/site-packages/airflow/example_dags/example_branch_labels.py for tasks to queue
[2024-04-18T08:46:35.062+0000] {logging_mixin.py:188} INFO - [2024-04-18T08:46:35.062+0000] {dagbag.py:540} INFO - Filling up the DagBag from /home/airflow/.local/lib/python3.12/site-packages/airflow/example_dags/example_branch_labels.py
[2024-04-18T08:46:35.071+0000] {processor.py:840} INFO - DAG(s) 'example_branch_labels' retrieved from /home/airflow/.local/lib/python3.12/site-packages/airflow/example_dags/example_branch_labels.py
[2024-04-18T08:46:35.095+0000] {logging_mixin.py:188} INFO - [2024-04-18T08:46:35.095+0000] {dag.py:3096} INFO - Sync 1 DAGs
[2024-04-18T08:46:35.120+0000] {logging_mixin.py:188} INFO - [2024-04-18T08:46:35.120+0000] {dag.py:3954} INFO - Setting next_dagrun for example_branch_labels to 2024-04-17 00:00:00+00:00, run_after=2024-04-18 00:00:00+00:00
[2024-04-18T08:46:35.143+0000] {processor.py:183} INFO - Processing /home/airflow/.local/lib/python3.12/site-packages/airflow/example_dags/example_branch_labels.py took 0.090 seconds
[2024-04-18T08:47:05.451+0000] {processor.py:161} INFO - Started process (PID=10806) to work on /home/airflow/.local/lib/python3.12/site-packages/airflow/example_dags/example_branch_labels.py
[2024-04-18T08:47:05.461+0000] {processor.py:830} INFO - Processing file /home/airflow/.local/lib/python3.12/site-packages/airflow/example_dags/example_branch_labels.py for tasks to queue
[2024-04-18T08:47:05.465+0000] {logging_mixin.py:188} INFO - [2024-04-18T08:47:05.465+0000] {dagbag.py:540} INFO - Filling up the DagBag from /home/airflow/.local/lib/python3.12/site-packages/airflow/example_dags/example_branch_labels.py
[2024-04-18T08:47:05.484+0000] {processor.py:840} INFO - DAG(s) 'example_branch_labels' retrieved from /home/airflow/.local/lib/python3.12/site-packages/airflow/example_dags/example_branch_labels.py
[2024-04-18T08:47:05.548+0000] {logging_mixin.py:188} INFO - [2024-04-18T08:47:05.547+0000] {dag.py:3096} INFO - Sync 1 DAGs
[2024-04-18T08:47:05.592+0000] {logging_mixin.py:188} INFO - [2024-04-18T08:47:05.591+0000] {dag.py:3954} INFO - Setting next_dagrun for example_branch_labels to 2024-04-17 00:00:00+00:00, run_after=2024-04-18 00:00:00+00:00
[2024-04-18T08:47:05.622+0000] {processor.py:183} INFO - Processing /home/airflow/.local/lib/python3.12/site-packages/airflow/example_dags/example_branch_labels.py took 0.178 seconds
[2024-04-18T08:47:35.812+0000] {processor.py:161} INFO - Started process (PID=11072) to work on /home/airflow/.local/lib/python3.12/site-packages/airflow/example_dags/example_branch_labels.py
[2024-04-18T08:47:35.813+0000] {processor.py:830} INFO - Processing file /home/airflow/.local/lib/python3.12/site-packages/airflow/example_dags/example_branch_labels.py for tasks to queue
[2024-04-18T08:47:35.815+0000] {logging_mixin.py:188} INFO - [2024-04-18T08:47:35.814+0000] {dagbag.py:540} INFO - Filling up the DagBag from /home/airflow/.local/lib/python3.12/site-packages/airflow/example_dags/example_branch_labels.py
[2024-04-18T08:47:35.823+0000] {processor.py:840} INFO - DAG(s) 'example_branch_labels' retrieved from /home/airflow/.local/lib/python3.12/site-packages/airflow/example_dags/example_branch_labels.py
[2024-04-18T08:47:35.848+0000] {logging_mixin.py:188} INFO - [2024-04-18T08:47:35.848+0000] {dag.py:3096} INFO - Sync 1 DAGs
[2024-04-18T08:47:35.897+0000] {logging_mixin.py:188} INFO - [2024-04-18T08:47:35.897+0000] {dag.py:3954} INFO - Setting next_dagrun for example_branch_labels to 2024-04-17 00:00:00+00:00, run_after=2024-04-18 00:00:00+00:00
[2024-04-18T08:47:35.927+0000] {processor.py:183} INFO - Processing /home/airflow/.local/lib/python3.12/site-packages/airflow/example_dags/example_branch_labels.py took 0.122 seconds
[2024-04-18T08:48:06.311+0000] {processor.py:161} INFO - Started process (PID=11339) to work on /home/airflow/.local/lib/python3.12/site-packages/airflow/example_dags/example_branch_labels.py
[2024-04-18T08:48:06.313+0000] {processor.py:830} INFO - Processing file /home/airflow/.local/lib/python3.12/site-packages/airflow/example_dags/example_branch_labels.py for tasks to queue
[2024-04-18T08:48:06.320+0000] {logging_mixin.py:188} INFO - [2024-04-18T08:48:06.319+0000] {dagbag.py:540} INFO - Filling up the DagBag from /home/airflow/.local/lib/python3.12/site-packages/airflow/example_dags/example_branch_labels.py
[2024-04-18T08:48:06.328+0000] {processor.py:840} INFO - DAG(s) 'example_branch_labels' retrieved from /home/airflow/.local/lib/python3.12/site-packages/airflow/example_dags/example_branch_labels.py
[2024-04-18T08:48:06.368+0000] {logging_mixin.py:188} INFO - [2024-04-18T08:48:06.367+0000] {dag.py:3096} INFO - Sync 1 DAGs
[2024-04-18T08:48:06.417+0000] {logging_mixin.py:188} INFO - [2024-04-18T08:48:06.417+0000] {dag.py:3954} INFO - Setting next_dagrun for example_branch_labels to 2024-04-17 00:00:00+00:00, run_after=2024-04-18 00:00:00+00:00
[2024-04-18T08:48:06.440+0000] {processor.py:183} INFO - Processing /home/airflow/.local/lib/python3.12/site-packages/airflow/example_dags/example_branch_labels.py took 0.147 seconds
[2024-04-18T08:48:36.764+0000] {processor.py:161} INFO - Started process (PID=11605) to work on /home/airflow/.local/lib/python3.12/site-packages/airflow/example_dags/example_branch_labels.py
[2024-04-18T08:48:36.773+0000] {processor.py:830} INFO - Processing file /home/airflow/.local/lib/python3.12/site-packages/airflow/example_dags/example_branch_labels.py for tasks to queue
[2024-04-18T08:48:36.776+0000] {logging_mixin.py:188} INFO - [2024-04-18T08:48:36.775+0000] {dagbag.py:540} INFO - Filling up the DagBag from /home/airflow/.local/lib/python3.12/site-packages/airflow/example_dags/example_branch_labels.py
[2024-04-18T08:48:36.794+0000] {processor.py:840} INFO - DAG(s) 'example_branch_labels' retrieved from /home/airflow/.local/lib/python3.12/site-packages/airflow/example_dags/example_branch_labels.py
[2024-04-18T08:48:36.841+0000] {logging_mixin.py:188} INFO - [2024-04-18T08:48:36.841+0000] {dag.py:3096} INFO - Sync 1 DAGs
[2024-04-18T08:48:36.888+0000] {logging_mixin.py:188} INFO - [2024-04-18T08:48:36.888+0000] {dag.py:3954} INFO - Setting next_dagrun for example_branch_labels to 2024-04-17 00:00:00+00:00, run_after=2024-04-18 00:00:00+00:00
[2024-04-18T08:48:36.931+0000] {processor.py:183} INFO - Processing /home/airflow/.local/lib/python3.12/site-packages/airflow/example_dags/example_branch_labels.py took 0.178 seconds
[2024-04-18T08:49:07.672+0000] {processor.py:161} INFO - Started process (PID=11935) to work on /home/airflow/.local/lib/python3.12/site-packages/airflow/example_dags/example_branch_labels.py
[2024-04-18T08:49:07.674+0000] {processor.py:830} INFO - Processing file /home/airflow/.local/lib/python3.12/site-packages/airflow/example_dags/example_branch_labels.py for tasks to queue
[2024-04-18T08:49:07.678+0000] {logging_mixin.py:188} INFO - [2024-04-18T08:49:07.678+0000] {dagbag.py:540} INFO - Filling up the DagBag from /home/airflow/.local/lib/python3.12/site-packages/airflow/example_dags/example_branch_labels.py
[2024-04-18T08:49:07.701+0000] {processor.py:840} INFO - DAG(s) 'example_branch_labels' retrieved from /home/airflow/.local/lib/python3.12/site-packages/airflow/example_dags/example_branch_labels.py
[2024-04-18T08:49:07.746+0000] {logging_mixin.py:188} INFO - [2024-04-18T08:49:07.745+0000] {dag.py:3096} INFO - Sync 1 DAGs
[2024-04-18T08:49:07.830+0000] {logging_mixin.py:188} INFO - [2024-04-18T08:49:07.830+0000] {dag.py:3954} INFO - Setting next_dagrun for example_branch_labels to 2024-04-17 00:00:00+00:00, run_after=2024-04-18 00:00:00+00:00
[2024-04-18T08:49:07.864+0000] {processor.py:183} INFO - Processing /home/airflow/.local/lib/python3.12/site-packages/airflow/example_dags/example_branch_labels.py took 0.212 seconds
