[2024-04-18T08:26:53.167+0000] {processor.py:161} INFO - Started process (PID=194) to work on /home/airflow/.local/lib/python3.12/site-packages/airflow/example_dags/example_setup_teardown.py
[2024-04-18T08:26:53.205+0000] {processor.py:830} INFO - Processing file /home/airflow/.local/lib/python3.12/site-packages/airflow/example_dags/example_setup_teardown.py for tasks to queue
[2024-04-18T08:26:53.212+0000] {logging_mixin.py:188} INFO - [2024-04-18T08:26:53.212+0000] {dagbag.py:540} INFO - Filling up the DagBag from /home/airflow/.local/lib/python3.12/site-packages/airflow/example_dags/example_setup_teardown.py
[2024-04-18T08:26:53.330+0000] {processor.py:840} INFO - DAG(s) 'example_setup_teardown' retrieved from /home/airflow/.local/lib/python3.12/site-packages/airflow/example_dags/example_setup_teardown.py
[2024-04-18T08:26:53.482+0000] {logging_mixin.py:188} INFO - [2024-04-18T08:26:53.481+0000] {dag.py:3096} INFO - Sync 1 DAGs
[2024-04-18T08:26:53.663+0000] {logging_mixin.py:188} INFO - [2024-04-18T08:26:53.653+0000] {dag.py:3954} INFO - Setting next_dagrun for example_setup_teardown to 2024-04-17 00:00:00+00:00, run_after=2024-04-18 00:00:00+00:00
[2024-04-18T08:26:53.847+0000] {processor.py:183} INFO - Processing /home/airflow/.local/lib/python3.12/site-packages/airflow/example_dags/example_setup_teardown.py took 0.695 seconds
[2024-04-18T08:27:24.252+0000] {processor.py:161} INFO - Started process (PID=492) to work on /home/airflow/.local/lib/python3.12/site-packages/airflow/example_dags/example_setup_teardown.py
[2024-04-18T08:27:24.253+0000] {processor.py:830} INFO - Processing file /home/airflow/.local/lib/python3.12/site-packages/airflow/example_dags/example_setup_teardown.py for tasks to queue
[2024-04-18T08:27:24.255+0000] {logging_mixin.py:188} INFO - [2024-04-18T08:27:24.255+0000] {dagbag.py:540} INFO - Filling up the DagBag from /home/airflow/.local/lib/python3.12/site-packages/airflow/example_dags/example_setup_teardown.py
[2024-04-18T08:27:24.263+0000] {processor.py:840} INFO - DAG(s) 'example_setup_teardown' retrieved from /home/airflow/.local/lib/python3.12/site-packages/airflow/example_dags/example_setup_teardown.py
[2024-04-18T08:27:24.299+0000] {logging_mixin.py:188} INFO - [2024-04-18T08:27:24.298+0000] {dag.py:3096} INFO - Sync 1 DAGs
[2024-04-18T08:27:24.396+0000] {logging_mixin.py:188} INFO - [2024-04-18T08:27:24.396+0000] {dag.py:3954} INFO - Setting next_dagrun for example_setup_teardown to 2024-04-17 00:00:00+00:00, run_after=2024-04-18 00:00:00+00:00
[2024-04-18T08:27:24.457+0000] {processor.py:183} INFO - Processing /home/airflow/.local/lib/python3.12/site-packages/airflow/example_dags/example_setup_teardown.py took 0.212 seconds
[2024-04-18T08:27:55.276+0000] {processor.py:161} INFO - Started process (PID=761) to work on /home/airflow/.local/lib/python3.12/site-packages/airflow/example_dags/example_setup_teardown.py
[2024-04-18T08:27:55.277+0000] {processor.py:830} INFO - Processing file /home/airflow/.local/lib/python3.12/site-packages/airflow/example_dags/example_setup_teardown.py for tasks to queue
[2024-04-18T08:27:55.279+0000] {logging_mixin.py:188} INFO - [2024-04-18T08:27:55.278+0000] {dagbag.py:540} INFO - Filling up the DagBag from /home/airflow/.local/lib/python3.12/site-packages/airflow/example_dags/example_setup_teardown.py
[2024-04-18T08:27:55.286+0000] {processor.py:840} INFO - DAG(s) 'example_setup_teardown' retrieved from /home/airflow/.local/lib/python3.12/site-packages/airflow/example_dags/example_setup_teardown.py
[2024-04-18T08:27:55.308+0000] {logging_mixin.py:188} INFO - [2024-04-18T08:27:55.308+0000] {dag.py:3096} INFO - Sync 1 DAGs
[2024-04-18T08:27:55.331+0000] {logging_mixin.py:188} INFO - [2024-04-18T08:27:55.331+0000] {dag.py:3954} INFO - Setting next_dagrun for example_setup_teardown to 2024-04-17 00:00:00+00:00, run_after=2024-04-18 00:00:00+00:00
[2024-04-18T08:27:55.352+0000] {processor.py:183} INFO - Processing /home/airflow/.local/lib/python3.12/site-packages/airflow/example_dags/example_setup_teardown.py took 0.082 seconds
[2024-04-18T08:28:25.434+0000] {processor.py:161} INFO - Started process (PID=1033) to work on /home/airflow/.local/lib/python3.12/site-packages/airflow/example_dags/example_setup_teardown.py
[2024-04-18T08:28:25.437+0000] {processor.py:830} INFO - Processing file /home/airflow/.local/lib/python3.12/site-packages/airflow/example_dags/example_setup_teardown.py for tasks to queue
[2024-04-18T08:28:25.441+0000] {logging_mixin.py:188} INFO - [2024-04-18T08:28:25.441+0000] {dagbag.py:540} INFO - Filling up the DagBag from /home/airflow/.local/lib/python3.12/site-packages/airflow/example_dags/example_setup_teardown.py
[2024-04-18T08:28:25.457+0000] {processor.py:840} INFO - DAG(s) 'example_setup_teardown' retrieved from /home/airflow/.local/lib/python3.12/site-packages/airflow/example_dags/example_setup_teardown.py
[2024-04-18T08:28:25.479+0000] {logging_mixin.py:188} INFO - [2024-04-18T08:28:25.479+0000] {dag.py:3096} INFO - Sync 1 DAGs
[2024-04-18T08:28:25.511+0000] {logging_mixin.py:188} INFO - [2024-04-18T08:28:25.510+0000] {dag.py:3954} INFO - Setting next_dagrun for example_setup_teardown to 2024-04-17 00:00:00+00:00, run_after=2024-04-18 00:00:00+00:00
[2024-04-18T08:28:25.537+0000] {processor.py:183} INFO - Processing /home/airflow/.local/lib/python3.12/site-packages/airflow/example_dags/example_setup_teardown.py took 0.109 seconds
[2024-04-18T08:28:55.629+0000] {processor.py:161} INFO - Started process (PID=1299) to work on /home/airflow/.local/lib/python3.12/site-packages/airflow/example_dags/example_setup_teardown.py
[2024-04-18T08:28:55.630+0000] {processor.py:830} INFO - Processing file /home/airflow/.local/lib/python3.12/site-packages/airflow/example_dags/example_setup_teardown.py for tasks to queue
[2024-04-18T08:28:55.632+0000] {logging_mixin.py:188} INFO - [2024-04-18T08:28:55.632+0000] {dagbag.py:540} INFO - Filling up the DagBag from /home/airflow/.local/lib/python3.12/site-packages/airflow/example_dags/example_setup_teardown.py
[2024-04-18T08:28:55.640+0000] {processor.py:840} INFO - DAG(s) 'example_setup_teardown' retrieved from /home/airflow/.local/lib/python3.12/site-packages/airflow/example_dags/example_setup_teardown.py
[2024-04-18T08:28:55.665+0000] {logging_mixin.py:188} INFO - [2024-04-18T08:28:55.665+0000] {dag.py:3096} INFO - Sync 1 DAGs
[2024-04-18T08:28:55.688+0000] {logging_mixin.py:188} INFO - [2024-04-18T08:28:55.688+0000] {dag.py:3954} INFO - Setting next_dagrun for example_setup_teardown to 2024-04-17 00:00:00+00:00, run_after=2024-04-18 00:00:00+00:00
[2024-04-18T08:28:55.713+0000] {processor.py:183} INFO - Processing /home/airflow/.local/lib/python3.12/site-packages/airflow/example_dags/example_setup_teardown.py took 0.089 seconds
[2024-04-18T08:29:25.879+0000] {processor.py:161} INFO - Started process (PID=1564) to work on /home/airflow/.local/lib/python3.12/site-packages/airflow/example_dags/example_setup_teardown.py
[2024-04-18T08:29:25.880+0000] {processor.py:830} INFO - Processing file /home/airflow/.local/lib/python3.12/site-packages/airflow/example_dags/example_setup_teardown.py for tasks to queue
[2024-04-18T08:29:25.882+0000] {logging_mixin.py:188} INFO - [2024-04-18T08:29:25.881+0000] {dagbag.py:540} INFO - Filling up the DagBag from /home/airflow/.local/lib/python3.12/site-packages/airflow/example_dags/example_setup_teardown.py
[2024-04-18T08:29:25.889+0000] {processor.py:840} INFO - DAG(s) 'example_setup_teardown' retrieved from /home/airflow/.local/lib/python3.12/site-packages/airflow/example_dags/example_setup_teardown.py
[2024-04-18T08:29:25.912+0000] {logging_mixin.py:188} INFO - [2024-04-18T08:29:25.912+0000] {dag.py:3096} INFO - Sync 1 DAGs
[2024-04-18T08:29:25.936+0000] {logging_mixin.py:188} INFO - [2024-04-18T08:29:25.935+0000] {dag.py:3954} INFO - Setting next_dagrun for example_setup_teardown to 2024-04-17 00:00:00+00:00, run_after=2024-04-18 00:00:00+00:00
[2024-04-18T08:29:25.959+0000] {processor.py:183} INFO - Processing /home/airflow/.local/lib/python3.12/site-packages/airflow/example_dags/example_setup_teardown.py took 0.086 seconds
[2024-04-18T08:29:56.143+0000] {processor.py:161} INFO - Started process (PID=1831) to work on /home/airflow/.local/lib/python3.12/site-packages/airflow/example_dags/example_setup_teardown.py
[2024-04-18T08:29:56.143+0000] {processor.py:830} INFO - Processing file /home/airflow/.local/lib/python3.12/site-packages/airflow/example_dags/example_setup_teardown.py for tasks to queue
[2024-04-18T08:29:56.145+0000] {logging_mixin.py:188} INFO - [2024-04-18T08:29:56.145+0000] {dagbag.py:540} INFO - Filling up the DagBag from /home/airflow/.local/lib/python3.12/site-packages/airflow/example_dags/example_setup_teardown.py
[2024-04-18T08:29:56.152+0000] {processor.py:840} INFO - DAG(s) 'example_setup_teardown' retrieved from /home/airflow/.local/lib/python3.12/site-packages/airflow/example_dags/example_setup_teardown.py
[2024-04-18T08:29:56.177+0000] {logging_mixin.py:188} INFO - [2024-04-18T08:29:56.177+0000] {dag.py:3096} INFO - Sync 1 DAGs
[2024-04-18T08:29:56.200+0000] {logging_mixin.py:188} INFO - [2024-04-18T08:29:56.200+0000] {dag.py:3954} INFO - Setting next_dagrun for example_setup_teardown to 2024-04-17 00:00:00+00:00, run_after=2024-04-18 00:00:00+00:00
[2024-04-18T08:29:56.223+0000] {processor.py:183} INFO - Processing /home/airflow/.local/lib/python3.12/site-packages/airflow/example_dags/example_setup_teardown.py took 0.086 seconds
[2024-04-18T08:30:26.471+0000] {processor.py:161} INFO - Started process (PID=2098) to work on /home/airflow/.local/lib/python3.12/site-packages/airflow/example_dags/example_setup_teardown.py
[2024-04-18T08:30:26.471+0000] {processor.py:830} INFO - Processing file /home/airflow/.local/lib/python3.12/site-packages/airflow/example_dags/example_setup_teardown.py for tasks to queue
[2024-04-18T08:30:26.473+0000] {logging_mixin.py:188} INFO - [2024-04-18T08:30:26.473+0000] {dagbag.py:540} INFO - Filling up the DagBag from /home/airflow/.local/lib/python3.12/site-packages/airflow/example_dags/example_setup_teardown.py
[2024-04-18T08:30:26.480+0000] {processor.py:840} INFO - DAG(s) 'example_setup_teardown' retrieved from /home/airflow/.local/lib/python3.12/site-packages/airflow/example_dags/example_setup_teardown.py
[2024-04-18T08:30:26.503+0000] {logging_mixin.py:188} INFO - [2024-04-18T08:30:26.503+0000] {dag.py:3096} INFO - Sync 1 DAGs
[2024-04-18T08:30:26.530+0000] {logging_mixin.py:188} INFO - [2024-04-18T08:30:26.530+0000] {dag.py:3954} INFO - Setting next_dagrun for example_setup_teardown to 2024-04-17 00:00:00+00:00, run_after=2024-04-18 00:00:00+00:00
[2024-04-18T08:30:26.551+0000] {processor.py:183} INFO - Processing /home/airflow/.local/lib/python3.12/site-packages/airflow/example_dags/example_setup_teardown.py took 0.086 seconds
[2024-04-18T08:30:56.676+0000] {processor.py:161} INFO - Started process (PID=2364) to work on /home/airflow/.local/lib/python3.12/site-packages/airflow/example_dags/example_setup_teardown.py
[2024-04-18T08:30:56.677+0000] {processor.py:830} INFO - Processing file /home/airflow/.local/lib/python3.12/site-packages/airflow/example_dags/example_setup_teardown.py for tasks to queue
[2024-04-18T08:30:56.679+0000] {logging_mixin.py:188} INFO - [2024-04-18T08:30:56.678+0000] {dagbag.py:540} INFO - Filling up the DagBag from /home/airflow/.local/lib/python3.12/site-packages/airflow/example_dags/example_setup_teardown.py
[2024-04-18T08:30:56.686+0000] {processor.py:840} INFO - DAG(s) 'example_setup_teardown' retrieved from /home/airflow/.local/lib/python3.12/site-packages/airflow/example_dags/example_setup_teardown.py
[2024-04-18T08:30:56.708+0000] {logging_mixin.py:188} INFO - [2024-04-18T08:30:56.708+0000] {dag.py:3096} INFO - Sync 1 DAGs
[2024-04-18T08:30:56.731+0000] {logging_mixin.py:188} INFO - [2024-04-18T08:30:56.731+0000] {dag.py:3954} INFO - Setting next_dagrun for example_setup_teardown to 2024-04-17 00:00:00+00:00, run_after=2024-04-18 00:00:00+00:00
[2024-04-18T08:30:56.753+0000] {processor.py:183} INFO - Processing /home/airflow/.local/lib/python3.12/site-packages/airflow/example_dags/example_setup_teardown.py took 0.083 seconds
[2024-04-18T08:31:27.860+0000] {processor.py:161} INFO - Started process (PID=2628) to work on /home/airflow/.local/lib/python3.12/site-packages/airflow/example_dags/example_setup_teardown.py
[2024-04-18T08:31:27.869+0000] {processor.py:830} INFO - Processing file /home/airflow/.local/lib/python3.12/site-packages/airflow/example_dags/example_setup_teardown.py for tasks to queue
[2024-04-18T08:31:27.871+0000] {logging_mixin.py:188} INFO - [2024-04-18T08:31:27.870+0000] {dagbag.py:540} INFO - Filling up the DagBag from /home/airflow/.local/lib/python3.12/site-packages/airflow/example_dags/example_setup_teardown.py
[2024-04-18T08:31:27.905+0000] {processor.py:840} INFO - DAG(s) 'example_setup_teardown' retrieved from /home/airflow/.local/lib/python3.12/site-packages/airflow/example_dags/example_setup_teardown.py
[2024-04-18T08:31:27.991+0000] {logging_mixin.py:188} INFO - [2024-04-18T08:31:27.991+0000] {dag.py:3096} INFO - Sync 1 DAGs
[2024-04-18T08:31:28.052+0000] {logging_mixin.py:188} INFO - [2024-04-18T08:31:28.052+0000] {dag.py:3954} INFO - Setting next_dagrun for example_setup_teardown to 2024-04-17 00:00:00+00:00, run_after=2024-04-18 00:00:00+00:00
[2024-04-18T08:31:28.104+0000] {processor.py:183} INFO - Processing /home/airflow/.local/lib/python3.12/site-packages/airflow/example_dags/example_setup_teardown.py took 0.267 seconds
[2024-04-18T08:31:58.510+0000] {processor.py:161} INFO - Started process (PID=2897) to work on /home/airflow/.local/lib/python3.12/site-packages/airflow/example_dags/example_setup_teardown.py
[2024-04-18T08:31:58.511+0000] {processor.py:830} INFO - Processing file /home/airflow/.local/lib/python3.12/site-packages/airflow/example_dags/example_setup_teardown.py for tasks to queue
[2024-04-18T08:31:58.513+0000] {logging_mixin.py:188} INFO - [2024-04-18T08:31:58.513+0000] {dagbag.py:540} INFO - Filling up the DagBag from /home/airflow/.local/lib/python3.12/site-packages/airflow/example_dags/example_setup_teardown.py
[2024-04-18T08:31:58.521+0000] {processor.py:840} INFO - DAG(s) 'example_setup_teardown' retrieved from /home/airflow/.local/lib/python3.12/site-packages/airflow/example_dags/example_setup_teardown.py
[2024-04-18T08:31:58.542+0000] {logging_mixin.py:188} INFO - [2024-04-18T08:31:58.542+0000] {dag.py:3096} INFO - Sync 1 DAGs
[2024-04-18T08:31:58.565+0000] {logging_mixin.py:188} INFO - [2024-04-18T08:31:58.565+0000] {dag.py:3954} INFO - Setting next_dagrun for example_setup_teardown to 2024-04-17 00:00:00+00:00, run_after=2024-04-18 00:00:00+00:00
[2024-04-18T08:31:58.588+0000] {processor.py:183} INFO - Processing /home/airflow/.local/lib/python3.12/site-packages/airflow/example_dags/example_setup_teardown.py took 0.084 seconds
[2024-04-18T08:32:29.267+0000] {processor.py:161} INFO - Started process (PID=3162) to work on /home/airflow/.local/lib/python3.12/site-packages/airflow/example_dags/example_setup_teardown.py
[2024-04-18T08:32:29.268+0000] {processor.py:830} INFO - Processing file /home/airflow/.local/lib/python3.12/site-packages/airflow/example_dags/example_setup_teardown.py for tasks to queue
[2024-04-18T08:32:29.270+0000] {logging_mixin.py:188} INFO - [2024-04-18T08:32:29.269+0000] {dagbag.py:540} INFO - Filling up the DagBag from /home/airflow/.local/lib/python3.12/site-packages/airflow/example_dags/example_setup_teardown.py
[2024-04-18T08:32:29.277+0000] {processor.py:840} INFO - DAG(s) 'example_setup_teardown' retrieved from /home/airflow/.local/lib/python3.12/site-packages/airflow/example_dags/example_setup_teardown.py
[2024-04-18T08:32:29.299+0000] {logging_mixin.py:188} INFO - [2024-04-18T08:32:29.298+0000] {dag.py:3096} INFO - Sync 1 DAGs
[2024-04-18T08:32:29.321+0000] {logging_mixin.py:188} INFO - [2024-04-18T08:32:29.321+0000] {dag.py:3954} INFO - Setting next_dagrun for example_setup_teardown to 2024-04-17 00:00:00+00:00, run_after=2024-04-18 00:00:00+00:00
[2024-04-18T08:32:29.342+0000] {processor.py:183} INFO - Processing /home/airflow/.local/lib/python3.12/site-packages/airflow/example_dags/example_setup_teardown.py took 0.081 seconds
[2024-04-18T08:33:00.067+0000] {processor.py:161} INFO - Started process (PID=3428) to work on /home/airflow/.local/lib/python3.12/site-packages/airflow/example_dags/example_setup_teardown.py
[2024-04-18T08:33:00.068+0000] {processor.py:830} INFO - Processing file /home/airflow/.local/lib/python3.12/site-packages/airflow/example_dags/example_setup_teardown.py for tasks to queue
[2024-04-18T08:33:00.070+0000] {logging_mixin.py:188} INFO - [2024-04-18T08:33:00.070+0000] {dagbag.py:540} INFO - Filling up the DagBag from /home/airflow/.local/lib/python3.12/site-packages/airflow/example_dags/example_setup_teardown.py
[2024-04-18T08:33:00.077+0000] {processor.py:840} INFO - DAG(s) 'example_setup_teardown' retrieved from /home/airflow/.local/lib/python3.12/site-packages/airflow/example_dags/example_setup_teardown.py
[2024-04-18T08:33:00.098+0000] {logging_mixin.py:188} INFO - [2024-04-18T08:33:00.098+0000] {dag.py:3096} INFO - Sync 1 DAGs
[2024-04-18T08:33:00.120+0000] {logging_mixin.py:188} INFO - [2024-04-18T08:33:00.120+0000] {dag.py:3954} INFO - Setting next_dagrun for example_setup_teardown to 2024-04-17 00:00:00+00:00, run_after=2024-04-18 00:00:00+00:00
[2024-04-18T08:33:00.141+0000] {processor.py:183} INFO - Processing /home/airflow/.local/lib/python3.12/site-packages/airflow/example_dags/example_setup_teardown.py took 0.080 seconds
[2024-04-18T08:33:30.698+0000] {processor.py:161} INFO - Started process (PID=3695) to work on /home/airflow/.local/lib/python3.12/site-packages/airflow/example_dags/example_setup_teardown.py
[2024-04-18T08:33:30.698+0000] {processor.py:830} INFO - Processing file /home/airflow/.local/lib/python3.12/site-packages/airflow/example_dags/example_setup_teardown.py for tasks to queue
[2024-04-18T08:33:30.701+0000] {logging_mixin.py:188} INFO - [2024-04-18T08:33:30.700+0000] {dagbag.py:540} INFO - Filling up the DagBag from /home/airflow/.local/lib/python3.12/site-packages/airflow/example_dags/example_setup_teardown.py
[2024-04-18T08:33:30.709+0000] {processor.py:840} INFO - DAG(s) 'example_setup_teardown' retrieved from /home/airflow/.local/lib/python3.12/site-packages/airflow/example_dags/example_setup_teardown.py
[2024-04-18T08:33:30.729+0000] {logging_mixin.py:188} INFO - [2024-04-18T08:33:30.729+0000] {dag.py:3096} INFO - Sync 1 DAGs
[2024-04-18T08:33:30.755+0000] {logging_mixin.py:188} INFO - [2024-04-18T08:33:30.754+0000] {dag.py:3954} INFO - Setting next_dagrun for example_setup_teardown to 2024-04-17 00:00:00+00:00, run_after=2024-04-18 00:00:00+00:00
[2024-04-18T08:33:30.775+0000] {processor.py:183} INFO - Processing /home/airflow/.local/lib/python3.12/site-packages/airflow/example_dags/example_setup_teardown.py took 0.083 seconds
[2024-04-18T08:34:00.936+0000] {processor.py:161} INFO - Started process (PID=3963) to work on /home/airflow/.local/lib/python3.12/site-packages/airflow/example_dags/example_setup_teardown.py
[2024-04-18T08:34:00.937+0000] {processor.py:830} INFO - Processing file /home/airflow/.local/lib/python3.12/site-packages/airflow/example_dags/example_setup_teardown.py for tasks to queue
[2024-04-18T08:34:00.938+0000] {logging_mixin.py:188} INFO - [2024-04-18T08:34:00.938+0000] {dagbag.py:540} INFO - Filling up the DagBag from /home/airflow/.local/lib/python3.12/site-packages/airflow/example_dags/example_setup_teardown.py
[2024-04-18T08:34:00.944+0000] {processor.py:840} INFO - DAG(s) 'example_setup_teardown' retrieved from /home/airflow/.local/lib/python3.12/site-packages/airflow/example_dags/example_setup_teardown.py
[2024-04-18T08:34:00.961+0000] {logging_mixin.py:188} INFO - [2024-04-18T08:34:00.961+0000] {dag.py:3096} INFO - Sync 1 DAGs
[2024-04-18T08:34:00.978+0000] {logging_mixin.py:188} INFO - [2024-04-18T08:34:00.977+0000] {dag.py:3954} INFO - Setting next_dagrun for example_setup_teardown to 2024-04-17 00:00:00+00:00, run_after=2024-04-18 00:00:00+00:00
[2024-04-18T08:34:00.995+0000] {processor.py:183} INFO - Processing /home/airflow/.local/lib/python3.12/site-packages/airflow/example_dags/example_setup_teardown.py took 0.063 seconds
[2024-04-18T08:34:31.186+0000] {processor.py:161} INFO - Started process (PID=4229) to work on /home/airflow/.local/lib/python3.12/site-packages/airflow/example_dags/example_setup_teardown.py
[2024-04-18T08:34:31.186+0000] {processor.py:830} INFO - Processing file /home/airflow/.local/lib/python3.12/site-packages/airflow/example_dags/example_setup_teardown.py for tasks to queue
[2024-04-18T08:34:31.188+0000] {logging_mixin.py:188} INFO - [2024-04-18T08:34:31.187+0000] {dagbag.py:540} INFO - Filling up the DagBag from /home/airflow/.local/lib/python3.12/site-packages/airflow/example_dags/example_setup_teardown.py
[2024-04-18T08:34:31.193+0000] {processor.py:840} INFO - DAG(s) 'example_setup_teardown' retrieved from /home/airflow/.local/lib/python3.12/site-packages/airflow/example_dags/example_setup_teardown.py
[2024-04-18T08:34:31.208+0000] {logging_mixin.py:188} INFO - [2024-04-18T08:34:31.208+0000] {dag.py:3096} INFO - Sync 1 DAGs
[2024-04-18T08:34:31.224+0000] {logging_mixin.py:188} INFO - [2024-04-18T08:34:31.224+0000] {dag.py:3954} INFO - Setting next_dagrun for example_setup_teardown to 2024-04-17 00:00:00+00:00, run_after=2024-04-18 00:00:00+00:00
[2024-04-18T08:34:31.242+0000] {processor.py:183} INFO - Processing /home/airflow/.local/lib/python3.12/site-packages/airflow/example_dags/example_setup_teardown.py took 0.061 seconds
[2024-04-18T08:35:01.867+0000] {processor.py:161} INFO - Started process (PID=4496) to work on /home/airflow/.local/lib/python3.12/site-packages/airflow/example_dags/example_setup_teardown.py
[2024-04-18T08:35:01.868+0000] {processor.py:830} INFO - Processing file /home/airflow/.local/lib/python3.12/site-packages/airflow/example_dags/example_setup_teardown.py for tasks to queue
[2024-04-18T08:35:01.870+0000] {logging_mixin.py:188} INFO - [2024-04-18T08:35:01.870+0000] {dagbag.py:540} INFO - Filling up the DagBag from /home/airflow/.local/lib/python3.12/site-packages/airflow/example_dags/example_setup_teardown.py
[2024-04-18T08:35:01.878+0000] {processor.py:840} INFO - DAG(s) 'example_setup_teardown' retrieved from /home/airflow/.local/lib/python3.12/site-packages/airflow/example_dags/example_setup_teardown.py
[2024-04-18T08:35:01.901+0000] {logging_mixin.py:188} INFO - [2024-04-18T08:35:01.900+0000] {dag.py:3096} INFO - Sync 1 DAGs
[2024-04-18T08:35:01.924+0000] {logging_mixin.py:188} INFO - [2024-04-18T08:35:01.924+0000] {dag.py:3954} INFO - Setting next_dagrun for example_setup_teardown to 2024-04-17 00:00:00+00:00, run_after=2024-04-18 00:00:00+00:00
[2024-04-18T08:35:02.234+0000] {processor.py:183} INFO - Processing /home/airflow/.local/lib/python3.12/site-packages/airflow/example_dags/example_setup_teardown.py took 0.372 seconds
[2024-04-18T08:35:32.326+0000] {processor.py:161} INFO - Started process (PID=4763) to work on /home/airflow/.local/lib/python3.12/site-packages/airflow/example_dags/example_setup_teardown.py
[2024-04-18T08:35:32.327+0000] {processor.py:830} INFO - Processing file /home/airflow/.local/lib/python3.12/site-packages/airflow/example_dags/example_setup_teardown.py for tasks to queue
[2024-04-18T08:35:32.329+0000] {logging_mixin.py:188} INFO - [2024-04-18T08:35:32.329+0000] {dagbag.py:540} INFO - Filling up the DagBag from /home/airflow/.local/lib/python3.12/site-packages/airflow/example_dags/example_setup_teardown.py
[2024-04-18T08:35:32.337+0000] {processor.py:840} INFO - DAG(s) 'example_setup_teardown' retrieved from /home/airflow/.local/lib/python3.12/site-packages/airflow/example_dags/example_setup_teardown.py
[2024-04-18T08:35:32.359+0000] {logging_mixin.py:188} INFO - [2024-04-18T08:35:32.359+0000] {dag.py:3096} INFO - Sync 1 DAGs
[2024-04-18T08:35:32.381+0000] {logging_mixin.py:188} INFO - [2024-04-18T08:35:32.381+0000] {dag.py:3954} INFO - Setting next_dagrun for example_setup_teardown to 2024-04-17 00:00:00+00:00, run_after=2024-04-18 00:00:00+00:00
[2024-04-18T08:35:32.405+0000] {processor.py:183} INFO - Processing /home/airflow/.local/lib/python3.12/site-packages/airflow/example_dags/example_setup_teardown.py took 0.084 seconds
[2024-04-18T08:36:03.126+0000] {processor.py:161} INFO - Started process (PID=5027) to work on /home/airflow/.local/lib/python3.12/site-packages/airflow/example_dags/example_setup_teardown.py
[2024-04-18T08:36:03.127+0000] {processor.py:830} INFO - Processing file /home/airflow/.local/lib/python3.12/site-packages/airflow/example_dags/example_setup_teardown.py for tasks to queue
[2024-04-18T08:36:03.128+0000] {logging_mixin.py:188} INFO - [2024-04-18T08:36:03.128+0000] {dagbag.py:540} INFO - Filling up the DagBag from /home/airflow/.local/lib/python3.12/site-packages/airflow/example_dags/example_setup_teardown.py
[2024-04-18T08:36:03.136+0000] {processor.py:840} INFO - DAG(s) 'example_setup_teardown' retrieved from /home/airflow/.local/lib/python3.12/site-packages/airflow/example_dags/example_setup_teardown.py
[2024-04-18T08:36:03.161+0000] {logging_mixin.py:188} INFO - [2024-04-18T08:36:03.161+0000] {dag.py:3096} INFO - Sync 1 DAGs
[2024-04-18T08:36:03.185+0000] {logging_mixin.py:188} INFO - [2024-04-18T08:36:03.185+0000] {dag.py:3954} INFO - Setting next_dagrun for example_setup_teardown to 2024-04-17 00:00:00+00:00, run_after=2024-04-18 00:00:00+00:00
[2024-04-18T08:36:03.206+0000] {processor.py:183} INFO - Processing /home/airflow/.local/lib/python3.12/site-packages/airflow/example_dags/example_setup_teardown.py took 0.086 seconds
[2024-04-18T08:36:33.873+0000] {processor.py:161} INFO - Started process (PID=5296) to work on /home/airflow/.local/lib/python3.12/site-packages/airflow/example_dags/example_setup_teardown.py
[2024-04-18T08:36:33.874+0000] {processor.py:830} INFO - Processing file /home/airflow/.local/lib/python3.12/site-packages/airflow/example_dags/example_setup_teardown.py for tasks to queue
[2024-04-18T08:36:33.876+0000] {logging_mixin.py:188} INFO - [2024-04-18T08:36:33.875+0000] {dagbag.py:540} INFO - Filling up the DagBag from /home/airflow/.local/lib/python3.12/site-packages/airflow/example_dags/example_setup_teardown.py
[2024-04-18T08:36:33.883+0000] {processor.py:840} INFO - DAG(s) 'example_setup_teardown' retrieved from /home/airflow/.local/lib/python3.12/site-packages/airflow/example_dags/example_setup_teardown.py
[2024-04-18T08:36:33.911+0000] {logging_mixin.py:188} INFO - [2024-04-18T08:36:33.911+0000] {dag.py:3096} INFO - Sync 1 DAGs
[2024-04-18T08:36:33.934+0000] {logging_mixin.py:188} INFO - [2024-04-18T08:36:33.934+0000] {dag.py:3954} INFO - Setting next_dagrun for example_setup_teardown to 2024-04-17 00:00:00+00:00, run_after=2024-04-18 00:00:00+00:00
[2024-04-18T08:36:33.957+0000] {processor.py:183} INFO - Processing /home/airflow/.local/lib/python3.12/site-packages/airflow/example_dags/example_setup_teardown.py took 0.089 seconds
[2024-04-18T08:37:05.021+0000] {processor.py:161} INFO - Started process (PID=5560) to work on /home/airflow/.local/lib/python3.12/site-packages/airflow/example_dags/example_setup_teardown.py
[2024-04-18T08:37:05.025+0000] {processor.py:830} INFO - Processing file /home/airflow/.local/lib/python3.12/site-packages/airflow/example_dags/example_setup_teardown.py for tasks to queue
[2024-04-18T08:37:05.032+0000] {logging_mixin.py:188} INFO - [2024-04-18T08:37:05.032+0000] {dagbag.py:540} INFO - Filling up the DagBag from /home/airflow/.local/lib/python3.12/site-packages/airflow/example_dags/example_setup_teardown.py
[2024-04-18T08:37:05.066+0000] {processor.py:840} INFO - DAG(s) 'example_setup_teardown' retrieved from /home/airflow/.local/lib/python3.12/site-packages/airflow/example_dags/example_setup_teardown.py
[2024-04-18T08:37:05.153+0000] {logging_mixin.py:188} INFO - [2024-04-18T08:37:05.153+0000] {dag.py:3096} INFO - Sync 1 DAGs
[2024-04-18T08:37:05.463+0000] {logging_mixin.py:188} INFO - [2024-04-18T08:37:05.463+0000] {dag.py:3954} INFO - Setting next_dagrun for example_setup_teardown to 2024-04-17 00:00:00+00:00, run_after=2024-04-18 00:00:00+00:00
[2024-04-18T08:37:05.483+0000] {processor.py:183} INFO - Processing /home/airflow/.local/lib/python3.12/site-packages/airflow/example_dags/example_setup_teardown.py took 0.494 seconds
[2024-04-18T08:37:35.756+0000] {processor.py:161} INFO - Started process (PID=5828) to work on /home/airflow/.local/lib/python3.12/site-packages/airflow/example_dags/example_setup_teardown.py
[2024-04-18T08:37:35.757+0000] {processor.py:830} INFO - Processing file /home/airflow/.local/lib/python3.12/site-packages/airflow/example_dags/example_setup_teardown.py for tasks to queue
[2024-04-18T08:37:35.758+0000] {logging_mixin.py:188} INFO - [2024-04-18T08:37:35.758+0000] {dagbag.py:540} INFO - Filling up the DagBag from /home/airflow/.local/lib/python3.12/site-packages/airflow/example_dags/example_setup_teardown.py
[2024-04-18T08:37:35.763+0000] {processor.py:840} INFO - DAG(s) 'example_setup_teardown' retrieved from /home/airflow/.local/lib/python3.12/site-packages/airflow/example_dags/example_setup_teardown.py
[2024-04-18T08:37:35.779+0000] {logging_mixin.py:188} INFO - [2024-04-18T08:37:35.779+0000] {dag.py:3096} INFO - Sync 1 DAGs
[2024-04-18T08:37:35.795+0000] {logging_mixin.py:188} INFO - [2024-04-18T08:37:35.795+0000] {dag.py:3954} INFO - Setting next_dagrun for example_setup_teardown to 2024-04-17 00:00:00+00:00, run_after=2024-04-18 00:00:00+00:00
[2024-04-18T08:37:35.957+0000] {processor.py:183} INFO - Processing /home/airflow/.local/lib/python3.12/site-packages/airflow/example_dags/example_setup_teardown.py took 0.205 seconds
[2024-04-18T08:38:06.946+0000] {processor.py:161} INFO - Started process (PID=6091) to work on /home/airflow/.local/lib/python3.12/site-packages/airflow/example_dags/example_setup_teardown.py
[2024-04-18T08:38:06.957+0000] {processor.py:830} INFO - Processing file /home/airflow/.local/lib/python3.12/site-packages/airflow/example_dags/example_setup_teardown.py for tasks to queue
[2024-04-18T08:38:06.965+0000] {logging_mixin.py:188} INFO - [2024-04-18T08:38:06.965+0000] {dagbag.py:540} INFO - Filling up the DagBag from /home/airflow/.local/lib/python3.12/site-packages/airflow/example_dags/example_setup_teardown.py
[2024-04-18T08:38:06.976+0000] {processor.py:840} INFO - DAG(s) 'example_setup_teardown' retrieved from /home/airflow/.local/lib/python3.12/site-packages/airflow/example_dags/example_setup_teardown.py
[2024-04-18T08:38:07.000+0000] {logging_mixin.py:188} INFO - [2024-04-18T08:38:07.000+0000] {dag.py:3096} INFO - Sync 1 DAGs
[2024-04-18T08:38:07.024+0000] {logging_mixin.py:188} INFO - [2024-04-18T08:38:07.024+0000] {dag.py:3954} INFO - Setting next_dagrun for example_setup_teardown to 2024-04-17 00:00:00+00:00, run_after=2024-04-18 00:00:00+00:00
[2024-04-18T08:38:07.067+0000] {processor.py:183} INFO - Processing /home/airflow/.local/lib/python3.12/site-packages/airflow/example_dags/example_setup_teardown.py took 0.151 seconds
[2024-04-18T08:38:37.671+0000] {processor.py:161} INFO - Started process (PID=6358) to work on /home/airflow/.local/lib/python3.12/site-packages/airflow/example_dags/example_setup_teardown.py
[2024-04-18T08:38:37.672+0000] {processor.py:830} INFO - Processing file /home/airflow/.local/lib/python3.12/site-packages/airflow/example_dags/example_setup_teardown.py for tasks to queue
[2024-04-18T08:38:37.674+0000] {logging_mixin.py:188} INFO - [2024-04-18T08:38:37.673+0000] {dagbag.py:540} INFO - Filling up the DagBag from /home/airflow/.local/lib/python3.12/site-packages/airflow/example_dags/example_setup_teardown.py
[2024-04-18T08:38:37.876+0000] {processor.py:840} INFO - DAG(s) 'example_setup_teardown' retrieved from /home/airflow/.local/lib/python3.12/site-packages/airflow/example_dags/example_setup_teardown.py
[2024-04-18T08:38:37.895+0000] {logging_mixin.py:188} INFO - [2024-04-18T08:38:37.895+0000] {dag.py:3096} INFO - Sync 1 DAGs
[2024-04-18T08:38:37.915+0000] {logging_mixin.py:188} INFO - [2024-04-18T08:38:37.915+0000] {dag.py:3954} INFO - Setting next_dagrun for example_setup_teardown to 2024-04-17 00:00:00+00:00, run_after=2024-04-18 00:00:00+00:00
[2024-04-18T08:38:37.936+0000] {processor.py:183} INFO - Processing /home/airflow/.local/lib/python3.12/site-packages/airflow/example_dags/example_setup_teardown.py took 0.270 seconds
[2024-04-18T08:39:08.419+0000] {processor.py:161} INFO - Started process (PID=6626) to work on /home/airflow/.local/lib/python3.12/site-packages/airflow/example_dags/example_setup_teardown.py
[2024-04-18T08:39:08.420+0000] {processor.py:830} INFO - Processing file /home/airflow/.local/lib/python3.12/site-packages/airflow/example_dags/example_setup_teardown.py for tasks to queue
[2024-04-18T08:39:08.422+0000] {logging_mixin.py:188} INFO - [2024-04-18T08:39:08.422+0000] {dagbag.py:540} INFO - Filling up the DagBag from /home/airflow/.local/lib/python3.12/site-packages/airflow/example_dags/example_setup_teardown.py
[2024-04-18T08:39:08.430+0000] {processor.py:840} INFO - DAG(s) 'example_setup_teardown' retrieved from /home/airflow/.local/lib/python3.12/site-packages/airflow/example_dags/example_setup_teardown.py
[2024-04-18T08:39:08.452+0000] {logging_mixin.py:188} INFO - [2024-04-18T08:39:08.452+0000] {dag.py:3096} INFO - Sync 1 DAGs
[2024-04-18T08:39:08.476+0000] {logging_mixin.py:188} INFO - [2024-04-18T08:39:08.476+0000] {dag.py:3954} INFO - Setting next_dagrun for example_setup_teardown to 2024-04-17 00:00:00+00:00, run_after=2024-04-18 00:00:00+00:00
[2024-04-18T08:39:08.498+0000] {processor.py:183} INFO - Processing /home/airflow/.local/lib/python3.12/site-packages/airflow/example_dags/example_setup_teardown.py took 0.086 seconds
[2024-04-18T08:39:38.666+0000] {processor.py:161} INFO - Started process (PID=6890) to work on /home/airflow/.local/lib/python3.12/site-packages/airflow/example_dags/example_setup_teardown.py
[2024-04-18T08:39:38.667+0000] {processor.py:830} INFO - Processing file /home/airflow/.local/lib/python3.12/site-packages/airflow/example_dags/example_setup_teardown.py for tasks to queue
[2024-04-18T08:39:38.669+0000] {logging_mixin.py:188} INFO - [2024-04-18T08:39:38.669+0000] {dagbag.py:540} INFO - Filling up the DagBag from /home/airflow/.local/lib/python3.12/site-packages/airflow/example_dags/example_setup_teardown.py
[2024-04-18T08:39:38.677+0000] {processor.py:840} INFO - DAG(s) 'example_setup_teardown' retrieved from /home/airflow/.local/lib/python3.12/site-packages/airflow/example_dags/example_setup_teardown.py
[2024-04-18T08:39:38.712+0000] {logging_mixin.py:188} INFO - [2024-04-18T08:39:38.711+0000] {dag.py:3096} INFO - Sync 1 DAGs
[2024-04-18T08:39:38.747+0000] {logging_mixin.py:188} INFO - [2024-04-18T08:39:38.747+0000] {dag.py:3954} INFO - Setting next_dagrun for example_setup_teardown to 2024-04-17 00:00:00+00:00, run_after=2024-04-18 00:00:00+00:00
[2024-04-18T08:39:38.773+0000] {processor.py:183} INFO - Processing /home/airflow/.local/lib/python3.12/site-packages/airflow/example_dags/example_setup_teardown.py took 0.114 seconds
[2024-04-18T08:40:09.181+0000] {processor.py:161} INFO - Started process (PID=7157) to work on /home/airflow/.local/lib/python3.12/site-packages/airflow/example_dags/example_setup_teardown.py
[2024-04-18T08:40:09.182+0000] {processor.py:830} INFO - Processing file /home/airflow/.local/lib/python3.12/site-packages/airflow/example_dags/example_setup_teardown.py for tasks to queue
[2024-04-18T08:40:09.185+0000] {logging_mixin.py:188} INFO - [2024-04-18T08:40:09.184+0000] {dagbag.py:540} INFO - Filling up the DagBag from /home/airflow/.local/lib/python3.12/site-packages/airflow/example_dags/example_setup_teardown.py
[2024-04-18T08:40:09.193+0000] {processor.py:840} INFO - DAG(s) 'example_setup_teardown' retrieved from /home/airflow/.local/lib/python3.12/site-packages/airflow/example_dags/example_setup_teardown.py
[2024-04-18T08:40:09.215+0000] {logging_mixin.py:188} INFO - [2024-04-18T08:40:09.214+0000] {dag.py:3096} INFO - Sync 1 DAGs
[2024-04-18T08:40:09.236+0000] {logging_mixin.py:188} INFO - [2024-04-18T08:40:09.236+0000] {dag.py:3954} INFO - Setting next_dagrun for example_setup_teardown to 2024-04-17 00:00:00+00:00, run_after=2024-04-18 00:00:00+00:00
[2024-04-18T08:40:09.257+0000] {processor.py:183} INFO - Processing /home/airflow/.local/lib/python3.12/site-packages/airflow/example_dags/example_setup_teardown.py took 0.082 seconds
[2024-04-18T08:40:40.050+0000] {processor.py:161} INFO - Started process (PID=7423) to work on /home/airflow/.local/lib/python3.12/site-packages/airflow/example_dags/example_setup_teardown.py
[2024-04-18T08:40:40.053+0000] {processor.py:830} INFO - Processing file /home/airflow/.local/lib/python3.12/site-packages/airflow/example_dags/example_setup_teardown.py for tasks to queue
[2024-04-18T08:40:40.055+0000] {logging_mixin.py:188} INFO - [2024-04-18T08:40:40.054+0000] {dagbag.py:540} INFO - Filling up the DagBag from /home/airflow/.local/lib/python3.12/site-packages/airflow/example_dags/example_setup_teardown.py
[2024-04-18T08:40:40.064+0000] {processor.py:840} INFO - DAG(s) 'example_setup_teardown' retrieved from /home/airflow/.local/lib/python3.12/site-packages/airflow/example_dags/example_setup_teardown.py
[2024-04-18T08:40:40.092+0000] {logging_mixin.py:188} INFO - [2024-04-18T08:40:40.092+0000] {dag.py:3096} INFO - Sync 1 DAGs
[2024-04-18T08:40:40.112+0000] {logging_mixin.py:188} INFO - [2024-04-18T08:40:40.112+0000] {dag.py:3954} INFO - Setting next_dagrun for example_setup_teardown to 2024-04-17 00:00:00+00:00, run_after=2024-04-18 00:00:00+00:00
[2024-04-18T08:40:40.130+0000] {processor.py:183} INFO - Processing /home/airflow/.local/lib/python3.12/site-packages/airflow/example_dags/example_setup_teardown.py took 0.086 seconds
[2024-04-18T08:41:10.839+0000] {processor.py:161} INFO - Started process (PID=7691) to work on /home/airflow/.local/lib/python3.12/site-packages/airflow/example_dags/example_setup_teardown.py
[2024-04-18T08:41:10.840+0000] {processor.py:830} INFO - Processing file /home/airflow/.local/lib/python3.12/site-packages/airflow/example_dags/example_setup_teardown.py for tasks to queue
[2024-04-18T08:41:10.841+0000] {logging_mixin.py:188} INFO - [2024-04-18T08:41:10.841+0000] {dagbag.py:540} INFO - Filling up the DagBag from /home/airflow/.local/lib/python3.12/site-packages/airflow/example_dags/example_setup_teardown.py
[2024-04-18T08:41:10.847+0000] {processor.py:840} INFO - DAG(s) 'example_setup_teardown' retrieved from /home/airflow/.local/lib/python3.12/site-packages/airflow/example_dags/example_setup_teardown.py
[2024-04-18T08:41:10.864+0000] {logging_mixin.py:188} INFO - [2024-04-18T08:41:10.863+0000] {dag.py:3096} INFO - Sync 1 DAGs
[2024-04-18T08:41:10.880+0000] {logging_mixin.py:188} INFO - [2024-04-18T08:41:10.880+0000] {dag.py:3954} INFO - Setting next_dagrun for example_setup_teardown to 2024-04-17 00:00:00+00:00, run_after=2024-04-18 00:00:00+00:00
[2024-04-18T08:41:10.897+0000] {processor.py:183} INFO - Processing /home/airflow/.local/lib/python3.12/site-packages/airflow/example_dags/example_setup_teardown.py took 0.064 seconds
[2024-04-18T08:41:41.826+0000] {processor.py:161} INFO - Started process (PID=7959) to work on /home/airflow/.local/lib/python3.12/site-packages/airflow/example_dags/example_setup_teardown.py
[2024-04-18T08:41:41.827+0000] {processor.py:830} INFO - Processing file /home/airflow/.local/lib/python3.12/site-packages/airflow/example_dags/example_setup_teardown.py for tasks to queue
[2024-04-18T08:41:41.829+0000] {logging_mixin.py:188} INFO - [2024-04-18T08:41:41.829+0000] {dagbag.py:540} INFO - Filling up the DagBag from /home/airflow/.local/lib/python3.12/site-packages/airflow/example_dags/example_setup_teardown.py
[2024-04-18T08:41:41.838+0000] {processor.py:840} INFO - DAG(s) 'example_setup_teardown' retrieved from /home/airflow/.local/lib/python3.12/site-packages/airflow/example_dags/example_setup_teardown.py
[2024-04-18T08:41:41.869+0000] {logging_mixin.py:188} INFO - [2024-04-18T08:41:41.869+0000] {dag.py:3096} INFO - Sync 1 DAGs
[2024-04-18T08:41:41.894+0000] {logging_mixin.py:188} INFO - [2024-04-18T08:41:41.894+0000] {dag.py:3954} INFO - Setting next_dagrun for example_setup_teardown to 2024-04-17 00:00:00+00:00, run_after=2024-04-18 00:00:00+00:00
[2024-04-18T08:41:41.919+0000] {processor.py:183} INFO - Processing /home/airflow/.local/lib/python3.12/site-packages/airflow/example_dags/example_setup_teardown.py took 0.099 seconds
[2024-04-18T08:42:12.560+0000] {processor.py:161} INFO - Started process (PID=8225) to work on /home/airflow/.local/lib/python3.12/site-packages/airflow/example_dags/example_setup_teardown.py
[2024-04-18T08:42:12.561+0000] {processor.py:830} INFO - Processing file /home/airflow/.local/lib/python3.12/site-packages/airflow/example_dags/example_setup_teardown.py for tasks to queue
[2024-04-18T08:42:12.562+0000] {logging_mixin.py:188} INFO - [2024-04-18T08:42:12.562+0000] {dagbag.py:540} INFO - Filling up the DagBag from /home/airflow/.local/lib/python3.12/site-packages/airflow/example_dags/example_setup_teardown.py
[2024-04-18T08:42:12.567+0000] {processor.py:840} INFO - DAG(s) 'example_setup_teardown' retrieved from /home/airflow/.local/lib/python3.12/site-packages/airflow/example_dags/example_setup_teardown.py
[2024-04-18T08:42:12.583+0000] {logging_mixin.py:188} INFO - [2024-04-18T08:42:12.583+0000] {dag.py:3096} INFO - Sync 1 DAGs
[2024-04-18T08:42:12.599+0000] {logging_mixin.py:188} INFO - [2024-04-18T08:42:12.599+0000] {dag.py:3954} INFO - Setting next_dagrun for example_setup_teardown to 2024-04-17 00:00:00+00:00, run_after=2024-04-18 00:00:00+00:00
[2024-04-18T08:42:12.616+0000] {processor.py:183} INFO - Processing /home/airflow/.local/lib/python3.12/site-packages/airflow/example_dags/example_setup_teardown.py took 0.061 seconds
[2024-04-18T08:42:43.046+0000] {processor.py:161} INFO - Started process (PID=8489) to work on /home/airflow/.local/lib/python3.12/site-packages/airflow/example_dags/example_setup_teardown.py
[2024-04-18T08:42:43.047+0000] {processor.py:830} INFO - Processing file /home/airflow/.local/lib/python3.12/site-packages/airflow/example_dags/example_setup_teardown.py for tasks to queue
[2024-04-18T08:42:43.049+0000] {logging_mixin.py:188} INFO - [2024-04-18T08:42:43.048+0000] {dagbag.py:540} INFO - Filling up the DagBag from /home/airflow/.local/lib/python3.12/site-packages/airflow/example_dags/example_setup_teardown.py
[2024-04-18T08:42:43.056+0000] {processor.py:840} INFO - DAG(s) 'example_setup_teardown' retrieved from /home/airflow/.local/lib/python3.12/site-packages/airflow/example_dags/example_setup_teardown.py
[2024-04-18T08:42:43.079+0000] {logging_mixin.py:188} INFO - [2024-04-18T08:42:43.078+0000] {dag.py:3096} INFO - Sync 1 DAGs
[2024-04-18T08:42:43.100+0000] {logging_mixin.py:188} INFO - [2024-04-18T08:42:43.100+0000] {dag.py:3954} INFO - Setting next_dagrun for example_setup_teardown to 2024-04-17 00:00:00+00:00, run_after=2024-04-18 00:00:00+00:00
[2024-04-18T08:42:43.124+0000] {processor.py:183} INFO - Processing /home/airflow/.local/lib/python3.12/site-packages/airflow/example_dags/example_setup_teardown.py took 0.087 seconds
[2024-04-18T08:43:14.089+0000] {processor.py:161} INFO - Started process (PID=8755) to work on /home/airflow/.local/lib/python3.12/site-packages/airflow/example_dags/example_setup_teardown.py
[2024-04-18T08:43:14.090+0000] {processor.py:830} INFO - Processing file /home/airflow/.local/lib/python3.12/site-packages/airflow/example_dags/example_setup_teardown.py for tasks to queue
[2024-04-18T08:43:14.093+0000] {logging_mixin.py:188} INFO - [2024-04-18T08:43:14.092+0000] {dagbag.py:540} INFO - Filling up the DagBag from /home/airflow/.local/lib/python3.12/site-packages/airflow/example_dags/example_setup_teardown.py
[2024-04-18T08:43:14.100+0000] {processor.py:840} INFO - DAG(s) 'example_setup_teardown' retrieved from /home/airflow/.local/lib/python3.12/site-packages/airflow/example_dags/example_setup_teardown.py
[2024-04-18T08:43:14.121+0000] {logging_mixin.py:188} INFO - [2024-04-18T08:43:14.120+0000] {dag.py:3096} INFO - Sync 1 DAGs
[2024-04-18T08:43:14.144+0000] {logging_mixin.py:188} INFO - [2024-04-18T08:43:14.144+0000] {dag.py:3954} INFO - Setting next_dagrun for example_setup_teardown to 2024-04-17 00:00:00+00:00, run_after=2024-04-18 00:00:00+00:00
[2024-04-18T08:43:14.164+0000] {processor.py:183} INFO - Processing /home/airflow/.local/lib/python3.12/site-packages/airflow/example_dags/example_setup_teardown.py took 0.081 seconds
[2024-04-18T08:43:44.710+0000] {processor.py:161} INFO - Started process (PID=9021) to work on /home/airflow/.local/lib/python3.12/site-packages/airflow/example_dags/example_setup_teardown.py
[2024-04-18T08:43:44.712+0000] {processor.py:830} INFO - Processing file /home/airflow/.local/lib/python3.12/site-packages/airflow/example_dags/example_setup_teardown.py for tasks to queue
[2024-04-18T08:43:44.723+0000] {logging_mixin.py:188} INFO - [2024-04-18T08:43:44.722+0000] {dagbag.py:540} INFO - Filling up the DagBag from /home/airflow/.local/lib/python3.12/site-packages/airflow/example_dags/example_setup_teardown.py
[2024-04-18T08:43:44.755+0000] {processor.py:840} INFO - DAG(s) 'example_setup_teardown' retrieved from /home/airflow/.local/lib/python3.12/site-packages/airflow/example_dags/example_setup_teardown.py
[2024-04-18T08:43:44.789+0000] {logging_mixin.py:188} INFO - [2024-04-18T08:43:44.789+0000] {dag.py:3096} INFO - Sync 1 DAGs
[2024-04-18T08:43:44.823+0000] {logging_mixin.py:188} INFO - [2024-04-18T08:43:44.823+0000] {dag.py:3954} INFO - Setting next_dagrun for example_setup_teardown to 2024-04-17 00:00:00+00:00, run_after=2024-04-18 00:00:00+00:00
[2024-04-18T08:43:44.845+0000] {processor.py:183} INFO - Processing /home/airflow/.local/lib/python3.12/site-packages/airflow/example_dags/example_setup_teardown.py took 0.141 seconds
[2024-04-18T08:44:15.579+0000] {processor.py:161} INFO - Started process (PID=9293) to work on /home/airflow/.local/lib/python3.12/site-packages/airflow/example_dags/example_setup_teardown.py
[2024-04-18T08:44:15.588+0000] {processor.py:830} INFO - Processing file /home/airflow/.local/lib/python3.12/site-packages/airflow/example_dags/example_setup_teardown.py for tasks to queue
[2024-04-18T08:44:15.594+0000] {logging_mixin.py:188} INFO - [2024-04-18T08:44:15.590+0000] {dagbag.py:540} INFO - Filling up the DagBag from /home/airflow/.local/lib/python3.12/site-packages/airflow/example_dags/example_setup_teardown.py
[2024-04-18T08:44:15.609+0000] {processor.py:840} INFO - DAG(s) 'example_setup_teardown' retrieved from /home/airflow/.local/lib/python3.12/site-packages/airflow/example_dags/example_setup_teardown.py
[2024-04-18T08:44:15.639+0000] {logging_mixin.py:188} INFO - [2024-04-18T08:44:15.639+0000] {dag.py:3096} INFO - Sync 1 DAGs
[2024-04-18T08:44:15.662+0000] {logging_mixin.py:188} INFO - [2024-04-18T08:44:15.662+0000] {dag.py:3954} INFO - Setting next_dagrun for example_setup_teardown to 2024-04-17 00:00:00+00:00, run_after=2024-04-18 00:00:00+00:00
[2024-04-18T08:44:15.684+0000] {processor.py:183} INFO - Processing /home/airflow/.local/lib/python3.12/site-packages/airflow/example_dags/example_setup_teardown.py took 0.122 seconds
[2024-04-18T08:44:46.634+0000] {processor.py:161} INFO - Started process (PID=9559) to work on /home/airflow/.local/lib/python3.12/site-packages/airflow/example_dags/example_setup_teardown.py
[2024-04-18T08:44:46.639+0000] {processor.py:830} INFO - Processing file /home/airflow/.local/lib/python3.12/site-packages/airflow/example_dags/example_setup_teardown.py for tasks to queue
[2024-04-18T08:44:46.645+0000] {logging_mixin.py:188} INFO - [2024-04-18T08:44:46.645+0000] {dagbag.py:540} INFO - Filling up the DagBag from /home/airflow/.local/lib/python3.12/site-packages/airflow/example_dags/example_setup_teardown.py
[2024-04-18T08:44:46.669+0000] {processor.py:840} INFO - DAG(s) 'example_setup_teardown' retrieved from /home/airflow/.local/lib/python3.12/site-packages/airflow/example_dags/example_setup_teardown.py
[2024-04-18T08:44:46.701+0000] {logging_mixin.py:188} INFO - [2024-04-18T08:44:46.701+0000] {dag.py:3096} INFO - Sync 1 DAGs
[2024-04-18T08:44:46.730+0000] {logging_mixin.py:188} INFO - [2024-04-18T08:44:46.730+0000] {dag.py:3954} INFO - Setting next_dagrun for example_setup_teardown to 2024-04-17 00:00:00+00:00, run_after=2024-04-18 00:00:00+00:00
[2024-04-18T08:44:46.755+0000] {processor.py:183} INFO - Processing /home/airflow/.local/lib/python3.12/site-packages/airflow/example_dags/example_setup_teardown.py took 0.127 seconds
[2024-04-18T08:45:17.066+0000] {processor.py:161} INFO - Started process (PID=9827) to work on /home/airflow/.local/lib/python3.12/site-packages/airflow/example_dags/example_setup_teardown.py
[2024-04-18T08:45:17.066+0000] {processor.py:830} INFO - Processing file /home/airflow/.local/lib/python3.12/site-packages/airflow/example_dags/example_setup_teardown.py for tasks to queue
[2024-04-18T08:45:17.068+0000] {logging_mixin.py:188} INFO - [2024-04-18T08:45:17.068+0000] {dagbag.py:540} INFO - Filling up the DagBag from /home/airflow/.local/lib/python3.12/site-packages/airflow/example_dags/example_setup_teardown.py
[2024-04-18T08:45:17.079+0000] {processor.py:840} INFO - DAG(s) 'example_setup_teardown' retrieved from /home/airflow/.local/lib/python3.12/site-packages/airflow/example_dags/example_setup_teardown.py
[2024-04-18T08:45:17.141+0000] {logging_mixin.py:188} INFO - [2024-04-18T08:45:17.140+0000] {dag.py:3096} INFO - Sync 1 DAGs
[2024-04-18T08:45:17.179+0000] {logging_mixin.py:188} INFO - [2024-04-18T08:45:17.179+0000] {dag.py:3954} INFO - Setting next_dagrun for example_setup_teardown to 2024-04-17 00:00:00+00:00, run_after=2024-04-18 00:00:00+00:00
[2024-04-18T08:45:17.203+0000] {processor.py:183} INFO - Processing /home/airflow/.local/lib/python3.12/site-packages/airflow/example_dags/example_setup_teardown.py took 0.144 seconds
[2024-04-18T08:45:47.708+0000] {processor.py:161} INFO - Started process (PID=10093) to work on /home/airflow/.local/lib/python3.12/site-packages/airflow/example_dags/example_setup_teardown.py
[2024-04-18T08:45:47.709+0000] {processor.py:830} INFO - Processing file /home/airflow/.local/lib/python3.12/site-packages/airflow/example_dags/example_setup_teardown.py for tasks to queue
[2024-04-18T08:45:47.711+0000] {logging_mixin.py:188} INFO - [2024-04-18T08:45:47.710+0000] {dagbag.py:540} INFO - Filling up the DagBag from /home/airflow/.local/lib/python3.12/site-packages/airflow/example_dags/example_setup_teardown.py
[2024-04-18T08:45:47.716+0000] {processor.py:840} INFO - DAG(s) 'example_setup_teardown' retrieved from /home/airflow/.local/lib/python3.12/site-packages/airflow/example_dags/example_setup_teardown.py
[2024-04-18T08:45:47.736+0000] {logging_mixin.py:188} INFO - [2024-04-18T08:45:47.736+0000] {dag.py:3096} INFO - Sync 1 DAGs
[2024-04-18T08:45:47.754+0000] {logging_mixin.py:188} INFO - [2024-04-18T08:45:47.753+0000] {dag.py:3954} INFO - Setting next_dagrun for example_setup_teardown to 2024-04-17 00:00:00+00:00, run_after=2024-04-18 00:00:00+00:00
[2024-04-18T08:45:47.771+0000] {processor.py:183} INFO - Processing /home/airflow/.local/lib/python3.12/site-packages/airflow/example_dags/example_setup_teardown.py took 0.067 seconds
[2024-04-18T08:46:18.592+0000] {processor.py:161} INFO - Started process (PID=10359) to work on /home/airflow/.local/lib/python3.12/site-packages/airflow/example_dags/example_setup_teardown.py
[2024-04-18T08:46:18.593+0000] {processor.py:830} INFO - Processing file /home/airflow/.local/lib/python3.12/site-packages/airflow/example_dags/example_setup_teardown.py for tasks to queue
[2024-04-18T08:46:18.594+0000] {logging_mixin.py:188} INFO - [2024-04-18T08:46:18.594+0000] {dagbag.py:540} INFO - Filling up the DagBag from /home/airflow/.local/lib/python3.12/site-packages/airflow/example_dags/example_setup_teardown.py
[2024-04-18T08:46:18.601+0000] {processor.py:840} INFO - DAG(s) 'example_setup_teardown' retrieved from /home/airflow/.local/lib/python3.12/site-packages/airflow/example_dags/example_setup_teardown.py
[2024-04-18T08:46:18.616+0000] {logging_mixin.py:188} INFO - [2024-04-18T08:46:18.616+0000] {dag.py:3096} INFO - Sync 1 DAGs
[2024-04-18T08:46:18.632+0000] {logging_mixin.py:188} INFO - [2024-04-18T08:46:18.632+0000] {dag.py:3954} INFO - Setting next_dagrun for example_setup_teardown to 2024-04-17 00:00:00+00:00, run_after=2024-04-18 00:00:00+00:00
[2024-04-18T08:46:18.650+0000] {processor.py:183} INFO - Processing /home/airflow/.local/lib/python3.12/site-packages/airflow/example_dags/example_setup_teardown.py took 0.063 seconds
[2024-04-18T08:46:49.549+0000] {processor.py:161} INFO - Started process (PID=10624) to work on /home/airflow/.local/lib/python3.12/site-packages/airflow/example_dags/example_setup_teardown.py
[2024-04-18T08:46:49.558+0000] {processor.py:830} INFO - Processing file /home/airflow/.local/lib/python3.12/site-packages/airflow/example_dags/example_setup_teardown.py for tasks to queue
[2024-04-18T08:46:49.560+0000] {logging_mixin.py:188} INFO - [2024-04-18T08:46:49.559+0000] {dagbag.py:540} INFO - Filling up the DagBag from /home/airflow/.local/lib/python3.12/site-packages/airflow/example_dags/example_setup_teardown.py
[2024-04-18T08:46:49.574+0000] {processor.py:840} INFO - DAG(s) 'example_setup_teardown' retrieved from /home/airflow/.local/lib/python3.12/site-packages/airflow/example_dags/example_setup_teardown.py
[2024-04-18T08:46:49.617+0000] {logging_mixin.py:188} INFO - [2024-04-18T08:46:49.617+0000] {dag.py:3096} INFO - Sync 1 DAGs
[2024-04-18T08:46:49.655+0000] {logging_mixin.py:188} INFO - [2024-04-18T08:46:49.655+0000] {dag.py:3954} INFO - Setting next_dagrun for example_setup_teardown to 2024-04-17 00:00:00+00:00, run_after=2024-04-18 00:00:00+00:00
[2024-04-18T08:46:49.677+0000] {processor.py:183} INFO - Processing /home/airflow/.local/lib/python3.12/site-packages/airflow/example_dags/example_setup_teardown.py took 0.135 seconds
[2024-04-18T08:47:20.613+0000] {processor.py:161} INFO - Started process (PID=10892) to work on /home/airflow/.local/lib/python3.12/site-packages/airflow/example_dags/example_setup_teardown.py
[2024-04-18T08:47:20.613+0000] {processor.py:830} INFO - Processing file /home/airflow/.local/lib/python3.12/site-packages/airflow/example_dags/example_setup_teardown.py for tasks to queue
[2024-04-18T08:47:20.615+0000] {logging_mixin.py:188} INFO - [2024-04-18T08:47:20.615+0000] {dagbag.py:540} INFO - Filling up the DagBag from /home/airflow/.local/lib/python3.12/site-packages/airflow/example_dags/example_setup_teardown.py
[2024-04-18T08:47:20.623+0000] {processor.py:840} INFO - DAG(s) 'example_setup_teardown' retrieved from /home/airflow/.local/lib/python3.12/site-packages/airflow/example_dags/example_setup_teardown.py
[2024-04-18T08:47:20.646+0000] {logging_mixin.py:188} INFO - [2024-04-18T08:47:20.646+0000] {dag.py:3096} INFO - Sync 1 DAGs
[2024-04-18T08:47:20.672+0000] {logging_mixin.py:188} INFO - [2024-04-18T08:47:20.672+0000] {dag.py:3954} INFO - Setting next_dagrun for example_setup_teardown to 2024-04-17 00:00:00+00:00, run_after=2024-04-18 00:00:00+00:00
[2024-04-18T08:47:20.696+0000] {processor.py:183} INFO - Processing /home/airflow/.local/lib/python3.12/site-packages/airflow/example_dags/example_setup_teardown.py took 0.090 seconds
[2024-04-18T08:47:50.922+0000] {processor.py:161} INFO - Started process (PID=11157) to work on /home/airflow/.local/lib/python3.12/site-packages/airflow/example_dags/example_setup_teardown.py
[2024-04-18T08:47:50.923+0000] {processor.py:830} INFO - Processing file /home/airflow/.local/lib/python3.12/site-packages/airflow/example_dags/example_setup_teardown.py for tasks to queue
[2024-04-18T08:47:50.925+0000] {logging_mixin.py:188} INFO - [2024-04-18T08:47:50.924+0000] {dagbag.py:540} INFO - Filling up the DagBag from /home/airflow/.local/lib/python3.12/site-packages/airflow/example_dags/example_setup_teardown.py
[2024-04-18T08:47:50.932+0000] {processor.py:840} INFO - DAG(s) 'example_setup_teardown' retrieved from /home/airflow/.local/lib/python3.12/site-packages/airflow/example_dags/example_setup_teardown.py
[2024-04-18T08:47:50.954+0000] {logging_mixin.py:188} INFO - [2024-04-18T08:47:50.954+0000] {dag.py:3096} INFO - Sync 1 DAGs
[2024-04-18T08:47:50.981+0000] {logging_mixin.py:188} INFO - [2024-04-18T08:47:50.981+0000] {dag.py:3954} INFO - Setting next_dagrun for example_setup_teardown to 2024-04-17 00:00:00+00:00, run_after=2024-04-18 00:00:00+00:00
[2024-04-18T08:47:51.012+0000] {processor.py:183} INFO - Processing /home/airflow/.local/lib/python3.12/site-packages/airflow/example_dags/example_setup_teardown.py took 0.096 seconds
[2024-04-18T08:48:21.173+0000] {processor.py:161} INFO - Started process (PID=11425) to work on /home/airflow/.local/lib/python3.12/site-packages/airflow/example_dags/example_setup_teardown.py
[2024-04-18T08:48:21.173+0000] {processor.py:830} INFO - Processing file /home/airflow/.local/lib/python3.12/site-packages/airflow/example_dags/example_setup_teardown.py for tasks to queue
[2024-04-18T08:48:21.175+0000] {logging_mixin.py:188} INFO - [2024-04-18T08:48:21.175+0000] {dagbag.py:540} INFO - Filling up the DagBag from /home/airflow/.local/lib/python3.12/site-packages/airflow/example_dags/example_setup_teardown.py
[2024-04-18T08:48:21.181+0000] {processor.py:840} INFO - DAG(s) 'example_setup_teardown' retrieved from /home/airflow/.local/lib/python3.12/site-packages/airflow/example_dags/example_setup_teardown.py
[2024-04-18T08:48:21.210+0000] {logging_mixin.py:188} INFO - [2024-04-18T08:48:21.210+0000] {dag.py:3096} INFO - Sync 1 DAGs
[2024-04-18T08:48:21.233+0000] {logging_mixin.py:188} INFO - [2024-04-18T08:48:21.233+0000] {dag.py:3954} INFO - Setting next_dagrun for example_setup_teardown to 2024-04-17 00:00:00+00:00, run_after=2024-04-18 00:00:00+00:00
[2024-04-18T08:48:21.254+0000] {processor.py:183} INFO - Processing /home/airflow/.local/lib/python3.12/site-packages/airflow/example_dags/example_setup_teardown.py took 0.085 seconds
[2024-04-18T08:48:51.844+0000] {processor.py:161} INFO - Started process (PID=11691) to work on /home/airflow/.local/lib/python3.12/site-packages/airflow/example_dags/example_setup_teardown.py
[2024-04-18T08:48:51.845+0000] {processor.py:830} INFO - Processing file /home/airflow/.local/lib/python3.12/site-packages/airflow/example_dags/example_setup_teardown.py for tasks to queue
[2024-04-18T08:48:51.846+0000] {logging_mixin.py:188} INFO - [2024-04-18T08:48:51.846+0000] {dagbag.py:540} INFO - Filling up the DagBag from /home/airflow/.local/lib/python3.12/site-packages/airflow/example_dags/example_setup_teardown.py
[2024-04-18T08:48:51.851+0000] {processor.py:840} INFO - DAG(s) 'example_setup_teardown' retrieved from /home/airflow/.local/lib/python3.12/site-packages/airflow/example_dags/example_setup_teardown.py
[2024-04-18T08:48:51.867+0000] {logging_mixin.py:188} INFO - [2024-04-18T08:48:51.867+0000] {dag.py:3096} INFO - Sync 1 DAGs
[2024-04-18T08:48:51.885+0000] {logging_mixin.py:188} INFO - [2024-04-18T08:48:51.885+0000] {dag.py:3954} INFO - Setting next_dagrun for example_setup_teardown to 2024-04-17 00:00:00+00:00, run_after=2024-04-18 00:00:00+00:00
[2024-04-18T08:48:51.903+0000] {processor.py:183} INFO - Processing /home/airflow/.local/lib/python3.12/site-packages/airflow/example_dags/example_setup_teardown.py took 0.063 seconds
