[2024-04-18T08:27:05.869+0000] {processor.py:161} INFO - Started process (PID=397) to work on /home/airflow/.local/lib/python3.12/site-packages/airflow/example_dags/example_latest_only.py
[2024-04-18T08:27:05.871+0000] {processor.py:830} INFO - Processing file /home/airflow/.local/lib/python3.12/site-packages/airflow/example_dags/example_latest_only.py for tasks to queue
[2024-04-18T08:27:05.876+0000] {logging_mixin.py:188} INFO - [2024-04-18T08:27:05.876+0000] {dagbag.py:540} INFO - Filling up the DagBag from /home/airflow/.local/lib/python3.12/site-packages/airflow/example_dags/example_latest_only.py
[2024-04-18T08:27:05.886+0000] {processor.py:840} INFO - DAG(s) 'latest_only' retrieved from /home/airflow/.local/lib/python3.12/site-packages/airflow/example_dags/example_latest_only.py
[2024-04-18T08:27:05.924+0000] {logging_mixin.py:188} INFO - [2024-04-18T08:27:05.924+0000] {dag.py:3096} INFO - Sync 1 DAGs
[2024-04-18T08:27:06.002+0000] {logging_mixin.py:188} INFO - [2024-04-18T08:27:06.002+0000] {dag.py:3954} INFO - Setting next_dagrun for latest_only to 2024-04-18 04:00:00+00:00, run_after=2024-04-18 08:00:00+00:00
[2024-04-18T08:27:06.063+0000] {processor.py:183} INFO - Processing /home/airflow/.local/lib/python3.12/site-packages/airflow/example_dags/example_latest_only.py took 0.203 seconds
[2024-04-18T08:27:37.011+0000] {processor.py:161} INFO - Started process (PID=682) to work on /home/airflow/.local/lib/python3.12/site-packages/airflow/example_dags/example_latest_only.py
[2024-04-18T08:27:37.012+0000] {processor.py:830} INFO - Processing file /home/airflow/.local/lib/python3.12/site-packages/airflow/example_dags/example_latest_only.py for tasks to queue
[2024-04-18T08:27:37.014+0000] {logging_mixin.py:188} INFO - [2024-04-18T08:27:37.014+0000] {dagbag.py:540} INFO - Filling up the DagBag from /home/airflow/.local/lib/python3.12/site-packages/airflow/example_dags/example_latest_only.py
[2024-04-18T08:27:37.023+0000] {processor.py:840} INFO - DAG(s) 'latest_only' retrieved from /home/airflow/.local/lib/python3.12/site-packages/airflow/example_dags/example_latest_only.py
[2024-04-18T08:27:37.086+0000] {logging_mixin.py:188} INFO - [2024-04-18T08:27:37.086+0000] {dag.py:3096} INFO - Sync 1 DAGs
[2024-04-18T08:27:37.120+0000] {logging_mixin.py:188} INFO - [2024-04-18T08:27:37.120+0000] {dag.py:3954} INFO - Setting next_dagrun for latest_only to 2024-04-18 04:00:00+00:00, run_after=2024-04-18 08:00:00+00:00
[2024-04-18T08:27:37.144+0000] {processor.py:183} INFO - Processing /home/airflow/.local/lib/python3.12/site-packages/airflow/example_dags/example_latest_only.py took 0.138 seconds
[2024-04-18T08:28:07.537+0000] {processor.py:161} INFO - Started process (PID=957) to work on /home/airflow/.local/lib/python3.12/site-packages/airflow/example_dags/example_latest_only.py
[2024-04-18T08:28:07.538+0000] {processor.py:830} INFO - Processing file /home/airflow/.local/lib/python3.12/site-packages/airflow/example_dags/example_latest_only.py for tasks to queue
[2024-04-18T08:28:07.540+0000] {logging_mixin.py:188} INFO - [2024-04-18T08:28:07.539+0000] {dagbag.py:540} INFO - Filling up the DagBag from /home/airflow/.local/lib/python3.12/site-packages/airflow/example_dags/example_latest_only.py
[2024-04-18T08:28:07.545+0000] {processor.py:840} INFO - DAG(s) 'latest_only' retrieved from /home/airflow/.local/lib/python3.12/site-packages/airflow/example_dags/example_latest_only.py
[2024-04-18T08:28:07.567+0000] {logging_mixin.py:188} INFO - [2024-04-18T08:28:07.567+0000] {dag.py:3096} INFO - Sync 1 DAGs
[2024-04-18T08:28:07.591+0000] {logging_mixin.py:188} INFO - [2024-04-18T08:28:07.590+0000] {dag.py:3954} INFO - Setting next_dagrun for latest_only to 2024-04-18 04:00:00+00:00, run_after=2024-04-18 08:00:00+00:00
[2024-04-18T08:28:07.627+0000] {processor.py:183} INFO - Processing /home/airflow/.local/lib/python3.12/site-packages/airflow/example_dags/example_latest_only.py took 0.096 seconds
[2024-04-18T08:28:39.362+0000] {processor.py:161} INFO - Started process (PID=1221) to work on /home/airflow/.local/lib/python3.12/site-packages/airflow/example_dags/example_latest_only.py
[2024-04-18T08:28:39.365+0000] {processor.py:830} INFO - Processing file /home/airflow/.local/lib/python3.12/site-packages/airflow/example_dags/example_latest_only.py for tasks to queue
[2024-04-18T08:28:39.371+0000] {logging_mixin.py:188} INFO - [2024-04-18T08:28:39.371+0000] {dagbag.py:540} INFO - Filling up the DagBag from /home/airflow/.local/lib/python3.12/site-packages/airflow/example_dags/example_latest_only.py
[2024-04-18T08:28:39.376+0000] {processor.py:840} INFO - DAG(s) 'latest_only' retrieved from /home/airflow/.local/lib/python3.12/site-packages/airflow/example_dags/example_latest_only.py
[2024-04-18T08:28:39.412+0000] {logging_mixin.py:188} INFO - [2024-04-18T08:28:39.411+0000] {dag.py:3096} INFO - Sync 1 DAGs
[2024-04-18T08:28:39.435+0000] {logging_mixin.py:188} INFO - [2024-04-18T08:28:39.434+0000] {dag.py:3954} INFO - Setting next_dagrun for latest_only to 2024-04-18 04:00:00+00:00, run_after=2024-04-18 08:00:00+00:00
[2024-04-18T08:28:39.472+0000] {processor.py:183} INFO - Processing /home/airflow/.local/lib/python3.12/site-packages/airflow/example_dags/example_latest_only.py took 0.120 seconds
[2024-04-18T08:29:10.522+0000] {processor.py:161} INFO - Started process (PID=1487) to work on /home/airflow/.local/lib/python3.12/site-packages/airflow/example_dags/example_latest_only.py
[2024-04-18T08:29:10.531+0000] {processor.py:830} INFO - Processing file /home/airflow/.local/lib/python3.12/site-packages/airflow/example_dags/example_latest_only.py for tasks to queue
[2024-04-18T08:29:10.533+0000] {logging_mixin.py:188} INFO - [2024-04-18T08:29:10.533+0000] {dagbag.py:540} INFO - Filling up the DagBag from /home/airflow/.local/lib/python3.12/site-packages/airflow/example_dags/example_latest_only.py
[2024-04-18T08:29:10.553+0000] {processor.py:840} INFO - DAG(s) 'latest_only' retrieved from /home/airflow/.local/lib/python3.12/site-packages/airflow/example_dags/example_latest_only.py
[2024-04-18T08:29:10.613+0000] {logging_mixin.py:188} INFO - [2024-04-18T08:29:10.613+0000] {dag.py:3096} INFO - Sync 1 DAGs
[2024-04-18T08:29:10.698+0000] {logging_mixin.py:188} INFO - [2024-04-18T08:29:10.698+0000] {dag.py:3954} INFO - Setting next_dagrun for latest_only to 2024-04-18 04:00:00+00:00, run_after=2024-04-18 08:00:00+00:00
[2024-04-18T08:29:10.775+0000] {processor.py:183} INFO - Processing /home/airflow/.local/lib/python3.12/site-packages/airflow/example_dags/example_latest_only.py took 0.286 seconds
[2024-04-18T08:29:41.340+0000] {processor.py:161} INFO - Started process (PID=1754) to work on /home/airflow/.local/lib/python3.12/site-packages/airflow/example_dags/example_latest_only.py
[2024-04-18T08:29:41.341+0000] {processor.py:830} INFO - Processing file /home/airflow/.local/lib/python3.12/site-packages/airflow/example_dags/example_latest_only.py for tasks to queue
[2024-04-18T08:29:41.343+0000] {logging_mixin.py:188} INFO - [2024-04-18T08:29:41.343+0000] {dagbag.py:540} INFO - Filling up the DagBag from /home/airflow/.local/lib/python3.12/site-packages/airflow/example_dags/example_latest_only.py
[2024-04-18T08:29:41.348+0000] {processor.py:840} INFO - DAG(s) 'latest_only' retrieved from /home/airflow/.local/lib/python3.12/site-packages/airflow/example_dags/example_latest_only.py
[2024-04-18T08:29:41.373+0000] {logging_mixin.py:188} INFO - [2024-04-18T08:29:41.372+0000] {dag.py:3096} INFO - Sync 1 DAGs
[2024-04-18T08:29:41.396+0000] {logging_mixin.py:188} INFO - [2024-04-18T08:29:41.395+0000] {dag.py:3954} INFO - Setting next_dagrun for latest_only to 2024-04-18 04:00:00+00:00, run_after=2024-04-18 08:00:00+00:00
[2024-04-18T08:29:41.417+0000] {processor.py:183} INFO - Processing /home/airflow/.local/lib/python3.12/site-packages/airflow/example_dags/example_latest_only.py took 0.083 seconds
[2024-04-18T08:30:11.574+0000] {processor.py:161} INFO - Started process (PID=2021) to work on /home/airflow/.local/lib/python3.12/site-packages/airflow/example_dags/example_latest_only.py
[2024-04-18T08:30:11.575+0000] {processor.py:830} INFO - Processing file /home/airflow/.local/lib/python3.12/site-packages/airflow/example_dags/example_latest_only.py for tasks to queue
[2024-04-18T08:30:11.577+0000] {logging_mixin.py:188} INFO - [2024-04-18T08:30:11.577+0000] {dagbag.py:540} INFO - Filling up the DagBag from /home/airflow/.local/lib/python3.12/site-packages/airflow/example_dags/example_latest_only.py
[2024-04-18T08:30:11.582+0000] {processor.py:840} INFO - DAG(s) 'latest_only' retrieved from /home/airflow/.local/lib/python3.12/site-packages/airflow/example_dags/example_latest_only.py
[2024-04-18T08:30:11.610+0000] {logging_mixin.py:188} INFO - [2024-04-18T08:30:11.609+0000] {dag.py:3096} INFO - Sync 1 DAGs
[2024-04-18T08:30:11.658+0000] {logging_mixin.py:188} INFO - [2024-04-18T08:30:11.655+0000] {dag.py:3954} INFO - Setting next_dagrun for latest_only to 2024-04-18 04:00:00+00:00, run_after=2024-04-18 08:00:00+00:00
[2024-04-18T08:30:11.692+0000] {processor.py:183} INFO - Processing /home/airflow/.local/lib/python3.12/site-packages/airflow/example_dags/example_latest_only.py took 0.123 seconds
[2024-04-18T08:30:42.306+0000] {processor.py:161} INFO - Started process (PID=2291) to work on /home/airflow/.local/lib/python3.12/site-packages/airflow/example_dags/example_latest_only.py
[2024-04-18T08:30:42.308+0000] {processor.py:830} INFO - Processing file /home/airflow/.local/lib/python3.12/site-packages/airflow/example_dags/example_latest_only.py for tasks to queue
[2024-04-18T08:30:42.311+0000] {logging_mixin.py:188} INFO - [2024-04-18T08:30:42.311+0000] {dagbag.py:540} INFO - Filling up the DagBag from /home/airflow/.local/lib/python3.12/site-packages/airflow/example_dags/example_latest_only.py
[2024-04-18T08:30:42.318+0000] {processor.py:840} INFO - DAG(s) 'latest_only' retrieved from /home/airflow/.local/lib/python3.12/site-packages/airflow/example_dags/example_latest_only.py
[2024-04-18T08:30:42.362+0000] {logging_mixin.py:188} INFO - [2024-04-18T08:30:42.353+0000] {dag.py:3096} INFO - Sync 1 DAGs
[2024-04-18T08:30:42.412+0000] {logging_mixin.py:188} INFO - [2024-04-18T08:30:42.411+0000] {dag.py:3954} INFO - Setting next_dagrun for latest_only to 2024-04-18 04:00:00+00:00, run_after=2024-04-18 08:00:00+00:00
[2024-04-18T08:30:42.439+0000] {processor.py:183} INFO - Processing /home/airflow/.local/lib/python3.12/site-packages/airflow/example_dags/example_latest_only.py took 0.144 seconds
[2024-04-18T08:31:13.274+0000] {processor.py:161} INFO - Started process (PID=2558) to work on /home/airflow/.local/lib/python3.12/site-packages/airflow/example_dags/example_latest_only.py
[2024-04-18T08:31:13.275+0000] {processor.py:830} INFO - Processing file /home/airflow/.local/lib/python3.12/site-packages/airflow/example_dags/example_latest_only.py for tasks to queue
[2024-04-18T08:31:13.277+0000] {logging_mixin.py:188} INFO - [2024-04-18T08:31:13.276+0000] {dagbag.py:540} INFO - Filling up the DagBag from /home/airflow/.local/lib/python3.12/site-packages/airflow/example_dags/example_latest_only.py
[2024-04-18T08:31:13.282+0000] {processor.py:840} INFO - DAG(s) 'latest_only' retrieved from /home/airflow/.local/lib/python3.12/site-packages/airflow/example_dags/example_latest_only.py
[2024-04-18T08:31:13.312+0000] {logging_mixin.py:188} INFO - [2024-04-18T08:31:13.311+0000] {dag.py:3096} INFO - Sync 1 DAGs
[2024-04-18T08:31:13.352+0000] {logging_mixin.py:188} INFO - [2024-04-18T08:31:13.352+0000] {dag.py:3954} INFO - Setting next_dagrun for latest_only to 2024-04-18 04:00:00+00:00, run_after=2024-04-18 08:00:00+00:00
[2024-04-18T08:31:13.388+0000] {processor.py:183} INFO - Processing /home/airflow/.local/lib/python3.12/site-packages/airflow/example_dags/example_latest_only.py took 0.121 seconds
[2024-04-18T08:31:43.679+0000] {processor.py:161} INFO - Started process (PID=2825) to work on /home/airflow/.local/lib/python3.12/site-packages/airflow/example_dags/example_latest_only.py
[2024-04-18T08:31:43.680+0000] {processor.py:830} INFO - Processing file /home/airflow/.local/lib/python3.12/site-packages/airflow/example_dags/example_latest_only.py for tasks to queue
[2024-04-18T08:31:43.682+0000] {logging_mixin.py:188} INFO - [2024-04-18T08:31:43.681+0000] {dagbag.py:540} INFO - Filling up the DagBag from /home/airflow/.local/lib/python3.12/site-packages/airflow/example_dags/example_latest_only.py
[2024-04-18T08:31:43.687+0000] {processor.py:840} INFO - DAG(s) 'latest_only' retrieved from /home/airflow/.local/lib/python3.12/site-packages/airflow/example_dags/example_latest_only.py
[2024-04-18T08:31:43.708+0000] {logging_mixin.py:188} INFO - [2024-04-18T08:31:43.707+0000] {dag.py:3096} INFO - Sync 1 DAGs
[2024-04-18T08:31:43.729+0000] {logging_mixin.py:188} INFO - [2024-04-18T08:31:43.729+0000] {dag.py:3954} INFO - Setting next_dagrun for latest_only to 2024-04-18 04:00:00+00:00, run_after=2024-04-18 08:00:00+00:00
[2024-04-18T08:31:43.751+0000] {processor.py:183} INFO - Processing /home/airflow/.local/lib/python3.12/site-packages/airflow/example_dags/example_latest_only.py took 0.078 seconds
[2024-04-18T08:32:14.503+0000] {processor.py:161} INFO - Started process (PID=3092) to work on /home/airflow/.local/lib/python3.12/site-packages/airflow/example_dags/example_latest_only.py
[2024-04-18T08:32:14.504+0000] {processor.py:830} INFO - Processing file /home/airflow/.local/lib/python3.12/site-packages/airflow/example_dags/example_latest_only.py for tasks to queue
[2024-04-18T08:32:14.506+0000] {logging_mixin.py:188} INFO - [2024-04-18T08:32:14.505+0000] {dagbag.py:540} INFO - Filling up the DagBag from /home/airflow/.local/lib/python3.12/site-packages/airflow/example_dags/example_latest_only.py
[2024-04-18T08:32:14.511+0000] {processor.py:840} INFO - DAG(s) 'latest_only' retrieved from /home/airflow/.local/lib/python3.12/site-packages/airflow/example_dags/example_latest_only.py
[2024-04-18T08:32:14.531+0000] {logging_mixin.py:188} INFO - [2024-04-18T08:32:14.531+0000] {dag.py:3096} INFO - Sync 1 DAGs
[2024-04-18T08:32:14.552+0000] {logging_mixin.py:188} INFO - [2024-04-18T08:32:14.552+0000] {dag.py:3954} INFO - Setting next_dagrun for latest_only to 2024-04-18 04:00:00+00:00, run_after=2024-04-18 08:00:00+00:00
[2024-04-18T08:32:14.573+0000] {processor.py:183} INFO - Processing /home/airflow/.local/lib/python3.12/site-packages/airflow/example_dags/example_latest_only.py took 0.078 seconds
[2024-04-18T08:32:45.338+0000] {processor.py:161} INFO - Started process (PID=3358) to work on /home/airflow/.local/lib/python3.12/site-packages/airflow/example_dags/example_latest_only.py
[2024-04-18T08:32:45.338+0000] {processor.py:830} INFO - Processing file /home/airflow/.local/lib/python3.12/site-packages/airflow/example_dags/example_latest_only.py for tasks to queue
[2024-04-18T08:32:45.340+0000] {logging_mixin.py:188} INFO - [2024-04-18T08:32:45.340+0000] {dagbag.py:540} INFO - Filling up the DagBag from /home/airflow/.local/lib/python3.12/site-packages/airflow/example_dags/example_latest_only.py
[2024-04-18T08:32:45.346+0000] {processor.py:840} INFO - DAG(s) 'latest_only' retrieved from /home/airflow/.local/lib/python3.12/site-packages/airflow/example_dags/example_latest_only.py
[2024-04-18T08:32:45.367+0000] {logging_mixin.py:188} INFO - [2024-04-18T08:32:45.366+0000] {dag.py:3096} INFO - Sync 1 DAGs
[2024-04-18T08:32:45.390+0000] {logging_mixin.py:188} INFO - [2024-04-18T08:32:45.390+0000] {dag.py:3954} INFO - Setting next_dagrun for latest_only to 2024-04-18 04:00:00+00:00, run_after=2024-04-18 08:00:00+00:00
[2024-04-18T08:32:45.411+0000] {processor.py:183} INFO - Processing /home/airflow/.local/lib/python3.12/site-packages/airflow/example_dags/example_latest_only.py took 0.079 seconds
[2024-04-18T08:33:15.830+0000] {processor.py:161} INFO - Started process (PID=3625) to work on /home/airflow/.local/lib/python3.12/site-packages/airflow/example_dags/example_latest_only.py
[2024-04-18T08:33:15.831+0000] {processor.py:830} INFO - Processing file /home/airflow/.local/lib/python3.12/site-packages/airflow/example_dags/example_latest_only.py for tasks to queue
[2024-04-18T08:33:15.833+0000] {logging_mixin.py:188} INFO - [2024-04-18T08:33:15.833+0000] {dagbag.py:540} INFO - Filling up the DagBag from /home/airflow/.local/lib/python3.12/site-packages/airflow/example_dags/example_latest_only.py
[2024-04-18T08:33:15.838+0000] {processor.py:840} INFO - DAG(s) 'latest_only' retrieved from /home/airflow/.local/lib/python3.12/site-packages/airflow/example_dags/example_latest_only.py
[2024-04-18T08:33:15.859+0000] {logging_mixin.py:188} INFO - [2024-04-18T08:33:15.859+0000] {dag.py:3096} INFO - Sync 1 DAGs
[2024-04-18T08:33:15.882+0000] {logging_mixin.py:188} INFO - [2024-04-18T08:33:15.882+0000] {dag.py:3954} INFO - Setting next_dagrun for latest_only to 2024-04-18 04:00:00+00:00, run_after=2024-04-18 08:00:00+00:00
[2024-04-18T08:33:15.905+0000] {processor.py:183} INFO - Processing /home/airflow/.local/lib/python3.12/site-packages/airflow/example_dags/example_latest_only.py took 0.081 seconds
[2024-04-18T08:33:46.969+0000] {processor.py:161} INFO - Started process (PID=3891) to work on /home/airflow/.local/lib/python3.12/site-packages/airflow/example_dags/example_latest_only.py
[2024-04-18T08:33:46.970+0000] {processor.py:830} INFO - Processing file /home/airflow/.local/lib/python3.12/site-packages/airflow/example_dags/example_latest_only.py for tasks to queue
[2024-04-18T08:33:46.972+0000] {logging_mixin.py:188} INFO - [2024-04-18T08:33:46.972+0000] {dagbag.py:540} INFO - Filling up the DagBag from /home/airflow/.local/lib/python3.12/site-packages/airflow/example_dags/example_latest_only.py
[2024-04-18T08:33:46.977+0000] {processor.py:840} INFO - DAG(s) 'latest_only' retrieved from /home/airflow/.local/lib/python3.12/site-packages/airflow/example_dags/example_latest_only.py
[2024-04-18T08:33:47.000+0000] {logging_mixin.py:188} INFO - [2024-04-18T08:33:46.999+0000] {dag.py:3096} INFO - Sync 1 DAGs
[2024-04-18T08:33:47.023+0000] {logging_mixin.py:188} INFO - [2024-04-18T08:33:47.022+0000] {dag.py:3954} INFO - Setting next_dagrun for latest_only to 2024-04-18 04:00:00+00:00, run_after=2024-04-18 08:00:00+00:00
[2024-04-18T08:33:47.044+0000] {processor.py:183} INFO - Processing /home/airflow/.local/lib/python3.12/site-packages/airflow/example_dags/example_latest_only.py took 0.083 seconds
[2024-04-18T08:34:17.764+0000] {processor.py:161} INFO - Started process (PID=4157) to work on /home/airflow/.local/lib/python3.12/site-packages/airflow/example_dags/example_latest_only.py
[2024-04-18T08:34:17.785+0000] {processor.py:830} INFO - Processing file /home/airflow/.local/lib/python3.12/site-packages/airflow/example_dags/example_latest_only.py for tasks to queue
[2024-04-18T08:34:17.789+0000] {logging_mixin.py:188} INFO - [2024-04-18T08:34:17.788+0000] {dagbag.py:540} INFO - Filling up the DagBag from /home/airflow/.local/lib/python3.12/site-packages/airflow/example_dags/example_latest_only.py
[2024-04-18T08:34:17.806+0000] {processor.py:840} INFO - DAG(s) 'latest_only' retrieved from /home/airflow/.local/lib/python3.12/site-packages/airflow/example_dags/example_latest_only.py
[2024-04-18T08:34:17.858+0000] {logging_mixin.py:188} INFO - [2024-04-18T08:34:17.857+0000] {dag.py:3096} INFO - Sync 1 DAGs
[2024-04-18T08:34:17.896+0000] {logging_mixin.py:188} INFO - [2024-04-18T08:34:17.896+0000] {dag.py:3954} INFO - Setting next_dagrun for latest_only to 2024-04-18 04:00:00+00:00, run_after=2024-04-18 08:00:00+00:00
[2024-04-18T08:34:17.923+0000] {processor.py:183} INFO - Processing /home/airflow/.local/lib/python3.12/site-packages/airflow/example_dags/example_latest_only.py took 0.169 seconds
[2024-04-18T08:34:48.944+0000] {processor.py:161} INFO - Started process (PID=4424) to work on /home/airflow/.local/lib/python3.12/site-packages/airflow/example_dags/example_latest_only.py
[2024-04-18T08:34:48.953+0000] {processor.py:830} INFO - Processing file /home/airflow/.local/lib/python3.12/site-packages/airflow/example_dags/example_latest_only.py for tasks to queue
[2024-04-18T08:34:48.956+0000] {logging_mixin.py:188} INFO - [2024-04-18T08:34:48.956+0000] {dagbag.py:540} INFO - Filling up the DagBag from /home/airflow/.local/lib/python3.12/site-packages/airflow/example_dags/example_latest_only.py
[2024-04-18T08:34:48.971+0000] {processor.py:840} INFO - DAG(s) 'latest_only' retrieved from /home/airflow/.local/lib/python3.12/site-packages/airflow/example_dags/example_latest_only.py
[2024-04-18T08:34:49.012+0000] {logging_mixin.py:188} INFO - [2024-04-18T08:34:49.011+0000] {dag.py:3096} INFO - Sync 1 DAGs
[2024-04-18T08:34:49.055+0000] {logging_mixin.py:188} INFO - [2024-04-18T08:34:49.055+0000] {dag.py:3954} INFO - Setting next_dagrun for latest_only to 2024-04-18 04:00:00+00:00, run_after=2024-04-18 08:00:00+00:00
[2024-04-18T08:34:49.097+0000] {processor.py:183} INFO - Processing /home/airflow/.local/lib/python3.12/site-packages/airflow/example_dags/example_latest_only.py took 0.158 seconds
[2024-04-18T08:35:19.245+0000] {processor.py:161} INFO - Started process (PID=4688) to work on /home/airflow/.local/lib/python3.12/site-packages/airflow/example_dags/example_latest_only.py
[2024-04-18T08:35:19.246+0000] {processor.py:830} INFO - Processing file /home/airflow/.local/lib/python3.12/site-packages/airflow/example_dags/example_latest_only.py for tasks to queue
[2024-04-18T08:35:19.248+0000] {logging_mixin.py:188} INFO - [2024-04-18T08:35:19.248+0000] {dagbag.py:540} INFO - Filling up the DagBag from /home/airflow/.local/lib/python3.12/site-packages/airflow/example_dags/example_latest_only.py
[2024-04-18T08:35:19.253+0000] {processor.py:840} INFO - DAG(s) 'latest_only' retrieved from /home/airflow/.local/lib/python3.12/site-packages/airflow/example_dags/example_latest_only.py
[2024-04-18T08:35:19.275+0000] {logging_mixin.py:188} INFO - [2024-04-18T08:35:19.274+0000] {dag.py:3096} INFO - Sync 1 DAGs
[2024-04-18T08:35:19.316+0000] {logging_mixin.py:188} INFO - [2024-04-18T08:35:19.316+0000] {dag.py:3954} INFO - Setting next_dagrun for latest_only to 2024-04-18 04:00:00+00:00, run_after=2024-04-18 08:00:00+00:00
[2024-04-18T08:35:19.343+0000] {processor.py:183} INFO - Processing /home/airflow/.local/lib/python3.12/site-packages/airflow/example_dags/example_latest_only.py took 0.104 seconds
[2024-04-18T08:35:49.630+0000] {processor.py:161} INFO - Started process (PID=4951) to work on /home/airflow/.local/lib/python3.12/site-packages/airflow/example_dags/example_latest_only.py
[2024-04-18T08:35:49.631+0000] {processor.py:830} INFO - Processing file /home/airflow/.local/lib/python3.12/site-packages/airflow/example_dags/example_latest_only.py for tasks to queue
[2024-04-18T08:35:49.633+0000] {logging_mixin.py:188} INFO - [2024-04-18T08:35:49.633+0000] {dagbag.py:540} INFO - Filling up the DagBag from /home/airflow/.local/lib/python3.12/site-packages/airflow/example_dags/example_latest_only.py
[2024-04-18T08:35:49.638+0000] {processor.py:840} INFO - DAG(s) 'latest_only' retrieved from /home/airflow/.local/lib/python3.12/site-packages/airflow/example_dags/example_latest_only.py
[2024-04-18T08:35:49.688+0000] {logging_mixin.py:188} INFO - [2024-04-18T08:35:49.687+0000] {dag.py:3096} INFO - Sync 1 DAGs
[2024-04-18T08:35:49.721+0000] {logging_mixin.py:188} INFO - [2024-04-18T08:35:49.721+0000] {dag.py:3954} INFO - Setting next_dagrun for latest_only to 2024-04-18 04:00:00+00:00, run_after=2024-04-18 08:00:00+00:00
[2024-04-18T08:35:49.746+0000] {processor.py:183} INFO - Processing /home/airflow/.local/lib/python3.12/site-packages/airflow/example_dags/example_latest_only.py took 0.135 seconds
[2024-04-18T08:36:20.432+0000] {processor.py:161} INFO - Started process (PID=5219) to work on /home/airflow/.local/lib/python3.12/site-packages/airflow/example_dags/example_latest_only.py
[2024-04-18T08:36:20.433+0000] {processor.py:830} INFO - Processing file /home/airflow/.local/lib/python3.12/site-packages/airflow/example_dags/example_latest_only.py for tasks to queue
[2024-04-18T08:36:20.435+0000] {logging_mixin.py:188} INFO - [2024-04-18T08:36:20.435+0000] {dagbag.py:540} INFO - Filling up the DagBag from /home/airflow/.local/lib/python3.12/site-packages/airflow/example_dags/example_latest_only.py
[2024-04-18T08:36:20.441+0000] {processor.py:840} INFO - DAG(s) 'latest_only' retrieved from /home/airflow/.local/lib/python3.12/site-packages/airflow/example_dags/example_latest_only.py
[2024-04-18T08:36:20.461+0000] {logging_mixin.py:188} INFO - [2024-04-18T08:36:20.461+0000] {dag.py:3096} INFO - Sync 1 DAGs
[2024-04-18T08:36:20.732+0000] {logging_mixin.py:188} INFO - [2024-04-18T08:36:20.732+0000] {dag.py:3954} INFO - Setting next_dagrun for latest_only to 2024-04-18 04:00:00+00:00, run_after=2024-04-18 08:00:00+00:00
[2024-04-18T08:36:20.752+0000] {processor.py:183} INFO - Processing /home/airflow/.local/lib/python3.12/site-packages/airflow/example_dags/example_latest_only.py took 0.326 seconds
[2024-04-18T08:36:51.509+0000] {processor.py:161} INFO - Started process (PID=5484) to work on /home/airflow/.local/lib/python3.12/site-packages/airflow/example_dags/example_latest_only.py
[2024-04-18T08:36:51.510+0000] {processor.py:830} INFO - Processing file /home/airflow/.local/lib/python3.12/site-packages/airflow/example_dags/example_latest_only.py for tasks to queue
[2024-04-18T08:36:51.512+0000] {logging_mixin.py:188} INFO - [2024-04-18T08:36:51.511+0000] {dagbag.py:540} INFO - Filling up the DagBag from /home/airflow/.local/lib/python3.12/site-packages/airflow/example_dags/example_latest_only.py
[2024-04-18T08:36:51.522+0000] {processor.py:840} INFO - DAG(s) 'latest_only' retrieved from /home/airflow/.local/lib/python3.12/site-packages/airflow/example_dags/example_latest_only.py
[2024-04-18T08:36:51.593+0000] {logging_mixin.py:188} INFO - [2024-04-18T08:36:51.593+0000] {dag.py:3096} INFO - Sync 1 DAGs
[2024-04-18T08:36:51.619+0000] {logging_mixin.py:188} INFO - [2024-04-18T08:36:51.618+0000] {dag.py:3954} INFO - Setting next_dagrun for latest_only to 2024-04-18 04:00:00+00:00, run_after=2024-04-18 08:00:00+00:00
[2024-04-18T08:36:51.844+0000] {processor.py:183} INFO - Processing /home/airflow/.local/lib/python3.12/site-packages/airflow/example_dags/example_latest_only.py took 0.345 seconds
[2024-04-18T08:37:21.953+0000] {processor.py:161} INFO - Started process (PID=5751) to work on /home/airflow/.local/lib/python3.12/site-packages/airflow/example_dags/example_latest_only.py
[2024-04-18T08:37:21.954+0000] {processor.py:830} INFO - Processing file /home/airflow/.local/lib/python3.12/site-packages/airflow/example_dags/example_latest_only.py for tasks to queue
[2024-04-18T08:37:21.956+0000] {logging_mixin.py:188} INFO - [2024-04-18T08:37:21.955+0000] {dagbag.py:540} INFO - Filling up the DagBag from /home/airflow/.local/lib/python3.12/site-packages/airflow/example_dags/example_latest_only.py
[2024-04-18T08:37:21.961+0000] {processor.py:840} INFO - DAG(s) 'latest_only' retrieved from /home/airflow/.local/lib/python3.12/site-packages/airflow/example_dags/example_latest_only.py
[2024-04-18T08:37:21.981+0000] {logging_mixin.py:188} INFO - [2024-04-18T08:37:21.980+0000] {dag.py:3096} INFO - Sync 1 DAGs
[2024-04-18T08:37:22.003+0000] {logging_mixin.py:188} INFO - [2024-04-18T08:37:22.003+0000] {dag.py:3954} INFO - Setting next_dagrun for latest_only to 2024-04-18 04:00:00+00:00, run_after=2024-04-18 08:00:00+00:00
[2024-04-18T08:37:22.033+0000] {processor.py:183} INFO - Processing /home/airflow/.local/lib/python3.12/site-packages/airflow/example_dags/example_latest_only.py took 0.087 seconds
[2024-04-18T08:37:52.918+0000] {processor.py:161} INFO - Started process (PID=6015) to work on /home/airflow/.local/lib/python3.12/site-packages/airflow/example_dags/example_latest_only.py
[2024-04-18T08:37:52.919+0000] {processor.py:830} INFO - Processing file /home/airflow/.local/lib/python3.12/site-packages/airflow/example_dags/example_latest_only.py for tasks to queue
[2024-04-18T08:37:52.920+0000] {logging_mixin.py:188} INFO - [2024-04-18T08:37:52.920+0000] {dagbag.py:540} INFO - Filling up the DagBag from /home/airflow/.local/lib/python3.12/site-packages/airflow/example_dags/example_latest_only.py
[2024-04-18T08:37:52.934+0000] {processor.py:840} INFO - DAG(s) 'latest_only' retrieved from /home/airflow/.local/lib/python3.12/site-packages/airflow/example_dags/example_latest_only.py
[2024-04-18T08:37:52.960+0000] {logging_mixin.py:188} INFO - [2024-04-18T08:37:52.960+0000] {dag.py:3096} INFO - Sync 1 DAGs
[2024-04-18T08:37:52.984+0000] {logging_mixin.py:188} INFO - [2024-04-18T08:37:52.984+0000] {dag.py:3954} INFO - Setting next_dagrun for latest_only to 2024-04-18 04:00:00+00:00, run_after=2024-04-18 08:00:00+00:00
[2024-04-18T08:37:53.005+0000] {processor.py:183} INFO - Processing /home/airflow/.local/lib/python3.12/site-packages/airflow/example_dags/example_latest_only.py took 0.093 seconds
[2024-04-18T08:38:23.377+0000] {processor.py:161} INFO - Started process (PID=6283) to work on /home/airflow/.local/lib/python3.12/site-packages/airflow/example_dags/example_latest_only.py
[2024-04-18T08:38:23.377+0000] {processor.py:830} INFO - Processing file /home/airflow/.local/lib/python3.12/site-packages/airflow/example_dags/example_latest_only.py for tasks to queue
[2024-04-18T08:38:23.379+0000] {logging_mixin.py:188} INFO - [2024-04-18T08:38:23.379+0000] {dagbag.py:540} INFO - Filling up the DagBag from /home/airflow/.local/lib/python3.12/site-packages/airflow/example_dags/example_latest_only.py
[2024-04-18T08:38:23.384+0000] {processor.py:840} INFO - DAG(s) 'latest_only' retrieved from /home/airflow/.local/lib/python3.12/site-packages/airflow/example_dags/example_latest_only.py
[2024-04-18T08:38:23.404+0000] {logging_mixin.py:188} INFO - [2024-04-18T08:38:23.403+0000] {dag.py:3096} INFO - Sync 1 DAGs
[2024-04-18T08:38:23.661+0000] {logging_mixin.py:188} INFO - [2024-04-18T08:38:23.661+0000] {dag.py:3954} INFO - Setting next_dagrun for latest_only to 2024-04-18 04:00:00+00:00, run_after=2024-04-18 08:00:00+00:00
[2024-04-18T08:38:23.699+0000] {processor.py:183} INFO - Processing /home/airflow/.local/lib/python3.12/site-packages/airflow/example_dags/example_latest_only.py took 0.328 seconds
[2024-04-18T08:38:53.893+0000] {processor.py:161} INFO - Started process (PID=6549) to work on /home/airflow/.local/lib/python3.12/site-packages/airflow/example_dags/example_latest_only.py
[2024-04-18T08:38:53.894+0000] {processor.py:830} INFO - Processing file /home/airflow/.local/lib/python3.12/site-packages/airflow/example_dags/example_latest_only.py for tasks to queue
[2024-04-18T08:38:53.897+0000] {logging_mixin.py:188} INFO - [2024-04-18T08:38:53.896+0000] {dagbag.py:540} INFO - Filling up the DagBag from /home/airflow/.local/lib/python3.12/site-packages/airflow/example_dags/example_latest_only.py
[2024-04-18T08:38:53.902+0000] {processor.py:840} INFO - DAG(s) 'latest_only' retrieved from /home/airflow/.local/lib/python3.12/site-packages/airflow/example_dags/example_latest_only.py
[2024-04-18T08:38:53.923+0000] {logging_mixin.py:188} INFO - [2024-04-18T08:38:53.923+0000] {dag.py:3096} INFO - Sync 1 DAGs
[2024-04-18T08:38:53.946+0000] {logging_mixin.py:188} INFO - [2024-04-18T08:38:53.946+0000] {dag.py:3954} INFO - Setting next_dagrun for latest_only to 2024-04-18 04:00:00+00:00, run_after=2024-04-18 08:00:00+00:00
[2024-04-18T08:38:53.970+0000] {processor.py:183} INFO - Processing /home/airflow/.local/lib/python3.12/site-packages/airflow/example_dags/example_latest_only.py took 0.085 seconds
[2024-04-18T08:39:24.720+0000] {processor.py:161} INFO - Started process (PID=6815) to work on /home/airflow/.local/lib/python3.12/site-packages/airflow/example_dags/example_latest_only.py
[2024-04-18T08:39:24.721+0000] {processor.py:830} INFO - Processing file /home/airflow/.local/lib/python3.12/site-packages/airflow/example_dags/example_latest_only.py for tasks to queue
[2024-04-18T08:39:24.723+0000] {logging_mixin.py:188} INFO - [2024-04-18T08:39:24.723+0000] {dagbag.py:540} INFO - Filling up the DagBag from /home/airflow/.local/lib/python3.12/site-packages/airflow/example_dags/example_latest_only.py
[2024-04-18T08:39:24.728+0000] {processor.py:840} INFO - DAG(s) 'latest_only' retrieved from /home/airflow/.local/lib/python3.12/site-packages/airflow/example_dags/example_latest_only.py
[2024-04-18T08:39:24.750+0000] {logging_mixin.py:188} INFO - [2024-04-18T08:39:24.749+0000] {dag.py:3096} INFO - Sync 1 DAGs
[2024-04-18T08:39:24.774+0000] {logging_mixin.py:188} INFO - [2024-04-18T08:39:24.774+0000] {dag.py:3954} INFO - Setting next_dagrun for latest_only to 2024-04-18 04:00:00+00:00, run_after=2024-04-18 08:00:00+00:00
[2024-04-18T08:39:24.796+0000] {processor.py:183} INFO - Processing /home/airflow/.local/lib/python3.12/site-packages/airflow/example_dags/example_latest_only.py took 0.082 seconds
[2024-04-18T08:39:54.942+0000] {processor.py:161} INFO - Started process (PID=7082) to work on /home/airflow/.local/lib/python3.12/site-packages/airflow/example_dags/example_latest_only.py
[2024-04-18T08:39:54.943+0000] {processor.py:830} INFO - Processing file /home/airflow/.local/lib/python3.12/site-packages/airflow/example_dags/example_latest_only.py for tasks to queue
[2024-04-18T08:39:54.944+0000] {logging_mixin.py:188} INFO - [2024-04-18T08:39:54.944+0000] {dagbag.py:540} INFO - Filling up the DagBag from /home/airflow/.local/lib/python3.12/site-packages/airflow/example_dags/example_latest_only.py
[2024-04-18T08:39:54.949+0000] {processor.py:840} INFO - DAG(s) 'latest_only' retrieved from /home/airflow/.local/lib/python3.12/site-packages/airflow/example_dags/example_latest_only.py
[2024-04-18T08:39:54.970+0000] {logging_mixin.py:188} INFO - [2024-04-18T08:39:54.969+0000] {dag.py:3096} INFO - Sync 1 DAGs
[2024-04-18T08:39:54.992+0000] {logging_mixin.py:188} INFO - [2024-04-18T08:39:54.992+0000] {dag.py:3954} INFO - Setting next_dagrun for latest_only to 2024-04-18 04:00:00+00:00, run_after=2024-04-18 08:00:00+00:00
[2024-04-18T08:39:55.019+0000] {processor.py:183} INFO - Processing /home/airflow/.local/lib/python3.12/site-packages/airflow/example_dags/example_latest_only.py took 0.084 seconds
[2024-04-18T08:40:25.910+0000] {processor.py:161} INFO - Started process (PID=7348) to work on /home/airflow/.local/lib/python3.12/site-packages/airflow/example_dags/example_latest_only.py
[2024-04-18T08:40:25.911+0000] {processor.py:830} INFO - Processing file /home/airflow/.local/lib/python3.12/site-packages/airflow/example_dags/example_latest_only.py for tasks to queue
[2024-04-18T08:40:25.913+0000] {logging_mixin.py:188} INFO - [2024-04-18T08:40:25.913+0000] {dagbag.py:540} INFO - Filling up the DagBag from /home/airflow/.local/lib/python3.12/site-packages/airflow/example_dags/example_latest_only.py
[2024-04-18T08:40:25.918+0000] {processor.py:840} INFO - DAG(s) 'latest_only' retrieved from /home/airflow/.local/lib/python3.12/site-packages/airflow/example_dags/example_latest_only.py
[2024-04-18T08:40:25.938+0000] {logging_mixin.py:188} INFO - [2024-04-18T08:40:25.938+0000] {dag.py:3096} INFO - Sync 1 DAGs
[2024-04-18T08:40:25.962+0000] {logging_mixin.py:188} INFO - [2024-04-18T08:40:25.961+0000] {dag.py:3954} INFO - Setting next_dagrun for latest_only to 2024-04-18 04:00:00+00:00, run_after=2024-04-18 08:00:00+00:00
[2024-04-18T08:40:25.981+0000] {processor.py:183} INFO - Processing /home/airflow/.local/lib/python3.12/site-packages/airflow/example_dags/example_latest_only.py took 0.078 seconds
[2024-04-18T08:40:56.679+0000] {processor.py:161} INFO - Started process (PID=7614) to work on /home/airflow/.local/lib/python3.12/site-packages/airflow/example_dags/example_latest_only.py
[2024-04-18T08:40:56.679+0000] {processor.py:830} INFO - Processing file /home/airflow/.local/lib/python3.12/site-packages/airflow/example_dags/example_latest_only.py for tasks to queue
[2024-04-18T08:40:56.681+0000] {logging_mixin.py:188} INFO - [2024-04-18T08:40:56.681+0000] {dagbag.py:540} INFO - Filling up the DagBag from /home/airflow/.local/lib/python3.12/site-packages/airflow/example_dags/example_latest_only.py
[2024-04-18T08:40:56.686+0000] {processor.py:840} INFO - DAG(s) 'latest_only' retrieved from /home/airflow/.local/lib/python3.12/site-packages/airflow/example_dags/example_latest_only.py
[2024-04-18T08:40:56.706+0000] {logging_mixin.py:188} INFO - [2024-04-18T08:40:56.705+0000] {dag.py:3096} INFO - Sync 1 DAGs
[2024-04-18T08:40:56.728+0000] {logging_mixin.py:188} INFO - [2024-04-18T08:40:56.728+0000] {dag.py:3954} INFO - Setting next_dagrun for latest_only to 2024-04-18 04:00:00+00:00, run_after=2024-04-18 08:00:00+00:00
[2024-04-18T08:40:56.750+0000] {processor.py:183} INFO - Processing /home/airflow/.local/lib/python3.12/site-packages/airflow/example_dags/example_latest_only.py took 0.077 seconds
[2024-04-18T08:41:27.664+0000] {processor.py:161} INFO - Started process (PID=7881) to work on /home/airflow/.local/lib/python3.12/site-packages/airflow/example_dags/example_latest_only.py
[2024-04-18T08:41:27.672+0000] {processor.py:830} INFO - Processing file /home/airflow/.local/lib/python3.12/site-packages/airflow/example_dags/example_latest_only.py for tasks to queue
[2024-04-18T08:41:27.674+0000] {logging_mixin.py:188} INFO - [2024-04-18T08:41:27.674+0000] {dagbag.py:540} INFO - Filling up the DagBag from /home/airflow/.local/lib/python3.12/site-packages/airflow/example_dags/example_latest_only.py
[2024-04-18T08:41:27.683+0000] {processor.py:840} INFO - DAG(s) 'latest_only' retrieved from /home/airflow/.local/lib/python3.12/site-packages/airflow/example_dags/example_latest_only.py
[2024-04-18T08:41:27.746+0000] {logging_mixin.py:188} INFO - [2024-04-18T08:41:27.745+0000] {dag.py:3096} INFO - Sync 1 DAGs
[2024-04-18T08:41:27.806+0000] {logging_mixin.py:188} INFO - [2024-04-18T08:41:27.806+0000] {dag.py:3954} INFO - Setting next_dagrun for latest_only to 2024-04-18 04:00:00+00:00, run_after=2024-04-18 08:00:00+00:00
[2024-04-18T08:41:27.843+0000] {processor.py:183} INFO - Processing /home/airflow/.local/lib/python3.12/site-packages/airflow/example_dags/example_latest_only.py took 0.186 seconds
[2024-04-18T08:41:58.311+0000] {processor.py:161} INFO - Started process (PID=8148) to work on /home/airflow/.local/lib/python3.12/site-packages/airflow/example_dags/example_latest_only.py
[2024-04-18T08:41:58.312+0000] {processor.py:830} INFO - Processing file /home/airflow/.local/lib/python3.12/site-packages/airflow/example_dags/example_latest_only.py for tasks to queue
[2024-04-18T08:41:58.314+0000] {logging_mixin.py:188} INFO - [2024-04-18T08:41:58.314+0000] {dagbag.py:540} INFO - Filling up the DagBag from /home/airflow/.local/lib/python3.12/site-packages/airflow/example_dags/example_latest_only.py
[2024-04-18T08:41:58.319+0000] {processor.py:840} INFO - DAG(s) 'latest_only' retrieved from /home/airflow/.local/lib/python3.12/site-packages/airflow/example_dags/example_latest_only.py
[2024-04-18T08:41:58.339+0000] {logging_mixin.py:188} INFO - [2024-04-18T08:41:58.338+0000] {dag.py:3096} INFO - Sync 1 DAGs
[2024-04-18T08:41:58.365+0000] {logging_mixin.py:188} INFO - [2024-04-18T08:41:58.365+0000] {dag.py:3954} INFO - Setting next_dagrun for latest_only to 2024-04-18 04:00:00+00:00, run_after=2024-04-18 08:00:00+00:00
[2024-04-18T08:41:58.417+0000] {processor.py:183} INFO - Processing /home/airflow/.local/lib/python3.12/site-packages/airflow/example_dags/example_latest_only.py took 0.112 seconds
[2024-04-18T08:42:29.260+0000] {processor.py:161} INFO - Started process (PID=8414) to work on /home/airflow/.local/lib/python3.12/site-packages/airflow/example_dags/example_latest_only.py
[2024-04-18T08:42:29.261+0000] {processor.py:830} INFO - Processing file /home/airflow/.local/lib/python3.12/site-packages/airflow/example_dags/example_latest_only.py for tasks to queue
[2024-04-18T08:42:29.262+0000] {logging_mixin.py:188} INFO - [2024-04-18T08:42:29.262+0000] {dagbag.py:540} INFO - Filling up the DagBag from /home/airflow/.local/lib/python3.12/site-packages/airflow/example_dags/example_latest_only.py
[2024-04-18T08:42:29.267+0000] {processor.py:840} INFO - DAG(s) 'latest_only' retrieved from /home/airflow/.local/lib/python3.12/site-packages/airflow/example_dags/example_latest_only.py
[2024-04-18T08:42:29.287+0000] {logging_mixin.py:188} INFO - [2024-04-18T08:42:29.287+0000] {dag.py:3096} INFO - Sync 1 DAGs
[2024-04-18T08:42:29.310+0000] {logging_mixin.py:188} INFO - [2024-04-18T08:42:29.310+0000] {dag.py:3954} INFO - Setting next_dagrun for latest_only to 2024-04-18 04:00:00+00:00, run_after=2024-04-18 08:00:00+00:00
[2024-04-18T08:42:29.331+0000] {processor.py:183} INFO - Processing /home/airflow/.local/lib/python3.12/site-packages/airflow/example_dags/example_latest_only.py took 0.078 seconds
[2024-04-18T08:42:59.564+0000] {processor.py:161} INFO - Started process (PID=8679) to work on /home/airflow/.local/lib/python3.12/site-packages/airflow/example_dags/example_latest_only.py
[2024-04-18T08:42:59.566+0000] {processor.py:830} INFO - Processing file /home/airflow/.local/lib/python3.12/site-packages/airflow/example_dags/example_latest_only.py for tasks to queue
[2024-04-18T08:42:59.577+0000] {logging_mixin.py:188} INFO - [2024-04-18T08:42:59.568+0000] {dagbag.py:540} INFO - Filling up the DagBag from /home/airflow/.local/lib/python3.12/site-packages/airflow/example_dags/example_latest_only.py
[2024-04-18T08:42:59.583+0000] {processor.py:840} INFO - DAG(s) 'latest_only' retrieved from /home/airflow/.local/lib/python3.12/site-packages/airflow/example_dags/example_latest_only.py
[2024-04-18T08:42:59.619+0000] {logging_mixin.py:188} INFO - [2024-04-18T08:42:59.618+0000] {dag.py:3096} INFO - Sync 1 DAGs
[2024-04-18T08:42:59.676+0000] {logging_mixin.py:188} INFO - [2024-04-18T08:42:59.676+0000] {dag.py:3954} INFO - Setting next_dagrun for latest_only to 2024-04-18 04:00:00+00:00, run_after=2024-04-18 08:00:00+00:00
[2024-04-18T08:42:59.724+0000] {processor.py:183} INFO - Processing /home/airflow/.local/lib/python3.12/site-packages/airflow/example_dags/example_latest_only.py took 0.171 seconds
[2024-04-18T08:43:30.710+0000] {processor.py:161} INFO - Started process (PID=8946) to work on /home/airflow/.local/lib/python3.12/site-packages/airflow/example_dags/example_latest_only.py
[2024-04-18T08:43:30.711+0000] {processor.py:830} INFO - Processing file /home/airflow/.local/lib/python3.12/site-packages/airflow/example_dags/example_latest_only.py for tasks to queue
[2024-04-18T08:43:30.713+0000] {logging_mixin.py:188} INFO - [2024-04-18T08:43:30.713+0000] {dagbag.py:540} INFO - Filling up the DagBag from /home/airflow/.local/lib/python3.12/site-packages/airflow/example_dags/example_latest_only.py
[2024-04-18T08:43:30.718+0000] {processor.py:840} INFO - DAG(s) 'latest_only' retrieved from /home/airflow/.local/lib/python3.12/site-packages/airflow/example_dags/example_latest_only.py
[2024-04-18T08:43:30.740+0000] {logging_mixin.py:188} INFO - [2024-04-18T08:43:30.740+0000] {dag.py:3096} INFO - Sync 1 DAGs
[2024-04-18T08:43:30.763+0000] {logging_mixin.py:188} INFO - [2024-04-18T08:43:30.763+0000] {dag.py:3954} INFO - Setting next_dagrun for latest_only to 2024-04-18 04:00:00+00:00, run_after=2024-04-18 08:00:00+00:00
[2024-04-18T08:43:30.789+0000] {processor.py:183} INFO - Processing /home/airflow/.local/lib/python3.12/site-packages/airflow/example_dags/example_latest_only.py took 0.085 seconds
[2024-04-18T08:44:01.407+0000] {processor.py:161} INFO - Started process (PID=9211) to work on /home/airflow/.local/lib/python3.12/site-packages/airflow/example_dags/example_latest_only.py
[2024-04-18T08:44:01.416+0000] {processor.py:830} INFO - Processing file /home/airflow/.local/lib/python3.12/site-packages/airflow/example_dags/example_latest_only.py for tasks to queue
[2024-04-18T08:44:01.419+0000] {logging_mixin.py:188} INFO - [2024-04-18T08:44:01.419+0000] {dagbag.py:540} INFO - Filling up the DagBag from /home/airflow/.local/lib/python3.12/site-packages/airflow/example_dags/example_latest_only.py
[2024-04-18T08:44:01.424+0000] {processor.py:840} INFO - DAG(s) 'latest_only' retrieved from /home/airflow/.local/lib/python3.12/site-packages/airflow/example_dags/example_latest_only.py
[2024-04-18T08:44:01.453+0000] {logging_mixin.py:188} INFO - [2024-04-18T08:44:01.453+0000] {dag.py:3096} INFO - Sync 1 DAGs
[2024-04-18T08:44:01.500+0000] {logging_mixin.py:188} INFO - [2024-04-18T08:44:01.500+0000] {dag.py:3954} INFO - Setting next_dagrun for latest_only to 2024-04-18 04:00:00+00:00, run_after=2024-04-18 08:00:00+00:00
[2024-04-18T08:44:01.539+0000] {processor.py:183} INFO - Processing /home/airflow/.local/lib/python3.12/site-packages/airflow/example_dags/example_latest_only.py took 0.138 seconds
[2024-04-18T08:44:32.150+0000] {processor.py:161} INFO - Started process (PID=9478) to work on /home/airflow/.local/lib/python3.12/site-packages/airflow/example_dags/example_latest_only.py
[2024-04-18T08:44:32.151+0000] {processor.py:830} INFO - Processing file /home/airflow/.local/lib/python3.12/site-packages/airflow/example_dags/example_latest_only.py for tasks to queue
[2024-04-18T08:44:32.153+0000] {logging_mixin.py:188} INFO - [2024-04-18T08:44:32.153+0000] {dagbag.py:540} INFO - Filling up the DagBag from /home/airflow/.local/lib/python3.12/site-packages/airflow/example_dags/example_latest_only.py
[2024-04-18T08:44:32.162+0000] {processor.py:840} INFO - DAG(s) 'latest_only' retrieved from /home/airflow/.local/lib/python3.12/site-packages/airflow/example_dags/example_latest_only.py
[2024-04-18T08:44:32.186+0000] {logging_mixin.py:188} INFO - [2024-04-18T08:44:32.186+0000] {dag.py:3096} INFO - Sync 1 DAGs
[2024-04-18T08:44:32.210+0000] {logging_mixin.py:188} INFO - [2024-04-18T08:44:32.209+0000] {dag.py:3954} INFO - Setting next_dagrun for latest_only to 2024-04-18 04:00:00+00:00, run_after=2024-04-18 08:00:00+00:00
[2024-04-18T08:44:32.233+0000] {processor.py:183} INFO - Processing /home/airflow/.local/lib/python3.12/site-packages/airflow/example_dags/example_latest_only.py took 0.090 seconds
[2024-04-18T08:45:03.070+0000] {processor.py:161} INFO - Started process (PID=9744) to work on /home/airflow/.local/lib/python3.12/site-packages/airflow/example_dags/example_latest_only.py
[2024-04-18T08:45:03.071+0000] {processor.py:830} INFO - Processing file /home/airflow/.local/lib/python3.12/site-packages/airflow/example_dags/example_latest_only.py for tasks to queue
[2024-04-18T08:45:03.073+0000] {logging_mixin.py:188} INFO - [2024-04-18T08:45:03.073+0000] {dagbag.py:540} INFO - Filling up the DagBag from /home/airflow/.local/lib/python3.12/site-packages/airflow/example_dags/example_latest_only.py
[2024-04-18T08:45:03.079+0000] {processor.py:840} INFO - DAG(s) 'latest_only' retrieved from /home/airflow/.local/lib/python3.12/site-packages/airflow/example_dags/example_latest_only.py
[2024-04-18T08:45:03.099+0000] {logging_mixin.py:188} INFO - [2024-04-18T08:45:03.099+0000] {dag.py:3096} INFO - Sync 1 DAGs
[2024-04-18T08:45:03.124+0000] {logging_mixin.py:188} INFO - [2024-04-18T08:45:03.123+0000] {dag.py:3954} INFO - Setting next_dagrun for latest_only to 2024-04-18 04:00:00+00:00, run_after=2024-04-18 08:00:00+00:00
[2024-04-18T08:45:03.147+0000] {processor.py:183} INFO - Processing /home/airflow/.local/lib/python3.12/site-packages/airflow/example_dags/example_latest_only.py took 0.086 seconds
[2024-04-18T08:45:33.846+0000] {processor.py:161} INFO - Started process (PID=10010) to work on /home/airflow/.local/lib/python3.12/site-packages/airflow/example_dags/example_latest_only.py
[2024-04-18T08:45:33.847+0000] {processor.py:830} INFO - Processing file /home/airflow/.local/lib/python3.12/site-packages/airflow/example_dags/example_latest_only.py for tasks to queue
[2024-04-18T08:45:33.849+0000] {logging_mixin.py:188} INFO - [2024-04-18T08:45:33.848+0000] {dagbag.py:540} INFO - Filling up the DagBag from /home/airflow/.local/lib/python3.12/site-packages/airflow/example_dags/example_latest_only.py
[2024-04-18T08:45:33.855+0000] {processor.py:840} INFO - DAG(s) 'latest_only' retrieved from /home/airflow/.local/lib/python3.12/site-packages/airflow/example_dags/example_latest_only.py
[2024-04-18T08:45:33.876+0000] {logging_mixin.py:188} INFO - [2024-04-18T08:45:33.875+0000] {dag.py:3096} INFO - Sync 1 DAGs
[2024-04-18T08:45:33.900+0000] {logging_mixin.py:188} INFO - [2024-04-18T08:45:33.900+0000] {dag.py:3954} INFO - Setting next_dagrun for latest_only to 2024-04-18 04:00:00+00:00, run_after=2024-04-18 08:00:00+00:00
[2024-04-18T08:45:33.922+0000] {processor.py:183} INFO - Processing /home/airflow/.local/lib/python3.12/site-packages/airflow/example_dags/example_latest_only.py took 0.082 seconds
[2024-04-18T08:46:04.429+0000] {processor.py:161} INFO - Started process (PID=10276) to work on /home/airflow/.local/lib/python3.12/site-packages/airflow/example_dags/example_latest_only.py
[2024-04-18T08:46:04.430+0000] {processor.py:830} INFO - Processing file /home/airflow/.local/lib/python3.12/site-packages/airflow/example_dags/example_latest_only.py for tasks to queue
[2024-04-18T08:46:04.432+0000] {logging_mixin.py:188} INFO - [2024-04-18T08:46:04.431+0000] {dagbag.py:540} INFO - Filling up the DagBag from /home/airflow/.local/lib/python3.12/site-packages/airflow/example_dags/example_latest_only.py
[2024-04-18T08:46:04.438+0000] {processor.py:840} INFO - DAG(s) 'latest_only' retrieved from /home/airflow/.local/lib/python3.12/site-packages/airflow/example_dags/example_latest_only.py
[2024-04-18T08:46:04.459+0000] {logging_mixin.py:188} INFO - [2024-04-18T08:46:04.458+0000] {dag.py:3096} INFO - Sync 1 DAGs
[2024-04-18T08:46:04.482+0000] {logging_mixin.py:188} INFO - [2024-04-18T08:46:04.481+0000] {dag.py:3954} INFO - Setting next_dagrun for latest_only to 2024-04-18 04:00:00+00:00, run_after=2024-04-18 08:00:00+00:00
[2024-04-18T08:46:04.507+0000] {processor.py:183} INFO - Processing /home/airflow/.local/lib/python3.12/site-packages/airflow/example_dags/example_latest_only.py took 0.084 seconds
[2024-04-18T08:46:35.074+0000] {processor.py:161} INFO - Started process (PID=10542) to work on /home/airflow/.local/lib/python3.12/site-packages/airflow/example_dags/example_latest_only.py
[2024-04-18T08:46:35.074+0000] {processor.py:830} INFO - Processing file /home/airflow/.local/lib/python3.12/site-packages/airflow/example_dags/example_latest_only.py for tasks to queue
[2024-04-18T08:46:35.076+0000] {logging_mixin.py:188} INFO - [2024-04-18T08:46:35.076+0000] {dagbag.py:540} INFO - Filling up the DagBag from /home/airflow/.local/lib/python3.12/site-packages/airflow/example_dags/example_latest_only.py
[2024-04-18T08:46:35.081+0000] {processor.py:840} INFO - DAG(s) 'latest_only' retrieved from /home/airflow/.local/lib/python3.12/site-packages/airflow/example_dags/example_latest_only.py
[2024-04-18T08:46:35.101+0000] {logging_mixin.py:188} INFO - [2024-04-18T08:46:35.100+0000] {dag.py:3096} INFO - Sync 1 DAGs
[2024-04-18T08:46:35.129+0000] {logging_mixin.py:188} INFO - [2024-04-18T08:46:35.125+0000] {dag.py:3954} INFO - Setting next_dagrun for latest_only to 2024-04-18 04:00:00+00:00, run_after=2024-04-18 08:00:00+00:00
[2024-04-18T08:46:35.194+0000] {processor.py:183} INFO - Processing /home/airflow/.local/lib/python3.12/site-packages/airflow/example_dags/example_latest_only.py took 0.127 seconds
[2024-04-18T08:47:05.469+0000] {processor.py:161} INFO - Started process (PID=10807) to work on /home/airflow/.local/lib/python3.12/site-packages/airflow/example_dags/example_latest_only.py
[2024-04-18T08:47:05.470+0000] {processor.py:830} INFO - Processing file /home/airflow/.local/lib/python3.12/site-packages/airflow/example_dags/example_latest_only.py for tasks to queue
[2024-04-18T08:47:05.473+0000] {logging_mixin.py:188} INFO - [2024-04-18T08:47:05.473+0000] {dagbag.py:540} INFO - Filling up the DagBag from /home/airflow/.local/lib/python3.12/site-packages/airflow/example_dags/example_latest_only.py
[2024-04-18T08:47:05.485+0000] {processor.py:840} INFO - DAG(s) 'latest_only' retrieved from /home/airflow/.local/lib/python3.12/site-packages/airflow/example_dags/example_latest_only.py
[2024-04-18T08:47:05.533+0000] {logging_mixin.py:188} INFO - [2024-04-18T08:47:05.532+0000] {dag.py:3096} INFO - Sync 1 DAGs
[2024-04-18T08:47:05.570+0000] {logging_mixin.py:188} INFO - [2024-04-18T08:47:05.570+0000] {dag.py:3954} INFO - Setting next_dagrun for latest_only to 2024-04-18 04:00:00+00:00, run_after=2024-04-18 08:00:00+00:00
[2024-04-18T08:47:05.605+0000] {processor.py:183} INFO - Processing /home/airflow/.local/lib/python3.12/site-packages/airflow/example_dags/example_latest_only.py took 0.148 seconds
[2024-04-18T08:47:35.825+0000] {processor.py:161} INFO - Started process (PID=11075) to work on /home/airflow/.local/lib/python3.12/site-packages/airflow/example_dags/example_latest_only.py
[2024-04-18T08:47:35.825+0000] {processor.py:830} INFO - Processing file /home/airflow/.local/lib/python3.12/site-packages/airflow/example_dags/example_latest_only.py for tasks to queue
[2024-04-18T08:47:35.828+0000] {logging_mixin.py:188} INFO - [2024-04-18T08:47:35.828+0000] {dagbag.py:540} INFO - Filling up the DagBag from /home/airflow/.local/lib/python3.12/site-packages/airflow/example_dags/example_latest_only.py
[2024-04-18T08:47:35.833+0000] {processor.py:840} INFO - DAG(s) 'latest_only' retrieved from /home/airflow/.local/lib/python3.12/site-packages/airflow/example_dags/example_latest_only.py
[2024-04-18T08:47:35.854+0000] {logging_mixin.py:188} INFO - [2024-04-18T08:47:35.854+0000] {dag.py:3096} INFO - Sync 1 DAGs
[2024-04-18T08:47:35.886+0000] {logging_mixin.py:188} INFO - [2024-04-18T08:47:35.885+0000] {dag.py:3954} INFO - Setting next_dagrun for latest_only to 2024-04-18 04:00:00+00:00, run_after=2024-04-18 08:00:00+00:00
[2024-04-18T08:47:35.927+0000] {processor.py:183} INFO - Processing /home/airflow/.local/lib/python3.12/site-packages/airflow/example_dags/example_latest_only.py took 0.109 seconds
[2024-04-18T08:48:06.356+0000] {processor.py:161} INFO - Started process (PID=11342) to work on /home/airflow/.local/lib/python3.12/site-packages/airflow/example_dags/example_latest_only.py
[2024-04-18T08:48:06.358+0000] {processor.py:830} INFO - Processing file /home/airflow/.local/lib/python3.12/site-packages/airflow/example_dags/example_latest_only.py for tasks to queue
[2024-04-18T08:48:06.359+0000] {logging_mixin.py:188} INFO - [2024-04-18T08:48:06.359+0000] {dagbag.py:540} INFO - Filling up the DagBag from /home/airflow/.local/lib/python3.12/site-packages/airflow/example_dags/example_latest_only.py
[2024-04-18T08:48:06.368+0000] {processor.py:840} INFO - DAG(s) 'latest_only' retrieved from /home/airflow/.local/lib/python3.12/site-packages/airflow/example_dags/example_latest_only.py
[2024-04-18T08:48:06.404+0000] {logging_mixin.py:188} INFO - [2024-04-18T08:48:06.403+0000] {dag.py:3096} INFO - Sync 1 DAGs
[2024-04-18T08:48:06.429+0000] {logging_mixin.py:188} INFO - [2024-04-18T08:48:06.429+0000] {dag.py:3954} INFO - Setting next_dagrun for latest_only to 2024-04-18 04:00:00+00:00, run_after=2024-04-18 08:00:00+00:00
[2024-04-18T08:48:06.450+0000] {processor.py:183} INFO - Processing /home/airflow/.local/lib/python3.12/site-packages/airflow/example_dags/example_latest_only.py took 0.099 seconds
[2024-04-18T08:48:36.772+0000] {processor.py:161} INFO - Started process (PID=11607) to work on /home/airflow/.local/lib/python3.12/site-packages/airflow/example_dags/example_latest_only.py
[2024-04-18T08:48:36.776+0000] {processor.py:830} INFO - Processing file /home/airflow/.local/lib/python3.12/site-packages/airflow/example_dags/example_latest_only.py for tasks to queue
[2024-04-18T08:48:36.781+0000] {logging_mixin.py:188} INFO - [2024-04-18T08:48:36.781+0000] {dagbag.py:540} INFO - Filling up the DagBag from /home/airflow/.local/lib/python3.12/site-packages/airflow/example_dags/example_latest_only.py
[2024-04-18T08:48:36.790+0000] {processor.py:840} INFO - DAG(s) 'latest_only' retrieved from /home/airflow/.local/lib/python3.12/site-packages/airflow/example_dags/example_latest_only.py
[2024-04-18T08:48:36.823+0000] {logging_mixin.py:188} INFO - [2024-04-18T08:48:36.822+0000] {dag.py:3096} INFO - Sync 1 DAGs
[2024-04-18T08:48:36.847+0000] {logging_mixin.py:188} INFO - [2024-04-18T08:48:36.846+0000] {dag.py:3954} INFO - Setting next_dagrun for latest_only to 2024-04-18 04:00:00+00:00, run_after=2024-04-18 08:00:00+00:00
[2024-04-18T08:48:36.872+0000] {processor.py:183} INFO - Processing /home/airflow/.local/lib/python3.12/site-packages/airflow/example_dags/example_latest_only.py took 0.106 seconds
[2024-04-18T08:49:07.673+0000] {processor.py:161} INFO - Started process (PID=11937) to work on /home/airflow/.local/lib/python3.12/site-packages/airflow/example_dags/example_latest_only.py
[2024-04-18T08:49:07.674+0000] {processor.py:830} INFO - Processing file /home/airflow/.local/lib/python3.12/site-packages/airflow/example_dags/example_latest_only.py for tasks to queue
[2024-04-18T08:49:07.676+0000] {logging_mixin.py:188} INFO - [2024-04-18T08:49:07.675+0000] {dagbag.py:540} INFO - Filling up the DagBag from /home/airflow/.local/lib/python3.12/site-packages/airflow/example_dags/example_latest_only.py
[2024-04-18T08:49:07.685+0000] {processor.py:840} INFO - DAG(s) 'latest_only' retrieved from /home/airflow/.local/lib/python3.12/site-packages/airflow/example_dags/example_latest_only.py
[2024-04-18T08:49:07.718+0000] {logging_mixin.py:188} INFO - [2024-04-18T08:49:07.717+0000] {dag.py:3096} INFO - Sync 1 DAGs
[2024-04-18T08:49:07.764+0000] {logging_mixin.py:188} INFO - [2024-04-18T08:49:07.764+0000] {dag.py:3954} INFO - Setting next_dagrun for latest_only to 2024-04-18 04:00:00+00:00, run_after=2024-04-18 08:00:00+00:00
[2024-04-18T08:49:07.838+0000] {processor.py:183} INFO - Processing /home/airflow/.local/lib/python3.12/site-packages/airflow/example_dags/example_latest_only.py took 0.171 seconds
