[2024-04-18T08:27:02.890+0000] {processor.py:161} INFO - Started process (PID=348) to work on /home/airflow/.local/lib/python3.12/site-packages/airflow/example_dags/example_display_name.py
[2024-04-18T08:27:02.893+0000] {processor.py:830} INFO - Processing file /home/airflow/.local/lib/python3.12/site-packages/airflow/example_dags/example_display_name.py for tasks to queue
[2024-04-18T08:27:02.908+0000] {logging_mixin.py:188} INFO - [2024-04-18T08:27:02.908+0000] {dagbag.py:540} INFO - Filling up the DagBag from /home/airflow/.local/lib/python3.12/site-packages/airflow/example_dags/example_display_name.py
[2024-04-18T08:27:02.927+0000] {processor.py:840} INFO - DAG(s) 'example_display_name' retrieved from /home/airflow/.local/lib/python3.12/site-packages/airflow/example_dags/example_display_name.py
[2024-04-18T08:27:02.995+0000] {logging_mixin.py:188} INFO - [2024-04-18T08:27:02.994+0000] {dag.py:3096} INFO - Sync 1 DAGs
[2024-04-18T08:27:03.022+0000] {logging_mixin.py:188} INFO - [2024-04-18T08:27:03.022+0000] {dag.py:3954} INFO - Setting next_dagrun for example_display_name to None, run_after=None
[2024-04-18T08:27:03.065+0000] {processor.py:183} INFO - Processing /home/airflow/.local/lib/python3.12/site-packages/airflow/example_dags/example_display_name.py took 0.205 seconds
[2024-04-18T08:27:34.052+0000] {processor.py:161} INFO - Started process (PID=632) to work on /home/airflow/.local/lib/python3.12/site-packages/airflow/example_dags/example_display_name.py
[2024-04-18T08:27:34.053+0000] {processor.py:830} INFO - Processing file /home/airflow/.local/lib/python3.12/site-packages/airflow/example_dags/example_display_name.py for tasks to queue
[2024-04-18T08:27:34.054+0000] {logging_mixin.py:188} INFO - [2024-04-18T08:27:34.054+0000] {dagbag.py:540} INFO - Filling up the DagBag from /home/airflow/.local/lib/python3.12/site-packages/airflow/example_dags/example_display_name.py
[2024-04-18T08:27:34.060+0000] {processor.py:840} INFO - DAG(s) 'example_display_name' retrieved from /home/airflow/.local/lib/python3.12/site-packages/airflow/example_dags/example_display_name.py
[2024-04-18T08:27:34.084+0000] {logging_mixin.py:188} INFO - [2024-04-18T08:27:34.084+0000] {dag.py:3096} INFO - Sync 1 DAGs
[2024-04-18T08:27:34.098+0000] {logging_mixin.py:188} INFO - [2024-04-18T08:27:34.098+0000] {dag.py:3954} INFO - Setting next_dagrun for example_display_name to None, run_after=None
[2024-04-18T08:27:34.125+0000] {processor.py:183} INFO - Processing /home/airflow/.local/lib/python3.12/site-packages/airflow/example_dags/example_display_name.py took 0.078 seconds
[2024-04-18T08:28:05.416+0000] {processor.py:161} INFO - Started process (PID=909) to work on /home/airflow/.local/lib/python3.12/site-packages/airflow/example_dags/example_display_name.py
[2024-04-18T08:28:05.433+0000] {processor.py:830} INFO - Processing file /home/airflow/.local/lib/python3.12/site-packages/airflow/example_dags/example_display_name.py for tasks to queue
[2024-04-18T08:28:05.445+0000] {logging_mixin.py:188} INFO - [2024-04-18T08:28:05.441+0000] {dagbag.py:540} INFO - Filling up the DagBag from /home/airflow/.local/lib/python3.12/site-packages/airflow/example_dags/example_display_name.py
[2024-04-18T08:28:05.473+0000] {processor.py:840} INFO - DAG(s) 'example_display_name' retrieved from /home/airflow/.local/lib/python3.12/site-packages/airflow/example_dags/example_display_name.py
[2024-04-18T08:28:05.532+0000] {logging_mixin.py:188} INFO - [2024-04-18T08:28:05.531+0000] {dag.py:3096} INFO - Sync 1 DAGs
[2024-04-18T08:28:05.544+0000] {logging_mixin.py:188} INFO - [2024-04-18T08:28:05.544+0000] {dag.py:3954} INFO - Setting next_dagrun for example_display_name to None, run_after=None
[2024-04-18T08:28:05.577+0000] {processor.py:183} INFO - Processing /home/airflow/.local/lib/python3.12/site-packages/airflow/example_dags/example_display_name.py took 0.185 seconds
[2024-04-18T08:28:37.404+0000] {processor.py:161} INFO - Started process (PID=1176) to work on /home/airflow/.local/lib/python3.12/site-packages/airflow/example_dags/example_display_name.py
[2024-04-18T08:28:37.411+0000] {processor.py:830} INFO - Processing file /home/airflow/.local/lib/python3.12/site-packages/airflow/example_dags/example_display_name.py for tasks to queue
[2024-04-18T08:28:37.423+0000] {logging_mixin.py:188} INFO - [2024-04-18T08:28:37.422+0000] {dagbag.py:540} INFO - Filling up the DagBag from /home/airflow/.local/lib/python3.12/site-packages/airflow/example_dags/example_display_name.py
[2024-04-18T08:28:37.443+0000] {processor.py:840} INFO - DAG(s) 'example_display_name' retrieved from /home/airflow/.local/lib/python3.12/site-packages/airflow/example_dags/example_display_name.py
[2024-04-18T08:28:37.497+0000] {logging_mixin.py:188} INFO - [2024-04-18T08:28:37.497+0000] {dag.py:3096} INFO - Sync 1 DAGs
[2024-04-18T08:28:37.568+0000] {logging_mixin.py:188} INFO - [2024-04-18T08:28:37.568+0000] {dag.py:3954} INFO - Setting next_dagrun for example_display_name to None, run_after=None
[2024-04-18T08:28:37.707+0000] {processor.py:183} INFO - Processing /home/airflow/.local/lib/python3.12/site-packages/airflow/example_dags/example_display_name.py took 0.319 seconds
[2024-04-18T08:29:08.381+0000] {processor.py:161} INFO - Started process (PID=1442) to work on /home/airflow/.local/lib/python3.12/site-packages/airflow/example_dags/example_display_name.py
[2024-04-18T08:29:08.382+0000] {processor.py:830} INFO - Processing file /home/airflow/.local/lib/python3.12/site-packages/airflow/example_dags/example_display_name.py for tasks to queue
[2024-04-18T08:29:08.384+0000] {logging_mixin.py:188} INFO - [2024-04-18T08:29:08.383+0000] {dagbag.py:540} INFO - Filling up the DagBag from /home/airflow/.local/lib/python3.12/site-packages/airflow/example_dags/example_display_name.py
[2024-04-18T08:29:08.397+0000] {processor.py:840} INFO - DAG(s) 'example_display_name' retrieved from /home/airflow/.local/lib/python3.12/site-packages/airflow/example_dags/example_display_name.py
[2024-04-18T08:29:08.426+0000] {logging_mixin.py:188} INFO - [2024-04-18T08:29:08.426+0000] {dag.py:3096} INFO - Sync 1 DAGs
[2024-04-18T08:29:08.440+0000] {logging_mixin.py:188} INFO - [2024-04-18T08:29:08.440+0000] {dag.py:3954} INFO - Setting next_dagrun for example_display_name to None, run_after=None
[2024-04-18T08:29:08.462+0000] {processor.py:183} INFO - Processing /home/airflow/.local/lib/python3.12/site-packages/airflow/example_dags/example_display_name.py took 0.088 seconds
[2024-04-18T08:29:38.547+0000] {processor.py:161} INFO - Started process (PID=1704) to work on /home/airflow/.local/lib/python3.12/site-packages/airflow/example_dags/example_display_name.py
[2024-04-18T08:29:38.548+0000] {processor.py:830} INFO - Processing file /home/airflow/.local/lib/python3.12/site-packages/airflow/example_dags/example_display_name.py for tasks to queue
[2024-04-18T08:29:38.549+0000] {logging_mixin.py:188} INFO - [2024-04-18T08:29:38.549+0000] {dagbag.py:540} INFO - Filling up the DagBag from /home/airflow/.local/lib/python3.12/site-packages/airflow/example_dags/example_display_name.py
[2024-04-18T08:29:38.554+0000] {processor.py:840} INFO - DAG(s) 'example_display_name' retrieved from /home/airflow/.local/lib/python3.12/site-packages/airflow/example_dags/example_display_name.py
[2024-04-18T08:29:38.569+0000] {logging_mixin.py:188} INFO - [2024-04-18T08:29:38.568+0000] {dag.py:3096} INFO - Sync 1 DAGs
[2024-04-18T08:29:38.579+0000] {logging_mixin.py:188} INFO - [2024-04-18T08:29:38.579+0000] {dag.py:3954} INFO - Setting next_dagrun for example_display_name to None, run_after=None
[2024-04-18T08:29:38.597+0000] {processor.py:183} INFO - Processing /home/airflow/.local/lib/python3.12/site-packages/airflow/example_dags/example_display_name.py took 0.055 seconds
[2024-04-18T08:30:08.710+0000] {processor.py:161} INFO - Started process (PID=1971) to work on /home/airflow/.local/lib/python3.12/site-packages/airflow/example_dags/example_display_name.py
[2024-04-18T08:30:08.711+0000] {processor.py:830} INFO - Processing file /home/airflow/.local/lib/python3.12/site-packages/airflow/example_dags/example_display_name.py for tasks to queue
[2024-04-18T08:30:08.712+0000] {logging_mixin.py:188} INFO - [2024-04-18T08:30:08.712+0000] {dagbag.py:540} INFO - Filling up the DagBag from /home/airflow/.local/lib/python3.12/site-packages/airflow/example_dags/example_display_name.py
[2024-04-18T08:30:08.717+0000] {processor.py:840} INFO - DAG(s) 'example_display_name' retrieved from /home/airflow/.local/lib/python3.12/site-packages/airflow/example_dags/example_display_name.py
[2024-04-18T08:30:08.732+0000] {logging_mixin.py:188} INFO - [2024-04-18T08:30:08.731+0000] {dag.py:3096} INFO - Sync 1 DAGs
[2024-04-18T08:30:08.741+0000] {logging_mixin.py:188} INFO - [2024-04-18T08:30:08.741+0000] {dag.py:3954} INFO - Setting next_dagrun for example_display_name to None, run_after=None
[2024-04-18T08:30:08.759+0000] {processor.py:183} INFO - Processing /home/airflow/.local/lib/python3.12/site-packages/airflow/example_dags/example_display_name.py took 0.053 seconds
[2024-04-18T08:30:39.243+0000] {processor.py:161} INFO - Started process (PID=2238) to work on /home/airflow/.local/lib/python3.12/site-packages/airflow/example_dags/example_display_name.py
[2024-04-18T08:30:39.244+0000] {processor.py:830} INFO - Processing file /home/airflow/.local/lib/python3.12/site-packages/airflow/example_dags/example_display_name.py for tasks to queue
[2024-04-18T08:30:39.245+0000] {logging_mixin.py:188} INFO - [2024-04-18T08:30:39.245+0000] {dagbag.py:540} INFO - Filling up the DagBag from /home/airflow/.local/lib/python3.12/site-packages/airflow/example_dags/example_display_name.py
[2024-04-18T08:30:39.249+0000] {processor.py:840} INFO - DAG(s) 'example_display_name' retrieved from /home/airflow/.local/lib/python3.12/site-packages/airflow/example_dags/example_display_name.py
[2024-04-18T08:30:39.266+0000] {logging_mixin.py:188} INFO - [2024-04-18T08:30:39.266+0000] {dag.py:3096} INFO - Sync 1 DAGs
[2024-04-18T08:30:39.275+0000] {logging_mixin.py:188} INFO - [2024-04-18T08:30:39.275+0000] {dag.py:3954} INFO - Setting next_dagrun for example_display_name to None, run_after=None
[2024-04-18T08:30:39.300+0000] {processor.py:183} INFO - Processing /home/airflow/.local/lib/python3.12/site-packages/airflow/example_dags/example_display_name.py took 0.062 seconds
[2024-04-18T08:31:09.662+0000] {processor.py:161} INFO - Started process (PID=2504) to work on /home/airflow/.local/lib/python3.12/site-packages/airflow/example_dags/example_display_name.py
[2024-04-18T08:31:09.663+0000] {processor.py:830} INFO - Processing file /home/airflow/.local/lib/python3.12/site-packages/airflow/example_dags/example_display_name.py for tasks to queue
[2024-04-18T08:31:09.664+0000] {logging_mixin.py:188} INFO - [2024-04-18T08:31:09.664+0000] {dagbag.py:540} INFO - Filling up the DagBag from /home/airflow/.local/lib/python3.12/site-packages/airflow/example_dags/example_display_name.py
[2024-04-18T08:31:09.668+0000] {processor.py:840} INFO - DAG(s) 'example_display_name' retrieved from /home/airflow/.local/lib/python3.12/site-packages/airflow/example_dags/example_display_name.py
[2024-04-18T08:31:09.684+0000] {logging_mixin.py:188} INFO - [2024-04-18T08:31:09.684+0000] {dag.py:3096} INFO - Sync 1 DAGs
[2024-04-18T08:31:09.693+0000] {logging_mixin.py:188} INFO - [2024-04-18T08:31:09.693+0000] {dag.py:3954} INFO - Setting next_dagrun for example_display_name to None, run_after=None
[2024-04-18T08:31:09.714+0000] {processor.py:183} INFO - Processing /home/airflow/.local/lib/python3.12/site-packages/airflow/example_dags/example_display_name.py took 0.057 seconds
[2024-04-18T08:31:40.029+0000] {processor.py:161} INFO - Started process (PID=2770) to work on /home/airflow/.local/lib/python3.12/site-packages/airflow/example_dags/example_display_name.py
[2024-04-18T08:31:40.030+0000] {processor.py:830} INFO - Processing file /home/airflow/.local/lib/python3.12/site-packages/airflow/example_dags/example_display_name.py for tasks to queue
[2024-04-18T08:31:40.032+0000] {logging_mixin.py:188} INFO - [2024-04-18T08:31:40.032+0000] {dagbag.py:540} INFO - Filling up the DagBag from /home/airflow/.local/lib/python3.12/site-packages/airflow/example_dags/example_display_name.py
[2024-04-18T08:31:40.039+0000] {processor.py:840} INFO - DAG(s) 'example_display_name' retrieved from /home/airflow/.local/lib/python3.12/site-packages/airflow/example_dags/example_display_name.py
[2024-04-18T08:31:40.055+0000] {logging_mixin.py:188} INFO - [2024-04-18T08:31:40.055+0000] {dag.py:3096} INFO - Sync 1 DAGs
[2024-04-18T08:31:40.065+0000] {logging_mixin.py:188} INFO - [2024-04-18T08:31:40.065+0000] {dag.py:3954} INFO - Setting next_dagrun for example_display_name to None, run_after=None
[2024-04-18T08:31:40.083+0000] {processor.py:183} INFO - Processing /home/airflow/.local/lib/python3.12/site-packages/airflow/example_dags/example_display_name.py took 0.060 seconds
[2024-04-18T08:32:10.934+0000] {processor.py:161} INFO - Started process (PID=3037) to work on /home/airflow/.local/lib/python3.12/site-packages/airflow/example_dags/example_display_name.py
[2024-04-18T08:32:10.935+0000] {processor.py:830} INFO - Processing file /home/airflow/.local/lib/python3.12/site-packages/airflow/example_dags/example_display_name.py for tasks to queue
[2024-04-18T08:32:10.937+0000] {logging_mixin.py:188} INFO - [2024-04-18T08:32:10.937+0000] {dagbag.py:540} INFO - Filling up the DagBag from /home/airflow/.local/lib/python3.12/site-packages/airflow/example_dags/example_display_name.py
[2024-04-18T08:32:10.944+0000] {processor.py:840} INFO - DAG(s) 'example_display_name' retrieved from /home/airflow/.local/lib/python3.12/site-packages/airflow/example_dags/example_display_name.py
[2024-04-18T08:32:10.965+0000] {logging_mixin.py:188} INFO - [2024-04-18T08:32:10.965+0000] {dag.py:3096} INFO - Sync 1 DAGs
[2024-04-18T08:32:10.980+0000] {logging_mixin.py:188} INFO - [2024-04-18T08:32:10.979+0000] {dag.py:3954} INFO - Setting next_dagrun for example_display_name to None, run_after=None
[2024-04-18T08:32:11.004+0000] {processor.py:183} INFO - Processing /home/airflow/.local/lib/python3.12/site-packages/airflow/example_dags/example_display_name.py took 0.077 seconds
[2024-04-18T08:32:41.678+0000] {processor.py:161} INFO - Started process (PID=3304) to work on /home/airflow/.local/lib/python3.12/site-packages/airflow/example_dags/example_display_name.py
[2024-04-18T08:32:41.679+0000] {processor.py:830} INFO - Processing file /home/airflow/.local/lib/python3.12/site-packages/airflow/example_dags/example_display_name.py for tasks to queue
[2024-04-18T08:32:41.681+0000] {logging_mixin.py:188} INFO - [2024-04-18T08:32:41.680+0000] {dagbag.py:540} INFO - Filling up the DagBag from /home/airflow/.local/lib/python3.12/site-packages/airflow/example_dags/example_display_name.py
[2024-04-18T08:32:41.685+0000] {processor.py:840} INFO - DAG(s) 'example_display_name' retrieved from /home/airflow/.local/lib/python3.12/site-packages/airflow/example_dags/example_display_name.py
[2024-04-18T08:32:41.702+0000] {logging_mixin.py:188} INFO - [2024-04-18T08:32:41.701+0000] {dag.py:3096} INFO - Sync 1 DAGs
[2024-04-18T08:32:41.711+0000] {logging_mixin.py:188} INFO - [2024-04-18T08:32:41.711+0000] {dag.py:3954} INFO - Setting next_dagrun for example_display_name to None, run_after=None
[2024-04-18T08:32:41.729+0000] {processor.py:183} INFO - Processing /home/airflow/.local/lib/python3.12/site-packages/airflow/example_dags/example_display_name.py took 0.055 seconds
[2024-04-18T08:33:12.125+0000] {processor.py:161} INFO - Started process (PID=3570) to work on /home/airflow/.local/lib/python3.12/site-packages/airflow/example_dags/example_display_name.py
[2024-04-18T08:33:12.125+0000] {processor.py:830} INFO - Processing file /home/airflow/.local/lib/python3.12/site-packages/airflow/example_dags/example_display_name.py for tasks to queue
[2024-04-18T08:33:12.127+0000] {logging_mixin.py:188} INFO - [2024-04-18T08:33:12.126+0000] {dagbag.py:540} INFO - Filling up the DagBag from /home/airflow/.local/lib/python3.12/site-packages/airflow/example_dags/example_display_name.py
[2024-04-18T08:33:12.131+0000] {processor.py:840} INFO - DAG(s) 'example_display_name' retrieved from /home/airflow/.local/lib/python3.12/site-packages/airflow/example_dags/example_display_name.py
[2024-04-18T08:33:12.146+0000] {logging_mixin.py:188} INFO - [2024-04-18T08:33:12.146+0000] {dag.py:3096} INFO - Sync 1 DAGs
[2024-04-18T08:33:12.155+0000] {logging_mixin.py:188} INFO - [2024-04-18T08:33:12.155+0000] {dag.py:3954} INFO - Setting next_dagrun for example_display_name to None, run_after=None
[2024-04-18T08:33:12.174+0000] {processor.py:183} INFO - Processing /home/airflow/.local/lib/python3.12/site-packages/airflow/example_dags/example_display_name.py took 0.054 seconds
[2024-04-18T08:33:42.963+0000] {processor.py:161} INFO - Started process (PID=3837) to work on /home/airflow/.local/lib/python3.12/site-packages/airflow/example_dags/example_display_name.py
[2024-04-18T08:33:42.964+0000] {processor.py:830} INFO - Processing file /home/airflow/.local/lib/python3.12/site-packages/airflow/example_dags/example_display_name.py for tasks to queue
[2024-04-18T08:33:42.973+0000] {logging_mixin.py:188} INFO - [2024-04-18T08:33:42.973+0000] {dagbag.py:540} INFO - Filling up the DagBag from /home/airflow/.local/lib/python3.12/site-packages/airflow/example_dags/example_display_name.py
[2024-04-18T08:33:42.979+0000] {processor.py:840} INFO - DAG(s) 'example_display_name' retrieved from /home/airflow/.local/lib/python3.12/site-packages/airflow/example_dags/example_display_name.py
[2024-04-18T08:33:43.044+0000] {logging_mixin.py:188} INFO - [2024-04-18T08:33:43.041+0000] {dag.py:3096} INFO - Sync 1 DAGs
[2024-04-18T08:33:43.099+0000] {logging_mixin.py:188} INFO - [2024-04-18T08:33:43.098+0000] {dag.py:3954} INFO - Setting next_dagrun for example_display_name to None, run_after=None
[2024-04-18T08:33:43.160+0000] {processor.py:183} INFO - Processing /home/airflow/.local/lib/python3.12/site-packages/airflow/example_dags/example_display_name.py took 0.218 seconds
[2024-04-18T08:34:13.510+0000] {processor.py:161} INFO - Started process (PID=4109) to work on /home/airflow/.local/lib/python3.12/site-packages/airflow/example_dags/example_display_name.py
[2024-04-18T08:34:13.511+0000] {processor.py:830} INFO - Processing file /home/airflow/.local/lib/python3.12/site-packages/airflow/example_dags/example_display_name.py for tasks to queue
[2024-04-18T08:34:13.513+0000] {logging_mixin.py:188} INFO - [2024-04-18T08:34:13.513+0000] {dagbag.py:540} INFO - Filling up the DagBag from /home/airflow/.local/lib/python3.12/site-packages/airflow/example_dags/example_display_name.py
[2024-04-18T08:34:13.519+0000] {processor.py:840} INFO - DAG(s) 'example_display_name' retrieved from /home/airflow/.local/lib/python3.12/site-packages/airflow/example_dags/example_display_name.py
[2024-04-18T08:34:13.538+0000] {logging_mixin.py:188} INFO - [2024-04-18T08:34:13.538+0000] {dag.py:3096} INFO - Sync 1 DAGs
[2024-04-18T08:34:13.550+0000] {logging_mixin.py:188} INFO - [2024-04-18T08:34:13.550+0000] {dag.py:3954} INFO - Setting next_dagrun for example_display_name to None, run_after=None
[2024-04-18T08:34:13.573+0000] {processor.py:183} INFO - Processing /home/airflow/.local/lib/python3.12/site-packages/airflow/example_dags/example_display_name.py took 0.068 seconds
[2024-04-18T08:34:43.999+0000] {processor.py:161} INFO - Started process (PID=4376) to work on /home/airflow/.local/lib/python3.12/site-packages/airflow/example_dags/example_display_name.py
[2024-04-18T08:34:44.001+0000] {processor.py:830} INFO - Processing file /home/airflow/.local/lib/python3.12/site-packages/airflow/example_dags/example_display_name.py for tasks to queue
[2024-04-18T08:34:44.010+0000] {logging_mixin.py:188} INFO - [2024-04-18T08:34:44.010+0000] {dagbag.py:540} INFO - Filling up the DagBag from /home/airflow/.local/lib/python3.12/site-packages/airflow/example_dags/example_display_name.py
[2024-04-18T08:34:44.016+0000] {processor.py:840} INFO - DAG(s) 'example_display_name' retrieved from /home/airflow/.local/lib/python3.12/site-packages/airflow/example_dags/example_display_name.py
[2024-04-18T08:34:44.037+0000] {logging_mixin.py:188} INFO - [2024-04-18T08:34:44.037+0000] {dag.py:3096} INFO - Sync 1 DAGs
[2024-04-18T08:34:44.051+0000] {logging_mixin.py:188} INFO - [2024-04-18T08:34:44.050+0000] {dag.py:3954} INFO - Setting next_dagrun for example_display_name to None, run_after=None
[2024-04-18T08:34:44.072+0000] {processor.py:183} INFO - Processing /home/airflow/.local/lib/python3.12/site-packages/airflow/example_dags/example_display_name.py took 0.078 seconds
[2024-04-18T08:35:14.579+0000] {processor.py:161} INFO - Started process (PID=4643) to work on /home/airflow/.local/lib/python3.12/site-packages/airflow/example_dags/example_display_name.py
[2024-04-18T08:35:14.580+0000] {processor.py:830} INFO - Processing file /home/airflow/.local/lib/python3.12/site-packages/airflow/example_dags/example_display_name.py for tasks to queue
[2024-04-18T08:35:14.581+0000] {logging_mixin.py:188} INFO - [2024-04-18T08:35:14.581+0000] {dagbag.py:540} INFO - Filling up the DagBag from /home/airflow/.local/lib/python3.12/site-packages/airflow/example_dags/example_display_name.py
[2024-04-18T08:35:14.586+0000] {processor.py:840} INFO - DAG(s) 'example_display_name' retrieved from /home/airflow/.local/lib/python3.12/site-packages/airflow/example_dags/example_display_name.py
[2024-04-18T08:35:14.601+0000] {logging_mixin.py:188} INFO - [2024-04-18T08:35:14.601+0000] {dag.py:3096} INFO - Sync 1 DAGs
[2024-04-18T08:35:14.611+0000] {logging_mixin.py:188} INFO - [2024-04-18T08:35:14.611+0000] {dag.py:3954} INFO - Setting next_dagrun for example_display_name to None, run_after=None
[2024-04-18T08:35:14.630+0000] {processor.py:183} INFO - Processing /home/airflow/.local/lib/python3.12/site-packages/airflow/example_dags/example_display_name.py took 0.056 seconds
[2024-04-18T08:35:44.820+0000] {processor.py:161} INFO - Started process (PID=4907) to work on /home/airflow/.local/lib/python3.12/site-packages/airflow/example_dags/example_display_name.py
[2024-04-18T08:35:44.821+0000] {processor.py:830} INFO - Processing file /home/airflow/.local/lib/python3.12/site-packages/airflow/example_dags/example_display_name.py for tasks to queue
[2024-04-18T08:35:44.823+0000] {logging_mixin.py:188} INFO - [2024-04-18T08:35:44.822+0000] {dagbag.py:540} INFO - Filling up the DagBag from /home/airflow/.local/lib/python3.12/site-packages/airflow/example_dags/example_display_name.py
[2024-04-18T08:35:44.828+0000] {processor.py:840} INFO - DAG(s) 'example_display_name' retrieved from /home/airflow/.local/lib/python3.12/site-packages/airflow/example_dags/example_display_name.py
[2024-04-18T08:35:44.850+0000] {logging_mixin.py:188} INFO - [2024-04-18T08:35:44.849+0000] {dag.py:3096} INFO - Sync 1 DAGs
[2024-04-18T08:35:44.864+0000] {logging_mixin.py:188} INFO - [2024-04-18T08:35:44.864+0000] {dag.py:3954} INFO - Setting next_dagrun for example_display_name to None, run_after=None
[2024-04-18T08:35:45.088+0000] {processor.py:183} INFO - Processing /home/airflow/.local/lib/python3.12/site-packages/airflow/example_dags/example_display_name.py took 0.274 seconds
[2024-04-18T08:36:15.163+0000] {processor.py:161} INFO - Started process (PID=5171) to work on /home/airflow/.local/lib/python3.12/site-packages/airflow/example_dags/example_display_name.py
[2024-04-18T08:36:15.164+0000] {processor.py:830} INFO - Processing file /home/airflow/.local/lib/python3.12/site-packages/airflow/example_dags/example_display_name.py for tasks to queue
[2024-04-18T08:36:15.165+0000] {logging_mixin.py:188} INFO - [2024-04-18T08:36:15.165+0000] {dagbag.py:540} INFO - Filling up the DagBag from /home/airflow/.local/lib/python3.12/site-packages/airflow/example_dags/example_display_name.py
[2024-04-18T08:36:15.171+0000] {processor.py:840} INFO - DAG(s) 'example_display_name' retrieved from /home/airflow/.local/lib/python3.12/site-packages/airflow/example_dags/example_display_name.py
[2024-04-18T08:36:15.186+0000] {logging_mixin.py:188} INFO - [2024-04-18T08:36:15.186+0000] {dag.py:3096} INFO - Sync 1 DAGs
[2024-04-18T08:36:15.195+0000] {logging_mixin.py:188} INFO - [2024-04-18T08:36:15.195+0000] {dag.py:3954} INFO - Setting next_dagrun for example_display_name to None, run_after=None
[2024-04-18T08:36:15.214+0000] {processor.py:183} INFO - Processing /home/airflow/.local/lib/python3.12/site-packages/airflow/example_dags/example_display_name.py took 0.055 seconds
[2024-04-18T08:36:45.686+0000] {processor.py:161} INFO - Started process (PID=5440) to work on /home/airflow/.local/lib/python3.12/site-packages/airflow/example_dags/example_display_name.py
[2024-04-18T08:36:45.687+0000] {processor.py:830} INFO - Processing file /home/airflow/.local/lib/python3.12/site-packages/airflow/example_dags/example_display_name.py for tasks to queue
[2024-04-18T08:36:45.689+0000] {logging_mixin.py:188} INFO - [2024-04-18T08:36:45.689+0000] {dagbag.py:540} INFO - Filling up the DagBag from /home/airflow/.local/lib/python3.12/site-packages/airflow/example_dags/example_display_name.py
[2024-04-18T08:36:45.695+0000] {processor.py:840} INFO - DAG(s) 'example_display_name' retrieved from /home/airflow/.local/lib/python3.12/site-packages/airflow/example_dags/example_display_name.py
[2024-04-18T08:36:45.716+0000] {logging_mixin.py:188} INFO - [2024-04-18T08:36:45.716+0000] {dag.py:3096} INFO - Sync 1 DAGs
[2024-04-18T08:36:45.729+0000] {logging_mixin.py:188} INFO - [2024-04-18T08:36:45.729+0000] {dag.py:3954} INFO - Setting next_dagrun for example_display_name to None, run_after=None
[2024-04-18T08:36:45.751+0000] {processor.py:183} INFO - Processing /home/airflow/.local/lib/python3.12/site-packages/airflow/example_dags/example_display_name.py took 0.071 seconds
[2024-04-18T08:37:16.466+0000] {processor.py:161} INFO - Started process (PID=5708) to work on /home/airflow/.local/lib/python3.12/site-packages/airflow/example_dags/example_display_name.py
[2024-04-18T08:37:16.466+0000] {processor.py:830} INFO - Processing file /home/airflow/.local/lib/python3.12/site-packages/airflow/example_dags/example_display_name.py for tasks to queue
[2024-04-18T08:37:16.468+0000] {logging_mixin.py:188} INFO - [2024-04-18T08:37:16.467+0000] {dagbag.py:540} INFO - Filling up the DagBag from /home/airflow/.local/lib/python3.12/site-packages/airflow/example_dags/example_display_name.py
[2024-04-18T08:37:16.472+0000] {processor.py:840} INFO - DAG(s) 'example_display_name' retrieved from /home/airflow/.local/lib/python3.12/site-packages/airflow/example_dags/example_display_name.py
[2024-04-18T08:37:16.488+0000] {logging_mixin.py:188} INFO - [2024-04-18T08:37:16.487+0000] {dag.py:3096} INFO - Sync 1 DAGs
[2024-04-18T08:37:16.497+0000] {logging_mixin.py:188} INFO - [2024-04-18T08:37:16.497+0000] {dag.py:3954} INFO - Setting next_dagrun for example_display_name to None, run_after=None
[2024-04-18T08:37:16.515+0000] {processor.py:183} INFO - Processing /home/airflow/.local/lib/python3.12/site-packages/airflow/example_dags/example_display_name.py took 0.054 seconds
[2024-04-18T08:37:47.587+0000] {processor.py:161} INFO - Started process (PID=5971) to work on /home/airflow/.local/lib/python3.12/site-packages/airflow/example_dags/example_display_name.py
[2024-04-18T08:37:47.588+0000] {processor.py:830} INFO - Processing file /home/airflow/.local/lib/python3.12/site-packages/airflow/example_dags/example_display_name.py for tasks to queue
[2024-04-18T08:37:47.590+0000] {logging_mixin.py:188} INFO - [2024-04-18T08:37:47.589+0000] {dagbag.py:540} INFO - Filling up the DagBag from /home/airflow/.local/lib/python3.12/site-packages/airflow/example_dags/example_display_name.py
[2024-04-18T08:37:47.595+0000] {processor.py:840} INFO - DAG(s) 'example_display_name' retrieved from /home/airflow/.local/lib/python3.12/site-packages/airflow/example_dags/example_display_name.py
[2024-04-18T08:37:47.615+0000] {logging_mixin.py:188} INFO - [2024-04-18T08:37:47.615+0000] {dag.py:3096} INFO - Sync 1 DAGs
[2024-04-18T08:37:47.817+0000] {logging_mixin.py:188} INFO - [2024-04-18T08:37:47.816+0000] {dag.py:3954} INFO - Setting next_dagrun for example_display_name to None, run_after=None
[2024-04-18T08:37:47.838+0000] {processor.py:183} INFO - Processing /home/airflow/.local/lib/python3.12/site-packages/airflow/example_dags/example_display_name.py took 0.257 seconds
[2024-04-18T08:38:18.206+0000] {processor.py:161} INFO - Started process (PID=6238) to work on /home/airflow/.local/lib/python3.12/site-packages/airflow/example_dags/example_display_name.py
[2024-04-18T08:38:18.207+0000] {processor.py:830} INFO - Processing file /home/airflow/.local/lib/python3.12/site-packages/airflow/example_dags/example_display_name.py for tasks to queue
[2024-04-18T08:38:18.210+0000] {logging_mixin.py:188} INFO - [2024-04-18T08:38:18.210+0000] {dagbag.py:540} INFO - Filling up the DagBag from /home/airflow/.local/lib/python3.12/site-packages/airflow/example_dags/example_display_name.py
[2024-04-18T08:38:18.222+0000] {processor.py:840} INFO - DAG(s) 'example_display_name' retrieved from /home/airflow/.local/lib/python3.12/site-packages/airflow/example_dags/example_display_name.py
[2024-04-18T08:38:18.254+0000] {logging_mixin.py:188} INFO - [2024-04-18T08:38:18.254+0000] {dag.py:3096} INFO - Sync 1 DAGs
[2024-04-18T08:38:18.268+0000] {logging_mixin.py:188} INFO - [2024-04-18T08:38:18.267+0000] {dag.py:3954} INFO - Setting next_dagrun for example_display_name to None, run_after=None
[2024-04-18T08:38:18.290+0000] {processor.py:183} INFO - Processing /home/airflow/.local/lib/python3.12/site-packages/airflow/example_dags/example_display_name.py took 0.100 seconds
[2024-04-18T08:38:48.386+0000] {processor.py:161} INFO - Started process (PID=6501) to work on /home/airflow/.local/lib/python3.12/site-packages/airflow/example_dags/example_display_name.py
[2024-04-18T08:38:48.386+0000] {processor.py:830} INFO - Processing file /home/airflow/.local/lib/python3.12/site-packages/airflow/example_dags/example_display_name.py for tasks to queue
[2024-04-18T08:38:48.388+0000] {logging_mixin.py:188} INFO - [2024-04-18T08:38:48.388+0000] {dagbag.py:540} INFO - Filling up the DagBag from /home/airflow/.local/lib/python3.12/site-packages/airflow/example_dags/example_display_name.py
[2024-04-18T08:38:48.393+0000] {processor.py:840} INFO - DAG(s) 'example_display_name' retrieved from /home/airflow/.local/lib/python3.12/site-packages/airflow/example_dags/example_display_name.py
[2024-04-18T08:38:48.410+0000] {logging_mixin.py:188} INFO - [2024-04-18T08:38:48.409+0000] {dag.py:3096} INFO - Sync 1 DAGs
[2024-04-18T08:38:48.419+0000] {logging_mixin.py:188} INFO - [2024-04-18T08:38:48.419+0000] {dag.py:3954} INFO - Setting next_dagrun for example_display_name to None, run_after=None
[2024-04-18T08:38:48.438+0000] {processor.py:183} INFO - Processing /home/airflow/.local/lib/python3.12/site-packages/airflow/example_dags/example_display_name.py took 0.059 seconds
[2024-04-18T08:39:18.996+0000] {processor.py:161} INFO - Started process (PID=6765) to work on /home/airflow/.local/lib/python3.12/site-packages/airflow/example_dags/example_display_name.py
[2024-04-18T08:39:18.997+0000] {processor.py:830} INFO - Processing file /home/airflow/.local/lib/python3.12/site-packages/airflow/example_dags/example_display_name.py for tasks to queue
[2024-04-18T08:39:18.999+0000] {logging_mixin.py:188} INFO - [2024-04-18T08:39:18.998+0000] {dagbag.py:540} INFO - Filling up the DagBag from /home/airflow/.local/lib/python3.12/site-packages/airflow/example_dags/example_display_name.py
[2024-04-18T08:39:19.005+0000] {processor.py:840} INFO - DAG(s) 'example_display_name' retrieved from /home/airflow/.local/lib/python3.12/site-packages/airflow/example_dags/example_display_name.py
[2024-04-18T08:39:19.027+0000] {logging_mixin.py:188} INFO - [2024-04-18T08:39:19.026+0000] {dag.py:3096} INFO - Sync 1 DAGs
[2024-04-18T08:39:19.039+0000] {logging_mixin.py:188} INFO - [2024-04-18T08:39:19.038+0000] {dag.py:3954} INFO - Setting next_dagrun for example_display_name to None, run_after=None
[2024-04-18T08:39:19.060+0000] {processor.py:183} INFO - Processing /home/airflow/.local/lib/python3.12/site-packages/airflow/example_dags/example_display_name.py took 0.075 seconds
[2024-04-18T08:39:49.485+0000] {processor.py:161} INFO - Started process (PID=7034) to work on /home/airflow/.local/lib/python3.12/site-packages/airflow/example_dags/example_display_name.py
[2024-04-18T08:39:49.486+0000] {processor.py:830} INFO - Processing file /home/airflow/.local/lib/python3.12/site-packages/airflow/example_dags/example_display_name.py for tasks to queue
[2024-04-18T08:39:49.487+0000] {logging_mixin.py:188} INFO - [2024-04-18T08:39:49.487+0000] {dagbag.py:540} INFO - Filling up the DagBag from /home/airflow/.local/lib/python3.12/site-packages/airflow/example_dags/example_display_name.py
[2024-04-18T08:39:49.492+0000] {processor.py:840} INFO - DAG(s) 'example_display_name' retrieved from /home/airflow/.local/lib/python3.12/site-packages/airflow/example_dags/example_display_name.py
[2024-04-18T08:39:49.507+0000] {logging_mixin.py:188} INFO - [2024-04-18T08:39:49.507+0000] {dag.py:3096} INFO - Sync 1 DAGs
[2024-04-18T08:39:49.517+0000] {logging_mixin.py:188} INFO - [2024-04-18T08:39:49.517+0000] {dag.py:3954} INFO - Setting next_dagrun for example_display_name to None, run_after=None
[2024-04-18T08:39:49.535+0000] {processor.py:183} INFO - Processing /home/airflow/.local/lib/python3.12/site-packages/airflow/example_dags/example_display_name.py took 0.056 seconds
[2024-04-18T08:40:20.897+0000] {processor.py:161} INFO - Started process (PID=7298) to work on /home/airflow/.local/lib/python3.12/site-packages/airflow/example_dags/example_display_name.py
[2024-04-18T08:40:20.898+0000] {processor.py:830} INFO - Processing file /home/airflow/.local/lib/python3.12/site-packages/airflow/example_dags/example_display_name.py for tasks to queue
[2024-04-18T08:40:20.901+0000] {logging_mixin.py:188} INFO - [2024-04-18T08:40:20.900+0000] {dagbag.py:540} INFO - Filling up the DagBag from /home/airflow/.local/lib/python3.12/site-packages/airflow/example_dags/example_display_name.py
[2024-04-18T08:40:20.914+0000] {processor.py:840} INFO - DAG(s) 'example_display_name' retrieved from /home/airflow/.local/lib/python3.12/site-packages/airflow/example_dags/example_display_name.py
[2024-04-18T08:40:20.956+0000] {logging_mixin.py:188} INFO - [2024-04-18T08:40:20.955+0000] {dag.py:3096} INFO - Sync 1 DAGs
[2024-04-18T08:40:20.971+0000] {logging_mixin.py:188} INFO - [2024-04-18T08:40:20.971+0000] {dag.py:3954} INFO - Setting next_dagrun for example_display_name to None, run_after=None
[2024-04-18T08:40:21.030+0000] {processor.py:183} INFO - Processing /home/airflow/.local/lib/python3.12/site-packages/airflow/example_dags/example_display_name.py took 0.139 seconds
[2024-04-18T08:40:51.197+0000] {processor.py:161} INFO - Started process (PID=7564) to work on /home/airflow/.local/lib/python3.12/site-packages/airflow/example_dags/example_display_name.py
[2024-04-18T08:40:51.198+0000] {processor.py:830} INFO - Processing file /home/airflow/.local/lib/python3.12/site-packages/airflow/example_dags/example_display_name.py for tasks to queue
[2024-04-18T08:40:51.200+0000] {logging_mixin.py:188} INFO - [2024-04-18T08:40:51.199+0000] {dagbag.py:540} INFO - Filling up the DagBag from /home/airflow/.local/lib/python3.12/site-packages/airflow/example_dags/example_display_name.py
[2024-04-18T08:40:51.206+0000] {processor.py:840} INFO - DAG(s) 'example_display_name' retrieved from /home/airflow/.local/lib/python3.12/site-packages/airflow/example_dags/example_display_name.py
[2024-04-18T08:40:51.227+0000] {logging_mixin.py:188} INFO - [2024-04-18T08:40:51.226+0000] {dag.py:3096} INFO - Sync 1 DAGs
[2024-04-18T08:40:51.241+0000] {logging_mixin.py:188} INFO - [2024-04-18T08:40:51.241+0000] {dag.py:3954} INFO - Setting next_dagrun for example_display_name to None, run_after=None
[2024-04-18T08:40:51.268+0000] {processor.py:183} INFO - Processing /home/airflow/.local/lib/python3.12/site-packages/airflow/example_dags/example_display_name.py took 0.076 seconds
[2024-04-18T08:41:21.931+0000] {processor.py:161} INFO - Started process (PID=7832) to work on /home/airflow/.local/lib/python3.12/site-packages/airflow/example_dags/example_display_name.py
[2024-04-18T08:41:21.932+0000] {processor.py:830} INFO - Processing file /home/airflow/.local/lib/python3.12/site-packages/airflow/example_dags/example_display_name.py for tasks to queue
[2024-04-18T08:41:21.933+0000] {logging_mixin.py:188} INFO - [2024-04-18T08:41:21.933+0000] {dagbag.py:540} INFO - Filling up the DagBag from /home/airflow/.local/lib/python3.12/site-packages/airflow/example_dags/example_display_name.py
[2024-04-18T08:41:21.939+0000] {processor.py:840} INFO - DAG(s) 'example_display_name' retrieved from /home/airflow/.local/lib/python3.12/site-packages/airflow/example_dags/example_display_name.py
[2024-04-18T08:41:21.960+0000] {logging_mixin.py:188} INFO - [2024-04-18T08:41:21.959+0000] {dag.py:3096} INFO - Sync 1 DAGs
[2024-04-18T08:41:21.971+0000] {logging_mixin.py:188} INFO - [2024-04-18T08:41:21.970+0000] {dag.py:3954} INFO - Setting next_dagrun for example_display_name to None, run_after=None
[2024-04-18T08:41:21.988+0000] {processor.py:183} INFO - Processing /home/airflow/.local/lib/python3.12/site-packages/airflow/example_dags/example_display_name.py took 0.063 seconds
[2024-04-18T08:41:53.196+0000] {processor.py:161} INFO - Started process (PID=8100) to work on /home/airflow/.local/lib/python3.12/site-packages/airflow/example_dags/example_display_name.py
[2024-04-18T08:41:53.203+0000] {processor.py:830} INFO - Processing file /home/airflow/.local/lib/python3.12/site-packages/airflow/example_dags/example_display_name.py for tasks to queue
[2024-04-18T08:41:53.209+0000] {logging_mixin.py:188} INFO - [2024-04-18T08:41:53.209+0000] {dagbag.py:540} INFO - Filling up the DagBag from /home/airflow/.local/lib/python3.12/site-packages/airflow/example_dags/example_display_name.py
[2024-04-18T08:41:53.246+0000] {processor.py:840} INFO - DAG(s) 'example_display_name' retrieved from /home/airflow/.local/lib/python3.12/site-packages/airflow/example_dags/example_display_name.py
[2024-04-18T08:41:53.291+0000] {logging_mixin.py:188} INFO - [2024-04-18T08:41:53.290+0000] {dag.py:3096} INFO - Sync 1 DAGs
[2024-04-18T08:41:53.397+0000] {logging_mixin.py:188} INFO - [2024-04-18T08:41:53.395+0000] {dag.py:3954} INFO - Setting next_dagrun for example_display_name to None, run_after=None
[2024-04-18T08:41:53.437+0000] {processor.py:183} INFO - Processing /home/airflow/.local/lib/python3.12/site-packages/airflow/example_dags/example_display_name.py took 0.256 seconds
[2024-04-18T08:42:24.286+0000] {processor.py:161} INFO - Started process (PID=8369) to work on /home/airflow/.local/lib/python3.12/site-packages/airflow/example_dags/example_display_name.py
[2024-04-18T08:42:24.287+0000] {processor.py:830} INFO - Processing file /home/airflow/.local/lib/python3.12/site-packages/airflow/example_dags/example_display_name.py for tasks to queue
[2024-04-18T08:42:24.289+0000] {logging_mixin.py:188} INFO - [2024-04-18T08:42:24.289+0000] {dagbag.py:540} INFO - Filling up the DagBag from /home/airflow/.local/lib/python3.12/site-packages/airflow/example_dags/example_display_name.py
[2024-04-18T08:42:24.296+0000] {processor.py:840} INFO - DAG(s) 'example_display_name' retrieved from /home/airflow/.local/lib/python3.12/site-packages/airflow/example_dags/example_display_name.py
[2024-04-18T08:42:24.315+0000] {logging_mixin.py:188} INFO - [2024-04-18T08:42:24.314+0000] {dag.py:3096} INFO - Sync 1 DAGs
[2024-04-18T08:42:24.329+0000] {logging_mixin.py:188} INFO - [2024-04-18T08:42:24.329+0000] {dag.py:3954} INFO - Setting next_dagrun for example_display_name to None, run_after=None
[2024-04-18T08:42:24.358+0000] {processor.py:183} INFO - Processing /home/airflow/.local/lib/python3.12/site-packages/airflow/example_dags/example_display_name.py took 0.078 seconds
[2024-04-18T08:42:54.853+0000] {processor.py:161} INFO - Started process (PID=8635) to work on /home/airflow/.local/lib/python3.12/site-packages/airflow/example_dags/example_display_name.py
[2024-04-18T08:42:54.854+0000] {processor.py:830} INFO - Processing file /home/airflow/.local/lib/python3.12/site-packages/airflow/example_dags/example_display_name.py for tasks to queue
[2024-04-18T08:42:54.856+0000] {logging_mixin.py:188} INFO - [2024-04-18T08:42:54.856+0000] {dagbag.py:540} INFO - Filling up the DagBag from /home/airflow/.local/lib/python3.12/site-packages/airflow/example_dags/example_display_name.py
[2024-04-18T08:42:54.862+0000] {processor.py:840} INFO - DAG(s) 'example_display_name' retrieved from /home/airflow/.local/lib/python3.12/site-packages/airflow/example_dags/example_display_name.py
[2024-04-18T08:42:54.882+0000] {logging_mixin.py:188} INFO - [2024-04-18T08:42:54.882+0000] {dag.py:3096} INFO - Sync 1 DAGs
[2024-04-18T08:42:54.897+0000] {logging_mixin.py:188} INFO - [2024-04-18T08:42:54.897+0000] {dag.py:3954} INFO - Setting next_dagrun for example_display_name to None, run_after=None
[2024-04-18T08:42:54.925+0000] {processor.py:183} INFO - Processing /home/airflow/.local/lib/python3.12/site-packages/airflow/example_dags/example_display_name.py took 0.079 seconds
[2024-04-18T08:43:25.026+0000] {processor.py:161} INFO - Started process (PID=8898) to work on /home/airflow/.local/lib/python3.12/site-packages/airflow/example_dags/example_display_name.py
[2024-04-18T08:43:25.031+0000] {processor.py:830} INFO - Processing file /home/airflow/.local/lib/python3.12/site-packages/airflow/example_dags/example_display_name.py for tasks to queue
[2024-04-18T08:43:25.038+0000] {logging_mixin.py:188} INFO - [2024-04-18T08:43:25.037+0000] {dagbag.py:540} INFO - Filling up the DagBag from /home/airflow/.local/lib/python3.12/site-packages/airflow/example_dags/example_display_name.py
[2024-04-18T08:43:25.044+0000] {processor.py:840} INFO - DAG(s) 'example_display_name' retrieved from /home/airflow/.local/lib/python3.12/site-packages/airflow/example_dags/example_display_name.py
[2024-04-18T08:43:25.079+0000] {logging_mixin.py:188} INFO - [2024-04-18T08:43:25.079+0000] {dag.py:3096} INFO - Sync 1 DAGs
[2024-04-18T08:43:25.093+0000] {logging_mixin.py:188} INFO - [2024-04-18T08:43:25.093+0000] {dag.py:3954} INFO - Setting next_dagrun for example_display_name to None, run_after=None
[2024-04-18T08:43:25.121+0000] {processor.py:183} INFO - Processing /home/airflow/.local/lib/python3.12/site-packages/airflow/example_dags/example_display_name.py took 0.109 seconds
[2024-04-18T08:43:55.583+0000] {processor.py:161} INFO - Started process (PID=9165) to work on /home/airflow/.local/lib/python3.12/site-packages/airflow/example_dags/example_display_name.py
[2024-04-18T08:43:55.588+0000] {processor.py:830} INFO - Processing file /home/airflow/.local/lib/python3.12/site-packages/airflow/example_dags/example_display_name.py for tasks to queue
[2024-04-18T08:43:55.590+0000] {logging_mixin.py:188} INFO - [2024-04-18T08:43:55.589+0000] {dagbag.py:540} INFO - Filling up the DagBag from /home/airflow/.local/lib/python3.12/site-packages/airflow/example_dags/example_display_name.py
[2024-04-18T08:43:55.604+0000] {processor.py:840} INFO - DAG(s) 'example_display_name' retrieved from /home/airflow/.local/lib/python3.12/site-packages/airflow/example_dags/example_display_name.py
[2024-04-18T08:43:55.654+0000] {logging_mixin.py:188} INFO - [2024-04-18T08:43:55.654+0000] {dag.py:3096} INFO - Sync 1 DAGs
[2024-04-18T08:43:55.706+0000] {logging_mixin.py:188} INFO - [2024-04-18T08:43:55.705+0000] {dag.py:3954} INFO - Setting next_dagrun for example_display_name to None, run_after=None
[2024-04-18T08:43:55.768+0000] {processor.py:183} INFO - Processing /home/airflow/.local/lib/python3.12/site-packages/airflow/example_dags/example_display_name.py took 0.204 seconds
[2024-04-18T08:44:26.366+0000] {processor.py:161} INFO - Started process (PID=9433) to work on /home/airflow/.local/lib/python3.12/site-packages/airflow/example_dags/example_display_name.py
[2024-04-18T08:44:26.367+0000] {processor.py:830} INFO - Processing file /home/airflow/.local/lib/python3.12/site-packages/airflow/example_dags/example_display_name.py for tasks to queue
[2024-04-18T08:44:26.369+0000] {logging_mixin.py:188} INFO - [2024-04-18T08:44:26.369+0000] {dagbag.py:540} INFO - Filling up the DagBag from /home/airflow/.local/lib/python3.12/site-packages/airflow/example_dags/example_display_name.py
[2024-04-18T08:44:26.375+0000] {processor.py:840} INFO - DAG(s) 'example_display_name' retrieved from /home/airflow/.local/lib/python3.12/site-packages/airflow/example_dags/example_display_name.py
[2024-04-18T08:44:26.395+0000] {logging_mixin.py:188} INFO - [2024-04-18T08:44:26.395+0000] {dag.py:3096} INFO - Sync 1 DAGs
[2024-04-18T08:44:26.410+0000] {logging_mixin.py:188} INFO - [2024-04-18T08:44:26.409+0000] {dag.py:3954} INFO - Setting next_dagrun for example_display_name to None, run_after=None
[2024-04-18T08:44:26.435+0000] {processor.py:183} INFO - Processing /home/airflow/.local/lib/python3.12/site-packages/airflow/example_dags/example_display_name.py took 0.075 seconds
[2024-04-18T08:44:56.544+0000] {processor.py:161} INFO - Started process (PID=9696) to work on /home/airflow/.local/lib/python3.12/site-packages/airflow/example_dags/example_display_name.py
[2024-04-18T08:44:56.545+0000] {processor.py:830} INFO - Processing file /home/airflow/.local/lib/python3.12/site-packages/airflow/example_dags/example_display_name.py for tasks to queue
[2024-04-18T08:44:56.546+0000] {logging_mixin.py:188} INFO - [2024-04-18T08:44:56.546+0000] {dagbag.py:540} INFO - Filling up the DagBag from /home/airflow/.local/lib/python3.12/site-packages/airflow/example_dags/example_display_name.py
[2024-04-18T08:44:56.551+0000] {processor.py:840} INFO - DAG(s) 'example_display_name' retrieved from /home/airflow/.local/lib/python3.12/site-packages/airflow/example_dags/example_display_name.py
[2024-04-18T08:44:56.566+0000] {logging_mixin.py:188} INFO - [2024-04-18T08:44:56.566+0000] {dag.py:3096} INFO - Sync 1 DAGs
[2024-04-18T08:44:56.576+0000] {logging_mixin.py:188} INFO - [2024-04-18T08:44:56.576+0000] {dag.py:3954} INFO - Setting next_dagrun for example_display_name to None, run_after=None
[2024-04-18T08:44:56.594+0000] {processor.py:183} INFO - Processing /home/airflow/.local/lib/python3.12/site-packages/airflow/example_dags/example_display_name.py took 0.054 seconds
[2024-04-18T08:45:27.148+0000] {processor.py:161} INFO - Started process (PID=9960) to work on /home/airflow/.local/lib/python3.12/site-packages/airflow/example_dags/example_display_name.py
[2024-04-18T08:45:27.150+0000] {processor.py:830} INFO - Processing file /home/airflow/.local/lib/python3.12/site-packages/airflow/example_dags/example_display_name.py for tasks to queue
[2024-04-18T08:45:27.152+0000] {logging_mixin.py:188} INFO - [2024-04-18T08:45:27.152+0000] {dagbag.py:540} INFO - Filling up the DagBag from /home/airflow/.local/lib/python3.12/site-packages/airflow/example_dags/example_display_name.py
[2024-04-18T08:45:27.158+0000] {processor.py:840} INFO - DAG(s) 'example_display_name' retrieved from /home/airflow/.local/lib/python3.12/site-packages/airflow/example_dags/example_display_name.py
[2024-04-18T08:45:27.178+0000] {logging_mixin.py:188} INFO - [2024-04-18T08:45:27.178+0000] {dag.py:3096} INFO - Sync 1 DAGs
[2024-04-18T08:45:27.191+0000] {logging_mixin.py:188} INFO - [2024-04-18T08:45:27.191+0000] {dag.py:3954} INFO - Setting next_dagrun for example_display_name to None, run_after=None
[2024-04-18T08:45:27.212+0000] {processor.py:183} INFO - Processing /home/airflow/.local/lib/python3.12/site-packages/airflow/example_dags/example_display_name.py took 0.070 seconds
[2024-04-18T08:45:57.882+0000] {processor.py:161} INFO - Started process (PID=10228) to work on /home/airflow/.local/lib/python3.12/site-packages/airflow/example_dags/example_display_name.py
[2024-04-18T08:45:57.883+0000] {processor.py:830} INFO - Processing file /home/airflow/.local/lib/python3.12/site-packages/airflow/example_dags/example_display_name.py for tasks to queue
[2024-04-18T08:45:57.884+0000] {logging_mixin.py:188} INFO - [2024-04-18T08:45:57.884+0000] {dagbag.py:540} INFO - Filling up the DagBag from /home/airflow/.local/lib/python3.12/site-packages/airflow/example_dags/example_display_name.py
[2024-04-18T08:45:57.888+0000] {processor.py:840} INFO - DAG(s) 'example_display_name' retrieved from /home/airflow/.local/lib/python3.12/site-packages/airflow/example_dags/example_display_name.py
[2024-04-18T08:45:57.905+0000] {logging_mixin.py:188} INFO - [2024-04-18T08:45:57.904+0000] {dag.py:3096} INFO - Sync 1 DAGs
[2024-04-18T08:45:57.914+0000] {logging_mixin.py:188} INFO - [2024-04-18T08:45:57.914+0000] {dag.py:3954} INFO - Setting next_dagrun for example_display_name to None, run_after=None
[2024-04-18T08:45:57.933+0000] {processor.py:183} INFO - Processing /home/airflow/.local/lib/python3.12/site-packages/airflow/example_dags/example_display_name.py took 0.055 seconds
[2024-04-18T08:46:28.388+0000] {processor.py:161} INFO - Started process (PID=10497) to work on /home/airflow/.local/lib/python3.12/site-packages/airflow/example_dags/example_display_name.py
[2024-04-18T08:46:28.390+0000] {processor.py:830} INFO - Processing file /home/airflow/.local/lib/python3.12/site-packages/airflow/example_dags/example_display_name.py for tasks to queue
[2024-04-18T08:46:28.391+0000] {logging_mixin.py:188} INFO - [2024-04-18T08:46:28.391+0000] {dagbag.py:540} INFO - Filling up the DagBag from /home/airflow/.local/lib/python3.12/site-packages/airflow/example_dags/example_display_name.py
[2024-04-18T08:46:28.398+0000] {processor.py:840} INFO - DAG(s) 'example_display_name' retrieved from /home/airflow/.local/lib/python3.12/site-packages/airflow/example_dags/example_display_name.py
[2024-04-18T08:46:28.418+0000] {logging_mixin.py:188} INFO - [2024-04-18T08:46:28.418+0000] {dag.py:3096} INFO - Sync 1 DAGs
[2024-04-18T08:46:28.432+0000] {logging_mixin.py:188} INFO - [2024-04-18T08:46:28.432+0000] {dag.py:3954} INFO - Setting next_dagrun for example_display_name to None, run_after=None
[2024-04-18T08:46:28.454+0000] {processor.py:183} INFO - Processing /home/airflow/.local/lib/python3.12/site-packages/airflow/example_dags/example_display_name.py took 0.072 seconds
[2024-04-18T08:46:59.791+0000] {processor.py:161} INFO - Started process (PID=10764) to work on /home/airflow/.local/lib/python3.12/site-packages/airflow/example_dags/example_display_name.py
[2024-04-18T08:46:59.792+0000] {processor.py:830} INFO - Processing file /home/airflow/.local/lib/python3.12/site-packages/airflow/example_dags/example_display_name.py for tasks to queue
[2024-04-18T08:46:59.794+0000] {logging_mixin.py:188} INFO - [2024-04-18T08:46:59.794+0000] {dagbag.py:540} INFO - Filling up the DagBag from /home/airflow/.local/lib/python3.12/site-packages/airflow/example_dags/example_display_name.py
[2024-04-18T08:46:59.808+0000] {processor.py:840} INFO - DAG(s) 'example_display_name' retrieved from /home/airflow/.local/lib/python3.12/site-packages/airflow/example_dags/example_display_name.py
[2024-04-18T08:46:59.837+0000] {logging_mixin.py:188} INFO - [2024-04-18T08:46:59.836+0000] {dag.py:3096} INFO - Sync 1 DAGs
[2024-04-18T08:46:59.852+0000] {logging_mixin.py:188} INFO - [2024-04-18T08:46:59.852+0000] {dag.py:3954} INFO - Setting next_dagrun for example_display_name to None, run_after=None
[2024-04-18T08:46:59.894+0000] {processor.py:183} INFO - Processing /home/airflow/.local/lib/python3.12/site-packages/airflow/example_dags/example_display_name.py took 0.117 seconds
[2024-04-18T08:47:30.803+0000] {processor.py:161} INFO - Started process (PID=11029) to work on /home/airflow/.local/lib/python3.12/site-packages/airflow/example_dags/example_display_name.py
[2024-04-18T08:47:30.807+0000] {processor.py:830} INFO - Processing file /home/airflow/.local/lib/python3.12/site-packages/airflow/example_dags/example_display_name.py for tasks to queue
[2024-04-18T08:47:30.813+0000] {logging_mixin.py:188} INFO - [2024-04-18T08:47:30.813+0000] {dagbag.py:540} INFO - Filling up the DagBag from /home/airflow/.local/lib/python3.12/site-packages/airflow/example_dags/example_display_name.py
[2024-04-18T08:47:30.822+0000] {processor.py:840} INFO - DAG(s) 'example_display_name' retrieved from /home/airflow/.local/lib/python3.12/site-packages/airflow/example_dags/example_display_name.py
[2024-04-18T08:47:30.869+0000] {logging_mixin.py:188} INFO - [2024-04-18T08:47:30.869+0000] {dag.py:3096} INFO - Sync 1 DAGs
[2024-04-18T08:47:30.906+0000] {logging_mixin.py:188} INFO - [2024-04-18T08:47:30.906+0000] {dag.py:3954} INFO - Setting next_dagrun for example_display_name to None, run_after=None
[2024-04-18T08:47:30.967+0000] {processor.py:183} INFO - Processing /home/airflow/.local/lib/python3.12/site-packages/airflow/example_dags/example_display_name.py took 0.175 seconds
[2024-04-18T08:48:01.550+0000] {processor.py:161} INFO - Started process (PID=11297) to work on /home/airflow/.local/lib/python3.12/site-packages/airflow/example_dags/example_display_name.py
[2024-04-18T08:48:01.551+0000] {processor.py:830} INFO - Processing file /home/airflow/.local/lib/python3.12/site-packages/airflow/example_dags/example_display_name.py for tasks to queue
[2024-04-18T08:48:01.553+0000] {logging_mixin.py:188} INFO - [2024-04-18T08:48:01.552+0000] {dagbag.py:540} INFO - Filling up the DagBag from /home/airflow/.local/lib/python3.12/site-packages/airflow/example_dags/example_display_name.py
[2024-04-18T08:48:01.559+0000] {processor.py:840} INFO - DAG(s) 'example_display_name' retrieved from /home/airflow/.local/lib/python3.12/site-packages/airflow/example_dags/example_display_name.py
[2024-04-18T08:48:01.579+0000] {logging_mixin.py:188} INFO - [2024-04-18T08:48:01.578+0000] {dag.py:3096} INFO - Sync 1 DAGs
[2024-04-18T08:48:01.595+0000] {logging_mixin.py:188} INFO - [2024-04-18T08:48:01.594+0000] {dag.py:3954} INFO - Setting next_dagrun for example_display_name to None, run_after=None
[2024-04-18T08:48:01.618+0000] {processor.py:183} INFO - Processing /home/airflow/.local/lib/python3.12/site-packages/airflow/example_dags/example_display_name.py took 0.075 seconds
[2024-04-18T08:48:32.203+0000] {processor.py:161} INFO - Started process (PID=11563) to work on /home/airflow/.local/lib/python3.12/site-packages/airflow/example_dags/example_display_name.py
[2024-04-18T08:48:32.204+0000] {processor.py:830} INFO - Processing file /home/airflow/.local/lib/python3.12/site-packages/airflow/example_dags/example_display_name.py for tasks to queue
[2024-04-18T08:48:32.206+0000] {logging_mixin.py:188} INFO - [2024-04-18T08:48:32.206+0000] {dagbag.py:540} INFO - Filling up the DagBag from /home/airflow/.local/lib/python3.12/site-packages/airflow/example_dags/example_display_name.py
[2024-04-18T08:48:32.211+0000] {processor.py:840} INFO - DAG(s) 'example_display_name' retrieved from /home/airflow/.local/lib/python3.12/site-packages/airflow/example_dags/example_display_name.py
[2024-04-18T08:48:32.230+0000] {logging_mixin.py:188} INFO - [2024-04-18T08:48:32.230+0000] {dag.py:3096} INFO - Sync 1 DAGs
[2024-04-18T08:48:32.248+0000] {logging_mixin.py:188} INFO - [2024-04-18T08:48:32.247+0000] {dag.py:3954} INFO - Setting next_dagrun for example_display_name to None, run_after=None
[2024-04-18T08:48:32.273+0000] {processor.py:183} INFO - Processing /home/airflow/.local/lib/python3.12/site-packages/airflow/example_dags/example_display_name.py took 0.077 seconds
[2024-04-18T08:49:03.049+0000] {processor.py:161} INFO - Started process (PID=11828) to work on /home/airflow/.local/lib/python3.12/site-packages/airflow/example_dags/example_display_name.py
[2024-04-18T08:49:03.051+0000] {processor.py:830} INFO - Processing file /home/airflow/.local/lib/python3.12/site-packages/airflow/example_dags/example_display_name.py for tasks to queue
[2024-04-18T08:49:03.054+0000] {logging_mixin.py:188} INFO - [2024-04-18T08:49:03.054+0000] {dagbag.py:540} INFO - Filling up the DagBag from /home/airflow/.local/lib/python3.12/site-packages/airflow/example_dags/example_display_name.py
[2024-04-18T08:49:03.062+0000] {processor.py:840} INFO - DAG(s) 'example_display_name' retrieved from /home/airflow/.local/lib/python3.12/site-packages/airflow/example_dags/example_display_name.py
[2024-04-18T08:49:03.083+0000] {logging_mixin.py:188} INFO - [2024-04-18T08:49:03.083+0000] {dag.py:3096} INFO - Sync 1 DAGs
[2024-04-18T08:49:03.098+0000] {logging_mixin.py:188} INFO - [2024-04-18T08:49:03.097+0000] {dag.py:3954} INFO - Setting next_dagrun for example_display_name to None, run_after=None
[2024-04-18T08:49:03.119+0000] {processor.py:183} INFO - Processing /home/airflow/.local/lib/python3.12/site-packages/airflow/example_dags/example_display_name.py took 0.077 seconds
