[2024-04-18T08:26:51.647+0000] {processor.py:161} INFO - Started process (PID=181) to work on /home/airflow/.local/lib/python3.12/site-packages/airflow/example_dags/example_branch_python_dop_operator_3.py
[2024-04-18T08:26:51.685+0000] {processor.py:830} INFO - Processing file /home/airflow/.local/lib/python3.12/site-packages/airflow/example_dags/example_branch_python_dop_operator_3.py for tasks to queue
[2024-04-18T08:26:51.710+0000] {logging_mixin.py:188} INFO - [2024-04-18T08:26:51.709+0000] {dagbag.py:540} INFO - Filling up the DagBag from /home/airflow/.local/lib/python3.12/site-packages/airflow/example_dags/example_branch_python_dop_operator_3.py
[2024-04-18T08:26:51.773+0000] {processor.py:840} INFO - DAG(s) 'example_branch_dop_operator_v3' retrieved from /home/airflow/.local/lib/python3.12/site-packages/airflow/example_dags/example_branch_python_dop_operator_3.py
[2024-04-18T08:26:51.870+0000] {logging_mixin.py:188} INFO - [2024-04-18T08:26:51.869+0000] {dag.py:3096} INFO - Sync 1 DAGs
[2024-04-18T08:26:52.223+0000] {logging_mixin.py:188} INFO - [2024-04-18T08:26:52.222+0000] {dag.py:3954} INFO - Setting next_dagrun for example_branch_dop_operator_v3 to 2024-04-18 08:25:00+00:00, run_after=2024-04-18 08:26:00+00:00
[2024-04-18T08:26:52.394+0000] {processor.py:183} INFO - Processing /home/airflow/.local/lib/python3.12/site-packages/airflow/example_dags/example_branch_python_dop_operator_3.py took 0.774 seconds
[2024-04-18T08:27:22.697+0000] {processor.py:161} INFO - Started process (PID=477) to work on /home/airflow/.local/lib/python3.12/site-packages/airflow/example_dags/example_branch_python_dop_operator_3.py
[2024-04-18T08:27:22.703+0000] {processor.py:830} INFO - Processing file /home/airflow/.local/lib/python3.12/site-packages/airflow/example_dags/example_branch_python_dop_operator_3.py for tasks to queue
[2024-04-18T08:27:22.707+0000] {logging_mixin.py:188} INFO - [2024-04-18T08:27:22.707+0000] {dagbag.py:540} INFO - Filling up the DagBag from /home/airflow/.local/lib/python3.12/site-packages/airflow/example_dags/example_branch_python_dop_operator_3.py
[2024-04-18T08:27:22.735+0000] {processor.py:840} INFO - DAG(s) 'example_branch_dop_operator_v3' retrieved from /home/airflow/.local/lib/python3.12/site-packages/airflow/example_dags/example_branch_python_dop_operator_3.py
[2024-04-18T08:27:22.786+0000] {logging_mixin.py:188} INFO - [2024-04-18T08:27:22.785+0000] {dag.py:3096} INFO - Sync 1 DAGs
[2024-04-18T08:27:22.838+0000] {logging_mixin.py:188} INFO - [2024-04-18T08:27:22.837+0000] {dag.py:3954} INFO - Setting next_dagrun for example_branch_dop_operator_v3 to 2024-04-18 08:26:00+00:00, run_after=2024-04-18 08:27:00+00:00
[2024-04-18T08:27:22.881+0000] {processor.py:183} INFO - Processing /home/airflow/.local/lib/python3.12/site-packages/airflow/example_dags/example_branch_python_dop_operator_3.py took 0.198 seconds
[2024-04-18T08:27:53.016+0000] {processor.py:161} INFO - Started process (PID=745) to work on /home/airflow/.local/lib/python3.12/site-packages/airflow/example_dags/example_branch_python_dop_operator_3.py
[2024-04-18T08:27:53.017+0000] {processor.py:830} INFO - Processing file /home/airflow/.local/lib/python3.12/site-packages/airflow/example_dags/example_branch_python_dop_operator_3.py for tasks to queue
[2024-04-18T08:27:53.019+0000] {logging_mixin.py:188} INFO - [2024-04-18T08:27:53.019+0000] {dagbag.py:540} INFO - Filling up the DagBag from /home/airflow/.local/lib/python3.12/site-packages/airflow/example_dags/example_branch_python_dop_operator_3.py
[2024-04-18T08:27:53.028+0000] {processor.py:840} INFO - DAG(s) 'example_branch_dop_operator_v3' retrieved from /home/airflow/.local/lib/python3.12/site-packages/airflow/example_dags/example_branch_python_dop_operator_3.py
[2024-04-18T08:27:53.051+0000] {logging_mixin.py:188} INFO - [2024-04-18T08:27:53.050+0000] {dag.py:3096} INFO - Sync 1 DAGs
[2024-04-18T08:27:53.078+0000] {logging_mixin.py:188} INFO - [2024-04-18T08:27:53.078+0000] {dag.py:3954} INFO - Setting next_dagrun for example_branch_dop_operator_v3 to 2024-04-18 08:26:00+00:00, run_after=2024-04-18 08:27:00+00:00
[2024-04-18T08:27:53.100+0000] {processor.py:183} INFO - Processing /home/airflow/.local/lib/python3.12/site-packages/airflow/example_dags/example_branch_python_dop_operator_3.py took 0.089 seconds
[2024-04-18T08:28:23.297+0000] {processor.py:161} INFO - Started process (PID=1018) to work on /home/airflow/.local/lib/python3.12/site-packages/airflow/example_dags/example_branch_python_dop_operator_3.py
[2024-04-18T08:28:23.301+0000] {processor.py:830} INFO - Processing file /home/airflow/.local/lib/python3.12/site-packages/airflow/example_dags/example_branch_python_dop_operator_3.py for tasks to queue
[2024-04-18T08:28:23.303+0000] {logging_mixin.py:188} INFO - [2024-04-18T08:28:23.302+0000] {dagbag.py:540} INFO - Filling up the DagBag from /home/airflow/.local/lib/python3.12/site-packages/airflow/example_dags/example_branch_python_dop_operator_3.py
[2024-04-18T08:28:23.313+0000] {processor.py:840} INFO - DAG(s) 'example_branch_dop_operator_v3' retrieved from /home/airflow/.local/lib/python3.12/site-packages/airflow/example_dags/example_branch_python_dop_operator_3.py
[2024-04-18T08:28:23.344+0000] {logging_mixin.py:188} INFO - [2024-04-18T08:28:23.343+0000] {dag.py:3096} INFO - Sync 1 DAGs
[2024-04-18T08:28:23.373+0000] {logging_mixin.py:188} INFO - [2024-04-18T08:28:23.372+0000] {dag.py:3954} INFO - Setting next_dagrun for example_branch_dop_operator_v3 to 2024-04-18 08:27:00+00:00, run_after=2024-04-18 08:28:00+00:00
[2024-04-18T08:28:23.399+0000] {processor.py:183} INFO - Processing /home/airflow/.local/lib/python3.12/site-packages/airflow/example_dags/example_branch_python_dop_operator_3.py took 0.108 seconds
[2024-04-18T08:28:54.329+0000] {processor.py:161} INFO - Started process (PID=1284) to work on /home/airflow/.local/lib/python3.12/site-packages/airflow/example_dags/example_branch_python_dop_operator_3.py
[2024-04-18T08:28:54.330+0000] {processor.py:830} INFO - Processing file /home/airflow/.local/lib/python3.12/site-packages/airflow/example_dags/example_branch_python_dop_operator_3.py for tasks to queue
[2024-04-18T08:28:54.332+0000] {logging_mixin.py:188} INFO - [2024-04-18T08:28:54.332+0000] {dagbag.py:540} INFO - Filling up the DagBag from /home/airflow/.local/lib/python3.12/site-packages/airflow/example_dags/example_branch_python_dop_operator_3.py
[2024-04-18T08:28:54.348+0000] {processor.py:840} INFO - DAG(s) 'example_branch_dop_operator_v3' retrieved from /home/airflow/.local/lib/python3.12/site-packages/airflow/example_dags/example_branch_python_dop_operator_3.py
[2024-04-18T08:28:54.370+0000] {logging_mixin.py:188} INFO - [2024-04-18T08:28:54.369+0000] {dag.py:3096} INFO - Sync 1 DAGs
[2024-04-18T08:28:54.399+0000] {logging_mixin.py:188} INFO - [2024-04-18T08:28:54.399+0000] {dag.py:3954} INFO - Setting next_dagrun for example_branch_dop_operator_v3 to 2024-04-18 08:27:00+00:00, run_after=2024-04-18 08:28:00+00:00
[2024-04-18T08:28:54.422+0000] {processor.py:183} INFO - Processing /home/airflow/.local/lib/python3.12/site-packages/airflow/example_dags/example_branch_python_dop_operator_3.py took 0.104 seconds
[2024-04-18T08:29:24.640+0000] {processor.py:161} INFO - Started process (PID=1549) to work on /home/airflow/.local/lib/python3.12/site-packages/airflow/example_dags/example_branch_python_dop_operator_3.py
[2024-04-18T08:29:24.649+0000] {processor.py:830} INFO - Processing file /home/airflow/.local/lib/python3.12/site-packages/airflow/example_dags/example_branch_python_dop_operator_3.py for tasks to queue
[2024-04-18T08:29:24.658+0000] {logging_mixin.py:188} INFO - [2024-04-18T08:29:24.658+0000] {dagbag.py:540} INFO - Filling up the DagBag from /home/airflow/.local/lib/python3.12/site-packages/airflow/example_dags/example_branch_python_dop_operator_3.py
[2024-04-18T08:29:24.674+0000] {processor.py:840} INFO - DAG(s) 'example_branch_dop_operator_v3' retrieved from /home/airflow/.local/lib/python3.12/site-packages/airflow/example_dags/example_branch_python_dop_operator_3.py
[2024-04-18T08:29:24.700+0000] {logging_mixin.py:188} INFO - [2024-04-18T08:29:24.700+0000] {dag.py:3096} INFO - Sync 1 DAGs
[2024-04-18T08:29:24.759+0000] {logging_mixin.py:188} INFO - [2024-04-18T08:29:24.759+0000] {dag.py:3954} INFO - Setting next_dagrun for example_branch_dop_operator_v3 to 2024-04-18 08:28:00+00:00, run_after=2024-04-18 08:29:00+00:00
[2024-04-18T08:29:24.807+0000] {processor.py:183} INFO - Processing /home/airflow/.local/lib/python3.12/site-packages/airflow/example_dags/example_branch_python_dop_operator_3.py took 0.172 seconds
[2024-04-18T08:29:55.016+0000] {processor.py:161} INFO - Started process (PID=1819) to work on /home/airflow/.local/lib/python3.12/site-packages/airflow/example_dags/example_branch_python_dop_operator_3.py
[2024-04-18T08:29:55.017+0000] {processor.py:830} INFO - Processing file /home/airflow/.local/lib/python3.12/site-packages/airflow/example_dags/example_branch_python_dop_operator_3.py for tasks to queue
[2024-04-18T08:29:55.019+0000] {logging_mixin.py:188} INFO - [2024-04-18T08:29:55.019+0000] {dagbag.py:540} INFO - Filling up the DagBag from /home/airflow/.local/lib/python3.12/site-packages/airflow/example_dags/example_branch_python_dop_operator_3.py
[2024-04-18T08:29:55.029+0000] {processor.py:840} INFO - DAG(s) 'example_branch_dop_operator_v3' retrieved from /home/airflow/.local/lib/python3.12/site-packages/airflow/example_dags/example_branch_python_dop_operator_3.py
[2024-04-18T08:29:55.050+0000] {logging_mixin.py:188} INFO - [2024-04-18T08:29:55.050+0000] {dag.py:3096} INFO - Sync 1 DAGs
[2024-04-18T08:29:55.077+0000] {logging_mixin.py:188} INFO - [2024-04-18T08:29:55.077+0000] {dag.py:3954} INFO - Setting next_dagrun for example_branch_dop_operator_v3 to 2024-04-18 08:28:00+00:00, run_after=2024-04-18 08:29:00+00:00
[2024-04-18T08:29:55.101+0000] {processor.py:183} INFO - Processing /home/airflow/.local/lib/python3.12/site-packages/airflow/example_dags/example_branch_python_dop_operator_3.py took 0.091 seconds
[2024-04-18T08:30:25.336+0000] {processor.py:161} INFO - Started process (PID=2083) to work on /home/airflow/.local/lib/python3.12/site-packages/airflow/example_dags/example_branch_python_dop_operator_3.py
[2024-04-18T08:30:25.337+0000] {processor.py:830} INFO - Processing file /home/airflow/.local/lib/python3.12/site-packages/airflow/example_dags/example_branch_python_dop_operator_3.py for tasks to queue
[2024-04-18T08:30:25.339+0000] {logging_mixin.py:188} INFO - [2024-04-18T08:30:25.339+0000] {dagbag.py:540} INFO - Filling up the DagBag from /home/airflow/.local/lib/python3.12/site-packages/airflow/example_dags/example_branch_python_dop_operator_3.py
[2024-04-18T08:30:25.348+0000] {processor.py:840} INFO - DAG(s) 'example_branch_dop_operator_v3' retrieved from /home/airflow/.local/lib/python3.12/site-packages/airflow/example_dags/example_branch_python_dop_operator_3.py
[2024-04-18T08:30:25.371+0000] {logging_mixin.py:188} INFO - [2024-04-18T08:30:25.370+0000] {dag.py:3096} INFO - Sync 1 DAGs
[2024-04-18T08:30:25.398+0000] {logging_mixin.py:188} INFO - [2024-04-18T08:30:25.398+0000] {dag.py:3954} INFO - Setting next_dagrun for example_branch_dop_operator_v3 to 2024-04-18 08:29:00+00:00, run_after=2024-04-18 08:30:00+00:00
[2024-04-18T08:30:25.425+0000] {processor.py:183} INFO - Processing /home/airflow/.local/lib/python3.12/site-packages/airflow/example_dags/example_branch_python_dop_operator_3.py took 0.097 seconds
[2024-04-18T08:30:56.201+0000] {processor.py:161} INFO - Started process (PID=2347) to work on /home/airflow/.local/lib/python3.12/site-packages/airflow/example_dags/example_branch_python_dop_operator_3.py
[2024-04-18T08:30:56.209+0000] {processor.py:830} INFO - Processing file /home/airflow/.local/lib/python3.12/site-packages/airflow/example_dags/example_branch_python_dop_operator_3.py for tasks to queue
[2024-04-18T08:30:56.211+0000] {logging_mixin.py:188} INFO - [2024-04-18T08:30:56.211+0000] {dagbag.py:540} INFO - Filling up the DagBag from /home/airflow/.local/lib/python3.12/site-packages/airflow/example_dags/example_branch_python_dop_operator_3.py
[2024-04-18T08:30:56.242+0000] {processor.py:840} INFO - DAG(s) 'example_branch_dop_operator_v3' retrieved from /home/airflow/.local/lib/python3.12/site-packages/airflow/example_dags/example_branch_python_dop_operator_3.py
[2024-04-18T08:30:56.334+0000] {logging_mixin.py:188} INFO - [2024-04-18T08:30:56.333+0000] {dag.py:3096} INFO - Sync 1 DAGs
[2024-04-18T08:30:56.462+0000] {logging_mixin.py:188} INFO - [2024-04-18T08:30:56.461+0000] {dag.py:3954} INFO - Setting next_dagrun for example_branch_dop_operator_v3 to 2024-04-18 08:29:00+00:00, run_after=2024-04-18 08:30:00+00:00
[2024-04-18T08:30:56.508+0000] {processor.py:183} INFO - Processing /home/airflow/.local/lib/python3.12/site-packages/airflow/example_dags/example_branch_python_dop_operator_3.py took 0.334 seconds
[2024-04-18T08:31:27.260+0000] {processor.py:161} INFO - Started process (PID=2613) to work on /home/airflow/.local/lib/python3.12/site-packages/airflow/example_dags/example_branch_python_dop_operator_3.py
[2024-04-18T08:31:27.261+0000] {processor.py:830} INFO - Processing file /home/airflow/.local/lib/python3.12/site-packages/airflow/example_dags/example_branch_python_dop_operator_3.py for tasks to queue
[2024-04-18T08:31:27.265+0000] {logging_mixin.py:188} INFO - [2024-04-18T08:31:27.264+0000] {dagbag.py:540} INFO - Filling up the DagBag from /home/airflow/.local/lib/python3.12/site-packages/airflow/example_dags/example_branch_python_dop_operator_3.py
[2024-04-18T08:31:27.295+0000] {processor.py:840} INFO - DAG(s) 'example_branch_dop_operator_v3' retrieved from /home/airflow/.local/lib/python3.12/site-packages/airflow/example_dags/example_branch_python_dop_operator_3.py
[2024-04-18T08:31:27.399+0000] {logging_mixin.py:188} INFO - [2024-04-18T08:31:27.398+0000] {dag.py:3096} INFO - Sync 1 DAGs
[2024-04-18T08:31:27.455+0000] {logging_mixin.py:188} INFO - [2024-04-18T08:31:27.454+0000] {dag.py:3954} INFO - Setting next_dagrun for example_branch_dop_operator_v3 to 2024-04-18 08:30:00+00:00, run_after=2024-04-18 08:31:00+00:00
[2024-04-18T08:31:27.512+0000] {processor.py:183} INFO - Processing /home/airflow/.local/lib/python3.12/site-packages/airflow/example_dags/example_branch_python_dop_operator_3.py took 0.267 seconds
[2024-04-18T08:31:58.313+0000] {processor.py:161} INFO - Started process (PID=2882) to work on /home/airflow/.local/lib/python3.12/site-packages/airflow/example_dags/example_branch_python_dop_operator_3.py
[2024-04-18T08:31:58.314+0000] {processor.py:830} INFO - Processing file /home/airflow/.local/lib/python3.12/site-packages/airflow/example_dags/example_branch_python_dop_operator_3.py for tasks to queue
[2024-04-18T08:31:58.315+0000] {logging_mixin.py:188} INFO - [2024-04-18T08:31:58.315+0000] {dagbag.py:540} INFO - Filling up the DagBag from /home/airflow/.local/lib/python3.12/site-packages/airflow/example_dags/example_branch_python_dop_operator_3.py
[2024-04-18T08:31:58.322+0000] {processor.py:840} INFO - DAG(s) 'example_branch_dop_operator_v3' retrieved from /home/airflow/.local/lib/python3.12/site-packages/airflow/example_dags/example_branch_python_dop_operator_3.py
[2024-04-18T08:31:58.337+0000] {logging_mixin.py:188} INFO - [2024-04-18T08:31:58.337+0000] {dag.py:3096} INFO - Sync 1 DAGs
[2024-04-18T08:31:58.355+0000] {logging_mixin.py:188} INFO - [2024-04-18T08:31:58.355+0000] {dag.py:3954} INFO - Setting next_dagrun for example_branch_dop_operator_v3 to 2024-04-18 08:30:00+00:00, run_after=2024-04-18 08:31:00+00:00
[2024-04-18T08:31:58.376+0000] {processor.py:183} INFO - Processing /home/airflow/.local/lib/python3.12/site-packages/airflow/example_dags/example_branch_python_dop_operator_3.py took 0.067 seconds
[2024-04-18T08:32:29.124+0000] {processor.py:161} INFO - Started process (PID=3149) to work on /home/airflow/.local/lib/python3.12/site-packages/airflow/example_dags/example_branch_python_dop_operator_3.py
[2024-04-18T08:32:29.125+0000] {processor.py:830} INFO - Processing file /home/airflow/.local/lib/python3.12/site-packages/airflow/example_dags/example_branch_python_dop_operator_3.py for tasks to queue
[2024-04-18T08:32:29.127+0000] {logging_mixin.py:188} INFO - [2024-04-18T08:32:29.127+0000] {dagbag.py:540} INFO - Filling up the DagBag from /home/airflow/.local/lib/python3.12/site-packages/airflow/example_dags/example_branch_python_dop_operator_3.py
[2024-04-18T08:32:29.145+0000] {processor.py:840} INFO - DAG(s) 'example_branch_dop_operator_v3' retrieved from /home/airflow/.local/lib/python3.12/site-packages/airflow/example_dags/example_branch_python_dop_operator_3.py
[2024-04-18T08:32:29.176+0000] {logging_mixin.py:188} INFO - [2024-04-18T08:32:29.175+0000] {dag.py:3096} INFO - Sync 1 DAGs
[2024-04-18T08:32:29.204+0000] {logging_mixin.py:188} INFO - [2024-04-18T08:32:29.204+0000] {dag.py:3954} INFO - Setting next_dagrun for example_branch_dop_operator_v3 to 2024-04-18 08:31:00+00:00, run_after=2024-04-18 08:32:00+00:00
[2024-04-18T08:32:29.227+0000] {processor.py:183} INFO - Processing /home/airflow/.local/lib/python3.12/site-packages/airflow/example_dags/example_branch_python_dop_operator_3.py took 0.108 seconds
[2024-04-18T08:32:59.935+0000] {processor.py:161} INFO - Started process (PID=3415) to work on /home/airflow/.local/lib/python3.12/site-packages/airflow/example_dags/example_branch_python_dop_operator_3.py
[2024-04-18T08:32:59.936+0000] {processor.py:830} INFO - Processing file /home/airflow/.local/lib/python3.12/site-packages/airflow/example_dags/example_branch_python_dop_operator_3.py for tasks to queue
[2024-04-18T08:32:59.938+0000] {logging_mixin.py:188} INFO - [2024-04-18T08:32:59.938+0000] {dagbag.py:540} INFO - Filling up the DagBag from /home/airflow/.local/lib/python3.12/site-packages/airflow/example_dags/example_branch_python_dop_operator_3.py
[2024-04-18T08:32:59.947+0000] {processor.py:840} INFO - DAG(s) 'example_branch_dop_operator_v3' retrieved from /home/airflow/.local/lib/python3.12/site-packages/airflow/example_dags/example_branch_python_dop_operator_3.py
[2024-04-18T08:32:59.968+0000] {logging_mixin.py:188} INFO - [2024-04-18T08:32:59.968+0000] {dag.py:3096} INFO - Sync 1 DAGs
[2024-04-18T08:32:59.997+0000] {logging_mixin.py:188} INFO - [2024-04-18T08:32:59.997+0000] {dag.py:3954} INFO - Setting next_dagrun for example_branch_dop_operator_v3 to 2024-04-18 08:31:00+00:00, run_after=2024-04-18 08:32:00+00:00
[2024-04-18T08:33:00.022+0000] {processor.py:183} INFO - Processing /home/airflow/.local/lib/python3.12/site-packages/airflow/example_dags/example_branch_python_dop_operator_3.py took 0.092 seconds
[2024-04-18T08:33:30.545+0000] {processor.py:161} INFO - Started process (PID=3680) to work on /home/airflow/.local/lib/python3.12/site-packages/airflow/example_dags/example_branch_python_dop_operator_3.py
[2024-04-18T08:33:30.546+0000] {processor.py:830} INFO - Processing file /home/airflow/.local/lib/python3.12/site-packages/airflow/example_dags/example_branch_python_dop_operator_3.py for tasks to queue
[2024-04-18T08:33:30.548+0000] {logging_mixin.py:188} INFO - [2024-04-18T08:33:30.547+0000] {dagbag.py:540} INFO - Filling up the DagBag from /home/airflow/.local/lib/python3.12/site-packages/airflow/example_dags/example_branch_python_dop_operator_3.py
[2024-04-18T08:33:30.558+0000] {processor.py:840} INFO - DAG(s) 'example_branch_dop_operator_v3' retrieved from /home/airflow/.local/lib/python3.12/site-packages/airflow/example_dags/example_branch_python_dop_operator_3.py
[2024-04-18T08:33:30.581+0000] {logging_mixin.py:188} INFO - [2024-04-18T08:33:30.581+0000] {dag.py:3096} INFO - Sync 1 DAGs
[2024-04-18T08:33:30.610+0000] {logging_mixin.py:188} INFO - [2024-04-18T08:33:30.609+0000] {dag.py:3954} INFO - Setting next_dagrun for example_branch_dop_operator_v3 to 2024-04-18 08:32:00+00:00, run_after=2024-04-18 08:33:00+00:00
[2024-04-18T08:33:30.632+0000] {processor.py:183} INFO - Processing /home/airflow/.local/lib/python3.12/site-packages/airflow/example_dags/example_branch_python_dop_operator_3.py took 0.092 seconds
[2024-04-18T08:34:00.746+0000] {processor.py:161} INFO - Started process (PID=3948) to work on /home/airflow/.local/lib/python3.12/site-packages/airflow/example_dags/example_branch_python_dop_operator_3.py
[2024-04-18T08:34:00.746+0000] {processor.py:830} INFO - Processing file /home/airflow/.local/lib/python3.12/site-packages/airflow/example_dags/example_branch_python_dop_operator_3.py for tasks to queue
[2024-04-18T08:34:00.748+0000] {logging_mixin.py:188} INFO - [2024-04-18T08:34:00.748+0000] {dagbag.py:540} INFO - Filling up the DagBag from /home/airflow/.local/lib/python3.12/site-packages/airflow/example_dags/example_branch_python_dop_operator_3.py
[2024-04-18T08:34:00.758+0000] {processor.py:840} INFO - DAG(s) 'example_branch_dop_operator_v3' retrieved from /home/airflow/.local/lib/python3.12/site-packages/airflow/example_dags/example_branch_python_dop_operator_3.py
[2024-04-18T08:34:00.785+0000] {logging_mixin.py:188} INFO - [2024-04-18T08:34:00.785+0000] {dag.py:3096} INFO - Sync 1 DAGs
[2024-04-18T08:34:00.811+0000] {logging_mixin.py:188} INFO - [2024-04-18T08:34:00.811+0000] {dag.py:3954} INFO - Setting next_dagrun for example_branch_dop_operator_v3 to 2024-04-18 08:33:00+00:00, run_after=2024-04-18 08:34:00+00:00
[2024-04-18T08:34:00.831+0000] {processor.py:183} INFO - Processing /home/airflow/.local/lib/python3.12/site-packages/airflow/example_dags/example_branch_python_dop_operator_3.py took 0.091 seconds
[2024-04-18T08:34:30.962+0000] {processor.py:161} INFO - Started process (PID=4214) to work on /home/airflow/.local/lib/python3.12/site-packages/airflow/example_dags/example_branch_python_dop_operator_3.py
[2024-04-18T08:34:30.963+0000] {processor.py:830} INFO - Processing file /home/airflow/.local/lib/python3.12/site-packages/airflow/example_dags/example_branch_python_dop_operator_3.py for tasks to queue
[2024-04-18T08:34:30.964+0000] {logging_mixin.py:188} INFO - [2024-04-18T08:34:30.964+0000] {dagbag.py:540} INFO - Filling up the DagBag from /home/airflow/.local/lib/python3.12/site-packages/airflow/example_dags/example_branch_python_dop_operator_3.py
[2024-04-18T08:34:30.984+0000] {processor.py:840} INFO - DAG(s) 'example_branch_dop_operator_v3' retrieved from /home/airflow/.local/lib/python3.12/site-packages/airflow/example_dags/example_branch_python_dop_operator_3.py
[2024-04-18T08:34:31.037+0000] {logging_mixin.py:188} INFO - [2024-04-18T08:34:31.036+0000] {dag.py:3096} INFO - Sync 1 DAGs
[2024-04-18T08:34:31.066+0000] {logging_mixin.py:188} INFO - [2024-04-18T08:34:31.066+0000] {dag.py:3954} INFO - Setting next_dagrun for example_branch_dop_operator_v3 to 2024-04-18 08:33:00+00:00, run_after=2024-04-18 08:34:00+00:00
[2024-04-18T08:34:31.087+0000] {processor.py:183} INFO - Processing /home/airflow/.local/lib/python3.12/site-packages/airflow/example_dags/example_branch_python_dop_operator_3.py took 0.140 seconds
[2024-04-18T08:35:01.469+0000] {processor.py:161} INFO - Started process (PID=4479) to work on /home/airflow/.local/lib/python3.12/site-packages/airflow/example_dags/example_branch_python_dop_operator_3.py
[2024-04-18T08:35:01.470+0000] {processor.py:830} INFO - Processing file /home/airflow/.local/lib/python3.12/site-packages/airflow/example_dags/example_branch_python_dop_operator_3.py for tasks to queue
[2024-04-18T08:35:01.472+0000] {logging_mixin.py:188} INFO - [2024-04-18T08:35:01.472+0000] {dagbag.py:540} INFO - Filling up the DagBag from /home/airflow/.local/lib/python3.12/site-packages/airflow/example_dags/example_branch_python_dop_operator_3.py
[2024-04-18T08:35:01.481+0000] {processor.py:840} INFO - DAG(s) 'example_branch_dop_operator_v3' retrieved from /home/airflow/.local/lib/python3.12/site-packages/airflow/example_dags/example_branch_python_dop_operator_3.py
[2024-04-18T08:35:01.501+0000] {logging_mixin.py:188} INFO - [2024-04-18T08:35:01.501+0000] {dag.py:3096} INFO - Sync 1 DAGs
[2024-04-18T08:35:01.527+0000] {logging_mixin.py:188} INFO - [2024-04-18T08:35:01.527+0000] {dag.py:3954} INFO - Setting next_dagrun for example_branch_dop_operator_v3 to 2024-04-18 08:34:00+00:00, run_after=2024-04-18 08:35:00+00:00
[2024-04-18T08:35:01.744+0000] {processor.py:183} INFO - Processing /home/airflow/.local/lib/python3.12/site-packages/airflow/example_dags/example_branch_python_dop_operator_3.py took 0.280 seconds
[2024-04-18T08:35:32.137+0000] {processor.py:161} INFO - Started process (PID=4748) to work on /home/airflow/.local/lib/python3.12/site-packages/airflow/example_dags/example_branch_python_dop_operator_3.py
[2024-04-18T08:35:32.137+0000] {processor.py:830} INFO - Processing file /home/airflow/.local/lib/python3.12/site-packages/airflow/example_dags/example_branch_python_dop_operator_3.py for tasks to queue
[2024-04-18T08:35:32.139+0000] {logging_mixin.py:188} INFO - [2024-04-18T08:35:32.139+0000] {dagbag.py:540} INFO - Filling up the DagBag from /home/airflow/.local/lib/python3.12/site-packages/airflow/example_dags/example_branch_python_dop_operator_3.py
[2024-04-18T08:35:32.148+0000] {processor.py:840} INFO - DAG(s) 'example_branch_dop_operator_v3' retrieved from /home/airflow/.local/lib/python3.12/site-packages/airflow/example_dags/example_branch_python_dop_operator_3.py
[2024-04-18T08:35:32.169+0000] {logging_mixin.py:188} INFO - [2024-04-18T08:35:32.169+0000] {dag.py:3096} INFO - Sync 1 DAGs
[2024-04-18T08:35:32.197+0000] {logging_mixin.py:188} INFO - [2024-04-18T08:35:32.197+0000] {dag.py:3954} INFO - Setting next_dagrun for example_branch_dop_operator_v3 to 2024-04-18 08:34:00+00:00, run_after=2024-04-18 08:35:00+00:00
[2024-04-18T08:35:32.217+0000] {processor.py:183} INFO - Processing /home/airflow/.local/lib/python3.12/site-packages/airflow/example_dags/example_branch_python_dop_operator_3.py took 0.086 seconds
[2024-04-18T08:36:02.859+0000] {processor.py:161} INFO - Started process (PID=5014) to work on /home/airflow/.local/lib/python3.12/site-packages/airflow/example_dags/example_branch_python_dop_operator_3.py
[2024-04-18T08:36:02.860+0000] {processor.py:830} INFO - Processing file /home/airflow/.local/lib/python3.12/site-packages/airflow/example_dags/example_branch_python_dop_operator_3.py for tasks to queue
[2024-04-18T08:36:02.863+0000] {logging_mixin.py:188} INFO - [2024-04-18T08:36:02.863+0000] {dagbag.py:540} INFO - Filling up the DagBag from /home/airflow/.local/lib/python3.12/site-packages/airflow/example_dags/example_branch_python_dop_operator_3.py
[2024-04-18T08:36:02.878+0000] {processor.py:840} INFO - DAG(s) 'example_branch_dop_operator_v3' retrieved from /home/airflow/.local/lib/python3.12/site-packages/airflow/example_dags/example_branch_python_dop_operator_3.py
[2024-04-18T08:36:02.900+0000] {logging_mixin.py:188} INFO - [2024-04-18T08:36:02.899+0000] {dag.py:3096} INFO - Sync 1 DAGs
[2024-04-18T08:36:02.929+0000] {logging_mixin.py:188} INFO - [2024-04-18T08:36:02.929+0000] {dag.py:3954} INFO - Setting next_dagrun for example_branch_dop_operator_v3 to 2024-04-18 08:35:00+00:00, run_after=2024-04-18 08:36:00+00:00
[2024-04-18T08:36:02.956+0000] {processor.py:183} INFO - Processing /home/airflow/.local/lib/python3.12/site-packages/airflow/example_dags/example_branch_python_dop_operator_3.py took 0.109 seconds
[2024-04-18T08:36:33.565+0000] {processor.py:161} INFO - Started process (PID=5280) to work on /home/airflow/.local/lib/python3.12/site-packages/airflow/example_dags/example_branch_python_dop_operator_3.py
[2024-04-18T08:36:33.566+0000] {processor.py:830} INFO - Processing file /home/airflow/.local/lib/python3.12/site-packages/airflow/example_dags/example_branch_python_dop_operator_3.py for tasks to queue
[2024-04-18T08:36:33.568+0000] {logging_mixin.py:188} INFO - [2024-04-18T08:36:33.567+0000] {dagbag.py:540} INFO - Filling up the DagBag from /home/airflow/.local/lib/python3.12/site-packages/airflow/example_dags/example_branch_python_dop_operator_3.py
[2024-04-18T08:36:33.583+0000] {processor.py:840} INFO - DAG(s) 'example_branch_dop_operator_v3' retrieved from /home/airflow/.local/lib/python3.12/site-packages/airflow/example_dags/example_branch_python_dop_operator_3.py
[2024-04-18T08:36:33.633+0000] {logging_mixin.py:188} INFO - [2024-04-18T08:36:33.633+0000] {dag.py:3096} INFO - Sync 1 DAGs
[2024-04-18T08:36:33.682+0000] {logging_mixin.py:188} INFO - [2024-04-18T08:36:33.682+0000] {dag.py:3954} INFO - Setting next_dagrun for example_branch_dop_operator_v3 to 2024-04-18 08:35:00+00:00, run_after=2024-04-18 08:36:00+00:00
[2024-04-18T08:36:33.723+0000] {processor.py:183} INFO - Processing /home/airflow/.local/lib/python3.12/site-packages/airflow/example_dags/example_branch_python_dop_operator_3.py took 0.165 seconds
[2024-04-18T08:37:04.109+0000] {processor.py:161} INFO - Started process (PID=5545) to work on /home/airflow/.local/lib/python3.12/site-packages/airflow/example_dags/example_branch_python_dop_operator_3.py
[2024-04-18T08:37:04.109+0000] {processor.py:830} INFO - Processing file /home/airflow/.local/lib/python3.12/site-packages/airflow/example_dags/example_branch_python_dop_operator_3.py for tasks to queue
[2024-04-18T08:37:04.111+0000] {logging_mixin.py:188} INFO - [2024-04-18T08:37:04.111+0000] {dagbag.py:540} INFO - Filling up the DagBag from /home/airflow/.local/lib/python3.12/site-packages/airflow/example_dags/example_branch_python_dop_operator_3.py
[2024-04-18T08:37:04.119+0000] {processor.py:840} INFO - DAG(s) 'example_branch_dop_operator_v3' retrieved from /home/airflow/.local/lib/python3.12/site-packages/airflow/example_dags/example_branch_python_dop_operator_3.py
[2024-04-18T08:37:04.143+0000] {logging_mixin.py:188} INFO - [2024-04-18T08:37:04.143+0000] {dag.py:3096} INFO - Sync 1 DAGs
[2024-04-18T08:37:04.549+0000] {logging_mixin.py:188} INFO - [2024-04-18T08:37:04.544+0000] {dag.py:3954} INFO - Setting next_dagrun for example_branch_dop_operator_v3 to 2024-04-18 08:36:00+00:00, run_after=2024-04-18 08:37:00+00:00
[2024-04-18T08:37:04.591+0000] {processor.py:183} INFO - Processing /home/airflow/.local/lib/python3.12/site-packages/airflow/example_dags/example_branch_python_dop_operator_3.py took 0.488 seconds
[2024-04-18T08:37:35.273+0000] {processor.py:161} INFO - Started process (PID=5811) to work on /home/airflow/.local/lib/python3.12/site-packages/airflow/example_dags/example_branch_python_dop_operator_3.py
[2024-04-18T08:37:35.273+0000] {processor.py:830} INFO - Processing file /home/airflow/.local/lib/python3.12/site-packages/airflow/example_dags/example_branch_python_dop_operator_3.py for tasks to queue
[2024-04-18T08:37:35.276+0000] {logging_mixin.py:188} INFO - [2024-04-18T08:37:35.275+0000] {dagbag.py:540} INFO - Filling up the DagBag from /home/airflow/.local/lib/python3.12/site-packages/airflow/example_dags/example_branch_python_dop_operator_3.py
[2024-04-18T08:37:35.291+0000] {processor.py:840} INFO - DAG(s) 'example_branch_dop_operator_v3' retrieved from /home/airflow/.local/lib/python3.12/site-packages/airflow/example_dags/example_branch_python_dop_operator_3.py
[2024-04-18T08:37:35.322+0000] {logging_mixin.py:188} INFO - [2024-04-18T08:37:35.321+0000] {dag.py:3096} INFO - Sync 1 DAGs
[2024-04-18T08:37:35.358+0000] {logging_mixin.py:188} INFO - [2024-04-18T08:37:35.358+0000] {dag.py:3954} INFO - Setting next_dagrun for example_branch_dop_operator_v3 to 2024-04-18 08:36:00+00:00, run_after=2024-04-18 08:37:00+00:00
[2024-04-18T08:37:35.644+0000] {processor.py:183} INFO - Processing /home/airflow/.local/lib/python3.12/site-packages/airflow/example_dags/example_branch_python_dop_operator_3.py took 0.377 seconds
[2024-04-18T08:38:06.508+0000] {processor.py:161} INFO - Started process (PID=6078) to work on /home/airflow/.local/lib/python3.12/site-packages/airflow/example_dags/example_branch_python_dop_operator_3.py
[2024-04-18T08:38:06.509+0000] {processor.py:830} INFO - Processing file /home/airflow/.local/lib/python3.12/site-packages/airflow/example_dags/example_branch_python_dop_operator_3.py for tasks to queue
[2024-04-18T08:38:06.510+0000] {logging_mixin.py:188} INFO - [2024-04-18T08:38:06.510+0000] {dagbag.py:540} INFO - Filling up the DagBag from /home/airflow/.local/lib/python3.12/site-packages/airflow/example_dags/example_branch_python_dop_operator_3.py
[2024-04-18T08:38:06.538+0000] {processor.py:840} INFO - DAG(s) 'example_branch_dop_operator_v3' retrieved from /home/airflow/.local/lib/python3.12/site-packages/airflow/example_dags/example_branch_python_dop_operator_3.py
[2024-04-18T08:38:06.580+0000] {logging_mixin.py:188} INFO - [2024-04-18T08:38:06.580+0000] {dag.py:3096} INFO - Sync 1 DAGs
[2024-04-18T08:38:06.656+0000] {logging_mixin.py:188} INFO - [2024-04-18T08:38:06.656+0000] {dag.py:3954} INFO - Setting next_dagrun for example_branch_dop_operator_v3 to 2024-04-18 08:37:00+00:00, run_after=2024-04-18 08:38:00+00:00
[2024-04-18T08:38:06.748+0000] {processor.py:183} INFO - Processing /home/airflow/.local/lib/python3.12/site-packages/airflow/example_dags/example_branch_python_dop_operator_3.py took 0.263 seconds
[2024-04-18T08:38:37.314+0000] {processor.py:161} INFO - Started process (PID=6348) to work on /home/airflow/.local/lib/python3.12/site-packages/airflow/example_dags/example_branch_python_dop_operator_3.py
[2024-04-18T08:38:37.315+0000] {processor.py:830} INFO - Processing file /home/airflow/.local/lib/python3.12/site-packages/airflow/example_dags/example_branch_python_dop_operator_3.py for tasks to queue
[2024-04-18T08:38:37.317+0000] {logging_mixin.py:188} INFO - [2024-04-18T08:38:37.316+0000] {dagbag.py:540} INFO - Filling up the DagBag from /home/airflow/.local/lib/python3.12/site-packages/airflow/example_dags/example_branch_python_dop_operator_3.py
[2024-04-18T08:38:37.325+0000] {processor.py:840} INFO - DAG(s) 'example_branch_dop_operator_v3' retrieved from /home/airflow/.local/lib/python3.12/site-packages/airflow/example_dags/example_branch_python_dop_operator_3.py
[2024-04-18T08:38:37.575+0000] {logging_mixin.py:188} INFO - [2024-04-18T08:38:37.574+0000] {dag.py:3096} INFO - Sync 1 DAGs
[2024-04-18T08:38:37.601+0000] {logging_mixin.py:188} INFO - [2024-04-18T08:38:37.601+0000] {dag.py:3954} INFO - Setting next_dagrun for example_branch_dop_operator_v3 to 2024-04-18 08:37:00+00:00, run_after=2024-04-18 08:38:00+00:00
[2024-04-18T08:38:37.622+0000] {processor.py:183} INFO - Processing /home/airflow/.local/lib/python3.12/site-packages/airflow/example_dags/example_branch_python_dop_operator_3.py took 0.313 seconds
[2024-04-18T08:39:08.112+0000] {processor.py:161} INFO - Started process (PID=6614) to work on /home/airflow/.local/lib/python3.12/site-packages/airflow/example_dags/example_branch_python_dop_operator_3.py
[2024-04-18T08:39:08.115+0000] {processor.py:830} INFO - Processing file /home/airflow/.local/lib/python3.12/site-packages/airflow/example_dags/example_branch_python_dop_operator_3.py for tasks to queue
[2024-04-18T08:39:08.120+0000] {logging_mixin.py:188} INFO - [2024-04-18T08:39:08.119+0000] {dagbag.py:540} INFO - Filling up the DagBag from /home/airflow/.local/lib/python3.12/site-packages/airflow/example_dags/example_branch_python_dop_operator_3.py
[2024-04-18T08:39:08.185+0000] {processor.py:840} INFO - DAG(s) 'example_branch_dop_operator_v3' retrieved from /home/airflow/.local/lib/python3.12/site-packages/airflow/example_dags/example_branch_python_dop_operator_3.py
[2024-04-18T08:39:08.259+0000] {logging_mixin.py:188} INFO - [2024-04-18T08:39:08.258+0000] {dag.py:3096} INFO - Sync 1 DAGs
[2024-04-18T08:39:08.325+0000] {logging_mixin.py:188} INFO - [2024-04-18T08:39:08.325+0000] {dag.py:3954} INFO - Setting next_dagrun for example_branch_dop_operator_v3 to 2024-04-18 08:38:00+00:00, run_after=2024-04-18 08:39:00+00:00
[2024-04-18T08:39:08.356+0000] {processor.py:183} INFO - Processing /home/airflow/.local/lib/python3.12/site-packages/airflow/example_dags/example_branch_python_dop_operator_3.py took 0.297 seconds
[2024-04-18T08:39:38.514+0000] {processor.py:161} INFO - Started process (PID=6880) to work on /home/airflow/.local/lib/python3.12/site-packages/airflow/example_dags/example_branch_python_dop_operator_3.py
[2024-04-18T08:39:38.515+0000] {processor.py:830} INFO - Processing file /home/airflow/.local/lib/python3.12/site-packages/airflow/example_dags/example_branch_python_dop_operator_3.py for tasks to queue
[2024-04-18T08:39:38.517+0000] {logging_mixin.py:188} INFO - [2024-04-18T08:39:38.516+0000] {dagbag.py:540} INFO - Filling up the DagBag from /home/airflow/.local/lib/python3.12/site-packages/airflow/example_dags/example_branch_python_dop_operator_3.py
[2024-04-18T08:39:38.526+0000] {processor.py:840} INFO - DAG(s) 'example_branch_dop_operator_v3' retrieved from /home/airflow/.local/lib/python3.12/site-packages/airflow/example_dags/example_branch_python_dop_operator_3.py
[2024-04-18T08:39:38.548+0000] {logging_mixin.py:188} INFO - [2024-04-18T08:39:38.548+0000] {dag.py:3096} INFO - Sync 1 DAGs
[2024-04-18T08:39:38.573+0000] {logging_mixin.py:188} INFO - [2024-04-18T08:39:38.573+0000] {dag.py:3954} INFO - Setting next_dagrun for example_branch_dop_operator_v3 to 2024-04-18 08:38:00+00:00, run_after=2024-04-18 08:39:00+00:00
[2024-04-18T08:39:38.594+0000] {processor.py:183} INFO - Processing /home/airflow/.local/lib/python3.12/site-packages/airflow/example_dags/example_branch_python_dop_operator_3.py took 0.087 seconds
[2024-04-18T08:40:09.032+0000] {processor.py:161} INFO - Started process (PID=7144) to work on /home/airflow/.local/lib/python3.12/site-packages/airflow/example_dags/example_branch_python_dop_operator_3.py
[2024-04-18T08:40:09.033+0000] {processor.py:830} INFO - Processing file /home/airflow/.local/lib/python3.12/site-packages/airflow/example_dags/example_branch_python_dop_operator_3.py for tasks to queue
[2024-04-18T08:40:09.035+0000] {logging_mixin.py:188} INFO - [2024-04-18T08:40:09.034+0000] {dagbag.py:540} INFO - Filling up the DagBag from /home/airflow/.local/lib/python3.12/site-packages/airflow/example_dags/example_branch_python_dop_operator_3.py
[2024-04-18T08:40:09.044+0000] {processor.py:840} INFO - DAG(s) 'example_branch_dop_operator_v3' retrieved from /home/airflow/.local/lib/python3.12/site-packages/airflow/example_dags/example_branch_python_dop_operator_3.py
[2024-04-18T08:40:09.064+0000] {logging_mixin.py:188} INFO - [2024-04-18T08:40:09.064+0000] {dag.py:3096} INFO - Sync 1 DAGs
[2024-04-18T08:40:09.116+0000] {logging_mixin.py:188} INFO - [2024-04-18T08:40:09.116+0000] {dag.py:3954} INFO - Setting next_dagrun for example_branch_dop_operator_v3 to 2024-04-18 08:39:00+00:00, run_after=2024-04-18 08:40:00+00:00
[2024-04-18T08:40:09.137+0000] {processor.py:183} INFO - Processing /home/airflow/.local/lib/python3.12/site-packages/airflow/example_dags/example_branch_python_dop_operator_3.py took 0.110 seconds
[2024-04-18T08:40:39.854+0000] {processor.py:161} INFO - Started process (PID=7408) to work on /home/airflow/.local/lib/python3.12/site-packages/airflow/example_dags/example_branch_python_dop_operator_3.py
[2024-04-18T08:40:39.855+0000] {processor.py:830} INFO - Processing file /home/airflow/.local/lib/python3.12/site-packages/airflow/example_dags/example_branch_python_dop_operator_3.py for tasks to queue
[2024-04-18T08:40:39.857+0000] {logging_mixin.py:188} INFO - [2024-04-18T08:40:39.856+0000] {dagbag.py:540} INFO - Filling up the DagBag from /home/airflow/.local/lib/python3.12/site-packages/airflow/example_dags/example_branch_python_dop_operator_3.py
[2024-04-18T08:40:39.866+0000] {processor.py:840} INFO - DAG(s) 'example_branch_dop_operator_v3' retrieved from /home/airflow/.local/lib/python3.12/site-packages/airflow/example_dags/example_branch_python_dop_operator_3.py
[2024-04-18T08:40:39.885+0000] {logging_mixin.py:188} INFO - [2024-04-18T08:40:39.884+0000] {dag.py:3096} INFO - Sync 1 DAGs
[2024-04-18T08:40:39.912+0000] {logging_mixin.py:188} INFO - [2024-04-18T08:40:39.912+0000] {dag.py:3954} INFO - Setting next_dagrun for example_branch_dop_operator_v3 to 2024-04-18 08:39:00+00:00, run_after=2024-04-18 08:40:00+00:00
[2024-04-18T08:40:39.937+0000] {processor.py:183} INFO - Processing /home/airflow/.local/lib/python3.12/site-packages/airflow/example_dags/example_branch_python_dop_operator_3.py took 0.089 seconds
[2024-04-18T08:41:10.638+0000] {processor.py:161} INFO - Started process (PID=7676) to work on /home/airflow/.local/lib/python3.12/site-packages/airflow/example_dags/example_branch_python_dop_operator_3.py
[2024-04-18T08:41:10.639+0000] {processor.py:830} INFO - Processing file /home/airflow/.local/lib/python3.12/site-packages/airflow/example_dags/example_branch_python_dop_operator_3.py for tasks to queue
[2024-04-18T08:41:10.641+0000] {logging_mixin.py:188} INFO - [2024-04-18T08:41:10.641+0000] {dagbag.py:540} INFO - Filling up the DagBag from /home/airflow/.local/lib/python3.12/site-packages/airflow/example_dags/example_branch_python_dop_operator_3.py
[2024-04-18T08:41:10.651+0000] {processor.py:840} INFO - DAG(s) 'example_branch_dop_operator_v3' retrieved from /home/airflow/.local/lib/python3.12/site-packages/airflow/example_dags/example_branch_python_dop_operator_3.py
[2024-04-18T08:41:10.673+0000] {logging_mixin.py:188} INFO - [2024-04-18T08:41:10.673+0000] {dag.py:3096} INFO - Sync 1 DAGs
[2024-04-18T08:41:10.701+0000] {logging_mixin.py:188} INFO - [2024-04-18T08:41:10.701+0000] {dag.py:3954} INFO - Setting next_dagrun for example_branch_dop_operator_v3 to 2024-04-18 08:40:00+00:00, run_after=2024-04-18 08:41:00+00:00
[2024-04-18T08:41:10.730+0000] {processor.py:183} INFO - Processing /home/airflow/.local/lib/python3.12/site-packages/airflow/example_dags/example_branch_python_dop_operator_3.py took 0.098 seconds
[2024-04-18T08:41:41.602+0000] {processor.py:161} INFO - Started process (PID=7944) to work on /home/airflow/.local/lib/python3.12/site-packages/airflow/example_dags/example_branch_python_dop_operator_3.py
[2024-04-18T08:41:41.602+0000] {processor.py:830} INFO - Processing file /home/airflow/.local/lib/python3.12/site-packages/airflow/example_dags/example_branch_python_dop_operator_3.py for tasks to queue
[2024-04-18T08:41:41.604+0000] {logging_mixin.py:188} INFO - [2024-04-18T08:41:41.603+0000] {dagbag.py:540} INFO - Filling up the DagBag from /home/airflow/.local/lib/python3.12/site-packages/airflow/example_dags/example_branch_python_dop_operator_3.py
[2024-04-18T08:41:41.612+0000] {processor.py:840} INFO - DAG(s) 'example_branch_dop_operator_v3' retrieved from /home/airflow/.local/lib/python3.12/site-packages/airflow/example_dags/example_branch_python_dop_operator_3.py
[2024-04-18T08:41:41.629+0000] {logging_mixin.py:188} INFO - [2024-04-18T08:41:41.629+0000] {dag.py:3096} INFO - Sync 1 DAGs
[2024-04-18T08:41:41.650+0000] {logging_mixin.py:188} INFO - [2024-04-18T08:41:41.650+0000] {dag.py:3954} INFO - Setting next_dagrun for example_branch_dop_operator_v3 to 2024-04-18 08:40:00+00:00, run_after=2024-04-18 08:41:00+00:00
[2024-04-18T08:41:41.675+0000] {processor.py:183} INFO - Processing /home/airflow/.local/lib/python3.12/site-packages/airflow/example_dags/example_branch_python_dop_operator_3.py took 0.079 seconds
[2024-04-18T08:42:12.364+0000] {processor.py:161} INFO - Started process (PID=8210) to work on /home/airflow/.local/lib/python3.12/site-packages/airflow/example_dags/example_branch_python_dop_operator_3.py
[2024-04-18T08:42:12.364+0000] {processor.py:830} INFO - Processing file /home/airflow/.local/lib/python3.12/site-packages/airflow/example_dags/example_branch_python_dop_operator_3.py for tasks to queue
[2024-04-18T08:42:12.366+0000] {logging_mixin.py:188} INFO - [2024-04-18T08:42:12.366+0000] {dagbag.py:540} INFO - Filling up the DagBag from /home/airflow/.local/lib/python3.12/site-packages/airflow/example_dags/example_branch_python_dop_operator_3.py
[2024-04-18T08:42:12.375+0000] {processor.py:840} INFO - DAG(s) 'example_branch_dop_operator_v3' retrieved from /home/airflow/.local/lib/python3.12/site-packages/airflow/example_dags/example_branch_python_dop_operator_3.py
[2024-04-18T08:42:12.395+0000] {logging_mixin.py:188} INFO - [2024-04-18T08:42:12.395+0000] {dag.py:3096} INFO - Sync 1 DAGs
[2024-04-18T08:42:12.423+0000] {logging_mixin.py:188} INFO - [2024-04-18T08:42:12.423+0000] {dag.py:3954} INFO - Setting next_dagrun for example_branch_dop_operator_v3 to 2024-04-18 08:41:00+00:00, run_after=2024-04-18 08:42:00+00:00
[2024-04-18T08:42:12.452+0000] {processor.py:183} INFO - Processing /home/airflow/.local/lib/python3.12/site-packages/airflow/example_dags/example_branch_python_dop_operator_3.py took 0.094 seconds
[2024-04-18T08:42:42.865+0000] {processor.py:161} INFO - Started process (PID=8474) to work on /home/airflow/.local/lib/python3.12/site-packages/airflow/example_dags/example_branch_python_dop_operator_3.py
[2024-04-18T08:42:42.866+0000] {processor.py:830} INFO - Processing file /home/airflow/.local/lib/python3.12/site-packages/airflow/example_dags/example_branch_python_dop_operator_3.py for tasks to queue
[2024-04-18T08:42:42.868+0000] {logging_mixin.py:188} INFO - [2024-04-18T08:42:42.868+0000] {dagbag.py:540} INFO - Filling up the DagBag from /home/airflow/.local/lib/python3.12/site-packages/airflow/example_dags/example_branch_python_dop_operator_3.py
[2024-04-18T08:42:42.877+0000] {processor.py:840} INFO - DAG(s) 'example_branch_dop_operator_v3' retrieved from /home/airflow/.local/lib/python3.12/site-packages/airflow/example_dags/example_branch_python_dop_operator_3.py
[2024-04-18T08:42:42.897+0000] {logging_mixin.py:188} INFO - [2024-04-18T08:42:42.897+0000] {dag.py:3096} INFO - Sync 1 DAGs
[2024-04-18T08:42:42.925+0000] {logging_mixin.py:188} INFO - [2024-04-18T08:42:42.925+0000] {dag.py:3954} INFO - Setting next_dagrun for example_branch_dop_operator_v3 to 2024-04-18 08:41:00+00:00, run_after=2024-04-18 08:42:00+00:00
[2024-04-18T08:42:42.961+0000] {processor.py:183} INFO - Processing /home/airflow/.local/lib/python3.12/site-packages/airflow/example_dags/example_branch_python_dop_operator_3.py took 0.102 seconds
[2024-04-18T08:43:13.930+0000] {processor.py:161} INFO - Started process (PID=8740) to work on /home/airflow/.local/lib/python3.12/site-packages/airflow/example_dags/example_branch_python_dop_operator_3.py
[2024-04-18T08:43:13.930+0000] {processor.py:830} INFO - Processing file /home/airflow/.local/lib/python3.12/site-packages/airflow/example_dags/example_branch_python_dop_operator_3.py for tasks to queue
[2024-04-18T08:43:13.932+0000] {logging_mixin.py:188} INFO - [2024-04-18T08:43:13.932+0000] {dagbag.py:540} INFO - Filling up the DagBag from /home/airflow/.local/lib/python3.12/site-packages/airflow/example_dags/example_branch_python_dop_operator_3.py
[2024-04-18T08:43:13.942+0000] {processor.py:840} INFO - DAG(s) 'example_branch_dop_operator_v3' retrieved from /home/airflow/.local/lib/python3.12/site-packages/airflow/example_dags/example_branch_python_dop_operator_3.py
[2024-04-18T08:43:13.963+0000] {logging_mixin.py:188} INFO - [2024-04-18T08:43:13.963+0000] {dag.py:3096} INFO - Sync 1 DAGs
[2024-04-18T08:43:13.991+0000] {logging_mixin.py:188} INFO - [2024-04-18T08:43:13.991+0000] {dag.py:3954} INFO - Setting next_dagrun for example_branch_dop_operator_v3 to 2024-04-18 08:42:00+00:00, run_after=2024-04-18 08:43:00+00:00
[2024-04-18T08:43:14.016+0000] {processor.py:183} INFO - Processing /home/airflow/.local/lib/python3.12/site-packages/airflow/example_dags/example_branch_python_dop_operator_3.py took 0.096 seconds
[2024-04-18T08:43:44.517+0000] {processor.py:161} INFO - Started process (PID=9008) to work on /home/airflow/.local/lib/python3.12/site-packages/airflow/example_dags/example_branch_python_dop_operator_3.py
[2024-04-18T08:43:44.518+0000] {processor.py:830} INFO - Processing file /home/airflow/.local/lib/python3.12/site-packages/airflow/example_dags/example_branch_python_dop_operator_3.py for tasks to queue
[2024-04-18T08:43:44.520+0000] {logging_mixin.py:188} INFO - [2024-04-18T08:43:44.519+0000] {dagbag.py:540} INFO - Filling up the DagBag from /home/airflow/.local/lib/python3.12/site-packages/airflow/example_dags/example_branch_python_dop_operator_3.py
[2024-04-18T08:43:44.529+0000] {processor.py:840} INFO - DAG(s) 'example_branch_dop_operator_v3' retrieved from /home/airflow/.local/lib/python3.12/site-packages/airflow/example_dags/example_branch_python_dop_operator_3.py
[2024-04-18T08:43:44.551+0000] {logging_mixin.py:188} INFO - [2024-04-18T08:43:44.550+0000] {dag.py:3096} INFO - Sync 1 DAGs
[2024-04-18T08:43:44.581+0000] {logging_mixin.py:188} INFO - [2024-04-18T08:43:44.581+0000] {dag.py:3954} INFO - Setting next_dagrun for example_branch_dop_operator_v3 to 2024-04-18 08:42:00+00:00, run_after=2024-04-18 08:43:00+00:00
[2024-04-18T08:43:44.615+0000] {processor.py:183} INFO - Processing /home/airflow/.local/lib/python3.12/site-packages/airflow/example_dags/example_branch_python_dop_operator_3.py took 0.105 seconds
[2024-04-18T08:44:15.357+0000] {processor.py:161} INFO - Started process (PID=9272) to work on /home/airflow/.local/lib/python3.12/site-packages/airflow/example_dags/example_branch_python_dop_operator_3.py
[2024-04-18T08:44:15.357+0000] {processor.py:830} INFO - Processing file /home/airflow/.local/lib/python3.12/site-packages/airflow/example_dags/example_branch_python_dop_operator_3.py for tasks to queue
[2024-04-18T08:44:15.359+0000] {logging_mixin.py:188} INFO - [2024-04-18T08:44:15.359+0000] {dagbag.py:540} INFO - Filling up the DagBag from /home/airflow/.local/lib/python3.12/site-packages/airflow/example_dags/example_branch_python_dop_operator_3.py
[2024-04-18T08:44:15.369+0000] {processor.py:840} INFO - DAG(s) 'example_branch_dop_operator_v3' retrieved from /home/airflow/.local/lib/python3.12/site-packages/airflow/example_dags/example_branch_python_dop_operator_3.py
[2024-04-18T08:44:15.391+0000] {logging_mixin.py:188} INFO - [2024-04-18T08:44:15.390+0000] {dag.py:3096} INFO - Sync 1 DAGs
[2024-04-18T08:44:15.419+0000] {logging_mixin.py:188} INFO - [2024-04-18T08:44:15.418+0000] {dag.py:3954} INFO - Setting next_dagrun for example_branch_dop_operator_v3 to 2024-04-18 08:43:00+00:00, run_after=2024-04-18 08:44:00+00:00
[2024-04-18T08:44:15.441+0000] {processor.py:183} INFO - Processing /home/airflow/.local/lib/python3.12/site-packages/airflow/example_dags/example_branch_python_dop_operator_3.py took 0.090 seconds
[2024-04-18T08:44:46.359+0000] {processor.py:161} INFO - Started process (PID=9544) to work on /home/airflow/.local/lib/python3.12/site-packages/airflow/example_dags/example_branch_python_dop_operator_3.py
[2024-04-18T08:44:46.360+0000] {processor.py:830} INFO - Processing file /home/airflow/.local/lib/python3.12/site-packages/airflow/example_dags/example_branch_python_dop_operator_3.py for tasks to queue
[2024-04-18T08:44:46.364+0000] {logging_mixin.py:188} INFO - [2024-04-18T08:44:46.362+0000] {dagbag.py:540} INFO - Filling up the DagBag from /home/airflow/.local/lib/python3.12/site-packages/airflow/example_dags/example_branch_python_dop_operator_3.py
[2024-04-18T08:44:46.374+0000] {processor.py:840} INFO - DAG(s) 'example_branch_dop_operator_v3' retrieved from /home/airflow/.local/lib/python3.12/site-packages/airflow/example_dags/example_branch_python_dop_operator_3.py
[2024-04-18T08:44:46.409+0000] {logging_mixin.py:188} INFO - [2024-04-18T08:44:46.407+0000] {dag.py:3096} INFO - Sync 1 DAGs
[2024-04-18T08:44:46.441+0000] {logging_mixin.py:188} INFO - [2024-04-18T08:44:46.441+0000] {dag.py:3954} INFO - Setting next_dagrun for example_branch_dop_operator_v3 to 2024-04-18 08:43:00+00:00, run_after=2024-04-18 08:44:00+00:00
[2024-04-18T08:44:46.496+0000] {processor.py:183} INFO - Processing /home/airflow/.local/lib/python3.12/site-packages/airflow/example_dags/example_branch_python_dop_operator_3.py took 0.144 seconds
[2024-04-18T08:45:16.859+0000] {processor.py:161} INFO - Started process (PID=9812) to work on /home/airflow/.local/lib/python3.12/site-packages/airflow/example_dags/example_branch_python_dop_operator_3.py
[2024-04-18T08:45:16.860+0000] {processor.py:830} INFO - Processing file /home/airflow/.local/lib/python3.12/site-packages/airflow/example_dags/example_branch_python_dop_operator_3.py for tasks to queue
[2024-04-18T08:45:16.862+0000] {logging_mixin.py:188} INFO - [2024-04-18T08:45:16.861+0000] {dagbag.py:540} INFO - Filling up the DagBag from /home/airflow/.local/lib/python3.12/site-packages/airflow/example_dags/example_branch_python_dop_operator_3.py
[2024-04-18T08:45:16.871+0000] {processor.py:840} INFO - DAG(s) 'example_branch_dop_operator_v3' retrieved from /home/airflow/.local/lib/python3.12/site-packages/airflow/example_dags/example_branch_python_dop_operator_3.py
[2024-04-18T08:45:16.894+0000] {logging_mixin.py:188} INFO - [2024-04-18T08:45:16.893+0000] {dag.py:3096} INFO - Sync 1 DAGs
[2024-04-18T08:45:16.924+0000] {logging_mixin.py:188} INFO - [2024-04-18T08:45:16.924+0000] {dag.py:3954} INFO - Setting next_dagrun for example_branch_dop_operator_v3 to 2024-04-18 08:44:00+00:00, run_after=2024-04-18 08:45:00+00:00
[2024-04-18T08:45:16.946+0000] {processor.py:183} INFO - Processing /home/airflow/.local/lib/python3.12/site-packages/airflow/example_dags/example_branch_python_dop_operator_3.py took 0.092 seconds
[2024-04-18T08:45:47.514+0000] {processor.py:161} INFO - Started process (PID=10078) to work on /home/airflow/.local/lib/python3.12/site-packages/airflow/example_dags/example_branch_python_dop_operator_3.py
[2024-04-18T08:45:47.515+0000] {processor.py:830} INFO - Processing file /home/airflow/.local/lib/python3.12/site-packages/airflow/example_dags/example_branch_python_dop_operator_3.py for tasks to queue
[2024-04-18T08:45:47.517+0000] {logging_mixin.py:188} INFO - [2024-04-18T08:45:47.516+0000] {dagbag.py:540} INFO - Filling up the DagBag from /home/airflow/.local/lib/python3.12/site-packages/airflow/example_dags/example_branch_python_dop_operator_3.py
[2024-04-18T08:45:47.525+0000] {processor.py:840} INFO - DAG(s) 'example_branch_dop_operator_v3' retrieved from /home/airflow/.local/lib/python3.12/site-packages/airflow/example_dags/example_branch_python_dop_operator_3.py
[2024-04-18T08:45:47.546+0000] {logging_mixin.py:188} INFO - [2024-04-18T08:45:47.546+0000] {dag.py:3096} INFO - Sync 1 DAGs
[2024-04-18T08:45:47.585+0000] {logging_mixin.py:188} INFO - [2024-04-18T08:45:47.585+0000] {dag.py:3954} INFO - Setting next_dagrun for example_branch_dop_operator_v3 to 2024-04-18 08:44:00+00:00, run_after=2024-04-18 08:45:00+00:00
[2024-04-18T08:45:47.609+0000] {processor.py:183} INFO - Processing /home/airflow/.local/lib/python3.12/site-packages/airflow/example_dags/example_branch_python_dop_operator_3.py took 0.102 seconds
[2024-04-18T08:46:18.335+0000] {processor.py:161} INFO - Started process (PID=10344) to work on /home/airflow/.local/lib/python3.12/site-packages/airflow/example_dags/example_branch_python_dop_operator_3.py
[2024-04-18T08:46:18.335+0000] {processor.py:830} INFO - Processing file /home/airflow/.local/lib/python3.12/site-packages/airflow/example_dags/example_branch_python_dop_operator_3.py for tasks to queue
[2024-04-18T08:46:18.337+0000] {logging_mixin.py:188} INFO - [2024-04-18T08:46:18.337+0000] {dagbag.py:540} INFO - Filling up the DagBag from /home/airflow/.local/lib/python3.12/site-packages/airflow/example_dags/example_branch_python_dop_operator_3.py
[2024-04-18T08:46:18.344+0000] {processor.py:840} INFO - DAG(s) 'example_branch_dop_operator_v3' retrieved from /home/airflow/.local/lib/python3.12/site-packages/airflow/example_dags/example_branch_python_dop_operator_3.py
[2024-04-18T08:46:18.359+0000] {logging_mixin.py:188} INFO - [2024-04-18T08:46:18.359+0000] {dag.py:3096} INFO - Sync 1 DAGs
[2024-04-18T08:46:18.378+0000] {logging_mixin.py:188} INFO - [2024-04-18T08:46:18.378+0000] {dag.py:3954} INFO - Setting next_dagrun for example_branch_dop_operator_v3 to 2024-04-18 08:45:00+00:00, run_after=2024-04-18 08:46:00+00:00
[2024-04-18T08:46:18.399+0000] {processor.py:183} INFO - Processing /home/airflow/.local/lib/python3.12/site-packages/airflow/example_dags/example_branch_python_dop_operator_3.py took 0.069 seconds
[2024-04-18T08:46:49.232+0000] {processor.py:161} INFO - Started process (PID=10609) to work on /home/airflow/.local/lib/python3.12/site-packages/airflow/example_dags/example_branch_python_dop_operator_3.py
[2024-04-18T08:46:49.233+0000] {processor.py:830} INFO - Processing file /home/airflow/.local/lib/python3.12/site-packages/airflow/example_dags/example_branch_python_dop_operator_3.py for tasks to queue
[2024-04-18T08:46:49.235+0000] {logging_mixin.py:188} INFO - [2024-04-18T08:46:49.235+0000] {dagbag.py:540} INFO - Filling up the DagBag from /home/airflow/.local/lib/python3.12/site-packages/airflow/example_dags/example_branch_python_dop_operator_3.py
[2024-04-18T08:46:49.251+0000] {processor.py:840} INFO - DAG(s) 'example_branch_dop_operator_v3' retrieved from /home/airflow/.local/lib/python3.12/site-packages/airflow/example_dags/example_branch_python_dop_operator_3.py
[2024-04-18T08:46:49.338+0000] {logging_mixin.py:188} INFO - [2024-04-18T08:46:49.338+0000] {dag.py:3096} INFO - Sync 1 DAGs
[2024-04-18T08:46:49.390+0000] {logging_mixin.py:188} INFO - [2024-04-18T08:46:49.390+0000] {dag.py:3954} INFO - Setting next_dagrun for example_branch_dop_operator_v3 to 2024-04-18 08:45:00+00:00, run_after=2024-04-18 08:46:00+00:00
[2024-04-18T08:46:49.434+0000] {processor.py:183} INFO - Processing /home/airflow/.local/lib/python3.12/site-packages/airflow/example_dags/example_branch_python_dop_operator_3.py took 0.216 seconds
[2024-04-18T08:47:20.325+0000] {processor.py:161} INFO - Started process (PID=10877) to work on /home/airflow/.local/lib/python3.12/site-packages/airflow/example_dags/example_branch_python_dop_operator_3.py
[2024-04-18T08:47:20.331+0000] {processor.py:830} INFO - Processing file /home/airflow/.local/lib/python3.12/site-packages/airflow/example_dags/example_branch_python_dop_operator_3.py for tasks to queue
[2024-04-18T08:47:20.333+0000] {logging_mixin.py:188} INFO - [2024-04-18T08:47:20.333+0000] {dagbag.py:540} INFO - Filling up the DagBag from /home/airflow/.local/lib/python3.12/site-packages/airflow/example_dags/example_branch_python_dop_operator_3.py
[2024-04-18T08:47:20.355+0000] {processor.py:840} INFO - DAG(s) 'example_branch_dop_operator_v3' retrieved from /home/airflow/.local/lib/python3.12/site-packages/airflow/example_dags/example_branch_python_dop_operator_3.py
[2024-04-18T08:47:20.387+0000] {logging_mixin.py:188} INFO - [2024-04-18T08:47:20.387+0000] {dag.py:3096} INFO - Sync 1 DAGs
[2024-04-18T08:47:20.436+0000] {logging_mixin.py:188} INFO - [2024-04-18T08:47:20.436+0000] {dag.py:3954} INFO - Setting next_dagrun for example_branch_dop_operator_v3 to 2024-04-18 08:46:00+00:00, run_after=2024-04-18 08:47:00+00:00
[2024-04-18T08:47:20.468+0000] {processor.py:183} INFO - Processing /home/airflow/.local/lib/python3.12/site-packages/airflow/example_dags/example_branch_python_dop_operator_3.py took 0.149 seconds
[2024-04-18T08:47:50.710+0000] {processor.py:161} INFO - Started process (PID=11144) to work on /home/airflow/.local/lib/python3.12/site-packages/airflow/example_dags/example_branch_python_dop_operator_3.py
[2024-04-18T08:47:50.711+0000] {processor.py:830} INFO - Processing file /home/airflow/.local/lib/python3.12/site-packages/airflow/example_dags/example_branch_python_dop_operator_3.py for tasks to queue
[2024-04-18T08:47:50.713+0000] {logging_mixin.py:188} INFO - [2024-04-18T08:47:50.712+0000] {dagbag.py:540} INFO - Filling up the DagBag from /home/airflow/.local/lib/python3.12/site-packages/airflow/example_dags/example_branch_python_dop_operator_3.py
[2024-04-18T08:47:50.719+0000] {processor.py:840} INFO - DAG(s) 'example_branch_dop_operator_v3' retrieved from /home/airflow/.local/lib/python3.12/site-packages/airflow/example_dags/example_branch_python_dop_operator_3.py
[2024-04-18T08:47:50.736+0000] {logging_mixin.py:188} INFO - [2024-04-18T08:47:50.735+0000] {dag.py:3096} INFO - Sync 1 DAGs
[2024-04-18T08:47:50.760+0000] {logging_mixin.py:188} INFO - [2024-04-18T08:47:50.760+0000] {dag.py:3954} INFO - Setting next_dagrun for example_branch_dop_operator_v3 to 2024-04-18 08:46:00+00:00, run_after=2024-04-18 08:47:00+00:00
[2024-04-18T08:47:50.786+0000] {processor.py:183} INFO - Processing /home/airflow/.local/lib/python3.12/site-packages/airflow/example_dags/example_branch_python_dop_operator_3.py took 0.080 seconds
[2024-04-18T08:48:20.976+0000] {processor.py:161} INFO - Started process (PID=11410) to work on /home/airflow/.local/lib/python3.12/site-packages/airflow/example_dags/example_branch_python_dop_operator_3.py
[2024-04-18T08:48:20.977+0000] {processor.py:830} INFO - Processing file /home/airflow/.local/lib/python3.12/site-packages/airflow/example_dags/example_branch_python_dop_operator_3.py for tasks to queue
[2024-04-18T08:48:20.979+0000] {logging_mixin.py:188} INFO - [2024-04-18T08:48:20.978+0000] {dagbag.py:540} INFO - Filling up the DagBag from /home/airflow/.local/lib/python3.12/site-packages/airflow/example_dags/example_branch_python_dop_operator_3.py
[2024-04-18T08:48:20.988+0000] {processor.py:840} INFO - DAG(s) 'example_branch_dop_operator_v3' retrieved from /home/airflow/.local/lib/python3.12/site-packages/airflow/example_dags/example_branch_python_dop_operator_3.py
[2024-04-18T08:48:21.009+0000] {logging_mixin.py:188} INFO - [2024-04-18T08:48:21.008+0000] {dag.py:3096} INFO - Sync 1 DAGs
[2024-04-18T08:48:21.037+0000] {logging_mixin.py:188} INFO - [2024-04-18T08:48:21.036+0000] {dag.py:3954} INFO - Setting next_dagrun for example_branch_dop_operator_v3 to 2024-04-18 08:47:00+00:00, run_after=2024-04-18 08:48:00+00:00
[2024-04-18T08:48:21.060+0000] {processor.py:183} INFO - Processing /home/airflow/.local/lib/python3.12/site-packages/airflow/example_dags/example_branch_python_dop_operator_3.py took 0.090 seconds
[2024-04-18T08:48:51.650+0000] {processor.py:161} INFO - Started process (PID=11676) to work on /home/airflow/.local/lib/python3.12/site-packages/airflow/example_dags/example_branch_python_dop_operator_3.py
[2024-04-18T08:48:51.655+0000] {processor.py:830} INFO - Processing file /home/airflow/.local/lib/python3.12/site-packages/airflow/example_dags/example_branch_python_dop_operator_3.py for tasks to queue
[2024-04-18T08:48:51.657+0000] {logging_mixin.py:188} INFO - [2024-04-18T08:48:51.656+0000] {dagbag.py:540} INFO - Filling up the DagBag from /home/airflow/.local/lib/python3.12/site-packages/airflow/example_dags/example_branch_python_dop_operator_3.py
[2024-04-18T08:48:51.666+0000] {processor.py:840} INFO - DAG(s) 'example_branch_dop_operator_v3' retrieved from /home/airflow/.local/lib/python3.12/site-packages/airflow/example_dags/example_branch_python_dop_operator_3.py
[2024-04-18T08:48:51.689+0000] {logging_mixin.py:188} INFO - [2024-04-18T08:48:51.688+0000] {dag.py:3096} INFO - Sync 1 DAGs
[2024-04-18T08:48:51.717+0000] {logging_mixin.py:188} INFO - [2024-04-18T08:48:51.717+0000] {dag.py:3954} INFO - Setting next_dagrun for example_branch_dop_operator_v3 to 2024-04-18 08:47:00+00:00, run_after=2024-04-18 08:48:00+00:00
[2024-04-18T08:48:51.739+0000] {processor.py:183} INFO - Processing /home/airflow/.local/lib/python3.12/site-packages/airflow/example_dags/example_branch_python_dop_operator_3.py took 0.100 seconds
