[2024-04-18T08:27:05.387+0000] {processor.py:161} INFO - Started process (PID=386) to work on /home/airflow/.local/lib/python3.12/site-packages/airflow/example_dags/example_xcomargs.py
[2024-04-18T08:27:05.388+0000] {processor.py:830} INFO - Processing file /home/airflow/.local/lib/python3.12/site-packages/airflow/example_dags/example_xcomargs.py for tasks to queue
[2024-04-18T08:27:05.391+0000] {logging_mixin.py:188} INFO - [2024-04-18T08:27:05.391+0000] {dagbag.py:540} INFO - Filling up the DagBag from /home/airflow/.local/lib/python3.12/site-packages/airflow/example_dags/example_xcomargs.py
[2024-04-18T08:27:05.431+0000] {processor.py:840} INFO - DAG(s) 'example_xcom_args_with_operators', 'example_xcom_args' retrieved from /home/airflow/.local/lib/python3.12/site-packages/airflow/example_dags/example_xcomargs.py
[2024-04-18T08:27:05.572+0000] {logging_mixin.py:188} INFO - [2024-04-18T08:27:05.572+0000] {dag.py:3096} INFO - Sync 2 DAGs
[2024-04-18T08:27:05.643+0000] {logging_mixin.py:188} INFO - [2024-04-18T08:27:05.642+0000] {dag.py:3954} INFO - Setting next_dagrun for example_xcom_args to None, run_after=None
[2024-04-18T08:27:05.668+0000] {logging_mixin.py:188} INFO - [2024-04-18T08:27:05.668+0000] {dag.py:3954} INFO - Setting next_dagrun for example_xcom_args_with_operators to None, run_after=None
[2024-04-18T08:27:05.753+0000] {processor.py:183} INFO - Processing /home/airflow/.local/lib/python3.12/site-packages/airflow/example_dags/example_xcomargs.py took 0.389 seconds
[2024-04-18T08:27:35.897+0000] {processor.py:161} INFO - Started process (PID=670) to work on /home/airflow/.local/lib/python3.12/site-packages/airflow/example_dags/example_xcomargs.py
[2024-04-18T08:27:35.897+0000] {processor.py:830} INFO - Processing file /home/airflow/.local/lib/python3.12/site-packages/airflow/example_dags/example_xcomargs.py for tasks to queue
[2024-04-18T08:27:35.899+0000] {logging_mixin.py:188} INFO - [2024-04-18T08:27:35.899+0000] {dagbag.py:540} INFO - Filling up the DagBag from /home/airflow/.local/lib/python3.12/site-packages/airflow/example_dags/example_xcomargs.py
[2024-04-18T08:27:35.908+0000] {processor.py:840} INFO - DAG(s) 'example_xcom_args_with_operators', 'example_xcom_args' retrieved from /home/airflow/.local/lib/python3.12/site-packages/airflow/example_dags/example_xcomargs.py
[2024-04-18T08:27:35.930+0000] {logging_mixin.py:188} INFO - [2024-04-18T08:27:35.930+0000] {dag.py:3096} INFO - Sync 2 DAGs
[2024-04-18T08:27:35.944+0000] {logging_mixin.py:188} INFO - [2024-04-18T08:27:35.944+0000] {dag.py:3954} INFO - Setting next_dagrun for example_xcom_args to None, run_after=None
[2024-04-18T08:27:35.948+0000] {logging_mixin.py:188} INFO - [2024-04-18T08:27:35.947+0000] {dag.py:3954} INFO - Setting next_dagrun for example_xcom_args_with_operators to None, run_after=None
[2024-04-18T08:27:35.967+0000] {processor.py:183} INFO - Processing /home/airflow/.local/lib/python3.12/site-packages/airflow/example_dags/example_xcomargs.py took 0.076 seconds
[2024-04-18T08:28:06.339+0000] {processor.py:161} INFO - Started process (PID=944) to work on /home/airflow/.local/lib/python3.12/site-packages/airflow/example_dags/example_xcomargs.py
[2024-04-18T08:28:06.345+0000] {processor.py:830} INFO - Processing file /home/airflow/.local/lib/python3.12/site-packages/airflow/example_dags/example_xcomargs.py for tasks to queue
[2024-04-18T08:28:06.347+0000] {logging_mixin.py:188} INFO - [2024-04-18T08:28:06.346+0000] {dagbag.py:540} INFO - Filling up the DagBag from /home/airflow/.local/lib/python3.12/site-packages/airflow/example_dags/example_xcomargs.py
[2024-04-18T08:28:06.359+0000] {processor.py:840} INFO - DAG(s) 'example_xcom_args_with_operators', 'example_xcom_args' retrieved from /home/airflow/.local/lib/python3.12/site-packages/airflow/example_dags/example_xcomargs.py
[2024-04-18T08:28:06.428+0000] {logging_mixin.py:188} INFO - [2024-04-18T08:28:06.427+0000] {dag.py:3096} INFO - Sync 2 DAGs
[2024-04-18T08:28:06.460+0000] {logging_mixin.py:188} INFO - [2024-04-18T08:28:06.460+0000] {dag.py:3954} INFO - Setting next_dagrun for example_xcom_args to None, run_after=None
[2024-04-18T08:28:06.464+0000] {logging_mixin.py:188} INFO - [2024-04-18T08:28:06.464+0000] {dag.py:3954} INFO - Setting next_dagrun for example_xcom_args_with_operators to None, run_after=None
[2024-04-18T08:28:06.491+0000] {processor.py:183} INFO - Processing /home/airflow/.local/lib/python3.12/site-packages/airflow/example_dags/example_xcomargs.py took 0.160 seconds
[2024-04-18T08:28:38.994+0000] {processor.py:161} INFO - Started process (PID=1211) to work on /home/airflow/.local/lib/python3.12/site-packages/airflow/example_dags/example_xcomargs.py
[2024-04-18T08:28:38.998+0000] {processor.py:830} INFO - Processing file /home/airflow/.local/lib/python3.12/site-packages/airflow/example_dags/example_xcomargs.py for tasks to queue
[2024-04-18T08:28:39.015+0000] {logging_mixin.py:188} INFO - [2024-04-18T08:28:39.014+0000] {dagbag.py:540} INFO - Filling up the DagBag from /home/airflow/.local/lib/python3.12/site-packages/airflow/example_dags/example_xcomargs.py
[2024-04-18T08:28:39.075+0000] {processor.py:840} INFO - DAG(s) 'example_xcom_args', 'example_xcom_args_with_operators' retrieved from /home/airflow/.local/lib/python3.12/site-packages/airflow/example_dags/example_xcomargs.py
[2024-04-18T08:28:39.150+0000] {logging_mixin.py:188} INFO - [2024-04-18T08:28:39.149+0000] {dag.py:3096} INFO - Sync 2 DAGs
[2024-04-18T08:28:39.181+0000] {logging_mixin.py:188} INFO - [2024-04-18T08:28:39.181+0000] {dag.py:3954} INFO - Setting next_dagrun for example_xcom_args to None, run_after=None
[2024-04-18T08:28:39.193+0000] {logging_mixin.py:188} INFO - [2024-04-18T08:28:39.193+0000] {dag.py:3954} INFO - Setting next_dagrun for example_xcom_args_with_operators to None, run_after=None
[2024-04-18T08:28:39.233+0000] {processor.py:183} INFO - Processing /home/airflow/.local/lib/python3.12/site-packages/airflow/example_dags/example_xcomargs.py took 0.294 seconds
[2024-04-18T08:29:10.122+0000] {processor.py:161} INFO - Started process (PID=1476) to work on /home/airflow/.local/lib/python3.12/site-packages/airflow/example_dags/example_xcomargs.py
[2024-04-18T08:29:10.124+0000] {processor.py:830} INFO - Processing file /home/airflow/.local/lib/python3.12/site-packages/airflow/example_dags/example_xcomargs.py for tasks to queue
[2024-04-18T08:29:10.126+0000] {logging_mixin.py:188} INFO - [2024-04-18T08:29:10.125+0000] {dagbag.py:540} INFO - Filling up the DagBag from /home/airflow/.local/lib/python3.12/site-packages/airflow/example_dags/example_xcomargs.py
[2024-04-18T08:29:10.137+0000] {processor.py:840} INFO - DAG(s) 'example_xcom_args_with_operators', 'example_xcom_args' retrieved from /home/airflow/.local/lib/python3.12/site-packages/airflow/example_dags/example_xcomargs.py
[2024-04-18T08:29:10.162+0000] {logging_mixin.py:188} INFO - [2024-04-18T08:29:10.162+0000] {dag.py:3096} INFO - Sync 2 DAGs
[2024-04-18T08:29:10.177+0000] {logging_mixin.py:188} INFO - [2024-04-18T08:29:10.177+0000] {dag.py:3954} INFO - Setting next_dagrun for example_xcom_args to None, run_after=None
[2024-04-18T08:29:10.188+0000] {logging_mixin.py:188} INFO - [2024-04-18T08:29:10.188+0000] {dag.py:3954} INFO - Setting next_dagrun for example_xcom_args_with_operators to None, run_after=None
[2024-04-18T08:29:10.215+0000] {processor.py:183} INFO - Processing /home/airflow/.local/lib/python3.12/site-packages/airflow/example_dags/example_xcomargs.py took 0.109 seconds
[2024-04-18T08:29:41.118+0000] {processor.py:161} INFO - Started process (PID=1742) to work on /home/airflow/.local/lib/python3.12/site-packages/airflow/example_dags/example_xcomargs.py
[2024-04-18T08:29:41.119+0000] {processor.py:830} INFO - Processing file /home/airflow/.local/lib/python3.12/site-packages/airflow/example_dags/example_xcomargs.py for tasks to queue
[2024-04-18T08:29:41.121+0000] {logging_mixin.py:188} INFO - [2024-04-18T08:29:41.120+0000] {dagbag.py:540} INFO - Filling up the DagBag from /home/airflow/.local/lib/python3.12/site-packages/airflow/example_dags/example_xcomargs.py
[2024-04-18T08:29:41.131+0000] {processor.py:840} INFO - DAG(s) 'example_xcom_args', 'example_xcom_args_with_operators' retrieved from /home/airflow/.local/lib/python3.12/site-packages/airflow/example_dags/example_xcomargs.py
[2024-04-18T08:29:41.155+0000] {logging_mixin.py:188} INFO - [2024-04-18T08:29:41.154+0000] {dag.py:3096} INFO - Sync 2 DAGs
[2024-04-18T08:29:41.172+0000] {logging_mixin.py:188} INFO - [2024-04-18T08:29:41.172+0000] {dag.py:3954} INFO - Setting next_dagrun for example_xcom_args to None, run_after=None
[2024-04-18T08:29:41.176+0000] {logging_mixin.py:188} INFO - [2024-04-18T08:29:41.176+0000] {dag.py:3954} INFO - Setting next_dagrun for example_xcom_args_with_operators to None, run_after=None
[2024-04-18T08:29:41.196+0000] {processor.py:183} INFO - Processing /home/airflow/.local/lib/python3.12/site-packages/airflow/example_dags/example_xcomargs.py took 0.084 seconds
[2024-04-18T08:30:11.375+0000] {processor.py:161} INFO - Started process (PID=2009) to work on /home/airflow/.local/lib/python3.12/site-packages/airflow/example_dags/example_xcomargs.py
[2024-04-18T08:30:11.377+0000] {processor.py:830} INFO - Processing file /home/airflow/.local/lib/python3.12/site-packages/airflow/example_dags/example_xcomargs.py for tasks to queue
[2024-04-18T08:30:11.379+0000] {logging_mixin.py:188} INFO - [2024-04-18T08:30:11.378+0000] {dagbag.py:540} INFO - Filling up the DagBag from /home/airflow/.local/lib/python3.12/site-packages/airflow/example_dags/example_xcomargs.py
[2024-04-18T08:30:11.394+0000] {processor.py:840} INFO - DAG(s) 'example_xcom_args', 'example_xcom_args_with_operators' retrieved from /home/airflow/.local/lib/python3.12/site-packages/airflow/example_dags/example_xcomargs.py
[2024-04-18T08:30:11.418+0000] {logging_mixin.py:188} INFO - [2024-04-18T08:30:11.418+0000] {dag.py:3096} INFO - Sync 2 DAGs
[2024-04-18T08:30:11.433+0000] {logging_mixin.py:188} INFO - [2024-04-18T08:30:11.433+0000] {dag.py:3954} INFO - Setting next_dagrun for example_xcom_args to None, run_after=None
[2024-04-18T08:30:11.437+0000] {logging_mixin.py:188} INFO - [2024-04-18T08:30:11.437+0000] {dag.py:3954} INFO - Setting next_dagrun for example_xcom_args_with_operators to None, run_after=None
[2024-04-18T08:30:11.458+0000] {processor.py:183} INFO - Processing /home/airflow/.local/lib/python3.12/site-packages/airflow/example_dags/example_xcomargs.py took 0.091 seconds
[2024-04-18T08:30:42.128+0000] {processor.py:161} INFO - Started process (PID=2276) to work on /home/airflow/.local/lib/python3.12/site-packages/airflow/example_dags/example_xcomargs.py
[2024-04-18T08:30:42.128+0000] {processor.py:830} INFO - Processing file /home/airflow/.local/lib/python3.12/site-packages/airflow/example_dags/example_xcomargs.py for tasks to queue
[2024-04-18T08:30:42.130+0000] {logging_mixin.py:188} INFO - [2024-04-18T08:30:42.130+0000] {dagbag.py:540} INFO - Filling up the DagBag from /home/airflow/.local/lib/python3.12/site-packages/airflow/example_dags/example_xcomargs.py
[2024-04-18T08:30:42.148+0000] {processor.py:840} INFO - DAG(s) 'example_xcom_args', 'example_xcom_args_with_operators' retrieved from /home/airflow/.local/lib/python3.12/site-packages/airflow/example_dags/example_xcomargs.py
[2024-04-18T08:30:42.181+0000] {logging_mixin.py:188} INFO - [2024-04-18T08:30:42.181+0000] {dag.py:3096} INFO - Sync 2 DAGs
[2024-04-18T08:30:42.199+0000] {logging_mixin.py:188} INFO - [2024-04-18T08:30:42.199+0000] {dag.py:3954} INFO - Setting next_dagrun for example_xcom_args to None, run_after=None
[2024-04-18T08:30:42.203+0000] {logging_mixin.py:188} INFO - [2024-04-18T08:30:42.203+0000] {dag.py:3954} INFO - Setting next_dagrun for example_xcom_args_with_operators to None, run_after=None
[2024-04-18T08:30:42.224+0000] {processor.py:183} INFO - Processing /home/airflow/.local/lib/python3.12/site-packages/airflow/example_dags/example_xcomargs.py took 0.106 seconds
[2024-04-18T08:31:13.162+0000] {processor.py:161} INFO - Started process (PID=2548) to work on /home/airflow/.local/lib/python3.12/site-packages/airflow/example_dags/example_xcomargs.py
[2024-04-18T08:31:13.163+0000] {processor.py:830} INFO - Processing file /home/airflow/.local/lib/python3.12/site-packages/airflow/example_dags/example_xcomargs.py for tasks to queue
[2024-04-18T08:31:13.165+0000] {logging_mixin.py:188} INFO - [2024-04-18T08:31:13.165+0000] {dagbag.py:540} INFO - Filling up the DagBag from /home/airflow/.local/lib/python3.12/site-packages/airflow/example_dags/example_xcomargs.py
[2024-04-18T08:31:13.173+0000] {processor.py:840} INFO - DAG(s) 'example_xcom_args_with_operators', 'example_xcom_args' retrieved from /home/airflow/.local/lib/python3.12/site-packages/airflow/example_dags/example_xcomargs.py
[2024-04-18T08:31:13.196+0000] {logging_mixin.py:188} INFO - [2024-04-18T08:31:13.196+0000] {dag.py:3096} INFO - Sync 2 DAGs
[2024-04-18T08:31:13.210+0000] {logging_mixin.py:188} INFO - [2024-04-18T08:31:13.209+0000] {dag.py:3954} INFO - Setting next_dagrun for example_xcom_args to None, run_after=None
[2024-04-18T08:31:13.213+0000] {logging_mixin.py:188} INFO - [2024-04-18T08:31:13.213+0000] {dag.py:3954} INFO - Setting next_dagrun for example_xcom_args_with_operators to None, run_after=None
[2024-04-18T08:31:13.232+0000] {processor.py:183} INFO - Processing /home/airflow/.local/lib/python3.12/site-packages/airflow/example_dags/example_xcomargs.py took 0.077 seconds
[2024-04-18T08:31:43.536+0000] {processor.py:161} INFO - Started process (PID=2815) to work on /home/airflow/.local/lib/python3.12/site-packages/airflow/example_dags/example_xcomargs.py
[2024-04-18T08:31:43.537+0000] {processor.py:830} INFO - Processing file /home/airflow/.local/lib/python3.12/site-packages/airflow/example_dags/example_xcomargs.py for tasks to queue
[2024-04-18T08:31:43.539+0000] {logging_mixin.py:188} INFO - [2024-04-18T08:31:43.538+0000] {dagbag.py:540} INFO - Filling up the DagBag from /home/airflow/.local/lib/python3.12/site-packages/airflow/example_dags/example_xcomargs.py
[2024-04-18T08:31:43.546+0000] {processor.py:840} INFO - DAG(s) 'example_xcom_args_with_operators', 'example_xcom_args' retrieved from /home/airflow/.local/lib/python3.12/site-packages/airflow/example_dags/example_xcomargs.py
[2024-04-18T08:31:43.575+0000] {logging_mixin.py:188} INFO - [2024-04-18T08:31:43.574+0000] {dag.py:3096} INFO - Sync 2 DAGs
[2024-04-18T08:31:43.593+0000] {logging_mixin.py:188} INFO - [2024-04-18T08:31:43.589+0000] {dag.py:3954} INFO - Setting next_dagrun for example_xcom_args to None, run_after=None
[2024-04-18T08:31:43.596+0000] {logging_mixin.py:188} INFO - [2024-04-18T08:31:43.596+0000] {dag.py:3954} INFO - Setting next_dagrun for example_xcom_args_with_operators to None, run_after=None
[2024-04-18T08:31:43.615+0000] {processor.py:183} INFO - Processing /home/airflow/.local/lib/python3.12/site-packages/airflow/example_dags/example_xcomargs.py took 0.086 seconds
[2024-04-18T08:32:14.387+0000] {processor.py:161} INFO - Started process (PID=3082) to work on /home/airflow/.local/lib/python3.12/site-packages/airflow/example_dags/example_xcomargs.py
[2024-04-18T08:32:14.388+0000] {processor.py:830} INFO - Processing file /home/airflow/.local/lib/python3.12/site-packages/airflow/example_dags/example_xcomargs.py for tasks to queue
[2024-04-18T08:32:14.390+0000] {logging_mixin.py:188} INFO - [2024-04-18T08:32:14.389+0000] {dagbag.py:540} INFO - Filling up the DagBag from /home/airflow/.local/lib/python3.12/site-packages/airflow/example_dags/example_xcomargs.py
[2024-04-18T08:32:14.398+0000] {processor.py:840} INFO - DAG(s) 'example_xcom_args', 'example_xcom_args_with_operators' retrieved from /home/airflow/.local/lib/python3.12/site-packages/airflow/example_dags/example_xcomargs.py
[2024-04-18T08:32:14.423+0000] {logging_mixin.py:188} INFO - [2024-04-18T08:32:14.423+0000] {dag.py:3096} INFO - Sync 2 DAGs
[2024-04-18T08:32:14.437+0000] {logging_mixin.py:188} INFO - [2024-04-18T08:32:14.437+0000] {dag.py:3954} INFO - Setting next_dagrun for example_xcom_args to None, run_after=None
[2024-04-18T08:32:14.441+0000] {logging_mixin.py:188} INFO - [2024-04-18T08:32:14.440+0000] {dag.py:3954} INFO - Setting next_dagrun for example_xcom_args_with_operators to None, run_after=None
[2024-04-18T08:32:14.461+0000] {processor.py:183} INFO - Processing /home/airflow/.local/lib/python3.12/site-packages/airflow/example_dags/example_xcomargs.py took 0.080 seconds
[2024-04-18T08:32:45.200+0000] {processor.py:161} INFO - Started process (PID=3348) to work on /home/airflow/.local/lib/python3.12/site-packages/airflow/example_dags/example_xcomargs.py
[2024-04-18T08:32:45.201+0000] {processor.py:830} INFO - Processing file /home/airflow/.local/lib/python3.12/site-packages/airflow/example_dags/example_xcomargs.py for tasks to queue
[2024-04-18T08:32:45.203+0000] {logging_mixin.py:188} INFO - [2024-04-18T08:32:45.203+0000] {dagbag.py:540} INFO - Filling up the DagBag from /home/airflow/.local/lib/python3.12/site-packages/airflow/example_dags/example_xcomargs.py
[2024-04-18T08:32:45.212+0000] {processor.py:840} INFO - DAG(s) 'example_xcom_args_with_operators', 'example_xcom_args' retrieved from /home/airflow/.local/lib/python3.12/site-packages/airflow/example_dags/example_xcomargs.py
[2024-04-18T08:32:45.235+0000] {logging_mixin.py:188} INFO - [2024-04-18T08:32:45.235+0000] {dag.py:3096} INFO - Sync 2 DAGs
[2024-04-18T08:32:45.249+0000] {logging_mixin.py:188} INFO - [2024-04-18T08:32:45.249+0000] {dag.py:3954} INFO - Setting next_dagrun for example_xcom_args to None, run_after=None
[2024-04-18T08:32:45.253+0000] {logging_mixin.py:188} INFO - [2024-04-18T08:32:45.253+0000] {dag.py:3954} INFO - Setting next_dagrun for example_xcom_args_with_operators to None, run_after=None
[2024-04-18T08:32:45.272+0000] {processor.py:183} INFO - Processing /home/airflow/.local/lib/python3.12/site-packages/airflow/example_dags/example_xcomargs.py took 0.078 seconds
[2024-04-18T08:33:15.603+0000] {processor.py:161} INFO - Started process (PID=3615) to work on /home/airflow/.local/lib/python3.12/site-packages/airflow/example_dags/example_xcomargs.py
[2024-04-18T08:33:15.604+0000] {processor.py:830} INFO - Processing file /home/airflow/.local/lib/python3.12/site-packages/airflow/example_dags/example_xcomargs.py for tasks to queue
[2024-04-18T08:33:15.606+0000] {logging_mixin.py:188} INFO - [2024-04-18T08:33:15.606+0000] {dagbag.py:540} INFO - Filling up the DagBag from /home/airflow/.local/lib/python3.12/site-packages/airflow/example_dags/example_xcomargs.py
[2024-04-18T08:33:15.615+0000] {processor.py:840} INFO - DAG(s) 'example_xcom_args', 'example_xcom_args_with_operators' retrieved from /home/airflow/.local/lib/python3.12/site-packages/airflow/example_dags/example_xcomargs.py
[2024-04-18T08:33:15.638+0000] {logging_mixin.py:188} INFO - [2024-04-18T08:33:15.638+0000] {dag.py:3096} INFO - Sync 2 DAGs
[2024-04-18T08:33:15.652+0000] {logging_mixin.py:188} INFO - [2024-04-18T08:33:15.651+0000] {dag.py:3954} INFO - Setting next_dagrun for example_xcom_args to None, run_after=None
[2024-04-18T08:33:15.655+0000] {logging_mixin.py:188} INFO - [2024-04-18T08:33:15.655+0000] {dag.py:3954} INFO - Setting next_dagrun for example_xcom_args_with_operators to None, run_after=None
[2024-04-18T08:33:15.674+0000] {processor.py:183} INFO - Processing /home/airflow/.local/lib/python3.12/site-packages/airflow/example_dags/example_xcomargs.py took 0.077 seconds
[2024-04-18T08:33:46.664+0000] {processor.py:161} INFO - Started process (PID=3881) to work on /home/airflow/.local/lib/python3.12/site-packages/airflow/example_dags/example_xcomargs.py
[2024-04-18T08:33:46.666+0000] {processor.py:830} INFO - Processing file /home/airflow/.local/lib/python3.12/site-packages/airflow/example_dags/example_xcomargs.py for tasks to queue
[2024-04-18T08:33:46.674+0000] {logging_mixin.py:188} INFO - [2024-04-18T08:33:46.673+0000] {dagbag.py:540} INFO - Filling up the DagBag from /home/airflow/.local/lib/python3.12/site-packages/airflow/example_dags/example_xcomargs.py
[2024-04-18T08:33:46.689+0000] {processor.py:840} INFO - DAG(s) 'example_xcom_args_with_operators', 'example_xcom_args' retrieved from /home/airflow/.local/lib/python3.12/site-packages/airflow/example_dags/example_xcomargs.py
[2024-04-18T08:33:46.727+0000] {logging_mixin.py:188} INFO - [2024-04-18T08:33:46.726+0000] {dag.py:3096} INFO - Sync 2 DAGs
[2024-04-18T08:33:46.741+0000] {logging_mixin.py:188} INFO - [2024-04-18T08:33:46.740+0000] {dag.py:3954} INFO - Setting next_dagrun for example_xcom_args to None, run_after=None
[2024-04-18T08:33:46.744+0000] {logging_mixin.py:188} INFO - [2024-04-18T08:33:46.744+0000] {dag.py:3954} INFO - Setting next_dagrun for example_xcom_args_with_operators to None, run_after=None
[2024-04-18T08:33:46.764+0000] {processor.py:183} INFO - Processing /home/airflow/.local/lib/python3.12/site-packages/airflow/example_dags/example_xcomargs.py took 0.112 seconds
[2024-04-18T08:34:17.064+0000] {processor.py:161} INFO - Started process (PID=4141) to work on /home/airflow/.local/lib/python3.12/site-packages/airflow/example_dags/example_xcomargs.py
[2024-04-18T08:34:17.064+0000] {processor.py:830} INFO - Processing file /home/airflow/.local/lib/python3.12/site-packages/airflow/example_dags/example_xcomargs.py for tasks to queue
[2024-04-18T08:34:17.073+0000] {logging_mixin.py:188} INFO - [2024-04-18T08:34:17.073+0000] {dagbag.py:540} INFO - Filling up the DagBag from /home/airflow/.local/lib/python3.12/site-packages/airflow/example_dags/example_xcomargs.py
[2024-04-18T08:34:17.100+0000] {processor.py:840} INFO - DAG(s) 'example_xcom_args', 'example_xcom_args_with_operators' retrieved from /home/airflow/.local/lib/python3.12/site-packages/airflow/example_dags/example_xcomargs.py
[2024-04-18T08:34:17.158+0000] {logging_mixin.py:188} INFO - [2024-04-18T08:34:17.158+0000] {dag.py:3096} INFO - Sync 2 DAGs
[2024-04-18T08:34:17.185+0000] {logging_mixin.py:188} INFO - [2024-04-18T08:34:17.184+0000] {dag.py:3954} INFO - Setting next_dagrun for example_xcom_args to None, run_after=None
[2024-04-18T08:34:17.190+0000] {logging_mixin.py:188} INFO - [2024-04-18T08:34:17.190+0000] {dag.py:3954} INFO - Setting next_dagrun for example_xcom_args_with_operators to None, run_after=None
[2024-04-18T08:34:17.266+0000] {processor.py:183} INFO - Processing /home/airflow/.local/lib/python3.12/site-packages/airflow/example_dags/example_xcomargs.py took 0.223 seconds
[2024-04-18T08:34:47.562+0000] {processor.py:161} INFO - Started process (PID=4409) to work on /home/airflow/.local/lib/python3.12/site-packages/airflow/example_dags/example_xcomargs.py
[2024-04-18T08:34:47.562+0000] {processor.py:830} INFO - Processing file /home/airflow/.local/lib/python3.12/site-packages/airflow/example_dags/example_xcomargs.py for tasks to queue
[2024-04-18T08:34:47.564+0000] {logging_mixin.py:188} INFO - [2024-04-18T08:34:47.564+0000] {dagbag.py:540} INFO - Filling up the DagBag from /home/airflow/.local/lib/python3.12/site-packages/airflow/example_dags/example_xcomargs.py
[2024-04-18T08:34:47.573+0000] {processor.py:840} INFO - DAG(s) 'example_xcom_args', 'example_xcom_args_with_operators' retrieved from /home/airflow/.local/lib/python3.12/site-packages/airflow/example_dags/example_xcomargs.py
[2024-04-18T08:34:47.596+0000] {logging_mixin.py:188} INFO - [2024-04-18T08:34:47.596+0000] {dag.py:3096} INFO - Sync 2 DAGs
[2024-04-18T08:34:47.610+0000] {logging_mixin.py:188} INFO - [2024-04-18T08:34:47.610+0000] {dag.py:3954} INFO - Setting next_dagrun for example_xcom_args to None, run_after=None
[2024-04-18T08:34:47.614+0000] {logging_mixin.py:188} INFO - [2024-04-18T08:34:47.614+0000] {dag.py:3954} INFO - Setting next_dagrun for example_xcom_args_with_operators to None, run_after=None
[2024-04-18T08:34:47.633+0000] {processor.py:183} INFO - Processing /home/airflow/.local/lib/python3.12/site-packages/airflow/example_dags/example_xcomargs.py took 0.077 seconds
[2024-04-18T08:35:17.901+0000] {processor.py:161} INFO - Started process (PID=4675) to work on /home/airflow/.local/lib/python3.12/site-packages/airflow/example_dags/example_xcomargs.py
[2024-04-18T08:35:17.905+0000] {processor.py:830} INFO - Processing file /home/airflow/.local/lib/python3.12/site-packages/airflow/example_dags/example_xcomargs.py for tasks to queue
[2024-04-18T08:35:17.906+0000] {logging_mixin.py:188} INFO - [2024-04-18T08:35:17.906+0000] {dagbag.py:540} INFO - Filling up the DagBag from /home/airflow/.local/lib/python3.12/site-packages/airflow/example_dags/example_xcomargs.py
[2024-04-18T08:35:17.919+0000] {processor.py:840} INFO - DAG(s) 'example_xcom_args', 'example_xcom_args_with_operators' retrieved from /home/airflow/.local/lib/python3.12/site-packages/airflow/example_dags/example_xcomargs.py
[2024-04-18T08:35:17.975+0000] {logging_mixin.py:188} INFO - [2024-04-18T08:35:17.974+0000] {dag.py:3096} INFO - Sync 2 DAGs
[2024-04-18T08:35:18.001+0000] {logging_mixin.py:188} INFO - [2024-04-18T08:35:18.001+0000] {dag.py:3954} INFO - Setting next_dagrun for example_xcom_args to None, run_after=None
[2024-04-18T08:35:18.012+0000] {logging_mixin.py:188} INFO - [2024-04-18T08:35:18.012+0000] {dag.py:3954} INFO - Setting next_dagrun for example_xcom_args_with_operators to None, run_after=None
[2024-04-18T08:35:18.044+0000] {processor.py:183} INFO - Processing /home/airflow/.local/lib/python3.12/site-packages/airflow/example_dags/example_xcomargs.py took 0.156 seconds
[2024-04-18T08:35:48.469+0000] {processor.py:161} INFO - Started process (PID=4942) to work on /home/airflow/.local/lib/python3.12/site-packages/airflow/example_dags/example_xcomargs.py
[2024-04-18T08:35:48.470+0000] {processor.py:830} INFO - Processing file /home/airflow/.local/lib/python3.12/site-packages/airflow/example_dags/example_xcomargs.py for tasks to queue
[2024-04-18T08:35:48.472+0000] {logging_mixin.py:188} INFO - [2024-04-18T08:35:48.471+0000] {dagbag.py:540} INFO - Filling up the DagBag from /home/airflow/.local/lib/python3.12/site-packages/airflow/example_dags/example_xcomargs.py
[2024-04-18T08:35:48.481+0000] {processor.py:840} INFO - DAG(s) 'example_xcom_args_with_operators', 'example_xcom_args' retrieved from /home/airflow/.local/lib/python3.12/site-packages/airflow/example_dags/example_xcomargs.py
[2024-04-18T08:35:48.505+0000] {logging_mixin.py:188} INFO - [2024-04-18T08:35:48.505+0000] {dag.py:3096} INFO - Sync 2 DAGs
[2024-04-18T08:35:48.519+0000] {logging_mixin.py:188} INFO - [2024-04-18T08:35:48.519+0000] {dag.py:3954} INFO - Setting next_dagrun for example_xcom_args to None, run_after=None
[2024-04-18T08:35:48.523+0000] {logging_mixin.py:188} INFO - [2024-04-18T08:35:48.523+0000] {dag.py:3954} INFO - Setting next_dagrun for example_xcom_args_with_operators to None, run_after=None
[2024-04-18T08:35:48.546+0000] {processor.py:183} INFO - Processing /home/airflow/.local/lib/python3.12/site-packages/airflow/example_dags/example_xcomargs.py took 0.083 seconds
[2024-04-18T08:36:19.032+0000] {processor.py:161} INFO - Started process (PID=5209) to work on /home/airflow/.local/lib/python3.12/site-packages/airflow/example_dags/example_xcomargs.py
[2024-04-18T08:36:19.033+0000] {processor.py:830} INFO - Processing file /home/airflow/.local/lib/python3.12/site-packages/airflow/example_dags/example_xcomargs.py for tasks to queue
[2024-04-18T08:36:19.035+0000] {logging_mixin.py:188} INFO - [2024-04-18T08:36:19.035+0000] {dagbag.py:540} INFO - Filling up the DagBag from /home/airflow/.local/lib/python3.12/site-packages/airflow/example_dags/example_xcomargs.py
[2024-04-18T08:36:19.045+0000] {processor.py:840} INFO - DAG(s) 'example_xcom_args', 'example_xcom_args_with_operators' retrieved from /home/airflow/.local/lib/python3.12/site-packages/airflow/example_dags/example_xcomargs.py
[2024-04-18T08:36:19.070+0000] {logging_mixin.py:188} INFO - [2024-04-18T08:36:19.070+0000] {dag.py:3096} INFO - Sync 2 DAGs
[2024-04-18T08:36:19.381+0000] {logging_mixin.py:188} INFO - [2024-04-18T08:36:19.380+0000] {dag.py:3954} INFO - Setting next_dagrun for example_xcom_args to None, run_after=None
[2024-04-18T08:36:19.384+0000] {logging_mixin.py:188} INFO - [2024-04-18T08:36:19.384+0000] {dag.py:3954} INFO - Setting next_dagrun for example_xcom_args_with_operators to None, run_after=None
[2024-04-18T08:36:19.399+0000] {processor.py:183} INFO - Processing /home/airflow/.local/lib/python3.12/site-packages/airflow/example_dags/example_xcomargs.py took 0.373 seconds
[2024-04-18T08:36:50.356+0000] {processor.py:161} INFO - Started process (PID=5475) to work on /home/airflow/.local/lib/python3.12/site-packages/airflow/example_dags/example_xcomargs.py
[2024-04-18T08:36:50.357+0000] {processor.py:830} INFO - Processing file /home/airflow/.local/lib/python3.12/site-packages/airflow/example_dags/example_xcomargs.py for tasks to queue
[2024-04-18T08:36:50.359+0000] {logging_mixin.py:188} INFO - [2024-04-18T08:36:50.359+0000] {dagbag.py:540} INFO - Filling up the DagBag from /home/airflow/.local/lib/python3.12/site-packages/airflow/example_dags/example_xcomargs.py
[2024-04-18T08:36:50.369+0000] {processor.py:840} INFO - DAG(s) 'example_xcom_args_with_operators', 'example_xcom_args' retrieved from /home/airflow/.local/lib/python3.12/site-packages/airflow/example_dags/example_xcomargs.py
[2024-04-18T08:36:50.392+0000] {logging_mixin.py:188} INFO - [2024-04-18T08:36:50.392+0000] {dag.py:3096} INFO - Sync 2 DAGs
[2024-04-18T08:36:50.406+0000] {logging_mixin.py:188} INFO - [2024-04-18T08:36:50.406+0000] {dag.py:3954} INFO - Setting next_dagrun for example_xcom_args to None, run_after=None
[2024-04-18T08:36:50.410+0000] {logging_mixin.py:188} INFO - [2024-04-18T08:36:50.410+0000] {dag.py:3954} INFO - Setting next_dagrun for example_xcom_args_with_operators to None, run_after=None
[2024-04-18T08:36:50.430+0000] {processor.py:183} INFO - Processing /home/airflow/.local/lib/python3.12/site-packages/airflow/example_dags/example_xcomargs.py took 0.080 seconds
[2024-04-18T08:37:20.822+0000] {processor.py:161} INFO - Started process (PID=5741) to work on /home/airflow/.local/lib/python3.12/site-packages/airflow/example_dags/example_xcomargs.py
[2024-04-18T08:37:20.823+0000] {processor.py:830} INFO - Processing file /home/airflow/.local/lib/python3.12/site-packages/airflow/example_dags/example_xcomargs.py for tasks to queue
[2024-04-18T08:37:20.825+0000] {logging_mixin.py:188} INFO - [2024-04-18T08:37:20.825+0000] {dagbag.py:540} INFO - Filling up the DagBag from /home/airflow/.local/lib/python3.12/site-packages/airflow/example_dags/example_xcomargs.py
[2024-04-18T08:37:20.835+0000] {processor.py:840} INFO - DAG(s) 'example_xcom_args', 'example_xcom_args_with_operators' retrieved from /home/airflow/.local/lib/python3.12/site-packages/airflow/example_dags/example_xcomargs.py
[2024-04-18T08:37:20.857+0000] {logging_mixin.py:188} INFO - [2024-04-18T08:37:20.857+0000] {dag.py:3096} INFO - Sync 2 DAGs
[2024-04-18T08:37:20.872+0000] {logging_mixin.py:188} INFO - [2024-04-18T08:37:20.872+0000] {dag.py:3954} INFO - Setting next_dagrun for example_xcom_args to None, run_after=None
[2024-04-18T08:37:20.876+0000] {logging_mixin.py:188} INFO - [2024-04-18T08:37:20.876+0000] {dag.py:3954} INFO - Setting next_dagrun for example_xcom_args_with_operators to None, run_after=None
[2024-04-18T08:37:20.895+0000] {processor.py:183} INFO - Processing /home/airflow/.local/lib/python3.12/site-packages/airflow/example_dags/example_xcomargs.py took 0.078 seconds
[2024-04-18T08:37:51.840+0000] {processor.py:161} INFO - Started process (PID=6006) to work on /home/airflow/.local/lib/python3.12/site-packages/airflow/example_dags/example_xcomargs.py
[2024-04-18T08:37:51.841+0000] {processor.py:830} INFO - Processing file /home/airflow/.local/lib/python3.12/site-packages/airflow/example_dags/example_xcomargs.py for tasks to queue
[2024-04-18T08:37:51.843+0000] {logging_mixin.py:188} INFO - [2024-04-18T08:37:51.843+0000] {dagbag.py:540} INFO - Filling up the DagBag from /home/airflow/.local/lib/python3.12/site-packages/airflow/example_dags/example_xcomargs.py
[2024-04-18T08:37:51.852+0000] {processor.py:840} INFO - DAG(s) 'example_xcom_args', 'example_xcom_args_with_operators' retrieved from /home/airflow/.local/lib/python3.12/site-packages/airflow/example_dags/example_xcomargs.py
[2024-04-18T08:37:51.897+0000] {logging_mixin.py:188} INFO - [2024-04-18T08:37:51.896+0000] {dag.py:3096} INFO - Sync 2 DAGs
[2024-04-18T08:37:51.913+0000] {logging_mixin.py:188} INFO - [2024-04-18T08:37:51.913+0000] {dag.py:3954} INFO - Setting next_dagrun for example_xcom_args to None, run_after=None
[2024-04-18T08:37:51.917+0000] {logging_mixin.py:188} INFO - [2024-04-18T08:37:51.917+0000] {dag.py:3954} INFO - Setting next_dagrun for example_xcom_args_with_operators to None, run_after=None
[2024-04-18T08:37:51.937+0000] {processor.py:183} INFO - Processing /home/airflow/.local/lib/python3.12/site-packages/airflow/example_dags/example_xcomargs.py took 0.102 seconds
[2024-04-18T08:38:22.344+0000] {processor.py:161} INFO - Started process (PID=6273) to work on /home/airflow/.local/lib/python3.12/site-packages/airflow/example_dags/example_xcomargs.py
[2024-04-18T08:38:22.344+0000] {processor.py:830} INFO - Processing file /home/airflow/.local/lib/python3.12/site-packages/airflow/example_dags/example_xcomargs.py for tasks to queue
[2024-04-18T08:38:22.346+0000] {logging_mixin.py:188} INFO - [2024-04-18T08:38:22.346+0000] {dagbag.py:540} INFO - Filling up the DagBag from /home/airflow/.local/lib/python3.12/site-packages/airflow/example_dags/example_xcomargs.py
[2024-04-18T08:38:22.356+0000] {processor.py:840} INFO - DAG(s) 'example_xcom_args_with_operators', 'example_xcom_args' retrieved from /home/airflow/.local/lib/python3.12/site-packages/airflow/example_dags/example_xcomargs.py
[2024-04-18T08:38:22.378+0000] {logging_mixin.py:188} INFO - [2024-04-18T08:38:22.378+0000] {dag.py:3096} INFO - Sync 2 DAGs
[2024-04-18T08:38:22.628+0000] {logging_mixin.py:188} INFO - [2024-04-18T08:38:22.628+0000] {dag.py:3954} INFO - Setting next_dagrun for example_xcom_args to None, run_after=None
[2024-04-18T08:38:22.632+0000] {logging_mixin.py:188} INFO - [2024-04-18T08:38:22.632+0000] {dag.py:3954} INFO - Setting next_dagrun for example_xcom_args_with_operators to None, run_after=None
[2024-04-18T08:38:22.652+0000] {processor.py:183} INFO - Processing /home/airflow/.local/lib/python3.12/site-packages/airflow/example_dags/example_xcomargs.py took 0.319 seconds
[2024-04-18T08:38:52.755+0000] {processor.py:161} INFO - Started process (PID=6539) to work on /home/airflow/.local/lib/python3.12/site-packages/airflow/example_dags/example_xcomargs.py
[2024-04-18T08:38:52.756+0000] {processor.py:830} INFO - Processing file /home/airflow/.local/lib/python3.12/site-packages/airflow/example_dags/example_xcomargs.py for tasks to queue
[2024-04-18T08:38:52.758+0000] {logging_mixin.py:188} INFO - [2024-04-18T08:38:52.758+0000] {dagbag.py:540} INFO - Filling up the DagBag from /home/airflow/.local/lib/python3.12/site-packages/airflow/example_dags/example_xcomargs.py
[2024-04-18T08:38:52.768+0000] {processor.py:840} INFO - DAG(s) 'example_xcom_args', 'example_xcom_args_with_operators' retrieved from /home/airflow/.local/lib/python3.12/site-packages/airflow/example_dags/example_xcomargs.py
[2024-04-18T08:38:52.793+0000] {logging_mixin.py:188} INFO - [2024-04-18T08:38:52.793+0000] {dag.py:3096} INFO - Sync 2 DAGs
[2024-04-18T08:38:52.808+0000] {logging_mixin.py:188} INFO - [2024-04-18T08:38:52.808+0000] {dag.py:3954} INFO - Setting next_dagrun for example_xcom_args to None, run_after=None
[2024-04-18T08:38:52.812+0000] {logging_mixin.py:188} INFO - [2024-04-18T08:38:52.812+0000] {dag.py:3954} INFO - Setting next_dagrun for example_xcom_args_with_operators to None, run_after=None
[2024-04-18T08:38:52.839+0000] {processor.py:183} INFO - Processing /home/airflow/.local/lib/python3.12/site-packages/airflow/example_dags/example_xcomargs.py took 0.090 seconds
[2024-04-18T08:39:23.525+0000] {processor.py:161} INFO - Started process (PID=6805) to work on /home/airflow/.local/lib/python3.12/site-packages/airflow/example_dags/example_xcomargs.py
[2024-04-18T08:39:23.525+0000] {processor.py:830} INFO - Processing file /home/airflow/.local/lib/python3.12/site-packages/airflow/example_dags/example_xcomargs.py for tasks to queue
[2024-04-18T08:39:23.527+0000] {logging_mixin.py:188} INFO - [2024-04-18T08:39:23.527+0000] {dagbag.py:540} INFO - Filling up the DagBag from /home/airflow/.local/lib/python3.12/site-packages/airflow/example_dags/example_xcomargs.py
[2024-04-18T08:39:23.537+0000] {processor.py:840} INFO - DAG(s) 'example_xcom_args', 'example_xcom_args_with_operators' retrieved from /home/airflow/.local/lib/python3.12/site-packages/airflow/example_dags/example_xcomargs.py
[2024-04-18T08:39:23.564+0000] {logging_mixin.py:188} INFO - [2024-04-18T08:39:23.564+0000] {dag.py:3096} INFO - Sync 2 DAGs
[2024-04-18T08:39:23.599+0000] {logging_mixin.py:188} INFO - [2024-04-18T08:39:23.599+0000] {dag.py:3954} INFO - Setting next_dagrun for example_xcom_args to None, run_after=None
[2024-04-18T08:39:23.607+0000] {logging_mixin.py:188} INFO - [2024-04-18T08:39:23.607+0000] {dag.py:3954} INFO - Setting next_dagrun for example_xcom_args_with_operators to None, run_after=None
[2024-04-18T08:39:23.645+0000] {processor.py:183} INFO - Processing /home/airflow/.local/lib/python3.12/site-packages/airflow/example_dags/example_xcomargs.py took 0.127 seconds
[2024-04-18T08:39:53.921+0000] {processor.py:161} INFO - Started process (PID=7072) to work on /home/airflow/.local/lib/python3.12/site-packages/airflow/example_dags/example_xcomargs.py
[2024-04-18T08:39:53.922+0000] {processor.py:830} INFO - Processing file /home/airflow/.local/lib/python3.12/site-packages/airflow/example_dags/example_xcomargs.py for tasks to queue
[2024-04-18T08:39:53.924+0000] {logging_mixin.py:188} INFO - [2024-04-18T08:39:53.923+0000] {dagbag.py:540} INFO - Filling up the DagBag from /home/airflow/.local/lib/python3.12/site-packages/airflow/example_dags/example_xcomargs.py
[2024-04-18T08:39:53.933+0000] {processor.py:840} INFO - DAG(s) 'example_xcom_args_with_operators', 'example_xcom_args' retrieved from /home/airflow/.local/lib/python3.12/site-packages/airflow/example_dags/example_xcomargs.py
[2024-04-18T08:39:53.956+0000] {logging_mixin.py:188} INFO - [2024-04-18T08:39:53.956+0000] {dag.py:3096} INFO - Sync 2 DAGs
[2024-04-18T08:39:53.971+0000] {logging_mixin.py:188} INFO - [2024-04-18T08:39:53.970+0000] {dag.py:3954} INFO - Setting next_dagrun for example_xcom_args to None, run_after=None
[2024-04-18T08:39:53.974+0000] {logging_mixin.py:188} INFO - [2024-04-18T08:39:53.974+0000] {dag.py:3954} INFO - Setting next_dagrun for example_xcom_args_with_operators to None, run_after=None
[2024-04-18T08:39:53.995+0000] {processor.py:183} INFO - Processing /home/airflow/.local/lib/python3.12/site-packages/airflow/example_dags/example_xcomargs.py took 0.080 seconds
[2024-04-18T08:40:24.759+0000] {processor.py:161} INFO - Started process (PID=7338) to work on /home/airflow/.local/lib/python3.12/site-packages/airflow/example_dags/example_xcomargs.py
[2024-04-18T08:40:24.760+0000] {processor.py:830} INFO - Processing file /home/airflow/.local/lib/python3.12/site-packages/airflow/example_dags/example_xcomargs.py for tasks to queue
[2024-04-18T08:40:24.761+0000] {logging_mixin.py:188} INFO - [2024-04-18T08:40:24.761+0000] {dagbag.py:540} INFO - Filling up the DagBag from /home/airflow/.local/lib/python3.12/site-packages/airflow/example_dags/example_xcomargs.py
[2024-04-18T08:40:24.771+0000] {processor.py:840} INFO - DAG(s) 'example_xcom_args_with_operators', 'example_xcom_args' retrieved from /home/airflow/.local/lib/python3.12/site-packages/airflow/example_dags/example_xcomargs.py
[2024-04-18T08:40:24.795+0000] {logging_mixin.py:188} INFO - [2024-04-18T08:40:24.795+0000] {dag.py:3096} INFO - Sync 2 DAGs
[2024-04-18T08:40:24.810+0000] {logging_mixin.py:188} INFO - [2024-04-18T08:40:24.810+0000] {dag.py:3954} INFO - Setting next_dagrun for example_xcom_args to None, run_after=None
[2024-04-18T08:40:24.814+0000] {logging_mixin.py:188} INFO - [2024-04-18T08:40:24.814+0000] {dag.py:3954} INFO - Setting next_dagrun for example_xcom_args_with_operators to None, run_after=None
[2024-04-18T08:40:24.841+0000] {processor.py:183} INFO - Processing /home/airflow/.local/lib/python3.12/site-packages/airflow/example_dags/example_xcomargs.py took 0.088 seconds
[2024-04-18T08:40:55.658+0000] {processor.py:161} INFO - Started process (PID=7604) to work on /home/airflow/.local/lib/python3.12/site-packages/airflow/example_dags/example_xcomargs.py
[2024-04-18T08:40:55.659+0000] {processor.py:830} INFO - Processing file /home/airflow/.local/lib/python3.12/site-packages/airflow/example_dags/example_xcomargs.py for tasks to queue
[2024-04-18T08:40:55.661+0000] {logging_mixin.py:188} INFO - [2024-04-18T08:40:55.661+0000] {dagbag.py:540} INFO - Filling up the DagBag from /home/airflow/.local/lib/python3.12/site-packages/airflow/example_dags/example_xcomargs.py
[2024-04-18T08:40:55.671+0000] {processor.py:840} INFO - DAG(s) 'example_xcom_args', 'example_xcom_args_with_operators' retrieved from /home/airflow/.local/lib/python3.12/site-packages/airflow/example_dags/example_xcomargs.py
[2024-04-18T08:40:55.695+0000] {logging_mixin.py:188} INFO - [2024-04-18T08:40:55.694+0000] {dag.py:3096} INFO - Sync 2 DAGs
[2024-04-18T08:40:55.710+0000] {logging_mixin.py:188} INFO - [2024-04-18T08:40:55.710+0000] {dag.py:3954} INFO - Setting next_dagrun for example_xcom_args to None, run_after=None
[2024-04-18T08:40:55.714+0000] {logging_mixin.py:188} INFO - [2024-04-18T08:40:55.714+0000] {dag.py:3954} INFO - Setting next_dagrun for example_xcom_args_with_operators to None, run_after=None
[2024-04-18T08:40:55.736+0000] {processor.py:183} INFO - Processing /home/airflow/.local/lib/python3.12/site-packages/airflow/example_dags/example_xcomargs.py took 0.084 seconds
[2024-04-18T08:41:26.458+0000] {processor.py:161} INFO - Started process (PID=7870) to work on /home/airflow/.local/lib/python3.12/site-packages/airflow/example_dags/example_xcomargs.py
[2024-04-18T08:41:26.467+0000] {processor.py:830} INFO - Processing file /home/airflow/.local/lib/python3.12/site-packages/airflow/example_dags/example_xcomargs.py for tasks to queue
[2024-04-18T08:41:26.469+0000] {logging_mixin.py:188} INFO - [2024-04-18T08:41:26.469+0000] {dagbag.py:540} INFO - Filling up the DagBag from /home/airflow/.local/lib/python3.12/site-packages/airflow/example_dags/example_xcomargs.py
[2024-04-18T08:41:26.489+0000] {processor.py:840} INFO - DAG(s) 'example_xcom_args_with_operators', 'example_xcom_args' retrieved from /home/airflow/.local/lib/python3.12/site-packages/airflow/example_dags/example_xcomargs.py
[2024-04-18T08:41:26.540+0000] {logging_mixin.py:188} INFO - [2024-04-18T08:41:26.539+0000] {dag.py:3096} INFO - Sync 2 DAGs
[2024-04-18T08:41:26.565+0000] {logging_mixin.py:188} INFO - [2024-04-18T08:41:26.565+0000] {dag.py:3954} INFO - Setting next_dagrun for example_xcom_args to None, run_after=None
[2024-04-18T08:41:26.569+0000] {logging_mixin.py:188} INFO - [2024-04-18T08:41:26.568+0000] {dag.py:3954} INFO - Setting next_dagrun for example_xcom_args_with_operators to None, run_after=None
[2024-04-18T08:41:26.604+0000] {processor.py:183} INFO - Processing /home/airflow/.local/lib/python3.12/site-packages/airflow/example_dags/example_xcomargs.py took 0.161 seconds
[2024-04-18T08:41:57.177+0000] {processor.py:161} INFO - Started process (PID=8138) to work on /home/airflow/.local/lib/python3.12/site-packages/airflow/example_dags/example_xcomargs.py
[2024-04-18T08:41:57.178+0000] {processor.py:830} INFO - Processing file /home/airflow/.local/lib/python3.12/site-packages/airflow/example_dags/example_xcomargs.py for tasks to queue
[2024-04-18T08:41:57.180+0000] {logging_mixin.py:188} INFO - [2024-04-18T08:41:57.180+0000] {dagbag.py:540} INFO - Filling up the DagBag from /home/airflow/.local/lib/python3.12/site-packages/airflow/example_dags/example_xcomargs.py
[2024-04-18T08:41:57.189+0000] {processor.py:840} INFO - DAG(s) 'example_xcom_args', 'example_xcom_args_with_operators' retrieved from /home/airflow/.local/lib/python3.12/site-packages/airflow/example_dags/example_xcomargs.py
[2024-04-18T08:41:57.214+0000] {logging_mixin.py:188} INFO - [2024-04-18T08:41:57.213+0000] {dag.py:3096} INFO - Sync 2 DAGs
[2024-04-18T08:41:57.228+0000] {logging_mixin.py:188} INFO - [2024-04-18T08:41:57.228+0000] {dag.py:3954} INFO - Setting next_dagrun for example_xcom_args to None, run_after=None
[2024-04-18T08:41:57.232+0000] {logging_mixin.py:188} INFO - [2024-04-18T08:41:57.232+0000] {dag.py:3954} INFO - Setting next_dagrun for example_xcom_args_with_operators to None, run_after=None
[2024-04-18T08:41:57.253+0000] {processor.py:183} INFO - Processing /home/airflow/.local/lib/python3.12/site-packages/airflow/example_dags/example_xcomargs.py took 0.082 seconds
[2024-04-18T08:42:27.950+0000] {processor.py:161} INFO - Started process (PID=8404) to work on /home/airflow/.local/lib/python3.12/site-packages/airflow/example_dags/example_xcomargs.py
[2024-04-18T08:42:27.977+0000] {processor.py:830} INFO - Processing file /home/airflow/.local/lib/python3.12/site-packages/airflow/example_dags/example_xcomargs.py for tasks to queue
[2024-04-18T08:42:27.986+0000] {logging_mixin.py:188} INFO - [2024-04-18T08:42:27.986+0000] {dagbag.py:540} INFO - Filling up the DagBag from /home/airflow/.local/lib/python3.12/site-packages/airflow/example_dags/example_xcomargs.py
[2024-04-18T08:42:28.012+0000] {processor.py:840} INFO - DAG(s) 'example_xcom_args_with_operators', 'example_xcom_args' retrieved from /home/airflow/.local/lib/python3.12/site-packages/airflow/example_dags/example_xcomargs.py
[2024-04-18T08:42:28.065+0000] {logging_mixin.py:188} INFO - [2024-04-18T08:42:28.065+0000] {dag.py:3096} INFO - Sync 2 DAGs
[2024-04-18T08:42:28.109+0000] {logging_mixin.py:188} INFO - [2024-04-18T08:42:28.109+0000] {dag.py:3954} INFO - Setting next_dagrun for example_xcom_args to None, run_after=None
[2024-04-18T08:42:28.123+0000] {logging_mixin.py:188} INFO - [2024-04-18T08:42:28.123+0000] {dag.py:3954} INFO - Setting next_dagrun for example_xcom_args_with_operators to None, run_after=None
[2024-04-18T08:42:28.217+0000] {processor.py:183} INFO - Processing /home/airflow/.local/lib/python3.12/site-packages/airflow/example_dags/example_xcomargs.py took 0.274 seconds
[2024-04-18T08:42:58.361+0000] {processor.py:161} INFO - Started process (PID=8669) to work on /home/airflow/.local/lib/python3.12/site-packages/airflow/example_dags/example_xcomargs.py
[2024-04-18T08:42:58.365+0000] {processor.py:830} INFO - Processing file /home/airflow/.local/lib/python3.12/site-packages/airflow/example_dags/example_xcomargs.py for tasks to queue
[2024-04-18T08:42:58.367+0000] {logging_mixin.py:188} INFO - [2024-04-18T08:42:58.366+0000] {dagbag.py:540} INFO - Filling up the DagBag from /home/airflow/.local/lib/python3.12/site-packages/airflow/example_dags/example_xcomargs.py
[2024-04-18T08:42:58.405+0000] {processor.py:840} INFO - DAG(s) 'example_xcom_args_with_operators', 'example_xcom_args' retrieved from /home/airflow/.local/lib/python3.12/site-packages/airflow/example_dags/example_xcomargs.py
[2024-04-18T08:42:58.440+0000] {logging_mixin.py:188} INFO - [2024-04-18T08:42:58.440+0000] {dag.py:3096} INFO - Sync 2 DAGs
[2024-04-18T08:42:58.469+0000] {logging_mixin.py:188} INFO - [2024-04-18T08:42:58.468+0000] {dag.py:3954} INFO - Setting next_dagrun for example_xcom_args to None, run_after=None
[2024-04-18T08:42:58.473+0000] {logging_mixin.py:188} INFO - [2024-04-18T08:42:58.473+0000] {dag.py:3954} INFO - Setting next_dagrun for example_xcom_args_with_operators to None, run_after=None
[2024-04-18T08:42:58.492+0000] {processor.py:183} INFO - Processing /home/airflow/.local/lib/python3.12/site-packages/airflow/example_dags/example_xcomargs.py took 0.158 seconds
[2024-04-18T08:43:28.581+0000] {processor.py:161} INFO - Started process (PID=8936) to work on /home/airflow/.local/lib/python3.12/site-packages/airflow/example_dags/example_xcomargs.py
[2024-04-18T08:43:28.582+0000] {processor.py:830} INFO - Processing file /home/airflow/.local/lib/python3.12/site-packages/airflow/example_dags/example_xcomargs.py for tasks to queue
[2024-04-18T08:43:28.584+0000] {logging_mixin.py:188} INFO - [2024-04-18T08:43:28.584+0000] {dagbag.py:540} INFO - Filling up the DagBag from /home/airflow/.local/lib/python3.12/site-packages/airflow/example_dags/example_xcomargs.py
[2024-04-18T08:43:28.593+0000] {processor.py:840} INFO - DAG(s) 'example_xcom_args_with_operators', 'example_xcom_args' retrieved from /home/airflow/.local/lib/python3.12/site-packages/airflow/example_dags/example_xcomargs.py
[2024-04-18T08:43:28.616+0000] {logging_mixin.py:188} INFO - [2024-04-18T08:43:28.616+0000] {dag.py:3096} INFO - Sync 2 DAGs
[2024-04-18T08:43:28.630+0000] {logging_mixin.py:188} INFO - [2024-04-18T08:43:28.630+0000] {dag.py:3954} INFO - Setting next_dagrun for example_xcom_args to None, run_after=None
[2024-04-18T08:43:28.634+0000] {logging_mixin.py:188} INFO - [2024-04-18T08:43:28.634+0000] {dag.py:3954} INFO - Setting next_dagrun for example_xcom_args_with_operators to None, run_after=None
[2024-04-18T08:43:28.658+0000] {processor.py:183} INFO - Processing /home/airflow/.local/lib/python3.12/site-packages/airflow/example_dags/example_xcomargs.py took 0.083 seconds
[2024-04-18T08:43:59.245+0000] {processor.py:161} INFO - Started process (PID=9202) to work on /home/airflow/.local/lib/python3.12/site-packages/airflow/example_dags/example_xcomargs.py
[2024-04-18T08:43:59.247+0000] {processor.py:830} INFO - Processing file /home/airflow/.local/lib/python3.12/site-packages/airflow/example_dags/example_xcomargs.py for tasks to queue
[2024-04-18T08:43:59.249+0000] {logging_mixin.py:188} INFO - [2024-04-18T08:43:59.249+0000] {dagbag.py:540} INFO - Filling up the DagBag from /home/airflow/.local/lib/python3.12/site-packages/airflow/example_dags/example_xcomargs.py
[2024-04-18T08:43:59.259+0000] {processor.py:840} INFO - DAG(s) 'example_xcom_args_with_operators', 'example_xcom_args' retrieved from /home/airflow/.local/lib/python3.12/site-packages/airflow/example_dags/example_xcomargs.py
[2024-04-18T08:43:59.283+0000] {logging_mixin.py:188} INFO - [2024-04-18T08:43:59.283+0000] {dag.py:3096} INFO - Sync 2 DAGs
[2024-04-18T08:43:59.297+0000] {logging_mixin.py:188} INFO - [2024-04-18T08:43:59.297+0000] {dag.py:3954} INFO - Setting next_dagrun for example_xcom_args to None, run_after=None
[2024-04-18T08:43:59.301+0000] {logging_mixin.py:188} INFO - [2024-04-18T08:43:59.300+0000] {dag.py:3954} INFO - Setting next_dagrun for example_xcom_args_with_operators to None, run_after=None
[2024-04-18T08:43:59.339+0000] {processor.py:183} INFO - Processing /home/airflow/.local/lib/python3.12/site-packages/airflow/example_dags/example_xcomargs.py took 0.100 seconds
[2024-04-18T08:44:30.002+0000] {processor.py:161} INFO - Started process (PID=9468) to work on /home/airflow/.local/lib/python3.12/site-packages/airflow/example_dags/example_xcomargs.py
[2024-04-18T08:44:30.003+0000] {processor.py:830} INFO - Processing file /home/airflow/.local/lib/python3.12/site-packages/airflow/example_dags/example_xcomargs.py for tasks to queue
[2024-04-18T08:44:30.005+0000] {logging_mixin.py:188} INFO - [2024-04-18T08:44:30.004+0000] {dagbag.py:540} INFO - Filling up the DagBag from /home/airflow/.local/lib/python3.12/site-packages/airflow/example_dags/example_xcomargs.py
[2024-04-18T08:44:30.014+0000] {processor.py:840} INFO - DAG(s) 'example_xcom_args_with_operators', 'example_xcom_args' retrieved from /home/airflow/.local/lib/python3.12/site-packages/airflow/example_dags/example_xcomargs.py
[2024-04-18T08:44:30.040+0000] {logging_mixin.py:188} INFO - [2024-04-18T08:44:30.040+0000] {dag.py:3096} INFO - Sync 2 DAGs
[2024-04-18T08:44:30.054+0000] {logging_mixin.py:188} INFO - [2024-04-18T08:44:30.054+0000] {dag.py:3954} INFO - Setting next_dagrun for example_xcom_args to None, run_after=None
[2024-04-18T08:44:30.058+0000] {logging_mixin.py:188} INFO - [2024-04-18T08:44:30.057+0000] {dag.py:3954} INFO - Setting next_dagrun for example_xcom_args_with_operators to None, run_after=None
[2024-04-18T08:44:30.077+0000] {processor.py:183} INFO - Processing /home/airflow/.local/lib/python3.12/site-packages/airflow/example_dags/example_xcomargs.py took 0.081 seconds
[2024-04-18T08:45:01.040+0000] {processor.py:161} INFO - Started process (PID=9734) to work on /home/airflow/.local/lib/python3.12/site-packages/airflow/example_dags/example_xcomargs.py
[2024-04-18T08:45:01.041+0000] {processor.py:830} INFO - Processing file /home/airflow/.local/lib/python3.12/site-packages/airflow/example_dags/example_xcomargs.py for tasks to queue
[2024-04-18T08:45:01.043+0000] {logging_mixin.py:188} INFO - [2024-04-18T08:45:01.043+0000] {dagbag.py:540} INFO - Filling up the DagBag from /home/airflow/.local/lib/python3.12/site-packages/airflow/example_dags/example_xcomargs.py
[2024-04-18T08:45:01.052+0000] {processor.py:840} INFO - DAG(s) 'example_xcom_args', 'example_xcom_args_with_operators' retrieved from /home/airflow/.local/lib/python3.12/site-packages/airflow/example_dags/example_xcomargs.py
[2024-04-18T08:45:01.075+0000] {logging_mixin.py:188} INFO - [2024-04-18T08:45:01.075+0000] {dag.py:3096} INFO - Sync 2 DAGs
[2024-04-18T08:45:01.090+0000] {logging_mixin.py:188} INFO - [2024-04-18T08:45:01.089+0000] {dag.py:3954} INFO - Setting next_dagrun for example_xcom_args to None, run_after=None
[2024-04-18T08:45:01.094+0000] {logging_mixin.py:188} INFO - [2024-04-18T08:45:01.093+0000] {dag.py:3954} INFO - Setting next_dagrun for example_xcom_args_with_operators to None, run_after=None
[2024-04-18T08:45:01.143+0000] {processor.py:183} INFO - Processing /home/airflow/.local/lib/python3.12/site-packages/airflow/example_dags/example_xcomargs.py took 0.108 seconds
[2024-04-18T08:45:31.710+0000] {processor.py:161} INFO - Started process (PID=10000) to work on /home/airflow/.local/lib/python3.12/site-packages/airflow/example_dags/example_xcomargs.py
[2024-04-18T08:45:31.711+0000] {processor.py:830} INFO - Processing file /home/airflow/.local/lib/python3.12/site-packages/airflow/example_dags/example_xcomargs.py for tasks to queue
[2024-04-18T08:45:31.713+0000] {logging_mixin.py:188} INFO - [2024-04-18T08:45:31.713+0000] {dagbag.py:540} INFO - Filling up the DagBag from /home/airflow/.local/lib/python3.12/site-packages/airflow/example_dags/example_xcomargs.py
[2024-04-18T08:45:31.723+0000] {processor.py:840} INFO - DAG(s) 'example_xcom_args', 'example_xcom_args_with_operators' retrieved from /home/airflow/.local/lib/python3.12/site-packages/airflow/example_dags/example_xcomargs.py
[2024-04-18T08:45:31.747+0000] {logging_mixin.py:188} INFO - [2024-04-18T08:45:31.746+0000] {dag.py:3096} INFO - Sync 2 DAGs
[2024-04-18T08:45:31.761+0000] {logging_mixin.py:188} INFO - [2024-04-18T08:45:31.761+0000] {dag.py:3954} INFO - Setting next_dagrun for example_xcom_args to None, run_after=None
[2024-04-18T08:45:31.765+0000] {logging_mixin.py:188} INFO - [2024-04-18T08:45:31.765+0000] {dag.py:3954} INFO - Setting next_dagrun for example_xcom_args_with_operators to None, run_after=None
[2024-04-18T08:45:31.785+0000] {processor.py:183} INFO - Processing /home/airflow/.local/lib/python3.12/site-packages/airflow/example_dags/example_xcomargs.py took 0.082 seconds
[2024-04-18T08:46:02.402+0000] {processor.py:161} INFO - Started process (PID=10266) to work on /home/airflow/.local/lib/python3.12/site-packages/airflow/example_dags/example_xcomargs.py
[2024-04-18T08:46:02.403+0000] {processor.py:830} INFO - Processing file /home/airflow/.local/lib/python3.12/site-packages/airflow/example_dags/example_xcomargs.py for tasks to queue
[2024-04-18T08:46:02.405+0000] {logging_mixin.py:188} INFO - [2024-04-18T08:46:02.404+0000] {dagbag.py:540} INFO - Filling up the DagBag from /home/airflow/.local/lib/python3.12/site-packages/airflow/example_dags/example_xcomargs.py
[2024-04-18T08:46:02.414+0000] {processor.py:840} INFO - DAG(s) 'example_xcom_args', 'example_xcom_args_with_operators' retrieved from /home/airflow/.local/lib/python3.12/site-packages/airflow/example_dags/example_xcomargs.py
[2024-04-18T08:46:02.436+0000] {logging_mixin.py:188} INFO - [2024-04-18T08:46:02.436+0000] {dag.py:3096} INFO - Sync 2 DAGs
[2024-04-18T08:46:02.451+0000] {logging_mixin.py:188} INFO - [2024-04-18T08:46:02.451+0000] {dag.py:3954} INFO - Setting next_dagrun for example_xcom_args to None, run_after=None
[2024-04-18T08:46:02.455+0000] {logging_mixin.py:188} INFO - [2024-04-18T08:46:02.455+0000] {dag.py:3954} INFO - Setting next_dagrun for example_xcom_args_with_operators to None, run_after=None
[2024-04-18T08:46:02.492+0000] {processor.py:183} INFO - Processing /home/airflow/.local/lib/python3.12/site-packages/airflow/example_dags/example_xcomargs.py took 0.096 seconds
[2024-04-18T08:46:32.940+0000] {processor.py:161} INFO - Started process (PID=10532) to work on /home/airflow/.local/lib/python3.12/site-packages/airflow/example_dags/example_xcomargs.py
[2024-04-18T08:46:32.941+0000] {processor.py:830} INFO - Processing file /home/airflow/.local/lib/python3.12/site-packages/airflow/example_dags/example_xcomargs.py for tasks to queue
[2024-04-18T08:46:32.942+0000] {logging_mixin.py:188} INFO - [2024-04-18T08:46:32.942+0000] {dagbag.py:540} INFO - Filling up the DagBag from /home/airflow/.local/lib/python3.12/site-packages/airflow/example_dags/example_xcomargs.py
[2024-04-18T08:46:32.952+0000] {processor.py:840} INFO - DAG(s) 'example_xcom_args', 'example_xcom_args_with_operators' retrieved from /home/airflow/.local/lib/python3.12/site-packages/airflow/example_dags/example_xcomargs.py
[2024-04-18T08:46:32.975+0000] {logging_mixin.py:188} INFO - [2024-04-18T08:46:32.975+0000] {dag.py:3096} INFO - Sync 2 DAGs
[2024-04-18T08:46:32.990+0000] {logging_mixin.py:188} INFO - [2024-04-18T08:46:32.989+0000] {dag.py:3954} INFO - Setting next_dagrun for example_xcom_args to None, run_after=None
[2024-04-18T08:46:32.994+0000] {logging_mixin.py:188} INFO - [2024-04-18T08:46:32.993+0000] {dag.py:3954} INFO - Setting next_dagrun for example_xcom_args_with_operators to None, run_after=None
[2024-04-18T08:46:33.013+0000] {processor.py:183} INFO - Processing /home/airflow/.local/lib/python3.12/site-packages/airflow/example_dags/example_xcomargs.py took 0.079 seconds
[2024-04-18T08:47:03.311+0000] {processor.py:161} INFO - Started process (PID=10799) to work on /home/airflow/.local/lib/python3.12/site-packages/airflow/example_dags/example_xcomargs.py
[2024-04-18T08:47:03.312+0000] {processor.py:830} INFO - Processing file /home/airflow/.local/lib/python3.12/site-packages/airflow/example_dags/example_xcomargs.py for tasks to queue
[2024-04-18T08:47:03.314+0000] {logging_mixin.py:188} INFO - [2024-04-18T08:47:03.314+0000] {dagbag.py:540} INFO - Filling up the DagBag from /home/airflow/.local/lib/python3.12/site-packages/airflow/example_dags/example_xcomargs.py
[2024-04-18T08:47:03.324+0000] {processor.py:840} INFO - DAG(s) 'example_xcom_args_with_operators', 'example_xcom_args' retrieved from /home/airflow/.local/lib/python3.12/site-packages/airflow/example_dags/example_xcomargs.py
[2024-04-18T08:47:03.347+0000] {logging_mixin.py:188} INFO - [2024-04-18T08:47:03.347+0000] {dag.py:3096} INFO - Sync 2 DAGs
[2024-04-18T08:47:03.365+0000] {logging_mixin.py:188} INFO - [2024-04-18T08:47:03.365+0000] {dag.py:3954} INFO - Setting next_dagrun for example_xcom_args to None, run_after=None
[2024-04-18T08:47:03.369+0000] {logging_mixin.py:188} INFO - [2024-04-18T08:47:03.369+0000] {dag.py:3954} INFO - Setting next_dagrun for example_xcom_args_with_operators to None, run_after=None
[2024-04-18T08:47:03.390+0000] {processor.py:183} INFO - Processing /home/airflow/.local/lib/python3.12/site-packages/airflow/example_dags/example_xcomargs.py took 0.084 seconds
[2024-04-18T08:47:33.799+0000] {processor.py:161} INFO - Started process (PID=11065) to work on /home/airflow/.local/lib/python3.12/site-packages/airflow/example_dags/example_xcomargs.py
[2024-04-18T08:47:33.801+0000] {processor.py:830} INFO - Processing file /home/airflow/.local/lib/python3.12/site-packages/airflow/example_dags/example_xcomargs.py for tasks to queue
[2024-04-18T08:47:33.803+0000] {logging_mixin.py:188} INFO - [2024-04-18T08:47:33.802+0000] {dagbag.py:540} INFO - Filling up the DagBag from /home/airflow/.local/lib/python3.12/site-packages/airflow/example_dags/example_xcomargs.py
[2024-04-18T08:47:33.812+0000] {processor.py:840} INFO - DAG(s) 'example_xcom_args', 'example_xcom_args_with_operators' retrieved from /home/airflow/.local/lib/python3.12/site-packages/airflow/example_dags/example_xcomargs.py
[2024-04-18T08:47:33.849+0000] {logging_mixin.py:188} INFO - [2024-04-18T08:47:33.849+0000] {dag.py:3096} INFO - Sync 2 DAGs
[2024-04-18T08:47:33.874+0000] {logging_mixin.py:188} INFO - [2024-04-18T08:47:33.873+0000] {dag.py:3954} INFO - Setting next_dagrun for example_xcom_args to None, run_after=None
[2024-04-18T08:47:33.878+0000] {logging_mixin.py:188} INFO - [2024-04-18T08:47:33.877+0000] {dag.py:3954} INFO - Setting next_dagrun for example_xcom_args_with_operators to None, run_after=None
[2024-04-18T08:47:33.899+0000] {processor.py:183} INFO - Processing /home/airflow/.local/lib/python3.12/site-packages/airflow/example_dags/example_xcomargs.py took 0.106 seconds
[2024-04-18T08:48:04.139+0000] {processor.py:161} INFO - Started process (PID=11331) to work on /home/airflow/.local/lib/python3.12/site-packages/airflow/example_dags/example_xcomargs.py
[2024-04-18T08:48:04.140+0000] {processor.py:830} INFO - Processing file /home/airflow/.local/lib/python3.12/site-packages/airflow/example_dags/example_xcomargs.py for tasks to queue
[2024-04-18T08:48:04.142+0000] {logging_mixin.py:188} INFO - [2024-04-18T08:48:04.142+0000] {dagbag.py:540} INFO - Filling up the DagBag from /home/airflow/.local/lib/python3.12/site-packages/airflow/example_dags/example_xcomargs.py
[2024-04-18T08:48:04.152+0000] {processor.py:840} INFO - DAG(s) 'example_xcom_args_with_operators', 'example_xcom_args' retrieved from /home/airflow/.local/lib/python3.12/site-packages/airflow/example_dags/example_xcomargs.py
[2024-04-18T08:48:04.209+0000] {logging_mixin.py:188} INFO - [2024-04-18T08:48:04.209+0000] {dag.py:3096} INFO - Sync 2 DAGs
[2024-04-18T08:48:04.234+0000] {logging_mixin.py:188} INFO - [2024-04-18T08:48:04.234+0000] {dag.py:3954} INFO - Setting next_dagrun for example_xcom_args to None, run_after=None
[2024-04-18T08:48:04.244+0000] {logging_mixin.py:188} INFO - [2024-04-18T08:48:04.244+0000] {dag.py:3954} INFO - Setting next_dagrun for example_xcom_args_with_operators to None, run_after=None
[2024-04-18T08:48:04.275+0000] {processor.py:183} INFO - Processing /home/airflow/.local/lib/python3.12/site-packages/airflow/example_dags/example_xcomargs.py took 0.157 seconds
[2024-04-18T08:48:34.610+0000] {processor.py:161} INFO - Started process (PID=11598) to work on /home/airflow/.local/lib/python3.12/site-packages/airflow/example_dags/example_xcomargs.py
[2024-04-18T08:48:34.618+0000] {processor.py:830} INFO - Processing file /home/airflow/.local/lib/python3.12/site-packages/airflow/example_dags/example_xcomargs.py for tasks to queue
[2024-04-18T08:48:34.621+0000] {logging_mixin.py:188} INFO - [2024-04-18T08:48:34.620+0000] {dagbag.py:540} INFO - Filling up the DagBag from /home/airflow/.local/lib/python3.12/site-packages/airflow/example_dags/example_xcomargs.py
[2024-04-18T08:48:34.631+0000] {processor.py:840} INFO - DAG(s) 'example_xcom_args_with_operators', 'example_xcom_args' retrieved from /home/airflow/.local/lib/python3.12/site-packages/airflow/example_dags/example_xcomargs.py
[2024-04-18T08:48:34.656+0000] {logging_mixin.py:188} INFO - [2024-04-18T08:48:34.656+0000] {dag.py:3096} INFO - Sync 2 DAGs
[2024-04-18T08:48:34.672+0000] {logging_mixin.py:188} INFO - [2024-04-18T08:48:34.671+0000] {dag.py:3954} INFO - Setting next_dagrun for example_xcom_args to None, run_after=None
[2024-04-18T08:48:34.676+0000] {logging_mixin.py:188} INFO - [2024-04-18T08:48:34.676+0000] {dag.py:3954} INFO - Setting next_dagrun for example_xcom_args_with_operators to None, run_after=None
[2024-04-18T08:48:34.694+0000] {processor.py:183} INFO - Processing /home/airflow/.local/lib/python3.12/site-packages/airflow/example_dags/example_xcomargs.py took 0.091 seconds
[2024-04-18T08:49:05.485+0000] {processor.py:161} INFO - Started process (PID=11864) to work on /home/airflow/.local/lib/python3.12/site-packages/airflow/example_dags/example_xcomargs.py
[2024-04-18T08:49:05.486+0000] {processor.py:830} INFO - Processing file /home/airflow/.local/lib/python3.12/site-packages/airflow/example_dags/example_xcomargs.py for tasks to queue
[2024-04-18T08:49:05.488+0000] {logging_mixin.py:188} INFO - [2024-04-18T08:49:05.488+0000] {dagbag.py:540} INFO - Filling up the DagBag from /home/airflow/.local/lib/python3.12/site-packages/airflow/example_dags/example_xcomargs.py
[2024-04-18T08:49:05.498+0000] {processor.py:840} INFO - DAG(s) 'example_xcom_args_with_operators', 'example_xcom_args' retrieved from /home/airflow/.local/lib/python3.12/site-packages/airflow/example_dags/example_xcomargs.py
[2024-04-18T08:49:05.522+0000] {logging_mixin.py:188} INFO - [2024-04-18T08:49:05.522+0000] {dag.py:3096} INFO - Sync 2 DAGs
[2024-04-18T08:49:05.537+0000] {logging_mixin.py:188} INFO - [2024-04-18T08:49:05.536+0000] {dag.py:3954} INFO - Setting next_dagrun for example_xcom_args to None, run_after=None
[2024-04-18T08:49:05.540+0000] {logging_mixin.py:188} INFO - [2024-04-18T08:49:05.540+0000] {dag.py:3954} INFO - Setting next_dagrun for example_xcom_args_with_operators to None, run_after=None
[2024-04-18T08:49:05.560+0000] {processor.py:183} INFO - Processing /home/airflow/.local/lib/python3.12/site-packages/airflow/example_dags/example_xcomargs.py took 0.081 seconds
