[2024-04-18T08:27:01.793+0000] {processor.py:161} INFO - Started process (PID=328) to work on /home/airflow/.local/lib/python3.12/site-packages/airflow/example_dags/example_bash_decorator.py
[2024-04-18T08:27:01.793+0000] {processor.py:830} INFO - Processing file /home/airflow/.local/lib/python3.12/site-packages/airflow/example_dags/example_bash_decorator.py for tasks to queue
[2024-04-18T08:27:01.799+0000] {logging_mixin.py:188} INFO - [2024-04-18T08:27:01.798+0000] {dagbag.py:540} INFO - Filling up the DagBag from /home/airflow/.local/lib/python3.12/site-packages/airflow/example_dags/example_bash_decorator.py
[2024-04-18T08:27:01.862+0000] {processor.py:840} INFO - DAG(s) 'example_bash_decorator' retrieved from /home/airflow/.local/lib/python3.12/site-packages/airflow/example_dags/example_bash_decorator.py
[2024-04-18T08:27:02.173+0000] {logging_mixin.py:188} INFO - [2024-04-18T08:27:02.173+0000] {dag.py:3096} INFO - Sync 1 DAGs
[2024-04-18T08:27:02.206+0000] {logging_mixin.py:188} INFO - [2024-04-18T08:27:02.206+0000] {dag.py:3954} INFO - Setting next_dagrun for example_bash_decorator to None, run_after=None
[2024-04-18T08:27:02.277+0000] {processor.py:183} INFO - Processing /home/airflow/.local/lib/python3.12/site-packages/airflow/example_dags/example_bash_decorator.py took 0.502 seconds
[2024-04-18T08:27:32.831+0000] {processor.py:161} INFO - Started process (PID=615) to work on /home/airflow/.local/lib/python3.12/site-packages/airflow/example_dags/example_bash_decorator.py
[2024-04-18T08:27:32.832+0000] {processor.py:830} INFO - Processing file /home/airflow/.local/lib/python3.12/site-packages/airflow/example_dags/example_bash_decorator.py for tasks to queue
[2024-04-18T08:27:32.834+0000] {logging_mixin.py:188} INFO - [2024-04-18T08:27:32.833+0000] {dagbag.py:540} INFO - Filling up the DagBag from /home/airflow/.local/lib/python3.12/site-packages/airflow/example_dags/example_bash_decorator.py
[2024-04-18T08:27:32.849+0000] {processor.py:840} INFO - DAG(s) 'example_bash_decorator' retrieved from /home/airflow/.local/lib/python3.12/site-packages/airflow/example_dags/example_bash_decorator.py
[2024-04-18T08:27:32.882+0000] {logging_mixin.py:188} INFO - [2024-04-18T08:27:32.882+0000] {dag.py:3096} INFO - Sync 1 DAGs
[2024-04-18T08:27:32.896+0000] {logging_mixin.py:188} INFO - [2024-04-18T08:27:32.896+0000] {dag.py:3954} INFO - Setting next_dagrun for example_bash_decorator to None, run_after=None
[2024-04-18T08:27:32.918+0000] {processor.py:183} INFO - Processing /home/airflow/.local/lib/python3.12/site-packages/airflow/example_dags/example_bash_decorator.py took 0.093 seconds
[2024-04-18T08:28:04.626+0000] {processor.py:161} INFO - Started process (PID=891) to work on /home/airflow/.local/lib/python3.12/site-packages/airflow/example_dags/example_bash_decorator.py
[2024-04-18T08:28:04.627+0000] {processor.py:830} INFO - Processing file /home/airflow/.local/lib/python3.12/site-packages/airflow/example_dags/example_bash_decorator.py for tasks to queue
[2024-04-18T08:28:04.629+0000] {logging_mixin.py:188} INFO - [2024-04-18T08:28:04.628+0000] {dagbag.py:540} INFO - Filling up the DagBag from /home/airflow/.local/lib/python3.12/site-packages/airflow/example_dags/example_bash_decorator.py
[2024-04-18T08:28:04.669+0000] {processor.py:840} INFO - DAG(s) 'example_bash_decorator' retrieved from /home/airflow/.local/lib/python3.12/site-packages/airflow/example_dags/example_bash_decorator.py
[2024-04-18T08:28:04.737+0000] {logging_mixin.py:188} INFO - [2024-04-18T08:28:04.737+0000] {dag.py:3096} INFO - Sync 1 DAGs
[2024-04-18T08:28:04.771+0000] {logging_mixin.py:188} INFO - [2024-04-18T08:28:04.771+0000] {dag.py:3954} INFO - Setting next_dagrun for example_bash_decorator to None, run_after=None
[2024-04-18T08:28:04.837+0000] {processor.py:183} INFO - Processing /home/airflow/.local/lib/python3.12/site-packages/airflow/example_dags/example_bash_decorator.py took 0.218 seconds
[2024-04-18T08:28:36.133+0000] {processor.py:161} INFO - Started process (PID=1156) to work on /home/airflow/.local/lib/python3.12/site-packages/airflow/example_dags/example_bash_decorator.py
[2024-04-18T08:28:36.134+0000] {processor.py:830} INFO - Processing file /home/airflow/.local/lib/python3.12/site-packages/airflow/example_dags/example_bash_decorator.py for tasks to queue
[2024-04-18T08:28:36.137+0000] {logging_mixin.py:188} INFO - [2024-04-18T08:28:36.137+0000] {dagbag.py:540} INFO - Filling up the DagBag from /home/airflow/.local/lib/python3.12/site-packages/airflow/example_dags/example_bash_decorator.py
[2024-04-18T08:28:36.187+0000] {processor.py:840} INFO - DAG(s) 'example_bash_decorator' retrieved from /home/airflow/.local/lib/python3.12/site-packages/airflow/example_dags/example_bash_decorator.py
[2024-04-18T08:28:36.329+0000] {logging_mixin.py:188} INFO - [2024-04-18T08:28:36.329+0000] {dag.py:3096} INFO - Sync 1 DAGs
[2024-04-18T08:28:36.456+0000] {logging_mixin.py:188} INFO - [2024-04-18T08:28:36.456+0000] {dag.py:3954} INFO - Setting next_dagrun for example_bash_decorator to None, run_after=None
[2024-04-18T08:28:36.608+0000] {processor.py:183} INFO - Processing /home/airflow/.local/lib/python3.12/site-packages/airflow/example_dags/example_bash_decorator.py took 0.521 seconds
[2024-04-18T08:29:07.238+0000] {processor.py:161} INFO - Started process (PID=1424) to work on /home/airflow/.local/lib/python3.12/site-packages/airflow/example_dags/example_bash_decorator.py
[2024-04-18T08:29:07.239+0000] {processor.py:830} INFO - Processing file /home/airflow/.local/lib/python3.12/site-packages/airflow/example_dags/example_bash_decorator.py for tasks to queue
[2024-04-18T08:29:07.241+0000] {logging_mixin.py:188} INFO - [2024-04-18T08:29:07.240+0000] {dagbag.py:540} INFO - Filling up the DagBag from /home/airflow/.local/lib/python3.12/site-packages/airflow/example_dags/example_bash_decorator.py
[2024-04-18T08:29:07.255+0000] {processor.py:840} INFO - DAG(s) 'example_bash_decorator' retrieved from /home/airflow/.local/lib/python3.12/site-packages/airflow/example_dags/example_bash_decorator.py
[2024-04-18T08:29:07.282+0000] {logging_mixin.py:188} INFO - [2024-04-18T08:29:07.282+0000] {dag.py:3096} INFO - Sync 1 DAGs
[2024-04-18T08:29:07.300+0000] {logging_mixin.py:188} INFO - [2024-04-18T08:29:07.300+0000] {dag.py:3954} INFO - Setting next_dagrun for example_bash_decorator to None, run_after=None
[2024-04-18T08:29:07.321+0000] {processor.py:183} INFO - Processing /home/airflow/.local/lib/python3.12/site-packages/airflow/example_dags/example_bash_decorator.py took 0.089 seconds
[2024-04-18T08:29:37.395+0000] {processor.py:161} INFO - Started process (PID=1689) to work on /home/airflow/.local/lib/python3.12/site-packages/airflow/example_dags/example_bash_decorator.py
[2024-04-18T08:29:37.396+0000] {processor.py:830} INFO - Processing file /home/airflow/.local/lib/python3.12/site-packages/airflow/example_dags/example_bash_decorator.py for tasks to queue
[2024-04-18T08:29:37.398+0000] {logging_mixin.py:188} INFO - [2024-04-18T08:29:37.398+0000] {dagbag.py:540} INFO - Filling up the DagBag from /home/airflow/.local/lib/python3.12/site-packages/airflow/example_dags/example_bash_decorator.py
[2024-04-18T08:29:37.415+0000] {processor.py:840} INFO - DAG(s) 'example_bash_decorator' retrieved from /home/airflow/.local/lib/python3.12/site-packages/airflow/example_dags/example_bash_decorator.py
[2024-04-18T08:29:37.442+0000] {logging_mixin.py:188} INFO - [2024-04-18T08:29:37.442+0000] {dag.py:3096} INFO - Sync 1 DAGs
[2024-04-18T08:29:37.457+0000] {logging_mixin.py:188} INFO - [2024-04-18T08:29:37.457+0000] {dag.py:3954} INFO - Setting next_dagrun for example_bash_decorator to None, run_after=None
[2024-04-18T08:29:37.481+0000] {processor.py:183} INFO - Processing /home/airflow/.local/lib/python3.12/site-packages/airflow/example_dags/example_bash_decorator.py took 0.092 seconds
[2024-04-18T08:30:07.567+0000] {processor.py:161} INFO - Started process (PID=1956) to work on /home/airflow/.local/lib/python3.12/site-packages/airflow/example_dags/example_bash_decorator.py
[2024-04-18T08:30:07.568+0000] {processor.py:830} INFO - Processing file /home/airflow/.local/lib/python3.12/site-packages/airflow/example_dags/example_bash_decorator.py for tasks to queue
[2024-04-18T08:30:07.569+0000] {logging_mixin.py:188} INFO - [2024-04-18T08:30:07.569+0000] {dagbag.py:540} INFO - Filling up the DagBag from /home/airflow/.local/lib/python3.12/site-packages/airflow/example_dags/example_bash_decorator.py
[2024-04-18T08:30:07.585+0000] {processor.py:840} INFO - DAG(s) 'example_bash_decorator' retrieved from /home/airflow/.local/lib/python3.12/site-packages/airflow/example_dags/example_bash_decorator.py
[2024-04-18T08:30:07.613+0000] {logging_mixin.py:188} INFO - [2024-04-18T08:30:07.612+0000] {dag.py:3096} INFO - Sync 1 DAGs
[2024-04-18T08:30:07.626+0000] {logging_mixin.py:188} INFO - [2024-04-18T08:30:07.626+0000] {dag.py:3954} INFO - Setting next_dagrun for example_bash_decorator to None, run_after=None
[2024-04-18T08:30:07.648+0000] {processor.py:183} INFO - Processing /home/airflow/.local/lib/python3.12/site-packages/airflow/example_dags/example_bash_decorator.py took 0.086 seconds
[2024-04-18T08:30:38.084+0000] {processor.py:161} INFO - Started process (PID=2223) to work on /home/airflow/.local/lib/python3.12/site-packages/airflow/example_dags/example_bash_decorator.py
[2024-04-18T08:30:38.085+0000] {processor.py:830} INFO - Processing file /home/airflow/.local/lib/python3.12/site-packages/airflow/example_dags/example_bash_decorator.py for tasks to queue
[2024-04-18T08:30:38.087+0000] {logging_mixin.py:188} INFO - [2024-04-18T08:30:38.086+0000] {dagbag.py:540} INFO - Filling up the DagBag from /home/airflow/.local/lib/python3.12/site-packages/airflow/example_dags/example_bash_decorator.py
[2024-04-18T08:30:38.101+0000] {processor.py:840} INFO - DAG(s) 'example_bash_decorator' retrieved from /home/airflow/.local/lib/python3.12/site-packages/airflow/example_dags/example_bash_decorator.py
[2024-04-18T08:30:38.130+0000] {logging_mixin.py:188} INFO - [2024-04-18T08:30:38.130+0000] {dag.py:3096} INFO - Sync 1 DAGs
[2024-04-18T08:30:38.146+0000] {logging_mixin.py:188} INFO - [2024-04-18T08:30:38.145+0000] {dag.py:3954} INFO - Setting next_dagrun for example_bash_decorator to None, run_after=None
[2024-04-18T08:30:38.169+0000] {processor.py:183} INFO - Processing /home/airflow/.local/lib/python3.12/site-packages/airflow/example_dags/example_bash_decorator.py took 0.091 seconds
[2024-04-18T08:31:08.516+0000] {processor.py:161} INFO - Started process (PID=2489) to work on /home/airflow/.local/lib/python3.12/site-packages/airflow/example_dags/example_bash_decorator.py
[2024-04-18T08:31:08.517+0000] {processor.py:830} INFO - Processing file /home/airflow/.local/lib/python3.12/site-packages/airflow/example_dags/example_bash_decorator.py for tasks to queue
[2024-04-18T08:31:08.519+0000] {logging_mixin.py:188} INFO - [2024-04-18T08:31:08.519+0000] {dagbag.py:540} INFO - Filling up the DagBag from /home/airflow/.local/lib/python3.12/site-packages/airflow/example_dags/example_bash_decorator.py
[2024-04-18T08:31:08.534+0000] {processor.py:840} INFO - DAG(s) 'example_bash_decorator' retrieved from /home/airflow/.local/lib/python3.12/site-packages/airflow/example_dags/example_bash_decorator.py
[2024-04-18T08:31:08.561+0000] {logging_mixin.py:188} INFO - [2024-04-18T08:31:08.561+0000] {dag.py:3096} INFO - Sync 1 DAGs
[2024-04-18T08:31:08.576+0000] {logging_mixin.py:188} INFO - [2024-04-18T08:31:08.576+0000] {dag.py:3954} INFO - Setting next_dagrun for example_bash_decorator to None, run_after=None
[2024-04-18T08:31:08.599+0000] {processor.py:183} INFO - Processing /home/airflow/.local/lib/python3.12/site-packages/airflow/example_dags/example_bash_decorator.py took 0.089 seconds
[2024-04-18T08:31:38.851+0000] {processor.py:161} INFO - Started process (PID=2755) to work on /home/airflow/.local/lib/python3.12/site-packages/airflow/example_dags/example_bash_decorator.py
[2024-04-18T08:31:38.852+0000] {processor.py:830} INFO - Processing file /home/airflow/.local/lib/python3.12/site-packages/airflow/example_dags/example_bash_decorator.py for tasks to queue
[2024-04-18T08:31:38.854+0000] {logging_mixin.py:188} INFO - [2024-04-18T08:31:38.853+0000] {dagbag.py:540} INFO - Filling up the DagBag from /home/airflow/.local/lib/python3.12/site-packages/airflow/example_dags/example_bash_decorator.py
[2024-04-18T08:31:38.869+0000] {processor.py:840} INFO - DAG(s) 'example_bash_decorator' retrieved from /home/airflow/.local/lib/python3.12/site-packages/airflow/example_dags/example_bash_decorator.py
[2024-04-18T08:31:38.911+0000] {logging_mixin.py:188} INFO - [2024-04-18T08:31:38.910+0000] {dag.py:3096} INFO - Sync 1 DAGs
[2024-04-18T08:31:38.941+0000] {logging_mixin.py:188} INFO - [2024-04-18T08:31:38.941+0000] {dag.py:3954} INFO - Setting next_dagrun for example_bash_decorator to None, run_after=None
[2024-04-18T08:31:38.963+0000] {processor.py:183} INFO - Processing /home/airflow/.local/lib/python3.12/site-packages/airflow/example_dags/example_bash_decorator.py took 0.117 seconds
[2024-04-18T08:32:09.790+0000] {processor.py:161} INFO - Started process (PID=3022) to work on /home/airflow/.local/lib/python3.12/site-packages/airflow/example_dags/example_bash_decorator.py
[2024-04-18T08:32:09.791+0000] {processor.py:830} INFO - Processing file /home/airflow/.local/lib/python3.12/site-packages/airflow/example_dags/example_bash_decorator.py for tasks to queue
[2024-04-18T08:32:09.793+0000] {logging_mixin.py:188} INFO - [2024-04-18T08:32:09.792+0000] {dagbag.py:540} INFO - Filling up the DagBag from /home/airflow/.local/lib/python3.12/site-packages/airflow/example_dags/example_bash_decorator.py
[2024-04-18T08:32:09.808+0000] {processor.py:840} INFO - DAG(s) 'example_bash_decorator' retrieved from /home/airflow/.local/lib/python3.12/site-packages/airflow/example_dags/example_bash_decorator.py
[2024-04-18T08:32:09.834+0000] {logging_mixin.py:188} INFO - [2024-04-18T08:32:09.834+0000] {dag.py:3096} INFO - Sync 1 DAGs
[2024-04-18T08:32:09.852+0000] {logging_mixin.py:188} INFO - [2024-04-18T08:32:09.852+0000] {dag.py:3954} INFO - Setting next_dagrun for example_bash_decorator to None, run_after=None
[2024-04-18T08:32:09.875+0000] {processor.py:183} INFO - Processing /home/airflow/.local/lib/python3.12/site-packages/airflow/example_dags/example_bash_decorator.py took 0.090 seconds
[2024-04-18T08:32:40.544+0000] {processor.py:161} INFO - Started process (PID=3289) to work on /home/airflow/.local/lib/python3.12/site-packages/airflow/example_dags/example_bash_decorator.py
[2024-04-18T08:32:40.545+0000] {processor.py:830} INFO - Processing file /home/airflow/.local/lib/python3.12/site-packages/airflow/example_dags/example_bash_decorator.py for tasks to queue
[2024-04-18T08:32:40.549+0000] {logging_mixin.py:188} INFO - [2024-04-18T08:32:40.549+0000] {dagbag.py:540} INFO - Filling up the DagBag from /home/airflow/.local/lib/python3.12/site-packages/airflow/example_dags/example_bash_decorator.py
[2024-04-18T08:32:40.566+0000] {processor.py:840} INFO - DAG(s) 'example_bash_decorator' retrieved from /home/airflow/.local/lib/python3.12/site-packages/airflow/example_dags/example_bash_decorator.py
[2024-04-18T08:32:40.593+0000] {logging_mixin.py:188} INFO - [2024-04-18T08:32:40.593+0000] {dag.py:3096} INFO - Sync 1 DAGs
[2024-04-18T08:32:40.607+0000] {logging_mixin.py:188} INFO - [2024-04-18T08:32:40.607+0000] {dag.py:3954} INFO - Setting next_dagrun for example_bash_decorator to None, run_after=None
[2024-04-18T08:32:40.634+0000] {processor.py:183} INFO - Processing /home/airflow/.local/lib/python3.12/site-packages/airflow/example_dags/example_bash_decorator.py took 0.097 seconds
[2024-04-18T08:33:10.843+0000] {processor.py:161} INFO - Started process (PID=3553) to work on /home/airflow/.local/lib/python3.12/site-packages/airflow/example_dags/example_bash_decorator.py
[2024-04-18T08:33:10.846+0000] {processor.py:830} INFO - Processing file /home/airflow/.local/lib/python3.12/site-packages/airflow/example_dags/example_bash_decorator.py for tasks to queue
[2024-04-18T08:33:10.848+0000] {logging_mixin.py:188} INFO - [2024-04-18T08:33:10.847+0000] {dagbag.py:540} INFO - Filling up the DagBag from /home/airflow/.local/lib/python3.12/site-packages/airflow/example_dags/example_bash_decorator.py
[2024-04-18T08:33:10.885+0000] {processor.py:840} INFO - DAG(s) 'example_bash_decorator' retrieved from /home/airflow/.local/lib/python3.12/site-packages/airflow/example_dags/example_bash_decorator.py
[2024-04-18T08:33:10.912+0000] {logging_mixin.py:188} INFO - [2024-04-18T08:33:10.912+0000] {dag.py:3096} INFO - Sync 1 DAGs
[2024-04-18T08:33:10.931+0000] {logging_mixin.py:188} INFO - [2024-04-18T08:33:10.931+0000] {dag.py:3954} INFO - Setting next_dagrun for example_bash_decorator to None, run_after=None
[2024-04-18T08:33:10.966+0000] {processor.py:183} INFO - Processing /home/airflow/.local/lib/python3.12/site-packages/airflow/example_dags/example_bash_decorator.py took 0.129 seconds
[2024-04-18T08:33:41.670+0000] {processor.py:161} INFO - Started process (PID=3822) to work on /home/airflow/.local/lib/python3.12/site-packages/airflow/example_dags/example_bash_decorator.py
[2024-04-18T08:33:41.671+0000] {processor.py:830} INFO - Processing file /home/airflow/.local/lib/python3.12/site-packages/airflow/example_dags/example_bash_decorator.py for tasks to queue
[2024-04-18T08:33:41.673+0000] {logging_mixin.py:188} INFO - [2024-04-18T08:33:41.673+0000] {dagbag.py:540} INFO - Filling up the DagBag from /home/airflow/.local/lib/python3.12/site-packages/airflow/example_dags/example_bash_decorator.py
[2024-04-18T08:33:41.691+0000] {processor.py:840} INFO - DAG(s) 'example_bash_decorator' retrieved from /home/airflow/.local/lib/python3.12/site-packages/airflow/example_dags/example_bash_decorator.py
[2024-04-18T08:33:41.718+0000] {logging_mixin.py:188} INFO - [2024-04-18T08:33:41.717+0000] {dag.py:3096} INFO - Sync 1 DAGs
[2024-04-18T08:33:41.732+0000] {logging_mixin.py:188} INFO - [2024-04-18T08:33:41.731+0000] {dag.py:3954} INFO - Setting next_dagrun for example_bash_decorator to None, run_after=None
[2024-04-18T08:33:41.777+0000] {processor.py:183} INFO - Processing /home/airflow/.local/lib/python3.12/site-packages/airflow/example_dags/example_bash_decorator.py took 0.114 seconds
[2024-04-18T08:34:12.151+0000] {processor.py:161} INFO - Started process (PID=4086) to work on /home/airflow/.local/lib/python3.12/site-packages/airflow/example_dags/example_bash_decorator.py
[2024-04-18T08:34:12.157+0000] {processor.py:830} INFO - Processing file /home/airflow/.local/lib/python3.12/site-packages/airflow/example_dags/example_bash_decorator.py for tasks to queue
[2024-04-18T08:34:12.159+0000] {logging_mixin.py:188} INFO - [2024-04-18T08:34:12.158+0000] {dagbag.py:540} INFO - Filling up the DagBag from /home/airflow/.local/lib/python3.12/site-packages/airflow/example_dags/example_bash_decorator.py
[2024-04-18T08:34:12.192+0000] {processor.py:840} INFO - DAG(s) 'example_bash_decorator' retrieved from /home/airflow/.local/lib/python3.12/site-packages/airflow/example_dags/example_bash_decorator.py
[2024-04-18T08:34:12.219+0000] {logging_mixin.py:188} INFO - [2024-04-18T08:34:12.219+0000] {dag.py:3096} INFO - Sync 1 DAGs
[2024-04-18T08:34:12.235+0000] {logging_mixin.py:188} INFO - [2024-04-18T08:34:12.235+0000] {dag.py:3954} INFO - Setting next_dagrun for example_bash_decorator to None, run_after=None
[2024-04-18T08:34:12.277+0000] {processor.py:183} INFO - Processing /home/airflow/.local/lib/python3.12/site-packages/airflow/example_dags/example_bash_decorator.py took 0.132 seconds
[2024-04-18T08:34:42.774+0000] {processor.py:161} INFO - Started process (PID=4354) to work on /home/airflow/.local/lib/python3.12/site-packages/airflow/example_dags/example_bash_decorator.py
[2024-04-18T08:34:42.775+0000] {processor.py:830} INFO - Processing file /home/airflow/.local/lib/python3.12/site-packages/airflow/example_dags/example_bash_decorator.py for tasks to queue
[2024-04-18T08:34:42.777+0000] {logging_mixin.py:188} INFO - [2024-04-18T08:34:42.777+0000] {dagbag.py:540} INFO - Filling up the DagBag from /home/airflow/.local/lib/python3.12/site-packages/airflow/example_dags/example_bash_decorator.py
[2024-04-18T08:34:42.789+0000] {processor.py:840} INFO - DAG(s) 'example_bash_decorator' retrieved from /home/airflow/.local/lib/python3.12/site-packages/airflow/example_dags/example_bash_decorator.py
[2024-04-18T08:34:42.808+0000] {logging_mixin.py:188} INFO - [2024-04-18T08:34:42.808+0000] {dag.py:3096} INFO - Sync 1 DAGs
[2024-04-18T08:34:42.817+0000] {logging_mixin.py:188} INFO - [2024-04-18T08:34:42.817+0000] {dag.py:3954} INFO - Setting next_dagrun for example_bash_decorator to None, run_after=None
[2024-04-18T08:34:42.834+0000] {processor.py:183} INFO - Processing /home/airflow/.local/lib/python3.12/site-packages/airflow/example_dags/example_bash_decorator.py took 0.067 seconds
[2024-04-18T08:35:13.266+0000] {processor.py:161} INFO - Started process (PID=4621) to work on /home/airflow/.local/lib/python3.12/site-packages/airflow/example_dags/example_bash_decorator.py
[2024-04-18T08:35:13.266+0000] {processor.py:830} INFO - Processing file /home/airflow/.local/lib/python3.12/site-packages/airflow/example_dags/example_bash_decorator.py for tasks to queue
[2024-04-18T08:35:13.268+0000] {logging_mixin.py:188} INFO - [2024-04-18T08:35:13.268+0000] {dagbag.py:540} INFO - Filling up the DagBag from /home/airflow/.local/lib/python3.12/site-packages/airflow/example_dags/example_bash_decorator.py
[2024-04-18T08:35:13.278+0000] {processor.py:840} INFO - DAG(s) 'example_bash_decorator' retrieved from /home/airflow/.local/lib/python3.12/site-packages/airflow/example_dags/example_bash_decorator.py
[2024-04-18T08:35:13.296+0000] {logging_mixin.py:188} INFO - [2024-04-18T08:35:13.296+0000] {dag.py:3096} INFO - Sync 1 DAGs
[2024-04-18T08:35:13.312+0000] {logging_mixin.py:188} INFO - [2024-04-18T08:35:13.312+0000] {dag.py:3954} INFO - Setting next_dagrun for example_bash_decorator to None, run_after=None
[2024-04-18T08:35:13.334+0000] {processor.py:183} INFO - Processing /home/airflow/.local/lib/python3.12/site-packages/airflow/example_dags/example_bash_decorator.py took 0.072 seconds
[2024-04-18T08:35:44.465+0000] {processor.py:161} INFO - Started process (PID=4894) to work on /home/airflow/.local/lib/python3.12/site-packages/airflow/example_dags/example_bash_decorator.py
[2024-04-18T08:35:44.466+0000] {processor.py:830} INFO - Processing file /home/airflow/.local/lib/python3.12/site-packages/airflow/example_dags/example_bash_decorator.py for tasks to queue
[2024-04-18T08:35:44.467+0000] {logging_mixin.py:188} INFO - [2024-04-18T08:35:44.467+0000] {dagbag.py:540} INFO - Filling up the DagBag from /home/airflow/.local/lib/python3.12/site-packages/airflow/example_dags/example_bash_decorator.py
[2024-04-18T08:35:44.481+0000] {processor.py:840} INFO - DAG(s) 'example_bash_decorator' retrieved from /home/airflow/.local/lib/python3.12/site-packages/airflow/example_dags/example_bash_decorator.py
[2024-04-18T08:35:44.507+0000] {logging_mixin.py:188} INFO - [2024-04-18T08:35:44.507+0000] {dag.py:3096} INFO - Sync 1 DAGs
[2024-04-18T08:35:44.730+0000] {logging_mixin.py:188} INFO - [2024-04-18T08:35:44.730+0000] {dag.py:3954} INFO - Setting next_dagrun for example_bash_decorator to None, run_after=None
[2024-04-18T08:35:44.751+0000] {processor.py:183} INFO - Processing /home/airflow/.local/lib/python3.12/site-packages/airflow/example_dags/example_bash_decorator.py took 0.292 seconds
[2024-04-18T08:36:14.839+0000] {processor.py:161} INFO - Started process (PID=5161) to work on /home/airflow/.local/lib/python3.12/site-packages/airflow/example_dags/example_bash_decorator.py
[2024-04-18T08:36:14.848+0000] {processor.py:830} INFO - Processing file /home/airflow/.local/lib/python3.12/site-packages/airflow/example_dags/example_bash_decorator.py for tasks to queue
[2024-04-18T08:36:14.856+0000] {logging_mixin.py:188} INFO - [2024-04-18T08:36:14.850+0000] {dagbag.py:540} INFO - Filling up the DagBag from /home/airflow/.local/lib/python3.12/site-packages/airflow/example_dags/example_bash_decorator.py
[2024-04-18T08:36:14.871+0000] {processor.py:840} INFO - DAG(s) 'example_bash_decorator' retrieved from /home/airflow/.local/lib/python3.12/site-packages/airflow/example_dags/example_bash_decorator.py
[2024-04-18T08:36:14.911+0000] {logging_mixin.py:188} INFO - [2024-04-18T08:36:14.910+0000] {dag.py:3096} INFO - Sync 1 DAGs
[2024-04-18T08:36:14.927+0000] {logging_mixin.py:188} INFO - [2024-04-18T08:36:14.926+0000] {dag.py:3954} INFO - Setting next_dagrun for example_bash_decorator to None, run_after=None
[2024-04-18T08:36:14.950+0000] {processor.py:183} INFO - Processing /home/airflow/.local/lib/python3.12/site-packages/airflow/example_dags/example_bash_decorator.py took 0.119 seconds
[2024-04-18T08:36:45.480+0000] {processor.py:161} INFO - Started process (PID=5427) to work on /home/airflow/.local/lib/python3.12/site-packages/airflow/example_dags/example_bash_decorator.py
[2024-04-18T08:36:45.481+0000] {processor.py:830} INFO - Processing file /home/airflow/.local/lib/python3.12/site-packages/airflow/example_dags/example_bash_decorator.py for tasks to queue
[2024-04-18T08:36:45.482+0000] {logging_mixin.py:188} INFO - [2024-04-18T08:36:45.482+0000] {dagbag.py:540} INFO - Filling up the DagBag from /home/airflow/.local/lib/python3.12/site-packages/airflow/example_dags/example_bash_decorator.py
[2024-04-18T08:36:45.492+0000] {processor.py:840} INFO - DAG(s) 'example_bash_decorator' retrieved from /home/airflow/.local/lib/python3.12/site-packages/airflow/example_dags/example_bash_decorator.py
[2024-04-18T08:36:45.511+0000] {logging_mixin.py:188} INFO - [2024-04-18T08:36:45.510+0000] {dag.py:3096} INFO - Sync 1 DAGs
[2024-04-18T08:36:45.520+0000] {logging_mixin.py:188} INFO - [2024-04-18T08:36:45.520+0000] {dag.py:3954} INFO - Setting next_dagrun for example_bash_decorator to None, run_after=None
[2024-04-18T08:36:45.537+0000] {processor.py:183} INFO - Processing /home/airflow/.local/lib/python3.12/site-packages/airflow/example_dags/example_bash_decorator.py took 0.061 seconds
[2024-04-18T08:37:16.001+0000] {processor.py:161} INFO - Started process (PID=5693) to work on /home/airflow/.local/lib/python3.12/site-packages/airflow/example_dags/example_bash_decorator.py
[2024-04-18T08:37:16.002+0000] {processor.py:830} INFO - Processing file /home/airflow/.local/lib/python3.12/site-packages/airflow/example_dags/example_bash_decorator.py for tasks to queue
[2024-04-18T08:37:16.004+0000] {logging_mixin.py:188} INFO - [2024-04-18T08:37:16.004+0000] {dagbag.py:540} INFO - Filling up the DagBag from /home/airflow/.local/lib/python3.12/site-packages/airflow/example_dags/example_bash_decorator.py
[2024-04-18T08:37:16.020+0000] {processor.py:840} INFO - DAG(s) 'example_bash_decorator' retrieved from /home/airflow/.local/lib/python3.12/site-packages/airflow/example_dags/example_bash_decorator.py
[2024-04-18T08:37:16.056+0000] {logging_mixin.py:188} INFO - [2024-04-18T08:37:16.056+0000] {dag.py:3096} INFO - Sync 1 DAGs
[2024-04-18T08:37:16.076+0000] {logging_mixin.py:188} INFO - [2024-04-18T08:37:16.076+0000] {dag.py:3954} INFO - Setting next_dagrun for example_bash_decorator to None, run_after=None
[2024-04-18T08:37:16.111+0000] {processor.py:183} INFO - Processing /home/airflow/.local/lib/python3.12/site-packages/airflow/example_dags/example_bash_decorator.py took 0.115 seconds
[2024-04-18T08:37:47.179+0000] {processor.py:161} INFO - Started process (PID=5958) to work on /home/airflow/.local/lib/python3.12/site-packages/airflow/example_dags/example_bash_decorator.py
[2024-04-18T08:37:47.180+0000] {processor.py:830} INFO - Processing file /home/airflow/.local/lib/python3.12/site-packages/airflow/example_dags/example_bash_decorator.py for tasks to queue
[2024-04-18T08:37:47.182+0000] {logging_mixin.py:188} INFO - [2024-04-18T08:37:47.181+0000] {dagbag.py:540} INFO - Filling up the DagBag from /home/airflow/.local/lib/python3.12/site-packages/airflow/example_dags/example_bash_decorator.py
[2024-04-18T08:37:47.198+0000] {processor.py:840} INFO - DAG(s) 'example_bash_decorator' retrieved from /home/airflow/.local/lib/python3.12/site-packages/airflow/example_dags/example_bash_decorator.py
[2024-04-18T08:37:47.509+0000] {logging_mixin.py:188} INFO - [2024-04-18T08:37:47.508+0000] {dag.py:3096} INFO - Sync 1 DAGs
[2024-04-18T08:37:47.520+0000] {logging_mixin.py:188} INFO - [2024-04-18T08:37:47.520+0000] {dag.py:3954} INFO - Setting next_dagrun for example_bash_decorator to None, run_after=None
[2024-04-18T08:37:47.539+0000] {processor.py:183} INFO - Processing /home/airflow/.local/lib/python3.12/site-packages/airflow/example_dags/example_bash_decorator.py took 0.366 seconds
[2024-04-18T08:38:17.667+0000] {processor.py:161} INFO - Started process (PID=6225) to work on /home/airflow/.local/lib/python3.12/site-packages/airflow/example_dags/example_bash_decorator.py
[2024-04-18T08:38:17.668+0000] {processor.py:830} INFO - Processing file /home/airflow/.local/lib/python3.12/site-packages/airflow/example_dags/example_bash_decorator.py for tasks to queue
[2024-04-18T08:38:17.670+0000] {logging_mixin.py:188} INFO - [2024-04-18T08:38:17.670+0000] {dagbag.py:540} INFO - Filling up the DagBag from /home/airflow/.local/lib/python3.12/site-packages/airflow/example_dags/example_bash_decorator.py
[2024-04-18T08:38:17.686+0000] {processor.py:840} INFO - DAG(s) 'example_bash_decorator' retrieved from /home/airflow/.local/lib/python3.12/site-packages/airflow/example_dags/example_bash_decorator.py
[2024-04-18T08:38:17.714+0000] {logging_mixin.py:188} INFO - [2024-04-18T08:38:17.714+0000] {dag.py:3096} INFO - Sync 1 DAGs
[2024-04-18T08:38:17.728+0000] {logging_mixin.py:188} INFO - [2024-04-18T08:38:17.727+0000] {dag.py:3954} INFO - Setting next_dagrun for example_bash_decorator to None, run_after=None
[2024-04-18T08:38:18.021+0000] {processor.py:183} INFO - Processing /home/airflow/.local/lib/python3.12/site-packages/airflow/example_dags/example_bash_decorator.py took 0.360 seconds
[2024-04-18T08:38:48.213+0000] {processor.py:161} INFO - Started process (PID=6491) to work on /home/airflow/.local/lib/python3.12/site-packages/airflow/example_dags/example_bash_decorator.py
[2024-04-18T08:38:48.214+0000] {processor.py:830} INFO - Processing file /home/airflow/.local/lib/python3.12/site-packages/airflow/example_dags/example_bash_decorator.py for tasks to queue
[2024-04-18T08:38:48.216+0000] {logging_mixin.py:188} INFO - [2024-04-18T08:38:48.216+0000] {dagbag.py:540} INFO - Filling up the DagBag from /home/airflow/.local/lib/python3.12/site-packages/airflow/example_dags/example_bash_decorator.py
[2024-04-18T08:38:48.253+0000] {processor.py:840} INFO - DAG(s) 'example_bash_decorator' retrieved from /home/airflow/.local/lib/python3.12/site-packages/airflow/example_dags/example_bash_decorator.py
[2024-04-18T08:38:48.298+0000] {logging_mixin.py:188} INFO - [2024-04-18T08:38:48.298+0000] {dag.py:3096} INFO - Sync 1 DAGs
[2024-04-18T08:38:48.316+0000] {logging_mixin.py:188} INFO - [2024-04-18T08:38:48.316+0000] {dag.py:3954} INFO - Setting next_dagrun for example_bash_decorator to None, run_after=None
[2024-04-18T08:38:48.340+0000] {processor.py:183} INFO - Processing /home/airflow/.local/lib/python3.12/site-packages/airflow/example_dags/example_bash_decorator.py took 0.132 seconds
[2024-04-18T08:39:18.867+0000] {processor.py:161} INFO - Started process (PID=6755) to work on /home/airflow/.local/lib/python3.12/site-packages/airflow/example_dags/example_bash_decorator.py
[2024-04-18T08:39:18.868+0000] {processor.py:830} INFO - Processing file /home/airflow/.local/lib/python3.12/site-packages/airflow/example_dags/example_bash_decorator.py for tasks to queue
[2024-04-18T08:39:18.870+0000] {logging_mixin.py:188} INFO - [2024-04-18T08:39:18.870+0000] {dagbag.py:540} INFO - Filling up the DagBag from /home/airflow/.local/lib/python3.12/site-packages/airflow/example_dags/example_bash_decorator.py
[2024-04-18T08:39:18.886+0000] {processor.py:840} INFO - DAG(s) 'example_bash_decorator' retrieved from /home/airflow/.local/lib/python3.12/site-packages/airflow/example_dags/example_bash_decorator.py
[2024-04-18T08:39:18.916+0000] {logging_mixin.py:188} INFO - [2024-04-18T08:39:18.916+0000] {dag.py:3096} INFO - Sync 1 DAGs
[2024-04-18T08:39:18.929+0000] {logging_mixin.py:188} INFO - [2024-04-18T08:39:18.928+0000] {dag.py:3954} INFO - Setting next_dagrun for example_bash_decorator to None, run_after=None
[2024-04-18T08:39:18.949+0000] {processor.py:183} INFO - Processing /home/airflow/.local/lib/python3.12/site-packages/airflow/example_dags/example_bash_decorator.py took 0.090 seconds
[2024-04-18T08:39:49.195+0000] {processor.py:161} INFO - Started process (PID=7022) to work on /home/airflow/.local/lib/python3.12/site-packages/airflow/example_dags/example_bash_decorator.py
[2024-04-18T08:39:49.196+0000] {processor.py:830} INFO - Processing file /home/airflow/.local/lib/python3.12/site-packages/airflow/example_dags/example_bash_decorator.py for tasks to queue
[2024-04-18T08:39:49.198+0000] {logging_mixin.py:188} INFO - [2024-04-18T08:39:49.198+0000] {dagbag.py:540} INFO - Filling up the DagBag from /home/airflow/.local/lib/python3.12/site-packages/airflow/example_dags/example_bash_decorator.py
[2024-04-18T08:39:49.219+0000] {processor.py:840} INFO - DAG(s) 'example_bash_decorator' retrieved from /home/airflow/.local/lib/python3.12/site-packages/airflow/example_dags/example_bash_decorator.py
[2024-04-18T08:39:49.264+0000] {logging_mixin.py:188} INFO - [2024-04-18T08:39:49.264+0000] {dag.py:3096} INFO - Sync 1 DAGs
[2024-04-18T08:39:49.287+0000] {logging_mixin.py:188} INFO - [2024-04-18T08:39:49.287+0000] {dag.py:3954} INFO - Setting next_dagrun for example_bash_decorator to None, run_after=None
[2024-04-18T08:39:49.315+0000] {processor.py:183} INFO - Processing /home/airflow/.local/lib/python3.12/site-packages/airflow/example_dags/example_bash_decorator.py took 0.126 seconds
[2024-04-18T08:40:20.668+0000] {processor.py:161} INFO - Started process (PID=7288) to work on /home/airflow/.local/lib/python3.12/site-packages/airflow/example_dags/example_bash_decorator.py
[2024-04-18T08:40:20.669+0000] {processor.py:830} INFO - Processing file /home/airflow/.local/lib/python3.12/site-packages/airflow/example_dags/example_bash_decorator.py for tasks to queue
[2024-04-18T08:40:20.671+0000] {logging_mixin.py:188} INFO - [2024-04-18T08:40:20.670+0000] {dagbag.py:540} INFO - Filling up the DagBag from /home/airflow/.local/lib/python3.12/site-packages/airflow/example_dags/example_bash_decorator.py
[2024-04-18T08:40:20.696+0000] {processor.py:840} INFO - DAG(s) 'example_bash_decorator' retrieved from /home/airflow/.local/lib/python3.12/site-packages/airflow/example_dags/example_bash_decorator.py
[2024-04-18T08:40:20.745+0000] {logging_mixin.py:188} INFO - [2024-04-18T08:40:20.745+0000] {dag.py:3096} INFO - Sync 1 DAGs
[2024-04-18T08:40:20.767+0000] {logging_mixin.py:188} INFO - [2024-04-18T08:40:20.766+0000] {dag.py:3954} INFO - Setting next_dagrun for example_bash_decorator to None, run_after=None
[2024-04-18T08:40:20.812+0000] {processor.py:183} INFO - Processing /home/airflow/.local/lib/python3.12/site-packages/airflow/example_dags/example_bash_decorator.py took 0.152 seconds
[2024-04-18T08:40:51.075+0000] {processor.py:161} INFO - Started process (PID=7554) to work on /home/airflow/.local/lib/python3.12/site-packages/airflow/example_dags/example_bash_decorator.py
[2024-04-18T08:40:51.075+0000] {processor.py:830} INFO - Processing file /home/airflow/.local/lib/python3.12/site-packages/airflow/example_dags/example_bash_decorator.py for tasks to queue
[2024-04-18T08:40:51.077+0000] {logging_mixin.py:188} INFO - [2024-04-18T08:40:51.076+0000] {dagbag.py:540} INFO - Filling up the DagBag from /home/airflow/.local/lib/python3.12/site-packages/airflow/example_dags/example_bash_decorator.py
[2024-04-18T08:40:51.092+0000] {processor.py:840} INFO - DAG(s) 'example_bash_decorator' retrieved from /home/airflow/.local/lib/python3.12/site-packages/airflow/example_dags/example_bash_decorator.py
[2024-04-18T08:40:51.117+0000] {logging_mixin.py:188} INFO - [2024-04-18T08:40:51.117+0000] {dag.py:3096} INFO - Sync 1 DAGs
[2024-04-18T08:40:51.132+0000] {logging_mixin.py:188} INFO - [2024-04-18T08:40:51.131+0000] {dag.py:3954} INFO - Setting next_dagrun for example_bash_decorator to None, run_after=None
[2024-04-18T08:40:51.154+0000] {processor.py:183} INFO - Processing /home/airflow/.local/lib/python3.12/site-packages/airflow/example_dags/example_bash_decorator.py took 0.086 seconds
[2024-04-18T08:41:21.811+0000] {processor.py:161} INFO - Started process (PID=7822) to work on /home/airflow/.local/lib/python3.12/site-packages/airflow/example_dags/example_bash_decorator.py
[2024-04-18T08:41:21.811+0000] {processor.py:830} INFO - Processing file /home/airflow/.local/lib/python3.12/site-packages/airflow/example_dags/example_bash_decorator.py for tasks to queue
[2024-04-18T08:41:21.813+0000] {logging_mixin.py:188} INFO - [2024-04-18T08:41:21.812+0000] {dagbag.py:540} INFO - Filling up the DagBag from /home/airflow/.local/lib/python3.12/site-packages/airflow/example_dags/example_bash_decorator.py
[2024-04-18T08:41:21.828+0000] {processor.py:840} INFO - DAG(s) 'example_bash_decorator' retrieved from /home/airflow/.local/lib/python3.12/site-packages/airflow/example_dags/example_bash_decorator.py
[2024-04-18T08:41:21.852+0000] {logging_mixin.py:188} INFO - [2024-04-18T08:41:21.851+0000] {dag.py:3096} INFO - Sync 1 DAGs
[2024-04-18T08:41:21.868+0000] {logging_mixin.py:188} INFO - [2024-04-18T08:41:21.868+0000] {dag.py:3954} INFO - Setting next_dagrun for example_bash_decorator to None, run_after=None
[2024-04-18T08:41:21.890+0000] {processor.py:183} INFO - Processing /home/airflow/.local/lib/python3.12/site-packages/airflow/example_dags/example_bash_decorator.py took 0.085 seconds
[2024-04-18T08:41:52.873+0000] {processor.py:161} INFO - Started process (PID=8088) to work on /home/airflow/.local/lib/python3.12/site-packages/airflow/example_dags/example_bash_decorator.py
[2024-04-18T08:41:52.876+0000] {processor.py:830} INFO - Processing file /home/airflow/.local/lib/python3.12/site-packages/airflow/example_dags/example_bash_decorator.py for tasks to queue
[2024-04-18T08:41:52.885+0000] {logging_mixin.py:188} INFO - [2024-04-18T08:41:52.885+0000] {dagbag.py:540} INFO - Filling up the DagBag from /home/airflow/.local/lib/python3.12/site-packages/airflow/example_dags/example_bash_decorator.py
[2024-04-18T08:41:52.940+0000] {processor.py:840} INFO - DAG(s) 'example_bash_decorator' retrieved from /home/airflow/.local/lib/python3.12/site-packages/airflow/example_dags/example_bash_decorator.py
[2024-04-18T08:41:53.041+0000] {logging_mixin.py:188} INFO - [2024-04-18T08:41:53.041+0000] {dag.py:3096} INFO - Sync 1 DAGs
[2024-04-18T08:41:53.083+0000] {logging_mixin.py:188} INFO - [2024-04-18T08:41:53.082+0000] {dag.py:3954} INFO - Setting next_dagrun for example_bash_decorator to None, run_after=None
[2024-04-18T08:41:53.128+0000] {processor.py:183} INFO - Processing /home/airflow/.local/lib/python3.12/site-packages/airflow/example_dags/example_bash_decorator.py took 0.277 seconds
[2024-04-18T08:42:23.178+0000] {processor.py:161} INFO - Started process (PID=8356) to work on /home/airflow/.local/lib/python3.12/site-packages/airflow/example_dags/example_bash_decorator.py
[2024-04-18T08:42:23.178+0000] {processor.py:830} INFO - Processing file /home/airflow/.local/lib/python3.12/site-packages/airflow/example_dags/example_bash_decorator.py for tasks to queue
[2024-04-18T08:42:23.180+0000] {logging_mixin.py:188} INFO - [2024-04-18T08:42:23.179+0000] {dagbag.py:540} INFO - Filling up the DagBag from /home/airflow/.local/lib/python3.12/site-packages/airflow/example_dags/example_bash_decorator.py
[2024-04-18T08:42:23.190+0000] {processor.py:840} INFO - DAG(s) 'example_bash_decorator' retrieved from /home/airflow/.local/lib/python3.12/site-packages/airflow/example_dags/example_bash_decorator.py
[2024-04-18T08:42:23.207+0000] {logging_mixin.py:188} INFO - [2024-04-18T08:42:23.207+0000] {dag.py:3096} INFO - Sync 1 DAGs
[2024-04-18T08:42:23.216+0000] {logging_mixin.py:188} INFO - [2024-04-18T08:42:23.216+0000] {dag.py:3954} INFO - Setting next_dagrun for example_bash_decorator to None, run_after=None
[2024-04-18T08:42:23.234+0000] {processor.py:183} INFO - Processing /home/airflow/.local/lib/python3.12/site-packages/airflow/example_dags/example_bash_decorator.py took 0.062 seconds
[2024-04-18T08:42:53.688+0000] {processor.py:161} INFO - Started process (PID=8620) to work on /home/airflow/.local/lib/python3.12/site-packages/airflow/example_dags/example_bash_decorator.py
[2024-04-18T08:42:53.689+0000] {processor.py:830} INFO - Processing file /home/airflow/.local/lib/python3.12/site-packages/airflow/example_dags/example_bash_decorator.py for tasks to queue
[2024-04-18T08:42:53.690+0000] {logging_mixin.py:188} INFO - [2024-04-18T08:42:53.690+0000] {dagbag.py:540} INFO - Filling up the DagBag from /home/airflow/.local/lib/python3.12/site-packages/airflow/example_dags/example_bash_decorator.py
[2024-04-18T08:42:53.710+0000] {processor.py:840} INFO - DAG(s) 'example_bash_decorator' retrieved from /home/airflow/.local/lib/python3.12/site-packages/airflow/example_dags/example_bash_decorator.py
[2024-04-18T08:42:53.762+0000] {logging_mixin.py:188} INFO - [2024-04-18T08:42:53.761+0000] {dag.py:3096} INFO - Sync 1 DAGs
[2024-04-18T08:42:53.778+0000] {logging_mixin.py:188} INFO - [2024-04-18T08:42:53.777+0000] {dag.py:3954} INFO - Setting next_dagrun for example_bash_decorator to None, run_after=None
[2024-04-18T08:42:53.798+0000] {processor.py:183} INFO - Processing /home/airflow/.local/lib/python3.12/site-packages/airflow/example_dags/example_bash_decorator.py took 0.117 seconds
[2024-04-18T08:43:23.893+0000] {processor.py:161} INFO - Started process (PID=8888) to work on /home/airflow/.local/lib/python3.12/site-packages/airflow/example_dags/example_bash_decorator.py
[2024-04-18T08:43:23.894+0000] {processor.py:830} INFO - Processing file /home/airflow/.local/lib/python3.12/site-packages/airflow/example_dags/example_bash_decorator.py for tasks to queue
[2024-04-18T08:43:23.895+0000] {logging_mixin.py:188} INFO - [2024-04-18T08:43:23.895+0000] {dagbag.py:540} INFO - Filling up the DagBag from /home/airflow/.local/lib/python3.12/site-packages/airflow/example_dags/example_bash_decorator.py
[2024-04-18T08:43:23.908+0000] {processor.py:840} INFO - DAG(s) 'example_bash_decorator' retrieved from /home/airflow/.local/lib/python3.12/site-packages/airflow/example_dags/example_bash_decorator.py
[2024-04-18T08:43:23.926+0000] {logging_mixin.py:188} INFO - [2024-04-18T08:43:23.926+0000] {dag.py:3096} INFO - Sync 1 DAGs
[2024-04-18T08:43:23.940+0000] {logging_mixin.py:188} INFO - [2024-04-18T08:43:23.940+0000] {dag.py:3954} INFO - Setting next_dagrun for example_bash_decorator to None, run_after=None
[2024-04-18T08:43:23.962+0000] {processor.py:183} INFO - Processing /home/airflow/.local/lib/python3.12/site-packages/airflow/example_dags/example_bash_decorator.py took 0.074 seconds
[2024-04-18T08:43:54.384+0000] {processor.py:161} INFO - Started process (PID=9154) to work on /home/airflow/.local/lib/python3.12/site-packages/airflow/example_dags/example_bash_decorator.py
[2024-04-18T08:43:54.385+0000] {processor.py:830} INFO - Processing file /home/airflow/.local/lib/python3.12/site-packages/airflow/example_dags/example_bash_decorator.py for tasks to queue
[2024-04-18T08:43:54.387+0000] {logging_mixin.py:188} INFO - [2024-04-18T08:43:54.386+0000] {dagbag.py:540} INFO - Filling up the DagBag from /home/airflow/.local/lib/python3.12/site-packages/airflow/example_dags/example_bash_decorator.py
[2024-04-18T08:43:54.404+0000] {processor.py:840} INFO - DAG(s) 'example_bash_decorator' retrieved from /home/airflow/.local/lib/python3.12/site-packages/airflow/example_dags/example_bash_decorator.py
[2024-04-18T08:43:54.430+0000] {logging_mixin.py:188} INFO - [2024-04-18T08:43:54.430+0000] {dag.py:3096} INFO - Sync 1 DAGs
[2024-04-18T08:43:54.444+0000] {logging_mixin.py:188} INFO - [2024-04-18T08:43:54.443+0000] {dag.py:3954} INFO - Setting next_dagrun for example_bash_decorator to None, run_after=None
[2024-04-18T08:43:54.465+0000] {processor.py:183} INFO - Processing /home/airflow/.local/lib/python3.12/site-packages/airflow/example_dags/example_bash_decorator.py took 0.087 seconds
[2024-04-18T08:44:25.225+0000] {processor.py:161} INFO - Started process (PID=9418) to work on /home/airflow/.local/lib/python3.12/site-packages/airflow/example_dags/example_bash_decorator.py
[2024-04-18T08:44:25.226+0000] {processor.py:830} INFO - Processing file /home/airflow/.local/lib/python3.12/site-packages/airflow/example_dags/example_bash_decorator.py for tasks to queue
[2024-04-18T08:44:25.228+0000] {logging_mixin.py:188} INFO - [2024-04-18T08:44:25.228+0000] {dagbag.py:540} INFO - Filling up the DagBag from /home/airflow/.local/lib/python3.12/site-packages/airflow/example_dags/example_bash_decorator.py
[2024-04-18T08:44:25.243+0000] {processor.py:840} INFO - DAG(s) 'example_bash_decorator' retrieved from /home/airflow/.local/lib/python3.12/site-packages/airflow/example_dags/example_bash_decorator.py
[2024-04-18T08:44:25.270+0000] {logging_mixin.py:188} INFO - [2024-04-18T08:44:25.270+0000] {dag.py:3096} INFO - Sync 1 DAGs
[2024-04-18T08:44:25.283+0000] {logging_mixin.py:188} INFO - [2024-04-18T08:44:25.283+0000] {dag.py:3954} INFO - Setting next_dagrun for example_bash_decorator to None, run_after=None
[2024-04-18T08:44:25.308+0000] {processor.py:183} INFO - Processing /home/airflow/.local/lib/python3.12/site-packages/airflow/example_dags/example_bash_decorator.py took 0.089 seconds
[2024-04-18T08:44:56.424+0000] {processor.py:161} INFO - Started process (PID=9686) to work on /home/airflow/.local/lib/python3.12/site-packages/airflow/example_dags/example_bash_decorator.py
[2024-04-18T08:44:56.425+0000] {processor.py:830} INFO - Processing file /home/airflow/.local/lib/python3.12/site-packages/airflow/example_dags/example_bash_decorator.py for tasks to queue
[2024-04-18T08:44:56.427+0000] {logging_mixin.py:188} INFO - [2024-04-18T08:44:56.427+0000] {dagbag.py:540} INFO - Filling up the DagBag from /home/airflow/.local/lib/python3.12/site-packages/airflow/example_dags/example_bash_decorator.py
[2024-04-18T08:44:56.443+0000] {processor.py:840} INFO - DAG(s) 'example_bash_decorator' retrieved from /home/airflow/.local/lib/python3.12/site-packages/airflow/example_dags/example_bash_decorator.py
[2024-04-18T08:44:56.475+0000] {logging_mixin.py:188} INFO - [2024-04-18T08:44:56.475+0000] {dag.py:3096} INFO - Sync 1 DAGs
[2024-04-18T08:44:56.489+0000] {logging_mixin.py:188} INFO - [2024-04-18T08:44:56.488+0000] {dag.py:3954} INFO - Setting next_dagrun for example_bash_decorator to None, run_after=None
[2024-04-18T08:44:56.509+0000] {processor.py:183} INFO - Processing /home/airflow/.local/lib/python3.12/site-packages/airflow/example_dags/example_bash_decorator.py took 0.091 seconds
[2024-04-18T08:45:27.030+0000] {processor.py:161} INFO - Started process (PID=9950) to work on /home/airflow/.local/lib/python3.12/site-packages/airflow/example_dags/example_bash_decorator.py
[2024-04-18T08:45:27.032+0000] {processor.py:830} INFO - Processing file /home/airflow/.local/lib/python3.12/site-packages/airflow/example_dags/example_bash_decorator.py for tasks to queue
[2024-04-18T08:45:27.034+0000] {logging_mixin.py:188} INFO - [2024-04-18T08:45:27.033+0000] {dagbag.py:540} INFO - Filling up the DagBag from /home/airflow/.local/lib/python3.12/site-packages/airflow/example_dags/example_bash_decorator.py
[2024-04-18T08:45:27.050+0000] {processor.py:840} INFO - DAG(s) 'example_bash_decorator' retrieved from /home/airflow/.local/lib/python3.12/site-packages/airflow/example_dags/example_bash_decorator.py
[2024-04-18T08:45:27.074+0000] {logging_mixin.py:188} INFO - [2024-04-18T08:45:27.074+0000] {dag.py:3096} INFO - Sync 1 DAGs
[2024-04-18T08:45:27.087+0000] {logging_mixin.py:188} INFO - [2024-04-18T08:45:27.087+0000] {dag.py:3954} INFO - Setting next_dagrun for example_bash_decorator to None, run_after=None
[2024-04-18T08:45:27.109+0000] {processor.py:183} INFO - Processing /home/airflow/.local/lib/python3.12/site-packages/airflow/example_dags/example_bash_decorator.py took 0.085 seconds
[2024-04-18T08:45:57.759+0000] {processor.py:161} INFO - Started process (PID=10218) to work on /home/airflow/.local/lib/python3.12/site-packages/airflow/example_dags/example_bash_decorator.py
[2024-04-18T08:45:57.759+0000] {processor.py:830} INFO - Processing file /home/airflow/.local/lib/python3.12/site-packages/airflow/example_dags/example_bash_decorator.py for tasks to queue
[2024-04-18T08:45:57.762+0000] {logging_mixin.py:188} INFO - [2024-04-18T08:45:57.761+0000] {dagbag.py:540} INFO - Filling up the DagBag from /home/airflow/.local/lib/python3.12/site-packages/airflow/example_dags/example_bash_decorator.py
[2024-04-18T08:45:57.776+0000] {processor.py:840} INFO - DAG(s) 'example_bash_decorator' retrieved from /home/airflow/.local/lib/python3.12/site-packages/airflow/example_dags/example_bash_decorator.py
[2024-04-18T08:45:57.802+0000] {logging_mixin.py:188} INFO - [2024-04-18T08:45:57.802+0000] {dag.py:3096} INFO - Sync 1 DAGs
[2024-04-18T08:45:57.816+0000] {logging_mixin.py:188} INFO - [2024-04-18T08:45:57.816+0000] {dag.py:3954} INFO - Setting next_dagrun for example_bash_decorator to None, run_after=None
[2024-04-18T08:45:57.854+0000] {processor.py:183} INFO - Processing /home/airflow/.local/lib/python3.12/site-packages/airflow/example_dags/example_bash_decorator.py took 0.101 seconds
[2024-04-18T08:46:28.227+0000] {processor.py:161} INFO - Started process (PID=10484) to work on /home/airflow/.local/lib/python3.12/site-packages/airflow/example_dags/example_bash_decorator.py
[2024-04-18T08:46:28.227+0000] {processor.py:830} INFO - Processing file /home/airflow/.local/lib/python3.12/site-packages/airflow/example_dags/example_bash_decorator.py for tasks to queue
[2024-04-18T08:46:28.229+0000] {logging_mixin.py:188} INFO - [2024-04-18T08:46:28.229+0000] {dagbag.py:540} INFO - Filling up the DagBag from /home/airflow/.local/lib/python3.12/site-packages/airflow/example_dags/example_bash_decorator.py
[2024-04-18T08:46:28.243+0000] {processor.py:840} INFO - DAG(s) 'example_bash_decorator' retrieved from /home/airflow/.local/lib/python3.12/site-packages/airflow/example_dags/example_bash_decorator.py
[2024-04-18T08:46:28.272+0000] {logging_mixin.py:188} INFO - [2024-04-18T08:46:28.272+0000] {dag.py:3096} INFO - Sync 1 DAGs
[2024-04-18T08:46:28.287+0000] {logging_mixin.py:188} INFO - [2024-04-18T08:46:28.287+0000] {dag.py:3954} INFO - Setting next_dagrun for example_bash_decorator to None, run_after=None
[2024-04-18T08:46:28.308+0000] {processor.py:183} INFO - Processing /home/airflow/.local/lib/python3.12/site-packages/airflow/example_dags/example_bash_decorator.py took 0.088 seconds
[2024-04-18T08:46:59.410+0000] {processor.py:161} INFO - Started process (PID=10748) to work on /home/airflow/.local/lib/python3.12/site-packages/airflow/example_dags/example_bash_decorator.py
[2024-04-18T08:46:59.418+0000] {processor.py:830} INFO - Processing file /home/airflow/.local/lib/python3.12/site-packages/airflow/example_dags/example_bash_decorator.py for tasks to queue
[2024-04-18T08:46:59.422+0000] {logging_mixin.py:188} INFO - [2024-04-18T08:46:59.421+0000] {dagbag.py:540} INFO - Filling up the DagBag from /home/airflow/.local/lib/python3.12/site-packages/airflow/example_dags/example_bash_decorator.py
[2024-04-18T08:46:59.465+0000] {processor.py:840} INFO - DAG(s) 'example_bash_decorator' retrieved from /home/airflow/.local/lib/python3.12/site-packages/airflow/example_dags/example_bash_decorator.py
[2024-04-18T08:46:59.511+0000] {logging_mixin.py:188} INFO - [2024-04-18T08:46:59.511+0000] {dag.py:3096} INFO - Sync 1 DAGs
[2024-04-18T08:46:59.527+0000] {logging_mixin.py:188} INFO - [2024-04-18T08:46:59.527+0000] {dag.py:3954} INFO - Setting next_dagrun for example_bash_decorator to None, run_after=None
[2024-04-18T08:46:59.562+0000] {processor.py:183} INFO - Processing /home/airflow/.local/lib/python3.12/site-packages/airflow/example_dags/example_bash_decorator.py took 0.159 seconds
[2024-04-18T08:47:29.643+0000] {processor.py:161} INFO - Started process (PID=11015) to work on /home/airflow/.local/lib/python3.12/site-packages/airflow/example_dags/example_bash_decorator.py
[2024-04-18T08:47:29.643+0000] {processor.py:830} INFO - Processing file /home/airflow/.local/lib/python3.12/site-packages/airflow/example_dags/example_bash_decorator.py for tasks to queue
[2024-04-18T08:47:29.645+0000] {logging_mixin.py:188} INFO - [2024-04-18T08:47:29.645+0000] {dagbag.py:540} INFO - Filling up the DagBag from /home/airflow/.local/lib/python3.12/site-packages/airflow/example_dags/example_bash_decorator.py
[2024-04-18T08:47:29.661+0000] {processor.py:840} INFO - DAG(s) 'example_bash_decorator' retrieved from /home/airflow/.local/lib/python3.12/site-packages/airflow/example_dags/example_bash_decorator.py
[2024-04-18T08:47:29.687+0000] {logging_mixin.py:188} INFO - [2024-04-18T08:47:29.687+0000] {dag.py:3096} INFO - Sync 1 DAGs
[2024-04-18T08:47:29.701+0000] {logging_mixin.py:188} INFO - [2024-04-18T08:47:29.700+0000] {dag.py:3954} INFO - Setting next_dagrun for example_bash_decorator to None, run_after=None
[2024-04-18T08:47:29.721+0000] {processor.py:183} INFO - Processing /home/airflow/.local/lib/python3.12/site-packages/airflow/example_dags/example_bash_decorator.py took 0.085 seconds
[2024-04-18T08:48:00.366+0000] {processor.py:161} INFO - Started process (PID=11282) to work on /home/airflow/.local/lib/python3.12/site-packages/airflow/example_dags/example_bash_decorator.py
[2024-04-18T08:48:00.370+0000] {processor.py:830} INFO - Processing file /home/airflow/.local/lib/python3.12/site-packages/airflow/example_dags/example_bash_decorator.py for tasks to queue
[2024-04-18T08:48:00.379+0000] {logging_mixin.py:188} INFO - [2024-04-18T08:48:00.378+0000] {dagbag.py:540} INFO - Filling up the DagBag from /home/airflow/.local/lib/python3.12/site-packages/airflow/example_dags/example_bash_decorator.py
[2024-04-18T08:48:00.403+0000] {processor.py:840} INFO - DAG(s) 'example_bash_decorator' retrieved from /home/airflow/.local/lib/python3.12/site-packages/airflow/example_dags/example_bash_decorator.py
[2024-04-18T08:48:00.440+0000] {logging_mixin.py:188} INFO - [2024-04-18T08:48:00.440+0000] {dag.py:3096} INFO - Sync 1 DAGs
[2024-04-18T08:48:00.455+0000] {logging_mixin.py:188} INFO - [2024-04-18T08:48:00.455+0000] {dag.py:3954} INFO - Setting next_dagrun for example_bash_decorator to None, run_after=None
[2024-04-18T08:48:00.486+0000] {processor.py:183} INFO - Processing /home/airflow/.local/lib/python3.12/site-packages/airflow/example_dags/example_bash_decorator.py took 0.126 seconds
[2024-04-18T08:48:31.069+0000] {processor.py:161} INFO - Started process (PID=11548) to work on /home/airflow/.local/lib/python3.12/site-packages/airflow/example_dags/example_bash_decorator.py
[2024-04-18T08:48:31.070+0000] {processor.py:830} INFO - Processing file /home/airflow/.local/lib/python3.12/site-packages/airflow/example_dags/example_bash_decorator.py for tasks to queue
[2024-04-18T08:48:31.072+0000] {logging_mixin.py:188} INFO - [2024-04-18T08:48:31.072+0000] {dagbag.py:540} INFO - Filling up the DagBag from /home/airflow/.local/lib/python3.12/site-packages/airflow/example_dags/example_bash_decorator.py
[2024-04-18T08:48:31.087+0000] {processor.py:840} INFO - DAG(s) 'example_bash_decorator' retrieved from /home/airflow/.local/lib/python3.12/site-packages/airflow/example_dags/example_bash_decorator.py
[2024-04-18T08:48:31.114+0000] {logging_mixin.py:188} INFO - [2024-04-18T08:48:31.114+0000] {dag.py:3096} INFO - Sync 1 DAGs
[2024-04-18T08:48:31.126+0000] {logging_mixin.py:188} INFO - [2024-04-18T08:48:31.126+0000] {dag.py:3954} INFO - Setting next_dagrun for example_bash_decorator to None, run_after=None
[2024-04-18T08:48:31.149+0000] {processor.py:183} INFO - Processing /home/airflow/.local/lib/python3.12/site-packages/airflow/example_dags/example_bash_decorator.py took 0.086 seconds
[2024-04-18T08:49:02.009+0000] {processor.py:161} INFO - Started process (PID=11816) to work on /home/airflow/.local/lib/python3.12/site-packages/airflow/example_dags/example_bash_decorator.py
[2024-04-18T08:49:02.010+0000] {processor.py:830} INFO - Processing file /home/airflow/.local/lib/python3.12/site-packages/airflow/example_dags/example_bash_decorator.py for tasks to queue
[2024-04-18T08:49:02.012+0000] {logging_mixin.py:188} INFO - [2024-04-18T08:49:02.011+0000] {dagbag.py:540} INFO - Filling up the DagBag from /home/airflow/.local/lib/python3.12/site-packages/airflow/example_dags/example_bash_decorator.py
[2024-04-18T08:49:02.038+0000] {processor.py:840} INFO - DAG(s) 'example_bash_decorator' retrieved from /home/airflow/.local/lib/python3.12/site-packages/airflow/example_dags/example_bash_decorator.py
[2024-04-18T08:49:02.089+0000] {logging_mixin.py:188} INFO - [2024-04-18T08:49:02.089+0000] {dag.py:3096} INFO - Sync 1 DAGs
[2024-04-18T08:49:02.122+0000] {logging_mixin.py:188} INFO - [2024-04-18T08:49:02.122+0000] {dag.py:3954} INFO - Setting next_dagrun for example_bash_decorator to None, run_after=None
[2024-04-18T08:49:02.161+0000] {processor.py:183} INFO - Processing /home/airflow/.local/lib/python3.12/site-packages/airflow/example_dags/example_bash_decorator.py took 0.168 seconds
