[2024-04-18T08:27:02.430+0000] {processor.py:161} INFO - Started process (PID=343) to work on /home/airflow/.local/lib/python3.12/site-packages/airflow/example_dags/example_dag_decorator.py
[2024-04-18T08:27:02.437+0000] {processor.py:830} INFO - Processing file /home/airflow/.local/lib/python3.12/site-packages/airflow/example_dags/example_dag_decorator.py for tasks to queue
[2024-04-18T08:27:02.442+0000] {logging_mixin.py:188} INFO - [2024-04-18T08:27:02.441+0000] {dagbag.py:540} INFO - Filling up the DagBag from /home/airflow/.local/lib/python3.12/site-packages/airflow/example_dags/example_dag_decorator.py
[2024-04-18T08:27:02.816+0000] {processor.py:840} INFO - DAG(s) 'example_dag_decorator' retrieved from /home/airflow/.local/lib/python3.12/site-packages/airflow/example_dags/example_dag_decorator.py
[2024-04-18T08:27:03.267+0000] {logging_mixin.py:188} INFO - [2024-04-18T08:27:03.266+0000] {dag.py:3096} INFO - Sync 1 DAGs
[2024-04-18T08:27:03.989+0000] {logging_mixin.py:188} INFO - [2024-04-18T08:27:03.989+0000] {dag.py:3954} INFO - Setting next_dagrun for example_dag_decorator to None, run_after=None
[2024-04-18T08:27:04.077+0000] {processor.py:183} INFO - Processing /home/airflow/.local/lib/python3.12/site-packages/airflow/example_dags/example_dag_decorator.py took 1.662 seconds
[2024-04-18T08:27:34.165+0000] {processor.py:161} INFO - Started process (PID=642) to work on /home/airflow/.local/lib/python3.12/site-packages/airflow/example_dags/example_dag_decorator.py
[2024-04-18T08:27:34.165+0000] {processor.py:830} INFO - Processing file /home/airflow/.local/lib/python3.12/site-packages/airflow/example_dags/example_dag_decorator.py for tasks to queue
[2024-04-18T08:27:34.167+0000] {logging_mixin.py:188} INFO - [2024-04-18T08:27:34.166+0000] {dagbag.py:540} INFO - Filling up the DagBag from /home/airflow/.local/lib/python3.12/site-packages/airflow/example_dags/example_dag_decorator.py
[2024-04-18T08:27:34.237+0000] {processor.py:840} INFO - DAG(s) 'example_dag_decorator' retrieved from /home/airflow/.local/lib/python3.12/site-packages/airflow/example_dags/example_dag_decorator.py
[2024-04-18T08:27:34.332+0000] {logging_mixin.py:188} INFO - [2024-04-18T08:27:34.331+0000] {dag.py:3096} INFO - Sync 1 DAGs
[2024-04-18T08:27:34.346+0000] {logging_mixin.py:188} INFO - [2024-04-18T08:27:34.346+0000] {dag.py:3954} INFO - Setting next_dagrun for example_dag_decorator to None, run_after=None
[2024-04-18T08:27:34.514+0000] {processor.py:183} INFO - Processing /home/airflow/.local/lib/python3.12/site-packages/airflow/example_dags/example_dag_decorator.py took 0.353 seconds
[2024-04-18T08:28:04.940+0000] {processor.py:161} INFO - Started process (PID=904) to work on /home/airflow/.local/lib/python3.12/site-packages/airflow/example_dags/example_dag_decorator.py
[2024-04-18T08:28:04.945+0000] {processor.py:830} INFO - Processing file /home/airflow/.local/lib/python3.12/site-packages/airflow/example_dags/example_dag_decorator.py for tasks to queue
[2024-04-18T08:28:04.948+0000] {logging_mixin.py:188} INFO - [2024-04-18T08:28:04.947+0000] {dagbag.py:540} INFO - Filling up the DagBag from /home/airflow/.local/lib/python3.12/site-packages/airflow/example_dags/example_dag_decorator.py
[2024-04-18T08:28:05.180+0000] {processor.py:840} INFO - DAG(s) 'example_dag_decorator' retrieved from /home/airflow/.local/lib/python3.12/site-packages/airflow/example_dags/example_dag_decorator.py
[2024-04-18T08:28:05.446+0000] {logging_mixin.py:188} INFO - [2024-04-18T08:28:05.445+0000] {dag.py:3096} INFO - Sync 1 DAGs
[2024-04-18T08:28:05.475+0000] {logging_mixin.py:188} INFO - [2024-04-18T08:28:05.475+0000] {dag.py:3954} INFO - Setting next_dagrun for example_dag_decorator to None, run_after=None
[2024-04-18T08:28:05.524+0000] {processor.py:183} INFO - Processing /home/airflow/.local/lib/python3.12/site-packages/airflow/example_dags/example_dag_decorator.py took 0.590 seconds
[2024-04-18T08:28:36.868+0000] {processor.py:161} INFO - Started process (PID=1171) to work on /home/airflow/.local/lib/python3.12/site-packages/airflow/example_dags/example_dag_decorator.py
[2024-04-18T08:28:36.881+0000] {processor.py:830} INFO - Processing file /home/airflow/.local/lib/python3.12/site-packages/airflow/example_dags/example_dag_decorator.py for tasks to queue
[2024-04-18T08:28:36.883+0000] {logging_mixin.py:188} INFO - [2024-04-18T08:28:36.882+0000] {dagbag.py:540} INFO - Filling up the DagBag from /home/airflow/.local/lib/python3.12/site-packages/airflow/example_dags/example_dag_decorator.py
[2024-04-18T08:28:37.245+0000] {processor.py:840} INFO - DAG(s) 'example_dag_decorator' retrieved from /home/airflow/.local/lib/python3.12/site-packages/airflow/example_dags/example_dag_decorator.py
[2024-04-18T08:28:37.339+0000] {logging_mixin.py:188} INFO - [2024-04-18T08:28:37.338+0000] {dag.py:3096} INFO - Sync 1 DAGs
[2024-04-18T08:28:37.385+0000] {logging_mixin.py:188} INFO - [2024-04-18T08:28:37.385+0000] {dag.py:3954} INFO - Setting next_dagrun for example_dag_decorator to None, run_after=None
[2024-04-18T08:28:37.433+0000] {processor.py:183} INFO - Processing /home/airflow/.local/lib/python3.12/site-packages/airflow/example_dags/example_dag_decorator.py took 0.582 seconds
[2024-04-18T08:29:08.369+0000] {processor.py:161} INFO - Started process (PID=1439) to work on /home/airflow/.local/lib/python3.12/site-packages/airflow/example_dags/example_dag_decorator.py
[2024-04-18T08:29:08.370+0000] {processor.py:830} INFO - Processing file /home/airflow/.local/lib/python3.12/site-packages/airflow/example_dags/example_dag_decorator.py for tasks to queue
[2024-04-18T08:29:08.372+0000] {logging_mixin.py:188} INFO - [2024-04-18T08:29:08.372+0000] {dagbag.py:540} INFO - Filling up the DagBag from /home/airflow/.local/lib/python3.12/site-packages/airflow/example_dags/example_dag_decorator.py
[2024-04-18T08:29:08.487+0000] {processor.py:840} INFO - DAG(s) 'example_dag_decorator' retrieved from /home/airflow/.local/lib/python3.12/site-packages/airflow/example_dags/example_dag_decorator.py
[2024-04-18T08:29:08.721+0000] {logging_mixin.py:188} INFO - [2024-04-18T08:29:08.721+0000] {dag.py:3096} INFO - Sync 1 DAGs
[2024-04-18T08:29:08.729+0000] {logging_mixin.py:188} INFO - [2024-04-18T08:29:08.728+0000] {dag.py:3954} INFO - Setting next_dagrun for example_dag_decorator to None, run_after=None
[2024-04-18T08:29:08.746+0000] {processor.py:183} INFO - Processing /home/airflow/.local/lib/python3.12/site-packages/airflow/example_dags/example_dag_decorator.py took 0.384 seconds
[2024-04-18T08:29:39.563+0000] {processor.py:161} INFO - Started process (PID=1709) to work on /home/airflow/.local/lib/python3.12/site-packages/airflow/example_dags/example_dag_decorator.py
[2024-04-18T08:29:39.564+0000] {processor.py:830} INFO - Processing file /home/airflow/.local/lib/python3.12/site-packages/airflow/example_dags/example_dag_decorator.py for tasks to queue
[2024-04-18T08:29:39.566+0000] {logging_mixin.py:188} INFO - [2024-04-18T08:29:39.565+0000] {dagbag.py:540} INFO - Filling up the DagBag from /home/airflow/.local/lib/python3.12/site-packages/airflow/example_dags/example_dag_decorator.py
[2024-04-18T08:29:39.681+0000] {processor.py:840} INFO - DAG(s) 'example_dag_decorator' retrieved from /home/airflow/.local/lib/python3.12/site-packages/airflow/example_dags/example_dag_decorator.py
[2024-04-18T08:29:40.019+0000] {logging_mixin.py:188} INFO - [2024-04-18T08:29:40.019+0000] {dag.py:3096} INFO - Sync 1 DAGs
[2024-04-18T08:29:40.029+0000] {logging_mixin.py:188} INFO - [2024-04-18T08:29:40.029+0000] {dag.py:3954} INFO - Setting next_dagrun for example_dag_decorator to None, run_after=None
[2024-04-18T08:29:40.051+0000] {processor.py:183} INFO - Processing /home/airflow/.local/lib/python3.12/site-packages/airflow/example_dags/example_dag_decorator.py took 0.493 seconds
[2024-04-18T08:30:10.797+0000] {processor.py:161} INFO - Started process (PID=1981) to work on /home/airflow/.local/lib/python3.12/site-packages/airflow/example_dags/example_dag_decorator.py
[2024-04-18T08:30:10.798+0000] {processor.py:830} INFO - Processing file /home/airflow/.local/lib/python3.12/site-packages/airflow/example_dags/example_dag_decorator.py for tasks to queue
[2024-04-18T08:30:10.801+0000] {logging_mixin.py:188} INFO - [2024-04-18T08:30:10.800+0000] {dagbag.py:540} INFO - Filling up the DagBag from /home/airflow/.local/lib/python3.12/site-packages/airflow/example_dags/example_dag_decorator.py
[2024-04-18T08:30:10.926+0000] {processor.py:840} INFO - DAG(s) 'example_dag_decorator' retrieved from /home/airflow/.local/lib/python3.12/site-packages/airflow/example_dags/example_dag_decorator.py
[2024-04-18T08:30:11.259+0000] {logging_mixin.py:188} INFO - [2024-04-18T08:30:11.259+0000] {dag.py:3096} INFO - Sync 1 DAGs
[2024-04-18T08:30:11.271+0000] {logging_mixin.py:188} INFO - [2024-04-18T08:30:11.271+0000] {dag.py:3954} INFO - Setting next_dagrun for example_dag_decorator to None, run_after=None
[2024-04-18T08:30:11.293+0000] {processor.py:183} INFO - Processing /home/airflow/.local/lib/python3.12/site-packages/airflow/example_dags/example_dag_decorator.py took 0.502 seconds
[2024-04-18T08:30:41.338+0000] {processor.py:161} INFO - Started process (PID=2248) to work on /home/airflow/.local/lib/python3.12/site-packages/airflow/example_dags/example_dag_decorator.py
[2024-04-18T08:30:41.338+0000] {processor.py:830} INFO - Processing file /home/airflow/.local/lib/python3.12/site-packages/airflow/example_dags/example_dag_decorator.py for tasks to queue
[2024-04-18T08:30:41.340+0000] {logging_mixin.py:188} INFO - [2024-04-18T08:30:41.340+0000] {dagbag.py:540} INFO - Filling up the DagBag from /home/airflow/.local/lib/python3.12/site-packages/airflow/example_dags/example_dag_decorator.py
[2024-04-18T08:30:41.447+0000] {processor.py:840} INFO - DAG(s) 'example_dag_decorator' retrieved from /home/airflow/.local/lib/python3.12/site-packages/airflow/example_dags/example_dag_decorator.py
[2024-04-18T08:30:41.901+0000] {logging_mixin.py:188} INFO - [2024-04-18T08:30:41.901+0000] {dag.py:3096} INFO - Sync 1 DAGs
[2024-04-18T08:30:41.926+0000] {logging_mixin.py:188} INFO - [2024-04-18T08:30:41.926+0000] {dag.py:3954} INFO - Setting next_dagrun for example_dag_decorator to None, run_after=None
[2024-04-18T08:30:41.961+0000] {processor.py:183} INFO - Processing /home/airflow/.local/lib/python3.12/site-packages/airflow/example_dags/example_dag_decorator.py took 0.629 seconds
[2024-04-18T08:31:13.010+0000] {processor.py:161} INFO - Started process (PID=2540) to work on /home/airflow/.local/lib/python3.12/site-packages/airflow/example_dags/example_dag_decorator.py
[2024-04-18T08:31:13.011+0000] {processor.py:830} INFO - Processing file /home/airflow/.local/lib/python3.12/site-packages/airflow/example_dags/example_dag_decorator.py for tasks to queue
[2024-04-18T08:31:13.013+0000] {logging_mixin.py:188} INFO - [2024-04-18T08:31:13.013+0000] {dagbag.py:540} INFO - Filling up the DagBag from /home/airflow/.local/lib/python3.12/site-packages/airflow/example_dags/example_dag_decorator.py
[2024-04-18T08:31:13.126+0000] {processor.py:840} INFO - DAG(s) 'example_dag_decorator' retrieved from /home/airflow/.local/lib/python3.12/site-packages/airflow/example_dags/example_dag_decorator.py
[2024-04-18T08:31:13.149+0000] {logging_mixin.py:188} INFO - [2024-04-18T08:31:13.148+0000] {dag.py:3096} INFO - Sync 1 DAGs
[2024-04-18T08:31:13.162+0000] {logging_mixin.py:188} INFO - [2024-04-18T08:31:13.162+0000] {dag.py:3954} INFO - Setting next_dagrun for example_dag_decorator to None, run_after=None
[2024-04-18T08:31:13.185+0000] {processor.py:183} INFO - Processing /home/airflow/.local/lib/python3.12/site-packages/airflow/example_dags/example_dag_decorator.py took 0.180 seconds
[2024-04-18T08:31:43.383+0000] {processor.py:161} INFO - Started process (PID=2807) to work on /home/airflow/.local/lib/python3.12/site-packages/airflow/example_dags/example_dag_decorator.py
[2024-04-18T08:31:43.384+0000] {processor.py:830} INFO - Processing file /home/airflow/.local/lib/python3.12/site-packages/airflow/example_dags/example_dag_decorator.py for tasks to queue
[2024-04-18T08:31:43.386+0000] {logging_mixin.py:188} INFO - [2024-04-18T08:31:43.386+0000] {dagbag.py:540} INFO - Filling up the DagBag from /home/airflow/.local/lib/python3.12/site-packages/airflow/example_dags/example_dag_decorator.py
[2024-04-18T08:31:43.496+0000] {processor.py:840} INFO - DAG(s) 'example_dag_decorator' retrieved from /home/airflow/.local/lib/python3.12/site-packages/airflow/example_dags/example_dag_decorator.py
[2024-04-18T08:31:43.519+0000] {logging_mixin.py:188} INFO - [2024-04-18T08:31:43.519+0000] {dag.py:3096} INFO - Sync 1 DAGs
[2024-04-18T08:31:43.532+0000] {logging_mixin.py:188} INFO - [2024-04-18T08:31:43.532+0000] {dag.py:3954} INFO - Setting next_dagrun for example_dag_decorator to None, run_after=None
[2024-04-18T08:31:43.554+0000] {processor.py:183} INFO - Processing /home/airflow/.local/lib/python3.12/site-packages/airflow/example_dags/example_dag_decorator.py took 0.176 seconds
[2024-04-18T08:32:14.231+0000] {processor.py:161} INFO - Started process (PID=3074) to work on /home/airflow/.local/lib/python3.12/site-packages/airflow/example_dags/example_dag_decorator.py
[2024-04-18T08:32:14.231+0000] {processor.py:830} INFO - Processing file /home/airflow/.local/lib/python3.12/site-packages/airflow/example_dags/example_dag_decorator.py for tasks to queue
[2024-04-18T08:32:14.233+0000] {logging_mixin.py:188} INFO - [2024-04-18T08:32:14.233+0000] {dagbag.py:540} INFO - Filling up the DagBag from /home/airflow/.local/lib/python3.12/site-packages/airflow/example_dags/example_dag_decorator.py
[2024-04-18T08:32:14.341+0000] {processor.py:840} INFO - DAG(s) 'example_dag_decorator' retrieved from /home/airflow/.local/lib/python3.12/site-packages/airflow/example_dags/example_dag_decorator.py
[2024-04-18T08:32:14.364+0000] {logging_mixin.py:188} INFO - [2024-04-18T08:32:14.363+0000] {dag.py:3096} INFO - Sync 1 DAGs
[2024-04-18T08:32:14.378+0000] {logging_mixin.py:188} INFO - [2024-04-18T08:32:14.378+0000] {dag.py:3954} INFO - Setting next_dagrun for example_dag_decorator to None, run_after=None
[2024-04-18T08:32:14.400+0000] {processor.py:183} INFO - Processing /home/airflow/.local/lib/python3.12/site-packages/airflow/example_dags/example_dag_decorator.py took 0.175 seconds
[2024-04-18T08:32:45.043+0000] {processor.py:161} INFO - Started process (PID=3340) to work on /home/airflow/.local/lib/python3.12/site-packages/airflow/example_dags/example_dag_decorator.py
[2024-04-18T08:32:45.044+0000] {processor.py:830} INFO - Processing file /home/airflow/.local/lib/python3.12/site-packages/airflow/example_dags/example_dag_decorator.py for tasks to queue
[2024-04-18T08:32:45.046+0000] {logging_mixin.py:188} INFO - [2024-04-18T08:32:45.046+0000] {dagbag.py:540} INFO - Filling up the DagBag from /home/airflow/.local/lib/python3.12/site-packages/airflow/example_dags/example_dag_decorator.py
[2024-04-18T08:32:45.155+0000] {processor.py:840} INFO - DAG(s) 'example_dag_decorator' retrieved from /home/airflow/.local/lib/python3.12/site-packages/airflow/example_dags/example_dag_decorator.py
[2024-04-18T08:32:45.182+0000] {logging_mixin.py:188} INFO - [2024-04-18T08:32:45.181+0000] {dag.py:3096} INFO - Sync 1 DAGs
[2024-04-18T08:32:45.195+0000] {logging_mixin.py:188} INFO - [2024-04-18T08:32:45.195+0000] {dag.py:3954} INFO - Setting next_dagrun for example_dag_decorator to None, run_after=None
[2024-04-18T08:32:45.218+0000] {processor.py:183} INFO - Processing /home/airflow/.local/lib/python3.12/site-packages/airflow/example_dags/example_dag_decorator.py took 0.180 seconds
[2024-04-18T08:33:15.452+0000] {processor.py:161} INFO - Started process (PID=3607) to work on /home/airflow/.local/lib/python3.12/site-packages/airflow/example_dags/example_dag_decorator.py
[2024-04-18T08:33:15.453+0000] {processor.py:830} INFO - Processing file /home/airflow/.local/lib/python3.12/site-packages/airflow/example_dags/example_dag_decorator.py for tasks to queue
[2024-04-18T08:33:15.454+0000] {logging_mixin.py:188} INFO - [2024-04-18T08:33:15.454+0000] {dagbag.py:540} INFO - Filling up the DagBag from /home/airflow/.local/lib/python3.12/site-packages/airflow/example_dags/example_dag_decorator.py
[2024-04-18T08:33:15.563+0000] {processor.py:840} INFO - DAG(s) 'example_dag_decorator' retrieved from /home/airflow/.local/lib/python3.12/site-packages/airflow/example_dags/example_dag_decorator.py
[2024-04-18T08:33:15.891+0000] {logging_mixin.py:188} INFO - [2024-04-18T08:33:15.891+0000] {dag.py:3096} INFO - Sync 1 DAGs
[2024-04-18T08:33:15.899+0000] {logging_mixin.py:188} INFO - [2024-04-18T08:33:15.899+0000] {dag.py:3954} INFO - Setting next_dagrun for example_dag_decorator to None, run_after=None
[2024-04-18T08:33:15.920+0000] {processor.py:183} INFO - Processing /home/airflow/.local/lib/python3.12/site-packages/airflow/example_dags/example_dag_decorator.py took 0.475 seconds
[2024-04-18T08:33:46.458+0000] {processor.py:161} INFO - Started process (PID=3873) to work on /home/airflow/.local/lib/python3.12/site-packages/airflow/example_dags/example_dag_decorator.py
[2024-04-18T08:33:46.459+0000] {processor.py:830} INFO - Processing file /home/airflow/.local/lib/python3.12/site-packages/airflow/example_dags/example_dag_decorator.py for tasks to queue
[2024-04-18T08:33:46.461+0000] {logging_mixin.py:188} INFO - [2024-04-18T08:33:46.461+0000] {dagbag.py:540} INFO - Filling up the DagBag from /home/airflow/.local/lib/python3.12/site-packages/airflow/example_dags/example_dag_decorator.py
[2024-04-18T08:33:46.577+0000] {processor.py:840} INFO - DAG(s) 'example_dag_decorator' retrieved from /home/airflow/.local/lib/python3.12/site-packages/airflow/example_dags/example_dag_decorator.py
[2024-04-18T08:33:46.980+0000] {logging_mixin.py:188} INFO - [2024-04-18T08:33:46.980+0000] {dag.py:3096} INFO - Sync 1 DAGs
[2024-04-18T08:33:46.991+0000] {logging_mixin.py:188} INFO - [2024-04-18T08:33:46.991+0000] {dag.py:3954} INFO - Setting next_dagrun for example_dag_decorator to None, run_after=None
[2024-04-18T08:33:47.013+0000] {processor.py:183} INFO - Processing /home/airflow/.local/lib/python3.12/site-packages/airflow/example_dags/example_dag_decorator.py took 0.560 seconds
[2024-04-18T08:34:17.411+0000] {processor.py:161} INFO - Started process (PID=4152) to work on /home/airflow/.local/lib/python3.12/site-packages/airflow/example_dags/example_dag_decorator.py
[2024-04-18T08:34:17.419+0000] {processor.py:830} INFO - Processing file /home/airflow/.local/lib/python3.12/site-packages/airflow/example_dags/example_dag_decorator.py for tasks to queue
[2024-04-18T08:34:17.421+0000] {logging_mixin.py:188} INFO - [2024-04-18T08:34:17.421+0000] {dagbag.py:540} INFO - Filling up the DagBag from /home/airflow/.local/lib/python3.12/site-packages/airflow/example_dags/example_dag_decorator.py
[2024-04-18T08:34:17.731+0000] {processor.py:840} INFO - DAG(s) 'example_dag_decorator' retrieved from /home/airflow/.local/lib/python3.12/site-packages/airflow/example_dags/example_dag_decorator.py
[2024-04-18T08:34:18.276+0000] {logging_mixin.py:188} INFO - [2024-04-18T08:34:18.275+0000] {dag.py:3096} INFO - Sync 1 DAGs
[2024-04-18T08:34:18.287+0000] {logging_mixin.py:188} INFO - [2024-04-18T08:34:18.287+0000] {dag.py:3954} INFO - Setting next_dagrun for example_dag_decorator to None, run_after=None
[2024-04-18T08:34:18.311+0000] {processor.py:183} INFO - Processing /home/airflow/.local/lib/python3.12/site-packages/airflow/example_dags/example_dag_decorator.py took 0.916 seconds
[2024-04-18T08:34:48.692+0000] {processor.py:161} INFO - Started process (PID=4416) to work on /home/airflow/.local/lib/python3.12/site-packages/airflow/example_dags/example_dag_decorator.py
[2024-04-18T08:34:48.694+0000] {processor.py:830} INFO - Processing file /home/airflow/.local/lib/python3.12/site-packages/airflow/example_dags/example_dag_decorator.py for tasks to queue
[2024-04-18T08:34:48.696+0000] {logging_mixin.py:188} INFO - [2024-04-18T08:34:48.695+0000] {dagbag.py:540} INFO - Filling up the DagBag from /home/airflow/.local/lib/python3.12/site-packages/airflow/example_dags/example_dag_decorator.py
[2024-04-18T08:34:49.246+0000] {processor.py:840} INFO - DAG(s) 'example_dag_decorator' retrieved from /home/airflow/.local/lib/python3.12/site-packages/airflow/example_dags/example_dag_decorator.py
[2024-04-18T08:34:49.437+0000] {logging_mixin.py:188} INFO - [2024-04-18T08:34:49.436+0000] {dag.py:3096} INFO - Sync 1 DAGs
[2024-04-18T08:34:49.456+0000] {logging_mixin.py:188} INFO - [2024-04-18T08:34:49.456+0000] {dag.py:3954} INFO - Setting next_dagrun for example_dag_decorator to None, run_after=None
[2024-04-18T08:34:49.499+0000] {processor.py:183} INFO - Processing /home/airflow/.local/lib/python3.12/site-packages/airflow/example_dags/example_dag_decorator.py took 0.815 seconds
[2024-04-18T08:35:20.398+0000] {processor.py:161} INFO - Started process (PID=4698) to work on /home/airflow/.local/lib/python3.12/site-packages/airflow/example_dags/example_dag_decorator.py
[2024-04-18T08:35:20.399+0000] {processor.py:830} INFO - Processing file /home/airflow/.local/lib/python3.12/site-packages/airflow/example_dags/example_dag_decorator.py for tasks to queue
[2024-04-18T08:35:20.401+0000] {logging_mixin.py:188} INFO - [2024-04-18T08:35:20.401+0000] {dagbag.py:540} INFO - Filling up the DagBag from /home/airflow/.local/lib/python3.12/site-packages/airflow/example_dags/example_dag_decorator.py
[2024-04-18T08:35:20.520+0000] {processor.py:840} INFO - DAG(s) 'example_dag_decorator' retrieved from /home/airflow/.local/lib/python3.12/site-packages/airflow/example_dags/example_dag_decorator.py
[2024-04-18T08:35:20.883+0000] {logging_mixin.py:188} INFO - [2024-04-18T08:35:20.882+0000] {dag.py:3096} INFO - Sync 1 DAGs
[2024-04-18T08:35:20.893+0000] {logging_mixin.py:188} INFO - [2024-04-18T08:35:20.893+0000] {dag.py:3954} INFO - Setting next_dagrun for example_dag_decorator to None, run_after=None
[2024-04-18T08:35:20.916+0000] {processor.py:183} INFO - Processing /home/airflow/.local/lib/python3.12/site-packages/airflow/example_dags/example_dag_decorator.py took 0.524 seconds
[2024-04-18T08:35:51.191+0000] {processor.py:161} INFO - Started process (PID=4977) to work on /home/airflow/.local/lib/python3.12/site-packages/airflow/example_dags/example_dag_decorator.py
[2024-04-18T08:35:51.197+0000] {processor.py:830} INFO - Processing file /home/airflow/.local/lib/python3.12/site-packages/airflow/example_dags/example_dag_decorator.py for tasks to queue
[2024-04-18T08:35:51.199+0000] {logging_mixin.py:188} INFO - [2024-04-18T08:35:51.198+0000] {dagbag.py:540} INFO - Filling up the DagBag from /home/airflow/.local/lib/python3.12/site-packages/airflow/example_dags/example_dag_decorator.py
[2024-04-18T08:35:51.463+0000] {processor.py:840} INFO - DAG(s) 'example_dag_decorator' retrieved from /home/airflow/.local/lib/python3.12/site-packages/airflow/example_dags/example_dag_decorator.py
[2024-04-18T08:35:51.820+0000] {logging_mixin.py:188} INFO - [2024-04-18T08:35:51.819+0000] {dag.py:3096} INFO - Sync 1 DAGs
[2024-04-18T08:35:51.830+0000] {logging_mixin.py:188} INFO - [2024-04-18T08:35:51.830+0000] {dag.py:3954} INFO - Setting next_dagrun for example_dag_decorator to None, run_after=None
[2024-04-18T08:35:51.854+0000] {processor.py:183} INFO - Processing /home/airflow/.local/lib/python3.12/site-packages/airflow/example_dags/example_dag_decorator.py took 0.681 seconds
[2024-04-18T08:36:22.292+0000] {processor.py:161} INFO - Started process (PID=5264) to work on /home/airflow/.local/lib/python3.12/site-packages/airflow/example_dags/example_dag_decorator.py
[2024-04-18T08:36:22.293+0000] {processor.py:830} INFO - Processing file /home/airflow/.local/lib/python3.12/site-packages/airflow/example_dags/example_dag_decorator.py for tasks to queue
[2024-04-18T08:36:22.294+0000] {logging_mixin.py:188} INFO - [2024-04-18T08:36:22.294+0000] {dagbag.py:540} INFO - Filling up the DagBag from /home/airflow/.local/lib/python3.12/site-packages/airflow/example_dags/example_dag_decorator.py
[2024-04-18T08:36:22.369+0000] {processor.py:840} INFO - DAG(s) 'example_dag_decorator' retrieved from /home/airflow/.local/lib/python3.12/site-packages/airflow/example_dags/example_dag_decorator.py
[2024-04-18T08:36:22.389+0000] {logging_mixin.py:188} INFO - [2024-04-18T08:36:22.389+0000] {dag.py:3096} INFO - Sync 1 DAGs
[2024-04-18T08:36:22.541+0000] {logging_mixin.py:188} INFO - [2024-04-18T08:36:22.541+0000] {dag.py:3954} INFO - Setting next_dagrun for example_dag_decorator to None, run_after=None
[2024-04-18T08:36:22.559+0000] {processor.py:183} INFO - Processing /home/airflow/.local/lib/python3.12/site-packages/airflow/example_dags/example_dag_decorator.py took 0.273 seconds
[2024-04-18T08:36:52.894+0000] {processor.py:161} INFO - Started process (PID=5497) to work on /home/airflow/.local/lib/python3.12/site-packages/airflow/example_dags/example_dag_decorator.py
[2024-04-18T08:36:52.894+0000] {processor.py:830} INFO - Processing file /home/airflow/.local/lib/python3.12/site-packages/airflow/example_dags/example_dag_decorator.py for tasks to queue
[2024-04-18T08:36:52.896+0000] {logging_mixin.py:188} INFO - [2024-04-18T08:36:52.896+0000] {dagbag.py:540} INFO - Filling up the DagBag from /home/airflow/.local/lib/python3.12/site-packages/airflow/example_dags/example_dag_decorator.py
[2024-04-18T08:36:53.224+0000] {processor.py:840} INFO - DAG(s) 'example_dag_decorator' retrieved from /home/airflow/.local/lib/python3.12/site-packages/airflow/example_dags/example_dag_decorator.py
[2024-04-18T08:36:53.245+0000] {logging_mixin.py:188} INFO - [2024-04-18T08:36:53.244+0000] {dag.py:3096} INFO - Sync 1 DAGs
[2024-04-18T08:36:53.256+0000] {logging_mixin.py:188} INFO - [2024-04-18T08:36:53.256+0000] {dag.py:3954} INFO - Setting next_dagrun for example_dag_decorator to None, run_after=None
[2024-04-18T08:36:53.278+0000] {processor.py:183} INFO - Processing /home/airflow/.local/lib/python3.12/site-packages/airflow/example_dags/example_dag_decorator.py took 0.390 seconds
[2024-04-18T08:37:24.126+0000] {processor.py:161} INFO - Started process (PID=5763) to work on /home/airflow/.local/lib/python3.12/site-packages/airflow/example_dags/example_dag_decorator.py
[2024-04-18T08:37:24.127+0000] {processor.py:830} INFO - Processing file /home/airflow/.local/lib/python3.12/site-packages/airflow/example_dags/example_dag_decorator.py for tasks to queue
[2024-04-18T08:37:24.129+0000] {logging_mixin.py:188} INFO - [2024-04-18T08:37:24.129+0000] {dagbag.py:540} INFO - Filling up the DagBag from /home/airflow/.local/lib/python3.12/site-packages/airflow/example_dags/example_dag_decorator.py
[2024-04-18T08:37:24.479+0000] {processor.py:840} INFO - DAG(s) 'example_dag_decorator' retrieved from /home/airflow/.local/lib/python3.12/site-packages/airflow/example_dags/example_dag_decorator.py
[2024-04-18T08:37:24.594+0000] {logging_mixin.py:188} INFO - [2024-04-18T08:37:24.593+0000] {dag.py:3096} INFO - Sync 1 DAGs
[2024-04-18T08:37:24.604+0000] {logging_mixin.py:188} INFO - [2024-04-18T08:37:24.604+0000] {dag.py:3954} INFO - Setting next_dagrun for example_dag_decorator to None, run_after=None
[2024-04-18T08:37:24.628+0000] {processor.py:183} INFO - Processing /home/airflow/.local/lib/python3.12/site-packages/airflow/example_dags/example_dag_decorator.py took 0.507 seconds
[2024-04-18T08:37:55.051+0000] {processor.py:161} INFO - Started process (PID=6028) to work on /home/airflow/.local/lib/python3.12/site-packages/airflow/example_dags/example_dag_decorator.py
[2024-04-18T08:37:55.052+0000] {processor.py:830} INFO - Processing file /home/airflow/.local/lib/python3.12/site-packages/airflow/example_dags/example_dag_decorator.py for tasks to queue
[2024-04-18T08:37:55.054+0000] {logging_mixin.py:188} INFO - [2024-04-18T08:37:55.054+0000] {dagbag.py:540} INFO - Filling up the DagBag from /home/airflow/.local/lib/python3.12/site-packages/airflow/example_dags/example_dag_decorator.py
[2024-04-18T08:37:55.266+0000] {processor.py:840} INFO - DAG(s) 'example_dag_decorator' retrieved from /home/airflow/.local/lib/python3.12/site-packages/airflow/example_dags/example_dag_decorator.py
[2024-04-18T08:37:55.672+0000] {logging_mixin.py:188} INFO - [2024-04-18T08:37:55.672+0000] {dag.py:3096} INFO - Sync 1 DAGs
[2024-04-18T08:37:55.684+0000] {logging_mixin.py:188} INFO - [2024-04-18T08:37:55.683+0000] {dag.py:3954} INFO - Setting next_dagrun for example_dag_decorator to None, run_after=None
[2024-04-18T08:37:55.707+0000] {processor.py:183} INFO - Processing /home/airflow/.local/lib/python3.12/site-packages/airflow/example_dags/example_dag_decorator.py took 0.661 seconds
[2024-04-18T08:38:26.223+0000] {processor.py:161} INFO - Started process (PID=6320) to work on /home/airflow/.local/lib/python3.12/site-packages/airflow/example_dags/example_dag_decorator.py
[2024-04-18T08:38:26.224+0000] {processor.py:830} INFO - Processing file /home/airflow/.local/lib/python3.12/site-packages/airflow/example_dags/example_dag_decorator.py for tasks to queue
[2024-04-18T08:38:26.225+0000] {logging_mixin.py:188} INFO - [2024-04-18T08:38:26.225+0000] {dagbag.py:540} INFO - Filling up the DagBag from /home/airflow/.local/lib/python3.12/site-packages/airflow/example_dags/example_dag_decorator.py
[2024-04-18T08:38:26.446+0000] {processor.py:840} INFO - DAG(s) 'example_dag_decorator' retrieved from /home/airflow/.local/lib/python3.12/site-packages/airflow/example_dags/example_dag_decorator.py
[2024-04-18T08:38:26.530+0000] {logging_mixin.py:188} INFO - [2024-04-18T08:38:26.529+0000] {dag.py:3096} INFO - Sync 1 DAGs
[2024-04-18T08:38:26.537+0000] {logging_mixin.py:188} INFO - [2024-04-18T08:38:26.537+0000] {dag.py:3954} INFO - Setting next_dagrun for example_dag_decorator to None, run_after=None
[2024-04-18T08:38:26.554+0000] {processor.py:183} INFO - Processing /home/airflow/.local/lib/python3.12/site-packages/airflow/example_dags/example_dag_decorator.py took 0.334 seconds
[2024-04-18T08:38:57.026+0000] {processor.py:161} INFO - Started process (PID=6561) to work on /home/airflow/.local/lib/python3.12/site-packages/airflow/example_dags/example_dag_decorator.py
[2024-04-18T08:38:57.027+0000] {processor.py:830} INFO - Processing file /home/airflow/.local/lib/python3.12/site-packages/airflow/example_dags/example_dag_decorator.py for tasks to queue
[2024-04-18T08:38:57.029+0000] {logging_mixin.py:188} INFO - [2024-04-18T08:38:57.029+0000] {dagbag.py:540} INFO - Filling up the DagBag from /home/airflow/.local/lib/python3.12/site-packages/airflow/example_dags/example_dag_decorator.py
[2024-04-18T08:38:57.136+0000] {processor.py:840} INFO - DAG(s) 'example_dag_decorator' retrieved from /home/airflow/.local/lib/python3.12/site-packages/airflow/example_dags/example_dag_decorator.py
[2024-04-18T08:38:57.261+0000] {logging_mixin.py:188} INFO - [2024-04-18T08:38:57.260+0000] {dag.py:3096} INFO - Sync 1 DAGs
[2024-04-18T08:38:57.274+0000] {logging_mixin.py:188} INFO - [2024-04-18T08:38:57.274+0000] {dag.py:3954} INFO - Setting next_dagrun for example_dag_decorator to None, run_after=None
[2024-04-18T08:38:57.297+0000] {processor.py:183} INFO - Processing /home/airflow/.local/lib/python3.12/site-packages/airflow/example_dags/example_dag_decorator.py took 0.277 seconds
[2024-04-18T08:39:27.842+0000] {processor.py:161} INFO - Started process (PID=6827) to work on /home/airflow/.local/lib/python3.12/site-packages/airflow/example_dags/example_dag_decorator.py
[2024-04-18T08:39:27.843+0000] {processor.py:830} INFO - Processing file /home/airflow/.local/lib/python3.12/site-packages/airflow/example_dags/example_dag_decorator.py for tasks to queue
[2024-04-18T08:39:27.846+0000] {logging_mixin.py:188} INFO - [2024-04-18T08:39:27.845+0000] {dagbag.py:540} INFO - Filling up the DagBag from /home/airflow/.local/lib/python3.12/site-packages/airflow/example_dags/example_dag_decorator.py
[2024-04-18T08:39:27.987+0000] {processor.py:840} INFO - DAG(s) 'example_dag_decorator' retrieved from /home/airflow/.local/lib/python3.12/site-packages/airflow/example_dags/example_dag_decorator.py
[2024-04-18T08:39:28.123+0000] {logging_mixin.py:188} INFO - [2024-04-18T08:39:28.122+0000] {dag.py:3096} INFO - Sync 1 DAGs
[2024-04-18T08:39:28.135+0000] {logging_mixin.py:188} INFO - [2024-04-18T08:39:28.134+0000] {dag.py:3954} INFO - Setting next_dagrun for example_dag_decorator to None, run_after=None
[2024-04-18T08:39:28.162+0000] {processor.py:183} INFO - Processing /home/airflow/.local/lib/python3.12/site-packages/airflow/example_dags/example_dag_decorator.py took 0.325 seconds
[2024-04-18T08:39:59.169+0000] {processor.py:161} INFO - Started process (PID=7099) to work on /home/airflow/.local/lib/python3.12/site-packages/airflow/example_dags/example_dag_decorator.py
[2024-04-18T08:39:59.170+0000] {processor.py:830} INFO - Processing file /home/airflow/.local/lib/python3.12/site-packages/airflow/example_dags/example_dag_decorator.py for tasks to queue
[2024-04-18T08:39:59.172+0000] {logging_mixin.py:188} INFO - [2024-04-18T08:39:59.172+0000] {dagbag.py:540} INFO - Filling up the DagBag from /home/airflow/.local/lib/python3.12/site-packages/airflow/example_dags/example_dag_decorator.py
[2024-04-18T08:39:59.396+0000] {processor.py:840} INFO - DAG(s) 'example_dag_decorator' retrieved from /home/airflow/.local/lib/python3.12/site-packages/airflow/example_dags/example_dag_decorator.py
[2024-04-18T08:39:59.553+0000] {logging_mixin.py:188} INFO - [2024-04-18T08:39:59.553+0000] {dag.py:3096} INFO - Sync 1 DAGs
[2024-04-18T08:39:59.567+0000] {logging_mixin.py:188} INFO - [2024-04-18T08:39:59.567+0000] {dag.py:3954} INFO - Setting next_dagrun for example_dag_decorator to None, run_after=None
[2024-04-18T08:39:59.624+0000] {processor.py:183} INFO - Processing /home/airflow/.local/lib/python3.12/site-packages/airflow/example_dags/example_dag_decorator.py took 0.462 seconds
[2024-04-18T08:40:30.007+0000] {processor.py:161} INFO - Started process (PID=7365) to work on /home/airflow/.local/lib/python3.12/site-packages/airflow/example_dags/example_dag_decorator.py
[2024-04-18T08:40:30.008+0000] {processor.py:830} INFO - Processing file /home/airflow/.local/lib/python3.12/site-packages/airflow/example_dags/example_dag_decorator.py for tasks to queue
[2024-04-18T08:40:30.010+0000] {logging_mixin.py:188} INFO - [2024-04-18T08:40:30.010+0000] {dagbag.py:540} INFO - Filling up the DagBag from /home/airflow/.local/lib/python3.12/site-packages/airflow/example_dags/example_dag_decorator.py
[2024-04-18T08:40:30.184+0000] {processor.py:840} INFO - DAG(s) 'example_dag_decorator' retrieved from /home/airflow/.local/lib/python3.12/site-packages/airflow/example_dags/example_dag_decorator.py
[2024-04-18T08:40:30.416+0000] {logging_mixin.py:188} INFO - [2024-04-18T08:40:30.416+0000] {dag.py:3096} INFO - Sync 1 DAGs
[2024-04-18T08:40:30.431+0000] {logging_mixin.py:188} INFO - [2024-04-18T08:40:30.431+0000] {dag.py:3954} INFO - Setting next_dagrun for example_dag_decorator to None, run_after=None
[2024-04-18T08:40:30.475+0000] {processor.py:183} INFO - Processing /home/airflow/.local/lib/python3.12/site-packages/airflow/example_dags/example_dag_decorator.py took 0.473 seconds
[2024-04-18T08:41:00.915+0000] {processor.py:161} INFO - Started process (PID=7631) to work on /home/airflow/.local/lib/python3.12/site-packages/airflow/example_dags/example_dag_decorator.py
[2024-04-18T08:41:00.925+0000] {processor.py:830} INFO - Processing file /home/airflow/.local/lib/python3.12/site-packages/airflow/example_dags/example_dag_decorator.py for tasks to queue
[2024-04-18T08:41:00.931+0000] {logging_mixin.py:188} INFO - [2024-04-18T08:41:00.930+0000] {dagbag.py:540} INFO - Filling up the DagBag from /home/airflow/.local/lib/python3.12/site-packages/airflow/example_dags/example_dag_decorator.py
[2024-04-18T08:41:01.180+0000] {processor.py:840} INFO - DAG(s) 'example_dag_decorator' retrieved from /home/airflow/.local/lib/python3.12/site-packages/airflow/example_dags/example_dag_decorator.py
[2024-04-18T08:41:01.333+0000] {logging_mixin.py:188} INFO - [2024-04-18T08:41:01.331+0000] {dag.py:3096} INFO - Sync 1 DAGs
[2024-04-18T08:41:01.349+0000] {logging_mixin.py:188} INFO - [2024-04-18T08:41:01.349+0000] {dag.py:3954} INFO - Setting next_dagrun for example_dag_decorator to None, run_after=None
[2024-04-18T08:41:01.370+0000] {processor.py:183} INFO - Processing /home/airflow/.local/lib/python3.12/site-packages/airflow/example_dags/example_dag_decorator.py took 0.471 seconds
[2024-04-18T08:41:32.028+0000] {processor.py:161} INFO - Started process (PID=7899) to work on /home/airflow/.local/lib/python3.12/site-packages/airflow/example_dags/example_dag_decorator.py
[2024-04-18T08:41:32.029+0000] {processor.py:830} INFO - Processing file /home/airflow/.local/lib/python3.12/site-packages/airflow/example_dags/example_dag_decorator.py for tasks to queue
[2024-04-18T08:41:32.031+0000] {logging_mixin.py:188} INFO - [2024-04-18T08:41:32.030+0000] {dagbag.py:540} INFO - Filling up the DagBag from /home/airflow/.local/lib/python3.12/site-packages/airflow/example_dags/example_dag_decorator.py
[2024-04-18T08:41:32.159+0000] {processor.py:840} INFO - DAG(s) 'example_dag_decorator' retrieved from /home/airflow/.local/lib/python3.12/site-packages/airflow/example_dags/example_dag_decorator.py
[2024-04-18T08:41:32.183+0000] {logging_mixin.py:188} INFO - [2024-04-18T08:41:32.182+0000] {dag.py:3096} INFO - Sync 1 DAGs
[2024-04-18T08:41:32.196+0000] {logging_mixin.py:188} INFO - [2024-04-18T08:41:32.196+0000] {dag.py:3954} INFO - Setting next_dagrun for example_dag_decorator to None, run_after=None
[2024-04-18T08:41:32.217+0000] {processor.py:183} INFO - Processing /home/airflow/.local/lib/python3.12/site-packages/airflow/example_dags/example_dag_decorator.py took 0.195 seconds
[2024-04-18T08:42:02.584+0000] {processor.py:161} INFO - Started process (PID=8165) to work on /home/airflow/.local/lib/python3.12/site-packages/airflow/example_dags/example_dag_decorator.py
[2024-04-18T08:42:02.585+0000] {processor.py:830} INFO - Processing file /home/airflow/.local/lib/python3.12/site-packages/airflow/example_dags/example_dag_decorator.py for tasks to queue
[2024-04-18T08:42:02.587+0000] {logging_mixin.py:188} INFO - [2024-04-18T08:42:02.586+0000] {dagbag.py:540} INFO - Filling up the DagBag from /home/airflow/.local/lib/python3.12/site-packages/airflow/example_dags/example_dag_decorator.py
[2024-04-18T08:42:02.737+0000] {processor.py:840} INFO - DAG(s) 'example_dag_decorator' retrieved from /home/airflow/.local/lib/python3.12/site-packages/airflow/example_dags/example_dag_decorator.py
[2024-04-18T08:42:02.911+0000] {logging_mixin.py:188} INFO - [2024-04-18T08:42:02.911+0000] {dag.py:3096} INFO - Sync 1 DAGs
[2024-04-18T08:42:02.931+0000] {logging_mixin.py:188} INFO - [2024-04-18T08:42:02.931+0000] {dag.py:3954} INFO - Setting next_dagrun for example_dag_decorator to None, run_after=None
[2024-04-18T08:42:02.996+0000] {processor.py:183} INFO - Processing /home/airflow/.local/lib/python3.12/site-packages/airflow/example_dags/example_dag_decorator.py took 0.422 seconds
[2024-04-18T08:42:33.481+0000] {processor.py:161} INFO - Started process (PID=8431) to work on /home/airflow/.local/lib/python3.12/site-packages/airflow/example_dags/example_dag_decorator.py
[2024-04-18T08:42:33.487+0000] {processor.py:830} INFO - Processing file /home/airflow/.local/lib/python3.12/site-packages/airflow/example_dags/example_dag_decorator.py for tasks to queue
[2024-04-18T08:42:33.489+0000] {logging_mixin.py:188} INFO - [2024-04-18T08:42:33.489+0000] {dagbag.py:540} INFO - Filling up the DagBag from /home/airflow/.local/lib/python3.12/site-packages/airflow/example_dags/example_dag_decorator.py
[2024-04-18T08:42:34.116+0000] {processor.py:840} INFO - DAG(s) 'example_dag_decorator' retrieved from /home/airflow/.local/lib/python3.12/site-packages/airflow/example_dags/example_dag_decorator.py
[2024-04-18T08:42:34.377+0000] {logging_mixin.py:188} INFO - [2024-04-18T08:42:34.376+0000] {dag.py:3096} INFO - Sync 1 DAGs
[2024-04-18T08:42:34.400+0000] {logging_mixin.py:188} INFO - [2024-04-18T08:42:34.400+0000] {dag.py:3954} INFO - Setting next_dagrun for example_dag_decorator to None, run_after=None
[2024-04-18T08:42:34.445+0000] {processor.py:183} INFO - Processing /home/airflow/.local/lib/python3.12/site-packages/airflow/example_dags/example_dag_decorator.py took 0.971 seconds
[2024-04-18T08:43:04.983+0000] {processor.py:161} INFO - Started process (PID=8697) to work on /home/airflow/.local/lib/python3.12/site-packages/airflow/example_dags/example_dag_decorator.py
[2024-04-18T08:43:04.990+0000] {processor.py:830} INFO - Processing file /home/airflow/.local/lib/python3.12/site-packages/airflow/example_dags/example_dag_decorator.py for tasks to queue
[2024-04-18T08:43:04.997+0000] {logging_mixin.py:188} INFO - [2024-04-18T08:43:04.997+0000] {dagbag.py:540} INFO - Filling up the DagBag from /home/airflow/.local/lib/python3.12/site-packages/airflow/example_dags/example_dag_decorator.py
[2024-04-18T08:43:05.240+0000] {processor.py:840} INFO - DAG(s) 'example_dag_decorator' retrieved from /home/airflow/.local/lib/python3.12/site-packages/airflow/example_dags/example_dag_decorator.py
[2024-04-18T08:43:05.558+0000] {logging_mixin.py:188} INFO - [2024-04-18T08:43:05.557+0000] {dag.py:3096} INFO - Sync 1 DAGs
[2024-04-18T08:43:05.581+0000] {logging_mixin.py:188} INFO - [2024-04-18T08:43:05.581+0000] {dag.py:3954} INFO - Setting next_dagrun for example_dag_decorator to None, run_after=None
[2024-04-18T08:43:05.633+0000] {processor.py:183} INFO - Processing /home/airflow/.local/lib/python3.12/site-packages/airflow/example_dags/example_dag_decorator.py took 0.658 seconds
[2024-04-18T08:43:35.919+0000] {processor.py:161} INFO - Started process (PID=8963) to work on /home/airflow/.local/lib/python3.12/site-packages/airflow/example_dags/example_dag_decorator.py
[2024-04-18T08:43:35.920+0000] {processor.py:830} INFO - Processing file /home/airflow/.local/lib/python3.12/site-packages/airflow/example_dags/example_dag_decorator.py for tasks to queue
[2024-04-18T08:43:35.922+0000] {logging_mixin.py:188} INFO - [2024-04-18T08:43:35.922+0000] {dagbag.py:540} INFO - Filling up the DagBag from /home/airflow/.local/lib/python3.12/site-packages/airflow/example_dags/example_dag_decorator.py
[2024-04-18T08:43:36.048+0000] {processor.py:840} INFO - DAG(s) 'example_dag_decorator' retrieved from /home/airflow/.local/lib/python3.12/site-packages/airflow/example_dags/example_dag_decorator.py
[2024-04-18T08:43:36.177+0000] {logging_mixin.py:188} INFO - [2024-04-18T08:43:36.176+0000] {dag.py:3096} INFO - Sync 1 DAGs
[2024-04-18T08:43:36.187+0000] {logging_mixin.py:188} INFO - [2024-04-18T08:43:36.186+0000] {dag.py:3954} INFO - Setting next_dagrun for example_dag_decorator to None, run_after=None
[2024-04-18T08:43:36.208+0000] {processor.py:183} INFO - Processing /home/airflow/.local/lib/python3.12/site-packages/airflow/example_dags/example_dag_decorator.py took 0.295 seconds
[2024-04-18T08:44:06.670+0000] {processor.py:161} INFO - Started process (PID=9229) to work on /home/airflow/.local/lib/python3.12/site-packages/airflow/example_dags/example_dag_decorator.py
[2024-04-18T08:44:06.671+0000] {processor.py:830} INFO - Processing file /home/airflow/.local/lib/python3.12/site-packages/airflow/example_dags/example_dag_decorator.py for tasks to queue
[2024-04-18T08:44:06.674+0000] {logging_mixin.py:188} INFO - [2024-04-18T08:44:06.673+0000] {dagbag.py:540} INFO - Filling up the DagBag from /home/airflow/.local/lib/python3.12/site-packages/airflow/example_dags/example_dag_decorator.py
[2024-04-18T08:44:06.809+0000] {processor.py:840} INFO - DAG(s) 'example_dag_decorator' retrieved from /home/airflow/.local/lib/python3.12/site-packages/airflow/example_dags/example_dag_decorator.py
[2024-04-18T08:44:06.841+0000] {logging_mixin.py:188} INFO - [2024-04-18T08:44:06.841+0000] {dag.py:3096} INFO - Sync 1 DAGs
[2024-04-18T08:44:06.890+0000] {logging_mixin.py:188} INFO - [2024-04-18T08:44:06.890+0000] {dag.py:3954} INFO - Setting next_dagrun for example_dag_decorator to None, run_after=None
[2024-04-18T08:44:06.948+0000] {processor.py:183} INFO - Processing /home/airflow/.local/lib/python3.12/site-packages/airflow/example_dags/example_dag_decorator.py took 0.283 seconds
[2024-04-18T08:44:37.395+0000] {processor.py:161} INFO - Started process (PID=9495) to work on /home/airflow/.local/lib/python3.12/site-packages/airflow/example_dags/example_dag_decorator.py
[2024-04-18T08:44:37.396+0000] {processor.py:830} INFO - Processing file /home/airflow/.local/lib/python3.12/site-packages/airflow/example_dags/example_dag_decorator.py for tasks to queue
[2024-04-18T08:44:37.398+0000] {logging_mixin.py:188} INFO - [2024-04-18T08:44:37.398+0000] {dagbag.py:540} INFO - Filling up the DagBag from /home/airflow/.local/lib/python3.12/site-packages/airflow/example_dags/example_dag_decorator.py
[2024-04-18T08:44:37.661+0000] {processor.py:840} INFO - DAG(s) 'example_dag_decorator' retrieved from /home/airflow/.local/lib/python3.12/site-packages/airflow/example_dags/example_dag_decorator.py
[2024-04-18T08:44:37.993+0000] {logging_mixin.py:188} INFO - [2024-04-18T08:44:37.992+0000] {dag.py:3096} INFO - Sync 1 DAGs
[2024-04-18T08:44:38.023+0000] {logging_mixin.py:188} INFO - [2024-04-18T08:44:38.023+0000] {dag.py:3954} INFO - Setting next_dagrun for example_dag_decorator to None, run_after=None
[2024-04-18T08:44:38.053+0000] {processor.py:183} INFO - Processing /home/airflow/.local/lib/python3.12/site-packages/airflow/example_dags/example_dag_decorator.py took 0.664 seconds
[2024-04-18T08:45:08.291+0000] {processor.py:161} INFO - Started process (PID=9761) to work on /home/airflow/.local/lib/python3.12/site-packages/airflow/example_dags/example_dag_decorator.py
[2024-04-18T08:45:08.292+0000] {processor.py:830} INFO - Processing file /home/airflow/.local/lib/python3.12/site-packages/airflow/example_dags/example_dag_decorator.py for tasks to queue
[2024-04-18T08:45:08.294+0000] {logging_mixin.py:188} INFO - [2024-04-18T08:45:08.294+0000] {dagbag.py:540} INFO - Filling up the DagBag from /home/airflow/.local/lib/python3.12/site-packages/airflow/example_dags/example_dag_decorator.py
[2024-04-18T08:45:08.405+0000] {processor.py:840} INFO - DAG(s) 'example_dag_decorator' retrieved from /home/airflow/.local/lib/python3.12/site-packages/airflow/example_dags/example_dag_decorator.py
[2024-04-18T08:45:08.529+0000] {logging_mixin.py:188} INFO - [2024-04-18T08:45:08.528+0000] {dag.py:3096} INFO - Sync 1 DAGs
[2024-04-18T08:45:08.541+0000] {logging_mixin.py:188} INFO - [2024-04-18T08:45:08.540+0000] {dag.py:3954} INFO - Setting next_dagrun for example_dag_decorator to None, run_after=None
[2024-04-18T08:45:08.563+0000] {processor.py:183} INFO - Processing /home/airflow/.local/lib/python3.12/site-packages/airflow/example_dags/example_dag_decorator.py took 0.277 seconds
[2024-04-18T08:45:38.986+0000] {processor.py:161} INFO - Started process (PID=10027) to work on /home/airflow/.local/lib/python3.12/site-packages/airflow/example_dags/example_dag_decorator.py
[2024-04-18T08:45:38.987+0000] {processor.py:830} INFO - Processing file /home/airflow/.local/lib/python3.12/site-packages/airflow/example_dags/example_dag_decorator.py for tasks to queue
[2024-04-18T08:45:38.989+0000] {logging_mixin.py:188} INFO - [2024-04-18T08:45:38.989+0000] {dagbag.py:540} INFO - Filling up the DagBag from /home/airflow/.local/lib/python3.12/site-packages/airflow/example_dags/example_dag_decorator.py
[2024-04-18T08:45:39.110+0000] {processor.py:840} INFO - DAG(s) 'example_dag_decorator' retrieved from /home/airflow/.local/lib/python3.12/site-packages/airflow/example_dags/example_dag_decorator.py
[2024-04-18T08:45:39.148+0000] {logging_mixin.py:188} INFO - [2024-04-18T08:45:39.147+0000] {dag.py:3096} INFO - Sync 1 DAGs
[2024-04-18T08:45:39.162+0000] {logging_mixin.py:188} INFO - [2024-04-18T08:45:39.161+0000] {dag.py:3954} INFO - Setting next_dagrun for example_dag_decorator to None, run_after=None
[2024-04-18T08:45:39.185+0000] {processor.py:183} INFO - Processing /home/airflow/.local/lib/python3.12/site-packages/airflow/example_dags/example_dag_decorator.py took 0.205 seconds
[2024-04-18T08:46:09.655+0000] {processor.py:161} INFO - Started process (PID=10293) to work on /home/airflow/.local/lib/python3.12/site-packages/airflow/example_dags/example_dag_decorator.py
[2024-04-18T08:46:09.661+0000] {processor.py:830} INFO - Processing file /home/airflow/.local/lib/python3.12/site-packages/airflow/example_dags/example_dag_decorator.py for tasks to queue
[2024-04-18T08:46:09.673+0000] {logging_mixin.py:188} INFO - [2024-04-18T08:46:09.673+0000] {dagbag.py:540} INFO - Filling up the DagBag from /home/airflow/.local/lib/python3.12/site-packages/airflow/example_dags/example_dag_decorator.py
[2024-04-18T08:46:09.800+0000] {processor.py:840} INFO - DAG(s) 'example_dag_decorator' retrieved from /home/airflow/.local/lib/python3.12/site-packages/airflow/example_dags/example_dag_decorator.py
[2024-04-18T08:46:09.954+0000] {logging_mixin.py:188} INFO - [2024-04-18T08:46:09.954+0000] {dag.py:3096} INFO - Sync 1 DAGs
[2024-04-18T08:46:09.967+0000] {logging_mixin.py:188} INFO - [2024-04-18T08:46:09.967+0000] {dag.py:3954} INFO - Setting next_dagrun for example_dag_decorator to None, run_after=None
[2024-04-18T08:46:09.993+0000] {processor.py:183} INFO - Processing /home/airflow/.local/lib/python3.12/site-packages/airflow/example_dags/example_dag_decorator.py took 0.344 seconds
[2024-04-18T08:46:40.344+0000] {processor.py:161} INFO - Started process (PID=10559) to work on /home/airflow/.local/lib/python3.12/site-packages/airflow/example_dags/example_dag_decorator.py
[2024-04-18T08:46:40.345+0000] {processor.py:830} INFO - Processing file /home/airflow/.local/lib/python3.12/site-packages/airflow/example_dags/example_dag_decorator.py for tasks to queue
[2024-04-18T08:46:40.346+0000] {logging_mixin.py:188} INFO - [2024-04-18T08:46:40.346+0000] {dagbag.py:540} INFO - Filling up the DagBag from /home/airflow/.local/lib/python3.12/site-packages/airflow/example_dags/example_dag_decorator.py
[2024-04-18T08:46:40.532+0000] {processor.py:840} INFO - DAG(s) 'example_dag_decorator' retrieved from /home/airflow/.local/lib/python3.12/site-packages/airflow/example_dags/example_dag_decorator.py
[2024-04-18T08:46:40.672+0000] {logging_mixin.py:188} INFO - [2024-04-18T08:46:40.671+0000] {dag.py:3096} INFO - Sync 1 DAGs
[2024-04-18T08:46:40.695+0000] {logging_mixin.py:188} INFO - [2024-04-18T08:46:40.694+0000] {dag.py:3954} INFO - Setting next_dagrun for example_dag_decorator to None, run_after=None
[2024-04-18T08:46:40.725+0000] {processor.py:183} INFO - Processing /home/airflow/.local/lib/python3.12/site-packages/airflow/example_dags/example_dag_decorator.py took 0.387 seconds
[2024-04-18T08:47:10.964+0000] {processor.py:161} INFO - Started process (PID=10841) to work on /home/airflow/.local/lib/python3.12/site-packages/airflow/example_dags/example_dag_decorator.py
[2024-04-18T08:47:10.965+0000] {processor.py:830} INFO - Processing file /home/airflow/.local/lib/python3.12/site-packages/airflow/example_dags/example_dag_decorator.py for tasks to queue
[2024-04-18T08:47:10.967+0000] {logging_mixin.py:188} INFO - [2024-04-18T08:47:10.966+0000] {dagbag.py:540} INFO - Filling up the DagBag from /home/airflow/.local/lib/python3.12/site-packages/airflow/example_dags/example_dag_decorator.py
[2024-04-18T08:47:11.075+0000] {processor.py:840} INFO - DAG(s) 'example_dag_decorator' retrieved from /home/airflow/.local/lib/python3.12/site-packages/airflow/example_dags/example_dag_decorator.py
[2024-04-18T08:47:11.101+0000] {logging_mixin.py:188} INFO - [2024-04-18T08:47:11.100+0000] {dag.py:3096} INFO - Sync 1 DAGs
[2024-04-18T08:47:11.115+0000] {logging_mixin.py:188} INFO - [2024-04-18T08:47:11.115+0000] {dag.py:3954} INFO - Setting next_dagrun for example_dag_decorator to None, run_after=None
[2024-04-18T08:47:11.136+0000] {processor.py:183} INFO - Processing /home/airflow/.local/lib/python3.12/site-packages/airflow/example_dags/example_dag_decorator.py took 0.178 seconds
[2024-04-18T08:47:41.333+0000] {processor.py:161} INFO - Started process (PID=11112) to work on /home/airflow/.local/lib/python3.12/site-packages/airflow/example_dags/example_dag_decorator.py
[2024-04-18T08:47:41.335+0000] {processor.py:830} INFO - Processing file /home/airflow/.local/lib/python3.12/site-packages/airflow/example_dags/example_dag_decorator.py for tasks to queue
[2024-04-18T08:47:41.337+0000] {logging_mixin.py:188} INFO - [2024-04-18T08:47:41.336+0000] {dagbag.py:540} INFO - Filling up the DagBag from /home/airflow/.local/lib/python3.12/site-packages/airflow/example_dags/example_dag_decorator.py
[2024-04-18T08:47:41.529+0000] {processor.py:840} INFO - DAG(s) 'example_dag_decorator' retrieved from /home/airflow/.local/lib/python3.12/site-packages/airflow/example_dags/example_dag_decorator.py
[2024-04-18T08:47:41.682+0000] {logging_mixin.py:188} INFO - [2024-04-18T08:47:41.682+0000] {dag.py:3096} INFO - Sync 1 DAGs
[2024-04-18T08:47:41.691+0000] {logging_mixin.py:188} INFO - [2024-04-18T08:47:41.691+0000] {dag.py:3954} INFO - Setting next_dagrun for example_dag_decorator to None, run_after=None
[2024-04-18T08:47:41.724+0000] {processor.py:183} INFO - Processing /home/airflow/.local/lib/python3.12/site-packages/airflow/example_dags/example_dag_decorator.py took 0.405 seconds
[2024-04-18T08:48:11.801+0000] {processor.py:161} INFO - Started process (PID=11389) to work on /home/airflow/.local/lib/python3.12/site-packages/airflow/example_dags/example_dag_decorator.py
[2024-04-18T08:48:11.802+0000] {processor.py:830} INFO - Processing file /home/airflow/.local/lib/python3.12/site-packages/airflow/example_dags/example_dag_decorator.py for tasks to queue
[2024-04-18T08:48:11.803+0000] {logging_mixin.py:188} INFO - [2024-04-18T08:48:11.803+0000] {dagbag.py:540} INFO - Filling up the DagBag from /home/airflow/.local/lib/python3.12/site-packages/airflow/example_dags/example_dag_decorator.py
[2024-04-18T08:48:11.883+0000] {processor.py:840} INFO - DAG(s) 'example_dag_decorator' retrieved from /home/airflow/.local/lib/python3.12/site-packages/airflow/example_dags/example_dag_decorator.py
[2024-04-18T08:48:11.977+0000] {logging_mixin.py:188} INFO - [2024-04-18T08:48:11.976+0000] {dag.py:3096} INFO - Sync 1 DAGs
[2024-04-18T08:48:11.987+0000] {logging_mixin.py:188} INFO - [2024-04-18T08:48:11.986+0000] {dag.py:3954} INFO - Setting next_dagrun for example_dag_decorator to None, run_after=None
[2024-04-18T08:48:12.005+0000] {processor.py:183} INFO - Processing /home/airflow/.local/lib/python3.12/site-packages/airflow/example_dags/example_dag_decorator.py took 0.208 seconds
[2024-04-18T08:48:42.105+0000] {processor.py:161} INFO - Started process (PID=11625) to work on /home/airflow/.local/lib/python3.12/site-packages/airflow/example_dags/example_dag_decorator.py
[2024-04-18T08:48:42.106+0000] {processor.py:830} INFO - Processing file /home/airflow/.local/lib/python3.12/site-packages/airflow/example_dags/example_dag_decorator.py for tasks to queue
[2024-04-18T08:48:42.108+0000] {logging_mixin.py:188} INFO - [2024-04-18T08:48:42.108+0000] {dagbag.py:540} INFO - Filling up the DagBag from /home/airflow/.local/lib/python3.12/site-packages/airflow/example_dags/example_dag_decorator.py
[2024-04-18T08:48:42.231+0000] {processor.py:840} INFO - DAG(s) 'example_dag_decorator' retrieved from /home/airflow/.local/lib/python3.12/site-packages/airflow/example_dags/example_dag_decorator.py
[2024-04-18T08:48:42.256+0000] {logging_mixin.py:188} INFO - [2024-04-18T08:48:42.256+0000] {dag.py:3096} INFO - Sync 1 DAGs
[2024-04-18T08:48:42.273+0000] {logging_mixin.py:188} INFO - [2024-04-18T08:48:42.273+0000] {dag.py:3954} INFO - Setting next_dagrun for example_dag_decorator to None, run_after=None
[2024-04-18T08:48:42.295+0000] {processor.py:183} INFO - Processing /home/airflow/.local/lib/python3.12/site-packages/airflow/example_dags/example_dag_decorator.py took 0.196 seconds
