[2024-04-18T08:27:00.336+0000] {processor.py:161} INFO - Started process (PID=298) to work on /home/airflow/.local/lib/python3.12/site-packages/airflow/example_dags/example_external_task_marker_dag.py
[2024-04-18T08:27:00.336+0000] {processor.py:830} INFO - Processing file /home/airflow/.local/lib/python3.12/site-packages/airflow/example_dags/example_external_task_marker_dag.py for tasks to queue
[2024-04-18T08:27:00.342+0000] {logging_mixin.py:188} INFO - [2024-04-18T08:27:00.342+0000] {dagbag.py:540} INFO - Filling up the DagBag from /home/airflow/.local/lib/python3.12/site-packages/airflow/example_dags/example_external_task_marker_dag.py
[2024-04-18T08:27:00.357+0000] {processor.py:840} INFO - DAG(s) 'example_external_task_marker_child', 'example_external_task_marker_parent' retrieved from /home/airflow/.local/lib/python3.12/site-packages/airflow/example_dags/example_external_task_marker_dag.py
[2024-04-18T08:27:00.445+0000] {logging_mixin.py:188} INFO - [2024-04-18T08:27:00.445+0000] {dag.py:3096} INFO - Sync 2 DAGs
[2024-04-18T08:27:00.459+0000] {logging_mixin.py:188} INFO - [2024-04-18T08:27:00.459+0000] {dag.py:3954} INFO - Setting next_dagrun for example_external_task_marker_child to None, run_after=None
[2024-04-18T08:27:00.482+0000] {logging_mixin.py:188} INFO - [2024-04-18T08:27:00.481+0000] {dag.py:3954} INFO - Setting next_dagrun for example_external_task_marker_parent to None, run_after=None
[2024-04-18T08:27:00.537+0000] {processor.py:183} INFO - Processing /home/airflow/.local/lib/python3.12/site-packages/airflow/example_dags/example_external_task_marker_dag.py took 0.215 seconds
[2024-04-18T08:27:31.347+0000] {processor.py:161} INFO - Started process (PID=585) to work on /home/airflow/.local/lib/python3.12/site-packages/airflow/example_dags/example_external_task_marker_dag.py
[2024-04-18T08:27:31.348+0000] {processor.py:830} INFO - Processing file /home/airflow/.local/lib/python3.12/site-packages/airflow/example_dags/example_external_task_marker_dag.py for tasks to queue
[2024-04-18T08:27:31.350+0000] {logging_mixin.py:188} INFO - [2024-04-18T08:27:31.350+0000] {dagbag.py:540} INFO - Filling up the DagBag from /home/airflow/.local/lib/python3.12/site-packages/airflow/example_dags/example_external_task_marker_dag.py
[2024-04-18T08:27:31.356+0000] {processor.py:840} INFO - DAG(s) 'example_external_task_marker_parent', 'example_external_task_marker_child' retrieved from /home/airflow/.local/lib/python3.12/site-packages/airflow/example_dags/example_external_task_marker_dag.py
[2024-04-18T08:27:31.384+0000] {logging_mixin.py:188} INFO - [2024-04-18T08:27:31.383+0000] {dag.py:3096} INFO - Sync 2 DAGs
[2024-04-18T08:27:31.398+0000] {logging_mixin.py:188} INFO - [2024-04-18T08:27:31.398+0000] {dag.py:3954} INFO - Setting next_dagrun for example_external_task_marker_child to None, run_after=None
[2024-04-18T08:27:31.402+0000] {logging_mixin.py:188} INFO - [2024-04-18T08:27:31.402+0000] {dag.py:3954} INFO - Setting next_dagrun for example_external_task_marker_parent to None, run_after=None
[2024-04-18T08:27:31.464+0000] {processor.py:183} INFO - Processing /home/airflow/.local/lib/python3.12/site-packages/airflow/example_dags/example_external_task_marker_dag.py took 0.123 seconds
[2024-04-18T08:28:03.367+0000] {processor.py:161} INFO - Started process (PID=856) to work on /home/airflow/.local/lib/python3.12/site-packages/airflow/example_dags/example_external_task_marker_dag.py
[2024-04-18T08:28:03.371+0000] {processor.py:830} INFO - Processing file /home/airflow/.local/lib/python3.12/site-packages/airflow/example_dags/example_external_task_marker_dag.py for tasks to queue
[2024-04-18T08:28:03.373+0000] {logging_mixin.py:188} INFO - [2024-04-18T08:28:03.373+0000] {dagbag.py:540} INFO - Filling up the DagBag from /home/airflow/.local/lib/python3.12/site-packages/airflow/example_dags/example_external_task_marker_dag.py
[2024-04-18T08:28:03.395+0000] {processor.py:840} INFO - DAG(s) 'example_external_task_marker_child', 'example_external_task_marker_parent' retrieved from /home/airflow/.local/lib/python3.12/site-packages/airflow/example_dags/example_external_task_marker_dag.py
[2024-04-18T08:28:03.464+0000] {logging_mixin.py:188} INFO - [2024-04-18T08:28:03.459+0000] {dag.py:3096} INFO - Sync 2 DAGs
[2024-04-18T08:28:03.529+0000] {logging_mixin.py:188} INFO - [2024-04-18T08:28:03.528+0000] {dag.py:3954} INFO - Setting next_dagrun for example_external_task_marker_child to None, run_after=None
[2024-04-18T08:28:03.544+0000] {logging_mixin.py:188} INFO - [2024-04-18T08:28:03.544+0000] {dag.py:3954} INFO - Setting next_dagrun for example_external_task_marker_parent to None, run_after=None
[2024-04-18T08:28:03.630+0000] {processor.py:183} INFO - Processing /home/airflow/.local/lib/python3.12/site-packages/airflow/example_dags/example_external_task_marker_dag.py took 0.275 seconds
[2024-04-18T08:28:33.781+0000] {processor.py:161} INFO - Started process (PID=1123) to work on /home/airflow/.local/lib/python3.12/site-packages/airflow/example_dags/example_external_task_marker_dag.py
[2024-04-18T08:28:33.783+0000] {processor.py:830} INFO - Processing file /home/airflow/.local/lib/python3.12/site-packages/airflow/example_dags/example_external_task_marker_dag.py for tasks to queue
[2024-04-18T08:28:33.785+0000] {logging_mixin.py:188} INFO - [2024-04-18T08:28:33.784+0000] {dagbag.py:540} INFO - Filling up the DagBag from /home/airflow/.local/lib/python3.12/site-packages/airflow/example_dags/example_external_task_marker_dag.py
[2024-04-18T08:28:33.792+0000] {processor.py:840} INFO - DAG(s) 'example_external_task_marker_child', 'example_external_task_marker_parent' retrieved from /home/airflow/.local/lib/python3.12/site-packages/airflow/example_dags/example_external_task_marker_dag.py
[2024-04-18T08:28:33.817+0000] {logging_mixin.py:188} INFO - [2024-04-18T08:28:33.817+0000] {dag.py:3096} INFO - Sync 2 DAGs
[2024-04-18T08:28:33.832+0000] {logging_mixin.py:188} INFO - [2024-04-18T08:28:33.832+0000] {dag.py:3954} INFO - Setting next_dagrun for example_external_task_marker_child to None, run_after=None
[2024-04-18T08:28:33.836+0000] {logging_mixin.py:188} INFO - [2024-04-18T08:28:33.836+0000] {dag.py:3954} INFO - Setting next_dagrun for example_external_task_marker_parent to None, run_after=None
[2024-04-18T08:28:33.857+0000] {processor.py:183} INFO - Processing /home/airflow/.local/lib/python3.12/site-packages/airflow/example_dags/example_external_task_marker_dag.py took 0.082 seconds
[2024-04-18T08:29:04.740+0000] {processor.py:161} INFO - Started process (PID=1392) to work on /home/airflow/.local/lib/python3.12/site-packages/airflow/example_dags/example_external_task_marker_dag.py
[2024-04-18T08:29:04.741+0000] {processor.py:830} INFO - Processing file /home/airflow/.local/lib/python3.12/site-packages/airflow/example_dags/example_external_task_marker_dag.py for tasks to queue
[2024-04-18T08:29:04.743+0000] {logging_mixin.py:188} INFO - [2024-04-18T08:29:04.742+0000] {dagbag.py:540} INFO - Filling up the DagBag from /home/airflow/.local/lib/python3.12/site-packages/airflow/example_dags/example_external_task_marker_dag.py
[2024-04-18T08:29:04.750+0000] {processor.py:840} INFO - DAG(s) 'example_external_task_marker_parent', 'example_external_task_marker_child' retrieved from /home/airflow/.local/lib/python3.12/site-packages/airflow/example_dags/example_external_task_marker_dag.py
[2024-04-18T08:29:04.775+0000] {logging_mixin.py:188} INFO - [2024-04-18T08:29:04.774+0000] {dag.py:3096} INFO - Sync 2 DAGs
[2024-04-18T08:29:04.787+0000] {logging_mixin.py:188} INFO - [2024-04-18T08:29:04.787+0000] {dag.py:3954} INFO - Setting next_dagrun for example_external_task_marker_child to None, run_after=None
[2024-04-18T08:29:04.791+0000] {logging_mixin.py:188} INFO - [2024-04-18T08:29:04.791+0000] {dag.py:3954} INFO - Setting next_dagrun for example_external_task_marker_parent to None, run_after=None
[2024-04-18T08:29:04.810+0000] {processor.py:183} INFO - Processing /home/airflow/.local/lib/python3.12/site-packages/airflow/example_dags/example_external_task_marker_dag.py took 0.076 seconds
[2024-04-18T08:29:35.048+0000] {processor.py:161} INFO - Started process (PID=1657) to work on /home/airflow/.local/lib/python3.12/site-packages/airflow/example_dags/example_external_task_marker_dag.py
[2024-04-18T08:29:35.049+0000] {processor.py:830} INFO - Processing file /home/airflow/.local/lib/python3.12/site-packages/airflow/example_dags/example_external_task_marker_dag.py for tasks to queue
[2024-04-18T08:29:35.051+0000] {logging_mixin.py:188} INFO - [2024-04-18T08:29:35.050+0000] {dagbag.py:540} INFO - Filling up the DagBag from /home/airflow/.local/lib/python3.12/site-packages/airflow/example_dags/example_external_task_marker_dag.py
[2024-04-18T08:29:35.057+0000] {processor.py:840} INFO - DAG(s) 'example_external_task_marker_parent', 'example_external_task_marker_child' retrieved from /home/airflow/.local/lib/python3.12/site-packages/airflow/example_dags/example_external_task_marker_dag.py
[2024-04-18T08:29:35.076+0000] {logging_mixin.py:188} INFO - [2024-04-18T08:29:35.076+0000] {dag.py:3096} INFO - Sync 2 DAGs
[2024-04-18T08:29:35.086+0000] {logging_mixin.py:188} INFO - [2024-04-18T08:29:35.086+0000] {dag.py:3954} INFO - Setting next_dagrun for example_external_task_marker_child to None, run_after=None
[2024-04-18T08:29:35.089+0000] {logging_mixin.py:188} INFO - [2024-04-18T08:29:35.089+0000] {dag.py:3954} INFO - Setting next_dagrun for example_external_task_marker_parent to None, run_after=None
[2024-04-18T08:29:35.106+0000] {processor.py:183} INFO - Processing /home/airflow/.local/lib/python3.12/site-packages/airflow/example_dags/example_external_task_marker_dag.py took 0.063 seconds
[2024-04-18T08:30:05.202+0000] {processor.py:161} INFO - Started process (PID=1924) to work on /home/airflow/.local/lib/python3.12/site-packages/airflow/example_dags/example_external_task_marker_dag.py
[2024-04-18T08:30:05.203+0000] {processor.py:830} INFO - Processing file /home/airflow/.local/lib/python3.12/site-packages/airflow/example_dags/example_external_task_marker_dag.py for tasks to queue
[2024-04-18T08:30:05.205+0000] {logging_mixin.py:188} INFO - [2024-04-18T08:30:05.205+0000] {dagbag.py:540} INFO - Filling up the DagBag from /home/airflow/.local/lib/python3.12/site-packages/airflow/example_dags/example_external_task_marker_dag.py
[2024-04-18T08:30:05.211+0000] {processor.py:840} INFO - DAG(s) 'example_external_task_marker_parent', 'example_external_task_marker_child' retrieved from /home/airflow/.local/lib/python3.12/site-packages/airflow/example_dags/example_external_task_marker_dag.py
[2024-04-18T08:30:05.231+0000] {logging_mixin.py:188} INFO - [2024-04-18T08:30:05.231+0000] {dag.py:3096} INFO - Sync 2 DAGs
[2024-04-18T08:30:05.241+0000] {logging_mixin.py:188} INFO - [2024-04-18T08:30:05.241+0000] {dag.py:3954} INFO - Setting next_dagrun for example_external_task_marker_child to None, run_after=None
[2024-04-18T08:30:05.245+0000] {logging_mixin.py:188} INFO - [2024-04-18T08:30:05.244+0000] {dag.py:3954} INFO - Setting next_dagrun for example_external_task_marker_parent to None, run_after=None
[2024-04-18T08:30:05.263+0000] {processor.py:183} INFO - Processing /home/airflow/.local/lib/python3.12/site-packages/airflow/example_dags/example_external_task_marker_dag.py took 0.067 seconds
[2024-04-18T08:30:35.663+0000] {processor.py:161} INFO - Started process (PID=2191) to work on /home/airflow/.local/lib/python3.12/site-packages/airflow/example_dags/example_external_task_marker_dag.py
[2024-04-18T08:30:35.664+0000] {processor.py:830} INFO - Processing file /home/airflow/.local/lib/python3.12/site-packages/airflow/example_dags/example_external_task_marker_dag.py for tasks to queue
[2024-04-18T08:30:35.666+0000] {logging_mixin.py:188} INFO - [2024-04-18T08:30:35.665+0000] {dagbag.py:540} INFO - Filling up the DagBag from /home/airflow/.local/lib/python3.12/site-packages/airflow/example_dags/example_external_task_marker_dag.py
[2024-04-18T08:30:35.673+0000] {processor.py:840} INFO - DAG(s) 'example_external_task_marker_parent', 'example_external_task_marker_child' retrieved from /home/airflow/.local/lib/python3.12/site-packages/airflow/example_dags/example_external_task_marker_dag.py
[2024-04-18T08:30:35.697+0000] {logging_mixin.py:188} INFO - [2024-04-18T08:30:35.696+0000] {dag.py:3096} INFO - Sync 2 DAGs
[2024-04-18T08:30:35.709+0000] {logging_mixin.py:188} INFO - [2024-04-18T08:30:35.709+0000] {dag.py:3954} INFO - Setting next_dagrun for example_external_task_marker_child to None, run_after=None
[2024-04-18T08:30:35.713+0000] {logging_mixin.py:188} INFO - [2024-04-18T08:30:35.713+0000] {dag.py:3954} INFO - Setting next_dagrun for example_external_task_marker_parent to None, run_after=None
[2024-04-18T08:30:35.730+0000] {processor.py:183} INFO - Processing /home/airflow/.local/lib/python3.12/site-packages/airflow/example_dags/example_external_task_marker_dag.py took 0.073 seconds
[2024-04-18T08:31:06.116+0000] {processor.py:161} INFO - Started process (PID=2457) to work on /home/airflow/.local/lib/python3.12/site-packages/airflow/example_dags/example_external_task_marker_dag.py
[2024-04-18T08:31:06.117+0000] {processor.py:830} INFO - Processing file /home/airflow/.local/lib/python3.12/site-packages/airflow/example_dags/example_external_task_marker_dag.py for tasks to queue
[2024-04-18T08:31:06.119+0000] {logging_mixin.py:188} INFO - [2024-04-18T08:31:06.119+0000] {dagbag.py:540} INFO - Filling up the DagBag from /home/airflow/.local/lib/python3.12/site-packages/airflow/example_dags/example_external_task_marker_dag.py
[2024-04-18T08:31:06.127+0000] {processor.py:840} INFO - DAG(s) 'example_external_task_marker_parent', 'example_external_task_marker_child' retrieved from /home/airflow/.local/lib/python3.12/site-packages/airflow/example_dags/example_external_task_marker_dag.py
[2024-04-18T08:31:06.152+0000] {logging_mixin.py:188} INFO - [2024-04-18T08:31:06.151+0000] {dag.py:3096} INFO - Sync 2 DAGs
[2024-04-18T08:31:06.167+0000] {logging_mixin.py:188} INFO - [2024-04-18T08:31:06.166+0000] {dag.py:3954} INFO - Setting next_dagrun for example_external_task_marker_child to None, run_after=None
[2024-04-18T08:31:06.170+0000] {logging_mixin.py:188} INFO - [2024-04-18T08:31:06.170+0000] {dag.py:3954} INFO - Setting next_dagrun for example_external_task_marker_parent to None, run_after=None
[2024-04-18T08:31:06.191+0000] {processor.py:183} INFO - Processing /home/airflow/.local/lib/python3.12/site-packages/airflow/example_dags/example_external_task_marker_dag.py took 0.084 seconds
[2024-04-18T08:31:36.577+0000] {processor.py:161} INFO - Started process (PID=2723) to work on /home/airflow/.local/lib/python3.12/site-packages/airflow/example_dags/example_external_task_marker_dag.py
[2024-04-18T08:31:36.578+0000] {processor.py:830} INFO - Processing file /home/airflow/.local/lib/python3.12/site-packages/airflow/example_dags/example_external_task_marker_dag.py for tasks to queue
[2024-04-18T08:31:36.580+0000] {logging_mixin.py:188} INFO - [2024-04-18T08:31:36.580+0000] {dagbag.py:540} INFO - Filling up the DagBag from /home/airflow/.local/lib/python3.12/site-packages/airflow/example_dags/example_external_task_marker_dag.py
[2024-04-18T08:31:36.587+0000] {processor.py:840} INFO - DAG(s) 'example_external_task_marker_parent', 'example_external_task_marker_child' retrieved from /home/airflow/.local/lib/python3.12/site-packages/airflow/example_dags/example_external_task_marker_dag.py
[2024-04-18T08:31:36.612+0000] {logging_mixin.py:188} INFO - [2024-04-18T08:31:36.611+0000] {dag.py:3096} INFO - Sync 2 DAGs
[2024-04-18T08:31:36.626+0000] {logging_mixin.py:188} INFO - [2024-04-18T08:31:36.625+0000] {dag.py:3954} INFO - Setting next_dagrun for example_external_task_marker_child to None, run_after=None
[2024-04-18T08:31:36.632+0000] {logging_mixin.py:188} INFO - [2024-04-18T08:31:36.632+0000] {dag.py:3954} INFO - Setting next_dagrun for example_external_task_marker_parent to None, run_after=None
[2024-04-18T08:31:36.654+0000] {processor.py:183} INFO - Processing /home/airflow/.local/lib/python3.12/site-packages/airflow/example_dags/example_external_task_marker_dag.py took 0.092 seconds
[2024-04-18T08:32:07.436+0000] {processor.py:161} INFO - Started process (PID=2990) to work on /home/airflow/.local/lib/python3.12/site-packages/airflow/example_dags/example_external_task_marker_dag.py
[2024-04-18T08:32:07.437+0000] {processor.py:830} INFO - Processing file /home/airflow/.local/lib/python3.12/site-packages/airflow/example_dags/example_external_task_marker_dag.py for tasks to queue
[2024-04-18T08:32:07.439+0000] {logging_mixin.py:188} INFO - [2024-04-18T08:32:07.438+0000] {dagbag.py:540} INFO - Filling up the DagBag from /home/airflow/.local/lib/python3.12/site-packages/airflow/example_dags/example_external_task_marker_dag.py
[2024-04-18T08:32:07.443+0000] {processor.py:840} INFO - DAG(s) 'example_external_task_marker_child', 'example_external_task_marker_parent' retrieved from /home/airflow/.local/lib/python3.12/site-packages/airflow/example_dags/example_external_task_marker_dag.py
[2024-04-18T08:32:07.505+0000] {logging_mixin.py:188} INFO - [2024-04-18T08:32:07.504+0000] {dag.py:3096} INFO - Sync 2 DAGs
[2024-04-18T08:32:07.538+0000] {logging_mixin.py:188} INFO - [2024-04-18T08:32:07.537+0000] {dag.py:3954} INFO - Setting next_dagrun for example_external_task_marker_child to None, run_after=None
[2024-04-18T08:32:07.542+0000] {logging_mixin.py:188} INFO - [2024-04-18T08:32:07.542+0000] {dag.py:3954} INFO - Setting next_dagrun for example_external_task_marker_parent to None, run_after=None
[2024-04-18T08:32:07.567+0000] {processor.py:183} INFO - Processing /home/airflow/.local/lib/python3.12/site-packages/airflow/example_dags/example_external_task_marker_dag.py took 0.137 seconds
[2024-04-18T08:32:38.125+0000] {processor.py:161} INFO - Started process (PID=3257) to work on /home/airflow/.local/lib/python3.12/site-packages/airflow/example_dags/example_external_task_marker_dag.py
[2024-04-18T08:32:38.125+0000] {processor.py:830} INFO - Processing file /home/airflow/.local/lib/python3.12/site-packages/airflow/example_dags/example_external_task_marker_dag.py for tasks to queue
[2024-04-18T08:32:38.127+0000] {logging_mixin.py:188} INFO - [2024-04-18T08:32:38.127+0000] {dagbag.py:540} INFO - Filling up the DagBag from /home/airflow/.local/lib/python3.12/site-packages/airflow/example_dags/example_external_task_marker_dag.py
[2024-04-18T08:32:38.132+0000] {processor.py:840} INFO - DAG(s) 'example_external_task_marker_child', 'example_external_task_marker_parent' retrieved from /home/airflow/.local/lib/python3.12/site-packages/airflow/example_dags/example_external_task_marker_dag.py
[2024-04-18T08:32:38.155+0000] {logging_mixin.py:188} INFO - [2024-04-18T08:32:38.155+0000] {dag.py:3096} INFO - Sync 2 DAGs
[2024-04-18T08:32:38.170+0000] {logging_mixin.py:188} INFO - [2024-04-18T08:32:38.170+0000] {dag.py:3954} INFO - Setting next_dagrun for example_external_task_marker_child to None, run_after=None
[2024-04-18T08:32:38.174+0000] {logging_mixin.py:188} INFO - [2024-04-18T08:32:38.174+0000] {dag.py:3954} INFO - Setting next_dagrun for example_external_task_marker_parent to None, run_after=None
[2024-04-18T08:32:38.192+0000] {processor.py:183} INFO - Processing /home/airflow/.local/lib/python3.12/site-packages/airflow/example_dags/example_external_task_marker_dag.py took 0.073 seconds
[2024-04-18T08:33:09.187+0000] {processor.py:161} INFO - Started process (PID=3523) to work on /home/airflow/.local/lib/python3.12/site-packages/airflow/example_dags/example_external_task_marker_dag.py
[2024-04-18T08:33:09.189+0000] {processor.py:830} INFO - Processing file /home/airflow/.local/lib/python3.12/site-packages/airflow/example_dags/example_external_task_marker_dag.py for tasks to queue
[2024-04-18T08:33:09.193+0000] {logging_mixin.py:188} INFO - [2024-04-18T08:33:09.193+0000] {dagbag.py:540} INFO - Filling up the DagBag from /home/airflow/.local/lib/python3.12/site-packages/airflow/example_dags/example_external_task_marker_dag.py
[2024-04-18T08:33:09.202+0000] {processor.py:840} INFO - DAG(s) 'example_external_task_marker_child', 'example_external_task_marker_parent' retrieved from /home/airflow/.local/lib/python3.12/site-packages/airflow/example_dags/example_external_task_marker_dag.py
[2024-04-18T08:33:09.234+0000] {logging_mixin.py:188} INFO - [2024-04-18T08:33:09.233+0000] {dag.py:3096} INFO - Sync 2 DAGs
[2024-04-18T08:33:09.248+0000] {logging_mixin.py:188} INFO - [2024-04-18T08:33:09.247+0000] {dag.py:3954} INFO - Setting next_dagrun for example_external_task_marker_child to None, run_after=None
[2024-04-18T08:33:09.253+0000] {logging_mixin.py:188} INFO - [2024-04-18T08:33:09.253+0000] {dag.py:3954} INFO - Setting next_dagrun for example_external_task_marker_parent to None, run_after=None
[2024-04-18T08:33:09.284+0000] {processor.py:183} INFO - Processing /home/airflow/.local/lib/python3.12/site-packages/airflow/example_dags/example_external_task_marker_dag.py took 0.106 seconds
[2024-04-18T08:33:40.043+0000] {processor.py:161} INFO - Started process (PID=3790) to work on /home/airflow/.local/lib/python3.12/site-packages/airflow/example_dags/example_external_task_marker_dag.py
[2024-04-18T08:33:40.046+0000] {processor.py:830} INFO - Processing file /home/airflow/.local/lib/python3.12/site-packages/airflow/example_dags/example_external_task_marker_dag.py for tasks to queue
[2024-04-18T08:33:40.048+0000] {logging_mixin.py:188} INFO - [2024-04-18T08:33:40.047+0000] {dagbag.py:540} INFO - Filling up the DagBag from /home/airflow/.local/lib/python3.12/site-packages/airflow/example_dags/example_external_task_marker_dag.py
[2024-04-18T08:33:40.070+0000] {processor.py:840} INFO - DAG(s) 'example_external_task_marker_child', 'example_external_task_marker_parent' retrieved from /home/airflow/.local/lib/python3.12/site-packages/airflow/example_dags/example_external_task_marker_dag.py
[2024-04-18T08:33:40.112+0000] {logging_mixin.py:188} INFO - [2024-04-18T08:33:40.112+0000] {dag.py:3096} INFO - Sync 2 DAGs
[2024-04-18T08:33:40.127+0000] {logging_mixin.py:188} INFO - [2024-04-18T08:33:40.127+0000] {dag.py:3954} INFO - Setting next_dagrun for example_external_task_marker_child to None, run_after=None
[2024-04-18T08:33:40.131+0000] {logging_mixin.py:188} INFO - [2024-04-18T08:33:40.131+0000] {dag.py:3954} INFO - Setting next_dagrun for example_external_task_marker_parent to None, run_after=None
[2024-04-18T08:33:40.150+0000] {processor.py:183} INFO - Processing /home/airflow/.local/lib/python3.12/site-packages/airflow/example_dags/example_external_task_marker_dag.py took 0.113 seconds
[2024-04-18T08:34:10.297+0000] {processor.py:161} INFO - Started process (PID=4058) to work on /home/airflow/.local/lib/python3.12/site-packages/airflow/example_dags/example_external_task_marker_dag.py
[2024-04-18T08:34:10.298+0000] {processor.py:830} INFO - Processing file /home/airflow/.local/lib/python3.12/site-packages/airflow/example_dags/example_external_task_marker_dag.py for tasks to queue
[2024-04-18T08:34:10.300+0000] {logging_mixin.py:188} INFO - [2024-04-18T08:34:10.299+0000] {dagbag.py:540} INFO - Filling up the DagBag from /home/airflow/.local/lib/python3.12/site-packages/airflow/example_dags/example_external_task_marker_dag.py
[2024-04-18T08:34:10.308+0000] {processor.py:840} INFO - DAG(s) 'example_external_task_marker_child', 'example_external_task_marker_parent' retrieved from /home/airflow/.local/lib/python3.12/site-packages/airflow/example_dags/example_external_task_marker_dag.py
[2024-04-18T08:34:10.335+0000] {logging_mixin.py:188} INFO - [2024-04-18T08:34:10.334+0000] {dag.py:3096} INFO - Sync 2 DAGs
[2024-04-18T08:34:10.345+0000] {logging_mixin.py:188} INFO - [2024-04-18T08:34:10.345+0000] {dag.py:3954} INFO - Setting next_dagrun for example_external_task_marker_child to None, run_after=None
[2024-04-18T08:34:10.349+0000] {logging_mixin.py:188} INFO - [2024-04-18T08:34:10.349+0000] {dag.py:3954} INFO - Setting next_dagrun for example_external_task_marker_parent to None, run_after=None
[2024-04-18T08:34:10.369+0000] {processor.py:183} INFO - Processing /home/airflow/.local/lib/python3.12/site-packages/airflow/example_dags/example_external_task_marker_dag.py took 0.083 seconds
[2024-04-18T08:34:40.424+0000] {processor.py:161} INFO - Started process (PID=4324) to work on /home/airflow/.local/lib/python3.12/site-packages/airflow/example_dags/example_external_task_marker_dag.py
[2024-04-18T08:34:40.426+0000] {processor.py:830} INFO - Processing file /home/airflow/.local/lib/python3.12/site-packages/airflow/example_dags/example_external_task_marker_dag.py for tasks to queue
[2024-04-18T08:34:40.428+0000] {logging_mixin.py:188} INFO - [2024-04-18T08:34:40.427+0000] {dagbag.py:540} INFO - Filling up the DagBag from /home/airflow/.local/lib/python3.12/site-packages/airflow/example_dags/example_external_task_marker_dag.py
[2024-04-18T08:34:40.435+0000] {processor.py:840} INFO - DAG(s) 'example_external_task_marker_child', 'example_external_task_marker_parent' retrieved from /home/airflow/.local/lib/python3.12/site-packages/airflow/example_dags/example_external_task_marker_dag.py
[2024-04-18T08:34:40.461+0000] {logging_mixin.py:188} INFO - [2024-04-18T08:34:40.460+0000] {dag.py:3096} INFO - Sync 2 DAGs
[2024-04-18T08:34:40.471+0000] {logging_mixin.py:188} INFO - [2024-04-18T08:34:40.471+0000] {dag.py:3954} INFO - Setting next_dagrun for example_external_task_marker_child to None, run_after=None
[2024-04-18T08:34:40.474+0000] {logging_mixin.py:188} INFO - [2024-04-18T08:34:40.474+0000] {dag.py:3954} INFO - Setting next_dagrun for example_external_task_marker_parent to None, run_after=None
[2024-04-18T08:34:40.490+0000] {processor.py:183} INFO - Processing /home/airflow/.local/lib/python3.12/site-packages/airflow/example_dags/example_external_task_marker_dag.py took 0.072 seconds
[2024-04-18T08:35:10.930+0000] {processor.py:161} INFO - Started process (PID=4589) to work on /home/airflow/.local/lib/python3.12/site-packages/airflow/example_dags/example_external_task_marker_dag.py
[2024-04-18T08:35:10.931+0000] {processor.py:830} INFO - Processing file /home/airflow/.local/lib/python3.12/site-packages/airflow/example_dags/example_external_task_marker_dag.py for tasks to queue
[2024-04-18T08:35:10.933+0000] {logging_mixin.py:188} INFO - [2024-04-18T08:35:10.933+0000] {dagbag.py:540} INFO - Filling up the DagBag from /home/airflow/.local/lib/python3.12/site-packages/airflow/example_dags/example_external_task_marker_dag.py
[2024-04-18T08:35:10.939+0000] {processor.py:840} INFO - DAG(s) 'example_external_task_marker_child', 'example_external_task_marker_parent' retrieved from /home/airflow/.local/lib/python3.12/site-packages/airflow/example_dags/example_external_task_marker_dag.py
[2024-04-18T08:35:10.963+0000] {logging_mixin.py:188} INFO - [2024-04-18T08:35:10.963+0000] {dag.py:3096} INFO - Sync 2 DAGs
[2024-04-18T08:35:10.977+0000] {logging_mixin.py:188} INFO - [2024-04-18T08:35:10.977+0000] {dag.py:3954} INFO - Setting next_dagrun for example_external_task_marker_child to None, run_after=None
[2024-04-18T08:35:10.981+0000] {logging_mixin.py:188} INFO - [2024-04-18T08:35:10.981+0000] {dag.py:3954} INFO - Setting next_dagrun for example_external_task_marker_parent to None, run_after=None
[2024-04-18T08:35:10.999+0000] {processor.py:183} INFO - Processing /home/airflow/.local/lib/python3.12/site-packages/airflow/example_dags/example_external_task_marker_dag.py took 0.075 seconds
[2024-04-18T08:35:42.161+0000] {processor.py:161} INFO - Started process (PID=4856) to work on /home/airflow/.local/lib/python3.12/site-packages/airflow/example_dags/example_external_task_marker_dag.py
[2024-04-18T08:35:42.164+0000] {processor.py:830} INFO - Processing file /home/airflow/.local/lib/python3.12/site-packages/airflow/example_dags/example_external_task_marker_dag.py for tasks to queue
[2024-04-18T08:35:42.170+0000] {logging_mixin.py:188} INFO - [2024-04-18T08:35:42.170+0000] {dagbag.py:540} INFO - Filling up the DagBag from /home/airflow/.local/lib/python3.12/site-packages/airflow/example_dags/example_external_task_marker_dag.py
[2024-04-18T08:35:42.191+0000] {processor.py:840} INFO - DAG(s) 'example_external_task_marker_parent', 'example_external_task_marker_child' retrieved from /home/airflow/.local/lib/python3.12/site-packages/airflow/example_dags/example_external_task_marker_dag.py
[2024-04-18T08:35:42.257+0000] {logging_mixin.py:188} INFO - [2024-04-18T08:35:42.257+0000] {dag.py:3096} INFO - Sync 2 DAGs
[2024-04-18T08:35:42.283+0000] {logging_mixin.py:188} INFO - [2024-04-18T08:35:42.282+0000] {dag.py:3954} INFO - Setting next_dagrun for example_external_task_marker_child to None, run_after=None
[2024-04-18T08:35:42.291+0000] {logging_mixin.py:188} INFO - [2024-04-18T08:35:42.291+0000] {dag.py:3954} INFO - Setting next_dagrun for example_external_task_marker_parent to None, run_after=None
[2024-04-18T08:35:42.671+0000] {processor.py:183} INFO - Processing /home/airflow/.local/lib/python3.12/site-packages/airflow/example_dags/example_external_task_marker_dag.py took 0.525 seconds
[2024-04-18T08:36:13.239+0000] {processor.py:161} INFO - Started process (PID=5122) to work on /home/airflow/.local/lib/python3.12/site-packages/airflow/example_dags/example_external_task_marker_dag.py
[2024-04-18T08:36:13.240+0000] {processor.py:830} INFO - Processing file /home/airflow/.local/lib/python3.12/site-packages/airflow/example_dags/example_external_task_marker_dag.py for tasks to queue
[2024-04-18T08:36:13.245+0000] {logging_mixin.py:188} INFO - [2024-04-18T08:36:13.245+0000] {dagbag.py:540} INFO - Filling up the DagBag from /home/airflow/.local/lib/python3.12/site-packages/airflow/example_dags/example_external_task_marker_dag.py
[2024-04-18T08:36:13.258+0000] {processor.py:840} INFO - DAG(s) 'example_external_task_marker_child', 'example_external_task_marker_parent' retrieved from /home/airflow/.local/lib/python3.12/site-packages/airflow/example_dags/example_external_task_marker_dag.py
[2024-04-18T08:36:13.290+0000] {logging_mixin.py:188} INFO - [2024-04-18T08:36:13.290+0000] {dag.py:3096} INFO - Sync 2 DAGs
[2024-04-18T08:36:13.307+0000] {logging_mixin.py:188} INFO - [2024-04-18T08:36:13.307+0000] {dag.py:3954} INFO - Setting next_dagrun for example_external_task_marker_child to None, run_after=None
[2024-04-18T08:36:13.315+0000] {logging_mixin.py:188} INFO - [2024-04-18T08:36:13.315+0000] {dag.py:3954} INFO - Setting next_dagrun for example_external_task_marker_parent to None, run_after=None
[2024-04-18T08:36:13.339+0000] {processor.py:183} INFO - Processing /home/airflow/.local/lib/python3.12/site-packages/airflow/example_dags/example_external_task_marker_dag.py took 0.115 seconds
[2024-04-18T08:36:44.028+0000] {processor.py:161} INFO - Started process (PID=5395) to work on /home/airflow/.local/lib/python3.12/site-packages/airflow/example_dags/example_external_task_marker_dag.py
[2024-04-18T08:36:44.032+0000] {processor.py:830} INFO - Processing file /home/airflow/.local/lib/python3.12/site-packages/airflow/example_dags/example_external_task_marker_dag.py for tasks to queue
[2024-04-18T08:36:44.036+0000] {logging_mixin.py:188} INFO - [2024-04-18T08:36:44.036+0000] {dagbag.py:540} INFO - Filling up the DagBag from /home/airflow/.local/lib/python3.12/site-packages/airflow/example_dags/example_external_task_marker_dag.py
[2024-04-18T08:36:44.043+0000] {processor.py:840} INFO - DAG(s) 'example_external_task_marker_parent', 'example_external_task_marker_child' retrieved from /home/airflow/.local/lib/python3.12/site-packages/airflow/example_dags/example_external_task_marker_dag.py
[2024-04-18T08:36:44.072+0000] {logging_mixin.py:188} INFO - [2024-04-18T08:36:44.072+0000] {dag.py:3096} INFO - Sync 2 DAGs
[2024-04-18T08:36:44.088+0000] {logging_mixin.py:188} INFO - [2024-04-18T08:36:44.087+0000] {dag.py:3954} INFO - Setting next_dagrun for example_external_task_marker_child to None, run_after=None
[2024-04-18T08:36:44.092+0000] {logging_mixin.py:188} INFO - [2024-04-18T08:36:44.091+0000] {dag.py:3954} INFO - Setting next_dagrun for example_external_task_marker_parent to None, run_after=None
[2024-04-18T08:36:44.114+0000] {processor.py:183} INFO - Processing /home/airflow/.local/lib/python3.12/site-packages/airflow/example_dags/example_external_task_marker_dag.py took 0.092 seconds
[2024-04-18T08:37:14.477+0000] {processor.py:161} INFO - Started process (PID=5661) to work on /home/airflow/.local/lib/python3.12/site-packages/airflow/example_dags/example_external_task_marker_dag.py
[2024-04-18T08:37:14.478+0000] {processor.py:830} INFO - Processing file /home/airflow/.local/lib/python3.12/site-packages/airflow/example_dags/example_external_task_marker_dag.py for tasks to queue
[2024-04-18T08:37:14.480+0000] {logging_mixin.py:188} INFO - [2024-04-18T08:37:14.480+0000] {dagbag.py:540} INFO - Filling up the DagBag from /home/airflow/.local/lib/python3.12/site-packages/airflow/example_dags/example_external_task_marker_dag.py
[2024-04-18T08:37:14.487+0000] {processor.py:840} INFO - DAG(s) 'example_external_task_marker_child', 'example_external_task_marker_parent' retrieved from /home/airflow/.local/lib/python3.12/site-packages/airflow/example_dags/example_external_task_marker_dag.py
[2024-04-18T08:37:14.512+0000] {logging_mixin.py:188} INFO - [2024-04-18T08:37:14.512+0000] {dag.py:3096} INFO - Sync 2 DAGs
[2024-04-18T08:37:14.527+0000] {logging_mixin.py:188} INFO - [2024-04-18T08:37:14.527+0000] {dag.py:3954} INFO - Setting next_dagrun for example_external_task_marker_child to None, run_after=None
[2024-04-18T08:37:14.531+0000] {logging_mixin.py:188} INFO - [2024-04-18T08:37:14.531+0000] {dag.py:3954} INFO - Setting next_dagrun for example_external_task_marker_parent to None, run_after=None
[2024-04-18T08:37:14.551+0000] {processor.py:183} INFO - Processing /home/airflow/.local/lib/python3.12/site-packages/airflow/example_dags/example_external_task_marker_dag.py took 0.080 seconds
[2024-04-18T08:37:45.153+0000] {processor.py:161} INFO - Started process (PID=5926) to work on /home/airflow/.local/lib/python3.12/site-packages/airflow/example_dags/example_external_task_marker_dag.py
[2024-04-18T08:37:45.154+0000] {processor.py:830} INFO - Processing file /home/airflow/.local/lib/python3.12/site-packages/airflow/example_dags/example_external_task_marker_dag.py for tasks to queue
[2024-04-18T08:37:45.156+0000] {logging_mixin.py:188} INFO - [2024-04-18T08:37:45.156+0000] {dagbag.py:540} INFO - Filling up the DagBag from /home/airflow/.local/lib/python3.12/site-packages/airflow/example_dags/example_external_task_marker_dag.py
[2024-04-18T08:37:45.162+0000] {processor.py:840} INFO - DAG(s) 'example_external_task_marker_parent', 'example_external_task_marker_child' retrieved from /home/airflow/.local/lib/python3.12/site-packages/airflow/example_dags/example_external_task_marker_dag.py
[2024-04-18T08:37:45.187+0000] {logging_mixin.py:188} INFO - [2024-04-18T08:37:45.187+0000] {dag.py:3096} INFO - Sync 2 DAGs
[2024-04-18T08:37:45.470+0000] {logging_mixin.py:188} INFO - [2024-04-18T08:37:45.469+0000] {dag.py:3954} INFO - Setting next_dagrun for example_external_task_marker_child to None, run_after=None
[2024-04-18T08:37:45.479+0000] {logging_mixin.py:188} INFO - [2024-04-18T08:37:45.479+0000] {dag.py:3954} INFO - Setting next_dagrun for example_external_task_marker_parent to None, run_after=None
[2024-04-18T08:37:45.507+0000] {processor.py:183} INFO - Processing /home/airflow/.local/lib/python3.12/site-packages/airflow/example_dags/example_external_task_marker_dag.py took 0.359 seconds
[2024-04-18T08:38:16.363+0000] {processor.py:161} INFO - Started process (PID=6193) to work on /home/airflow/.local/lib/python3.12/site-packages/airflow/example_dags/example_external_task_marker_dag.py
[2024-04-18T08:38:16.364+0000] {processor.py:830} INFO - Processing file /home/airflow/.local/lib/python3.12/site-packages/airflow/example_dags/example_external_task_marker_dag.py for tasks to queue
[2024-04-18T08:38:16.365+0000] {logging_mixin.py:188} INFO - [2024-04-18T08:38:16.365+0000] {dagbag.py:540} INFO - Filling up the DagBag from /home/airflow/.local/lib/python3.12/site-packages/airflow/example_dags/example_external_task_marker_dag.py
[2024-04-18T08:38:16.372+0000] {processor.py:840} INFO - DAG(s) 'example_external_task_marker_parent', 'example_external_task_marker_child' retrieved from /home/airflow/.local/lib/python3.12/site-packages/airflow/example_dags/example_external_task_marker_dag.py
[2024-04-18T08:38:16.477+0000] {logging_mixin.py:188} INFO - [2024-04-18T08:38:16.477+0000] {dag.py:3096} INFO - Sync 2 DAGs
[2024-04-18T08:38:16.531+0000] {logging_mixin.py:188} INFO - [2024-04-18T08:38:16.531+0000] {dag.py:3954} INFO - Setting next_dagrun for example_external_task_marker_child to None, run_after=None
[2024-04-18T08:38:16.549+0000] {logging_mixin.py:188} INFO - [2024-04-18T08:38:16.549+0000] {dag.py:3954} INFO - Setting next_dagrun for example_external_task_marker_parent to None, run_after=None
[2024-04-18T08:38:16.594+0000] {processor.py:183} INFO - Processing /home/airflow/.local/lib/python3.12/site-packages/airflow/example_dags/example_external_task_marker_dag.py took 0.236 seconds
[2024-04-18T08:38:46.730+0000] {processor.py:161} INFO - Started process (PID=6456) to work on /home/airflow/.local/lib/python3.12/site-packages/airflow/example_dags/example_external_task_marker_dag.py
[2024-04-18T08:38:46.731+0000] {processor.py:830} INFO - Processing file /home/airflow/.local/lib/python3.12/site-packages/airflow/example_dags/example_external_task_marker_dag.py for tasks to queue
[2024-04-18T08:38:46.732+0000] {logging_mixin.py:188} INFO - [2024-04-18T08:38:46.732+0000] {dagbag.py:540} INFO - Filling up the DagBag from /home/airflow/.local/lib/python3.12/site-packages/airflow/example_dags/example_external_task_marker_dag.py
[2024-04-18T08:38:46.737+0000] {processor.py:840} INFO - DAG(s) 'example_external_task_marker_parent', 'example_external_task_marker_child' retrieved from /home/airflow/.local/lib/python3.12/site-packages/airflow/example_dags/example_external_task_marker_dag.py
[2024-04-18T08:38:46.755+0000] {logging_mixin.py:188} INFO - [2024-04-18T08:38:46.755+0000] {dag.py:3096} INFO - Sync 2 DAGs
[2024-04-18T08:38:46.766+0000] {logging_mixin.py:188} INFO - [2024-04-18T08:38:46.766+0000] {dag.py:3954} INFO - Setting next_dagrun for example_external_task_marker_child to None, run_after=None
[2024-04-18T08:38:46.769+0000] {logging_mixin.py:188} INFO - [2024-04-18T08:38:46.768+0000] {dag.py:3954} INFO - Setting next_dagrun for example_external_task_marker_parent to None, run_after=None
[2024-04-18T08:38:46.785+0000] {processor.py:183} INFO - Processing /home/airflow/.local/lib/python3.12/site-packages/airflow/example_dags/example_external_task_marker_dag.py took 0.060 seconds
[2024-04-18T08:39:17.231+0000] {processor.py:161} INFO - Started process (PID=6722) to work on /home/airflow/.local/lib/python3.12/site-packages/airflow/example_dags/example_external_task_marker_dag.py
[2024-04-18T08:39:17.231+0000] {processor.py:830} INFO - Processing file /home/airflow/.local/lib/python3.12/site-packages/airflow/example_dags/example_external_task_marker_dag.py for tasks to queue
[2024-04-18T08:39:17.233+0000] {logging_mixin.py:188} INFO - [2024-04-18T08:39:17.233+0000] {dagbag.py:540} INFO - Filling up the DagBag from /home/airflow/.local/lib/python3.12/site-packages/airflow/example_dags/example_external_task_marker_dag.py
[2024-04-18T08:39:17.238+0000] {processor.py:840} INFO - DAG(s) 'example_external_task_marker_parent', 'example_external_task_marker_child' retrieved from /home/airflow/.local/lib/python3.12/site-packages/airflow/example_dags/example_external_task_marker_dag.py
[2024-04-18T08:39:17.256+0000] {logging_mixin.py:188} INFO - [2024-04-18T08:39:17.256+0000] {dag.py:3096} INFO - Sync 2 DAGs
[2024-04-18T08:39:17.268+0000] {logging_mixin.py:188} INFO - [2024-04-18T08:39:17.268+0000] {dag.py:3954} INFO - Setting next_dagrun for example_external_task_marker_child to None, run_after=None
[2024-04-18T08:39:17.271+0000] {logging_mixin.py:188} INFO - [2024-04-18T08:39:17.271+0000] {dag.py:3954} INFO - Setting next_dagrun for example_external_task_marker_parent to None, run_after=None
[2024-04-18T08:39:17.287+0000] {processor.py:183} INFO - Processing /home/airflow/.local/lib/python3.12/site-packages/airflow/example_dags/example_external_task_marker_dag.py took 0.062 seconds
[2024-04-18T08:39:48.270+0000] {processor.py:161} INFO - Started process (PID=6989) to work on /home/airflow/.local/lib/python3.12/site-packages/airflow/example_dags/example_external_task_marker_dag.py
[2024-04-18T08:39:48.271+0000] {processor.py:830} INFO - Processing file /home/airflow/.local/lib/python3.12/site-packages/airflow/example_dags/example_external_task_marker_dag.py for tasks to queue
[2024-04-18T08:39:48.278+0000] {logging_mixin.py:188} INFO - [2024-04-18T08:39:48.278+0000] {dagbag.py:540} INFO - Filling up the DagBag from /home/airflow/.local/lib/python3.12/site-packages/airflow/example_dags/example_external_task_marker_dag.py
[2024-04-18T08:39:48.291+0000] {processor.py:840} INFO - DAG(s) 'example_external_task_marker_parent', 'example_external_task_marker_child' retrieved from /home/airflow/.local/lib/python3.12/site-packages/airflow/example_dags/example_external_task_marker_dag.py
[2024-04-18T08:39:48.382+0000] {logging_mixin.py:188} INFO - [2024-04-18T08:39:48.381+0000] {dag.py:3096} INFO - Sync 2 DAGs
[2024-04-18T08:39:48.412+0000] {logging_mixin.py:188} INFO - [2024-04-18T08:39:48.411+0000] {dag.py:3954} INFO - Setting next_dagrun for example_external_task_marker_child to None, run_after=None
[2024-04-18T08:39:48.417+0000] {logging_mixin.py:188} INFO - [2024-04-18T08:39:48.417+0000] {dag.py:3954} INFO - Setting next_dagrun for example_external_task_marker_parent to None, run_after=None
[2024-04-18T08:39:48.447+0000] {processor.py:183} INFO - Processing /home/airflow/.local/lib/python3.12/site-packages/airflow/example_dags/example_external_task_marker_dag.py took 0.189 seconds
[2024-04-18T08:40:18.739+0000] {processor.py:161} INFO - Started process (PID=7255) to work on /home/airflow/.local/lib/python3.12/site-packages/airflow/example_dags/example_external_task_marker_dag.py
[2024-04-18T08:40:18.740+0000] {processor.py:830} INFO - Processing file /home/airflow/.local/lib/python3.12/site-packages/airflow/example_dags/example_external_task_marker_dag.py for tasks to queue
[2024-04-18T08:40:18.741+0000] {logging_mixin.py:188} INFO - [2024-04-18T08:40:18.741+0000] {dagbag.py:540} INFO - Filling up the DagBag from /home/airflow/.local/lib/python3.12/site-packages/airflow/example_dags/example_external_task_marker_dag.py
[2024-04-18T08:40:18.746+0000] {processor.py:840} INFO - DAG(s) 'example_external_task_marker_parent', 'example_external_task_marker_child' retrieved from /home/airflow/.local/lib/python3.12/site-packages/airflow/example_dags/example_external_task_marker_dag.py
[2024-04-18T08:40:18.764+0000] {logging_mixin.py:188} INFO - [2024-04-18T08:40:18.763+0000] {dag.py:3096} INFO - Sync 2 DAGs
[2024-04-18T08:40:18.774+0000] {logging_mixin.py:188} INFO - [2024-04-18T08:40:18.774+0000] {dag.py:3954} INFO - Setting next_dagrun for example_external_task_marker_child to None, run_after=None
[2024-04-18T08:40:18.777+0000] {logging_mixin.py:188} INFO - [2024-04-18T08:40:18.777+0000] {dag.py:3954} INFO - Setting next_dagrun for example_external_task_marker_parent to None, run_after=None
[2024-04-18T08:40:18.793+0000] {processor.py:183} INFO - Processing /home/airflow/.local/lib/python3.12/site-packages/airflow/example_dags/example_external_task_marker_dag.py took 0.059 seconds
[2024-04-18T08:40:49.455+0000] {processor.py:161} INFO - Started process (PID=7521) to work on /home/airflow/.local/lib/python3.12/site-packages/airflow/example_dags/example_external_task_marker_dag.py
[2024-04-18T08:40:49.455+0000] {processor.py:830} INFO - Processing file /home/airflow/.local/lib/python3.12/site-packages/airflow/example_dags/example_external_task_marker_dag.py for tasks to queue
[2024-04-18T08:40:49.457+0000] {logging_mixin.py:188} INFO - [2024-04-18T08:40:49.456+0000] {dagbag.py:540} INFO - Filling up the DagBag from /home/airflow/.local/lib/python3.12/site-packages/airflow/example_dags/example_external_task_marker_dag.py
[2024-04-18T08:40:49.462+0000] {processor.py:840} INFO - DAG(s) 'example_external_task_marker_parent', 'example_external_task_marker_child' retrieved from /home/airflow/.local/lib/python3.12/site-packages/airflow/example_dags/example_external_task_marker_dag.py
[2024-04-18T08:40:49.479+0000] {logging_mixin.py:188} INFO - [2024-04-18T08:40:49.479+0000] {dag.py:3096} INFO - Sync 2 DAGs
[2024-04-18T08:40:49.489+0000] {logging_mixin.py:188} INFO - [2024-04-18T08:40:49.489+0000] {dag.py:3954} INFO - Setting next_dagrun for example_external_task_marker_child to None, run_after=None
[2024-04-18T08:40:49.492+0000] {logging_mixin.py:188} INFO - [2024-04-18T08:40:49.492+0000] {dag.py:3954} INFO - Setting next_dagrun for example_external_task_marker_parent to None, run_after=None
[2024-04-18T08:40:49.508+0000] {processor.py:183} INFO - Processing /home/airflow/.local/lib/python3.12/site-packages/airflow/example_dags/example_external_task_marker_dag.py took 0.059 seconds
[2024-04-18T08:41:20.128+0000] {processor.py:161} INFO - Started process (PID=7789) to work on /home/airflow/.local/lib/python3.12/site-packages/airflow/example_dags/example_external_task_marker_dag.py
[2024-04-18T08:41:20.129+0000] {processor.py:830} INFO - Processing file /home/airflow/.local/lib/python3.12/site-packages/airflow/example_dags/example_external_task_marker_dag.py for tasks to queue
[2024-04-18T08:41:20.131+0000] {logging_mixin.py:188} INFO - [2024-04-18T08:41:20.131+0000] {dagbag.py:540} INFO - Filling up the DagBag from /home/airflow/.local/lib/python3.12/site-packages/airflow/example_dags/example_external_task_marker_dag.py
[2024-04-18T08:41:20.138+0000] {processor.py:840} INFO - DAG(s) 'example_external_task_marker_child', 'example_external_task_marker_parent' retrieved from /home/airflow/.local/lib/python3.12/site-packages/airflow/example_dags/example_external_task_marker_dag.py
[2024-04-18T08:41:20.162+0000] {logging_mixin.py:188} INFO - [2024-04-18T08:41:20.161+0000] {dag.py:3096} INFO - Sync 2 DAGs
[2024-04-18T08:41:20.176+0000] {logging_mixin.py:188} INFO - [2024-04-18T08:41:20.176+0000] {dag.py:3954} INFO - Setting next_dagrun for example_external_task_marker_child to None, run_after=None
[2024-04-18T08:41:20.180+0000] {logging_mixin.py:188} INFO - [2024-04-18T08:41:20.180+0000] {dag.py:3954} INFO - Setting next_dagrun for example_external_task_marker_parent to None, run_after=None
[2024-04-18T08:41:20.200+0000] {processor.py:183} INFO - Processing /home/airflow/.local/lib/python3.12/site-packages/airflow/example_dags/example_external_task_marker_dag.py took 0.079 seconds
[2024-04-18T08:41:50.779+0000] {processor.py:161} INFO - Started process (PID=8055) to work on /home/airflow/.local/lib/python3.12/site-packages/airflow/example_dags/example_external_task_marker_dag.py
[2024-04-18T08:41:50.780+0000] {processor.py:830} INFO - Processing file /home/airflow/.local/lib/python3.12/site-packages/airflow/example_dags/example_external_task_marker_dag.py for tasks to queue
[2024-04-18T08:41:50.782+0000] {logging_mixin.py:188} INFO - [2024-04-18T08:41:50.782+0000] {dagbag.py:540} INFO - Filling up the DagBag from /home/airflow/.local/lib/python3.12/site-packages/airflow/example_dags/example_external_task_marker_dag.py
[2024-04-18T08:41:50.789+0000] {processor.py:840} INFO - DAG(s) 'example_external_task_marker_parent', 'example_external_task_marker_child' retrieved from /home/airflow/.local/lib/python3.12/site-packages/airflow/example_dags/example_external_task_marker_dag.py
[2024-04-18T08:41:50.811+0000] {logging_mixin.py:188} INFO - [2024-04-18T08:41:50.811+0000] {dag.py:3096} INFO - Sync 2 DAGs
[2024-04-18T08:41:50.825+0000] {logging_mixin.py:188} INFO - [2024-04-18T08:41:50.825+0000] {dag.py:3954} INFO - Setting next_dagrun for example_external_task_marker_child to None, run_after=None
[2024-04-18T08:41:50.829+0000] {logging_mixin.py:188} INFO - [2024-04-18T08:41:50.828+0000] {dag.py:3954} INFO - Setting next_dagrun for example_external_task_marker_parent to None, run_after=None
[2024-04-18T08:41:50.846+0000] {processor.py:183} INFO - Processing /home/airflow/.local/lib/python3.12/site-packages/airflow/example_dags/example_external_task_marker_dag.py took 0.073 seconds
[2024-04-18T08:42:21.723+0000] {processor.py:161} INFO - Started process (PID=8321) to work on /home/airflow/.local/lib/python3.12/site-packages/airflow/example_dags/example_external_task_marker_dag.py
[2024-04-18T08:42:21.723+0000] {processor.py:830} INFO - Processing file /home/airflow/.local/lib/python3.12/site-packages/airflow/example_dags/example_external_task_marker_dag.py for tasks to queue
[2024-04-18T08:42:21.725+0000] {logging_mixin.py:188} INFO - [2024-04-18T08:42:21.725+0000] {dagbag.py:540} INFO - Filling up the DagBag from /home/airflow/.local/lib/python3.12/site-packages/airflow/example_dags/example_external_task_marker_dag.py
[2024-04-18T08:42:21.730+0000] {processor.py:840} INFO - DAG(s) 'example_external_task_marker_child', 'example_external_task_marker_parent' retrieved from /home/airflow/.local/lib/python3.12/site-packages/airflow/example_dags/example_external_task_marker_dag.py
[2024-04-18T08:42:21.747+0000] {logging_mixin.py:188} INFO - [2024-04-18T08:42:21.747+0000] {dag.py:3096} INFO - Sync 2 DAGs
[2024-04-18T08:42:21.757+0000] {logging_mixin.py:188} INFO - [2024-04-18T08:42:21.757+0000] {dag.py:3954} INFO - Setting next_dagrun for example_external_task_marker_child to None, run_after=None
[2024-04-18T08:42:21.760+0000] {logging_mixin.py:188} INFO - [2024-04-18T08:42:21.759+0000] {dag.py:3954} INFO - Setting next_dagrun for example_external_task_marker_parent to None, run_after=None
[2024-04-18T08:42:21.776+0000] {processor.py:183} INFO - Processing /home/airflow/.local/lib/python3.12/site-packages/airflow/example_dags/example_external_task_marker_dag.py took 0.058 seconds
[2024-04-18T08:42:52.288+0000] {processor.py:161} INFO - Started process (PID=8587) to work on /home/airflow/.local/lib/python3.12/site-packages/airflow/example_dags/example_external_task_marker_dag.py
[2024-04-18T08:42:52.289+0000] {processor.py:830} INFO - Processing file /home/airflow/.local/lib/python3.12/site-packages/airflow/example_dags/example_external_task_marker_dag.py for tasks to queue
[2024-04-18T08:42:52.290+0000] {logging_mixin.py:188} INFO - [2024-04-18T08:42:52.290+0000] {dagbag.py:540} INFO - Filling up the DagBag from /home/airflow/.local/lib/python3.12/site-packages/airflow/example_dags/example_external_task_marker_dag.py
[2024-04-18T08:42:52.295+0000] {processor.py:840} INFO - DAG(s) 'example_external_task_marker_child', 'example_external_task_marker_parent' retrieved from /home/airflow/.local/lib/python3.12/site-packages/airflow/example_dags/example_external_task_marker_dag.py
[2024-04-18T08:42:52.314+0000] {logging_mixin.py:188} INFO - [2024-04-18T08:42:52.314+0000] {dag.py:3096} INFO - Sync 2 DAGs
[2024-04-18T08:42:52.324+0000] {logging_mixin.py:188} INFO - [2024-04-18T08:42:52.324+0000] {dag.py:3954} INFO - Setting next_dagrun for example_external_task_marker_child to None, run_after=None
[2024-04-18T08:42:52.327+0000] {logging_mixin.py:188} INFO - [2024-04-18T08:42:52.326+0000] {dag.py:3954} INFO - Setting next_dagrun for example_external_task_marker_parent to None, run_after=None
[2024-04-18T08:42:52.344+0000] {processor.py:183} INFO - Processing /home/airflow/.local/lib/python3.12/site-packages/airflow/example_dags/example_external_task_marker_dag.py took 0.060 seconds
[2024-04-18T08:43:22.448+0000] {processor.py:161} INFO - Started process (PID=8853) to work on /home/airflow/.local/lib/python3.12/site-packages/airflow/example_dags/example_external_task_marker_dag.py
[2024-04-18T08:43:22.449+0000] {processor.py:830} INFO - Processing file /home/airflow/.local/lib/python3.12/site-packages/airflow/example_dags/example_external_task_marker_dag.py for tasks to queue
[2024-04-18T08:43:22.451+0000] {logging_mixin.py:188} INFO - [2024-04-18T08:43:22.451+0000] {dagbag.py:540} INFO - Filling up the DagBag from /home/airflow/.local/lib/python3.12/site-packages/airflow/example_dags/example_external_task_marker_dag.py
[2024-04-18T08:43:22.456+0000] {processor.py:840} INFO - DAG(s) 'example_external_task_marker_child', 'example_external_task_marker_parent' retrieved from /home/airflow/.local/lib/python3.12/site-packages/airflow/example_dags/example_external_task_marker_dag.py
[2024-04-18T08:43:22.474+0000] {logging_mixin.py:188} INFO - [2024-04-18T08:43:22.473+0000] {dag.py:3096} INFO - Sync 2 DAGs
[2024-04-18T08:43:22.484+0000] {logging_mixin.py:188} INFO - [2024-04-18T08:43:22.484+0000] {dag.py:3954} INFO - Setting next_dagrun for example_external_task_marker_child to None, run_after=None
[2024-04-18T08:43:22.486+0000] {logging_mixin.py:188} INFO - [2024-04-18T08:43:22.486+0000] {dag.py:3954} INFO - Setting next_dagrun for example_external_task_marker_parent to None, run_after=None
[2024-04-18T08:43:22.503+0000] {processor.py:183} INFO - Processing /home/airflow/.local/lib/python3.12/site-packages/airflow/example_dags/example_external_task_marker_dag.py took 0.059 seconds
[2024-04-18T08:43:52.912+0000] {processor.py:161} INFO - Started process (PID=9119) to work on /home/airflow/.local/lib/python3.12/site-packages/airflow/example_dags/example_external_task_marker_dag.py
[2024-04-18T08:43:52.913+0000] {processor.py:830} INFO - Processing file /home/airflow/.local/lib/python3.12/site-packages/airflow/example_dags/example_external_task_marker_dag.py for tasks to queue
[2024-04-18T08:43:52.914+0000] {logging_mixin.py:188} INFO - [2024-04-18T08:43:52.914+0000] {dagbag.py:540} INFO - Filling up the DagBag from /home/airflow/.local/lib/python3.12/site-packages/airflow/example_dags/example_external_task_marker_dag.py
[2024-04-18T08:43:52.919+0000] {processor.py:840} INFO - DAG(s) 'example_external_task_marker_child', 'example_external_task_marker_parent' retrieved from /home/airflow/.local/lib/python3.12/site-packages/airflow/example_dags/example_external_task_marker_dag.py
[2024-04-18T08:43:52.938+0000] {logging_mixin.py:188} INFO - [2024-04-18T08:43:52.937+0000] {dag.py:3096} INFO - Sync 2 DAGs
[2024-04-18T08:43:52.947+0000] {logging_mixin.py:188} INFO - [2024-04-18T08:43:52.947+0000] {dag.py:3954} INFO - Setting next_dagrun for example_external_task_marker_child to None, run_after=None
[2024-04-18T08:43:52.950+0000] {logging_mixin.py:188} INFO - [2024-04-18T08:43:52.950+0000] {dag.py:3954} INFO - Setting next_dagrun for example_external_task_marker_parent to None, run_after=None
[2024-04-18T08:43:52.973+0000] {processor.py:183} INFO - Processing /home/airflow/.local/lib/python3.12/site-packages/airflow/example_dags/example_external_task_marker_dag.py took 0.065 seconds
[2024-04-18T08:44:23.840+0000] {processor.py:161} INFO - Started process (PID=9385) to work on /home/airflow/.local/lib/python3.12/site-packages/airflow/example_dags/example_external_task_marker_dag.py
[2024-04-18T08:44:23.841+0000] {processor.py:830} INFO - Processing file /home/airflow/.local/lib/python3.12/site-packages/airflow/example_dags/example_external_task_marker_dag.py for tasks to queue
[2024-04-18T08:44:23.842+0000] {logging_mixin.py:188} INFO - [2024-04-18T08:44:23.842+0000] {dagbag.py:540} INFO - Filling up the DagBag from /home/airflow/.local/lib/python3.12/site-packages/airflow/example_dags/example_external_task_marker_dag.py
[2024-04-18T08:44:23.847+0000] {processor.py:840} INFO - DAG(s) 'example_external_task_marker_child', 'example_external_task_marker_parent' retrieved from /home/airflow/.local/lib/python3.12/site-packages/airflow/example_dags/example_external_task_marker_dag.py
[2024-04-18T08:44:23.865+0000] {logging_mixin.py:188} INFO - [2024-04-18T08:44:23.864+0000] {dag.py:3096} INFO - Sync 2 DAGs
[2024-04-18T08:44:23.874+0000] {logging_mixin.py:188} INFO - [2024-04-18T08:44:23.874+0000] {dag.py:3954} INFO - Setting next_dagrun for example_external_task_marker_child to None, run_after=None
[2024-04-18T08:44:23.877+0000] {logging_mixin.py:188} INFO - [2024-04-18T08:44:23.877+0000] {dag.py:3954} INFO - Setting next_dagrun for example_external_task_marker_parent to None, run_after=None
[2024-04-18T08:44:23.893+0000] {processor.py:183} INFO - Processing /home/airflow/.local/lib/python3.12/site-packages/airflow/example_dags/example_external_task_marker_dag.py took 0.058 seconds
[2024-04-18T08:44:54.730+0000] {processor.py:161} INFO - Started process (PID=9651) to work on /home/airflow/.local/lib/python3.12/site-packages/airflow/example_dags/example_external_task_marker_dag.py
[2024-04-18T08:44:54.730+0000] {processor.py:830} INFO - Processing file /home/airflow/.local/lib/python3.12/site-packages/airflow/example_dags/example_external_task_marker_dag.py for tasks to queue
[2024-04-18T08:44:54.732+0000] {logging_mixin.py:188} INFO - [2024-04-18T08:44:54.731+0000] {dagbag.py:540} INFO - Filling up the DagBag from /home/airflow/.local/lib/python3.12/site-packages/airflow/example_dags/example_external_task_marker_dag.py
[2024-04-18T08:44:54.737+0000] {processor.py:840} INFO - DAG(s) 'example_external_task_marker_child', 'example_external_task_marker_parent' retrieved from /home/airflow/.local/lib/python3.12/site-packages/airflow/example_dags/example_external_task_marker_dag.py
[2024-04-18T08:44:54.754+0000] {logging_mixin.py:188} INFO - [2024-04-18T08:44:54.754+0000] {dag.py:3096} INFO - Sync 2 DAGs
[2024-04-18T08:44:54.764+0000] {logging_mixin.py:188} INFO - [2024-04-18T08:44:54.764+0000] {dag.py:3954} INFO - Setting next_dagrun for example_external_task_marker_child to None, run_after=None
[2024-04-18T08:44:54.767+0000] {logging_mixin.py:188} INFO - [2024-04-18T08:44:54.767+0000] {dag.py:3954} INFO - Setting next_dagrun for example_external_task_marker_parent to None, run_after=None
[2024-04-18T08:44:54.784+0000] {processor.py:183} INFO - Processing /home/airflow/.local/lib/python3.12/site-packages/airflow/example_dags/example_external_task_marker_dag.py took 0.059 seconds
[2024-04-18T08:45:25.616+0000] {processor.py:161} INFO - Started process (PID=9917) to work on /home/airflow/.local/lib/python3.12/site-packages/airflow/example_dags/example_external_task_marker_dag.py
[2024-04-18T08:45:25.617+0000] {processor.py:830} INFO - Processing file /home/airflow/.local/lib/python3.12/site-packages/airflow/example_dags/example_external_task_marker_dag.py for tasks to queue
[2024-04-18T08:45:25.618+0000] {logging_mixin.py:188} INFO - [2024-04-18T08:45:25.618+0000] {dagbag.py:540} INFO - Filling up the DagBag from /home/airflow/.local/lib/python3.12/site-packages/airflow/example_dags/example_external_task_marker_dag.py
[2024-04-18T08:45:25.623+0000] {processor.py:840} INFO - DAG(s) 'example_external_task_marker_parent', 'example_external_task_marker_child' retrieved from /home/airflow/.local/lib/python3.12/site-packages/airflow/example_dags/example_external_task_marker_dag.py
[2024-04-18T08:45:25.640+0000] {logging_mixin.py:188} INFO - [2024-04-18T08:45:25.640+0000] {dag.py:3096} INFO - Sync 2 DAGs
[2024-04-18T08:45:25.652+0000] {logging_mixin.py:188} INFO - [2024-04-18T08:45:25.652+0000] {dag.py:3954} INFO - Setting next_dagrun for example_external_task_marker_child to None, run_after=None
[2024-04-18T08:45:25.655+0000] {logging_mixin.py:188} INFO - [2024-04-18T08:45:25.655+0000] {dag.py:3954} INFO - Setting next_dagrun for example_external_task_marker_parent to None, run_after=None
[2024-04-18T08:45:25.674+0000] {processor.py:183} INFO - Processing /home/airflow/.local/lib/python3.12/site-packages/airflow/example_dags/example_external_task_marker_dag.py took 0.063 seconds
[2024-04-18T08:45:56.308+0000] {processor.py:161} INFO - Started process (PID=10183) to work on /home/airflow/.local/lib/python3.12/site-packages/airflow/example_dags/example_external_task_marker_dag.py
[2024-04-18T08:45:56.309+0000] {processor.py:830} INFO - Processing file /home/airflow/.local/lib/python3.12/site-packages/airflow/example_dags/example_external_task_marker_dag.py for tasks to queue
[2024-04-18T08:45:56.311+0000] {logging_mixin.py:188} INFO - [2024-04-18T08:45:56.311+0000] {dagbag.py:540} INFO - Filling up the DagBag from /home/airflow/.local/lib/python3.12/site-packages/airflow/example_dags/example_external_task_marker_dag.py
[2024-04-18T08:45:56.318+0000] {processor.py:840} INFO - DAG(s) 'example_external_task_marker_child', 'example_external_task_marker_parent' retrieved from /home/airflow/.local/lib/python3.12/site-packages/airflow/example_dags/example_external_task_marker_dag.py
[2024-04-18T08:45:56.343+0000] {logging_mixin.py:188} INFO - [2024-04-18T08:45:56.343+0000] {dag.py:3096} INFO - Sync 2 DAGs
[2024-04-18T08:45:56.357+0000] {logging_mixin.py:188} INFO - [2024-04-18T08:45:56.357+0000] {dag.py:3954} INFO - Setting next_dagrun for example_external_task_marker_child to None, run_after=None
[2024-04-18T08:45:56.361+0000] {logging_mixin.py:188} INFO - [2024-04-18T08:45:56.361+0000] {dag.py:3954} INFO - Setting next_dagrun for example_external_task_marker_parent to None, run_after=None
[2024-04-18T08:45:56.381+0000] {processor.py:183} INFO - Processing /home/airflow/.local/lib/python3.12/site-packages/airflow/example_dags/example_external_task_marker_dag.py took 0.078 seconds
[2024-04-18T08:46:26.799+0000] {processor.py:161} INFO - Started process (PID=10449) to work on /home/airflow/.local/lib/python3.12/site-packages/airflow/example_dags/example_external_task_marker_dag.py
[2024-04-18T08:46:26.800+0000] {processor.py:830} INFO - Processing file /home/airflow/.local/lib/python3.12/site-packages/airflow/example_dags/example_external_task_marker_dag.py for tasks to queue
[2024-04-18T08:46:26.802+0000] {logging_mixin.py:188} INFO - [2024-04-18T08:46:26.801+0000] {dagbag.py:540} INFO - Filling up the DagBag from /home/airflow/.local/lib/python3.12/site-packages/airflow/example_dags/example_external_task_marker_dag.py
[2024-04-18T08:46:26.807+0000] {processor.py:840} INFO - DAG(s) 'example_external_task_marker_child', 'example_external_task_marker_parent' retrieved from /home/airflow/.local/lib/python3.12/site-packages/airflow/example_dags/example_external_task_marker_dag.py
[2024-04-18T08:46:26.824+0000] {logging_mixin.py:188} INFO - [2024-04-18T08:46:26.824+0000] {dag.py:3096} INFO - Sync 2 DAGs
[2024-04-18T08:46:26.834+0000] {logging_mixin.py:188} INFO - [2024-04-18T08:46:26.834+0000] {dag.py:3954} INFO - Setting next_dagrun for example_external_task_marker_child to None, run_after=None
[2024-04-18T08:46:26.837+0000] {logging_mixin.py:188} INFO - [2024-04-18T08:46:26.837+0000] {dag.py:3954} INFO - Setting next_dagrun for example_external_task_marker_parent to None, run_after=None
[2024-04-18T08:46:26.853+0000] {processor.py:183} INFO - Processing /home/airflow/.local/lib/python3.12/site-packages/airflow/example_dags/example_external_task_marker_dag.py took 0.059 seconds
[2024-04-18T08:46:57.669+0000] {processor.py:161} INFO - Started process (PID=10716) to work on /home/airflow/.local/lib/python3.12/site-packages/airflow/example_dags/example_external_task_marker_dag.py
[2024-04-18T08:46:57.670+0000] {processor.py:830} INFO - Processing file /home/airflow/.local/lib/python3.12/site-packages/airflow/example_dags/example_external_task_marker_dag.py for tasks to queue
[2024-04-18T08:46:57.681+0000] {logging_mixin.py:188} INFO - [2024-04-18T08:46:57.681+0000] {dagbag.py:540} INFO - Filling up the DagBag from /home/airflow/.local/lib/python3.12/site-packages/airflow/example_dags/example_external_task_marker_dag.py
[2024-04-18T08:46:57.692+0000] {processor.py:840} INFO - DAG(s) 'example_external_task_marker_parent', 'example_external_task_marker_child' retrieved from /home/airflow/.local/lib/python3.12/site-packages/airflow/example_dags/example_external_task_marker_dag.py
[2024-04-18T08:46:57.731+0000] {logging_mixin.py:188} INFO - [2024-04-18T08:46:57.730+0000] {dag.py:3096} INFO - Sync 2 DAGs
[2024-04-18T08:46:57.749+0000] {logging_mixin.py:188} INFO - [2024-04-18T08:46:57.749+0000] {dag.py:3954} INFO - Setting next_dagrun for example_external_task_marker_child to None, run_after=None
[2024-04-18T08:46:57.753+0000] {logging_mixin.py:188} INFO - [2024-04-18T08:46:57.753+0000] {dag.py:3954} INFO - Setting next_dagrun for example_external_task_marker_parent to None, run_after=None
[2024-04-18T08:46:57.773+0000] {processor.py:183} INFO - Processing /home/airflow/.local/lib/python3.12/site-packages/airflow/example_dags/example_external_task_marker_dag.py took 0.114 seconds
[2024-04-18T08:47:28.207+0000] {processor.py:161} INFO - Started process (PID=10982) to work on /home/airflow/.local/lib/python3.12/site-packages/airflow/example_dags/example_external_task_marker_dag.py
[2024-04-18T08:47:28.208+0000] {processor.py:830} INFO - Processing file /home/airflow/.local/lib/python3.12/site-packages/airflow/example_dags/example_external_task_marker_dag.py for tasks to queue
[2024-04-18T08:47:28.210+0000] {logging_mixin.py:188} INFO - [2024-04-18T08:47:28.209+0000] {dagbag.py:540} INFO - Filling up the DagBag from /home/airflow/.local/lib/python3.12/site-packages/airflow/example_dags/example_external_task_marker_dag.py
[2024-04-18T08:47:28.215+0000] {processor.py:840} INFO - DAG(s) 'example_external_task_marker_parent', 'example_external_task_marker_child' retrieved from /home/airflow/.local/lib/python3.12/site-packages/airflow/example_dags/example_external_task_marker_dag.py
[2024-04-18T08:47:28.234+0000] {logging_mixin.py:188} INFO - [2024-04-18T08:47:28.233+0000] {dag.py:3096} INFO - Sync 2 DAGs
[2024-04-18T08:47:28.244+0000] {logging_mixin.py:188} INFO - [2024-04-18T08:47:28.244+0000] {dag.py:3954} INFO - Setting next_dagrun for example_external_task_marker_child to None, run_after=None
[2024-04-18T08:47:28.247+0000] {logging_mixin.py:188} INFO - [2024-04-18T08:47:28.246+0000] {dag.py:3954} INFO - Setting next_dagrun for example_external_task_marker_parent to None, run_after=None
[2024-04-18T08:47:28.263+0000] {processor.py:183} INFO - Processing /home/airflow/.local/lib/python3.12/site-packages/airflow/example_dags/example_external_task_marker_dag.py took 0.063 seconds
[2024-04-18T08:47:58.871+0000] {processor.py:161} INFO - Started process (PID=11249) to work on /home/airflow/.local/lib/python3.12/site-packages/airflow/example_dags/example_external_task_marker_dag.py
[2024-04-18T08:47:58.872+0000] {processor.py:830} INFO - Processing file /home/airflow/.local/lib/python3.12/site-packages/airflow/example_dags/example_external_task_marker_dag.py for tasks to queue
[2024-04-18T08:47:58.873+0000] {logging_mixin.py:188} INFO - [2024-04-18T08:47:58.873+0000] {dagbag.py:540} INFO - Filling up the DagBag from /home/airflow/.local/lib/python3.12/site-packages/airflow/example_dags/example_external_task_marker_dag.py
[2024-04-18T08:47:58.878+0000] {processor.py:840} INFO - DAG(s) 'example_external_task_marker_child', 'example_external_task_marker_parent' retrieved from /home/airflow/.local/lib/python3.12/site-packages/airflow/example_dags/example_external_task_marker_dag.py
[2024-04-18T08:47:58.904+0000] {logging_mixin.py:188} INFO - [2024-04-18T08:47:58.903+0000] {dag.py:3096} INFO - Sync 2 DAGs
[2024-04-18T08:47:58.915+0000] {logging_mixin.py:188} INFO - [2024-04-18T08:47:58.915+0000] {dag.py:3954} INFO - Setting next_dagrun for example_external_task_marker_child to None, run_after=None
[2024-04-18T08:47:58.918+0000] {logging_mixin.py:188} INFO - [2024-04-18T08:47:58.918+0000] {dag.py:3954} INFO - Setting next_dagrun for example_external_task_marker_parent to None, run_after=None
[2024-04-18T08:47:58.934+0000] {processor.py:183} INFO - Processing /home/airflow/.local/lib/python3.12/site-packages/airflow/example_dags/example_external_task_marker_dag.py took 0.069 seconds
[2024-04-18T08:48:29.539+0000] {processor.py:161} INFO - Started process (PID=11515) to work on /home/airflow/.local/lib/python3.12/site-packages/airflow/example_dags/example_external_task_marker_dag.py
[2024-04-18T08:48:29.540+0000] {processor.py:830} INFO - Processing file /home/airflow/.local/lib/python3.12/site-packages/airflow/example_dags/example_external_task_marker_dag.py for tasks to queue
[2024-04-18T08:48:29.543+0000] {logging_mixin.py:188} INFO - [2024-04-18T08:48:29.542+0000] {dagbag.py:540} INFO - Filling up the DagBag from /home/airflow/.local/lib/python3.12/site-packages/airflow/example_dags/example_external_task_marker_dag.py
[2024-04-18T08:48:29.564+0000] {processor.py:840} INFO - DAG(s) 'example_external_task_marker_child', 'example_external_task_marker_parent' retrieved from /home/airflow/.local/lib/python3.12/site-packages/airflow/example_dags/example_external_task_marker_dag.py
[2024-04-18T08:48:29.591+0000] {logging_mixin.py:188} INFO - [2024-04-18T08:48:29.590+0000] {dag.py:3096} INFO - Sync 2 DAGs
[2024-04-18T08:48:29.606+0000] {logging_mixin.py:188} INFO - [2024-04-18T08:48:29.606+0000] {dag.py:3954} INFO - Setting next_dagrun for example_external_task_marker_child to None, run_after=None
[2024-04-18T08:48:29.611+0000] {logging_mixin.py:188} INFO - [2024-04-18T08:48:29.610+0000] {dag.py:3954} INFO - Setting next_dagrun for example_external_task_marker_parent to None, run_after=None
[2024-04-18T08:48:29.637+0000] {processor.py:183} INFO - Processing /home/airflow/.local/lib/python3.12/site-packages/airflow/example_dags/example_external_task_marker_dag.py took 0.105 seconds
[2024-04-18T08:49:00.058+0000] {processor.py:161} INFO - Started process (PID=11781) to work on /home/airflow/.local/lib/python3.12/site-packages/airflow/example_dags/example_external_task_marker_dag.py
[2024-04-18T08:49:00.059+0000] {processor.py:830} INFO - Processing file /home/airflow/.local/lib/python3.12/site-packages/airflow/example_dags/example_external_task_marker_dag.py for tasks to queue
[2024-04-18T08:49:00.061+0000] {logging_mixin.py:188} INFO - [2024-04-18T08:49:00.060+0000] {dagbag.py:540} INFO - Filling up the DagBag from /home/airflow/.local/lib/python3.12/site-packages/airflow/example_dags/example_external_task_marker_dag.py
[2024-04-18T08:49:00.068+0000] {processor.py:840} INFO - DAG(s) 'example_external_task_marker_child', 'example_external_task_marker_parent' retrieved from /home/airflow/.local/lib/python3.12/site-packages/airflow/example_dags/example_external_task_marker_dag.py
[2024-04-18T08:49:00.110+0000] {logging_mixin.py:188} INFO - [2024-04-18T08:49:00.110+0000] {dag.py:3096} INFO - Sync 2 DAGs
[2024-04-18T08:49:00.127+0000] {logging_mixin.py:188} INFO - [2024-04-18T08:49:00.127+0000] {dag.py:3954} INFO - Setting next_dagrun for example_external_task_marker_child to None, run_after=None
[2024-04-18T08:49:00.134+0000] {logging_mixin.py:188} INFO - [2024-04-18T08:49:00.134+0000] {dag.py:3954} INFO - Setting next_dagrun for example_external_task_marker_parent to None, run_after=None
[2024-04-18T08:49:00.166+0000] {processor.py:183} INFO - Processing /home/airflow/.local/lib/python3.12/site-packages/airflow/example_dags/example_external_task_marker_dag.py took 0.118 seconds
