[2024-04-18T08:26:53.620+0000] {processor.py:161} INFO - Started process (PID=199) to work on /home/airflow/.local/lib/python3.12/site-packages/airflow/example_dags/example_sensors.py
[2024-04-18T08:26:53.638+0000] {processor.py:830} INFO - Processing file /home/airflow/.local/lib/python3.12/site-packages/airflow/example_dags/example_sensors.py for tasks to queue
[2024-04-18T08:26:53.639+0000] {logging_mixin.py:188} INFO - [2024-04-18T08:26:53.639+0000] {dagbag.py:540} INFO - Filling up the DagBag from /home/airflow/.local/lib/python3.12/site-packages/airflow/example_dags/example_sensors.py
[2024-04-18T08:26:53.702+0000] {processor.py:840} INFO - DAG(s) 'example_sensors' retrieved from /home/airflow/.local/lib/python3.12/site-packages/airflow/example_dags/example_sensors.py
[2024-04-18T08:26:54.006+0000] {logging_mixin.py:188} INFO - [2024-04-18T08:26:54.005+0000] {dag.py:3096} INFO - Sync 1 DAGs
[2024-04-18T08:26:54.108+0000] {logging_mixin.py:188} INFO - [2024-04-18T08:26:54.099+0000] {dag.py:3954} INFO - Setting next_dagrun for example_sensors to None, run_after=None
[2024-04-18T08:26:54.224+0000] {processor.py:183} INFO - Processing /home/airflow/.local/lib/python3.12/site-packages/airflow/example_dags/example_sensors.py took 0.640 seconds
[2024-04-18T08:27:24.551+0000] {processor.py:161} INFO - Started process (PID=497) to work on /home/airflow/.local/lib/python3.12/site-packages/airflow/example_dags/example_sensors.py
[2024-04-18T08:27:24.561+0000] {processor.py:830} INFO - Processing file /home/airflow/.local/lib/python3.12/site-packages/airflow/example_dags/example_sensors.py for tasks to queue
[2024-04-18T08:27:24.564+0000] {logging_mixin.py:188} INFO - [2024-04-18T08:27:24.563+0000] {dagbag.py:540} INFO - Filling up the DagBag from /home/airflow/.local/lib/python3.12/site-packages/airflow/example_dags/example_sensors.py
[2024-04-18T08:27:24.593+0000] {processor.py:840} INFO - DAG(s) 'example_sensors' retrieved from /home/airflow/.local/lib/python3.12/site-packages/airflow/example_dags/example_sensors.py
[2024-04-18T08:27:24.657+0000] {logging_mixin.py:188} INFO - [2024-04-18T08:27:24.657+0000] {dag.py:3096} INFO - Sync 1 DAGs
[2024-04-18T08:27:24.684+0000] {logging_mixin.py:188} INFO - [2024-04-18T08:27:24.683+0000] {dag.py:3954} INFO - Setting next_dagrun for example_sensors to None, run_after=None
[2024-04-18T08:27:24.720+0000] {processor.py:183} INFO - Processing /home/airflow/.local/lib/python3.12/site-packages/airflow/example_dags/example_sensors.py took 0.175 seconds
[2024-04-18T08:27:55.288+0000] {processor.py:161} INFO - Started process (PID=764) to work on /home/airflow/.local/lib/python3.12/site-packages/airflow/example_dags/example_sensors.py
[2024-04-18T08:27:55.289+0000] {processor.py:830} INFO - Processing file /home/airflow/.local/lib/python3.12/site-packages/airflow/example_dags/example_sensors.py for tasks to queue
[2024-04-18T08:27:55.290+0000] {logging_mixin.py:188} INFO - [2024-04-18T08:27:55.290+0000] {dagbag.py:540} INFO - Filling up the DagBag from /home/airflow/.local/lib/python3.12/site-packages/airflow/example_dags/example_sensors.py
[2024-04-18T08:27:55.301+0000] {processor.py:840} INFO - DAG(s) 'example_sensors' retrieved from /home/airflow/.local/lib/python3.12/site-packages/airflow/example_dags/example_sensors.py
[2024-04-18T08:27:55.331+0000] {logging_mixin.py:188} INFO - [2024-04-18T08:27:55.331+0000] {dag.py:3096} INFO - Sync 1 DAGs
[2024-04-18T08:27:55.346+0000] {logging_mixin.py:188} INFO - [2024-04-18T08:27:55.346+0000] {dag.py:3954} INFO - Setting next_dagrun for example_sensors to None, run_after=None
[2024-04-18T08:27:55.367+0000] {processor.py:183} INFO - Processing /home/airflow/.local/lib/python3.12/site-packages/airflow/example_dags/example_sensors.py took 0.091 seconds
[2024-04-18T08:28:25.455+0000] {processor.py:161} INFO - Started process (PID=1036) to work on /home/airflow/.local/lib/python3.12/site-packages/airflow/example_dags/example_sensors.py
[2024-04-18T08:28:25.456+0000] {processor.py:830} INFO - Processing file /home/airflow/.local/lib/python3.12/site-packages/airflow/example_dags/example_sensors.py for tasks to queue
[2024-04-18T08:28:25.458+0000] {logging_mixin.py:188} INFO - [2024-04-18T08:28:25.458+0000] {dagbag.py:540} INFO - Filling up the DagBag from /home/airflow/.local/lib/python3.12/site-packages/airflow/example_dags/example_sensors.py
[2024-04-18T08:28:25.470+0000] {processor.py:840} INFO - DAG(s) 'example_sensors' retrieved from /home/airflow/.local/lib/python3.12/site-packages/airflow/example_dags/example_sensors.py
[2024-04-18T08:28:25.498+0000] {logging_mixin.py:188} INFO - [2024-04-18T08:28:25.498+0000] {dag.py:3096} INFO - Sync 1 DAGs
[2024-04-18T08:28:25.523+0000] {logging_mixin.py:188} INFO - [2024-04-18T08:28:25.522+0000] {dag.py:3954} INFO - Setting next_dagrun for example_sensors to None, run_after=None
[2024-04-18T08:28:25.551+0000] {processor.py:183} INFO - Processing /home/airflow/.local/lib/python3.12/site-packages/airflow/example_dags/example_sensors.py took 0.109 seconds
[2024-04-18T08:28:55.642+0000] {processor.py:161} INFO - Started process (PID=1302) to work on /home/airflow/.local/lib/python3.12/site-packages/airflow/example_dags/example_sensors.py
[2024-04-18T08:28:55.643+0000] {processor.py:830} INFO - Processing file /home/airflow/.local/lib/python3.12/site-packages/airflow/example_dags/example_sensors.py for tasks to queue
[2024-04-18T08:28:55.645+0000] {logging_mixin.py:188} INFO - [2024-04-18T08:28:55.645+0000] {dagbag.py:540} INFO - Filling up the DagBag from /home/airflow/.local/lib/python3.12/site-packages/airflow/example_dags/example_sensors.py
[2024-04-18T08:28:55.658+0000] {processor.py:840} INFO - DAG(s) 'example_sensors' retrieved from /home/airflow/.local/lib/python3.12/site-packages/airflow/example_dags/example_sensors.py
[2024-04-18T08:28:55.687+0000] {logging_mixin.py:188} INFO - [2024-04-18T08:28:55.687+0000] {dag.py:3096} INFO - Sync 1 DAGs
[2024-04-18T08:28:55.701+0000] {logging_mixin.py:188} INFO - [2024-04-18T08:28:55.701+0000] {dag.py:3954} INFO - Setting next_dagrun for example_sensors to None, run_after=None
[2024-04-18T08:28:55.723+0000] {processor.py:183} INFO - Processing /home/airflow/.local/lib/python3.12/site-packages/airflow/example_dags/example_sensors.py took 0.087 seconds
[2024-04-18T08:29:25.892+0000] {processor.py:161} INFO - Started process (PID=1567) to work on /home/airflow/.local/lib/python3.12/site-packages/airflow/example_dags/example_sensors.py
[2024-04-18T08:29:25.893+0000] {processor.py:830} INFO - Processing file /home/airflow/.local/lib/python3.12/site-packages/airflow/example_dags/example_sensors.py for tasks to queue
[2024-04-18T08:29:25.895+0000] {logging_mixin.py:188} INFO - [2024-04-18T08:29:25.895+0000] {dagbag.py:540} INFO - Filling up the DagBag from /home/airflow/.local/lib/python3.12/site-packages/airflow/example_dags/example_sensors.py
[2024-04-18T08:29:25.906+0000] {processor.py:840} INFO - DAG(s) 'example_sensors' retrieved from /home/airflow/.local/lib/python3.12/site-packages/airflow/example_dags/example_sensors.py
[2024-04-18T08:29:25.939+0000] {logging_mixin.py:188} INFO - [2024-04-18T08:29:25.939+0000] {dag.py:3096} INFO - Sync 1 DAGs
[2024-04-18T08:29:25.950+0000] {logging_mixin.py:188} INFO - [2024-04-18T08:29:25.950+0000] {dag.py:3954} INFO - Setting next_dagrun for example_sensors to None, run_after=None
[2024-04-18T08:29:25.972+0000] {processor.py:183} INFO - Processing /home/airflow/.local/lib/python3.12/site-packages/airflow/example_dags/example_sensors.py took 0.085 seconds
[2024-04-18T08:29:56.156+0000] {processor.py:161} INFO - Started process (PID=1834) to work on /home/airflow/.local/lib/python3.12/site-packages/airflow/example_dags/example_sensors.py
[2024-04-18T08:29:56.158+0000] {processor.py:830} INFO - Processing file /home/airflow/.local/lib/python3.12/site-packages/airflow/example_dags/example_sensors.py for tasks to queue
[2024-04-18T08:29:56.159+0000] {logging_mixin.py:188} INFO - [2024-04-18T08:29:56.159+0000] {dagbag.py:540} INFO - Filling up the DagBag from /home/airflow/.local/lib/python3.12/site-packages/airflow/example_dags/example_sensors.py
[2024-04-18T08:29:56.170+0000] {processor.py:840} INFO - DAG(s) 'example_sensors' retrieved from /home/airflow/.local/lib/python3.12/site-packages/airflow/example_dags/example_sensors.py
[2024-04-18T08:29:56.203+0000] {logging_mixin.py:188} INFO - [2024-04-18T08:29:56.203+0000] {dag.py:3096} INFO - Sync 1 DAGs
[2024-04-18T08:29:56.215+0000] {logging_mixin.py:188} INFO - [2024-04-18T08:29:56.215+0000] {dag.py:3954} INFO - Setting next_dagrun for example_sensors to None, run_after=None
[2024-04-18T08:29:56.236+0000] {processor.py:183} INFO - Processing /home/airflow/.local/lib/python3.12/site-packages/airflow/example_dags/example_sensors.py took 0.086 seconds
[2024-04-18T08:30:26.485+0000] {processor.py:161} INFO - Started process (PID=2101) to work on /home/airflow/.local/lib/python3.12/site-packages/airflow/example_dags/example_sensors.py
[2024-04-18T08:30:26.485+0000] {processor.py:830} INFO - Processing file /home/airflow/.local/lib/python3.12/site-packages/airflow/example_dags/example_sensors.py for tasks to queue
[2024-04-18T08:30:26.487+0000] {logging_mixin.py:188} INFO - [2024-04-18T08:30:26.487+0000] {dagbag.py:540} INFO - Filling up the DagBag from /home/airflow/.local/lib/python3.12/site-packages/airflow/example_dags/example_sensors.py
[2024-04-18T08:30:26.498+0000] {processor.py:840} INFO - DAG(s) 'example_sensors' retrieved from /home/airflow/.local/lib/python3.12/site-packages/airflow/example_dags/example_sensors.py
[2024-04-18T08:30:26.529+0000] {logging_mixin.py:188} INFO - [2024-04-18T08:30:26.529+0000] {dag.py:3096} INFO - Sync 1 DAGs
[2024-04-18T08:30:26.542+0000] {logging_mixin.py:188} INFO - [2024-04-18T08:30:26.541+0000] {dag.py:3954} INFO - Setting next_dagrun for example_sensors to None, run_after=None
[2024-04-18T08:30:26.562+0000] {processor.py:183} INFO - Processing /home/airflow/.local/lib/python3.12/site-packages/airflow/example_dags/example_sensors.py took 0.084 seconds
[2024-04-18T08:30:56.684+0000] {processor.py:161} INFO - Started process (PID=2367) to work on /home/airflow/.local/lib/python3.12/site-packages/airflow/example_dags/example_sensors.py
[2024-04-18T08:30:56.685+0000] {processor.py:830} INFO - Processing file /home/airflow/.local/lib/python3.12/site-packages/airflow/example_dags/example_sensors.py for tasks to queue
[2024-04-18T08:30:56.687+0000] {logging_mixin.py:188} INFO - [2024-04-18T08:30:56.687+0000] {dagbag.py:540} INFO - Filling up the DagBag from /home/airflow/.local/lib/python3.12/site-packages/airflow/example_dags/example_sensors.py
[2024-04-18T08:30:56.698+0000] {processor.py:840} INFO - DAG(s) 'example_sensors' retrieved from /home/airflow/.local/lib/python3.12/site-packages/airflow/example_dags/example_sensors.py
[2024-04-18T08:30:56.727+0000] {logging_mixin.py:188} INFO - [2024-04-18T08:30:56.727+0000] {dag.py:3096} INFO - Sync 1 DAGs
[2024-04-18T08:30:56.741+0000] {logging_mixin.py:188} INFO - [2024-04-18T08:30:56.741+0000] {dag.py:3954} INFO - Setting next_dagrun for example_sensors to None, run_after=None
[2024-04-18T08:30:56.760+0000] {processor.py:183} INFO - Processing /home/airflow/.local/lib/python3.12/site-packages/airflow/example_dags/example_sensors.py took 0.081 seconds
[2024-04-18T08:31:27.941+0000] {processor.py:161} INFO - Started process (PID=2633) to work on /home/airflow/.local/lib/python3.12/site-packages/airflow/example_dags/example_sensors.py
[2024-04-18T08:31:27.961+0000] {processor.py:830} INFO - Processing file /home/airflow/.local/lib/python3.12/site-packages/airflow/example_dags/example_sensors.py for tasks to queue
[2024-04-18T08:31:27.963+0000] {logging_mixin.py:188} INFO - [2024-04-18T08:31:27.963+0000] {dagbag.py:540} INFO - Filling up the DagBag from /home/airflow/.local/lib/python3.12/site-packages/airflow/example_dags/example_sensors.py
[2024-04-18T08:31:28.011+0000] {processor.py:840} INFO - DAG(s) 'example_sensors' retrieved from /home/airflow/.local/lib/python3.12/site-packages/airflow/example_dags/example_sensors.py
[2024-04-18T08:31:28.101+0000] {logging_mixin.py:188} INFO - [2024-04-18T08:31:28.101+0000] {dag.py:3096} INFO - Sync 1 DAGs
[2024-04-18T08:31:28.141+0000] {logging_mixin.py:188} INFO - [2024-04-18T08:31:28.141+0000] {dag.py:3954} INFO - Setting next_dagrun for example_sensors to None, run_after=None
[2024-04-18T08:31:28.209+0000] {processor.py:183} INFO - Processing /home/airflow/.local/lib/python3.12/site-packages/airflow/example_dags/example_sensors.py took 0.293 seconds
[2024-04-18T08:31:58.639+0000] {processor.py:161} INFO - Started process (PID=2902) to work on /home/airflow/.local/lib/python3.12/site-packages/airflow/example_dags/example_sensors.py
[2024-04-18T08:31:58.640+0000] {processor.py:830} INFO - Processing file /home/airflow/.local/lib/python3.12/site-packages/airflow/example_dags/example_sensors.py for tasks to queue
[2024-04-18T08:31:58.652+0000] {logging_mixin.py:188} INFO - [2024-04-18T08:31:58.652+0000] {dagbag.py:540} INFO - Filling up the DagBag from /home/airflow/.local/lib/python3.12/site-packages/airflow/example_dags/example_sensors.py
[2024-04-18T08:31:58.673+0000] {processor.py:840} INFO - DAG(s) 'example_sensors' retrieved from /home/airflow/.local/lib/python3.12/site-packages/airflow/example_dags/example_sensors.py
[2024-04-18T08:31:58.732+0000] {logging_mixin.py:188} INFO - [2024-04-18T08:31:58.731+0000] {dag.py:3096} INFO - Sync 1 DAGs
[2024-04-18T08:31:58.761+0000] {logging_mixin.py:188} INFO - [2024-04-18T08:31:58.760+0000] {dag.py:3954} INFO - Setting next_dagrun for example_sensors to None, run_after=None
[2024-04-18T08:31:58.789+0000] {processor.py:183} INFO - Processing /home/airflow/.local/lib/python3.12/site-packages/airflow/example_dags/example_sensors.py took 0.156 seconds
[2024-04-18T08:32:29.353+0000] {processor.py:161} INFO - Started process (PID=3167) to work on /home/airflow/.local/lib/python3.12/site-packages/airflow/example_dags/example_sensors.py
[2024-04-18T08:32:29.354+0000] {processor.py:830} INFO - Processing file /home/airflow/.local/lib/python3.12/site-packages/airflow/example_dags/example_sensors.py for tasks to queue
[2024-04-18T08:32:29.356+0000] {logging_mixin.py:188} INFO - [2024-04-18T08:32:29.355+0000] {dagbag.py:540} INFO - Filling up the DagBag from /home/airflow/.local/lib/python3.12/site-packages/airflow/example_dags/example_sensors.py
[2024-04-18T08:32:29.367+0000] {processor.py:840} INFO - DAG(s) 'example_sensors' retrieved from /home/airflow/.local/lib/python3.12/site-packages/airflow/example_dags/example_sensors.py
[2024-04-18T08:32:29.396+0000] {logging_mixin.py:188} INFO - [2024-04-18T08:32:29.395+0000] {dag.py:3096} INFO - Sync 1 DAGs
[2024-04-18T08:32:29.410+0000] {logging_mixin.py:188} INFO - [2024-04-18T08:32:29.410+0000] {dag.py:3954} INFO - Setting next_dagrun for example_sensors to None, run_after=None
[2024-04-18T08:32:29.431+0000] {processor.py:183} INFO - Processing /home/airflow/.local/lib/python3.12/site-packages/airflow/example_dags/example_sensors.py took 0.083 seconds
[2024-04-18T08:33:00.162+0000] {processor.py:161} INFO - Started process (PID=3435) to work on /home/airflow/.local/lib/python3.12/site-packages/airflow/example_dags/example_sensors.py
[2024-04-18T08:33:00.162+0000] {processor.py:830} INFO - Processing file /home/airflow/.local/lib/python3.12/site-packages/airflow/example_dags/example_sensors.py for tasks to queue
[2024-04-18T08:33:00.164+0000] {logging_mixin.py:188} INFO - [2024-04-18T08:33:00.164+0000] {dagbag.py:540} INFO - Filling up the DagBag from /home/airflow/.local/lib/python3.12/site-packages/airflow/example_dags/example_sensors.py
[2024-04-18T08:33:00.175+0000] {processor.py:840} INFO - DAG(s) 'example_sensors' retrieved from /home/airflow/.local/lib/python3.12/site-packages/airflow/example_dags/example_sensors.py
[2024-04-18T08:33:00.204+0000] {logging_mixin.py:188} INFO - [2024-04-18T08:33:00.204+0000] {dag.py:3096} INFO - Sync 1 DAGs
[2024-04-18T08:33:00.218+0000] {logging_mixin.py:188} INFO - [2024-04-18T08:33:00.217+0000] {dag.py:3954} INFO - Setting next_dagrun for example_sensors to None, run_after=None
[2024-04-18T08:33:00.239+0000] {processor.py:183} INFO - Processing /home/airflow/.local/lib/python3.12/site-packages/airflow/example_dags/example_sensors.py took 0.083 seconds
[2024-04-18T08:33:30.775+0000] {processor.py:161} INFO - Started process (PID=3700) to work on /home/airflow/.local/lib/python3.12/site-packages/airflow/example_dags/example_sensors.py
[2024-04-18T08:33:30.776+0000] {processor.py:830} INFO - Processing file /home/airflow/.local/lib/python3.12/site-packages/airflow/example_dags/example_sensors.py for tasks to queue
[2024-04-18T08:33:30.779+0000] {logging_mixin.py:188} INFO - [2024-04-18T08:33:30.778+0000] {dagbag.py:540} INFO - Filling up the DagBag from /home/airflow/.local/lib/python3.12/site-packages/airflow/example_dags/example_sensors.py
[2024-04-18T08:33:30.788+0000] {processor.py:840} INFO - DAG(s) 'example_sensors' retrieved from /home/airflow/.local/lib/python3.12/site-packages/airflow/example_dags/example_sensors.py
[2024-04-18T08:33:30.815+0000] {logging_mixin.py:188} INFO - [2024-04-18T08:33:30.815+0000] {dag.py:3096} INFO - Sync 1 DAGs
[2024-04-18T08:33:30.830+0000] {logging_mixin.py:188} INFO - [2024-04-18T08:33:30.830+0000] {dag.py:3954} INFO - Setting next_dagrun for example_sensors to None, run_after=None
[2024-04-18T08:33:30.853+0000] {processor.py:183} INFO - Processing /home/airflow/.local/lib/python3.12/site-packages/airflow/example_dags/example_sensors.py took 0.084 seconds
[2024-04-18T08:34:01.023+0000] {processor.py:161} INFO - Started process (PID=3968) to work on /home/airflow/.local/lib/python3.12/site-packages/airflow/example_dags/example_sensors.py
[2024-04-18T08:34:01.024+0000] {processor.py:830} INFO - Processing file /home/airflow/.local/lib/python3.12/site-packages/airflow/example_dags/example_sensors.py for tasks to queue
[2024-04-18T08:34:01.026+0000] {logging_mixin.py:188} INFO - [2024-04-18T08:34:01.025+0000] {dagbag.py:540} INFO - Filling up the DagBag from /home/airflow/.local/lib/python3.12/site-packages/airflow/example_dags/example_sensors.py
[2024-04-18T08:34:01.036+0000] {processor.py:840} INFO - DAG(s) 'example_sensors' retrieved from /home/airflow/.local/lib/python3.12/site-packages/airflow/example_dags/example_sensors.py
[2024-04-18T08:34:01.066+0000] {logging_mixin.py:188} INFO - [2024-04-18T08:34:01.065+0000] {dag.py:3096} INFO - Sync 1 DAGs
[2024-04-18T08:34:01.079+0000] {logging_mixin.py:188} INFO - [2024-04-18T08:34:01.079+0000] {dag.py:3954} INFO - Setting next_dagrun for example_sensors to None, run_after=None
[2024-04-18T08:34:01.103+0000] {processor.py:183} INFO - Processing /home/airflow/.local/lib/python3.12/site-packages/airflow/example_dags/example_sensors.py took 0.086 seconds
[2024-04-18T08:34:31.273+0000] {processor.py:161} INFO - Started process (PID=4234) to work on /home/airflow/.local/lib/python3.12/site-packages/airflow/example_dags/example_sensors.py
[2024-04-18T08:34:31.273+0000] {processor.py:830} INFO - Processing file /home/airflow/.local/lib/python3.12/site-packages/airflow/example_dags/example_sensors.py for tasks to queue
[2024-04-18T08:34:31.275+0000] {logging_mixin.py:188} INFO - [2024-04-18T08:34:31.275+0000] {dagbag.py:540} INFO - Filling up the DagBag from /home/airflow/.local/lib/python3.12/site-packages/airflow/example_dags/example_sensors.py
[2024-04-18T08:34:31.286+0000] {processor.py:840} INFO - DAG(s) 'example_sensors' retrieved from /home/airflow/.local/lib/python3.12/site-packages/airflow/example_dags/example_sensors.py
[2024-04-18T08:34:31.315+0000] {logging_mixin.py:188} INFO - [2024-04-18T08:34:31.314+0000] {dag.py:3096} INFO - Sync 1 DAGs
[2024-04-18T08:34:31.328+0000] {logging_mixin.py:188} INFO - [2024-04-18T08:34:31.328+0000] {dag.py:3954} INFO - Setting next_dagrun for example_sensors to None, run_after=None
[2024-04-18T08:34:31.350+0000] {processor.py:183} INFO - Processing /home/airflow/.local/lib/python3.12/site-packages/airflow/example_dags/example_sensors.py took 0.083 seconds
[2024-04-18T08:35:01.877+0000] {processor.py:161} INFO - Started process (PID=4499) to work on /home/airflow/.local/lib/python3.12/site-packages/airflow/example_dags/example_sensors.py
[2024-04-18T08:35:01.878+0000] {processor.py:830} INFO - Processing file /home/airflow/.local/lib/python3.12/site-packages/airflow/example_dags/example_sensors.py for tasks to queue
[2024-04-18T08:35:01.880+0000] {logging_mixin.py:188} INFO - [2024-04-18T08:35:01.880+0000] {dagbag.py:540} INFO - Filling up the DagBag from /home/airflow/.local/lib/python3.12/site-packages/airflow/example_dags/example_sensors.py
[2024-04-18T08:35:01.891+0000] {processor.py:840} INFO - DAG(s) 'example_sensors' retrieved from /home/airflow/.local/lib/python3.12/site-packages/airflow/example_dags/example_sensors.py
[2024-04-18T08:35:01.920+0000] {logging_mixin.py:188} INFO - [2024-04-18T08:35:01.920+0000] {dag.py:3096} INFO - Sync 1 DAGs
[2024-04-18T08:35:01.934+0000] {logging_mixin.py:188} INFO - [2024-04-18T08:35:01.934+0000] {dag.py:3954} INFO - Setting next_dagrun for example_sensors to None, run_after=None
[2024-04-18T08:35:02.187+0000] {processor.py:183} INFO - Processing /home/airflow/.local/lib/python3.12/site-packages/airflow/example_dags/example_sensors.py took 0.315 seconds
[2024-04-18T08:35:32.338+0000] {processor.py:161} INFO - Started process (PID=4766) to work on /home/airflow/.local/lib/python3.12/site-packages/airflow/example_dags/example_sensors.py
[2024-04-18T08:35:32.339+0000] {processor.py:830} INFO - Processing file /home/airflow/.local/lib/python3.12/site-packages/airflow/example_dags/example_sensors.py for tasks to queue
[2024-04-18T08:35:32.340+0000] {logging_mixin.py:188} INFO - [2024-04-18T08:35:32.340+0000] {dagbag.py:540} INFO - Filling up the DagBag from /home/airflow/.local/lib/python3.12/site-packages/airflow/example_dags/example_sensors.py
[2024-04-18T08:35:32.351+0000] {processor.py:840} INFO - DAG(s) 'example_sensors' retrieved from /home/airflow/.local/lib/python3.12/site-packages/airflow/example_dags/example_sensors.py
[2024-04-18T08:35:32.379+0000] {logging_mixin.py:188} INFO - [2024-04-18T08:35:32.379+0000] {dag.py:3096} INFO - Sync 1 DAGs
[2024-04-18T08:35:32.392+0000] {logging_mixin.py:188} INFO - [2024-04-18T08:35:32.392+0000] {dag.py:3954} INFO - Setting next_dagrun for example_sensors to None, run_after=None
[2024-04-18T08:35:32.439+0000] {processor.py:183} INFO - Processing /home/airflow/.local/lib/python3.12/site-packages/airflow/example_dags/example_sensors.py took 0.107 seconds
[2024-04-18T08:36:03.161+0000] {processor.py:161} INFO - Started process (PID=5032) to work on /home/airflow/.local/lib/python3.12/site-packages/airflow/example_dags/example_sensors.py
[2024-04-18T08:36:03.162+0000] {processor.py:830} INFO - Processing file /home/airflow/.local/lib/python3.12/site-packages/airflow/example_dags/example_sensors.py for tasks to queue
[2024-04-18T08:36:03.163+0000] {logging_mixin.py:188} INFO - [2024-04-18T08:36:03.163+0000] {dagbag.py:540} INFO - Filling up the DagBag from /home/airflow/.local/lib/python3.12/site-packages/airflow/example_dags/example_sensors.py
[2024-04-18T08:36:03.174+0000] {processor.py:840} INFO - DAG(s) 'example_sensors' retrieved from /home/airflow/.local/lib/python3.12/site-packages/airflow/example_dags/example_sensors.py
[2024-04-18T08:36:03.200+0000] {logging_mixin.py:188} INFO - [2024-04-18T08:36:03.200+0000] {dag.py:3096} INFO - Sync 1 DAGs
[2024-04-18T08:36:03.213+0000] {logging_mixin.py:188} INFO - [2024-04-18T08:36:03.213+0000] {dag.py:3954} INFO - Setting next_dagrun for example_sensors to None, run_after=None
[2024-04-18T08:36:03.232+0000] {processor.py:183} INFO - Processing /home/airflow/.local/lib/python3.12/site-packages/airflow/example_dags/example_sensors.py took 0.078 seconds
[2024-04-18T08:36:33.886+0000] {processor.py:161} INFO - Started process (PID=5299) to work on /home/airflow/.local/lib/python3.12/site-packages/airflow/example_dags/example_sensors.py
[2024-04-18T08:36:33.887+0000] {processor.py:830} INFO - Processing file /home/airflow/.local/lib/python3.12/site-packages/airflow/example_dags/example_sensors.py for tasks to queue
[2024-04-18T08:36:33.889+0000] {logging_mixin.py:188} INFO - [2024-04-18T08:36:33.889+0000] {dagbag.py:540} INFO - Filling up the DagBag from /home/airflow/.local/lib/python3.12/site-packages/airflow/example_dags/example_sensors.py
[2024-04-18T08:36:33.903+0000] {processor.py:840} INFO - DAG(s) 'example_sensors' retrieved from /home/airflow/.local/lib/python3.12/site-packages/airflow/example_dags/example_sensors.py
[2024-04-18T08:36:33.933+0000] {logging_mixin.py:188} INFO - [2024-04-18T08:36:33.933+0000] {dag.py:3096} INFO - Sync 1 DAGs
[2024-04-18T08:36:33.946+0000] {logging_mixin.py:188} INFO - [2024-04-18T08:36:33.946+0000] {dag.py:3954} INFO - Setting next_dagrun for example_sensors to None, run_after=None
[2024-04-18T08:36:33.967+0000] {processor.py:183} INFO - Processing /home/airflow/.local/lib/python3.12/site-packages/airflow/example_dags/example_sensors.py took 0.087 seconds
[2024-04-18T08:37:05.312+0000] {processor.py:161} INFO - Started process (PID=5565) to work on /home/airflow/.local/lib/python3.12/site-packages/airflow/example_dags/example_sensors.py
[2024-04-18T08:37:05.313+0000] {processor.py:830} INFO - Processing file /home/airflow/.local/lib/python3.12/site-packages/airflow/example_dags/example_sensors.py for tasks to queue
[2024-04-18T08:37:05.315+0000] {logging_mixin.py:188} INFO - [2024-04-18T08:37:05.314+0000] {dagbag.py:540} INFO - Filling up the DagBag from /home/airflow/.local/lib/python3.12/site-packages/airflow/example_dags/example_sensors.py
[2024-04-18T08:37:05.327+0000] {processor.py:840} INFO - DAG(s) 'example_sensors' retrieved from /home/airflow/.local/lib/python3.12/site-packages/airflow/example_dags/example_sensors.py
[2024-04-18T08:37:05.554+0000] {logging_mixin.py:188} INFO - [2024-04-18T08:37:05.554+0000] {dag.py:3096} INFO - Sync 1 DAGs
[2024-04-18T08:37:05.571+0000] {logging_mixin.py:188} INFO - [2024-04-18T08:37:05.571+0000] {dag.py:3954} INFO - Setting next_dagrun for example_sensors to None, run_after=None
[2024-04-18T08:37:05.592+0000] {processor.py:183} INFO - Processing /home/airflow/.local/lib/python3.12/site-packages/airflow/example_dags/example_sensors.py took 0.286 seconds
[2024-04-18T08:37:35.996+0000] {processor.py:161} INFO - Started process (PID=5833) to work on /home/airflow/.local/lib/python3.12/site-packages/airflow/example_dags/example_sensors.py
[2024-04-18T08:37:35.997+0000] {processor.py:830} INFO - Processing file /home/airflow/.local/lib/python3.12/site-packages/airflow/example_dags/example_sensors.py for tasks to queue
[2024-04-18T08:37:35.999+0000] {logging_mixin.py:188} INFO - [2024-04-18T08:37:35.998+0000] {dagbag.py:540} INFO - Filling up the DagBag from /home/airflow/.local/lib/python3.12/site-packages/airflow/example_dags/example_sensors.py
[2024-04-18T08:37:36.010+0000] {processor.py:840} INFO - DAG(s) 'example_sensors' retrieved from /home/airflow/.local/lib/python3.12/site-packages/airflow/example_dags/example_sensors.py
[2024-04-18T08:37:36.040+0000] {logging_mixin.py:188} INFO - [2024-04-18T08:37:36.039+0000] {dag.py:3096} INFO - Sync 1 DAGs
[2024-04-18T08:37:36.055+0000] {logging_mixin.py:188} INFO - [2024-04-18T08:37:36.055+0000] {dag.py:3954} INFO - Setting next_dagrun for example_sensors to None, run_after=None
[2024-04-18T08:37:36.291+0000] {processor.py:183} INFO - Processing /home/airflow/.local/lib/python3.12/site-packages/airflow/example_dags/example_sensors.py took 0.301 seconds
[2024-04-18T08:38:07.026+0000] {processor.py:161} INFO - Started process (PID=6096) to work on /home/airflow/.local/lib/python3.12/site-packages/airflow/example_dags/example_sensors.py
[2024-04-18T08:38:07.034+0000] {processor.py:830} INFO - Processing file /home/airflow/.local/lib/python3.12/site-packages/airflow/example_dags/example_sensors.py for tasks to queue
[2024-04-18T08:38:07.036+0000] {logging_mixin.py:188} INFO - [2024-04-18T08:38:07.035+0000] {dagbag.py:540} INFO - Filling up the DagBag from /home/airflow/.local/lib/python3.12/site-packages/airflow/example_dags/example_sensors.py
[2024-04-18T08:38:07.046+0000] {processor.py:840} INFO - DAG(s) 'example_sensors' retrieved from /home/airflow/.local/lib/python3.12/site-packages/airflow/example_dags/example_sensors.py
[2024-04-18T08:38:07.080+0000] {logging_mixin.py:188} INFO - [2024-04-18T08:38:07.080+0000] {dag.py:3096} INFO - Sync 1 DAGs
[2024-04-18T08:38:07.151+0000] {logging_mixin.py:188} INFO - [2024-04-18T08:38:07.150+0000] {dag.py:3954} INFO - Setting next_dagrun for example_sensors to None, run_after=None
[2024-04-18T08:38:07.217+0000] {processor.py:183} INFO - Processing /home/airflow/.local/lib/python3.12/site-packages/airflow/example_dags/example_sensors.py took 0.207 seconds
[2024-04-18T08:38:37.885+0000] {processor.py:161} INFO - Started process (PID=6363) to work on /home/airflow/.local/lib/python3.12/site-packages/airflow/example_dags/example_sensors.py
[2024-04-18T08:38:37.886+0000] {processor.py:830} INFO - Processing file /home/airflow/.local/lib/python3.12/site-packages/airflow/example_dags/example_sensors.py for tasks to queue
[2024-04-18T08:38:37.888+0000] {logging_mixin.py:188} INFO - [2024-04-18T08:38:37.887+0000] {dagbag.py:540} INFO - Filling up the DagBag from /home/airflow/.local/lib/python3.12/site-packages/airflow/example_dags/example_sensors.py
[2024-04-18T08:38:38.165+0000] {processor.py:840} INFO - DAG(s) 'example_sensors' retrieved from /home/airflow/.local/lib/python3.12/site-packages/airflow/example_dags/example_sensors.py
[2024-04-18T08:38:38.190+0000] {logging_mixin.py:188} INFO - [2024-04-18T08:38:38.190+0000] {dag.py:3096} INFO - Sync 1 DAGs
[2024-04-18T08:38:38.201+0000] {logging_mixin.py:188} INFO - [2024-04-18T08:38:38.201+0000] {dag.py:3954} INFO - Setting next_dagrun for example_sensors to None, run_after=None
[2024-04-18T08:38:38.225+0000] {processor.py:183} INFO - Processing /home/airflow/.local/lib/python3.12/site-packages/airflow/example_dags/example_sensors.py took 0.347 seconds
[2024-04-18T08:39:08.610+0000] {processor.py:161} INFO - Started process (PID=6631) to work on /home/airflow/.local/lib/python3.12/site-packages/airflow/example_dags/example_sensors.py
[2024-04-18T08:39:08.615+0000] {processor.py:830} INFO - Processing file /home/airflow/.local/lib/python3.12/site-packages/airflow/example_dags/example_sensors.py for tasks to queue
[2024-04-18T08:39:08.620+0000] {logging_mixin.py:188} INFO - [2024-04-18T08:39:08.620+0000] {dagbag.py:540} INFO - Filling up the DagBag from /home/airflow/.local/lib/python3.12/site-packages/airflow/example_dags/example_sensors.py
[2024-04-18T08:39:08.649+0000] {processor.py:840} INFO - DAG(s) 'example_sensors' retrieved from /home/airflow/.local/lib/python3.12/site-packages/airflow/example_dags/example_sensors.py
[2024-04-18T08:39:08.712+0000] {logging_mixin.py:188} INFO - [2024-04-18T08:39:08.711+0000] {dag.py:3096} INFO - Sync 1 DAGs
[2024-04-18T08:39:08.737+0000] {logging_mixin.py:188} INFO - [2024-04-18T08:39:08.736+0000] {dag.py:3954} INFO - Setting next_dagrun for example_sensors to None, run_after=None
[2024-04-18T08:39:08.777+0000] {processor.py:183} INFO - Processing /home/airflow/.local/lib/python3.12/site-packages/airflow/example_dags/example_sensors.py took 0.187 seconds
[2024-04-18T08:39:39.817+0000] {processor.py:161} INFO - Started process (PID=6897) to work on /home/airflow/.local/lib/python3.12/site-packages/airflow/example_dags/example_sensors.py
[2024-04-18T08:39:39.820+0000] {processor.py:830} INFO - Processing file /home/airflow/.local/lib/python3.12/site-packages/airflow/example_dags/example_sensors.py for tasks to queue
[2024-04-18T08:39:39.827+0000] {logging_mixin.py:188} INFO - [2024-04-18T08:39:39.827+0000] {dagbag.py:540} INFO - Filling up the DagBag from /home/airflow/.local/lib/python3.12/site-packages/airflow/example_dags/example_sensors.py
[2024-04-18T08:39:39.851+0000] {processor.py:840} INFO - DAG(s) 'example_sensors' retrieved from /home/airflow/.local/lib/python3.12/site-packages/airflow/example_dags/example_sensors.py
[2024-04-18T08:39:39.879+0000] {logging_mixin.py:188} INFO - [2024-04-18T08:39:39.879+0000] {dag.py:3096} INFO - Sync 1 DAGs
[2024-04-18T08:39:39.905+0000] {logging_mixin.py:188} INFO - [2024-04-18T08:39:39.904+0000] {dag.py:3954} INFO - Setting next_dagrun for example_sensors to None, run_after=None
[2024-04-18T08:39:39.976+0000] {processor.py:183} INFO - Processing /home/airflow/.local/lib/python3.12/site-packages/airflow/example_dags/example_sensors.py took 0.175 seconds
[2024-04-18T08:40:10.268+0000] {processor.py:161} INFO - Started process (PID=7164) to work on /home/airflow/.local/lib/python3.12/site-packages/airflow/example_dags/example_sensors.py
[2024-04-18T08:40:10.269+0000] {processor.py:830} INFO - Processing file /home/airflow/.local/lib/python3.12/site-packages/airflow/example_dags/example_sensors.py for tasks to queue
[2024-04-18T08:40:10.271+0000] {logging_mixin.py:188} INFO - [2024-04-18T08:40:10.271+0000] {dagbag.py:540} INFO - Filling up the DagBag from /home/airflow/.local/lib/python3.12/site-packages/airflow/example_dags/example_sensors.py
[2024-04-18T08:40:10.286+0000] {processor.py:840} INFO - DAG(s) 'example_sensors' retrieved from /home/airflow/.local/lib/python3.12/site-packages/airflow/example_dags/example_sensors.py
[2024-04-18T08:40:10.316+0000] {logging_mixin.py:188} INFO - [2024-04-18T08:40:10.316+0000] {dag.py:3096} INFO - Sync 1 DAGs
[2024-04-18T08:40:10.332+0000] {logging_mixin.py:188} INFO - [2024-04-18T08:40:10.332+0000] {dag.py:3954} INFO - Setting next_dagrun for example_sensors to None, run_after=None
[2024-04-18T08:40:10.355+0000] {processor.py:183} INFO - Processing /home/airflow/.local/lib/python3.12/site-packages/airflow/example_dags/example_sensors.py took 0.093 seconds
[2024-04-18T08:40:41.128+0000] {processor.py:161} INFO - Started process (PID=7430) to work on /home/airflow/.local/lib/python3.12/site-packages/airflow/example_dags/example_sensors.py
[2024-04-18T08:40:41.129+0000] {processor.py:830} INFO - Processing file /home/airflow/.local/lib/python3.12/site-packages/airflow/example_dags/example_sensors.py for tasks to queue
[2024-04-18T08:40:41.131+0000] {logging_mixin.py:188} INFO - [2024-04-18T08:40:41.131+0000] {dagbag.py:540} INFO - Filling up the DagBag from /home/airflow/.local/lib/python3.12/site-packages/airflow/example_dags/example_sensors.py
[2024-04-18T08:40:41.142+0000] {processor.py:840} INFO - DAG(s) 'example_sensors' retrieved from /home/airflow/.local/lib/python3.12/site-packages/airflow/example_dags/example_sensors.py
[2024-04-18T08:40:41.174+0000] {logging_mixin.py:188} INFO - [2024-04-18T08:40:41.174+0000] {dag.py:3096} INFO - Sync 1 DAGs
[2024-04-18T08:40:41.188+0000] {logging_mixin.py:188} INFO - [2024-04-18T08:40:41.188+0000] {dag.py:3954} INFO - Setting next_dagrun for example_sensors to None, run_after=None
[2024-04-18T08:40:41.212+0000] {processor.py:183} INFO - Processing /home/airflow/.local/lib/python3.12/site-packages/airflow/example_dags/example_sensors.py took 0.089 seconds
[2024-04-18T08:41:11.869+0000] {processor.py:161} INFO - Started process (PID=7696) to work on /home/airflow/.local/lib/python3.12/site-packages/airflow/example_dags/example_sensors.py
[2024-04-18T08:41:11.870+0000] {processor.py:830} INFO - Processing file /home/airflow/.local/lib/python3.12/site-packages/airflow/example_dags/example_sensors.py for tasks to queue
[2024-04-18T08:41:11.872+0000] {logging_mixin.py:188} INFO - [2024-04-18T08:41:11.872+0000] {dagbag.py:540} INFO - Filling up the DagBag from /home/airflow/.local/lib/python3.12/site-packages/airflow/example_dags/example_sensors.py
[2024-04-18T08:41:11.883+0000] {processor.py:840} INFO - DAG(s) 'example_sensors' retrieved from /home/airflow/.local/lib/python3.12/site-packages/airflow/example_dags/example_sensors.py
[2024-04-18T08:41:11.912+0000] {logging_mixin.py:188} INFO - [2024-04-18T08:41:11.911+0000] {dag.py:3096} INFO - Sync 1 DAGs
[2024-04-18T08:41:11.925+0000] {logging_mixin.py:188} INFO - [2024-04-18T08:41:11.925+0000] {dag.py:3954} INFO - Setting next_dagrun for example_sensors to None, run_after=None
[2024-04-18T08:41:11.954+0000] {processor.py:183} INFO - Processing /home/airflow/.local/lib/python3.12/site-packages/airflow/example_dags/example_sensors.py took 0.092 seconds
[2024-04-18T08:41:42.834+0000] {processor.py:161} INFO - Started process (PID=7964) to work on /home/airflow/.local/lib/python3.12/site-packages/airflow/example_dags/example_sensors.py
[2024-04-18T08:41:42.835+0000] {processor.py:830} INFO - Processing file /home/airflow/.local/lib/python3.12/site-packages/airflow/example_dags/example_sensors.py for tasks to queue
[2024-04-18T08:41:42.837+0000] {logging_mixin.py:188} INFO - [2024-04-18T08:41:42.837+0000] {dagbag.py:540} INFO - Filling up the DagBag from /home/airflow/.local/lib/python3.12/site-packages/airflow/example_dags/example_sensors.py
[2024-04-18T08:41:42.847+0000] {processor.py:840} INFO - DAG(s) 'example_sensors' retrieved from /home/airflow/.local/lib/python3.12/site-packages/airflow/example_dags/example_sensors.py
[2024-04-18T08:41:42.876+0000] {logging_mixin.py:188} INFO - [2024-04-18T08:41:42.876+0000] {dag.py:3096} INFO - Sync 1 DAGs
[2024-04-18T08:41:42.891+0000] {logging_mixin.py:188} INFO - [2024-04-18T08:41:42.891+0000] {dag.py:3954} INFO - Setting next_dagrun for example_sensors to None, run_after=None
[2024-04-18T08:41:42.919+0000] {processor.py:183} INFO - Processing /home/airflow/.local/lib/python3.12/site-packages/airflow/example_dags/example_sensors.py took 0.090 seconds
[2024-04-18T08:42:13.574+0000] {processor.py:161} INFO - Started process (PID=8230) to work on /home/airflow/.local/lib/python3.12/site-packages/airflow/example_dags/example_sensors.py
[2024-04-18T08:42:13.575+0000] {processor.py:830} INFO - Processing file /home/airflow/.local/lib/python3.12/site-packages/airflow/example_dags/example_sensors.py for tasks to queue
[2024-04-18T08:42:13.578+0000] {logging_mixin.py:188} INFO - [2024-04-18T08:42:13.577+0000] {dagbag.py:540} INFO - Filling up the DagBag from /home/airflow/.local/lib/python3.12/site-packages/airflow/example_dags/example_sensors.py
[2024-04-18T08:42:13.588+0000] {processor.py:840} INFO - DAG(s) 'example_sensors' retrieved from /home/airflow/.local/lib/python3.12/site-packages/airflow/example_dags/example_sensors.py
[2024-04-18T08:42:13.618+0000] {logging_mixin.py:188} INFO - [2024-04-18T08:42:13.617+0000] {dag.py:3096} INFO - Sync 1 DAGs
[2024-04-18T08:42:13.631+0000] {logging_mixin.py:188} INFO - [2024-04-18T08:42:13.631+0000] {dag.py:3954} INFO - Setting next_dagrun for example_sensors to None, run_after=None
[2024-04-18T08:42:13.654+0000] {processor.py:183} INFO - Processing /home/airflow/.local/lib/python3.12/site-packages/airflow/example_dags/example_sensors.py took 0.086 seconds
[2024-04-18T08:42:44.173+0000] {processor.py:161} INFO - Started process (PID=8496) to work on /home/airflow/.local/lib/python3.12/site-packages/airflow/example_dags/example_sensors.py
[2024-04-18T08:42:44.174+0000] {processor.py:830} INFO - Processing file /home/airflow/.local/lib/python3.12/site-packages/airflow/example_dags/example_sensors.py for tasks to queue
[2024-04-18T08:42:44.175+0000] {logging_mixin.py:188} INFO - [2024-04-18T08:42:44.175+0000] {dagbag.py:540} INFO - Filling up the DagBag from /home/airflow/.local/lib/python3.12/site-packages/airflow/example_dags/example_sensors.py
[2024-04-18T08:42:44.187+0000] {processor.py:840} INFO - DAG(s) 'example_sensors' retrieved from /home/airflow/.local/lib/python3.12/site-packages/airflow/example_dags/example_sensors.py
[2024-04-18T08:42:44.225+0000] {logging_mixin.py:188} INFO - [2024-04-18T08:42:44.225+0000] {dag.py:3096} INFO - Sync 1 DAGs
[2024-04-18T08:42:44.238+0000] {logging_mixin.py:188} INFO - [2024-04-18T08:42:44.238+0000] {dag.py:3954} INFO - Setting next_dagrun for example_sensors to None, run_after=None
[2024-04-18T08:42:44.260+0000] {processor.py:183} INFO - Processing /home/airflow/.local/lib/python3.12/site-packages/airflow/example_dags/example_sensors.py took 0.093 seconds
[2024-04-18T08:43:15.175+0000] {processor.py:161} INFO - Started process (PID=8762) to work on /home/airflow/.local/lib/python3.12/site-packages/airflow/example_dags/example_sensors.py
[2024-04-18T08:43:15.176+0000] {processor.py:830} INFO - Processing file /home/airflow/.local/lib/python3.12/site-packages/airflow/example_dags/example_sensors.py for tasks to queue
[2024-04-18T08:43:15.179+0000] {logging_mixin.py:188} INFO - [2024-04-18T08:43:15.179+0000] {dagbag.py:540} INFO - Filling up the DagBag from /home/airflow/.local/lib/python3.12/site-packages/airflow/example_dags/example_sensors.py
[2024-04-18T08:43:15.190+0000] {processor.py:840} INFO - DAG(s) 'example_sensors' retrieved from /home/airflow/.local/lib/python3.12/site-packages/airflow/example_dags/example_sensors.py
[2024-04-18T08:43:15.222+0000] {logging_mixin.py:188} INFO - [2024-04-18T08:43:15.222+0000] {dag.py:3096} INFO - Sync 1 DAGs
[2024-04-18T08:43:15.240+0000] {logging_mixin.py:188} INFO - [2024-04-18T08:43:15.239+0000] {dag.py:3954} INFO - Setting next_dagrun for example_sensors to None, run_after=None
[2024-04-18T08:43:15.269+0000] {processor.py:183} INFO - Processing /home/airflow/.local/lib/python3.12/site-packages/airflow/example_dags/example_sensors.py took 0.100 seconds
[2024-04-18T08:43:45.845+0000] {processor.py:161} INFO - Started process (PID=9034) to work on /home/airflow/.local/lib/python3.12/site-packages/airflow/example_dags/example_sensors.py
[2024-04-18T08:43:45.845+0000] {processor.py:830} INFO - Processing file /home/airflow/.local/lib/python3.12/site-packages/airflow/example_dags/example_sensors.py for tasks to queue
[2024-04-18T08:43:45.847+0000] {logging_mixin.py:188} INFO - [2024-04-18T08:43:45.847+0000] {dagbag.py:540} INFO - Filling up the DagBag from /home/airflow/.local/lib/python3.12/site-packages/airflow/example_dags/example_sensors.py
[2024-04-18T08:43:45.858+0000] {processor.py:840} INFO - DAG(s) 'example_sensors' retrieved from /home/airflow/.local/lib/python3.12/site-packages/airflow/example_dags/example_sensors.py
[2024-04-18T08:43:45.888+0000] {logging_mixin.py:188} INFO - [2024-04-18T08:43:45.888+0000] {dag.py:3096} INFO - Sync 1 DAGs
[2024-04-18T08:43:45.904+0000] {logging_mixin.py:188} INFO - [2024-04-18T08:43:45.903+0000] {dag.py:3954} INFO - Setting next_dagrun for example_sensors to None, run_after=None
[2024-04-18T08:43:45.927+0000] {processor.py:183} INFO - Processing /home/airflow/.local/lib/python3.12/site-packages/airflow/example_dags/example_sensors.py took 0.088 seconds
[2024-04-18T08:44:16.723+0000] {processor.py:161} INFO - Started process (PID=9300) to work on /home/airflow/.local/lib/python3.12/site-packages/airflow/example_dags/example_sensors.py
[2024-04-18T08:44:16.724+0000] {processor.py:830} INFO - Processing file /home/airflow/.local/lib/python3.12/site-packages/airflow/example_dags/example_sensors.py for tasks to queue
[2024-04-18T08:44:16.726+0000] {logging_mixin.py:188} INFO - [2024-04-18T08:44:16.726+0000] {dagbag.py:540} INFO - Filling up the DagBag from /home/airflow/.local/lib/python3.12/site-packages/airflow/example_dags/example_sensors.py
[2024-04-18T08:44:16.739+0000] {processor.py:840} INFO - DAG(s) 'example_sensors' retrieved from /home/airflow/.local/lib/python3.12/site-packages/airflow/example_dags/example_sensors.py
[2024-04-18T08:44:16.767+0000] {logging_mixin.py:188} INFO - [2024-04-18T08:44:16.767+0000] {dag.py:3096} INFO - Sync 1 DAGs
[2024-04-18T08:44:16.781+0000] {logging_mixin.py:188} INFO - [2024-04-18T08:44:16.781+0000] {dag.py:3954} INFO - Setting next_dagrun for example_sensors to None, run_after=None
[2024-04-18T08:44:16.802+0000] {processor.py:183} INFO - Processing /home/airflow/.local/lib/python3.12/site-packages/airflow/example_dags/example_sensors.py took 0.085 seconds
[2024-04-18T08:44:47.780+0000] {processor.py:161} INFO - Started process (PID=9566) to work on /home/airflow/.local/lib/python3.12/site-packages/airflow/example_dags/example_sensors.py
[2024-04-18T08:44:47.781+0000] {processor.py:830} INFO - Processing file /home/airflow/.local/lib/python3.12/site-packages/airflow/example_dags/example_sensors.py for tasks to queue
[2024-04-18T08:44:47.784+0000] {logging_mixin.py:188} INFO - [2024-04-18T08:44:47.784+0000] {dagbag.py:540} INFO - Filling up the DagBag from /home/airflow/.local/lib/python3.12/site-packages/airflow/example_dags/example_sensors.py
[2024-04-18T08:44:47.795+0000] {processor.py:840} INFO - DAG(s) 'example_sensors' retrieved from /home/airflow/.local/lib/python3.12/site-packages/airflow/example_dags/example_sensors.py
[2024-04-18T08:44:47.826+0000] {logging_mixin.py:188} INFO - [2024-04-18T08:44:47.826+0000] {dag.py:3096} INFO - Sync 1 DAGs
[2024-04-18T08:44:47.840+0000] {logging_mixin.py:188} INFO - [2024-04-18T08:44:47.840+0000] {dag.py:3954} INFO - Setting next_dagrun for example_sensors to None, run_after=None
[2024-04-18T08:44:47.865+0000] {processor.py:183} INFO - Processing /home/airflow/.local/lib/python3.12/site-packages/airflow/example_dags/example_sensors.py took 0.090 seconds
[2024-04-18T08:45:18.144+0000] {processor.py:161} INFO - Started process (PID=9832) to work on /home/airflow/.local/lib/python3.12/site-packages/airflow/example_dags/example_sensors.py
[2024-04-18T08:45:18.155+0000] {processor.py:830} INFO - Processing file /home/airflow/.local/lib/python3.12/site-packages/airflow/example_dags/example_sensors.py for tasks to queue
[2024-04-18T08:45:18.156+0000] {logging_mixin.py:188} INFO - [2024-04-18T08:45:18.156+0000] {dagbag.py:540} INFO - Filling up the DagBag from /home/airflow/.local/lib/python3.12/site-packages/airflow/example_dags/example_sensors.py
[2024-04-18T08:45:18.243+0000] {processor.py:840} INFO - DAG(s) 'example_sensors' retrieved from /home/airflow/.local/lib/python3.12/site-packages/airflow/example_dags/example_sensors.py
[2024-04-18T08:45:18.337+0000] {logging_mixin.py:188} INFO - [2024-04-18T08:45:18.337+0000] {dag.py:3096} INFO - Sync 1 DAGs
[2024-04-18T08:45:18.374+0000] {logging_mixin.py:188} INFO - [2024-04-18T08:45:18.373+0000] {dag.py:3954} INFO - Setting next_dagrun for example_sensors to None, run_after=None
[2024-04-18T08:45:18.436+0000] {processor.py:183} INFO - Processing /home/airflow/.local/lib/python3.12/site-packages/airflow/example_dags/example_sensors.py took 0.308 seconds
[2024-04-18T08:45:48.739+0000] {processor.py:161} INFO - Started process (PID=10098) to work on /home/airflow/.local/lib/python3.12/site-packages/airflow/example_dags/example_sensors.py
[2024-04-18T08:45:48.740+0000] {processor.py:830} INFO - Processing file /home/airflow/.local/lib/python3.12/site-packages/airflow/example_dags/example_sensors.py for tasks to queue
[2024-04-18T08:45:48.742+0000] {logging_mixin.py:188} INFO - [2024-04-18T08:45:48.742+0000] {dagbag.py:540} INFO - Filling up the DagBag from /home/airflow/.local/lib/python3.12/site-packages/airflow/example_dags/example_sensors.py
[2024-04-18T08:45:48.752+0000] {processor.py:840} INFO - DAG(s) 'example_sensors' retrieved from /home/airflow/.local/lib/python3.12/site-packages/airflow/example_dags/example_sensors.py
[2024-04-18T08:45:48.791+0000] {logging_mixin.py:188} INFO - [2024-04-18T08:45:48.791+0000] {dag.py:3096} INFO - Sync 1 DAGs
[2024-04-18T08:45:48.803+0000] {logging_mixin.py:188} INFO - [2024-04-18T08:45:48.803+0000] {dag.py:3954} INFO - Setting next_dagrun for example_sensors to None, run_after=None
[2024-04-18T08:45:48.824+0000] {processor.py:183} INFO - Processing /home/airflow/.local/lib/python3.12/site-packages/airflow/example_dags/example_sensors.py took 0.092 seconds
[2024-04-18T08:46:19.611+0000] {processor.py:161} INFO - Started process (PID=10364) to work on /home/airflow/.local/lib/python3.12/site-packages/airflow/example_dags/example_sensors.py
[2024-04-18T08:46:19.613+0000] {processor.py:830} INFO - Processing file /home/airflow/.local/lib/python3.12/site-packages/airflow/example_dags/example_sensors.py for tasks to queue
[2024-04-18T08:46:19.615+0000] {logging_mixin.py:188} INFO - [2024-04-18T08:46:19.614+0000] {dagbag.py:540} INFO - Filling up the DagBag from /home/airflow/.local/lib/python3.12/site-packages/airflow/example_dags/example_sensors.py
[2024-04-18T08:46:19.624+0000] {processor.py:840} INFO - DAG(s) 'example_sensors' retrieved from /home/airflow/.local/lib/python3.12/site-packages/airflow/example_dags/example_sensors.py
[2024-04-18T08:46:19.666+0000] {logging_mixin.py:188} INFO - [2024-04-18T08:46:19.666+0000] {dag.py:3096} INFO - Sync 1 DAGs
[2024-04-18T08:46:19.685+0000] {logging_mixin.py:188} INFO - [2024-04-18T08:46:19.684+0000] {dag.py:3954} INFO - Setting next_dagrun for example_sensors to None, run_after=None
[2024-04-18T08:46:19.729+0000] {processor.py:183} INFO - Processing /home/airflow/.local/lib/python3.12/site-packages/airflow/example_dags/example_sensors.py took 0.124 seconds
[2024-04-18T08:46:50.688+0000] {processor.py:161} INFO - Started process (PID=10631) to work on /home/airflow/.local/lib/python3.12/site-packages/airflow/example_dags/example_sensors.py
[2024-04-18T08:46:50.689+0000] {processor.py:830} INFO - Processing file /home/airflow/.local/lib/python3.12/site-packages/airflow/example_dags/example_sensors.py for tasks to queue
[2024-04-18T08:46:50.691+0000] {logging_mixin.py:188} INFO - [2024-04-18T08:46:50.691+0000] {dagbag.py:540} INFO - Filling up the DagBag from /home/airflow/.local/lib/python3.12/site-packages/airflow/example_dags/example_sensors.py
[2024-04-18T08:46:50.708+0000] {processor.py:840} INFO - DAG(s) 'example_sensors' retrieved from /home/airflow/.local/lib/python3.12/site-packages/airflow/example_dags/example_sensors.py
[2024-04-18T08:46:50.737+0000] {logging_mixin.py:188} INFO - [2024-04-18T08:46:50.736+0000] {dag.py:3096} INFO - Sync 1 DAGs
[2024-04-18T08:46:50.756+0000] {logging_mixin.py:188} INFO - [2024-04-18T08:46:50.756+0000] {dag.py:3954} INFO - Setting next_dagrun for example_sensors to None, run_after=None
[2024-04-18T08:46:50.785+0000] {processor.py:183} INFO - Processing /home/airflow/.local/lib/python3.12/site-packages/airflow/example_dags/example_sensors.py took 0.107 seconds
[2024-04-18T08:47:21.641+0000] {processor.py:161} INFO - Started process (PID=10897) to work on /home/airflow/.local/lib/python3.12/site-packages/airflow/example_dags/example_sensors.py
[2024-04-18T08:47:21.643+0000] {processor.py:830} INFO - Processing file /home/airflow/.local/lib/python3.12/site-packages/airflow/example_dags/example_sensors.py for tasks to queue
[2024-04-18T08:47:21.653+0000] {logging_mixin.py:188} INFO - [2024-04-18T08:47:21.653+0000] {dagbag.py:540} INFO - Filling up the DagBag from /home/airflow/.local/lib/python3.12/site-packages/airflow/example_dags/example_sensors.py
[2024-04-18T08:47:21.680+0000] {processor.py:840} INFO - DAG(s) 'example_sensors' retrieved from /home/airflow/.local/lib/python3.12/site-packages/airflow/example_dags/example_sensors.py
[2024-04-18T08:47:21.761+0000] {logging_mixin.py:188} INFO - [2024-04-18T08:47:21.761+0000] {dag.py:3096} INFO - Sync 1 DAGs
[2024-04-18T08:47:21.786+0000] {logging_mixin.py:188} INFO - [2024-04-18T08:47:21.786+0000] {dag.py:3954} INFO - Setting next_dagrun for example_sensors to None, run_after=None
[2024-04-18T08:47:21.828+0000] {processor.py:183} INFO - Processing /home/airflow/.local/lib/python3.12/site-packages/airflow/example_dags/example_sensors.py took 0.193 seconds
[2024-04-18T08:47:51.945+0000] {processor.py:161} INFO - Started process (PID=11164) to work on /home/airflow/.local/lib/python3.12/site-packages/airflow/example_dags/example_sensors.py
[2024-04-18T08:47:51.946+0000] {processor.py:830} INFO - Processing file /home/airflow/.local/lib/python3.12/site-packages/airflow/example_dags/example_sensors.py for tasks to queue
[2024-04-18T08:47:51.947+0000] {logging_mixin.py:188} INFO - [2024-04-18T08:47:51.947+0000] {dagbag.py:540} INFO - Filling up the DagBag from /home/airflow/.local/lib/python3.12/site-packages/airflow/example_dags/example_sensors.py
[2024-04-18T08:47:51.959+0000] {processor.py:840} INFO - DAG(s) 'example_sensors' retrieved from /home/airflow/.local/lib/python3.12/site-packages/airflow/example_dags/example_sensors.py
[2024-04-18T08:47:51.995+0000] {logging_mixin.py:188} INFO - [2024-04-18T08:47:51.995+0000] {dag.py:3096} INFO - Sync 1 DAGs
[2024-04-18T08:47:52.015+0000] {logging_mixin.py:188} INFO - [2024-04-18T08:47:52.014+0000] {dag.py:3954} INFO - Setting next_dagrun for example_sensors to None, run_after=None
[2024-04-18T08:47:52.059+0000] {processor.py:183} INFO - Processing /home/airflow/.local/lib/python3.12/site-packages/airflow/example_dags/example_sensors.py took 0.120 seconds
[2024-04-18T08:48:22.186+0000] {processor.py:161} INFO - Started process (PID=11430) to work on /home/airflow/.local/lib/python3.12/site-packages/airflow/example_dags/example_sensors.py
[2024-04-18T08:48:22.187+0000] {processor.py:830} INFO - Processing file /home/airflow/.local/lib/python3.12/site-packages/airflow/example_dags/example_sensors.py for tasks to queue
[2024-04-18T08:48:22.189+0000] {logging_mixin.py:188} INFO - [2024-04-18T08:48:22.188+0000] {dagbag.py:540} INFO - Filling up the DagBag from /home/airflow/.local/lib/python3.12/site-packages/airflow/example_dags/example_sensors.py
[2024-04-18T08:48:22.199+0000] {processor.py:840} INFO - DAG(s) 'example_sensors' retrieved from /home/airflow/.local/lib/python3.12/site-packages/airflow/example_dags/example_sensors.py
[2024-04-18T08:48:22.230+0000] {logging_mixin.py:188} INFO - [2024-04-18T08:48:22.229+0000] {dag.py:3096} INFO - Sync 1 DAGs
[2024-04-18T08:48:22.244+0000] {logging_mixin.py:188} INFO - [2024-04-18T08:48:22.244+0000] {dag.py:3954} INFO - Setting next_dagrun for example_sensors to None, run_after=None
[2024-04-18T08:48:22.278+0000] {processor.py:183} INFO - Processing /home/airflow/.local/lib/python3.12/site-packages/airflow/example_dags/example_sensors.py took 0.099 seconds
[2024-04-18T08:48:52.870+0000] {processor.py:161} INFO - Started process (PID=11696) to work on /home/airflow/.local/lib/python3.12/site-packages/airflow/example_dags/example_sensors.py
[2024-04-18T08:48:52.871+0000] {processor.py:830} INFO - Processing file /home/airflow/.local/lib/python3.12/site-packages/airflow/example_dags/example_sensors.py for tasks to queue
[2024-04-18T08:48:52.873+0000] {logging_mixin.py:188} INFO - [2024-04-18T08:48:52.873+0000] {dagbag.py:540} INFO - Filling up the DagBag from /home/airflow/.local/lib/python3.12/site-packages/airflow/example_dags/example_sensors.py
[2024-04-18T08:48:52.883+0000] {processor.py:840} INFO - DAG(s) 'example_sensors' retrieved from /home/airflow/.local/lib/python3.12/site-packages/airflow/example_dags/example_sensors.py
[2024-04-18T08:48:52.913+0000] {logging_mixin.py:188} INFO - [2024-04-18T08:48:52.913+0000] {dag.py:3096} INFO - Sync 1 DAGs
[2024-04-18T08:48:52.928+0000] {logging_mixin.py:188} INFO - [2024-04-18T08:48:52.928+0000] {dag.py:3954} INFO - Setting next_dagrun for example_sensors to None, run_after=None
[2024-04-18T08:48:52.952+0000] {processor.py:183} INFO - Processing /home/airflow/.local/lib/python3.12/site-packages/airflow/example_dags/example_sensors.py took 0.088 seconds
