[2024-04-18T08:27:01.984+0000] {processor.py:161} INFO - Started process (PID=333) to work on /home/airflow/.local/lib/python3.12/site-packages/airflow/example_dags/example_task_group.py
[2024-04-18T08:27:01.994+0000] {processor.py:830} INFO - Processing file /home/airflow/.local/lib/python3.12/site-packages/airflow/example_dags/example_task_group.py for tasks to queue
[2024-04-18T08:27:02.001+0000] {logging_mixin.py:188} INFO - [2024-04-18T08:27:02.000+0000] {dagbag.py:540} INFO - Filling up the DagBag from /home/airflow/.local/lib/python3.12/site-packages/airflow/example_dags/example_task_group.py
[2024-04-18T08:27:02.023+0000] {processor.py:840} INFO - DAG(s) 'example_task_group' retrieved from /home/airflow/.local/lib/python3.12/site-packages/airflow/example_dags/example_task_group.py
[2024-04-18T08:27:02.085+0000] {logging_mixin.py:188} INFO - [2024-04-18T08:27:02.085+0000] {dag.py:3096} INFO - Sync 1 DAGs
[2024-04-18T08:27:02.143+0000] {logging_mixin.py:188} INFO - [2024-04-18T08:27:02.143+0000] {dag.py:3954} INFO - Setting next_dagrun for example_task_group to 2024-04-17 00:00:00+00:00, run_after=2024-04-18 00:00:00+00:00
[2024-04-18T08:27:02.181+0000] {processor.py:183} INFO - Processing /home/airflow/.local/lib/python3.12/site-packages/airflow/example_dags/example_task_group.py took 0.207 seconds
[2024-04-18T08:27:32.930+0000] {processor.py:161} INFO - Started process (PID=620) to work on /home/airflow/.local/lib/python3.12/site-packages/airflow/example_dags/example_task_group.py
[2024-04-18T08:27:32.931+0000] {processor.py:830} INFO - Processing file /home/airflow/.local/lib/python3.12/site-packages/airflow/example_dags/example_task_group.py for tasks to queue
[2024-04-18T08:27:32.933+0000] {logging_mixin.py:188} INFO - [2024-04-18T08:27:32.932+0000] {dagbag.py:540} INFO - Filling up the DagBag from /home/airflow/.local/lib/python3.12/site-packages/airflow/example_dags/example_task_group.py
[2024-04-18T08:27:32.942+0000] {processor.py:840} INFO - DAG(s) 'example_task_group' retrieved from /home/airflow/.local/lib/python3.12/site-packages/airflow/example_dags/example_task_group.py
[2024-04-18T08:27:32.964+0000] {logging_mixin.py:188} INFO - [2024-04-18T08:27:32.964+0000] {dag.py:3096} INFO - Sync 1 DAGs
[2024-04-18T08:27:32.988+0000] {logging_mixin.py:188} INFO - [2024-04-18T08:27:32.988+0000] {dag.py:3954} INFO - Setting next_dagrun for example_task_group to 2024-04-17 00:00:00+00:00, run_after=2024-04-18 00:00:00+00:00
[2024-04-18T08:27:33.011+0000] {processor.py:183} INFO - Processing /home/airflow/.local/lib/python3.12/site-packages/airflow/example_dags/example_task_group.py took 0.086 seconds
[2024-04-18T08:28:04.645+0000] {processor.py:161} INFO - Started process (PID=893) to work on /home/airflow/.local/lib/python3.12/site-packages/airflow/example_dags/example_task_group.py
[2024-04-18T08:28:04.646+0000] {processor.py:830} INFO - Processing file /home/airflow/.local/lib/python3.12/site-packages/airflow/example_dags/example_task_group.py for tasks to queue
[2024-04-18T08:28:04.647+0000] {logging_mixin.py:188} INFO - [2024-04-18T08:28:04.647+0000] {dagbag.py:540} INFO - Filling up the DagBag from /home/airflow/.local/lib/python3.12/site-packages/airflow/example_dags/example_task_group.py
[2024-04-18T08:28:04.655+0000] {processor.py:840} INFO - DAG(s) 'example_task_group' retrieved from /home/airflow/.local/lib/python3.12/site-packages/airflow/example_dags/example_task_group.py
[2024-04-18T08:28:04.680+0000] {logging_mixin.py:188} INFO - [2024-04-18T08:28:04.680+0000] {dag.py:3096} INFO - Sync 1 DAGs
[2024-04-18T08:28:04.739+0000] {logging_mixin.py:188} INFO - [2024-04-18T08:28:04.739+0000] {dag.py:3954} INFO - Setting next_dagrun for example_task_group to 2024-04-17 00:00:00+00:00, run_after=2024-04-18 00:00:00+00:00
[2024-04-18T08:28:04.780+0000] {processor.py:183} INFO - Processing /home/airflow/.local/lib/python3.12/site-packages/airflow/example_dags/example_task_group.py took 0.141 seconds
[2024-04-18T08:28:36.231+0000] {processor.py:161} INFO - Started process (PID=1161) to work on /home/airflow/.local/lib/python3.12/site-packages/airflow/example_dags/example_task_group.py
[2024-04-18T08:28:36.236+0000] {processor.py:830} INFO - Processing file /home/airflow/.local/lib/python3.12/site-packages/airflow/example_dags/example_task_group.py for tasks to queue
[2024-04-18T08:28:36.240+0000] {logging_mixin.py:188} INFO - [2024-04-18T08:28:36.240+0000] {dagbag.py:540} INFO - Filling up the DagBag from /home/airflow/.local/lib/python3.12/site-packages/airflow/example_dags/example_task_group.py
[2024-04-18T08:28:36.271+0000] {processor.py:840} INFO - DAG(s) 'example_task_group' retrieved from /home/airflow/.local/lib/python3.12/site-packages/airflow/example_dags/example_task_group.py
[2024-04-18T08:28:36.361+0000] {logging_mixin.py:188} INFO - [2024-04-18T08:28:36.361+0000] {dag.py:3096} INFO - Sync 1 DAGs
[2024-04-18T08:28:36.523+0000] {logging_mixin.py:188} INFO - [2024-04-18T08:28:36.523+0000] {dag.py:3954} INFO - Setting next_dagrun for example_task_group to 2024-04-17 00:00:00+00:00, run_after=2024-04-18 00:00:00+00:00
[2024-04-18T08:28:36.680+0000] {processor.py:183} INFO - Processing /home/airflow/.local/lib/python3.12/site-packages/airflow/example_dags/example_task_group.py took 0.468 seconds
[2024-04-18T08:29:07.250+0000] {processor.py:161} INFO - Started process (PID=1427) to work on /home/airflow/.local/lib/python3.12/site-packages/airflow/example_dags/example_task_group.py
[2024-04-18T08:29:07.252+0000] {processor.py:830} INFO - Processing file /home/airflow/.local/lib/python3.12/site-packages/airflow/example_dags/example_task_group.py for tasks to queue
[2024-04-18T08:29:07.254+0000] {logging_mixin.py:188} INFO - [2024-04-18T08:29:07.253+0000] {dagbag.py:540} INFO - Filling up the DagBag from /home/airflow/.local/lib/python3.12/site-packages/airflow/example_dags/example_task_group.py
[2024-04-18T08:29:07.262+0000] {processor.py:840} INFO - DAG(s) 'example_task_group' retrieved from /home/airflow/.local/lib/python3.12/site-packages/airflow/example_dags/example_task_group.py
[2024-04-18T08:29:07.283+0000] {logging_mixin.py:188} INFO - [2024-04-18T08:29:07.283+0000] {dag.py:3096} INFO - Sync 1 DAGs
[2024-04-18T08:29:07.307+0000] {logging_mixin.py:188} INFO - [2024-04-18T08:29:07.307+0000] {dag.py:3954} INFO - Setting next_dagrun for example_task_group to 2024-04-17 00:00:00+00:00, run_after=2024-04-18 00:00:00+00:00
[2024-04-18T08:29:07.326+0000] {processor.py:183} INFO - Processing /home/airflow/.local/lib/python3.12/site-packages/airflow/example_dags/example_task_group.py took 0.082 seconds
[2024-04-18T08:29:37.413+0000] {processor.py:161} INFO - Started process (PID=1692) to work on /home/airflow/.local/lib/python3.12/site-packages/airflow/example_dags/example_task_group.py
[2024-04-18T08:29:37.414+0000] {processor.py:830} INFO - Processing file /home/airflow/.local/lib/python3.12/site-packages/airflow/example_dags/example_task_group.py for tasks to queue
[2024-04-18T08:29:37.415+0000] {logging_mixin.py:188} INFO - [2024-04-18T08:29:37.415+0000] {dagbag.py:540} INFO - Filling up the DagBag from /home/airflow/.local/lib/python3.12/site-packages/airflow/example_dags/example_task_group.py
[2024-04-18T08:29:37.424+0000] {processor.py:840} INFO - DAG(s) 'example_task_group' retrieved from /home/airflow/.local/lib/python3.12/site-packages/airflow/example_dags/example_task_group.py
[2024-04-18T08:29:37.450+0000] {logging_mixin.py:188} INFO - [2024-04-18T08:29:37.449+0000] {dag.py:3096} INFO - Sync 1 DAGs
[2024-04-18T08:29:37.471+0000] {logging_mixin.py:188} INFO - [2024-04-18T08:29:37.471+0000] {dag.py:3954} INFO - Setting next_dagrun for example_task_group to 2024-04-17 00:00:00+00:00, run_after=2024-04-18 00:00:00+00:00
[2024-04-18T08:29:37.504+0000] {processor.py:183} INFO - Processing /home/airflow/.local/lib/python3.12/site-packages/airflow/example_dags/example_task_group.py took 0.097 seconds
[2024-04-18T08:30:07.579+0000] {processor.py:161} INFO - Started process (PID=1959) to work on /home/airflow/.local/lib/python3.12/site-packages/airflow/example_dags/example_task_group.py
[2024-04-18T08:30:07.580+0000] {processor.py:830} INFO - Processing file /home/airflow/.local/lib/python3.12/site-packages/airflow/example_dags/example_task_group.py for tasks to queue
[2024-04-18T08:30:07.582+0000] {logging_mixin.py:188} INFO - [2024-04-18T08:30:07.581+0000] {dagbag.py:540} INFO - Filling up the DagBag from /home/airflow/.local/lib/python3.12/site-packages/airflow/example_dags/example_task_group.py
[2024-04-18T08:30:07.590+0000] {processor.py:840} INFO - DAG(s) 'example_task_group' retrieved from /home/airflow/.local/lib/python3.12/site-packages/airflow/example_dags/example_task_group.py
[2024-04-18T08:30:07.622+0000] {logging_mixin.py:188} INFO - [2024-04-18T08:30:07.622+0000] {dag.py:3096} INFO - Sync 1 DAGs
[2024-04-18T08:30:07.645+0000] {logging_mixin.py:188} INFO - [2024-04-18T08:30:07.645+0000] {dag.py:3954} INFO - Setting next_dagrun for example_task_group to 2024-04-17 00:00:00+00:00, run_after=2024-04-18 00:00:00+00:00
[2024-04-18T08:30:07.667+0000] {processor.py:183} INFO - Processing /home/airflow/.local/lib/python3.12/site-packages/airflow/example_dags/example_task_group.py took 0.094 seconds
[2024-04-18T08:30:38.120+0000] {processor.py:161} INFO - Started process (PID=2226) to work on /home/airflow/.local/lib/python3.12/site-packages/airflow/example_dags/example_task_group.py
[2024-04-18T08:30:38.121+0000] {processor.py:830} INFO - Processing file /home/airflow/.local/lib/python3.12/site-packages/airflow/example_dags/example_task_group.py for tasks to queue
[2024-04-18T08:30:38.123+0000] {logging_mixin.py:188} INFO - [2024-04-18T08:30:38.122+0000] {dagbag.py:540} INFO - Filling up the DagBag from /home/airflow/.local/lib/python3.12/site-packages/airflow/example_dags/example_task_group.py
[2024-04-18T08:30:38.134+0000] {processor.py:840} INFO - DAG(s) 'example_task_group' retrieved from /home/airflow/.local/lib/python3.12/site-packages/airflow/example_dags/example_task_group.py
[2024-04-18T08:30:38.156+0000] {logging_mixin.py:188} INFO - [2024-04-18T08:30:38.156+0000] {dag.py:3096} INFO - Sync 1 DAGs
[2024-04-18T08:30:38.179+0000] {logging_mixin.py:188} INFO - [2024-04-18T08:30:38.179+0000] {dag.py:3954} INFO - Setting next_dagrun for example_task_group to 2024-04-17 00:00:00+00:00, run_after=2024-04-18 00:00:00+00:00
[2024-04-18T08:30:38.199+0000] {processor.py:183} INFO - Processing /home/airflow/.local/lib/python3.12/site-packages/airflow/example_dags/example_task_group.py took 0.086 seconds
[2024-04-18T08:31:08.532+0000] {processor.py:161} INFO - Started process (PID=2492) to work on /home/airflow/.local/lib/python3.12/site-packages/airflow/example_dags/example_task_group.py
[2024-04-18T08:31:08.533+0000] {processor.py:830} INFO - Processing file /home/airflow/.local/lib/python3.12/site-packages/airflow/example_dags/example_task_group.py for tasks to queue
[2024-04-18T08:31:08.535+0000] {logging_mixin.py:188} INFO - [2024-04-18T08:31:08.535+0000] {dagbag.py:540} INFO - Filling up the DagBag from /home/airflow/.local/lib/python3.12/site-packages/airflow/example_dags/example_task_group.py
[2024-04-18T08:31:08.544+0000] {processor.py:840} INFO - DAG(s) 'example_task_group' retrieved from /home/airflow/.local/lib/python3.12/site-packages/airflow/example_dags/example_task_group.py
[2024-04-18T08:31:08.567+0000] {logging_mixin.py:188} INFO - [2024-04-18T08:31:08.567+0000] {dag.py:3096} INFO - Sync 1 DAGs
[2024-04-18T08:31:08.598+0000] {logging_mixin.py:188} INFO - [2024-04-18T08:31:08.598+0000] {dag.py:3954} INFO - Setting next_dagrun for example_task_group to 2024-04-17 00:00:00+00:00, run_after=2024-04-18 00:00:00+00:00
[2024-04-18T08:31:08.619+0000] {processor.py:183} INFO - Processing /home/airflow/.local/lib/python3.12/site-packages/airflow/example_dags/example_task_group.py took 0.093 seconds
[2024-04-18T08:31:38.865+0000] {processor.py:161} INFO - Started process (PID=2758) to work on /home/airflow/.local/lib/python3.12/site-packages/airflow/example_dags/example_task_group.py
[2024-04-18T08:31:38.866+0000] {processor.py:830} INFO - Processing file /home/airflow/.local/lib/python3.12/site-packages/airflow/example_dags/example_task_group.py for tasks to queue
[2024-04-18T08:31:38.867+0000] {logging_mixin.py:188} INFO - [2024-04-18T08:31:38.867+0000] {dagbag.py:540} INFO - Filling up the DagBag from /home/airflow/.local/lib/python3.12/site-packages/airflow/example_dags/example_task_group.py
[2024-04-18T08:31:38.876+0000] {processor.py:840} INFO - DAG(s) 'example_task_group' retrieved from /home/airflow/.local/lib/python3.12/site-packages/airflow/example_dags/example_task_group.py
[2024-04-18T08:31:38.902+0000] {logging_mixin.py:188} INFO - [2024-04-18T08:31:38.901+0000] {dag.py:3096} INFO - Sync 1 DAGs
[2024-04-18T08:31:38.930+0000] {logging_mixin.py:188} INFO - [2024-04-18T08:31:38.930+0000] {dag.py:3954} INFO - Setting next_dagrun for example_task_group to 2024-04-17 00:00:00+00:00, run_after=2024-04-18 00:00:00+00:00
[2024-04-18T08:31:38.969+0000] {processor.py:183} INFO - Processing /home/airflow/.local/lib/python3.12/site-packages/airflow/example_dags/example_task_group.py took 0.110 seconds
[2024-04-18T08:32:09.804+0000] {processor.py:161} INFO - Started process (PID=3025) to work on /home/airflow/.local/lib/python3.12/site-packages/airflow/example_dags/example_task_group.py
[2024-04-18T08:32:09.804+0000] {processor.py:830} INFO - Processing file /home/airflow/.local/lib/python3.12/site-packages/airflow/example_dags/example_task_group.py for tasks to queue
[2024-04-18T08:32:09.806+0000] {logging_mixin.py:188} INFO - [2024-04-18T08:32:09.806+0000] {dagbag.py:540} INFO - Filling up the DagBag from /home/airflow/.local/lib/python3.12/site-packages/airflow/example_dags/example_task_group.py
[2024-04-18T08:32:09.814+0000] {processor.py:840} INFO - DAG(s) 'example_task_group' retrieved from /home/airflow/.local/lib/python3.12/site-packages/airflow/example_dags/example_task_group.py
[2024-04-18T08:32:09.837+0000] {logging_mixin.py:188} INFO - [2024-04-18T08:32:09.837+0000] {dag.py:3096} INFO - Sync 1 DAGs
[2024-04-18T08:32:09.866+0000] {logging_mixin.py:188} INFO - [2024-04-18T08:32:09.866+0000] {dag.py:3954} INFO - Setting next_dagrun for example_task_group to 2024-04-17 00:00:00+00:00, run_after=2024-04-18 00:00:00+00:00
[2024-04-18T08:32:09.889+0000] {processor.py:183} INFO - Processing /home/airflow/.local/lib/python3.12/site-packages/airflow/example_dags/example_task_group.py took 0.092 seconds
[2024-04-18T08:32:40.560+0000] {processor.py:161} INFO - Started process (PID=3292) to work on /home/airflow/.local/lib/python3.12/site-packages/airflow/example_dags/example_task_group.py
[2024-04-18T08:32:40.561+0000] {processor.py:830} INFO - Processing file /home/airflow/.local/lib/python3.12/site-packages/airflow/example_dags/example_task_group.py for tasks to queue
[2024-04-18T08:32:40.563+0000] {logging_mixin.py:188} INFO - [2024-04-18T08:32:40.562+0000] {dagbag.py:540} INFO - Filling up the DagBag from /home/airflow/.local/lib/python3.12/site-packages/airflow/example_dags/example_task_group.py
[2024-04-18T08:32:40.577+0000] {processor.py:840} INFO - DAG(s) 'example_task_group' retrieved from /home/airflow/.local/lib/python3.12/site-packages/airflow/example_dags/example_task_group.py
[2024-04-18T08:32:40.600+0000] {logging_mixin.py:188} INFO - [2024-04-18T08:32:40.600+0000] {dag.py:3096} INFO - Sync 1 DAGs
[2024-04-18T08:32:40.622+0000] {logging_mixin.py:188} INFO - [2024-04-18T08:32:40.622+0000] {dag.py:3954} INFO - Setting next_dagrun for example_task_group to 2024-04-17 00:00:00+00:00, run_after=2024-04-18 00:00:00+00:00
[2024-04-18T08:32:40.641+0000] {processor.py:183} INFO - Processing /home/airflow/.local/lib/python3.12/site-packages/airflow/example_dags/example_task_group.py took 0.087 seconds
[2024-04-18T08:33:10.940+0000] {processor.py:161} INFO - Started process (PID=3558) to work on /home/airflow/.local/lib/python3.12/site-packages/airflow/example_dags/example_task_group.py
[2024-04-18T08:33:10.944+0000] {processor.py:830} INFO - Processing file /home/airflow/.local/lib/python3.12/site-packages/airflow/example_dags/example_task_group.py for tasks to queue
[2024-04-18T08:33:10.947+0000] {logging_mixin.py:188} INFO - [2024-04-18T08:33:10.946+0000] {dagbag.py:540} INFO - Filling up the DagBag from /home/airflow/.local/lib/python3.12/site-packages/airflow/example_dags/example_task_group.py
[2024-04-18T08:33:10.955+0000] {processor.py:840} INFO - DAG(s) 'example_task_group' retrieved from /home/airflow/.local/lib/python3.12/site-packages/airflow/example_dags/example_task_group.py
[2024-04-18T08:33:10.991+0000] {logging_mixin.py:188} INFO - [2024-04-18T08:33:10.991+0000] {dag.py:3096} INFO - Sync 1 DAGs
[2024-04-18T08:33:11.014+0000] {logging_mixin.py:188} INFO - [2024-04-18T08:33:11.014+0000] {dag.py:3954} INFO - Setting next_dagrun for example_task_group to 2024-04-17 00:00:00+00:00, run_after=2024-04-18 00:00:00+00:00
[2024-04-18T08:33:11.063+0000] {processor.py:183} INFO - Processing /home/airflow/.local/lib/python3.12/site-packages/airflow/example_dags/example_task_group.py took 0.136 seconds
[2024-04-18T08:33:41.695+0000] {processor.py:161} INFO - Started process (PID=3824) to work on /home/airflow/.local/lib/python3.12/site-packages/airflow/example_dags/example_task_group.py
[2024-04-18T08:33:41.705+0000] {processor.py:830} INFO - Processing file /home/airflow/.local/lib/python3.12/site-packages/airflow/example_dags/example_task_group.py for tasks to queue
[2024-04-18T08:33:41.706+0000] {logging_mixin.py:188} INFO - [2024-04-18T08:33:41.706+0000] {dagbag.py:540} INFO - Filling up the DagBag from /home/airflow/.local/lib/python3.12/site-packages/airflow/example_dags/example_task_group.py
[2024-04-18T08:33:41.725+0000] {processor.py:840} INFO - DAG(s) 'example_task_group' retrieved from /home/airflow/.local/lib/python3.12/site-packages/airflow/example_dags/example_task_group.py
[2024-04-18T08:33:41.766+0000] {logging_mixin.py:188} INFO - [2024-04-18T08:33:41.766+0000] {dag.py:3096} INFO - Sync 1 DAGs
[2024-04-18T08:33:41.802+0000] {logging_mixin.py:188} INFO - [2024-04-18T08:33:41.802+0000] {dag.py:3954} INFO - Setting next_dagrun for example_task_group to 2024-04-17 00:00:00+00:00, run_after=2024-04-18 00:00:00+00:00
[2024-04-18T08:33:41.832+0000] {processor.py:183} INFO - Processing /home/airflow/.local/lib/python3.12/site-packages/airflow/example_dags/example_task_group.py took 0.149 seconds
[2024-04-18T08:34:12.291+0000] {processor.py:161} INFO - Started process (PID=4091) to work on /home/airflow/.local/lib/python3.12/site-packages/airflow/example_dags/example_task_group.py
[2024-04-18T08:34:12.292+0000] {processor.py:830} INFO - Processing file /home/airflow/.local/lib/python3.12/site-packages/airflow/example_dags/example_task_group.py for tasks to queue
[2024-04-18T08:34:12.305+0000] {logging_mixin.py:188} INFO - [2024-04-18T08:34:12.305+0000] {dagbag.py:540} INFO - Filling up the DagBag from /home/airflow/.local/lib/python3.12/site-packages/airflow/example_dags/example_task_group.py
[2024-04-18T08:34:12.326+0000] {processor.py:840} INFO - DAG(s) 'example_task_group' retrieved from /home/airflow/.local/lib/python3.12/site-packages/airflow/example_dags/example_task_group.py
[2024-04-18T08:34:12.354+0000] {logging_mixin.py:188} INFO - [2024-04-18T08:34:12.354+0000] {dag.py:3096} INFO - Sync 1 DAGs
[2024-04-18T08:34:12.391+0000] {logging_mixin.py:188} INFO - [2024-04-18T08:34:12.391+0000] {dag.py:3954} INFO - Setting next_dagrun for example_task_group to 2024-04-17 00:00:00+00:00, run_after=2024-04-18 00:00:00+00:00
[2024-04-18T08:34:12.437+0000] {processor.py:183} INFO - Processing /home/airflow/.local/lib/python3.12/site-packages/airflow/example_dags/example_task_group.py took 0.153 seconds
[2024-04-18T08:34:42.863+0000] {processor.py:161} INFO - Started process (PID=4359) to work on /home/airflow/.local/lib/python3.12/site-packages/airflow/example_dags/example_task_group.py
[2024-04-18T08:34:42.864+0000] {processor.py:830} INFO - Processing file /home/airflow/.local/lib/python3.12/site-packages/airflow/example_dags/example_task_group.py for tasks to queue
[2024-04-18T08:34:42.866+0000] {logging_mixin.py:188} INFO - [2024-04-18T08:34:42.865+0000] {dagbag.py:540} INFO - Filling up the DagBag from /home/airflow/.local/lib/python3.12/site-packages/airflow/example_dags/example_task_group.py
[2024-04-18T08:34:42.874+0000] {processor.py:840} INFO - DAG(s) 'example_task_group' retrieved from /home/airflow/.local/lib/python3.12/site-packages/airflow/example_dags/example_task_group.py
[2024-04-18T08:34:42.897+0000] {logging_mixin.py:188} INFO - [2024-04-18T08:34:42.897+0000] {dag.py:3096} INFO - Sync 1 DAGs
[2024-04-18T08:34:42.920+0000] {logging_mixin.py:188} INFO - [2024-04-18T08:34:42.920+0000] {dag.py:3954} INFO - Setting next_dagrun for example_task_group to 2024-04-17 00:00:00+00:00, run_after=2024-04-18 00:00:00+00:00
[2024-04-18T08:34:42.942+0000] {processor.py:183} INFO - Processing /home/airflow/.local/lib/python3.12/site-packages/airflow/example_dags/example_task_group.py took 0.085 seconds
[2024-04-18T08:35:13.404+0000] {processor.py:161} INFO - Started process (PID=4626) to work on /home/airflow/.local/lib/python3.12/site-packages/airflow/example_dags/example_task_group.py
[2024-04-18T08:35:13.407+0000] {processor.py:830} INFO - Processing file /home/airflow/.local/lib/python3.12/site-packages/airflow/example_dags/example_task_group.py for tasks to queue
[2024-04-18T08:35:13.408+0000] {logging_mixin.py:188} INFO - [2024-04-18T08:35:13.408+0000] {dagbag.py:540} INFO - Filling up the DagBag from /home/airflow/.local/lib/python3.12/site-packages/airflow/example_dags/example_task_group.py
[2024-04-18T08:35:13.417+0000] {processor.py:840} INFO - DAG(s) 'example_task_group' retrieved from /home/airflow/.local/lib/python3.12/site-packages/airflow/example_dags/example_task_group.py
[2024-04-18T08:35:13.468+0000] {logging_mixin.py:188} INFO - [2024-04-18T08:35:13.468+0000] {dag.py:3096} INFO - Sync 1 DAGs
[2024-04-18T08:35:13.518+0000] {logging_mixin.py:188} INFO - [2024-04-18T08:35:13.518+0000] {dag.py:3954} INFO - Setting next_dagrun for example_task_group to 2024-04-17 00:00:00+00:00, run_after=2024-04-18 00:00:00+00:00
[2024-04-18T08:35:13.540+0000] {processor.py:183} INFO - Processing /home/airflow/.local/lib/python3.12/site-packages/airflow/example_dags/example_task_group.py took 0.142 seconds
[2024-04-18T08:35:44.496+0000] {processor.py:161} INFO - Started process (PID=4897) to work on /home/airflow/.local/lib/python3.12/site-packages/airflow/example_dags/example_task_group.py
[2024-04-18T08:35:44.500+0000] {processor.py:830} INFO - Processing file /home/airflow/.local/lib/python3.12/site-packages/airflow/example_dags/example_task_group.py for tasks to queue
[2024-04-18T08:35:44.505+0000] {logging_mixin.py:188} INFO - [2024-04-18T08:35:44.505+0000] {dagbag.py:540} INFO - Filling up the DagBag from /home/airflow/.local/lib/python3.12/site-packages/airflow/example_dags/example_task_group.py
[2024-04-18T08:35:44.520+0000] {processor.py:840} INFO - DAG(s) 'example_task_group' retrieved from /home/airflow/.local/lib/python3.12/site-packages/airflow/example_dags/example_task_group.py
[2024-04-18T08:35:44.543+0000] {logging_mixin.py:188} INFO - [2024-04-18T08:35:44.543+0000] {dag.py:3096} INFO - Sync 1 DAGs
[2024-04-18T08:35:44.753+0000] {logging_mixin.py:188} INFO - [2024-04-18T08:35:44.753+0000] {dag.py:3954} INFO - Setting next_dagrun for example_task_group to 2024-04-17 00:00:00+00:00, run_after=2024-04-18 00:00:00+00:00
[2024-04-18T08:35:44.773+0000] {processor.py:183} INFO - Processing /home/airflow/.local/lib/python3.12/site-packages/airflow/example_dags/example_task_group.py took 0.291 seconds
[2024-04-18T08:36:14.845+0000] {processor.py:161} INFO - Started process (PID=5164) to work on /home/airflow/.local/lib/python3.12/site-packages/airflow/example_dags/example_task_group.py
[2024-04-18T08:36:14.846+0000] {processor.py:830} INFO - Processing file /home/airflow/.local/lib/python3.12/site-packages/airflow/example_dags/example_task_group.py for tasks to queue
[2024-04-18T08:36:14.852+0000] {logging_mixin.py:188} INFO - [2024-04-18T08:36:14.852+0000] {dagbag.py:540} INFO - Filling up the DagBag from /home/airflow/.local/lib/python3.12/site-packages/airflow/example_dags/example_task_group.py
[2024-04-18T08:36:14.879+0000] {processor.py:840} INFO - DAG(s) 'example_task_group' retrieved from /home/airflow/.local/lib/python3.12/site-packages/airflow/example_dags/example_task_group.py
[2024-04-18T08:36:14.908+0000] {logging_mixin.py:188} INFO - [2024-04-18T08:36:14.907+0000] {dag.py:3096} INFO - Sync 1 DAGs
[2024-04-18T08:36:14.944+0000] {logging_mixin.py:188} INFO - [2024-04-18T08:36:14.943+0000] {dag.py:3954} INFO - Setting next_dagrun for example_task_group to 2024-04-17 00:00:00+00:00, run_after=2024-04-18 00:00:00+00:00
[2024-04-18T08:36:15.115+0000] {processor.py:183} INFO - Processing /home/airflow/.local/lib/python3.12/site-packages/airflow/example_dags/example_task_group.py took 0.278 seconds
[2024-04-18T08:36:45.566+0000] {processor.py:161} INFO - Started process (PID=5432) to work on /home/airflow/.local/lib/python3.12/site-packages/airflow/example_dags/example_task_group.py
[2024-04-18T08:36:45.567+0000] {processor.py:830} INFO - Processing file /home/airflow/.local/lib/python3.12/site-packages/airflow/example_dags/example_task_group.py for tasks to queue
[2024-04-18T08:36:45.569+0000] {logging_mixin.py:188} INFO - [2024-04-18T08:36:45.568+0000] {dagbag.py:540} INFO - Filling up the DagBag from /home/airflow/.local/lib/python3.12/site-packages/airflow/example_dags/example_task_group.py
[2024-04-18T08:36:45.577+0000] {processor.py:840} INFO - DAG(s) 'example_task_group' retrieved from /home/airflow/.local/lib/python3.12/site-packages/airflow/example_dags/example_task_group.py
[2024-04-18T08:36:45.600+0000] {logging_mixin.py:188} INFO - [2024-04-18T08:36:45.600+0000] {dag.py:3096} INFO - Sync 1 DAGs
[2024-04-18T08:36:45.624+0000] {logging_mixin.py:188} INFO - [2024-04-18T08:36:45.624+0000] {dag.py:3954} INFO - Setting next_dagrun for example_task_group to 2024-04-17 00:00:00+00:00, run_after=2024-04-18 00:00:00+00:00
[2024-04-18T08:36:45.647+0000] {processor.py:183} INFO - Processing /home/airflow/.local/lib/python3.12/site-packages/airflow/example_dags/example_task_group.py took 0.087 seconds
[2024-04-18T08:37:16.011+0000] {processor.py:161} INFO - Started process (PID=5696) to work on /home/airflow/.local/lib/python3.12/site-packages/airflow/example_dags/example_task_group.py
[2024-04-18T08:37:16.012+0000] {processor.py:830} INFO - Processing file /home/airflow/.local/lib/python3.12/site-packages/airflow/example_dags/example_task_group.py for tasks to queue
[2024-04-18T08:37:16.014+0000] {logging_mixin.py:188} INFO - [2024-04-18T08:37:16.014+0000] {dagbag.py:540} INFO - Filling up the DagBag from /home/airflow/.local/lib/python3.12/site-packages/airflow/example_dags/example_task_group.py
[2024-04-18T08:37:16.025+0000] {processor.py:840} INFO - DAG(s) 'example_task_group' retrieved from /home/airflow/.local/lib/python3.12/site-packages/airflow/example_dags/example_task_group.py
[2024-04-18T08:37:16.060+0000] {logging_mixin.py:188} INFO - [2024-04-18T08:37:16.059+0000] {dag.py:3096} INFO - Sync 1 DAGs
[2024-04-18T08:37:16.120+0000] {logging_mixin.py:188} INFO - [2024-04-18T08:37:16.120+0000] {dag.py:3954} INFO - Setting next_dagrun for example_task_group to 2024-04-17 00:00:00+00:00, run_after=2024-04-18 00:00:00+00:00
[2024-04-18T08:37:16.175+0000] {processor.py:183} INFO - Processing /home/airflow/.local/lib/python3.12/site-packages/airflow/example_dags/example_task_group.py took 0.170 seconds
[2024-04-18T08:37:47.202+0000] {processor.py:161} INFO - Started process (PID=5961) to work on /home/airflow/.local/lib/python3.12/site-packages/airflow/example_dags/example_task_group.py
[2024-04-18T08:37:47.203+0000] {processor.py:830} INFO - Processing file /home/airflow/.local/lib/python3.12/site-packages/airflow/example_dags/example_task_group.py for tasks to queue
[2024-04-18T08:37:47.205+0000] {logging_mixin.py:188} INFO - [2024-04-18T08:37:47.205+0000] {dagbag.py:540} INFO - Filling up the DagBag from /home/airflow/.local/lib/python3.12/site-packages/airflow/example_dags/example_task_group.py
[2024-04-18T08:37:47.213+0000] {processor.py:840} INFO - DAG(s) 'example_task_group' retrieved from /home/airflow/.local/lib/python3.12/site-packages/airflow/example_dags/example_task_group.py
[2024-04-18T08:37:47.236+0000] {logging_mixin.py:188} INFO - [2024-04-18T08:37:47.236+0000] {dag.py:3096} INFO - Sync 1 DAGs
[2024-04-18T08:37:47.464+0000] {logging_mixin.py:188} INFO - [2024-04-18T08:37:47.463+0000] {dag.py:3954} INFO - Setting next_dagrun for example_task_group to 2024-04-17 00:00:00+00:00, run_after=2024-04-18 00:00:00+00:00
[2024-04-18T08:37:47.483+0000] {processor.py:183} INFO - Processing /home/airflow/.local/lib/python3.12/site-packages/airflow/example_dags/example_task_group.py took 0.286 seconds
[2024-04-18T08:38:17.679+0000] {processor.py:161} INFO - Started process (PID=6228) to work on /home/airflow/.local/lib/python3.12/site-packages/airflow/example_dags/example_task_group.py
[2024-04-18T08:38:17.680+0000] {processor.py:830} INFO - Processing file /home/airflow/.local/lib/python3.12/site-packages/airflow/example_dags/example_task_group.py for tasks to queue
[2024-04-18T08:38:17.682+0000] {logging_mixin.py:188} INFO - [2024-04-18T08:38:17.682+0000] {dagbag.py:540} INFO - Filling up the DagBag from /home/airflow/.local/lib/python3.12/site-packages/airflow/example_dags/example_task_group.py
[2024-04-18T08:38:17.691+0000] {processor.py:840} INFO - DAG(s) 'example_task_group' retrieved from /home/airflow/.local/lib/python3.12/site-packages/airflow/example_dags/example_task_group.py
[2024-04-18T08:38:17.714+0000] {logging_mixin.py:188} INFO - [2024-04-18T08:38:17.713+0000] {dag.py:3096} INFO - Sync 1 DAGs
[2024-04-18T08:38:17.737+0000] {logging_mixin.py:188} INFO - [2024-04-18T08:38:17.737+0000] {dag.py:3954} INFO - Setting next_dagrun for example_task_group to 2024-04-17 00:00:00+00:00, run_after=2024-04-18 00:00:00+00:00
[2024-04-18T08:38:18.115+0000] {processor.py:183} INFO - Processing /home/airflow/.local/lib/python3.12/site-packages/airflow/example_dags/example_task_group.py took 0.442 seconds
[2024-04-18T08:38:48.224+0000] {processor.py:161} INFO - Started process (PID=6494) to work on /home/airflow/.local/lib/python3.12/site-packages/airflow/example_dags/example_task_group.py
[2024-04-18T08:38:48.227+0000] {processor.py:830} INFO - Processing file /home/airflow/.local/lib/python3.12/site-packages/airflow/example_dags/example_task_group.py for tasks to queue
[2024-04-18T08:38:48.234+0000] {logging_mixin.py:188} INFO - [2024-04-18T08:38:48.233+0000] {dagbag.py:540} INFO - Filling up the DagBag from /home/airflow/.local/lib/python3.12/site-packages/airflow/example_dags/example_task_group.py
[2024-04-18T08:38:48.248+0000] {processor.py:840} INFO - DAG(s) 'example_task_group' retrieved from /home/airflow/.local/lib/python3.12/site-packages/airflow/example_dags/example_task_group.py
[2024-04-18T08:38:48.285+0000] {logging_mixin.py:188} INFO - [2024-04-18T08:38:48.285+0000] {dag.py:3096} INFO - Sync 1 DAGs
[2024-04-18T08:38:48.316+0000] {logging_mixin.py:188} INFO - [2024-04-18T08:38:48.316+0000] {dag.py:3954} INFO - Setting next_dagrun for example_task_group to 2024-04-17 00:00:00+00:00, run_after=2024-04-18 00:00:00+00:00
[2024-04-18T08:38:48.344+0000] {processor.py:183} INFO - Processing /home/airflow/.local/lib/python3.12/site-packages/airflow/example_dags/example_task_group.py took 0.127 seconds
[2024-04-18T08:39:18.967+0000] {processor.py:161} INFO - Started process (PID=6762) to work on /home/airflow/.local/lib/python3.12/site-packages/airflow/example_dags/example_task_group.py
[2024-04-18T08:39:18.968+0000] {processor.py:830} INFO - Processing file /home/airflow/.local/lib/python3.12/site-packages/airflow/example_dags/example_task_group.py for tasks to queue
[2024-04-18T08:39:18.969+0000] {logging_mixin.py:188} INFO - [2024-04-18T08:39:18.969+0000] {dagbag.py:540} INFO - Filling up the DagBag from /home/airflow/.local/lib/python3.12/site-packages/airflow/example_dags/example_task_group.py
[2024-04-18T08:39:18.977+0000] {processor.py:840} INFO - DAG(s) 'example_task_group' retrieved from /home/airflow/.local/lib/python3.12/site-packages/airflow/example_dags/example_task_group.py
[2024-04-18T08:39:19.001+0000] {logging_mixin.py:188} INFO - [2024-04-18T08:39:19.000+0000] {dag.py:3096} INFO - Sync 1 DAGs
[2024-04-18T08:39:19.024+0000] {logging_mixin.py:188} INFO - [2024-04-18T08:39:19.024+0000] {dag.py:3954} INFO - Setting next_dagrun for example_task_group to 2024-04-17 00:00:00+00:00, run_after=2024-04-18 00:00:00+00:00
[2024-04-18T08:39:19.047+0000] {processor.py:183} INFO - Processing /home/airflow/.local/lib/python3.12/site-packages/airflow/example_dags/example_task_group.py took 0.086 seconds
[2024-04-18T08:39:49.383+0000] {processor.py:161} INFO - Started process (PID=7029) to work on /home/airflow/.local/lib/python3.12/site-packages/airflow/example_dags/example_task_group.py
[2024-04-18T08:39:49.383+0000] {processor.py:830} INFO - Processing file /home/airflow/.local/lib/python3.12/site-packages/airflow/example_dags/example_task_group.py for tasks to queue
[2024-04-18T08:39:49.385+0000] {logging_mixin.py:188} INFO - [2024-04-18T08:39:49.385+0000] {dagbag.py:540} INFO - Filling up the DagBag from /home/airflow/.local/lib/python3.12/site-packages/airflow/example_dags/example_task_group.py
[2024-04-18T08:39:49.402+0000] {processor.py:840} INFO - DAG(s) 'example_task_group' retrieved from /home/airflow/.local/lib/python3.12/site-packages/airflow/example_dags/example_task_group.py
[2024-04-18T08:39:49.420+0000] {logging_mixin.py:188} INFO - [2024-04-18T08:39:49.420+0000] {dag.py:3096} INFO - Sync 1 DAGs
[2024-04-18T08:39:49.437+0000] {logging_mixin.py:188} INFO - [2024-04-18T08:39:49.436+0000] {dag.py:3954} INFO - Setting next_dagrun for example_task_group to 2024-04-17 00:00:00+00:00, run_after=2024-04-18 00:00:00+00:00
[2024-04-18T08:39:49.456+0000] {processor.py:183} INFO - Processing /home/airflow/.local/lib/python3.12/site-packages/airflow/example_dags/example_task_group.py took 0.088 seconds
[2024-04-18T08:40:20.824+0000] {processor.py:161} INFO - Started process (PID=7293) to work on /home/airflow/.local/lib/python3.12/site-packages/airflow/example_dags/example_task_group.py
[2024-04-18T08:40:20.825+0000] {processor.py:830} INFO - Processing file /home/airflow/.local/lib/python3.12/site-packages/airflow/example_dags/example_task_group.py for tasks to queue
[2024-04-18T08:40:20.827+0000] {logging_mixin.py:188} INFO - [2024-04-18T08:40:20.826+0000] {dagbag.py:540} INFO - Filling up the DagBag from /home/airflow/.local/lib/python3.12/site-packages/airflow/example_dags/example_task_group.py
[2024-04-18T08:40:20.847+0000] {processor.py:840} INFO - DAG(s) 'example_task_group' retrieved from /home/airflow/.local/lib/python3.12/site-packages/airflow/example_dags/example_task_group.py
[2024-04-18T08:40:20.880+0000] {logging_mixin.py:188} INFO - [2024-04-18T08:40:20.880+0000] {dag.py:3096} INFO - Sync 1 DAGs
[2024-04-18T08:40:20.930+0000] {logging_mixin.py:188} INFO - [2024-04-18T08:40:20.929+0000] {dag.py:3954} INFO - Setting next_dagrun for example_task_group to 2024-04-17 00:00:00+00:00, run_after=2024-04-18 00:00:00+00:00
[2024-04-18T08:40:20.971+0000] {processor.py:183} INFO - Processing /home/airflow/.local/lib/python3.12/site-packages/airflow/example_dags/example_task_group.py took 0.155 seconds
[2024-04-18T08:40:51.128+0000] {processor.py:161} INFO - Started process (PID=7559) to work on /home/airflow/.local/lib/python3.12/site-packages/airflow/example_dags/example_task_group.py
[2024-04-18T08:40:51.128+0000] {processor.py:830} INFO - Processing file /home/airflow/.local/lib/python3.12/site-packages/airflow/example_dags/example_task_group.py for tasks to queue
[2024-04-18T08:40:51.130+0000] {logging_mixin.py:188} INFO - [2024-04-18T08:40:51.130+0000] {dagbag.py:540} INFO - Filling up the DagBag from /home/airflow/.local/lib/python3.12/site-packages/airflow/example_dags/example_task_group.py
[2024-04-18T08:40:51.139+0000] {processor.py:840} INFO - DAG(s) 'example_task_group' retrieved from /home/airflow/.local/lib/python3.12/site-packages/airflow/example_dags/example_task_group.py
[2024-04-18T08:40:51.162+0000] {logging_mixin.py:188} INFO - [2024-04-18T08:40:51.162+0000] {dag.py:3096} INFO - Sync 1 DAGs
[2024-04-18T08:40:51.184+0000] {logging_mixin.py:188} INFO - [2024-04-18T08:40:51.184+0000] {dag.py:3954} INFO - Setting next_dagrun for example_task_group to 2024-04-17 00:00:00+00:00, run_after=2024-04-18 00:00:00+00:00
[2024-04-18T08:40:51.207+0000] {processor.py:183} INFO - Processing /home/airflow/.local/lib/python3.12/site-packages/airflow/example_dags/example_task_group.py took 0.086 seconds
[2024-04-18T08:41:21.864+0000] {processor.py:161} INFO - Started process (PID=7827) to work on /home/airflow/.local/lib/python3.12/site-packages/airflow/example_dags/example_task_group.py
[2024-04-18T08:41:21.864+0000] {processor.py:830} INFO - Processing file /home/airflow/.local/lib/python3.12/site-packages/airflow/example_dags/example_task_group.py for tasks to queue
[2024-04-18T08:41:21.866+0000] {logging_mixin.py:188} INFO - [2024-04-18T08:41:21.866+0000] {dagbag.py:540} INFO - Filling up the DagBag from /home/airflow/.local/lib/python3.12/site-packages/airflow/example_dags/example_task_group.py
[2024-04-18T08:41:21.875+0000] {processor.py:840} INFO - DAG(s) 'example_task_group' retrieved from /home/airflow/.local/lib/python3.12/site-packages/airflow/example_dags/example_task_group.py
[2024-04-18T08:41:21.897+0000] {logging_mixin.py:188} INFO - [2024-04-18T08:41:21.897+0000] {dag.py:3096} INFO - Sync 1 DAGs
[2024-04-18T08:41:21.919+0000] {logging_mixin.py:188} INFO - [2024-04-18T08:41:21.919+0000] {dag.py:3954} INFO - Setting next_dagrun for example_task_group to 2024-04-17 00:00:00+00:00, run_after=2024-04-18 00:00:00+00:00
[2024-04-18T08:41:21.942+0000] {processor.py:183} INFO - Processing /home/airflow/.local/lib/python3.12/site-packages/airflow/example_dags/example_task_group.py took 0.085 seconds
[2024-04-18T08:41:53.043+0000] {processor.py:161} INFO - Started process (PID=8093) to work on /home/airflow/.local/lib/python3.12/site-packages/airflow/example_dags/example_task_group.py
[2024-04-18T08:41:53.044+0000] {processor.py:830} INFO - Processing file /home/airflow/.local/lib/python3.12/site-packages/airflow/example_dags/example_task_group.py for tasks to queue
[2024-04-18T08:41:53.046+0000] {logging_mixin.py:188} INFO - [2024-04-18T08:41:53.046+0000] {dagbag.py:540} INFO - Filling up the DagBag from /home/airflow/.local/lib/python3.12/site-packages/airflow/example_dags/example_task_group.py
[2024-04-18T08:41:53.056+0000] {processor.py:840} INFO - DAG(s) 'example_task_group' retrieved from /home/airflow/.local/lib/python3.12/site-packages/airflow/example_dags/example_task_group.py
[2024-04-18T08:41:53.087+0000] {logging_mixin.py:188} INFO - [2024-04-18T08:41:53.087+0000] {dag.py:3096} INFO - Sync 1 DAGs
[2024-04-18T08:41:53.112+0000] {logging_mixin.py:188} INFO - [2024-04-18T08:41:53.112+0000] {dag.py:3954} INFO - Setting next_dagrun for example_task_group to 2024-04-17 00:00:00+00:00, run_after=2024-04-18 00:00:00+00:00
[2024-04-18T08:41:53.138+0000] {processor.py:183} INFO - Processing /home/airflow/.local/lib/python3.12/site-packages/airflow/example_dags/example_task_group.py took 0.111 seconds
[2024-04-18T08:42:23.260+0000] {processor.py:161} INFO - Started process (PID=8361) to work on /home/airflow/.local/lib/python3.12/site-packages/airflow/example_dags/example_task_group.py
[2024-04-18T08:42:23.261+0000] {processor.py:830} INFO - Processing file /home/airflow/.local/lib/python3.12/site-packages/airflow/example_dags/example_task_group.py for tasks to queue
[2024-04-18T08:42:23.262+0000] {logging_mixin.py:188} INFO - [2024-04-18T08:42:23.262+0000] {dagbag.py:540} INFO - Filling up the DagBag from /home/airflow/.local/lib/python3.12/site-packages/airflow/example_dags/example_task_group.py
[2024-04-18T08:42:23.268+0000] {processor.py:840} INFO - DAG(s) 'example_task_group' retrieved from /home/airflow/.local/lib/python3.12/site-packages/airflow/example_dags/example_task_group.py
[2024-04-18T08:42:23.285+0000] {logging_mixin.py:188} INFO - [2024-04-18T08:42:23.285+0000] {dag.py:3096} INFO - Sync 1 DAGs
[2024-04-18T08:42:23.301+0000] {logging_mixin.py:188} INFO - [2024-04-18T08:42:23.300+0000] {dag.py:3954} INFO - Setting next_dagrun for example_task_group to 2024-04-17 00:00:00+00:00, run_after=2024-04-18 00:00:00+00:00
[2024-04-18T08:42:23.320+0000] {processor.py:183} INFO - Processing /home/airflow/.local/lib/python3.12/site-packages/airflow/example_dags/example_task_group.py took 0.064 seconds
[2024-04-18T08:42:53.811+0000] {processor.py:161} INFO - Started process (PID=8625) to work on /home/airflow/.local/lib/python3.12/site-packages/airflow/example_dags/example_task_group.py
[2024-04-18T08:42:53.812+0000] {processor.py:830} INFO - Processing file /home/airflow/.local/lib/python3.12/site-packages/airflow/example_dags/example_task_group.py for tasks to queue
[2024-04-18T08:42:53.814+0000] {logging_mixin.py:188} INFO - [2024-04-18T08:42:53.814+0000] {dagbag.py:540} INFO - Filling up the DagBag from /home/airflow/.local/lib/python3.12/site-packages/airflow/example_dags/example_task_group.py
[2024-04-18T08:42:53.822+0000] {processor.py:840} INFO - DAG(s) 'example_task_group' retrieved from /home/airflow/.local/lib/python3.12/site-packages/airflow/example_dags/example_task_group.py
[2024-04-18T08:42:53.841+0000] {logging_mixin.py:188} INFO - [2024-04-18T08:42:53.840+0000] {dag.py:3096} INFO - Sync 1 DAGs
[2024-04-18T08:42:53.861+0000] {logging_mixin.py:188} INFO - [2024-04-18T08:42:53.861+0000] {dag.py:3954} INFO - Setting next_dagrun for example_task_group to 2024-04-17 00:00:00+00:00, run_after=2024-04-18 00:00:00+00:00
[2024-04-18T08:42:53.879+0000] {processor.py:183} INFO - Processing /home/airflow/.local/lib/python3.12/site-packages/airflow/example_dags/example_task_group.py took 0.073 seconds
[2024-04-18T08:43:23.990+0000] {processor.py:161} INFO - Started process (PID=8893) to work on /home/airflow/.local/lib/python3.12/site-packages/airflow/example_dags/example_task_group.py
[2024-04-18T08:43:23.991+0000] {processor.py:830} INFO - Processing file /home/airflow/.local/lib/python3.12/site-packages/airflow/example_dags/example_task_group.py for tasks to queue
[2024-04-18T08:43:23.992+0000] {logging_mixin.py:188} INFO - [2024-04-18T08:43:23.992+0000] {dagbag.py:540} INFO - Filling up the DagBag from /home/airflow/.local/lib/python3.12/site-packages/airflow/example_dags/example_task_group.py
[2024-04-18T08:43:23.998+0000] {processor.py:840} INFO - DAG(s) 'example_task_group' retrieved from /home/airflow/.local/lib/python3.12/site-packages/airflow/example_dags/example_task_group.py
[2024-04-18T08:43:24.014+0000] {logging_mixin.py:188} INFO - [2024-04-18T08:43:24.014+0000] {dag.py:3096} INFO - Sync 1 DAGs
[2024-04-18T08:43:24.030+0000] {logging_mixin.py:188} INFO - [2024-04-18T08:43:24.030+0000] {dag.py:3954} INFO - Setting next_dagrun for example_task_group to 2024-04-17 00:00:00+00:00, run_after=2024-04-18 00:00:00+00:00
[2024-04-18T08:43:24.048+0000] {processor.py:183} INFO - Processing /home/airflow/.local/lib/python3.12/site-packages/airflow/example_dags/example_task_group.py took 0.062 seconds
[2024-04-18T08:43:54.410+0000] {processor.py:161} INFO - Started process (PID=9157) to work on /home/airflow/.local/lib/python3.12/site-packages/airflow/example_dags/example_task_group.py
[2024-04-18T08:43:54.411+0000] {processor.py:830} INFO - Processing file /home/airflow/.local/lib/python3.12/site-packages/airflow/example_dags/example_task_group.py for tasks to queue
[2024-04-18T08:43:54.413+0000] {logging_mixin.py:188} INFO - [2024-04-18T08:43:54.413+0000] {dagbag.py:540} INFO - Filling up the DagBag from /home/airflow/.local/lib/python3.12/site-packages/airflow/example_dags/example_task_group.py
[2024-04-18T08:43:54.422+0000] {processor.py:840} INFO - DAG(s) 'example_task_group' retrieved from /home/airflow/.local/lib/python3.12/site-packages/airflow/example_dags/example_task_group.py
[2024-04-18T08:43:54.445+0000] {logging_mixin.py:188} INFO - [2024-04-18T08:43:54.445+0000] {dag.py:3096} INFO - Sync 1 DAGs
[2024-04-18T08:43:54.467+0000] {logging_mixin.py:188} INFO - [2024-04-18T08:43:54.467+0000] {dag.py:3954} INFO - Setting next_dagrun for example_task_group to 2024-04-17 00:00:00+00:00, run_after=2024-04-18 00:00:00+00:00
[2024-04-18T08:43:54.488+0000] {processor.py:183} INFO - Processing /home/airflow/.local/lib/python3.12/site-packages/airflow/example_dags/example_task_group.py took 0.085 seconds
[2024-04-18T08:44:25.339+0000] {processor.py:161} INFO - Started process (PID=9425) to work on /home/airflow/.local/lib/python3.12/site-packages/airflow/example_dags/example_task_group.py
[2024-04-18T08:44:25.340+0000] {processor.py:830} INFO - Processing file /home/airflow/.local/lib/python3.12/site-packages/airflow/example_dags/example_task_group.py for tasks to queue
[2024-04-18T08:44:25.341+0000] {logging_mixin.py:188} INFO - [2024-04-18T08:44:25.341+0000] {dagbag.py:540} INFO - Filling up the DagBag from /home/airflow/.local/lib/python3.12/site-packages/airflow/example_dags/example_task_group.py
[2024-04-18T08:44:25.347+0000] {processor.py:840} INFO - DAG(s) 'example_task_group' retrieved from /home/airflow/.local/lib/python3.12/site-packages/airflow/example_dags/example_task_group.py
[2024-04-18T08:44:25.363+0000] {logging_mixin.py:188} INFO - [2024-04-18T08:44:25.363+0000] {dag.py:3096} INFO - Sync 1 DAGs
[2024-04-18T08:44:25.379+0000] {logging_mixin.py:188} INFO - [2024-04-18T08:44:25.379+0000] {dag.py:3954} INFO - Setting next_dagrun for example_task_group to 2024-04-17 00:00:00+00:00, run_after=2024-04-18 00:00:00+00:00
[2024-04-18T08:44:25.396+0000] {processor.py:183} INFO - Processing /home/airflow/.local/lib/python3.12/site-packages/airflow/example_dags/example_task_group.py took 0.061 seconds
[2024-04-18T08:44:56.435+0000] {processor.py:161} INFO - Started process (PID=9689) to work on /home/airflow/.local/lib/python3.12/site-packages/airflow/example_dags/example_task_group.py
[2024-04-18T08:44:56.436+0000] {processor.py:830} INFO - Processing file /home/airflow/.local/lib/python3.12/site-packages/airflow/example_dags/example_task_group.py for tasks to queue
[2024-04-18T08:44:56.438+0000] {logging_mixin.py:188} INFO - [2024-04-18T08:44:56.438+0000] {dagbag.py:540} INFO - Filling up the DagBag from /home/airflow/.local/lib/python3.12/site-packages/airflow/example_dags/example_task_group.py
[2024-04-18T08:44:56.447+0000] {processor.py:840} INFO - DAG(s) 'example_task_group' retrieved from /home/airflow/.local/lib/python3.12/site-packages/airflow/example_dags/example_task_group.py
[2024-04-18T08:44:56.470+0000] {logging_mixin.py:188} INFO - [2024-04-18T08:44:56.470+0000] {dag.py:3096} INFO - Sync 1 DAGs
[2024-04-18T08:44:56.495+0000] {logging_mixin.py:188} INFO - [2024-04-18T08:44:56.495+0000] {dag.py:3954} INFO - Setting next_dagrun for example_task_group to 2024-04-17 00:00:00+00:00, run_after=2024-04-18 00:00:00+00:00
[2024-04-18T08:44:56.515+0000] {processor.py:183} INFO - Processing /home/airflow/.local/lib/python3.12/site-packages/airflow/example_dags/example_task_group.py took 0.085 seconds
[2024-04-18T08:45:27.099+0000] {processor.py:161} INFO - Started process (PID=9955) to work on /home/airflow/.local/lib/python3.12/site-packages/airflow/example_dags/example_task_group.py
[2024-04-18T08:45:27.100+0000] {processor.py:830} INFO - Processing file /home/airflow/.local/lib/python3.12/site-packages/airflow/example_dags/example_task_group.py for tasks to queue
[2024-04-18T08:45:27.102+0000] {logging_mixin.py:188} INFO - [2024-04-18T08:45:27.101+0000] {dagbag.py:540} INFO - Filling up the DagBag from /home/airflow/.local/lib/python3.12/site-packages/airflow/example_dags/example_task_group.py
[2024-04-18T08:45:27.111+0000] {processor.py:840} INFO - DAG(s) 'example_task_group' retrieved from /home/airflow/.local/lib/python3.12/site-packages/airflow/example_dags/example_task_group.py
[2024-04-18T08:45:27.132+0000] {logging_mixin.py:188} INFO - [2024-04-18T08:45:27.132+0000] {dag.py:3096} INFO - Sync 1 DAGs
[2024-04-18T08:45:27.155+0000] {logging_mixin.py:188} INFO - [2024-04-18T08:45:27.155+0000] {dag.py:3954} INFO - Setting next_dagrun for example_task_group to 2024-04-17 00:00:00+00:00, run_after=2024-04-18 00:00:00+00:00
[2024-04-18T08:45:27.177+0000] {processor.py:183} INFO - Processing /home/airflow/.local/lib/python3.12/site-packages/airflow/example_dags/example_task_group.py took 0.083 seconds
[2024-04-18T08:45:57.769+0000] {processor.py:161} INFO - Started process (PID=10221) to work on /home/airflow/.local/lib/python3.12/site-packages/airflow/example_dags/example_task_group.py
[2024-04-18T08:45:57.770+0000] {processor.py:830} INFO - Processing file /home/airflow/.local/lib/python3.12/site-packages/airflow/example_dags/example_task_group.py for tasks to queue
[2024-04-18T08:45:57.772+0000] {logging_mixin.py:188} INFO - [2024-04-18T08:45:57.771+0000] {dagbag.py:540} INFO - Filling up the DagBag from /home/airflow/.local/lib/python3.12/site-packages/airflow/example_dags/example_task_group.py
[2024-04-18T08:45:57.780+0000] {processor.py:840} INFO - DAG(s) 'example_task_group' retrieved from /home/airflow/.local/lib/python3.12/site-packages/airflow/example_dags/example_task_group.py
[2024-04-18T08:45:57.803+0000] {logging_mixin.py:188} INFO - [2024-04-18T08:45:57.803+0000] {dag.py:3096} INFO - Sync 1 DAGs
[2024-04-18T08:45:57.825+0000] {logging_mixin.py:188} INFO - [2024-04-18T08:45:57.825+0000] {dag.py:3954} INFO - Setting next_dagrun for example_task_group to 2024-04-17 00:00:00+00:00, run_after=2024-04-18 00:00:00+00:00
[2024-04-18T08:45:57.846+0000] {processor.py:183} INFO - Processing /home/airflow/.local/lib/python3.12/site-packages/airflow/example_dags/example_task_group.py took 0.083 seconds
[2024-04-18T08:46:28.243+0000] {processor.py:161} INFO - Started process (PID=10487) to work on /home/airflow/.local/lib/python3.12/site-packages/airflow/example_dags/example_task_group.py
[2024-04-18T08:46:28.244+0000] {processor.py:830} INFO - Processing file /home/airflow/.local/lib/python3.12/site-packages/airflow/example_dags/example_task_group.py for tasks to queue
[2024-04-18T08:46:28.246+0000] {logging_mixin.py:188} INFO - [2024-04-18T08:46:28.245+0000] {dagbag.py:540} INFO - Filling up the DagBag from /home/airflow/.local/lib/python3.12/site-packages/airflow/example_dags/example_task_group.py
[2024-04-18T08:46:28.254+0000] {processor.py:840} INFO - DAG(s) 'example_task_group' retrieved from /home/airflow/.local/lib/python3.12/site-packages/airflow/example_dags/example_task_group.py
[2024-04-18T08:46:28.303+0000] {logging_mixin.py:188} INFO - [2024-04-18T08:46:28.303+0000] {dag.py:3096} INFO - Sync 1 DAGs
[2024-04-18T08:46:28.326+0000] {logging_mixin.py:188} INFO - [2024-04-18T08:46:28.326+0000] {dag.py:3954} INFO - Setting next_dagrun for example_task_group to 2024-04-17 00:00:00+00:00, run_after=2024-04-18 00:00:00+00:00
[2024-04-18T08:46:28.347+0000] {processor.py:183} INFO - Processing /home/airflow/.local/lib/python3.12/site-packages/airflow/example_dags/example_task_group.py took 0.110 seconds
[2024-04-18T08:46:59.607+0000] {processor.py:161} INFO - Started process (PID=10756) to work on /home/airflow/.local/lib/python3.12/site-packages/airflow/example_dags/example_task_group.py
[2024-04-18T08:46:59.608+0000] {processor.py:830} INFO - Processing file /home/airflow/.local/lib/python3.12/site-packages/airflow/example_dags/example_task_group.py for tasks to queue
[2024-04-18T08:46:59.610+0000] {logging_mixin.py:188} INFO - [2024-04-18T08:46:59.609+0000] {dagbag.py:540} INFO - Filling up the DagBag from /home/airflow/.local/lib/python3.12/site-packages/airflow/example_dags/example_task_group.py
[2024-04-18T08:46:59.618+0000] {processor.py:840} INFO - DAG(s) 'example_task_group' retrieved from /home/airflow/.local/lib/python3.12/site-packages/airflow/example_dags/example_task_group.py
[2024-04-18T08:46:59.642+0000] {logging_mixin.py:188} INFO - [2024-04-18T08:46:59.642+0000] {dag.py:3096} INFO - Sync 1 DAGs
[2024-04-18T08:46:59.669+0000] {logging_mixin.py:188} INFO - [2024-04-18T08:46:59.668+0000] {dag.py:3954} INFO - Setting next_dagrun for example_task_group to 2024-04-17 00:00:00+00:00, run_after=2024-04-18 00:00:00+00:00
[2024-04-18T08:46:59.694+0000] {processor.py:183} INFO - Processing /home/airflow/.local/lib/python3.12/site-packages/airflow/example_dags/example_task_group.py took 0.093 seconds
[2024-04-18T08:47:29.750+0000] {processor.py:161} INFO - Started process (PID=11022) to work on /home/airflow/.local/lib/python3.12/site-packages/airflow/example_dags/example_task_group.py
[2024-04-18T08:47:29.750+0000] {processor.py:830} INFO - Processing file /home/airflow/.local/lib/python3.12/site-packages/airflow/example_dags/example_task_group.py for tasks to queue
[2024-04-18T08:47:29.752+0000] {logging_mixin.py:188} INFO - [2024-04-18T08:47:29.751+0000] {dagbag.py:540} INFO - Filling up the DagBag from /home/airflow/.local/lib/python3.12/site-packages/airflow/example_dags/example_task_group.py
[2024-04-18T08:47:29.757+0000] {processor.py:840} INFO - DAG(s) 'example_task_group' retrieved from /home/airflow/.local/lib/python3.12/site-packages/airflow/example_dags/example_task_group.py
[2024-04-18T08:47:29.778+0000] {logging_mixin.py:188} INFO - [2024-04-18T08:47:29.778+0000] {dag.py:3096} INFO - Sync 1 DAGs
[2024-04-18T08:47:29.795+0000] {logging_mixin.py:188} INFO - [2024-04-18T08:47:29.795+0000] {dag.py:3954} INFO - Setting next_dagrun for example_task_group to 2024-04-17 00:00:00+00:00, run_after=2024-04-18 00:00:00+00:00
[2024-04-18T08:47:29.814+0000] {processor.py:183} INFO - Processing /home/airflow/.local/lib/python3.12/site-packages/airflow/example_dags/example_task_group.py took 0.069 seconds
[2024-04-18T08:48:00.528+0000] {processor.py:161} INFO - Started process (PID=11289) to work on /home/airflow/.local/lib/python3.12/site-packages/airflow/example_dags/example_task_group.py
[2024-04-18T08:48:00.528+0000] {processor.py:830} INFO - Processing file /home/airflow/.local/lib/python3.12/site-packages/airflow/example_dags/example_task_group.py for tasks to queue
[2024-04-18T08:48:00.530+0000] {logging_mixin.py:188} INFO - [2024-04-18T08:48:00.529+0000] {dagbag.py:540} INFO - Filling up the DagBag from /home/airflow/.local/lib/python3.12/site-packages/airflow/example_dags/example_task_group.py
[2024-04-18T08:48:00.535+0000] {processor.py:840} INFO - DAG(s) 'example_task_group' retrieved from /home/airflow/.local/lib/python3.12/site-packages/airflow/example_dags/example_task_group.py
[2024-04-18T08:48:00.552+0000] {logging_mixin.py:188} INFO - [2024-04-18T08:48:00.552+0000] {dag.py:3096} INFO - Sync 1 DAGs
[2024-04-18T08:48:00.568+0000] {logging_mixin.py:188} INFO - [2024-04-18T08:48:00.568+0000] {dag.py:3954} INFO - Setting next_dagrun for example_task_group to 2024-04-17 00:00:00+00:00, run_after=2024-04-18 00:00:00+00:00
[2024-04-18T08:48:00.586+0000] {processor.py:183} INFO - Processing /home/airflow/.local/lib/python3.12/site-packages/airflow/example_dags/example_task_group.py took 0.063 seconds
[2024-04-18T08:48:31.164+0000] {processor.py:161} INFO - Started process (PID=11554) to work on /home/airflow/.local/lib/python3.12/site-packages/airflow/example_dags/example_task_group.py
[2024-04-18T08:48:31.165+0000] {processor.py:830} INFO - Processing file /home/airflow/.local/lib/python3.12/site-packages/airflow/example_dags/example_task_group.py for tasks to queue
[2024-04-18T08:48:31.167+0000] {logging_mixin.py:188} INFO - [2024-04-18T08:48:31.167+0000] {dagbag.py:540} INFO - Filling up the DagBag from /home/airflow/.local/lib/python3.12/site-packages/airflow/example_dags/example_task_group.py
[2024-04-18T08:48:31.174+0000] {processor.py:840} INFO - DAG(s) 'example_task_group' retrieved from /home/airflow/.local/lib/python3.12/site-packages/airflow/example_dags/example_task_group.py
[2024-04-18T08:48:31.189+0000] {logging_mixin.py:188} INFO - [2024-04-18T08:48:31.189+0000] {dag.py:3096} INFO - Sync 1 DAGs
[2024-04-18T08:48:31.205+0000] {logging_mixin.py:188} INFO - [2024-04-18T08:48:31.205+0000] {dag.py:3954} INFO - Setting next_dagrun for example_task_group to 2024-04-17 00:00:00+00:00, run_after=2024-04-18 00:00:00+00:00
[2024-04-18T08:48:31.224+0000] {processor.py:183} INFO - Processing /home/airflow/.local/lib/python3.12/site-packages/airflow/example_dags/example_task_group.py took 0.067 seconds
[2024-04-18T08:49:02.009+0000] {processor.py:161} INFO - Started process (PID=11817) to work on /home/airflow/.local/lib/python3.12/site-packages/airflow/example_dags/example_task_group.py
[2024-04-18T08:49:02.013+0000] {processor.py:830} INFO - Processing file /home/airflow/.local/lib/python3.12/site-packages/airflow/example_dags/example_task_group.py for tasks to queue
[2024-04-18T08:49:02.014+0000] {logging_mixin.py:188} INFO - [2024-04-18T08:49:02.014+0000] {dagbag.py:540} INFO - Filling up the DagBag from /home/airflow/.local/lib/python3.12/site-packages/airflow/example_dags/example_task_group.py
[2024-04-18T08:49:02.031+0000] {processor.py:840} INFO - DAG(s) 'example_task_group' retrieved from /home/airflow/.local/lib/python3.12/site-packages/airflow/example_dags/example_task_group.py
[2024-04-18T08:49:02.065+0000] {logging_mixin.py:188} INFO - [2024-04-18T08:49:02.065+0000] {dag.py:3096} INFO - Sync 1 DAGs
[2024-04-18T08:49:02.119+0000] {logging_mixin.py:188} INFO - [2024-04-18T08:49:02.119+0000] {dag.py:3954} INFO - Setting next_dagrun for example_task_group to 2024-04-17 00:00:00+00:00, run_after=2024-04-18 00:00:00+00:00
[2024-04-18T08:49:02.154+0000] {processor.py:183} INFO - Processing /home/airflow/.local/lib/python3.12/site-packages/airflow/example_dags/example_task_group.py took 0.156 seconds
