[2024-04-18T08:26:56.188+0000] {processor.py:161} INFO - Started process (PID=224) to work on /home/airflow/.local/lib/python3.12/site-packages/airflow/example_dags/example_sla_dag.py
[2024-04-18T08:26:56.227+0000] {processor.py:830} INFO - Processing file /home/airflow/.local/lib/python3.12/site-packages/airflow/example_dags/example_sla_dag.py for tasks to queue
[2024-04-18T08:26:56.235+0000] {logging_mixin.py:188} INFO - [2024-04-18T08:26:56.234+0000] {dagbag.py:540} INFO - Filling up the DagBag from /home/airflow/.local/lib/python3.12/site-packages/airflow/example_dags/example_sla_dag.py
[2024-04-18T08:26:56.280+0000] {processor.py:840} INFO - DAG(s) 'example_sla_dag' retrieved from /home/airflow/.local/lib/python3.12/site-packages/airflow/example_dags/example_sla_dag.py
[2024-04-18T08:26:56.436+0000] {logging_mixin.py:188} INFO - [2024-04-18T08:26:56.436+0000] {dag.py:3096} INFO - Sync 1 DAGs
[2024-04-18T08:26:56.515+0000] {logging_mixin.py:188} INFO - [2024-04-18T08:26:56.515+0000] {dag.py:3954} INFO - Setting next_dagrun for example_sla_dag to 2024-04-18 08:24:00+00:00, run_after=2024-04-18 08:26:00+00:00
[2024-04-18T08:26:56.563+0000] {processor.py:183} INFO - Processing /home/airflow/.local/lib/python3.12/site-packages/airflow/example_dags/example_sla_dag.py took 0.398 seconds
[2024-04-18T08:27:26.755+0000] {processor.py:161} INFO - Started process (PID=522) to work on /home/airflow/.local/lib/python3.12/site-packages/airflow/example_dags/example_sla_dag.py
[2024-04-18T08:27:26.756+0000] {processor.py:830} INFO - Processing file /home/airflow/.local/lib/python3.12/site-packages/airflow/example_dags/example_sla_dag.py for tasks to queue
[2024-04-18T08:27:26.758+0000] {logging_mixin.py:188} INFO - [2024-04-18T08:27:26.758+0000] {dagbag.py:540} INFO - Filling up the DagBag from /home/airflow/.local/lib/python3.12/site-packages/airflow/example_dags/example_sla_dag.py
[2024-04-18T08:27:26.767+0000] {processor.py:840} INFO - DAG(s) 'example_sla_dag' retrieved from /home/airflow/.local/lib/python3.12/site-packages/airflow/example_dags/example_sla_dag.py
[2024-04-18T08:27:26.788+0000] {logging_mixin.py:188} INFO - [2024-04-18T08:27:26.787+0000] {dag.py:3096} INFO - Sync 1 DAGs
[2024-04-18T08:27:26.812+0000] {logging_mixin.py:188} INFO - [2024-04-18T08:27:26.812+0000] {dag.py:3954} INFO - Setting next_dagrun for example_sla_dag to 2024-04-18 08:24:00+00:00, run_after=2024-04-18 08:26:00+00:00
[2024-04-18T08:27:26.833+0000] {processor.py:183} INFO - Processing /home/airflow/.local/lib/python3.12/site-packages/airflow/example_dags/example_sla_dag.py took 0.083 seconds
[2024-04-18T08:27:58.265+0000] {processor.py:161} INFO - Started process (PID=791) to work on /home/airflow/.local/lib/python3.12/site-packages/airflow/example_dags/example_sla_dag.py
[2024-04-18T08:27:58.266+0000] {processor.py:830} INFO - Processing file /home/airflow/.local/lib/python3.12/site-packages/airflow/example_dags/example_sla_dag.py for tasks to queue
[2024-04-18T08:27:58.281+0000] {logging_mixin.py:188} INFO - [2024-04-18T08:27:58.281+0000] {dagbag.py:540} INFO - Filling up the DagBag from /home/airflow/.local/lib/python3.12/site-packages/airflow/example_dags/example_sla_dag.py
[2024-04-18T08:27:58.312+0000] {processor.py:840} INFO - DAG(s) 'example_sla_dag' retrieved from /home/airflow/.local/lib/python3.12/site-packages/airflow/example_dags/example_sla_dag.py
[2024-04-18T08:27:58.397+0000] {logging_mixin.py:188} INFO - [2024-04-18T08:27:58.396+0000] {dag.py:3096} INFO - Sync 1 DAGs
[2024-04-18T08:27:58.535+0000] {logging_mixin.py:188} INFO - [2024-04-18T08:27:58.534+0000] {dag.py:3954} INFO - Setting next_dagrun for example_sla_dag to 2024-04-18 08:24:00+00:00, run_after=2024-04-18 08:26:00+00:00
[2024-04-18T08:27:58.681+0000] {processor.py:183} INFO - Processing /home/airflow/.local/lib/python3.12/site-packages/airflow/example_dags/example_sla_dag.py took 0.442 seconds
[2024-04-18T08:28:28.814+0000] {processor.py:161} INFO - Started process (PID=1063) to work on /home/airflow/.local/lib/python3.12/site-packages/airflow/example_dags/example_sla_dag.py
[2024-04-18T08:28:28.815+0000] {processor.py:830} INFO - Processing file /home/airflow/.local/lib/python3.12/site-packages/airflow/example_dags/example_sla_dag.py for tasks to queue
[2024-04-18T08:28:28.817+0000] {logging_mixin.py:188} INFO - [2024-04-18T08:28:28.817+0000] {dagbag.py:540} INFO - Filling up the DagBag from /home/airflow/.local/lib/python3.12/site-packages/airflow/example_dags/example_sla_dag.py
[2024-04-18T08:28:28.826+0000] {processor.py:840} INFO - DAG(s) 'example_sla_dag' retrieved from /home/airflow/.local/lib/python3.12/site-packages/airflow/example_dags/example_sla_dag.py
[2024-04-18T08:28:28.844+0000] {logging_mixin.py:188} INFO - [2024-04-18T08:28:28.844+0000] {dag.py:3096} INFO - Sync 1 DAGs
[2024-04-18T08:28:28.869+0000] {logging_mixin.py:188} INFO - [2024-04-18T08:28:28.869+0000] {dag.py:3954} INFO - Setting next_dagrun for example_sla_dag to 2024-04-18 08:26:00+00:00, run_after=2024-04-18 08:28:00+00:00
[2024-04-18T08:28:28.890+0000] {processor.py:183} INFO - Processing /home/airflow/.local/lib/python3.12/site-packages/airflow/example_dags/example_sla_dag.py took 0.081 seconds
[2024-04-18T08:28:58.983+0000] {processor.py:161} INFO - Started process (PID=1329) to work on /home/airflow/.local/lib/python3.12/site-packages/airflow/example_dags/example_sla_dag.py
[2024-04-18T08:28:58.984+0000] {processor.py:830} INFO - Processing file /home/airflow/.local/lib/python3.12/site-packages/airflow/example_dags/example_sla_dag.py for tasks to queue
[2024-04-18T08:28:58.985+0000] {logging_mixin.py:188} INFO - [2024-04-18T08:28:58.985+0000] {dagbag.py:540} INFO - Filling up the DagBag from /home/airflow/.local/lib/python3.12/site-packages/airflow/example_dags/example_sla_dag.py
[2024-04-18T08:28:58.992+0000] {processor.py:840} INFO - DAG(s) 'example_sla_dag' retrieved from /home/airflow/.local/lib/python3.12/site-packages/airflow/example_dags/example_sla_dag.py
[2024-04-18T08:28:59.007+0000] {logging_mixin.py:188} INFO - [2024-04-18T08:28:59.007+0000] {dag.py:3096} INFO - Sync 1 DAGs
[2024-04-18T08:28:59.027+0000] {logging_mixin.py:188} INFO - [2024-04-18T08:28:59.026+0000] {dag.py:3954} INFO - Setting next_dagrun for example_sla_dag to 2024-04-18 08:26:00+00:00, run_after=2024-04-18 08:28:00+00:00
[2024-04-18T08:28:59.045+0000] {processor.py:183} INFO - Processing /home/airflow/.local/lib/python3.12/site-packages/airflow/example_dags/example_sla_dag.py took 0.067 seconds
[2024-04-18T08:29:29.234+0000] {processor.py:161} INFO - Started process (PID=1594) to work on /home/airflow/.local/lib/python3.12/site-packages/airflow/example_dags/example_sla_dag.py
[2024-04-18T08:29:29.234+0000] {processor.py:830} INFO - Processing file /home/airflow/.local/lib/python3.12/site-packages/airflow/example_dags/example_sla_dag.py for tasks to queue
[2024-04-18T08:29:29.236+0000] {logging_mixin.py:188} INFO - [2024-04-18T08:29:29.236+0000] {dagbag.py:540} INFO - Filling up the DagBag from /home/airflow/.local/lib/python3.12/site-packages/airflow/example_dags/example_sla_dag.py
[2024-04-18T08:29:29.243+0000] {processor.py:840} INFO - DAG(s) 'example_sla_dag' retrieved from /home/airflow/.local/lib/python3.12/site-packages/airflow/example_dags/example_sla_dag.py
[2024-04-18T08:29:29.259+0000] {logging_mixin.py:188} INFO - [2024-04-18T08:29:29.259+0000] {dag.py:3096} INFO - Sync 1 DAGs
[2024-04-18T08:29:29.277+0000] {logging_mixin.py:188} INFO - [2024-04-18T08:29:29.277+0000] {dag.py:3954} INFO - Setting next_dagrun for example_sla_dag to 2024-04-18 08:26:00+00:00, run_after=2024-04-18 08:28:00+00:00
[2024-04-18T08:29:29.295+0000] {processor.py:183} INFO - Processing /home/airflow/.local/lib/python3.12/site-packages/airflow/example_dags/example_sla_dag.py took 0.067 seconds
[2024-04-18T08:29:59.455+0000] {processor.py:161} INFO - Started process (PID=1859) to work on /home/airflow/.local/lib/python3.12/site-packages/airflow/example_dags/example_sla_dag.py
[2024-04-18T08:29:59.456+0000] {processor.py:830} INFO - Processing file /home/airflow/.local/lib/python3.12/site-packages/airflow/example_dags/example_sla_dag.py for tasks to queue
[2024-04-18T08:29:59.458+0000] {logging_mixin.py:188} INFO - [2024-04-18T08:29:59.458+0000] {dagbag.py:540} INFO - Filling up the DagBag from /home/airflow/.local/lib/python3.12/site-packages/airflow/example_dags/example_sla_dag.py
[2024-04-18T08:29:59.467+0000] {processor.py:840} INFO - DAG(s) 'example_sla_dag' retrieved from /home/airflow/.local/lib/python3.12/site-packages/airflow/example_dags/example_sla_dag.py
[2024-04-18T08:29:59.487+0000] {logging_mixin.py:188} INFO - [2024-04-18T08:29:59.487+0000] {dag.py:3096} INFO - Sync 1 DAGs
[2024-04-18T08:29:59.513+0000] {logging_mixin.py:188} INFO - [2024-04-18T08:29:59.513+0000] {dag.py:3954} INFO - Setting next_dagrun for example_sla_dag to 2024-04-18 08:26:00+00:00, run_after=2024-04-18 08:28:00+00:00
[2024-04-18T08:29:59.536+0000] {processor.py:183} INFO - Processing /home/airflow/.local/lib/python3.12/site-packages/airflow/example_dags/example_sla_dag.py took 0.086 seconds
[2024-04-18T08:30:30.074+0000] {processor.py:161} INFO - Started process (PID=2128) to work on /home/airflow/.local/lib/python3.12/site-packages/airflow/example_dags/example_sla_dag.py
[2024-04-18T08:30:30.075+0000] {processor.py:830} INFO - Processing file /home/airflow/.local/lib/python3.12/site-packages/airflow/example_dags/example_sla_dag.py for tasks to queue
[2024-04-18T08:30:30.077+0000] {logging_mixin.py:188} INFO - [2024-04-18T08:30:30.076+0000] {dagbag.py:540} INFO - Filling up the DagBag from /home/airflow/.local/lib/python3.12/site-packages/airflow/example_dags/example_sla_dag.py
[2024-04-18T08:30:30.086+0000] {processor.py:840} INFO - DAG(s) 'example_sla_dag' retrieved from /home/airflow/.local/lib/python3.12/site-packages/airflow/example_dags/example_sla_dag.py
[2024-04-18T08:30:30.105+0000] {logging_mixin.py:188} INFO - [2024-04-18T08:30:30.104+0000] {dag.py:3096} INFO - Sync 1 DAGs
[2024-04-18T08:30:30.125+0000] {logging_mixin.py:188} INFO - [2024-04-18T08:30:30.125+0000] {dag.py:3954} INFO - Setting next_dagrun for example_sla_dag to 2024-04-18 08:28:00+00:00, run_after=2024-04-18 08:30:00+00:00
[2024-04-18T08:30:30.143+0000] {processor.py:183} INFO - Processing /home/airflow/.local/lib/python3.12/site-packages/airflow/example_dags/example_sla_dag.py took 0.075 seconds
[2024-04-18T08:31:00.291+0000] {processor.py:161} INFO - Started process (PID=2394) to work on /home/airflow/.local/lib/python3.12/site-packages/airflow/example_dags/example_sla_dag.py
[2024-04-18T08:31:00.292+0000] {processor.py:830} INFO - Processing file /home/airflow/.local/lib/python3.12/site-packages/airflow/example_dags/example_sla_dag.py for tasks to queue
[2024-04-18T08:31:00.293+0000] {logging_mixin.py:188} INFO - [2024-04-18T08:31:00.293+0000] {dagbag.py:540} INFO - Filling up the DagBag from /home/airflow/.local/lib/python3.12/site-packages/airflow/example_dags/example_sla_dag.py
[2024-04-18T08:31:00.300+0000] {processor.py:840} INFO - DAG(s) 'example_sla_dag' retrieved from /home/airflow/.local/lib/python3.12/site-packages/airflow/example_dags/example_sla_dag.py
[2024-04-18T08:31:00.315+0000] {logging_mixin.py:188} INFO - [2024-04-18T08:31:00.315+0000] {dag.py:3096} INFO - Sync 1 DAGs
[2024-04-18T08:31:00.333+0000] {logging_mixin.py:188} INFO - [2024-04-18T08:31:00.333+0000] {dag.py:3954} INFO - Setting next_dagrun for example_sla_dag to 2024-04-18 08:28:00+00:00, run_after=2024-04-18 08:30:00+00:00
[2024-04-18T08:31:00.351+0000] {processor.py:183} INFO - Processing /home/airflow/.local/lib/python3.12/site-packages/airflow/example_dags/example_sla_dag.py took 0.064 seconds
[2024-04-18T08:31:30.644+0000] {processor.py:161} INFO - Started process (PID=2658) to work on /home/airflow/.local/lib/python3.12/site-packages/airflow/example_dags/example_sla_dag.py
[2024-04-18T08:31:30.647+0000] {processor.py:830} INFO - Processing file /home/airflow/.local/lib/python3.12/site-packages/airflow/example_dags/example_sla_dag.py for tasks to queue
[2024-04-18T08:31:30.657+0000] {logging_mixin.py:188} INFO - [2024-04-18T08:31:30.657+0000] {dagbag.py:540} INFO - Filling up the DagBag from /home/airflow/.local/lib/python3.12/site-packages/airflow/example_dags/example_sla_dag.py
[2024-04-18T08:31:30.670+0000] {processor.py:840} INFO - DAG(s) 'example_sla_dag' retrieved from /home/airflow/.local/lib/python3.12/site-packages/airflow/example_dags/example_sla_dag.py
[2024-04-18T08:31:30.710+0000] {logging_mixin.py:188} INFO - [2024-04-18T08:31:30.709+0000] {dag.py:3096} INFO - Sync 1 DAGs
[2024-04-18T08:31:30.769+0000] {logging_mixin.py:188} INFO - [2024-04-18T08:31:30.768+0000] {dag.py:3954} INFO - Setting next_dagrun for example_sla_dag to 2024-04-18 08:28:00+00:00, run_after=2024-04-18 08:30:00+00:00
[2024-04-18T08:31:30.796+0000] {processor.py:183} INFO - Processing /home/airflow/.local/lib/python3.12/site-packages/airflow/example_dags/example_sla_dag.py took 0.163 seconds
[2024-04-18T08:32:01.442+0000] {processor.py:161} INFO - Started process (PID=2927) to work on /home/airflow/.local/lib/python3.12/site-packages/airflow/example_dags/example_sla_dag.py
[2024-04-18T08:32:01.442+0000] {processor.py:830} INFO - Processing file /home/airflow/.local/lib/python3.12/site-packages/airflow/example_dags/example_sla_dag.py for tasks to queue
[2024-04-18T08:32:01.444+0000] {logging_mixin.py:188} INFO - [2024-04-18T08:32:01.444+0000] {dagbag.py:540} INFO - Filling up the DagBag from /home/airflow/.local/lib/python3.12/site-packages/airflow/example_dags/example_sla_dag.py
[2024-04-18T08:32:01.454+0000] {processor.py:840} INFO - DAG(s) 'example_sla_dag' retrieved from /home/airflow/.local/lib/python3.12/site-packages/airflow/example_dags/example_sla_dag.py
[2024-04-18T08:32:01.489+0000] {logging_mixin.py:188} INFO - [2024-04-18T08:32:01.489+0000] {dag.py:3096} INFO - Sync 1 DAGs
[2024-04-18T08:32:01.536+0000] {logging_mixin.py:188} INFO - [2024-04-18T08:32:01.536+0000] {dag.py:3954} INFO - Setting next_dagrun for example_sla_dag to 2024-04-18 08:30:00+00:00, run_after=2024-04-18 08:32:00+00:00
[2024-04-18T08:32:01.578+0000] {processor.py:183} INFO - Processing /home/airflow/.local/lib/python3.12/site-packages/airflow/example_dags/example_sla_dag.py took 0.142 seconds
[2024-04-18T08:32:31.718+0000] {processor.py:161} INFO - Started process (PID=3194) to work on /home/airflow/.local/lib/python3.12/site-packages/airflow/example_dags/example_sla_dag.py
[2024-04-18T08:32:31.718+0000] {processor.py:830} INFO - Processing file /home/airflow/.local/lib/python3.12/site-packages/airflow/example_dags/example_sla_dag.py for tasks to queue
[2024-04-18T08:32:31.720+0000] {logging_mixin.py:188} INFO - [2024-04-18T08:32:31.719+0000] {dagbag.py:540} INFO - Filling up the DagBag from /home/airflow/.local/lib/python3.12/site-packages/airflow/example_dags/example_sla_dag.py
[2024-04-18T08:32:31.726+0000] {processor.py:840} INFO - DAG(s) 'example_sla_dag' retrieved from /home/airflow/.local/lib/python3.12/site-packages/airflow/example_dags/example_sla_dag.py
[2024-04-18T08:32:31.746+0000] {logging_mixin.py:188} INFO - [2024-04-18T08:32:31.746+0000] {dag.py:3096} INFO - Sync 1 DAGs
[2024-04-18T08:32:31.768+0000] {logging_mixin.py:188} INFO - [2024-04-18T08:32:31.768+0000] {dag.py:3954} INFO - Setting next_dagrun for example_sla_dag to 2024-04-18 08:30:00+00:00, run_after=2024-04-18 08:32:00+00:00
[2024-04-18T08:32:31.788+0000] {processor.py:183} INFO - Processing /home/airflow/.local/lib/python3.12/site-packages/airflow/example_dags/example_sla_dag.py took 0.075 seconds
[2024-04-18T08:33:02.520+0000] {processor.py:161} INFO - Started process (PID=3460) to work on /home/airflow/.local/lib/python3.12/site-packages/airflow/example_dags/example_sla_dag.py
[2024-04-18T08:33:02.521+0000] {processor.py:830} INFO - Processing file /home/airflow/.local/lib/python3.12/site-packages/airflow/example_dags/example_sla_dag.py for tasks to queue
[2024-04-18T08:33:02.522+0000] {logging_mixin.py:188} INFO - [2024-04-18T08:33:02.522+0000] {dagbag.py:540} INFO - Filling up the DagBag from /home/airflow/.local/lib/python3.12/site-packages/airflow/example_dags/example_sla_dag.py
[2024-04-18T08:33:02.529+0000] {processor.py:840} INFO - DAG(s) 'example_sla_dag' retrieved from /home/airflow/.local/lib/python3.12/site-packages/airflow/example_dags/example_sla_dag.py
[2024-04-18T08:33:02.543+0000] {logging_mixin.py:188} INFO - [2024-04-18T08:33:02.543+0000] {dag.py:3096} INFO - Sync 1 DAGs
[2024-04-18T08:33:02.561+0000] {logging_mixin.py:188} INFO - [2024-04-18T08:33:02.561+0000] {dag.py:3954} INFO - Setting next_dagrun for example_sla_dag to 2024-04-18 08:30:00+00:00, run_after=2024-04-18 08:32:00+00:00
[2024-04-18T08:33:02.578+0000] {processor.py:183} INFO - Processing /home/airflow/.local/lib/python3.12/site-packages/airflow/example_dags/example_sla_dag.py took 0.062 seconds
[2024-04-18T08:33:33.106+0000] {processor.py:161} INFO - Started process (PID=3727) to work on /home/airflow/.local/lib/python3.12/site-packages/airflow/example_dags/example_sla_dag.py
[2024-04-18T08:33:33.107+0000] {processor.py:830} INFO - Processing file /home/airflow/.local/lib/python3.12/site-packages/airflow/example_dags/example_sla_dag.py for tasks to queue
[2024-04-18T08:33:33.108+0000] {logging_mixin.py:188} INFO - [2024-04-18T08:33:33.108+0000] {dagbag.py:540} INFO - Filling up the DagBag from /home/airflow/.local/lib/python3.12/site-packages/airflow/example_dags/example_sla_dag.py
[2024-04-18T08:33:33.115+0000] {processor.py:840} INFO - DAG(s) 'example_sla_dag' retrieved from /home/airflow/.local/lib/python3.12/site-packages/airflow/example_dags/example_sla_dag.py
[2024-04-18T08:33:33.130+0000] {logging_mixin.py:188} INFO - [2024-04-18T08:33:33.129+0000] {dag.py:3096} INFO - Sync 1 DAGs
[2024-04-18T08:33:33.147+0000] {logging_mixin.py:188} INFO - [2024-04-18T08:33:33.147+0000] {dag.py:3954} INFO - Setting next_dagrun for example_sla_dag to 2024-04-18 08:30:00+00:00, run_after=2024-04-18 08:32:00+00:00
[2024-04-18T08:33:33.164+0000] {processor.py:183} INFO - Processing /home/airflow/.local/lib/python3.12/site-packages/airflow/example_dags/example_sla_dag.py took 0.062 seconds
[2024-04-18T08:34:03.393+0000] {processor.py:161} INFO - Started process (PID=3993) to work on /home/airflow/.local/lib/python3.12/site-packages/airflow/example_dags/example_sla_dag.py
[2024-04-18T08:34:03.394+0000] {processor.py:830} INFO - Processing file /home/airflow/.local/lib/python3.12/site-packages/airflow/example_dags/example_sla_dag.py for tasks to queue
[2024-04-18T08:34:03.396+0000] {logging_mixin.py:188} INFO - [2024-04-18T08:34:03.396+0000] {dagbag.py:540} INFO - Filling up the DagBag from /home/airflow/.local/lib/python3.12/site-packages/airflow/example_dags/example_sla_dag.py
[2024-04-18T08:34:03.403+0000] {processor.py:840} INFO - DAG(s) 'example_sla_dag' retrieved from /home/airflow/.local/lib/python3.12/site-packages/airflow/example_dags/example_sla_dag.py
[2024-04-18T08:34:03.419+0000] {logging_mixin.py:188} INFO - [2024-04-18T08:34:03.419+0000] {dag.py:3096} INFO - Sync 1 DAGs
[2024-04-18T08:34:03.437+0000] {logging_mixin.py:188} INFO - [2024-04-18T08:34:03.437+0000] {dag.py:3954} INFO - Setting next_dagrun for example_sla_dag to 2024-04-18 08:32:00+00:00, run_after=2024-04-18 08:34:00+00:00
[2024-04-18T08:34:03.454+0000] {processor.py:183} INFO - Processing /home/airflow/.local/lib/python3.12/site-packages/airflow/example_dags/example_sla_dag.py took 0.068 seconds
[2024-04-18T08:34:33.611+0000] {processor.py:161} INFO - Started process (PID=4259) to work on /home/airflow/.local/lib/python3.12/site-packages/airflow/example_dags/example_sla_dag.py
[2024-04-18T08:34:33.611+0000] {processor.py:830} INFO - Processing file /home/airflow/.local/lib/python3.12/site-packages/airflow/example_dags/example_sla_dag.py for tasks to queue
[2024-04-18T08:34:33.613+0000] {logging_mixin.py:188} INFO - [2024-04-18T08:34:33.612+0000] {dagbag.py:540} INFO - Filling up the DagBag from /home/airflow/.local/lib/python3.12/site-packages/airflow/example_dags/example_sla_dag.py
[2024-04-18T08:34:33.619+0000] {processor.py:840} INFO - DAG(s) 'example_sla_dag' retrieved from /home/airflow/.local/lib/python3.12/site-packages/airflow/example_dags/example_sla_dag.py
[2024-04-18T08:34:33.634+0000] {logging_mixin.py:188} INFO - [2024-04-18T08:34:33.634+0000] {dag.py:3096} INFO - Sync 1 DAGs
[2024-04-18T08:34:33.652+0000] {logging_mixin.py:188} INFO - [2024-04-18T08:34:33.652+0000] {dag.py:3954} INFO - Setting next_dagrun for example_sla_dag to 2024-04-18 08:32:00+00:00, run_after=2024-04-18 08:34:00+00:00
[2024-04-18T08:34:33.669+0000] {processor.py:183} INFO - Processing /home/airflow/.local/lib/python3.12/site-packages/airflow/example_dags/example_sla_dag.py took 0.063 seconds
[2024-04-18T08:35:04.636+0000] {processor.py:161} INFO - Started process (PID=4524) to work on /home/airflow/.local/lib/python3.12/site-packages/airflow/example_dags/example_sla_dag.py
[2024-04-18T08:35:04.636+0000] {processor.py:830} INFO - Processing file /home/airflow/.local/lib/python3.12/site-packages/airflow/example_dags/example_sla_dag.py for tasks to queue
[2024-04-18T08:35:04.638+0000] {logging_mixin.py:188} INFO - [2024-04-18T08:35:04.638+0000] {dagbag.py:540} INFO - Filling up the DagBag from /home/airflow/.local/lib/python3.12/site-packages/airflow/example_dags/example_sla_dag.py
[2024-04-18T08:35:04.646+0000] {processor.py:840} INFO - DAG(s) 'example_sla_dag' retrieved from /home/airflow/.local/lib/python3.12/site-packages/airflow/example_dags/example_sla_dag.py
[2024-04-18T08:35:04.667+0000] {logging_mixin.py:188} INFO - [2024-04-18T08:35:04.666+0000] {dag.py:3096} INFO - Sync 1 DAGs
[2024-04-18T08:35:04.693+0000] {logging_mixin.py:188} INFO - [2024-04-18T08:35:04.692+0000] {dag.py:3954} INFO - Setting next_dagrun for example_sla_dag to 2024-04-18 08:32:00+00:00, run_after=2024-04-18 08:34:00+00:00
[2024-04-18T08:35:04.931+0000] {processor.py:183} INFO - Processing /home/airflow/.local/lib/python3.12/site-packages/airflow/example_dags/example_sla_dag.py took 0.301 seconds
[2024-04-18T08:35:35.712+0000] {processor.py:161} INFO - Started process (PID=4793) to work on /home/airflow/.local/lib/python3.12/site-packages/airflow/example_dags/example_sla_dag.py
[2024-04-18T08:35:35.713+0000] {processor.py:830} INFO - Processing file /home/airflow/.local/lib/python3.12/site-packages/airflow/example_dags/example_sla_dag.py for tasks to queue
[2024-04-18T08:35:35.715+0000] {logging_mixin.py:188} INFO - [2024-04-18T08:35:35.714+0000] {dagbag.py:540} INFO - Filling up the DagBag from /home/airflow/.local/lib/python3.12/site-packages/airflow/example_dags/example_sla_dag.py
[2024-04-18T08:35:35.721+0000] {processor.py:840} INFO - DAG(s) 'example_sla_dag' retrieved from /home/airflow/.local/lib/python3.12/site-packages/airflow/example_dags/example_sla_dag.py
[2024-04-18T08:35:35.737+0000] {logging_mixin.py:188} INFO - [2024-04-18T08:35:35.736+0000] {dag.py:3096} INFO - Sync 1 DAGs
[2024-04-18T08:35:35.762+0000] {logging_mixin.py:188} INFO - [2024-04-18T08:35:35.762+0000] {dag.py:3954} INFO - Setting next_dagrun for example_sla_dag to 2024-04-18 08:32:00+00:00, run_after=2024-04-18 08:34:00+00:00
[2024-04-18T08:35:35.780+0000] {processor.py:183} INFO - Processing /home/airflow/.local/lib/python3.12/site-packages/airflow/example_dags/example_sla_dag.py took 0.072 seconds
[2024-04-18T08:36:06.397+0000] {processor.py:161} INFO - Started process (PID=5059) to work on /home/airflow/.local/lib/python3.12/site-packages/airflow/example_dags/example_sla_dag.py
[2024-04-18T08:36:06.398+0000] {processor.py:830} INFO - Processing file /home/airflow/.local/lib/python3.12/site-packages/airflow/example_dags/example_sla_dag.py for tasks to queue
[2024-04-18T08:36:06.400+0000] {logging_mixin.py:188} INFO - [2024-04-18T08:36:06.399+0000] {dagbag.py:540} INFO - Filling up the DagBag from /home/airflow/.local/lib/python3.12/site-packages/airflow/example_dags/example_sla_dag.py
[2024-04-18T08:36:06.409+0000] {processor.py:840} INFO - DAG(s) 'example_sla_dag' retrieved from /home/airflow/.local/lib/python3.12/site-packages/airflow/example_dags/example_sla_dag.py
[2024-04-18T08:36:06.429+0000] {logging_mixin.py:188} INFO - [2024-04-18T08:36:06.429+0000] {dag.py:3096} INFO - Sync 1 DAGs
[2024-04-18T08:36:06.455+0000] {logging_mixin.py:188} INFO - [2024-04-18T08:36:06.455+0000] {dag.py:3954} INFO - Setting next_dagrun for example_sla_dag to 2024-04-18 08:34:00+00:00, run_after=2024-04-18 08:36:00+00:00
[2024-04-18T08:36:06.477+0000] {processor.py:183} INFO - Processing /home/airflow/.local/lib/python3.12/site-packages/airflow/example_dags/example_sla_dag.py took 0.085 seconds
[2024-04-18T08:36:37.241+0000] {processor.py:161} INFO - Started process (PID=5326) to work on /home/airflow/.local/lib/python3.12/site-packages/airflow/example_dags/example_sla_dag.py
[2024-04-18T08:36:37.242+0000] {processor.py:830} INFO - Processing file /home/airflow/.local/lib/python3.12/site-packages/airflow/example_dags/example_sla_dag.py for tasks to queue
[2024-04-18T08:36:37.243+0000] {logging_mixin.py:188} INFO - [2024-04-18T08:36:37.243+0000] {dagbag.py:540} INFO - Filling up the DagBag from /home/airflow/.local/lib/python3.12/site-packages/airflow/example_dags/example_sla_dag.py
[2024-04-18T08:36:37.250+0000] {processor.py:840} INFO - DAG(s) 'example_sla_dag' retrieved from /home/airflow/.local/lib/python3.12/site-packages/airflow/example_dags/example_sla_dag.py
[2024-04-18T08:36:37.266+0000] {logging_mixin.py:188} INFO - [2024-04-18T08:36:37.266+0000] {dag.py:3096} INFO - Sync 1 DAGs
[2024-04-18T08:36:37.292+0000] {logging_mixin.py:188} INFO - [2024-04-18T08:36:37.292+0000] {dag.py:3954} INFO - Setting next_dagrun for example_sla_dag to 2024-04-18 08:34:00+00:00, run_after=2024-04-18 08:36:00+00:00
[2024-04-18T08:36:37.312+0000] {processor.py:183} INFO - Processing /home/airflow/.local/lib/python3.12/site-packages/airflow/example_dags/example_sla_dag.py took 0.075 seconds
[2024-04-18T08:37:08.138+0000] {processor.py:161} INFO - Started process (PID=5590) to work on /home/airflow/.local/lib/python3.12/site-packages/airflow/example_dags/example_sla_dag.py
[2024-04-18T08:37:08.139+0000] {processor.py:830} INFO - Processing file /home/airflow/.local/lib/python3.12/site-packages/airflow/example_dags/example_sla_dag.py for tasks to queue
[2024-04-18T08:37:08.141+0000] {logging_mixin.py:188} INFO - [2024-04-18T08:37:08.140+0000] {dagbag.py:540} INFO - Filling up the DagBag from /home/airflow/.local/lib/python3.12/site-packages/airflow/example_dags/example_sla_dag.py
[2024-04-18T08:37:08.150+0000] {processor.py:840} INFO - DAG(s) 'example_sla_dag' retrieved from /home/airflow/.local/lib/python3.12/site-packages/airflow/example_dags/example_sla_dag.py
[2024-04-18T08:37:08.169+0000] {logging_mixin.py:188} INFO - [2024-04-18T08:37:08.168+0000] {dag.py:3096} INFO - Sync 1 DAGs
[2024-04-18T08:37:08.420+0000] {logging_mixin.py:188} INFO - [2024-04-18T08:37:08.420+0000] {dag.py:3954} INFO - Setting next_dagrun for example_sla_dag to 2024-04-18 08:34:00+00:00, run_after=2024-04-18 08:36:00+00:00
[2024-04-18T08:37:08.447+0000] {processor.py:183} INFO - Processing /home/airflow/.local/lib/python3.12/site-packages/airflow/example_dags/example_sla_dag.py took 0.315 seconds
[2024-04-18T08:37:38.810+0000] {processor.py:161} INFO - Started process (PID=5858) to work on /home/airflow/.local/lib/python3.12/site-packages/airflow/example_dags/example_sla_dag.py
[2024-04-18T08:37:38.811+0000] {processor.py:830} INFO - Processing file /home/airflow/.local/lib/python3.12/site-packages/airflow/example_dags/example_sla_dag.py for tasks to queue
[2024-04-18T08:37:38.812+0000] {logging_mixin.py:188} INFO - [2024-04-18T08:37:38.812+0000] {dagbag.py:540} INFO - Filling up the DagBag from /home/airflow/.local/lib/python3.12/site-packages/airflow/example_dags/example_sla_dag.py
[2024-04-18T08:37:38.822+0000] {processor.py:840} INFO - DAG(s) 'example_sla_dag' retrieved from /home/airflow/.local/lib/python3.12/site-packages/airflow/example_dags/example_sla_dag.py
[2024-04-18T08:37:38.843+0000] {logging_mixin.py:188} INFO - [2024-04-18T08:37:38.842+0000] {dag.py:3096} INFO - Sync 1 DAGs
[2024-04-18T08:37:38.872+0000] {logging_mixin.py:188} INFO - [2024-04-18T08:37:38.872+0000] {dag.py:3954} INFO - Setting next_dagrun for example_sla_dag to 2024-04-18 08:34:00+00:00, run_after=2024-04-18 08:36:00+00:00
[2024-04-18T08:37:39.098+0000] {processor.py:183} INFO - Processing /home/airflow/.local/lib/python3.12/site-packages/airflow/example_dags/example_sla_dag.py took 0.295 seconds
[2024-04-18T08:38:09.581+0000] {processor.py:161} INFO - Started process (PID=6121) to work on /home/airflow/.local/lib/python3.12/site-packages/airflow/example_dags/example_sla_dag.py
[2024-04-18T08:38:09.582+0000] {processor.py:830} INFO - Processing file /home/airflow/.local/lib/python3.12/site-packages/airflow/example_dags/example_sla_dag.py for tasks to queue
[2024-04-18T08:38:09.583+0000] {logging_mixin.py:188} INFO - [2024-04-18T08:38:09.583+0000] {dagbag.py:540} INFO - Filling up the DagBag from /home/airflow/.local/lib/python3.12/site-packages/airflow/example_dags/example_sla_dag.py
[2024-04-18T08:38:09.592+0000] {processor.py:840} INFO - DAG(s) 'example_sla_dag' retrieved from /home/airflow/.local/lib/python3.12/site-packages/airflow/example_dags/example_sla_dag.py
[2024-04-18T08:38:09.624+0000] {logging_mixin.py:188} INFO - [2024-04-18T08:38:09.623+0000] {dag.py:3096} INFO - Sync 1 DAGs
[2024-04-18T08:38:09.652+0000] {logging_mixin.py:188} INFO - [2024-04-18T08:38:09.652+0000] {dag.py:3954} INFO - Setting next_dagrun for example_sla_dag to 2024-04-18 08:36:00+00:00, run_after=2024-04-18 08:38:00+00:00
[2024-04-18T08:38:09.674+0000] {processor.py:183} INFO - Processing /home/airflow/.local/lib/python3.12/site-packages/airflow/example_dags/example_sla_dag.py took 0.099 seconds
[2024-04-18T08:38:40.716+0000] {processor.py:161} INFO - Started process (PID=6389) to work on /home/airflow/.local/lib/python3.12/site-packages/airflow/example_dags/example_sla_dag.py
[2024-04-18T08:38:40.749+0000] {processor.py:830} INFO - Processing file /home/airflow/.local/lib/python3.12/site-packages/airflow/example_dags/example_sla_dag.py for tasks to queue
[2024-04-18T08:38:40.751+0000] {logging_mixin.py:188} INFO - [2024-04-18T08:38:40.750+0000] {dagbag.py:540} INFO - Filling up the DagBag from /home/airflow/.local/lib/python3.12/site-packages/airflow/example_dags/example_sla_dag.py
[2024-04-18T08:38:40.779+0000] {processor.py:840} INFO - DAG(s) 'example_sla_dag' retrieved from /home/airflow/.local/lib/python3.12/site-packages/airflow/example_dags/example_sla_dag.py
[2024-04-18T08:38:40.819+0000] {logging_mixin.py:188} INFO - [2024-04-18T08:38:40.819+0000] {dag.py:3096} INFO - Sync 1 DAGs
[2024-04-18T08:38:40.848+0000] {logging_mixin.py:188} INFO - [2024-04-18T08:38:40.847+0000] {dag.py:3954} INFO - Setting next_dagrun for example_sla_dag to 2024-04-18 08:36:00+00:00, run_after=2024-04-18 08:38:00+00:00
[2024-04-18T08:38:40.889+0000] {processor.py:183} INFO - Processing /home/airflow/.local/lib/python3.12/site-packages/airflow/example_dags/example_sla_dag.py took 0.188 seconds
[2024-04-18T08:39:11.975+0000] {processor.py:161} INFO - Started process (PID=6656) to work on /home/airflow/.local/lib/python3.12/site-packages/airflow/example_dags/example_sla_dag.py
[2024-04-18T08:39:11.976+0000] {processor.py:830} INFO - Processing file /home/airflow/.local/lib/python3.12/site-packages/airflow/example_dags/example_sla_dag.py for tasks to queue
[2024-04-18T08:39:11.978+0000] {logging_mixin.py:188} INFO - [2024-04-18T08:39:11.978+0000] {dagbag.py:540} INFO - Filling up the DagBag from /home/airflow/.local/lib/python3.12/site-packages/airflow/example_dags/example_sla_dag.py
[2024-04-18T08:39:11.992+0000] {processor.py:840} INFO - DAG(s) 'example_sla_dag' retrieved from /home/airflow/.local/lib/python3.12/site-packages/airflow/example_dags/example_sla_dag.py
[2024-04-18T08:39:12.013+0000] {logging_mixin.py:188} INFO - [2024-04-18T08:39:12.013+0000] {dag.py:3096} INFO - Sync 1 DAGs
[2024-04-18T08:39:12.045+0000] {logging_mixin.py:188} INFO - [2024-04-18T08:39:12.045+0000] {dag.py:3954} INFO - Setting next_dagrun for example_sla_dag to 2024-04-18 08:36:00+00:00, run_after=2024-04-18 08:38:00+00:00
[2024-04-18T08:39:12.071+0000] {processor.py:183} INFO - Processing /home/airflow/.local/lib/python3.12/site-packages/airflow/example_dags/example_sla_dag.py took 0.102 seconds
[2024-04-18T08:39:42.333+0000] {processor.py:161} INFO - Started process (PID=6922) to work on /home/airflow/.local/lib/python3.12/site-packages/airflow/example_dags/example_sla_dag.py
[2024-04-18T08:39:42.339+0000] {processor.py:830} INFO - Processing file /home/airflow/.local/lib/python3.12/site-packages/airflow/example_dags/example_sla_dag.py for tasks to queue
[2024-04-18T08:39:42.341+0000] {logging_mixin.py:188} INFO - [2024-04-18T08:39:42.341+0000] {dagbag.py:540} INFO - Filling up the DagBag from /home/airflow/.local/lib/python3.12/site-packages/airflow/example_dags/example_sla_dag.py
[2024-04-18T08:39:42.350+0000] {processor.py:840} INFO - DAG(s) 'example_sla_dag' retrieved from /home/airflow/.local/lib/python3.12/site-packages/airflow/example_dags/example_sla_dag.py
[2024-04-18T08:39:42.371+0000] {logging_mixin.py:188} INFO - [2024-04-18T08:39:42.371+0000] {dag.py:3096} INFO - Sync 1 DAGs
[2024-04-18T08:39:42.397+0000] {logging_mixin.py:188} INFO - [2024-04-18T08:39:42.397+0000] {dag.py:3954} INFO - Setting next_dagrun for example_sla_dag to 2024-04-18 08:36:00+00:00, run_after=2024-04-18 08:38:00+00:00
[2024-04-18T08:39:42.440+0000] {processor.py:183} INFO - Processing /home/airflow/.local/lib/python3.12/site-packages/airflow/example_dags/example_sla_dag.py took 0.113 seconds
[2024-04-18T08:40:12.552+0000] {processor.py:161} INFO - Started process (PID=7189) to work on /home/airflow/.local/lib/python3.12/site-packages/airflow/example_dags/example_sla_dag.py
[2024-04-18T08:40:12.555+0000] {processor.py:830} INFO - Processing file /home/airflow/.local/lib/python3.12/site-packages/airflow/example_dags/example_sla_dag.py for tasks to queue
[2024-04-18T08:40:12.557+0000] {logging_mixin.py:188} INFO - [2024-04-18T08:40:12.557+0000] {dagbag.py:540} INFO - Filling up the DagBag from /home/airflow/.local/lib/python3.12/site-packages/airflow/example_dags/example_sla_dag.py
[2024-04-18T08:40:12.567+0000] {processor.py:840} INFO - DAG(s) 'example_sla_dag' retrieved from /home/airflow/.local/lib/python3.12/site-packages/airflow/example_dags/example_sla_dag.py
[2024-04-18T08:40:12.608+0000] {logging_mixin.py:188} INFO - [2024-04-18T08:40:12.608+0000] {dag.py:3096} INFO - Sync 1 DAGs
[2024-04-18T08:40:12.663+0000] {logging_mixin.py:188} INFO - [2024-04-18T08:40:12.663+0000] {dag.py:3954} INFO - Setting next_dagrun for example_sla_dag to 2024-04-18 08:38:00+00:00, run_after=2024-04-18 08:40:00+00:00
[2024-04-18T08:40:12.716+0000] {processor.py:183} INFO - Processing /home/airflow/.local/lib/python3.12/site-packages/airflow/example_dags/example_sla_dag.py took 0.172 seconds
[2024-04-18T08:40:43.460+0000] {processor.py:161} INFO - Started process (PID=7455) to work on /home/airflow/.local/lib/python3.12/site-packages/airflow/example_dags/example_sla_dag.py
[2024-04-18T08:40:43.461+0000] {processor.py:830} INFO - Processing file /home/airflow/.local/lib/python3.12/site-packages/airflow/example_dags/example_sla_dag.py for tasks to queue
[2024-04-18T08:40:43.463+0000] {logging_mixin.py:188} INFO - [2024-04-18T08:40:43.462+0000] {dagbag.py:540} INFO - Filling up the DagBag from /home/airflow/.local/lib/python3.12/site-packages/airflow/example_dags/example_sla_dag.py
[2024-04-18T08:40:43.474+0000] {processor.py:840} INFO - DAG(s) 'example_sla_dag' retrieved from /home/airflow/.local/lib/python3.12/site-packages/airflow/example_dags/example_sla_dag.py
[2024-04-18T08:40:43.495+0000] {logging_mixin.py:188} INFO - [2024-04-18T08:40:43.494+0000] {dag.py:3096} INFO - Sync 1 DAGs
[2024-04-18T08:40:43.521+0000] {logging_mixin.py:188} INFO - [2024-04-18T08:40:43.521+0000] {dag.py:3954} INFO - Setting next_dagrun for example_sla_dag to 2024-04-18 08:38:00+00:00, run_after=2024-04-18 08:40:00+00:00
[2024-04-18T08:40:43.544+0000] {processor.py:183} INFO - Processing /home/airflow/.local/lib/python3.12/site-packages/airflow/example_dags/example_sla_dag.py took 0.089 seconds
[2024-04-18T08:41:14.228+0000] {processor.py:161} INFO - Started process (PID=7721) to work on /home/airflow/.local/lib/python3.12/site-packages/airflow/example_dags/example_sla_dag.py
[2024-04-18T08:41:14.229+0000] {processor.py:830} INFO - Processing file /home/airflow/.local/lib/python3.12/site-packages/airflow/example_dags/example_sla_dag.py for tasks to queue
[2024-04-18T08:41:14.231+0000] {logging_mixin.py:188} INFO - [2024-04-18T08:41:14.230+0000] {dagbag.py:540} INFO - Filling up the DagBag from /home/airflow/.local/lib/python3.12/site-packages/airflow/example_dags/example_sla_dag.py
[2024-04-18T08:41:14.241+0000] {processor.py:840} INFO - DAG(s) 'example_sla_dag' retrieved from /home/airflow/.local/lib/python3.12/site-packages/airflow/example_dags/example_sla_dag.py
[2024-04-18T08:41:14.271+0000] {logging_mixin.py:188} INFO - [2024-04-18T08:41:14.270+0000] {dag.py:3096} INFO - Sync 1 DAGs
[2024-04-18T08:41:14.322+0000] {logging_mixin.py:188} INFO - [2024-04-18T08:41:14.322+0000] {dag.py:3954} INFO - Setting next_dagrun for example_sla_dag to 2024-04-18 08:38:00+00:00, run_after=2024-04-18 08:40:00+00:00
[2024-04-18T08:41:14.346+0000] {processor.py:183} INFO - Processing /home/airflow/.local/lib/python3.12/site-packages/airflow/example_dags/example_sla_dag.py took 0.124 seconds
[2024-04-18T08:41:45.082+0000] {processor.py:161} INFO - Started process (PID=7995) to work on /home/airflow/.local/lib/python3.12/site-packages/airflow/example_dags/example_sla_dag.py
[2024-04-18T08:41:45.082+0000] {processor.py:830} INFO - Processing file /home/airflow/.local/lib/python3.12/site-packages/airflow/example_dags/example_sla_dag.py for tasks to queue
[2024-04-18T08:41:45.084+0000] {logging_mixin.py:188} INFO - [2024-04-18T08:41:45.084+0000] {dagbag.py:540} INFO - Filling up the DagBag from /home/airflow/.local/lib/python3.12/site-packages/airflow/example_dags/example_sla_dag.py
[2024-04-18T08:41:45.115+0000] {processor.py:840} INFO - DAG(s) 'example_sla_dag' retrieved from /home/airflow/.local/lib/python3.12/site-packages/airflow/example_dags/example_sla_dag.py
[2024-04-18T08:41:45.137+0000] {logging_mixin.py:188} INFO - [2024-04-18T08:41:45.137+0000] {dag.py:3096} INFO - Sync 1 DAGs
[2024-04-18T08:41:45.164+0000] {logging_mixin.py:188} INFO - [2024-04-18T08:41:45.163+0000] {dag.py:3954} INFO - Setting next_dagrun for example_sla_dag to 2024-04-18 08:38:00+00:00, run_after=2024-04-18 08:40:00+00:00
[2024-04-18T08:41:45.190+0000] {processor.py:183} INFO - Processing /home/airflow/.local/lib/python3.12/site-packages/airflow/example_dags/example_sla_dag.py took 0.114 seconds
[2024-04-18T08:42:15.911+0000] {processor.py:161} INFO - Started process (PID=8261) to work on /home/airflow/.local/lib/python3.12/site-packages/airflow/example_dags/example_sla_dag.py
[2024-04-18T08:42:15.913+0000] {processor.py:830} INFO - Processing file /home/airflow/.local/lib/python3.12/site-packages/airflow/example_dags/example_sla_dag.py for tasks to queue
[2024-04-18T08:42:15.915+0000] {logging_mixin.py:188} INFO - [2024-04-18T08:42:15.914+0000] {dagbag.py:540} INFO - Filling up the DagBag from /home/airflow/.local/lib/python3.12/site-packages/airflow/example_dags/example_sla_dag.py
[2024-04-18T08:42:15.924+0000] {processor.py:840} INFO - DAG(s) 'example_sla_dag' retrieved from /home/airflow/.local/lib/python3.12/site-packages/airflow/example_dags/example_sla_dag.py
[2024-04-18T08:42:15.946+0000] {logging_mixin.py:188} INFO - [2024-04-18T08:42:15.946+0000] {dag.py:3096} INFO - Sync 1 DAGs
[2024-04-18T08:42:15.973+0000] {logging_mixin.py:188} INFO - [2024-04-18T08:42:15.972+0000] {dag.py:3954} INFO - Setting next_dagrun for example_sla_dag to 2024-04-18 08:40:00+00:00, run_after=2024-04-18 08:42:00+00:00
[2024-04-18T08:42:15.996+0000] {processor.py:183} INFO - Processing /home/airflow/.local/lib/python3.12/site-packages/airflow/example_dags/example_sla_dag.py took 0.090 seconds
[2024-04-18T08:42:46.426+0000] {processor.py:161} INFO - Started process (PID=8527) to work on /home/airflow/.local/lib/python3.12/site-packages/airflow/example_dags/example_sla_dag.py
[2024-04-18T08:42:46.430+0000] {processor.py:830} INFO - Processing file /home/airflow/.local/lib/python3.12/site-packages/airflow/example_dags/example_sla_dag.py for tasks to queue
[2024-04-18T08:42:46.433+0000] {logging_mixin.py:188} INFO - [2024-04-18T08:42:46.432+0000] {dagbag.py:540} INFO - Filling up the DagBag from /home/airflow/.local/lib/python3.12/site-packages/airflow/example_dags/example_sla_dag.py
[2024-04-18T08:42:46.453+0000] {processor.py:840} INFO - DAG(s) 'example_sla_dag' retrieved from /home/airflow/.local/lib/python3.12/site-packages/airflow/example_dags/example_sla_dag.py
[2024-04-18T08:42:46.493+0000] {logging_mixin.py:188} INFO - [2024-04-18T08:42:46.493+0000] {dag.py:3096} INFO - Sync 1 DAGs
[2024-04-18T08:42:46.518+0000] {logging_mixin.py:188} INFO - [2024-04-18T08:42:46.518+0000] {dag.py:3954} INFO - Setting next_dagrun for example_sla_dag to 2024-04-18 08:40:00+00:00, run_after=2024-04-18 08:42:00+00:00
[2024-04-18T08:42:46.537+0000] {processor.py:183} INFO - Processing /home/airflow/.local/lib/python3.12/site-packages/airflow/example_dags/example_sla_dag.py took 0.116 seconds
[2024-04-18T08:43:16.611+0000] {processor.py:161} INFO - Started process (PID=8793) to work on /home/airflow/.local/lib/python3.12/site-packages/airflow/example_dags/example_sla_dag.py
[2024-04-18T08:43:16.612+0000] {processor.py:830} INFO - Processing file /home/airflow/.local/lib/python3.12/site-packages/airflow/example_dags/example_sla_dag.py for tasks to queue
[2024-04-18T08:43:16.614+0000] {logging_mixin.py:188} INFO - [2024-04-18T08:43:16.614+0000] {dagbag.py:540} INFO - Filling up the DagBag from /home/airflow/.local/lib/python3.12/site-packages/airflow/example_dags/example_sla_dag.py
[2024-04-18T08:43:16.623+0000] {processor.py:840} INFO - DAG(s) 'example_sla_dag' retrieved from /home/airflow/.local/lib/python3.12/site-packages/airflow/example_dags/example_sla_dag.py
[2024-04-18T08:43:16.648+0000] {logging_mixin.py:188} INFO - [2024-04-18T08:43:16.647+0000] {dag.py:3096} INFO - Sync 1 DAGs
[2024-04-18T08:43:16.674+0000] {logging_mixin.py:188} INFO - [2024-04-18T08:43:16.674+0000] {dag.py:3954} INFO - Setting next_dagrun for example_sla_dag to 2024-04-18 08:40:00+00:00, run_after=2024-04-18 08:42:00+00:00
[2024-04-18T08:43:16.696+0000] {processor.py:183} INFO - Processing /home/airflow/.local/lib/python3.12/site-packages/airflow/example_dags/example_sla_dag.py took 0.090 seconds
[2024-04-18T08:43:47.126+0000] {processor.py:161} INFO - Started process (PID=9059) to work on /home/airflow/.local/lib/python3.12/site-packages/airflow/example_dags/example_sla_dag.py
[2024-04-18T08:43:47.128+0000] {processor.py:830} INFO - Processing file /home/airflow/.local/lib/python3.12/site-packages/airflow/example_dags/example_sla_dag.py for tasks to queue
[2024-04-18T08:43:47.137+0000] {logging_mixin.py:188} INFO - [2024-04-18T08:43:47.137+0000] {dagbag.py:540} INFO - Filling up the DagBag from /home/airflow/.local/lib/python3.12/site-packages/airflow/example_dags/example_sla_dag.py
[2024-04-18T08:43:47.154+0000] {processor.py:840} INFO - DAG(s) 'example_sla_dag' retrieved from /home/airflow/.local/lib/python3.12/site-packages/airflow/example_dags/example_sla_dag.py
[2024-04-18T08:43:47.214+0000] {logging_mixin.py:188} INFO - [2024-04-18T08:43:47.214+0000] {dag.py:3096} INFO - Sync 1 DAGs
[2024-04-18T08:43:47.240+0000] {logging_mixin.py:188} INFO - [2024-04-18T08:43:47.240+0000] {dag.py:3954} INFO - Setting next_dagrun for example_sla_dag to 2024-04-18 08:40:00+00:00, run_after=2024-04-18 08:42:00+00:00
[2024-04-18T08:43:47.259+0000] {processor.py:183} INFO - Processing /home/airflow/.local/lib/python3.12/site-packages/airflow/example_dags/example_sla_dag.py took 0.142 seconds
[2024-04-18T08:44:18.096+0000] {processor.py:161} INFO - Started process (PID=9325) to work on /home/airflow/.local/lib/python3.12/site-packages/airflow/example_dags/example_sla_dag.py
[2024-04-18T08:44:18.098+0000] {processor.py:830} INFO - Processing file /home/airflow/.local/lib/python3.12/site-packages/airflow/example_dags/example_sla_dag.py for tasks to queue
[2024-04-18T08:44:18.099+0000] {logging_mixin.py:188} INFO - [2024-04-18T08:44:18.099+0000] {dagbag.py:540} INFO - Filling up the DagBag from /home/airflow/.local/lib/python3.12/site-packages/airflow/example_dags/example_sla_dag.py
[2024-04-18T08:44:18.110+0000] {processor.py:840} INFO - DAG(s) 'example_sla_dag' retrieved from /home/airflow/.local/lib/python3.12/site-packages/airflow/example_dags/example_sla_dag.py
[2024-04-18T08:44:18.132+0000] {logging_mixin.py:188} INFO - [2024-04-18T08:44:18.132+0000] {dag.py:3096} INFO - Sync 1 DAGs
[2024-04-18T08:44:18.159+0000] {logging_mixin.py:188} INFO - [2024-04-18T08:44:18.159+0000] {dag.py:3954} INFO - Setting next_dagrun for example_sla_dag to 2024-04-18 08:42:00+00:00, run_after=2024-04-18 08:44:00+00:00
[2024-04-18T08:44:18.182+0000] {processor.py:183} INFO - Processing /home/airflow/.local/lib/python3.12/site-packages/airflow/example_dags/example_sla_dag.py took 0.091 seconds
[2024-04-18T08:44:49.063+0000] {processor.py:161} INFO - Started process (PID=9591) to work on /home/airflow/.local/lib/python3.12/site-packages/airflow/example_dags/example_sla_dag.py
[2024-04-18T08:44:49.063+0000] {processor.py:830} INFO - Processing file /home/airflow/.local/lib/python3.12/site-packages/airflow/example_dags/example_sla_dag.py for tasks to queue
[2024-04-18T08:44:49.065+0000] {logging_mixin.py:188} INFO - [2024-04-18T08:44:49.065+0000] {dagbag.py:540} INFO - Filling up the DagBag from /home/airflow/.local/lib/python3.12/site-packages/airflow/example_dags/example_sla_dag.py
[2024-04-18T08:44:49.074+0000] {processor.py:840} INFO - DAG(s) 'example_sla_dag' retrieved from /home/airflow/.local/lib/python3.12/site-packages/airflow/example_dags/example_sla_dag.py
[2024-04-18T08:44:49.095+0000] {logging_mixin.py:188} INFO - [2024-04-18T08:44:49.095+0000] {dag.py:3096} INFO - Sync 1 DAGs
[2024-04-18T08:44:49.124+0000] {logging_mixin.py:188} INFO - [2024-04-18T08:44:49.123+0000] {dag.py:3954} INFO - Setting next_dagrun for example_sla_dag to 2024-04-18 08:42:00+00:00, run_after=2024-04-18 08:44:00+00:00
[2024-04-18T08:44:49.150+0000] {processor.py:183} INFO - Processing /home/airflow/.local/lib/python3.12/site-packages/airflow/example_dags/example_sla_dag.py took 0.093 seconds
[2024-04-18T08:45:19.834+0000] {processor.py:161} INFO - Started process (PID=9857) to work on /home/airflow/.local/lib/python3.12/site-packages/airflow/example_dags/example_sla_dag.py
[2024-04-18T08:45:19.837+0000] {processor.py:830} INFO - Processing file /home/airflow/.local/lib/python3.12/site-packages/airflow/example_dags/example_sla_dag.py for tasks to queue
[2024-04-18T08:45:19.839+0000] {logging_mixin.py:188} INFO - [2024-04-18T08:45:19.839+0000] {dagbag.py:540} INFO - Filling up the DagBag from /home/airflow/.local/lib/python3.12/site-packages/airflow/example_dags/example_sla_dag.py
[2024-04-18T08:45:19.849+0000] {processor.py:840} INFO - DAG(s) 'example_sla_dag' retrieved from /home/airflow/.local/lib/python3.12/site-packages/airflow/example_dags/example_sla_dag.py
[2024-04-18T08:45:19.897+0000] {logging_mixin.py:188} INFO - [2024-04-18T08:45:19.897+0000] {dag.py:3096} INFO - Sync 1 DAGs
[2024-04-18T08:45:19.952+0000] {logging_mixin.py:188} INFO - [2024-04-18T08:45:19.951+0000] {dag.py:3954} INFO - Setting next_dagrun for example_sla_dag to 2024-04-18 08:42:00+00:00, run_after=2024-04-18 08:44:00+00:00
[2024-04-18T08:45:19.995+0000] {processor.py:183} INFO - Processing /home/airflow/.local/lib/python3.12/site-packages/airflow/example_dags/example_sla_dag.py took 0.169 seconds
[2024-04-18T08:45:50.128+0000] {processor.py:161} INFO - Started process (PID=10123) to work on /home/airflow/.local/lib/python3.12/site-packages/airflow/example_dags/example_sla_dag.py
[2024-04-18T08:45:50.129+0000] {processor.py:830} INFO - Processing file /home/airflow/.local/lib/python3.12/site-packages/airflow/example_dags/example_sla_dag.py for tasks to queue
[2024-04-18T08:45:50.131+0000] {logging_mixin.py:188} INFO - [2024-04-18T08:45:50.130+0000] {dagbag.py:540} INFO - Filling up the DagBag from /home/airflow/.local/lib/python3.12/site-packages/airflow/example_dags/example_sla_dag.py
[2024-04-18T08:45:50.139+0000] {processor.py:840} INFO - DAG(s) 'example_sla_dag' retrieved from /home/airflow/.local/lib/python3.12/site-packages/airflow/example_dags/example_sla_dag.py
[2024-04-18T08:45:50.162+0000] {logging_mixin.py:188} INFO - [2024-04-18T08:45:50.161+0000] {dag.py:3096} INFO - Sync 1 DAGs
[2024-04-18T08:45:50.188+0000] {logging_mixin.py:188} INFO - [2024-04-18T08:45:50.188+0000] {dag.py:3954} INFO - Setting next_dagrun for example_sla_dag to 2024-04-18 08:42:00+00:00, run_after=2024-04-18 08:44:00+00:00
[2024-04-18T08:45:50.210+0000] {processor.py:183} INFO - Processing /home/airflow/.local/lib/python3.12/site-packages/airflow/example_dags/example_sla_dag.py took 0.088 seconds
[2024-04-18T08:46:21.008+0000] {processor.py:161} INFO - Started process (PID=10389) to work on /home/airflow/.local/lib/python3.12/site-packages/airflow/example_dags/example_sla_dag.py
[2024-04-18T08:46:21.009+0000] {processor.py:830} INFO - Processing file /home/airflow/.local/lib/python3.12/site-packages/airflow/example_dags/example_sla_dag.py for tasks to queue
[2024-04-18T08:46:21.011+0000] {logging_mixin.py:188} INFO - [2024-04-18T08:46:21.010+0000] {dagbag.py:540} INFO - Filling up the DagBag from /home/airflow/.local/lib/python3.12/site-packages/airflow/example_dags/example_sla_dag.py
[2024-04-18T08:46:21.020+0000] {processor.py:840} INFO - DAG(s) 'example_sla_dag' retrieved from /home/airflow/.local/lib/python3.12/site-packages/airflow/example_dags/example_sla_dag.py
[2024-04-18T08:46:21.042+0000] {logging_mixin.py:188} INFO - [2024-04-18T08:46:21.041+0000] {dag.py:3096} INFO - Sync 1 DAGs
[2024-04-18T08:46:21.070+0000] {logging_mixin.py:188} INFO - [2024-04-18T08:46:21.070+0000] {dag.py:3954} INFO - Setting next_dagrun for example_sla_dag to 2024-04-18 08:44:00+00:00, run_after=2024-04-18 08:46:00+00:00
[2024-04-18T08:46:21.112+0000] {processor.py:183} INFO - Processing /home/airflow/.local/lib/python3.12/site-packages/airflow/example_dags/example_sla_dag.py took 0.110 seconds
[2024-04-18T08:46:51.972+0000] {processor.py:161} INFO - Started process (PID=10656) to work on /home/airflow/.local/lib/python3.12/site-packages/airflow/example_dags/example_sla_dag.py
[2024-04-18T08:46:51.973+0000] {processor.py:830} INFO - Processing file /home/airflow/.local/lib/python3.12/site-packages/airflow/example_dags/example_sla_dag.py for tasks to queue
[2024-04-18T08:46:51.975+0000] {logging_mixin.py:188} INFO - [2024-04-18T08:46:51.975+0000] {dagbag.py:540} INFO - Filling up the DagBag from /home/airflow/.local/lib/python3.12/site-packages/airflow/example_dags/example_sla_dag.py
[2024-04-18T08:46:51.985+0000] {processor.py:840} INFO - DAG(s) 'example_sla_dag' retrieved from /home/airflow/.local/lib/python3.12/site-packages/airflow/example_dags/example_sla_dag.py
[2024-04-18T08:46:52.011+0000] {logging_mixin.py:188} INFO - [2024-04-18T08:46:52.010+0000] {dag.py:3096} INFO - Sync 1 DAGs
[2024-04-18T08:46:52.040+0000] {logging_mixin.py:188} INFO - [2024-04-18T08:46:52.039+0000] {dag.py:3954} INFO - Setting next_dagrun for example_sla_dag to 2024-04-18 08:44:00+00:00, run_after=2024-04-18 08:46:00+00:00
[2024-04-18T08:46:52.065+0000] {processor.py:183} INFO - Processing /home/airflow/.local/lib/python3.12/site-packages/airflow/example_dags/example_sla_dag.py took 0.102 seconds
[2024-04-18T08:47:22.174+0000] {processor.py:161} INFO - Started process (PID=10920) to work on /home/airflow/.local/lib/python3.12/site-packages/airflow/example_dags/example_sla_dag.py
[2024-04-18T08:47:22.175+0000] {processor.py:830} INFO - Processing file /home/airflow/.local/lib/python3.12/site-packages/airflow/example_dags/example_sla_dag.py for tasks to queue
[2024-04-18T08:47:22.177+0000] {logging_mixin.py:188} INFO - [2024-04-18T08:47:22.177+0000] {dagbag.py:540} INFO - Filling up the DagBag from /home/airflow/.local/lib/python3.12/site-packages/airflow/example_dags/example_sla_dag.py
[2024-04-18T08:47:22.187+0000] {processor.py:840} INFO - DAG(s) 'example_sla_dag' retrieved from /home/airflow/.local/lib/python3.12/site-packages/airflow/example_dags/example_sla_dag.py
[2024-04-18T08:47:22.239+0000] {logging_mixin.py:188} INFO - [2024-04-18T08:47:22.238+0000] {dag.py:3096} INFO - Sync 1 DAGs
[2024-04-18T08:47:22.267+0000] {logging_mixin.py:188} INFO - [2024-04-18T08:47:22.266+0000] {dag.py:3954} INFO - Setting next_dagrun for example_sla_dag to 2024-04-18 08:44:00+00:00, run_after=2024-04-18 08:46:00+00:00
[2024-04-18T08:47:22.296+0000] {processor.py:183} INFO - Processing /home/airflow/.local/lib/python3.12/site-packages/airflow/example_dags/example_sla_dag.py took 0.140 seconds
[2024-04-18T08:47:52.379+0000] {processor.py:161} INFO - Started process (PID=11189) to work on /home/airflow/.local/lib/python3.12/site-packages/airflow/example_dags/example_sla_dag.py
[2024-04-18T08:47:52.379+0000] {processor.py:830} INFO - Processing file /home/airflow/.local/lib/python3.12/site-packages/airflow/example_dags/example_sla_dag.py for tasks to queue
[2024-04-18T08:47:52.381+0000] {logging_mixin.py:188} INFO - [2024-04-18T08:47:52.381+0000] {dagbag.py:540} INFO - Filling up the DagBag from /home/airflow/.local/lib/python3.12/site-packages/airflow/example_dags/example_sla_dag.py
[2024-04-18T08:47:52.388+0000] {processor.py:840} INFO - DAG(s) 'example_sla_dag' retrieved from /home/airflow/.local/lib/python3.12/site-packages/airflow/example_dags/example_sla_dag.py
[2024-04-18T08:47:52.403+0000] {logging_mixin.py:188} INFO - [2024-04-18T08:47:52.403+0000] {dag.py:3096} INFO - Sync 1 DAGs
[2024-04-18T08:47:52.422+0000] {logging_mixin.py:188} INFO - [2024-04-18T08:47:52.421+0000] {dag.py:3954} INFO - Setting next_dagrun for example_sla_dag to 2024-04-18 08:44:00+00:00, run_after=2024-04-18 08:46:00+00:00
[2024-04-18T08:47:52.439+0000] {processor.py:183} INFO - Processing /home/airflow/.local/lib/python3.12/site-packages/airflow/example_dags/example_sla_dag.py took 0.065 seconds
[2024-04-18T08:48:22.721+0000] {processor.py:161} INFO - Started process (PID=11455) to work on /home/airflow/.local/lib/python3.12/site-packages/airflow/example_dags/example_sla_dag.py
[2024-04-18T08:48:22.722+0000] {processor.py:830} INFO - Processing file /home/airflow/.local/lib/python3.12/site-packages/airflow/example_dags/example_sla_dag.py for tasks to queue
[2024-04-18T08:48:22.724+0000] {logging_mixin.py:188} INFO - [2024-04-18T08:48:22.724+0000] {dagbag.py:540} INFO - Filling up the DagBag from /home/airflow/.local/lib/python3.12/site-packages/airflow/example_dags/example_sla_dag.py
[2024-04-18T08:48:22.731+0000] {processor.py:840} INFO - DAG(s) 'example_sla_dag' retrieved from /home/airflow/.local/lib/python3.12/site-packages/airflow/example_dags/example_sla_dag.py
[2024-04-18T08:48:22.750+0000] {logging_mixin.py:188} INFO - [2024-04-18T08:48:22.750+0000] {dag.py:3096} INFO - Sync 1 DAGs
[2024-04-18T08:48:22.776+0000] {logging_mixin.py:188} INFO - [2024-04-18T08:48:22.776+0000] {dag.py:3954} INFO - Setting next_dagrun for example_sla_dag to 2024-04-18 08:46:00+00:00, run_after=2024-04-18 08:48:00+00:00
[2024-04-18T08:48:22.794+0000] {processor.py:183} INFO - Processing /home/airflow/.local/lib/python3.12/site-packages/airflow/example_dags/example_sla_dag.py took 0.080 seconds
[2024-04-18T08:48:53.204+0000] {processor.py:161} INFO - Started process (PID=11721) to work on /home/airflow/.local/lib/python3.12/site-packages/airflow/example_dags/example_sla_dag.py
[2024-04-18T08:48:53.205+0000] {processor.py:830} INFO - Processing file /home/airflow/.local/lib/python3.12/site-packages/airflow/example_dags/example_sla_dag.py for tasks to queue
[2024-04-18T08:48:53.206+0000] {logging_mixin.py:188} INFO - [2024-04-18T08:48:53.206+0000] {dagbag.py:540} INFO - Filling up the DagBag from /home/airflow/.local/lib/python3.12/site-packages/airflow/example_dags/example_sla_dag.py
[2024-04-18T08:48:53.213+0000] {processor.py:840} INFO - DAG(s) 'example_sla_dag' retrieved from /home/airflow/.local/lib/python3.12/site-packages/airflow/example_dags/example_sla_dag.py
[2024-04-18T08:48:53.228+0000] {logging_mixin.py:188} INFO - [2024-04-18T08:48:53.228+0000] {dag.py:3096} INFO - Sync 1 DAGs
[2024-04-18T08:48:53.257+0000] {logging_mixin.py:188} INFO - [2024-04-18T08:48:53.256+0000] {dag.py:3954} INFO - Setting next_dagrun for example_sla_dag to 2024-04-18 08:46:00+00:00, run_after=2024-04-18 08:48:00+00:00
[2024-04-18T08:48:53.290+0000] {processor.py:183} INFO - Processing /home/airflow/.local/lib/python3.12/site-packages/airflow/example_dags/example_sla_dag.py took 0.090 seconds
