[2024-04-18T08:27:03.244+0000] {processor.py:161} INFO - Started process (PID=353) to work on /home/airflow/.local/lib/python3.12/site-packages/airflow/example_dags/tutorial.py
[2024-04-18T08:27:03.257+0000] {processor.py:830} INFO - Processing file /home/airflow/.local/lib/python3.12/site-packages/airflow/example_dags/tutorial.py for tasks to queue
[2024-04-18T08:27:03.277+0000] {logging_mixin.py:188} INFO - [2024-04-18T08:27:03.277+0000] {dagbag.py:540} INFO - Filling up the DagBag from /home/airflow/.local/lib/python3.12/site-packages/airflow/example_dags/tutorial.py
[2024-04-18T08:27:03.283+0000] {processor.py:840} INFO - DAG(s) 'tutorial' retrieved from /home/airflow/.local/lib/python3.12/site-packages/airflow/example_dags/tutorial.py
[2024-04-18T08:27:03.332+0000] {logging_mixin.py:188} INFO - [2024-04-18T08:27:03.331+0000] {dag.py:3096} INFO - Sync 1 DAGs
[2024-04-18T08:27:03.366+0000] {logging_mixin.py:188} INFO - [2024-04-18T08:27:03.366+0000] {dag.py:3954} INFO - Setting next_dagrun for tutorial to 2024-04-17 00:00:00+00:00, run_after=2024-04-18 00:00:00+00:00
[2024-04-18T08:27:03.418+0000] {processor.py:183} INFO - Processing /home/airflow/.local/lib/python3.12/site-packages/airflow/example_dags/tutorial.py took 0.194 seconds
[2024-04-18T08:27:34.066+0000] {processor.py:161} INFO - Started process (PID=635) to work on /home/airflow/.local/lib/python3.12/site-packages/airflow/example_dags/tutorial.py
[2024-04-18T08:27:34.066+0000] {processor.py:830} INFO - Processing file /home/airflow/.local/lib/python3.12/site-packages/airflow/example_dags/tutorial.py for tasks to queue
[2024-04-18T08:27:34.068+0000] {logging_mixin.py:188} INFO - [2024-04-18T08:27:34.068+0000] {dagbag.py:540} INFO - Filling up the DagBag from /home/airflow/.local/lib/python3.12/site-packages/airflow/example_dags/tutorial.py
[2024-04-18T08:27:34.075+0000] {processor.py:840} INFO - DAG(s) 'tutorial' retrieved from /home/airflow/.local/lib/python3.12/site-packages/airflow/example_dags/tutorial.py
[2024-04-18T08:27:34.095+0000] {logging_mixin.py:188} INFO - [2024-04-18T08:27:34.095+0000] {dag.py:3096} INFO - Sync 1 DAGs
[2024-04-18T08:27:34.116+0000] {logging_mixin.py:188} INFO - [2024-04-18T08:27:34.116+0000] {dag.py:3954} INFO - Setting next_dagrun for tutorial to 2024-04-17 00:00:00+00:00, run_after=2024-04-18 00:00:00+00:00
[2024-04-18T08:27:34.138+0000] {processor.py:183} INFO - Processing /home/airflow/.local/lib/python3.12/site-packages/airflow/example_dags/tutorial.py took 0.079 seconds
[2024-04-18T08:28:05.590+0000] {processor.py:161} INFO - Started process (PID=914) to work on /home/airflow/.local/lib/python3.12/site-packages/airflow/example_dags/tutorial.py
[2024-04-18T08:28:05.592+0000] {processor.py:830} INFO - Processing file /home/airflow/.local/lib/python3.12/site-packages/airflow/example_dags/tutorial.py for tasks to queue
[2024-04-18T08:28:05.597+0000] {logging_mixin.py:188} INFO - [2024-04-18T08:28:05.597+0000] {dagbag.py:540} INFO - Filling up the DagBag from /home/airflow/.local/lib/python3.12/site-packages/airflow/example_dags/tutorial.py
[2024-04-18T08:28:05.603+0000] {processor.py:840} INFO - DAG(s) 'tutorial' retrieved from /home/airflow/.local/lib/python3.12/site-packages/airflow/example_dags/tutorial.py
[2024-04-18T08:28:05.628+0000] {logging_mixin.py:188} INFO - [2024-04-18T08:28:05.628+0000] {dag.py:3096} INFO - Sync 1 DAGs
[2024-04-18T08:28:05.661+0000] {logging_mixin.py:188} INFO - [2024-04-18T08:28:05.661+0000] {dag.py:3954} INFO - Setting next_dagrun for tutorial to 2024-04-17 00:00:00+00:00, run_after=2024-04-18 00:00:00+00:00
[2024-04-18T08:28:05.697+0000] {processor.py:183} INFO - Processing /home/airflow/.local/lib/python3.12/site-packages/airflow/example_dags/tutorial.py took 0.113 seconds
[2024-04-18T08:28:37.555+0000] {processor.py:161} INFO - Started process (PID=1181) to work on /home/airflow/.local/lib/python3.12/site-packages/airflow/example_dags/tutorial.py
[2024-04-18T08:28:37.569+0000] {processor.py:830} INFO - Processing file /home/airflow/.local/lib/python3.12/site-packages/airflow/example_dags/tutorial.py for tasks to queue
[2024-04-18T08:28:37.572+0000] {logging_mixin.py:188} INFO - [2024-04-18T08:28:37.572+0000] {dagbag.py:540} INFO - Filling up the DagBag from /home/airflow/.local/lib/python3.12/site-packages/airflow/example_dags/tutorial.py
[2024-04-18T08:28:37.603+0000] {processor.py:840} INFO - DAG(s) 'tutorial' retrieved from /home/airflow/.local/lib/python3.12/site-packages/airflow/example_dags/tutorial.py
[2024-04-18T08:28:37.719+0000] {logging_mixin.py:188} INFO - [2024-04-18T08:28:37.719+0000] {dag.py:3096} INFO - Sync 1 DAGs
[2024-04-18T08:28:37.819+0000] {logging_mixin.py:188} INFO - [2024-04-18T08:28:37.819+0000] {dag.py:3954} INFO - Setting next_dagrun for tutorial to 2024-04-17 00:00:00+00:00, run_after=2024-04-18 00:00:00+00:00
[2024-04-18T08:28:37.882+0000] {processor.py:183} INFO - Processing /home/airflow/.local/lib/python3.12/site-packages/airflow/example_dags/tutorial.py took 0.344 seconds
[2024-04-18T08:29:08.797+0000] {processor.py:161} INFO - Started process (PID=1449) to work on /home/airflow/.local/lib/python3.12/site-packages/airflow/example_dags/tutorial.py
[2024-04-18T08:29:08.798+0000] {processor.py:830} INFO - Processing file /home/airflow/.local/lib/python3.12/site-packages/airflow/example_dags/tutorial.py for tasks to queue
[2024-04-18T08:29:08.800+0000] {logging_mixin.py:188} INFO - [2024-04-18T08:29:08.800+0000] {dagbag.py:540} INFO - Filling up the DagBag from /home/airflow/.local/lib/python3.12/site-packages/airflow/example_dags/tutorial.py
[2024-04-18T08:29:08.807+0000] {processor.py:840} INFO - DAG(s) 'tutorial' retrieved from /home/airflow/.local/lib/python3.12/site-packages/airflow/example_dags/tutorial.py
[2024-04-18T08:29:08.829+0000] {logging_mixin.py:188} INFO - [2024-04-18T08:29:08.829+0000] {dag.py:3096} INFO - Sync 1 DAGs
[2024-04-18T08:29:08.854+0000] {logging_mixin.py:188} INFO - [2024-04-18T08:29:08.854+0000] {dag.py:3954} INFO - Setting next_dagrun for tutorial to 2024-04-17 00:00:00+00:00, run_after=2024-04-18 00:00:00+00:00
[2024-04-18T08:29:08.876+0000] {processor.py:183} INFO - Processing /home/airflow/.local/lib/python3.12/site-packages/airflow/example_dags/tutorial.py took 0.084 seconds
[2024-04-18T08:29:39.576+0000] {processor.py:161} INFO - Started process (PID=1712) to work on /home/airflow/.local/lib/python3.12/site-packages/airflow/example_dags/tutorial.py
[2024-04-18T08:29:39.577+0000] {processor.py:830} INFO - Processing file /home/airflow/.local/lib/python3.12/site-packages/airflow/example_dags/tutorial.py for tasks to queue
[2024-04-18T08:29:39.579+0000] {logging_mixin.py:188} INFO - [2024-04-18T08:29:39.578+0000] {dagbag.py:540} INFO - Filling up the DagBag from /home/airflow/.local/lib/python3.12/site-packages/airflow/example_dags/tutorial.py
[2024-04-18T08:29:39.585+0000] {processor.py:840} INFO - DAG(s) 'tutorial' retrieved from /home/airflow/.local/lib/python3.12/site-packages/airflow/example_dags/tutorial.py
[2024-04-18T08:29:39.611+0000] {logging_mixin.py:188} INFO - [2024-04-18T08:29:39.611+0000] {dag.py:3096} INFO - Sync 1 DAGs
[2024-04-18T08:29:39.638+0000] {logging_mixin.py:188} INFO - [2024-04-18T08:29:39.637+0000] {dag.py:3954} INFO - Setting next_dagrun for tutorial to 2024-04-17 00:00:00+00:00, run_after=2024-04-18 00:00:00+00:00
[2024-04-18T08:29:39.661+0000] {processor.py:183} INFO - Processing /home/airflow/.local/lib/python3.12/site-packages/airflow/example_dags/tutorial.py took 0.091 seconds
[2024-04-18T08:30:09.731+0000] {processor.py:161} INFO - Started process (PID=1976) to work on /home/airflow/.local/lib/python3.12/site-packages/airflow/example_dags/tutorial.py
[2024-04-18T08:30:09.732+0000] {processor.py:830} INFO - Processing file /home/airflow/.local/lib/python3.12/site-packages/airflow/example_dags/tutorial.py for tasks to queue
[2024-04-18T08:30:09.733+0000] {logging_mixin.py:188} INFO - [2024-04-18T08:30:09.733+0000] {dagbag.py:540} INFO - Filling up the DagBag from /home/airflow/.local/lib/python3.12/site-packages/airflow/example_dags/tutorial.py
[2024-04-18T08:30:09.738+0000] {processor.py:840} INFO - DAG(s) 'tutorial' retrieved from /home/airflow/.local/lib/python3.12/site-packages/airflow/example_dags/tutorial.py
[2024-04-18T08:30:09.753+0000] {logging_mixin.py:188} INFO - [2024-04-18T08:30:09.753+0000] {dag.py:3096} INFO - Sync 1 DAGs
[2024-04-18T08:30:09.769+0000] {logging_mixin.py:188} INFO - [2024-04-18T08:30:09.768+0000] {dag.py:3954} INFO - Setting next_dagrun for tutorial to 2024-04-17 00:00:00+00:00, run_after=2024-04-18 00:00:00+00:00
[2024-04-18T08:30:09.786+0000] {processor.py:183} INFO - Processing /home/airflow/.local/lib/python3.12/site-packages/airflow/example_dags/tutorial.py took 0.060 seconds
[2024-04-18T08:30:40.254+0000] {processor.py:161} INFO - Started process (PID=2243) to work on /home/airflow/.local/lib/python3.12/site-packages/airflow/example_dags/tutorial.py
[2024-04-18T08:30:40.255+0000] {processor.py:830} INFO - Processing file /home/airflow/.local/lib/python3.12/site-packages/airflow/example_dags/tutorial.py for tasks to queue
[2024-04-18T08:30:40.256+0000] {logging_mixin.py:188} INFO - [2024-04-18T08:30:40.256+0000] {dagbag.py:540} INFO - Filling up the DagBag from /home/airflow/.local/lib/python3.12/site-packages/airflow/example_dags/tutorial.py
[2024-04-18T08:30:40.261+0000] {processor.py:840} INFO - DAG(s) 'tutorial' retrieved from /home/airflow/.local/lib/python3.12/site-packages/airflow/example_dags/tutorial.py
[2024-04-18T08:30:40.276+0000] {logging_mixin.py:188} INFO - [2024-04-18T08:30:40.276+0000] {dag.py:3096} INFO - Sync 1 DAGs
[2024-04-18T08:30:40.292+0000] {logging_mixin.py:188} INFO - [2024-04-18T08:30:40.292+0000] {dag.py:3954} INFO - Setting next_dagrun for tutorial to 2024-04-17 00:00:00+00:00, run_after=2024-04-18 00:00:00+00:00
[2024-04-18T08:30:40.310+0000] {processor.py:183} INFO - Processing /home/airflow/.local/lib/python3.12/site-packages/airflow/example_dags/tutorial.py took 0.060 seconds
[2024-04-18T08:31:10.671+0000] {processor.py:161} INFO - Started process (PID=2509) to work on /home/airflow/.local/lib/python3.12/site-packages/airflow/example_dags/tutorial.py
[2024-04-18T08:31:10.672+0000] {processor.py:830} INFO - Processing file /home/airflow/.local/lib/python3.12/site-packages/airflow/example_dags/tutorial.py for tasks to queue
[2024-04-18T08:31:10.673+0000] {logging_mixin.py:188} INFO - [2024-04-18T08:31:10.673+0000] {dagbag.py:540} INFO - Filling up the DagBag from /home/airflow/.local/lib/python3.12/site-packages/airflow/example_dags/tutorial.py
[2024-04-18T08:31:10.678+0000] {processor.py:840} INFO - DAG(s) 'tutorial' retrieved from /home/airflow/.local/lib/python3.12/site-packages/airflow/example_dags/tutorial.py
[2024-04-18T08:31:10.693+0000] {logging_mixin.py:188} INFO - [2024-04-18T08:31:10.693+0000] {dag.py:3096} INFO - Sync 1 DAGs
[2024-04-18T08:31:10.709+0000] {logging_mixin.py:188} INFO - [2024-04-18T08:31:10.709+0000] {dag.py:3954} INFO - Setting next_dagrun for tutorial to 2024-04-17 00:00:00+00:00, run_after=2024-04-18 00:00:00+00:00
[2024-04-18T08:31:10.727+0000] {processor.py:183} INFO - Processing /home/airflow/.local/lib/python3.12/site-packages/airflow/example_dags/tutorial.py took 0.060 seconds
[2024-04-18T08:31:41.040+0000] {processor.py:161} INFO - Started process (PID=2775) to work on /home/airflow/.local/lib/python3.12/site-packages/airflow/example_dags/tutorial.py
[2024-04-18T08:31:41.041+0000] {processor.py:830} INFO - Processing file /home/airflow/.local/lib/python3.12/site-packages/airflow/example_dags/tutorial.py for tasks to queue
[2024-04-18T08:31:41.043+0000] {logging_mixin.py:188} INFO - [2024-04-18T08:31:41.043+0000] {dagbag.py:540} INFO - Filling up the DagBag from /home/airflow/.local/lib/python3.12/site-packages/airflow/example_dags/tutorial.py
[2024-04-18T08:31:41.049+0000] {processor.py:840} INFO - DAG(s) 'tutorial' retrieved from /home/airflow/.local/lib/python3.12/site-packages/airflow/example_dags/tutorial.py
[2024-04-18T08:31:41.065+0000] {logging_mixin.py:188} INFO - [2024-04-18T08:31:41.065+0000] {dag.py:3096} INFO - Sync 1 DAGs
[2024-04-18T08:31:41.082+0000] {logging_mixin.py:188} INFO - [2024-04-18T08:31:41.081+0000] {dag.py:3954} INFO - Setting next_dagrun for tutorial to 2024-04-17 00:00:00+00:00, run_after=2024-04-18 00:00:00+00:00
[2024-04-18T08:31:41.099+0000] {processor.py:183} INFO - Processing /home/airflow/.local/lib/python3.12/site-packages/airflow/example_dags/tutorial.py took 0.065 seconds
[2024-04-18T08:32:11.941+0000] {processor.py:161} INFO - Started process (PID=3042) to work on /home/airflow/.local/lib/python3.12/site-packages/airflow/example_dags/tutorial.py
[2024-04-18T08:32:11.941+0000] {processor.py:830} INFO - Processing file /home/airflow/.local/lib/python3.12/site-packages/airflow/example_dags/tutorial.py for tasks to queue
[2024-04-18T08:32:11.943+0000] {logging_mixin.py:188} INFO - [2024-04-18T08:32:11.942+0000] {dagbag.py:540} INFO - Filling up the DagBag from /home/airflow/.local/lib/python3.12/site-packages/airflow/example_dags/tutorial.py
[2024-04-18T08:32:11.947+0000] {processor.py:840} INFO - DAG(s) 'tutorial' retrieved from /home/airflow/.local/lib/python3.12/site-packages/airflow/example_dags/tutorial.py
[2024-04-18T08:32:11.963+0000] {logging_mixin.py:188} INFO - [2024-04-18T08:32:11.963+0000] {dag.py:3096} INFO - Sync 1 DAGs
[2024-04-18T08:32:11.978+0000] {logging_mixin.py:188} INFO - [2024-04-18T08:32:11.978+0000] {dag.py:3954} INFO - Setting next_dagrun for tutorial to 2024-04-17 00:00:00+00:00, run_after=2024-04-18 00:00:00+00:00
[2024-04-18T08:32:11.997+0000] {processor.py:183} INFO - Processing /home/airflow/.local/lib/python3.12/site-packages/airflow/example_dags/tutorial.py took 0.060 seconds
[2024-04-18T08:32:42.689+0000] {processor.py:161} INFO - Started process (PID=3309) to work on /home/airflow/.local/lib/python3.12/site-packages/airflow/example_dags/tutorial.py
[2024-04-18T08:32:42.690+0000] {processor.py:830} INFO - Processing file /home/airflow/.local/lib/python3.12/site-packages/airflow/example_dags/tutorial.py for tasks to queue
[2024-04-18T08:32:42.692+0000] {logging_mixin.py:188} INFO - [2024-04-18T08:32:42.692+0000] {dagbag.py:540} INFO - Filling up the DagBag from /home/airflow/.local/lib/python3.12/site-packages/airflow/example_dags/tutorial.py
[2024-04-18T08:32:42.698+0000] {processor.py:840} INFO - DAG(s) 'tutorial' retrieved from /home/airflow/.local/lib/python3.12/site-packages/airflow/example_dags/tutorial.py
[2024-04-18T08:32:42.714+0000] {logging_mixin.py:188} INFO - [2024-04-18T08:32:42.714+0000] {dag.py:3096} INFO - Sync 1 DAGs
[2024-04-18T08:32:42.730+0000] {logging_mixin.py:188} INFO - [2024-04-18T08:32:42.730+0000] {dag.py:3954} INFO - Setting next_dagrun for tutorial to 2024-04-17 00:00:00+00:00, run_after=2024-04-18 00:00:00+00:00
[2024-04-18T08:32:42.750+0000] {processor.py:183} INFO - Processing /home/airflow/.local/lib/python3.12/site-packages/airflow/example_dags/tutorial.py took 0.065 seconds
[2024-04-18T08:33:13.136+0000] {processor.py:161} INFO - Started process (PID=3582) to work on /home/airflow/.local/lib/python3.12/site-packages/airflow/example_dags/tutorial.py
[2024-04-18T08:33:13.137+0000] {processor.py:830} INFO - Processing file /home/airflow/.local/lib/python3.12/site-packages/airflow/example_dags/tutorial.py for tasks to queue
[2024-04-18T08:33:13.139+0000] {logging_mixin.py:188} INFO - [2024-04-18T08:33:13.138+0000] {dagbag.py:540} INFO - Filling up the DagBag from /home/airflow/.local/lib/python3.12/site-packages/airflow/example_dags/tutorial.py
[2024-04-18T08:33:13.143+0000] {processor.py:840} INFO - DAG(s) 'tutorial' retrieved from /home/airflow/.local/lib/python3.12/site-packages/airflow/example_dags/tutorial.py
[2024-04-18T08:33:13.159+0000] {logging_mixin.py:188} INFO - [2024-04-18T08:33:13.159+0000] {dag.py:3096} INFO - Sync 1 DAGs
[2024-04-18T08:33:13.175+0000] {logging_mixin.py:188} INFO - [2024-04-18T08:33:13.175+0000] {dag.py:3954} INFO - Setting next_dagrun for tutorial to 2024-04-17 00:00:00+00:00, run_after=2024-04-18 00:00:00+00:00
[2024-04-18T08:33:13.194+0000] {processor.py:183} INFO - Processing /home/airflow/.local/lib/python3.12/site-packages/airflow/example_dags/tutorial.py took 0.062 seconds
[2024-04-18T08:33:44.076+0000] {processor.py:161} INFO - Started process (PID=3848) to work on /home/airflow/.local/lib/python3.12/site-packages/airflow/example_dags/tutorial.py
[2024-04-18T08:33:44.085+0000] {processor.py:830} INFO - Processing file /home/airflow/.local/lib/python3.12/site-packages/airflow/example_dags/tutorial.py for tasks to queue
[2024-04-18T08:33:44.087+0000] {logging_mixin.py:188} INFO - [2024-04-18T08:33:44.087+0000] {dagbag.py:540} INFO - Filling up the DagBag from /home/airflow/.local/lib/python3.12/site-packages/airflow/example_dags/tutorial.py
[2024-04-18T08:33:44.099+0000] {processor.py:840} INFO - DAG(s) 'tutorial' retrieved from /home/airflow/.local/lib/python3.12/site-packages/airflow/example_dags/tutorial.py
[2024-04-18T08:33:44.121+0000] {logging_mixin.py:188} INFO - [2024-04-18T08:33:44.121+0000] {dag.py:3096} INFO - Sync 1 DAGs
[2024-04-18T08:33:44.174+0000] {logging_mixin.py:188} INFO - [2024-04-18T08:33:44.174+0000] {dag.py:3954} INFO - Setting next_dagrun for tutorial to 2024-04-17 00:00:00+00:00, run_after=2024-04-18 00:00:00+00:00
[2024-04-18T08:33:44.238+0000] {processor.py:183} INFO - Processing /home/airflow/.local/lib/python3.12/site-packages/airflow/example_dags/tutorial.py took 0.170 seconds
[2024-04-18T08:34:14.528+0000] {processor.py:161} INFO - Started process (PID=4114) to work on /home/airflow/.local/lib/python3.12/site-packages/airflow/example_dags/tutorial.py
[2024-04-18T08:34:14.529+0000] {processor.py:830} INFO - Processing file /home/airflow/.local/lib/python3.12/site-packages/airflow/example_dags/tutorial.py for tasks to queue
[2024-04-18T08:34:14.530+0000] {logging_mixin.py:188} INFO - [2024-04-18T08:34:14.530+0000] {dagbag.py:540} INFO - Filling up the DagBag from /home/airflow/.local/lib/python3.12/site-packages/airflow/example_dags/tutorial.py
[2024-04-18T08:34:14.535+0000] {processor.py:840} INFO - DAG(s) 'tutorial' retrieved from /home/airflow/.local/lib/python3.12/site-packages/airflow/example_dags/tutorial.py
[2024-04-18T08:34:14.551+0000] {logging_mixin.py:188} INFO - [2024-04-18T08:34:14.551+0000] {dag.py:3096} INFO - Sync 1 DAGs
[2024-04-18T08:34:14.567+0000] {logging_mixin.py:188} INFO - [2024-04-18T08:34:14.567+0000] {dag.py:3954} INFO - Setting next_dagrun for tutorial to 2024-04-17 00:00:00+00:00, run_after=2024-04-18 00:00:00+00:00
[2024-04-18T08:34:14.586+0000] {processor.py:183} INFO - Processing /home/airflow/.local/lib/python3.12/site-packages/airflow/example_dags/tutorial.py took 0.064 seconds
[2024-04-18T08:34:45.087+0000] {processor.py:161} INFO - Started process (PID=4381) to work on /home/airflow/.local/lib/python3.12/site-packages/airflow/example_dags/tutorial.py
[2024-04-18T08:34:45.088+0000] {processor.py:830} INFO - Processing file /home/airflow/.local/lib/python3.12/site-packages/airflow/example_dags/tutorial.py for tasks to queue
[2024-04-18T08:34:45.089+0000] {logging_mixin.py:188} INFO - [2024-04-18T08:34:45.089+0000] {dagbag.py:540} INFO - Filling up the DagBag from /home/airflow/.local/lib/python3.12/site-packages/airflow/example_dags/tutorial.py
[2024-04-18T08:34:45.096+0000] {processor.py:840} INFO - DAG(s) 'tutorial' retrieved from /home/airflow/.local/lib/python3.12/site-packages/airflow/example_dags/tutorial.py
[2024-04-18T08:34:45.117+0000] {logging_mixin.py:188} INFO - [2024-04-18T08:34:45.116+0000] {dag.py:3096} INFO - Sync 1 DAGs
[2024-04-18T08:34:45.148+0000] {logging_mixin.py:188} INFO - [2024-04-18T08:34:45.148+0000] {dag.py:3954} INFO - Setting next_dagrun for tutorial to 2024-04-17 00:00:00+00:00, run_after=2024-04-18 00:00:00+00:00
[2024-04-18T08:34:45.174+0000] {processor.py:183} INFO - Processing /home/airflow/.local/lib/python3.12/site-packages/airflow/example_dags/tutorial.py took 0.094 seconds
[2024-04-18T08:35:15.632+0000] {processor.py:161} INFO - Started process (PID=4648) to work on /home/airflow/.local/lib/python3.12/site-packages/airflow/example_dags/tutorial.py
[2024-04-18T08:35:15.633+0000] {processor.py:830} INFO - Processing file /home/airflow/.local/lib/python3.12/site-packages/airflow/example_dags/tutorial.py for tasks to queue
[2024-04-18T08:35:15.634+0000] {logging_mixin.py:188} INFO - [2024-04-18T08:35:15.634+0000] {dagbag.py:540} INFO - Filling up the DagBag from /home/airflow/.local/lib/python3.12/site-packages/airflow/example_dags/tutorial.py
[2024-04-18T08:35:15.640+0000] {processor.py:840} INFO - DAG(s) 'tutorial' retrieved from /home/airflow/.local/lib/python3.12/site-packages/airflow/example_dags/tutorial.py
[2024-04-18T08:35:15.656+0000] {logging_mixin.py:188} INFO - [2024-04-18T08:35:15.656+0000] {dag.py:3096} INFO - Sync 1 DAGs
[2024-04-18T08:35:15.673+0000] {logging_mixin.py:188} INFO - [2024-04-18T08:35:15.673+0000] {dag.py:3954} INFO - Setting next_dagrun for tutorial to 2024-04-17 00:00:00+00:00, run_after=2024-04-18 00:00:00+00:00
[2024-04-18T08:35:15.691+0000] {processor.py:183} INFO - Processing /home/airflow/.local/lib/python3.12/site-packages/airflow/example_dags/tutorial.py took 0.063 seconds
[2024-04-18T08:35:46.137+0000] {processor.py:161} INFO - Started process (PID=4914) to work on /home/airflow/.local/lib/python3.12/site-packages/airflow/example_dags/tutorial.py
[2024-04-18T08:35:46.138+0000] {processor.py:830} INFO - Processing file /home/airflow/.local/lib/python3.12/site-packages/airflow/example_dags/tutorial.py for tasks to queue
[2024-04-18T08:35:46.139+0000] {logging_mixin.py:188} INFO - [2024-04-18T08:35:46.139+0000] {dagbag.py:540} INFO - Filling up the DagBag from /home/airflow/.local/lib/python3.12/site-packages/airflow/example_dags/tutorial.py
[2024-04-18T08:35:46.144+0000] {processor.py:840} INFO - DAG(s) 'tutorial' retrieved from /home/airflow/.local/lib/python3.12/site-packages/airflow/example_dags/tutorial.py
[2024-04-18T08:35:46.159+0000] {logging_mixin.py:188} INFO - [2024-04-18T08:35:46.159+0000] {dag.py:3096} INFO - Sync 1 DAGs
[2024-04-18T08:35:46.332+0000] {logging_mixin.py:188} INFO - [2024-04-18T08:35:46.331+0000] {dag.py:3954} INFO - Setting next_dagrun for tutorial to 2024-04-17 00:00:00+00:00, run_after=2024-04-18 00:00:00+00:00
[2024-04-18T08:35:46.349+0000] {processor.py:183} INFO - Processing /home/airflow/.local/lib/python3.12/site-packages/airflow/example_dags/tutorial.py took 0.216 seconds
[2024-04-18T08:36:16.567+0000] {processor.py:161} INFO - Started process (PID=5181) to work on /home/airflow/.local/lib/python3.12/site-packages/airflow/example_dags/tutorial.py
[2024-04-18T08:36:16.568+0000] {processor.py:830} INFO - Processing file /home/airflow/.local/lib/python3.12/site-packages/airflow/example_dags/tutorial.py for tasks to queue
[2024-04-18T08:36:16.569+0000] {logging_mixin.py:188} INFO - [2024-04-18T08:36:16.569+0000] {dagbag.py:540} INFO - Filling up the DagBag from /home/airflow/.local/lib/python3.12/site-packages/airflow/example_dags/tutorial.py
[2024-04-18T08:36:16.574+0000] {processor.py:840} INFO - DAG(s) 'tutorial' retrieved from /home/airflow/.local/lib/python3.12/site-packages/airflow/example_dags/tutorial.py
[2024-04-18T08:36:16.589+0000] {logging_mixin.py:188} INFO - [2024-04-18T08:36:16.589+0000] {dag.py:3096} INFO - Sync 1 DAGs
[2024-04-18T08:36:16.605+0000] {logging_mixin.py:188} INFO - [2024-04-18T08:36:16.605+0000] {dag.py:3954} INFO - Setting next_dagrun for tutorial to 2024-04-17 00:00:00+00:00, run_after=2024-04-18 00:00:00+00:00
[2024-04-18T08:36:16.763+0000] {processor.py:183} INFO - Processing /home/airflow/.local/lib/python3.12/site-packages/airflow/example_dags/tutorial.py took 0.200 seconds
[2024-04-18T08:36:46.938+0000] {processor.py:161} INFO - Started process (PID=5447) to work on /home/airflow/.local/lib/python3.12/site-packages/airflow/example_dags/tutorial.py
[2024-04-18T08:36:46.939+0000] {processor.py:830} INFO - Processing file /home/airflow/.local/lib/python3.12/site-packages/airflow/example_dags/tutorial.py for tasks to queue
[2024-04-18T08:36:46.941+0000] {logging_mixin.py:188} INFO - [2024-04-18T08:36:46.940+0000] {dagbag.py:540} INFO - Filling up the DagBag from /home/airflow/.local/lib/python3.12/site-packages/airflow/example_dags/tutorial.py
[2024-04-18T08:36:46.945+0000] {processor.py:840} INFO - DAG(s) 'tutorial' retrieved from /home/airflow/.local/lib/python3.12/site-packages/airflow/example_dags/tutorial.py
[2024-04-18T08:36:46.961+0000] {logging_mixin.py:188} INFO - [2024-04-18T08:36:46.960+0000] {dag.py:3096} INFO - Sync 1 DAGs
[2024-04-18T08:36:46.977+0000] {logging_mixin.py:188} INFO - [2024-04-18T08:36:46.977+0000] {dag.py:3954} INFO - Setting next_dagrun for tutorial to 2024-04-17 00:00:00+00:00, run_after=2024-04-18 00:00:00+00:00
[2024-04-18T08:36:46.994+0000] {processor.py:183} INFO - Processing /home/airflow/.local/lib/python3.12/site-packages/airflow/example_dags/tutorial.py took 0.060 seconds
[2024-04-18T08:37:17.477+0000] {processor.py:161} INFO - Started process (PID=5713) to work on /home/airflow/.local/lib/python3.12/site-packages/airflow/example_dags/tutorial.py
[2024-04-18T08:37:17.477+0000] {processor.py:830} INFO - Processing file /home/airflow/.local/lib/python3.12/site-packages/airflow/example_dags/tutorial.py for tasks to queue
[2024-04-18T08:37:17.479+0000] {logging_mixin.py:188} INFO - [2024-04-18T08:37:17.479+0000] {dagbag.py:540} INFO - Filling up the DagBag from /home/airflow/.local/lib/python3.12/site-packages/airflow/example_dags/tutorial.py
[2024-04-18T08:37:17.484+0000] {processor.py:840} INFO - DAG(s) 'tutorial' retrieved from /home/airflow/.local/lib/python3.12/site-packages/airflow/example_dags/tutorial.py
[2024-04-18T08:37:17.499+0000] {logging_mixin.py:188} INFO - [2024-04-18T08:37:17.499+0000] {dag.py:3096} INFO - Sync 1 DAGs
[2024-04-18T08:37:17.516+0000] {logging_mixin.py:188} INFO - [2024-04-18T08:37:17.516+0000] {dag.py:3954} INFO - Setting next_dagrun for tutorial to 2024-04-17 00:00:00+00:00, run_after=2024-04-18 00:00:00+00:00
[2024-04-18T08:37:17.535+0000] {processor.py:183} INFO - Processing /home/airflow/.local/lib/python3.12/site-packages/airflow/example_dags/tutorial.py took 0.062 seconds
[2024-04-18T08:37:47.893+0000] {processor.py:161} INFO - Started process (PID=5976) to work on /home/airflow/.local/lib/python3.12/site-packages/airflow/example_dags/tutorial.py
[2024-04-18T08:37:47.894+0000] {processor.py:830} INFO - Processing file /home/airflow/.local/lib/python3.12/site-packages/airflow/example_dags/tutorial.py for tasks to queue
[2024-04-18T08:37:47.896+0000] {logging_mixin.py:188} INFO - [2024-04-18T08:37:47.895+0000] {dagbag.py:540} INFO - Filling up the DagBag from /home/airflow/.local/lib/python3.12/site-packages/airflow/example_dags/tutorial.py
[2024-04-18T08:37:47.903+0000] {processor.py:840} INFO - DAG(s) 'tutorial' retrieved from /home/airflow/.local/lib/python3.12/site-packages/airflow/example_dags/tutorial.py
[2024-04-18T08:37:48.083+0000] {logging_mixin.py:188} INFO - [2024-04-18T08:37:48.083+0000] {dag.py:3096} INFO - Sync 1 DAGs
[2024-04-18T08:37:48.097+0000] {logging_mixin.py:188} INFO - [2024-04-18T08:37:48.097+0000] {dag.py:3954} INFO - Setting next_dagrun for tutorial to 2024-04-17 00:00:00+00:00, run_after=2024-04-18 00:00:00+00:00
[2024-04-18T08:37:48.114+0000] {processor.py:183} INFO - Processing /home/airflow/.local/lib/python3.12/site-packages/airflow/example_dags/tutorial.py took 0.228 seconds
[2024-04-18T08:38:18.353+0000] {processor.py:161} INFO - Started process (PID=6243) to work on /home/airflow/.local/lib/python3.12/site-packages/airflow/example_dags/tutorial.py
[2024-04-18T08:38:18.354+0000] {processor.py:830} INFO - Processing file /home/airflow/.local/lib/python3.12/site-packages/airflow/example_dags/tutorial.py for tasks to queue
[2024-04-18T08:38:18.355+0000] {logging_mixin.py:188} INFO - [2024-04-18T08:38:18.355+0000] {dagbag.py:540} INFO - Filling up the DagBag from /home/airflow/.local/lib/python3.12/site-packages/airflow/example_dags/tutorial.py
[2024-04-18T08:38:18.361+0000] {processor.py:840} INFO - DAG(s) 'tutorial' retrieved from /home/airflow/.local/lib/python3.12/site-packages/airflow/example_dags/tutorial.py
[2024-04-18T08:38:18.381+0000] {logging_mixin.py:188} INFO - [2024-04-18T08:38:18.381+0000] {dag.py:3096} INFO - Sync 1 DAGs
[2024-04-18T08:38:18.599+0000] {logging_mixin.py:188} INFO - [2024-04-18T08:38:18.598+0000] {dag.py:3954} INFO - Setting next_dagrun for tutorial to 2024-04-17 00:00:00+00:00, run_after=2024-04-18 00:00:00+00:00
[2024-04-18T08:38:18.616+0000] {processor.py:183} INFO - Processing /home/airflow/.local/lib/python3.12/site-packages/airflow/example_dags/tutorial.py took 0.269 seconds
[2024-04-18T08:38:49.442+0000] {processor.py:161} INFO - Started process (PID=6509) to work on /home/airflow/.local/lib/python3.12/site-packages/airflow/example_dags/tutorial.py
[2024-04-18T08:38:49.443+0000] {processor.py:830} INFO - Processing file /home/airflow/.local/lib/python3.12/site-packages/airflow/example_dags/tutorial.py for tasks to queue
[2024-04-18T08:38:49.445+0000] {logging_mixin.py:188} INFO - [2024-04-18T08:38:49.444+0000] {dagbag.py:540} INFO - Filling up the DagBag from /home/airflow/.local/lib/python3.12/site-packages/airflow/example_dags/tutorial.py
[2024-04-18T08:38:49.452+0000] {processor.py:840} INFO - DAG(s) 'tutorial' retrieved from /home/airflow/.local/lib/python3.12/site-packages/airflow/example_dags/tutorial.py
[2024-04-18T08:38:49.478+0000] {logging_mixin.py:188} INFO - [2024-04-18T08:38:49.478+0000] {dag.py:3096} INFO - Sync 1 DAGs
[2024-04-18T08:38:49.500+0000] {logging_mixin.py:188} INFO - [2024-04-18T08:38:49.500+0000] {dag.py:3954} INFO - Setting next_dagrun for tutorial to 2024-04-17 00:00:00+00:00, run_after=2024-04-18 00:00:00+00:00
[2024-04-18T08:38:49.527+0000] {processor.py:183} INFO - Processing /home/airflow/.local/lib/python3.12/site-packages/airflow/example_dags/tutorial.py took 0.093 seconds
[2024-04-18T08:39:20.105+0000] {processor.py:161} INFO - Started process (PID=6775) to work on /home/airflow/.local/lib/python3.12/site-packages/airflow/example_dags/tutorial.py
[2024-04-18T08:39:20.106+0000] {processor.py:830} INFO - Processing file /home/airflow/.local/lib/python3.12/site-packages/airflow/example_dags/tutorial.py for tasks to queue
[2024-04-18T08:39:20.107+0000] {logging_mixin.py:188} INFO - [2024-04-18T08:39:20.107+0000] {dagbag.py:540} INFO - Filling up the DagBag from /home/airflow/.local/lib/python3.12/site-packages/airflow/example_dags/tutorial.py
[2024-04-18T08:39:20.114+0000] {processor.py:840} INFO - DAG(s) 'tutorial' retrieved from /home/airflow/.local/lib/python3.12/site-packages/airflow/example_dags/tutorial.py
[2024-04-18T08:39:20.134+0000] {logging_mixin.py:188} INFO - [2024-04-18T08:39:20.133+0000] {dag.py:3096} INFO - Sync 1 DAGs
[2024-04-18T08:39:20.187+0000] {logging_mixin.py:188} INFO - [2024-04-18T08:39:20.187+0000] {dag.py:3954} INFO - Setting next_dagrun for tutorial to 2024-04-17 00:00:00+00:00, run_after=2024-04-18 00:00:00+00:00
[2024-04-18T08:39:20.212+0000] {processor.py:183} INFO - Processing /home/airflow/.local/lib/python3.12/site-packages/airflow/example_dags/tutorial.py took 0.115 seconds
[2024-04-18T08:39:50.511+0000] {processor.py:161} INFO - Started process (PID=7042) to work on /home/airflow/.local/lib/python3.12/site-packages/airflow/example_dags/tutorial.py
[2024-04-18T08:39:50.511+0000] {processor.py:830} INFO - Processing file /home/airflow/.local/lib/python3.12/site-packages/airflow/example_dags/tutorial.py for tasks to queue
[2024-04-18T08:39:50.513+0000] {logging_mixin.py:188} INFO - [2024-04-18T08:39:50.513+0000] {dagbag.py:540} INFO - Filling up the DagBag from /home/airflow/.local/lib/python3.12/site-packages/airflow/example_dags/tutorial.py
[2024-04-18T08:39:50.519+0000] {processor.py:840} INFO - DAG(s) 'tutorial' retrieved from /home/airflow/.local/lib/python3.12/site-packages/airflow/example_dags/tutorial.py
[2024-04-18T08:39:50.539+0000] {logging_mixin.py:188} INFO - [2024-04-18T08:39:50.539+0000] {dag.py:3096} INFO - Sync 1 DAGs
[2024-04-18T08:39:50.564+0000] {logging_mixin.py:188} INFO - [2024-04-18T08:39:50.563+0000] {dag.py:3954} INFO - Setting next_dagrun for tutorial to 2024-04-17 00:00:00+00:00, run_after=2024-04-18 00:00:00+00:00
[2024-04-18T08:39:50.587+0000] {processor.py:183} INFO - Processing /home/airflow/.local/lib/python3.12/site-packages/airflow/example_dags/tutorial.py took 0.083 seconds
[2024-04-18T08:40:21.161+0000] {processor.py:161} INFO - Started process (PID=7308) to work on /home/airflow/.local/lib/python3.12/site-packages/airflow/example_dags/tutorial.py
[2024-04-18T08:40:21.173+0000] {processor.py:830} INFO - Processing file /home/airflow/.local/lib/python3.12/site-packages/airflow/example_dags/tutorial.py for tasks to queue
[2024-04-18T08:40:21.175+0000] {logging_mixin.py:188} INFO - [2024-04-18T08:40:21.174+0000] {dagbag.py:540} INFO - Filling up the DagBag from /home/airflow/.local/lib/python3.12/site-packages/airflow/example_dags/tutorial.py
[2024-04-18T08:40:21.199+0000] {processor.py:840} INFO - DAG(s) 'tutorial' retrieved from /home/airflow/.local/lib/python3.12/site-packages/airflow/example_dags/tutorial.py
[2024-04-18T08:40:21.241+0000] {logging_mixin.py:188} INFO - [2024-04-18T08:40:21.241+0000] {dag.py:3096} INFO - Sync 1 DAGs
[2024-04-18T08:40:21.275+0000] {logging_mixin.py:188} INFO - [2024-04-18T08:40:21.275+0000] {dag.py:3954} INFO - Setting next_dagrun for tutorial to 2024-04-17 00:00:00+00:00, run_after=2024-04-18 00:00:00+00:00
[2024-04-18T08:40:21.311+0000] {processor.py:183} INFO - Processing /home/airflow/.local/lib/python3.12/site-packages/airflow/example_dags/tutorial.py took 0.167 seconds
[2024-04-18T08:40:52.269+0000] {processor.py:161} INFO - Started process (PID=7574) to work on /home/airflow/.local/lib/python3.12/site-packages/airflow/example_dags/tutorial.py
[2024-04-18T08:40:52.270+0000] {processor.py:830} INFO - Processing file /home/airflow/.local/lib/python3.12/site-packages/airflow/example_dags/tutorial.py for tasks to queue
[2024-04-18T08:40:52.272+0000] {logging_mixin.py:188} INFO - [2024-04-18T08:40:52.272+0000] {dagbag.py:540} INFO - Filling up the DagBag from /home/airflow/.local/lib/python3.12/site-packages/airflow/example_dags/tutorial.py
[2024-04-18T08:40:52.279+0000] {processor.py:840} INFO - DAG(s) 'tutorial' retrieved from /home/airflow/.local/lib/python3.12/site-packages/airflow/example_dags/tutorial.py
[2024-04-18T08:40:52.307+0000] {logging_mixin.py:188} INFO - [2024-04-18T08:40:52.307+0000] {dag.py:3096} INFO - Sync 1 DAGs
[2024-04-18T08:40:52.331+0000] {logging_mixin.py:188} INFO - [2024-04-18T08:40:52.331+0000] {dag.py:3954} INFO - Setting next_dagrun for tutorial to 2024-04-17 00:00:00+00:00, run_after=2024-04-18 00:00:00+00:00
[2024-04-18T08:40:52.355+0000] {processor.py:183} INFO - Processing /home/airflow/.local/lib/python3.12/site-packages/airflow/example_dags/tutorial.py took 0.092 seconds
[2024-04-18T08:41:22.998+0000] {processor.py:161} INFO - Started process (PID=7842) to work on /home/airflow/.local/lib/python3.12/site-packages/airflow/example_dags/tutorial.py
[2024-04-18T08:41:22.999+0000] {processor.py:830} INFO - Processing file /home/airflow/.local/lib/python3.12/site-packages/airflow/example_dags/tutorial.py for tasks to queue
[2024-04-18T08:41:23.001+0000] {logging_mixin.py:188} INFO - [2024-04-18T08:41:23.001+0000] {dagbag.py:540} INFO - Filling up the DagBag from /home/airflow/.local/lib/python3.12/site-packages/airflow/example_dags/tutorial.py
[2024-04-18T08:41:23.015+0000] {processor.py:840} INFO - DAG(s) 'tutorial' retrieved from /home/airflow/.local/lib/python3.12/site-packages/airflow/example_dags/tutorial.py
[2024-04-18T08:41:23.046+0000] {logging_mixin.py:188} INFO - [2024-04-18T08:41:23.045+0000] {dag.py:3096} INFO - Sync 1 DAGs
[2024-04-18T08:41:23.077+0000] {logging_mixin.py:188} INFO - [2024-04-18T08:41:23.077+0000] {dag.py:3954} INFO - Setting next_dagrun for tutorial to 2024-04-17 00:00:00+00:00, run_after=2024-04-18 00:00:00+00:00
[2024-04-18T08:41:23.098+0000] {processor.py:183} INFO - Processing /home/airflow/.local/lib/python3.12/site-packages/airflow/example_dags/tutorial.py took 0.106 seconds
[2024-04-18T08:41:53.543+0000] {processor.py:161} INFO - Started process (PID=8108) to work on /home/airflow/.local/lib/python3.12/site-packages/airflow/example_dags/tutorial.py
[2024-04-18T08:41:53.545+0000] {processor.py:830} INFO - Processing file /home/airflow/.local/lib/python3.12/site-packages/airflow/example_dags/tutorial.py for tasks to queue
[2024-04-18T08:41:53.550+0000] {logging_mixin.py:188} INFO - [2024-04-18T08:41:53.548+0000] {dagbag.py:540} INFO - Filling up the DagBag from /home/airflow/.local/lib/python3.12/site-packages/airflow/example_dags/tutorial.py
[2024-04-18T08:41:53.562+0000] {processor.py:840} INFO - DAG(s) 'tutorial' retrieved from /home/airflow/.local/lib/python3.12/site-packages/airflow/example_dags/tutorial.py
[2024-04-18T08:41:53.608+0000] {logging_mixin.py:188} INFO - [2024-04-18T08:41:53.608+0000] {dag.py:3096} INFO - Sync 1 DAGs
[2024-04-18T08:41:53.650+0000] {logging_mixin.py:188} INFO - [2024-04-18T08:41:53.643+0000] {dag.py:3954} INFO - Setting next_dagrun for tutorial to 2024-04-17 00:00:00+00:00, run_after=2024-04-18 00:00:00+00:00
[2024-04-18T08:41:53.706+0000] {processor.py:183} INFO - Processing /home/airflow/.local/lib/python3.12/site-packages/airflow/example_dags/tutorial.py took 0.173 seconds
[2024-04-18T08:42:24.398+0000] {processor.py:161} INFO - Started process (PID=8374) to work on /home/airflow/.local/lib/python3.12/site-packages/airflow/example_dags/tutorial.py
[2024-04-18T08:42:24.399+0000] {processor.py:830} INFO - Processing file /home/airflow/.local/lib/python3.12/site-packages/airflow/example_dags/tutorial.py for tasks to queue
[2024-04-18T08:42:24.401+0000] {logging_mixin.py:188} INFO - [2024-04-18T08:42:24.400+0000] {dagbag.py:540} INFO - Filling up the DagBag from /home/airflow/.local/lib/python3.12/site-packages/airflow/example_dags/tutorial.py
[2024-04-18T08:42:24.407+0000] {processor.py:840} INFO - DAG(s) 'tutorial' retrieved from /home/airflow/.local/lib/python3.12/site-packages/airflow/example_dags/tutorial.py
[2024-04-18T08:42:24.428+0000] {logging_mixin.py:188} INFO - [2024-04-18T08:42:24.428+0000] {dag.py:3096} INFO - Sync 1 DAGs
[2024-04-18T08:42:24.451+0000] {logging_mixin.py:188} INFO - [2024-04-18T08:42:24.451+0000] {dag.py:3954} INFO - Setting next_dagrun for tutorial to 2024-04-17 00:00:00+00:00, run_after=2024-04-18 00:00:00+00:00
[2024-04-18T08:42:24.470+0000] {processor.py:183} INFO - Processing /home/airflow/.local/lib/python3.12/site-packages/airflow/example_dags/tutorial.py took 0.079 seconds
[2024-04-18T08:42:54.965+0000] {processor.py:161} INFO - Started process (PID=8640) to work on /home/airflow/.local/lib/python3.12/site-packages/airflow/example_dags/tutorial.py
[2024-04-18T08:42:54.966+0000] {processor.py:830} INFO - Processing file /home/airflow/.local/lib/python3.12/site-packages/airflow/example_dags/tutorial.py for tasks to queue
[2024-04-18T08:42:54.968+0000] {logging_mixin.py:188} INFO - [2024-04-18T08:42:54.967+0000] {dagbag.py:540} INFO - Filling up the DagBag from /home/airflow/.local/lib/python3.12/site-packages/airflow/example_dags/tutorial.py
[2024-04-18T08:42:54.974+0000] {processor.py:840} INFO - DAG(s) 'tutorial' retrieved from /home/airflow/.local/lib/python3.12/site-packages/airflow/example_dags/tutorial.py
[2024-04-18T08:42:54.995+0000] {logging_mixin.py:188} INFO - [2024-04-18T08:42:54.994+0000] {dag.py:3096} INFO - Sync 1 DAGs
[2024-04-18T08:42:55.016+0000] {logging_mixin.py:188} INFO - [2024-04-18T08:42:55.016+0000] {dag.py:3954} INFO - Setting next_dagrun for tutorial to 2024-04-17 00:00:00+00:00, run_after=2024-04-18 00:00:00+00:00
[2024-04-18T08:42:55.035+0000] {processor.py:183} INFO - Processing /home/airflow/.local/lib/python3.12/site-packages/airflow/example_dags/tutorial.py took 0.076 seconds
[2024-04-18T08:43:25.178+0000] {processor.py:161} INFO - Started process (PID=8906) to work on /home/airflow/.local/lib/python3.12/site-packages/airflow/example_dags/tutorial.py
[2024-04-18T08:43:25.179+0000] {processor.py:830} INFO - Processing file /home/airflow/.local/lib/python3.12/site-packages/airflow/example_dags/tutorial.py for tasks to queue
[2024-04-18T08:43:25.181+0000] {logging_mixin.py:188} INFO - [2024-04-18T08:43:25.181+0000] {dagbag.py:540} INFO - Filling up the DagBag from /home/airflow/.local/lib/python3.12/site-packages/airflow/example_dags/tutorial.py
[2024-04-18T08:43:25.188+0000] {processor.py:840} INFO - DAG(s) 'tutorial' retrieved from /home/airflow/.local/lib/python3.12/site-packages/airflow/example_dags/tutorial.py
[2024-04-18T08:43:25.209+0000] {logging_mixin.py:188} INFO - [2024-04-18T08:43:25.209+0000] {dag.py:3096} INFO - Sync 1 DAGs
[2024-04-18T08:43:25.233+0000] {logging_mixin.py:188} INFO - [2024-04-18T08:43:25.233+0000] {dag.py:3954} INFO - Setting next_dagrun for tutorial to 2024-04-17 00:00:00+00:00, run_after=2024-04-18 00:00:00+00:00
[2024-04-18T08:43:25.263+0000] {processor.py:183} INFO - Processing /home/airflow/.local/lib/python3.12/site-packages/airflow/example_dags/tutorial.py took 0.091 seconds
[2024-04-18T08:43:55.903+0000] {processor.py:161} INFO - Started process (PID=9172) to work on /home/airflow/.local/lib/python3.12/site-packages/airflow/example_dags/tutorial.py
[2024-04-18T08:43:55.903+0000] {processor.py:830} INFO - Processing file /home/airflow/.local/lib/python3.12/site-packages/airflow/example_dags/tutorial.py for tasks to queue
[2024-04-18T08:43:55.905+0000] {logging_mixin.py:188} INFO - [2024-04-18T08:43:55.905+0000] {dagbag.py:540} INFO - Filling up the DagBag from /home/airflow/.local/lib/python3.12/site-packages/airflow/example_dags/tutorial.py
[2024-04-18T08:43:55.923+0000] {processor.py:840} INFO - DAG(s) 'tutorial' retrieved from /home/airflow/.local/lib/python3.12/site-packages/airflow/example_dags/tutorial.py
[2024-04-18T08:43:55.967+0000] {logging_mixin.py:188} INFO - [2024-04-18T08:43:55.967+0000] {dag.py:3096} INFO - Sync 1 DAGs
[2024-04-18T08:43:56.018+0000] {logging_mixin.py:188} INFO - [2024-04-18T08:43:56.018+0000] {dag.py:3954} INFO - Setting next_dagrun for tutorial to 2024-04-17 00:00:00+00:00, run_after=2024-04-18 00:00:00+00:00
[2024-04-18T08:43:56.058+0000] {processor.py:183} INFO - Processing /home/airflow/.local/lib/python3.12/site-packages/airflow/example_dags/tutorial.py took 0.181 seconds
[2024-04-18T08:44:26.530+0000] {processor.py:161} INFO - Started process (PID=9438) to work on /home/airflow/.local/lib/python3.12/site-packages/airflow/example_dags/tutorial.py
[2024-04-18T08:44:26.531+0000] {processor.py:830} INFO - Processing file /home/airflow/.local/lib/python3.12/site-packages/airflow/example_dags/tutorial.py for tasks to queue
[2024-04-18T08:44:26.533+0000] {logging_mixin.py:188} INFO - [2024-04-18T08:44:26.533+0000] {dagbag.py:540} INFO - Filling up the DagBag from /home/airflow/.local/lib/python3.12/site-packages/airflow/example_dags/tutorial.py
[2024-04-18T08:44:26.539+0000] {processor.py:840} INFO - DAG(s) 'tutorial' retrieved from /home/airflow/.local/lib/python3.12/site-packages/airflow/example_dags/tutorial.py
[2024-04-18T08:44:26.593+0000] {logging_mixin.py:188} INFO - [2024-04-18T08:44:26.592+0000] {dag.py:3096} INFO - Sync 1 DAGs
[2024-04-18T08:44:26.646+0000] {logging_mixin.py:188} INFO - [2024-04-18T08:44:26.646+0000] {dag.py:3954} INFO - Setting next_dagrun for tutorial to 2024-04-17 00:00:00+00:00, run_after=2024-04-18 00:00:00+00:00
[2024-04-18T08:44:26.675+0000] {processor.py:183} INFO - Processing /home/airflow/.local/lib/python3.12/site-packages/airflow/example_dags/tutorial.py took 0.151 seconds
[2024-04-18T08:44:56.759+0000] {processor.py:161} INFO - Started process (PID=9706) to work on /home/airflow/.local/lib/python3.12/site-packages/airflow/example_dags/tutorial.py
[2024-04-18T08:44:56.759+0000] {processor.py:830} INFO - Processing file /home/airflow/.local/lib/python3.12/site-packages/airflow/example_dags/tutorial.py for tasks to queue
[2024-04-18T08:44:56.761+0000] {logging_mixin.py:188} INFO - [2024-04-18T08:44:56.761+0000] {dagbag.py:540} INFO - Filling up the DagBag from /home/airflow/.local/lib/python3.12/site-packages/airflow/example_dags/tutorial.py
[2024-04-18T08:44:56.765+0000] {processor.py:840} INFO - DAG(s) 'tutorial' retrieved from /home/airflow/.local/lib/python3.12/site-packages/airflow/example_dags/tutorial.py
[2024-04-18T08:44:56.781+0000] {logging_mixin.py:188} INFO - [2024-04-18T08:44:56.781+0000] {dag.py:3096} INFO - Sync 1 DAGs
[2024-04-18T08:44:56.797+0000] {logging_mixin.py:188} INFO - [2024-04-18T08:44:56.797+0000] {dag.py:3954} INFO - Setting next_dagrun for tutorial to 2024-04-17 00:00:00+00:00, run_after=2024-04-18 00:00:00+00:00
[2024-04-18T08:44:56.815+0000] {processor.py:183} INFO - Processing /home/airflow/.local/lib/python3.12/site-packages/airflow/example_dags/tutorial.py took 0.061 seconds
[2024-04-18T08:45:27.252+0000] {processor.py:161} INFO - Started process (PID=9970) to work on /home/airflow/.local/lib/python3.12/site-packages/airflow/example_dags/tutorial.py
[2024-04-18T08:45:27.253+0000] {processor.py:830} INFO - Processing file /home/airflow/.local/lib/python3.12/site-packages/airflow/example_dags/tutorial.py for tasks to queue
[2024-04-18T08:45:27.254+0000] {logging_mixin.py:188} INFO - [2024-04-18T08:45:27.254+0000] {dagbag.py:540} INFO - Filling up the DagBag from /home/airflow/.local/lib/python3.12/site-packages/airflow/example_dags/tutorial.py
[2024-04-18T08:45:27.261+0000] {processor.py:840} INFO - DAG(s) 'tutorial' retrieved from /home/airflow/.local/lib/python3.12/site-packages/airflow/example_dags/tutorial.py
[2024-04-18T08:45:27.282+0000] {logging_mixin.py:188} INFO - [2024-04-18T08:45:27.282+0000] {dag.py:3096} INFO - Sync 1 DAGs
[2024-04-18T08:45:27.307+0000] {logging_mixin.py:188} INFO - [2024-04-18T08:45:27.307+0000] {dag.py:3954} INFO - Setting next_dagrun for tutorial to 2024-04-17 00:00:00+00:00, run_after=2024-04-18 00:00:00+00:00
[2024-04-18T08:45:27.331+0000] {processor.py:183} INFO - Processing /home/airflow/.local/lib/python3.12/site-packages/airflow/example_dags/tutorial.py took 0.086 seconds
[2024-04-18T08:45:57.973+0000] {processor.py:161} INFO - Started process (PID=10236) to work on /home/airflow/.local/lib/python3.12/site-packages/airflow/example_dags/tutorial.py
[2024-04-18T08:45:57.974+0000] {processor.py:830} INFO - Processing file /home/airflow/.local/lib/python3.12/site-packages/airflow/example_dags/tutorial.py for tasks to queue
[2024-04-18T08:45:57.976+0000] {logging_mixin.py:188} INFO - [2024-04-18T08:45:57.976+0000] {dagbag.py:540} INFO - Filling up the DagBag from /home/airflow/.local/lib/python3.12/site-packages/airflow/example_dags/tutorial.py
[2024-04-18T08:45:57.983+0000] {processor.py:840} INFO - DAG(s) 'tutorial' retrieved from /home/airflow/.local/lib/python3.12/site-packages/airflow/example_dags/tutorial.py
[2024-04-18T08:45:58.009+0000] {logging_mixin.py:188} INFO - [2024-04-18T08:45:58.008+0000] {dag.py:3096} INFO - Sync 1 DAGs
[2024-04-18T08:45:58.033+0000] {logging_mixin.py:188} INFO - [2024-04-18T08:45:58.033+0000] {dag.py:3954} INFO - Setting next_dagrun for tutorial to 2024-04-17 00:00:00+00:00, run_after=2024-04-18 00:00:00+00:00
[2024-04-18T08:45:58.058+0000] {processor.py:183} INFO - Processing /home/airflow/.local/lib/python3.12/site-packages/airflow/example_dags/tutorial.py took 0.091 seconds
[2024-04-18T08:46:28.495+0000] {processor.py:161} INFO - Started process (PID=10502) to work on /home/airflow/.local/lib/python3.12/site-packages/airflow/example_dags/tutorial.py
[2024-04-18T08:46:28.496+0000] {processor.py:830} INFO - Processing file /home/airflow/.local/lib/python3.12/site-packages/airflow/example_dags/tutorial.py for tasks to queue
[2024-04-18T08:46:28.499+0000] {logging_mixin.py:188} INFO - [2024-04-18T08:46:28.499+0000] {dagbag.py:540} INFO - Filling up the DagBag from /home/airflow/.local/lib/python3.12/site-packages/airflow/example_dags/tutorial.py
[2024-04-18T08:46:28.506+0000] {processor.py:840} INFO - DAG(s) 'tutorial' retrieved from /home/airflow/.local/lib/python3.12/site-packages/airflow/example_dags/tutorial.py
[2024-04-18T08:46:28.525+0000] {logging_mixin.py:188} INFO - [2024-04-18T08:46:28.525+0000] {dag.py:3096} INFO - Sync 1 DAGs
[2024-04-18T08:46:28.542+0000] {logging_mixin.py:188} INFO - [2024-04-18T08:46:28.541+0000] {dag.py:3954} INFO - Setting next_dagrun for tutorial to 2024-04-17 00:00:00+00:00, run_after=2024-04-18 00:00:00+00:00
[2024-04-18T08:46:28.558+0000] {processor.py:183} INFO - Processing /home/airflow/.local/lib/python3.12/site-packages/airflow/example_dags/tutorial.py took 0.070 seconds
[2024-04-18T08:46:59.907+0000] {processor.py:161} INFO - Started process (PID=10769) to work on /home/airflow/.local/lib/python3.12/site-packages/airflow/example_dags/tutorial.py
[2024-04-18T08:46:59.908+0000] {processor.py:830} INFO - Processing file /home/airflow/.local/lib/python3.12/site-packages/airflow/example_dags/tutorial.py for tasks to queue
[2024-04-18T08:46:59.910+0000] {logging_mixin.py:188} INFO - [2024-04-18T08:46:59.910+0000] {dagbag.py:540} INFO - Filling up the DagBag from /home/airflow/.local/lib/python3.12/site-packages/airflow/example_dags/tutorial.py
[2024-04-18T08:46:59.917+0000] {processor.py:840} INFO - DAG(s) 'tutorial' retrieved from /home/airflow/.local/lib/python3.12/site-packages/airflow/example_dags/tutorial.py
[2024-04-18T08:46:59.992+0000] {logging_mixin.py:188} INFO - [2024-04-18T08:46:59.992+0000] {dag.py:3096} INFO - Sync 1 DAGs
[2024-04-18T08:47:00.039+0000] {logging_mixin.py:188} INFO - [2024-04-18T08:47:00.039+0000] {dag.py:3954} INFO - Setting next_dagrun for tutorial to 2024-04-17 00:00:00+00:00, run_after=2024-04-18 00:00:00+00:00
[2024-04-18T08:47:00.102+0000] {processor.py:183} INFO - Processing /home/airflow/.local/lib/python3.12/site-packages/airflow/example_dags/tutorial.py took 0.201 seconds
[2024-04-18T08:47:31.064+0000] {processor.py:161} INFO - Started process (PID=11037) to work on /home/airflow/.local/lib/python3.12/site-packages/airflow/example_dags/tutorial.py
[2024-04-18T08:47:31.069+0000] {processor.py:830} INFO - Processing file /home/airflow/.local/lib/python3.12/site-packages/airflow/example_dags/tutorial.py for tasks to queue
[2024-04-18T08:47:31.071+0000] {logging_mixin.py:188} INFO - [2024-04-18T08:47:31.070+0000] {dagbag.py:540} INFO - Filling up the DagBag from /home/airflow/.local/lib/python3.12/site-packages/airflow/example_dags/tutorial.py
[2024-04-18T08:47:31.082+0000] {processor.py:840} INFO - DAG(s) 'tutorial' retrieved from /home/airflow/.local/lib/python3.12/site-packages/airflow/example_dags/tutorial.py
[2024-04-18T08:47:31.157+0000] {logging_mixin.py:188} INFO - [2024-04-18T08:47:31.157+0000] {dag.py:3096} INFO - Sync 1 DAGs
[2024-04-18T08:47:31.273+0000] {logging_mixin.py:188} INFO - [2024-04-18T08:47:31.267+0000] {dag.py:3954} INFO - Setting next_dagrun for tutorial to 2024-04-17 00:00:00+00:00, run_after=2024-04-18 00:00:00+00:00
[2024-04-18T08:47:31.346+0000] {processor.py:183} INFO - Processing /home/airflow/.local/lib/python3.12/site-packages/airflow/example_dags/tutorial.py took 0.288 seconds
[2024-04-18T08:48:01.659+0000] {processor.py:161} INFO - Started process (PID=11302) to work on /home/airflow/.local/lib/python3.12/site-packages/airflow/example_dags/tutorial.py
[2024-04-18T08:48:01.662+0000] {processor.py:830} INFO - Processing file /home/airflow/.local/lib/python3.12/site-packages/airflow/example_dags/tutorial.py for tasks to queue
[2024-04-18T08:48:01.665+0000] {logging_mixin.py:188} INFO - [2024-04-18T08:48:01.664+0000] {dagbag.py:540} INFO - Filling up the DagBag from /home/airflow/.local/lib/python3.12/site-packages/airflow/example_dags/tutorial.py
[2024-04-18T08:48:01.671+0000] {processor.py:840} INFO - DAG(s) 'tutorial' retrieved from /home/airflow/.local/lib/python3.12/site-packages/airflow/example_dags/tutorial.py
[2024-04-18T08:48:01.692+0000] {logging_mixin.py:188} INFO - [2024-04-18T08:48:01.692+0000] {dag.py:3096} INFO - Sync 1 DAGs
[2024-04-18T08:48:01.715+0000] {logging_mixin.py:188} INFO - [2024-04-18T08:48:01.715+0000] {dag.py:3954} INFO - Setting next_dagrun for tutorial to 2024-04-17 00:00:00+00:00, run_after=2024-04-18 00:00:00+00:00
[2024-04-18T08:48:01.740+0000] {processor.py:183} INFO - Processing /home/airflow/.local/lib/python3.12/site-packages/airflow/example_dags/tutorial.py took 0.088 seconds
[2024-04-18T08:48:32.313+0000] {processor.py:161} INFO - Started process (PID=11568) to work on /home/airflow/.local/lib/python3.12/site-packages/airflow/example_dags/tutorial.py
[2024-04-18T08:48:32.314+0000] {processor.py:830} INFO - Processing file /home/airflow/.local/lib/python3.12/site-packages/airflow/example_dags/tutorial.py for tasks to queue
[2024-04-18T08:48:32.315+0000] {logging_mixin.py:188} INFO - [2024-04-18T08:48:32.315+0000] {dagbag.py:540} INFO - Filling up the DagBag from /home/airflow/.local/lib/python3.12/site-packages/airflow/example_dags/tutorial.py
[2024-04-18T08:48:32.322+0000] {processor.py:840} INFO - DAG(s) 'tutorial' retrieved from /home/airflow/.local/lib/python3.12/site-packages/airflow/example_dags/tutorial.py
[2024-04-18T08:48:32.341+0000] {logging_mixin.py:188} INFO - [2024-04-18T08:48:32.340+0000] {dag.py:3096} INFO - Sync 1 DAGs
[2024-04-18T08:48:32.362+0000] {logging_mixin.py:188} INFO - [2024-04-18T08:48:32.362+0000] {dag.py:3954} INFO - Setting next_dagrun for tutorial to 2024-04-17 00:00:00+00:00, run_after=2024-04-18 00:00:00+00:00
[2024-04-18T08:48:32.383+0000] {processor.py:183} INFO - Processing /home/airflow/.local/lib/python3.12/site-packages/airflow/example_dags/tutorial.py took 0.077 seconds
[2024-04-18T08:49:03.183+0000] {processor.py:161} INFO - Started process (PID=11834) to work on /home/airflow/.local/lib/python3.12/site-packages/airflow/example_dags/tutorial.py
[2024-04-18T08:49:03.184+0000] {processor.py:830} INFO - Processing file /home/airflow/.local/lib/python3.12/site-packages/airflow/example_dags/tutorial.py for tasks to queue
[2024-04-18T08:49:03.187+0000] {logging_mixin.py:188} INFO - [2024-04-18T08:49:03.187+0000] {dagbag.py:540} INFO - Filling up the DagBag from /home/airflow/.local/lib/python3.12/site-packages/airflow/example_dags/tutorial.py
[2024-04-18T08:49:03.193+0000] {processor.py:840} INFO - DAG(s) 'tutorial' retrieved from /home/airflow/.local/lib/python3.12/site-packages/airflow/example_dags/tutorial.py
[2024-04-18T08:49:03.215+0000] {logging_mixin.py:188} INFO - [2024-04-18T08:49:03.215+0000] {dag.py:3096} INFO - Sync 1 DAGs
[2024-04-18T08:49:03.238+0000] {logging_mixin.py:188} INFO - [2024-04-18T08:49:03.237+0000] {dag.py:3954} INFO - Setting next_dagrun for tutorial to 2024-04-17 00:00:00+00:00, run_after=2024-04-18 00:00:00+00:00
[2024-04-18T08:49:03.259+0000] {processor.py:183} INFO - Processing /home/airflow/.local/lib/python3.12/site-packages/airflow/example_dags/tutorial.py took 0.083 seconds
