[2024-04-18T08:26:52.297+0000] {processor.py:161} INFO - Started process (PID=184) to work on /home/airflow/.local/lib/python3.12/site-packages/airflow/example_dags/tutorial_dag.py
[2024-04-18T08:26:52.304+0000] {processor.py:830} INFO - Processing file /home/airflow/.local/lib/python3.12/site-packages/airflow/example_dags/tutorial_dag.py for tasks to queue
[2024-04-18T08:26:52.322+0000] {logging_mixin.py:188} INFO - [2024-04-18T08:26:52.321+0000] {dagbag.py:540} INFO - Filling up the DagBag from /home/airflow/.local/lib/python3.12/site-packages/airflow/example_dags/tutorial_dag.py
[2024-04-18T08:26:52.368+0000] {processor.py:840} INFO - DAG(s) 'tutorial_dag' retrieved from /home/airflow/.local/lib/python3.12/site-packages/airflow/example_dags/tutorial_dag.py
[2024-04-18T08:26:52.522+0000] {logging_mixin.py:188} INFO - [2024-04-18T08:26:52.521+0000] {dag.py:3096} INFO - Sync 1 DAGs
[2024-04-18T08:26:52.615+0000] {logging_mixin.py:188} INFO - [2024-04-18T08:26:52.615+0000] {dag.py:3954} INFO - Setting next_dagrun for tutorial_dag to None, run_after=None
[2024-04-18T08:26:52.911+0000] {processor.py:183} INFO - Processing /home/airflow/.local/lib/python3.12/site-packages/airflow/example_dags/tutorial_dag.py took 0.629 seconds
[2024-04-18T08:27:23.773+0000] {processor.py:161} INFO - Started process (PID=482) to work on /home/airflow/.local/lib/python3.12/site-packages/airflow/example_dags/tutorial_dag.py
[2024-04-18T08:27:23.774+0000] {processor.py:830} INFO - Processing file /home/airflow/.local/lib/python3.12/site-packages/airflow/example_dags/tutorial_dag.py for tasks to queue
[2024-04-18T08:27:23.779+0000] {logging_mixin.py:188} INFO - [2024-04-18T08:27:23.779+0000] {dagbag.py:540} INFO - Filling up the DagBag from /home/airflow/.local/lib/python3.12/site-packages/airflow/example_dags/tutorial_dag.py
[2024-04-18T08:27:23.813+0000] {processor.py:840} INFO - DAG(s) 'tutorial_dag' retrieved from /home/airflow/.local/lib/python3.12/site-packages/airflow/example_dags/tutorial_dag.py
[2024-04-18T08:27:23.899+0000] {logging_mixin.py:188} INFO - [2024-04-18T08:27:23.899+0000] {dag.py:3096} INFO - Sync 1 DAGs
[2024-04-18T08:27:23.955+0000] {logging_mixin.py:188} INFO - [2024-04-18T08:27:23.955+0000] {dag.py:3954} INFO - Setting next_dagrun for tutorial_dag to None, run_after=None
[2024-04-18T08:27:23.992+0000] {processor.py:183} INFO - Processing /home/airflow/.local/lib/python3.12/site-packages/airflow/example_dags/tutorial_dag.py took 0.243 seconds
[2024-04-18T08:27:54.151+0000] {processor.py:161} INFO - Started process (PID=750) to work on /home/airflow/.local/lib/python3.12/site-packages/airflow/example_dags/tutorial_dag.py
[2024-04-18T08:27:54.152+0000] {processor.py:830} INFO - Processing file /home/airflow/.local/lib/python3.12/site-packages/airflow/example_dags/tutorial_dag.py for tasks to queue
[2024-04-18T08:27:54.154+0000] {logging_mixin.py:188} INFO - [2024-04-18T08:27:54.153+0000] {dagbag.py:540} INFO - Filling up the DagBag from /home/airflow/.local/lib/python3.12/site-packages/airflow/example_dags/tutorial_dag.py
[2024-04-18T08:27:54.159+0000] {processor.py:840} INFO - DAG(s) 'tutorial_dag' retrieved from /home/airflow/.local/lib/python3.12/site-packages/airflow/example_dags/tutorial_dag.py
[2024-04-18T08:27:54.179+0000] {logging_mixin.py:188} INFO - [2024-04-18T08:27:54.178+0000] {dag.py:3096} INFO - Sync 1 DAGs
[2024-04-18T08:27:54.192+0000] {logging_mixin.py:188} INFO - [2024-04-18T08:27:54.192+0000] {dag.py:3954} INFO - Setting next_dagrun for tutorial_dag to None, run_after=None
[2024-04-18T08:27:54.213+0000] {processor.py:183} INFO - Processing /home/airflow/.local/lib/python3.12/site-packages/airflow/example_dags/tutorial_dag.py took 0.068 seconds
[2024-04-18T08:28:24.309+0000] {processor.py:161} INFO - Started process (PID=1023) to work on /home/airflow/.local/lib/python3.12/site-packages/airflow/example_dags/tutorial_dag.py
[2024-04-18T08:28:24.312+0000] {processor.py:830} INFO - Processing file /home/airflow/.local/lib/python3.12/site-packages/airflow/example_dags/tutorial_dag.py for tasks to queue
[2024-04-18T08:28:24.314+0000] {logging_mixin.py:188} INFO - [2024-04-18T08:28:24.314+0000] {dagbag.py:540} INFO - Filling up the DagBag from /home/airflow/.local/lib/python3.12/site-packages/airflow/example_dags/tutorial_dag.py
[2024-04-18T08:28:24.321+0000] {processor.py:840} INFO - DAG(s) 'tutorial_dag' retrieved from /home/airflow/.local/lib/python3.12/site-packages/airflow/example_dags/tutorial_dag.py
[2024-04-18T08:28:24.343+0000] {logging_mixin.py:188} INFO - [2024-04-18T08:28:24.343+0000] {dag.py:3096} INFO - Sync 1 DAGs
[2024-04-18T08:28:24.358+0000] {logging_mixin.py:188} INFO - [2024-04-18T08:28:24.357+0000] {dag.py:3954} INFO - Setting next_dagrun for tutorial_dag to None, run_after=None
[2024-04-18T08:28:24.381+0000] {processor.py:183} INFO - Processing /home/airflow/.local/lib/python3.12/site-packages/airflow/example_dags/tutorial_dag.py took 0.078 seconds
[2024-04-18T08:28:54.476+0000] {processor.py:161} INFO - Started process (PID=1289) to work on /home/airflow/.local/lib/python3.12/site-packages/airflow/example_dags/tutorial_dag.py
[2024-04-18T08:28:54.480+0000] {processor.py:830} INFO - Processing file /home/airflow/.local/lib/python3.12/site-packages/airflow/example_dags/tutorial_dag.py for tasks to queue
[2024-04-18T08:28:54.482+0000] {logging_mixin.py:188} INFO - [2024-04-18T08:28:54.481+0000] {dagbag.py:540} INFO - Filling up the DagBag from /home/airflow/.local/lib/python3.12/site-packages/airflow/example_dags/tutorial_dag.py
[2024-04-18T08:28:54.498+0000] {processor.py:840} INFO - DAG(s) 'tutorial_dag' retrieved from /home/airflow/.local/lib/python3.12/site-packages/airflow/example_dags/tutorial_dag.py
[2024-04-18T08:28:54.532+0000] {logging_mixin.py:188} INFO - [2024-04-18T08:28:54.531+0000] {dag.py:3096} INFO - Sync 1 DAGs
[2024-04-18T08:28:54.546+0000] {logging_mixin.py:188} INFO - [2024-04-18T08:28:54.546+0000] {dag.py:3954} INFO - Setting next_dagrun for tutorial_dag to None, run_after=None
[2024-04-18T08:28:54.576+0000] {processor.py:183} INFO - Processing /home/airflow/.local/lib/python3.12/site-packages/airflow/example_dags/tutorial_dag.py took 0.116 seconds
[2024-04-18T08:29:24.631+0000] {processor.py:161} INFO - Started process (PID=1550) to work on /home/airflow/.local/lib/python3.12/site-packages/airflow/example_dags/tutorial_dag.py
[2024-04-18T08:29:24.641+0000] {processor.py:830} INFO - Processing file /home/airflow/.local/lib/python3.12/site-packages/airflow/example_dags/tutorial_dag.py for tasks to queue
[2024-04-18T08:29:24.643+0000] {logging_mixin.py:188} INFO - [2024-04-18T08:29:24.643+0000] {dagbag.py:540} INFO - Filling up the DagBag from /home/airflow/.local/lib/python3.12/site-packages/airflow/example_dags/tutorial_dag.py
[2024-04-18T08:29:24.657+0000] {processor.py:840} INFO - DAG(s) 'tutorial_dag' retrieved from /home/airflow/.local/lib/python3.12/site-packages/airflow/example_dags/tutorial_dag.py
[2024-04-18T08:29:24.717+0000] {logging_mixin.py:188} INFO - [2024-04-18T08:29:24.717+0000] {dag.py:3096} INFO - Sync 1 DAGs
[2024-04-18T08:29:24.743+0000] {logging_mixin.py:188} INFO - [2024-04-18T08:29:24.743+0000] {dag.py:3954} INFO - Setting next_dagrun for tutorial_dag to None, run_after=None
[2024-04-18T08:29:24.775+0000] {processor.py:183} INFO - Processing /home/airflow/.local/lib/python3.12/site-packages/airflow/example_dags/tutorial_dag.py took 0.151 seconds
[2024-04-18T08:29:54.997+0000] {processor.py:161} INFO - Started process (PID=1816) to work on /home/airflow/.local/lib/python3.12/site-packages/airflow/example_dags/tutorial_dag.py
[2024-04-18T08:29:54.998+0000] {processor.py:830} INFO - Processing file /home/airflow/.local/lib/python3.12/site-packages/airflow/example_dags/tutorial_dag.py for tasks to queue
[2024-04-18T08:29:54.999+0000] {logging_mixin.py:188} INFO - [2024-04-18T08:29:54.999+0000] {dagbag.py:540} INFO - Filling up the DagBag from /home/airflow/.local/lib/python3.12/site-packages/airflow/example_dags/tutorial_dag.py
[2024-04-18T08:29:55.004+0000] {processor.py:840} INFO - DAG(s) 'tutorial_dag' retrieved from /home/airflow/.local/lib/python3.12/site-packages/airflow/example_dags/tutorial_dag.py
[2024-04-18T08:29:55.026+0000] {logging_mixin.py:188} INFO - [2024-04-18T08:29:55.025+0000] {dag.py:3096} INFO - Sync 1 DAGs
[2024-04-18T08:29:55.039+0000] {logging_mixin.py:188} INFO - [2024-04-18T08:29:55.039+0000] {dag.py:3954} INFO - Setting next_dagrun for tutorial_dag to None, run_after=None
[2024-04-18T08:29:55.069+0000] {processor.py:183} INFO - Processing /home/airflow/.local/lib/python3.12/site-packages/airflow/example_dags/tutorial_dag.py took 0.078 seconds
[2024-04-18T08:30:25.353+0000] {processor.py:161} INFO - Started process (PID=2086) to work on /home/airflow/.local/lib/python3.12/site-packages/airflow/example_dags/tutorial_dag.py
[2024-04-18T08:30:25.354+0000] {processor.py:830} INFO - Processing file /home/airflow/.local/lib/python3.12/site-packages/airflow/example_dags/tutorial_dag.py for tasks to queue
[2024-04-18T08:30:25.355+0000] {logging_mixin.py:188} INFO - [2024-04-18T08:30:25.355+0000] {dagbag.py:540} INFO - Filling up the DagBag from /home/airflow/.local/lib/python3.12/site-packages/airflow/example_dags/tutorial_dag.py
[2024-04-18T08:30:25.361+0000] {processor.py:840} INFO - DAG(s) 'tutorial_dag' retrieved from /home/airflow/.local/lib/python3.12/site-packages/airflow/example_dags/tutorial_dag.py
[2024-04-18T08:30:25.382+0000] {logging_mixin.py:188} INFO - [2024-04-18T08:30:25.382+0000] {dag.py:3096} INFO - Sync 1 DAGs
[2024-04-18T08:30:25.397+0000] {logging_mixin.py:188} INFO - [2024-04-18T08:30:25.396+0000] {dag.py:3954} INFO - Setting next_dagrun for tutorial_dag to None, run_after=None
[2024-04-18T08:30:25.431+0000] {processor.py:183} INFO - Processing /home/airflow/.local/lib/python3.12/site-packages/airflow/example_dags/tutorial_dag.py took 0.086 seconds
[2024-04-18T08:30:56.236+0000] {processor.py:161} INFO - Started process (PID=2352) to work on /home/airflow/.local/lib/python3.12/site-packages/airflow/example_dags/tutorial_dag.py
[2024-04-18T08:30:56.249+0000] {processor.py:830} INFO - Processing file /home/airflow/.local/lib/python3.12/site-packages/airflow/example_dags/tutorial_dag.py for tasks to queue
[2024-04-18T08:30:56.257+0000] {logging_mixin.py:188} INFO - [2024-04-18T08:30:56.257+0000] {dagbag.py:540} INFO - Filling up the DagBag from /home/airflow/.local/lib/python3.12/site-packages/airflow/example_dags/tutorial_dag.py
[2024-04-18T08:30:56.289+0000] {processor.py:840} INFO - DAG(s) 'tutorial_dag' retrieved from /home/airflow/.local/lib/python3.12/site-packages/airflow/example_dags/tutorial_dag.py
[2024-04-18T08:30:56.368+0000] {logging_mixin.py:188} INFO - [2024-04-18T08:30:56.368+0000] {dag.py:3096} INFO - Sync 1 DAGs
[2024-04-18T08:30:56.397+0000] {logging_mixin.py:188} INFO - [2024-04-18T08:30:56.397+0000] {dag.py:3954} INFO - Setting next_dagrun for tutorial_dag to None, run_after=None
[2024-04-18T08:30:56.463+0000] {processor.py:183} INFO - Processing /home/airflow/.local/lib/python3.12/site-packages/airflow/example_dags/tutorial_dag.py took 0.236 seconds
[2024-04-18T08:31:27.462+0000] {processor.py:161} INFO - Started process (PID=2618) to work on /home/airflow/.local/lib/python3.12/site-packages/airflow/example_dags/tutorial_dag.py
[2024-04-18T08:31:27.465+0000] {processor.py:830} INFO - Processing file /home/airflow/.local/lib/python3.12/site-packages/airflow/example_dags/tutorial_dag.py for tasks to queue
[2024-04-18T08:31:27.466+0000] {logging_mixin.py:188} INFO - [2024-04-18T08:31:27.466+0000] {dagbag.py:540} INFO - Filling up the DagBag from /home/airflow/.local/lib/python3.12/site-packages/airflow/example_dags/tutorial_dag.py
[2024-04-18T08:31:27.490+0000] {processor.py:840} INFO - DAG(s) 'tutorial_dag' retrieved from /home/airflow/.local/lib/python3.12/site-packages/airflow/example_dags/tutorial_dag.py
[2024-04-18T08:31:27.553+0000] {logging_mixin.py:188} INFO - [2024-04-18T08:31:27.553+0000] {dag.py:3096} INFO - Sync 1 DAGs
[2024-04-18T08:31:27.574+0000] {logging_mixin.py:188} INFO - [2024-04-18T08:31:27.574+0000] {dag.py:3954} INFO - Setting next_dagrun for tutorial_dag to None, run_after=None
[2024-04-18T08:31:27.618+0000] {processor.py:183} INFO - Processing /home/airflow/.local/lib/python3.12/site-packages/airflow/example_dags/tutorial_dag.py took 0.179 seconds
[2024-04-18T08:31:58.407+0000] {processor.py:161} INFO - Started process (PID=2887) to work on /home/airflow/.local/lib/python3.12/site-packages/airflow/example_dags/tutorial_dag.py
[2024-04-18T08:31:58.408+0000] {processor.py:830} INFO - Processing file /home/airflow/.local/lib/python3.12/site-packages/airflow/example_dags/tutorial_dag.py for tasks to queue
[2024-04-18T08:31:58.410+0000] {logging_mixin.py:188} INFO - [2024-04-18T08:31:58.410+0000] {dagbag.py:540} INFO - Filling up the DagBag from /home/airflow/.local/lib/python3.12/site-packages/airflow/example_dags/tutorial_dag.py
[2024-04-18T08:31:58.416+0000] {processor.py:840} INFO - DAG(s) 'tutorial_dag' retrieved from /home/airflow/.local/lib/python3.12/site-packages/airflow/example_dags/tutorial_dag.py
[2024-04-18T08:31:58.437+0000] {logging_mixin.py:188} INFO - [2024-04-18T08:31:58.436+0000] {dag.py:3096} INFO - Sync 1 DAGs
[2024-04-18T08:31:58.451+0000] {logging_mixin.py:188} INFO - [2024-04-18T08:31:58.451+0000] {dag.py:3954} INFO - Setting next_dagrun for tutorial_dag to None, run_after=None
[2024-04-18T08:31:58.474+0000] {processor.py:183} INFO - Processing /home/airflow/.local/lib/python3.12/site-packages/airflow/example_dags/tutorial_dag.py took 0.072 seconds
[2024-04-18T08:32:29.139+0000] {processor.py:161} INFO - Started process (PID=3152) to work on /home/airflow/.local/lib/python3.12/site-packages/airflow/example_dags/tutorial_dag.py
[2024-04-18T08:32:29.140+0000] {processor.py:830} INFO - Processing file /home/airflow/.local/lib/python3.12/site-packages/airflow/example_dags/tutorial_dag.py for tasks to queue
[2024-04-18T08:32:29.142+0000] {logging_mixin.py:188} INFO - [2024-04-18T08:32:29.141+0000] {dagbag.py:540} INFO - Filling up the DagBag from /home/airflow/.local/lib/python3.12/site-packages/airflow/example_dags/tutorial_dag.py
[2024-04-18T08:32:29.148+0000] {processor.py:840} INFO - DAG(s) 'tutorial_dag' retrieved from /home/airflow/.local/lib/python3.12/site-packages/airflow/example_dags/tutorial_dag.py
[2024-04-18T08:32:29.170+0000] {logging_mixin.py:188} INFO - [2024-04-18T08:32:29.170+0000] {dag.py:3096} INFO - Sync 1 DAGs
[2024-04-18T08:32:29.184+0000] {logging_mixin.py:188} INFO - [2024-04-18T08:32:29.184+0000] {dag.py:3954} INFO - Setting next_dagrun for tutorial_dag to None, run_after=None
[2024-04-18T08:32:29.206+0000] {processor.py:183} INFO - Processing /home/airflow/.local/lib/python3.12/site-packages/airflow/example_dags/tutorial_dag.py took 0.073 seconds
[2024-04-18T08:32:59.961+0000] {processor.py:161} INFO - Started process (PID=3418) to work on /home/airflow/.local/lib/python3.12/site-packages/airflow/example_dags/tutorial_dag.py
[2024-04-18T08:32:59.963+0000] {processor.py:830} INFO - Processing file /home/airflow/.local/lib/python3.12/site-packages/airflow/example_dags/tutorial_dag.py for tasks to queue
[2024-04-18T08:32:59.965+0000] {logging_mixin.py:188} INFO - [2024-04-18T08:32:59.964+0000] {dagbag.py:540} INFO - Filling up the DagBag from /home/airflow/.local/lib/python3.12/site-packages/airflow/example_dags/tutorial_dag.py
[2024-04-18T08:32:59.970+0000] {processor.py:840} INFO - DAG(s) 'tutorial_dag' retrieved from /home/airflow/.local/lib/python3.12/site-packages/airflow/example_dags/tutorial_dag.py
[2024-04-18T08:32:59.991+0000] {logging_mixin.py:188} INFO - [2024-04-18T08:32:59.991+0000] {dag.py:3096} INFO - Sync 1 DAGs
[2024-04-18T08:33:00.005+0000] {logging_mixin.py:188} INFO - [2024-04-18T08:33:00.005+0000] {dag.py:3954} INFO - Setting next_dagrun for tutorial_dag to None, run_after=None
[2024-04-18T08:33:00.026+0000] {processor.py:183} INFO - Processing /home/airflow/.local/lib/python3.12/site-packages/airflow/example_dags/tutorial_dag.py took 0.071 seconds
[2024-04-18T08:33:30.596+0000] {processor.py:161} INFO - Started process (PID=3685) to work on /home/airflow/.local/lib/python3.12/site-packages/airflow/example_dags/tutorial_dag.py
[2024-04-18T08:33:30.596+0000] {processor.py:830} INFO - Processing file /home/airflow/.local/lib/python3.12/site-packages/airflow/example_dags/tutorial_dag.py for tasks to queue
[2024-04-18T08:33:30.598+0000] {logging_mixin.py:188} INFO - [2024-04-18T08:33:30.598+0000] {dagbag.py:540} INFO - Filling up the DagBag from /home/airflow/.local/lib/python3.12/site-packages/airflow/example_dags/tutorial_dag.py
[2024-04-18T08:33:30.604+0000] {processor.py:840} INFO - DAG(s) 'tutorial_dag' retrieved from /home/airflow/.local/lib/python3.12/site-packages/airflow/example_dags/tutorial_dag.py
[2024-04-18T08:33:30.624+0000] {logging_mixin.py:188} INFO - [2024-04-18T08:33:30.623+0000] {dag.py:3096} INFO - Sync 1 DAGs
[2024-04-18T08:33:30.637+0000] {logging_mixin.py:188} INFO - [2024-04-18T08:33:30.637+0000] {dag.py:3954} INFO - Setting next_dagrun for tutorial_dag to None, run_after=None
[2024-04-18T08:33:30.658+0000] {processor.py:183} INFO - Processing /home/airflow/.local/lib/python3.12/site-packages/airflow/example_dags/tutorial_dag.py took 0.069 seconds
[2024-04-18T08:34:00.757+0000] {processor.py:161} INFO - Started process (PID=3951) to work on /home/airflow/.local/lib/python3.12/site-packages/airflow/example_dags/tutorial_dag.py
[2024-04-18T08:34:00.758+0000] {processor.py:830} INFO - Processing file /home/airflow/.local/lib/python3.12/site-packages/airflow/example_dags/tutorial_dag.py for tasks to queue
[2024-04-18T08:34:00.760+0000] {logging_mixin.py:188} INFO - [2024-04-18T08:34:00.760+0000] {dagbag.py:540} INFO - Filling up the DagBag from /home/airflow/.local/lib/python3.12/site-packages/airflow/example_dags/tutorial_dag.py
[2024-04-18T08:34:00.766+0000] {processor.py:840} INFO - DAG(s) 'tutorial_dag' retrieved from /home/airflow/.local/lib/python3.12/site-packages/airflow/example_dags/tutorial_dag.py
[2024-04-18T08:34:00.786+0000] {logging_mixin.py:188} INFO - [2024-04-18T08:34:00.786+0000] {dag.py:3096} INFO - Sync 1 DAGs
[2024-04-18T08:34:00.800+0000] {logging_mixin.py:188} INFO - [2024-04-18T08:34:00.800+0000] {dag.py:3954} INFO - Setting next_dagrun for tutorial_dag to None, run_after=None
[2024-04-18T08:34:00.822+0000] {processor.py:183} INFO - Processing /home/airflow/.local/lib/python3.12/site-packages/airflow/example_dags/tutorial_dag.py took 0.070 seconds
[2024-04-18T08:34:30.960+0000] {processor.py:161} INFO - Started process (PID=4216) to work on /home/airflow/.local/lib/python3.12/site-packages/airflow/example_dags/tutorial_dag.py
[2024-04-18T08:34:30.962+0000] {processor.py:830} INFO - Processing file /home/airflow/.local/lib/python3.12/site-packages/airflow/example_dags/tutorial_dag.py for tasks to queue
[2024-04-18T08:34:30.964+0000] {logging_mixin.py:188} INFO - [2024-04-18T08:34:30.963+0000] {dagbag.py:540} INFO - Filling up the DagBag from /home/airflow/.local/lib/python3.12/site-packages/airflow/example_dags/tutorial_dag.py
[2024-04-18T08:34:30.982+0000] {processor.py:840} INFO - DAG(s) 'tutorial_dag' retrieved from /home/airflow/.local/lib/python3.12/site-packages/airflow/example_dags/tutorial_dag.py
[2024-04-18T08:34:31.039+0000] {logging_mixin.py:188} INFO - [2024-04-18T08:34:31.039+0000] {dag.py:3096} INFO - Sync 1 DAGs
[2024-04-18T08:34:31.055+0000] {logging_mixin.py:188} INFO - [2024-04-18T08:34:31.055+0000] {dag.py:3954} INFO - Setting next_dagrun for tutorial_dag to None, run_after=None
[2024-04-18T08:34:31.078+0000] {processor.py:183} INFO - Processing /home/airflow/.local/lib/python3.12/site-packages/airflow/example_dags/tutorial_dag.py took 0.127 seconds
[2024-04-18T08:35:01.685+0000] {processor.py:161} INFO - Started process (PID=4484) to work on /home/airflow/.local/lib/python3.12/site-packages/airflow/example_dags/tutorial_dag.py
[2024-04-18T08:35:01.686+0000] {processor.py:830} INFO - Processing file /home/airflow/.local/lib/python3.12/site-packages/airflow/example_dags/tutorial_dag.py for tasks to queue
[2024-04-18T08:35:01.688+0000] {logging_mixin.py:188} INFO - [2024-04-18T08:35:01.688+0000] {dagbag.py:540} INFO - Filling up the DagBag from /home/airflow/.local/lib/python3.12/site-packages/airflow/example_dags/tutorial_dag.py
[2024-04-18T08:35:01.693+0000] {processor.py:840} INFO - DAG(s) 'tutorial_dag' retrieved from /home/airflow/.local/lib/python3.12/site-packages/airflow/example_dags/tutorial_dag.py
[2024-04-18T08:35:01.714+0000] {logging_mixin.py:188} INFO - [2024-04-18T08:35:01.713+0000] {dag.py:3096} INFO - Sync 1 DAGs
[2024-04-18T08:35:01.725+0000] {logging_mixin.py:188} INFO - [2024-04-18T08:35:01.725+0000] {dag.py:3954} INFO - Setting next_dagrun for tutorial_dag to None, run_after=None
[2024-04-18T08:35:01.746+0000] {processor.py:183} INFO - Processing /home/airflow/.local/lib/python3.12/site-packages/airflow/example_dags/tutorial_dag.py took 0.066 seconds
[2024-04-18T08:35:32.159+0000] {processor.py:161} INFO - Started process (PID=4751) to work on /home/airflow/.local/lib/python3.12/site-packages/airflow/example_dags/tutorial_dag.py
[2024-04-18T08:35:32.160+0000] {processor.py:830} INFO - Processing file /home/airflow/.local/lib/python3.12/site-packages/airflow/example_dags/tutorial_dag.py for tasks to queue
[2024-04-18T08:35:32.162+0000] {logging_mixin.py:188} INFO - [2024-04-18T08:35:32.162+0000] {dagbag.py:540} INFO - Filling up the DagBag from /home/airflow/.local/lib/python3.12/site-packages/airflow/example_dags/tutorial_dag.py
[2024-04-18T08:35:32.167+0000] {processor.py:840} INFO - DAG(s) 'tutorial_dag' retrieved from /home/airflow/.local/lib/python3.12/site-packages/airflow/example_dags/tutorial_dag.py
[2024-04-18T08:35:32.190+0000] {logging_mixin.py:188} INFO - [2024-04-18T08:35:32.189+0000] {dag.py:3096} INFO - Sync 1 DAGs
[2024-04-18T08:35:32.204+0000] {logging_mixin.py:188} INFO - [2024-04-18T08:35:32.204+0000] {dag.py:3954} INFO - Setting next_dagrun for tutorial_dag to None, run_after=None
[2024-04-18T08:35:32.227+0000] {processor.py:183} INFO - Processing /home/airflow/.local/lib/python3.12/site-packages/airflow/example_dags/tutorial_dag.py took 0.074 seconds
[2024-04-18T08:36:03.008+0000] {processor.py:161} INFO - Started process (PID=5019) to work on /home/airflow/.local/lib/python3.12/site-packages/airflow/example_dags/tutorial_dag.py
[2024-04-18T08:36:03.009+0000] {processor.py:830} INFO - Processing file /home/airflow/.local/lib/python3.12/site-packages/airflow/example_dags/tutorial_dag.py for tasks to queue
[2024-04-18T08:36:03.010+0000] {logging_mixin.py:188} INFO - [2024-04-18T08:36:03.010+0000] {dagbag.py:540} INFO - Filling up the DagBag from /home/airflow/.local/lib/python3.12/site-packages/airflow/example_dags/tutorial_dag.py
[2024-04-18T08:36:03.016+0000] {processor.py:840} INFO - DAG(s) 'tutorial_dag' retrieved from /home/airflow/.local/lib/python3.12/site-packages/airflow/example_dags/tutorial_dag.py
[2024-04-18T08:36:03.041+0000] {logging_mixin.py:188} INFO - [2024-04-18T08:36:03.041+0000] {dag.py:3096} INFO - Sync 1 DAGs
[2024-04-18T08:36:03.061+0000] {logging_mixin.py:188} INFO - [2024-04-18T08:36:03.061+0000] {dag.py:3954} INFO - Setting next_dagrun for tutorial_dag to None, run_after=None
[2024-04-18T08:36:03.086+0000] {processor.py:183} INFO - Processing /home/airflow/.local/lib/python3.12/site-packages/airflow/example_dags/tutorial_dag.py took 0.084 seconds
[2024-04-18T08:36:33.608+0000] {processor.py:161} INFO - Started process (PID=5284) to work on /home/airflow/.local/lib/python3.12/site-packages/airflow/example_dags/tutorial_dag.py
[2024-04-18T08:36:33.614+0000] {processor.py:830} INFO - Processing file /home/airflow/.local/lib/python3.12/site-packages/airflow/example_dags/tutorial_dag.py for tasks to queue
[2024-04-18T08:36:33.618+0000] {logging_mixin.py:188} INFO - [2024-04-18T08:36:33.617+0000] {dagbag.py:540} INFO - Filling up the DagBag from /home/airflow/.local/lib/python3.12/site-packages/airflow/example_dags/tutorial_dag.py
[2024-04-18T08:36:33.629+0000] {processor.py:840} INFO - DAG(s) 'tutorial_dag' retrieved from /home/airflow/.local/lib/python3.12/site-packages/airflow/example_dags/tutorial_dag.py
[2024-04-18T08:36:33.677+0000] {logging_mixin.py:188} INFO - [2024-04-18T08:36:33.673+0000] {dag.py:3096} INFO - Sync 1 DAGs
[2024-04-18T08:36:33.704+0000] {logging_mixin.py:188} INFO - [2024-04-18T08:36:33.704+0000] {dag.py:3954} INFO - Setting next_dagrun for tutorial_dag to None, run_after=None
[2024-04-18T08:36:33.732+0000] {processor.py:183} INFO - Processing /home/airflow/.local/lib/python3.12/site-packages/airflow/example_dags/tutorial_dag.py took 0.131 seconds
[2024-04-18T08:37:04.195+0000] {processor.py:161} INFO - Started process (PID=5550) to work on /home/airflow/.local/lib/python3.12/site-packages/airflow/example_dags/tutorial_dag.py
[2024-04-18T08:37:04.213+0000] {processor.py:830} INFO - Processing file /home/airflow/.local/lib/python3.12/site-packages/airflow/example_dags/tutorial_dag.py for tasks to queue
[2024-04-18T08:37:04.215+0000] {logging_mixin.py:188} INFO - [2024-04-18T08:37:04.214+0000] {dagbag.py:540} INFO - Filling up the DagBag from /home/airflow/.local/lib/python3.12/site-packages/airflow/example_dags/tutorial_dag.py
[2024-04-18T08:37:04.221+0000] {processor.py:840} INFO - DAG(s) 'tutorial_dag' retrieved from /home/airflow/.local/lib/python3.12/site-packages/airflow/example_dags/tutorial_dag.py
[2024-04-18T08:37:04.265+0000] {logging_mixin.py:188} INFO - [2024-04-18T08:37:04.265+0000] {dag.py:3096} INFO - Sync 1 DAGs
[2024-04-18T08:37:04.802+0000] {logging_mixin.py:188} INFO - [2024-04-18T08:37:04.801+0000] {dag.py:3954} INFO - Setting next_dagrun for tutorial_dag to None, run_after=None
[2024-04-18T08:37:04.838+0000] {processor.py:183} INFO - Processing /home/airflow/.local/lib/python3.12/site-packages/airflow/example_dags/tutorial_dag.py took 0.658 seconds
[2024-04-18T08:37:35.580+0000] {processor.py:161} INFO - Started process (PID=5816) to work on /home/airflow/.local/lib/python3.12/site-packages/airflow/example_dags/tutorial_dag.py
[2024-04-18T08:37:35.581+0000] {processor.py:830} INFO - Processing file /home/airflow/.local/lib/python3.12/site-packages/airflow/example_dags/tutorial_dag.py for tasks to queue
[2024-04-18T08:37:35.583+0000] {logging_mixin.py:188} INFO - [2024-04-18T08:37:35.583+0000] {dagbag.py:540} INFO - Filling up the DagBag from /home/airflow/.local/lib/python3.12/site-packages/airflow/example_dags/tutorial_dag.py
[2024-04-18T08:37:35.588+0000] {processor.py:840} INFO - DAG(s) 'tutorial_dag' retrieved from /home/airflow/.local/lib/python3.12/site-packages/airflow/example_dags/tutorial_dag.py
[2024-04-18T08:37:35.608+0000] {logging_mixin.py:188} INFO - [2024-04-18T08:37:35.607+0000] {dag.py:3096} INFO - Sync 1 DAGs
[2024-04-18T08:37:35.621+0000] {logging_mixin.py:188} INFO - [2024-04-18T08:37:35.621+0000] {dag.py:3954} INFO - Setting next_dagrun for tutorial_dag to None, run_after=None
[2024-04-18T08:37:35.645+0000] {processor.py:183} INFO - Processing /home/airflow/.local/lib/python3.12/site-packages/airflow/example_dags/tutorial_dag.py took 0.071 seconds
[2024-04-18T08:38:06.483+0000] {processor.py:161} INFO - Started process (PID=6081) to work on /home/airflow/.local/lib/python3.12/site-packages/airflow/example_dags/tutorial_dag.py
[2024-04-18T08:38:06.484+0000] {processor.py:830} INFO - Processing file /home/airflow/.local/lib/python3.12/site-packages/airflow/example_dags/tutorial_dag.py for tasks to queue
[2024-04-18T08:38:06.486+0000] {logging_mixin.py:188} INFO - [2024-04-18T08:38:06.486+0000] {dagbag.py:540} INFO - Filling up the DagBag from /home/airflow/.local/lib/python3.12/site-packages/airflow/example_dags/tutorial_dag.py
[2024-04-18T08:38:06.491+0000] {processor.py:840} INFO - DAG(s) 'tutorial_dag' retrieved from /home/airflow/.local/lib/python3.12/site-packages/airflow/example_dags/tutorial_dag.py
[2024-04-18T08:38:06.514+0000] {logging_mixin.py:188} INFO - [2024-04-18T08:38:06.514+0000] {dag.py:3096} INFO - Sync 1 DAGs
[2024-04-18T08:38:06.528+0000] {logging_mixin.py:188} INFO - [2024-04-18T08:38:06.528+0000] {dag.py:3954} INFO - Setting next_dagrun for tutorial_dag to None, run_after=None
[2024-04-18T08:38:06.551+0000] {processor.py:183} INFO - Processing /home/airflow/.local/lib/python3.12/site-packages/airflow/example_dags/tutorial_dag.py took 0.074 seconds
[2024-04-18T08:38:37.204+0000] {processor.py:161} INFO - Started process (PID=6343) to work on /home/airflow/.local/lib/python3.12/site-packages/airflow/example_dags/tutorial_dag.py
[2024-04-18T08:38:37.205+0000] {processor.py:830} INFO - Processing file /home/airflow/.local/lib/python3.12/site-packages/airflow/example_dags/tutorial_dag.py for tasks to queue
[2024-04-18T08:38:37.210+0000] {logging_mixin.py:188} INFO - [2024-04-18T08:38:37.206+0000] {dagbag.py:540} INFO - Filling up the DagBag from /home/airflow/.local/lib/python3.12/site-packages/airflow/example_dags/tutorial_dag.py
[2024-04-18T08:38:37.224+0000] {processor.py:840} INFO - DAG(s) 'tutorial_dag' retrieved from /home/airflow/.local/lib/python3.12/site-packages/airflow/example_dags/tutorial_dag.py
[2024-04-18T08:38:37.491+0000] {logging_mixin.py:188} INFO - [2024-04-18T08:38:37.491+0000] {dag.py:3096} INFO - Sync 1 DAGs
[2024-04-18T08:38:37.503+0000] {logging_mixin.py:188} INFO - [2024-04-18T08:38:37.503+0000] {dag.py:3954} INFO - Setting next_dagrun for tutorial_dag to None, run_after=None
[2024-04-18T08:38:37.523+0000] {processor.py:183} INFO - Processing /home/airflow/.local/lib/python3.12/site-packages/airflow/example_dags/tutorial_dag.py took 0.328 seconds
[2024-04-18T08:39:07.854+0000] {processor.py:161} INFO - Started process (PID=6609) to work on /home/airflow/.local/lib/python3.12/site-packages/airflow/example_dags/tutorial_dag.py
[2024-04-18T08:39:07.855+0000] {processor.py:830} INFO - Processing file /home/airflow/.local/lib/python3.12/site-packages/airflow/example_dags/tutorial_dag.py for tasks to queue
[2024-04-18T08:39:07.862+0000] {logging_mixin.py:188} INFO - [2024-04-18T08:39:07.857+0000] {dagbag.py:540} INFO - Filling up the DagBag from /home/airflow/.local/lib/python3.12/site-packages/airflow/example_dags/tutorial_dag.py
[2024-04-18T08:39:07.923+0000] {processor.py:840} INFO - DAG(s) 'tutorial_dag' retrieved from /home/airflow/.local/lib/python3.12/site-packages/airflow/example_dags/tutorial_dag.py
[2024-04-18T08:39:08.030+0000] {logging_mixin.py:188} INFO - [2024-04-18T08:39:08.029+0000] {dag.py:3096} INFO - Sync 1 DAGs
[2024-04-18T08:39:08.073+0000] {logging_mixin.py:188} INFO - [2024-04-18T08:39:08.064+0000] {dag.py:3954} INFO - Setting next_dagrun for tutorial_dag to None, run_after=None
[2024-04-18T08:39:08.129+0000] {processor.py:183} INFO - Processing /home/airflow/.local/lib/python3.12/site-packages/airflow/example_dags/tutorial_dag.py took 0.324 seconds
[2024-04-18T08:39:38.499+0000] {processor.py:161} INFO - Started process (PID=6877) to work on /home/airflow/.local/lib/python3.12/site-packages/airflow/example_dags/tutorial_dag.py
[2024-04-18T08:39:38.500+0000] {processor.py:830} INFO - Processing file /home/airflow/.local/lib/python3.12/site-packages/airflow/example_dags/tutorial_dag.py for tasks to queue
[2024-04-18T08:39:38.502+0000] {logging_mixin.py:188} INFO - [2024-04-18T08:39:38.502+0000] {dagbag.py:540} INFO - Filling up the DagBag from /home/airflow/.local/lib/python3.12/site-packages/airflow/example_dags/tutorial_dag.py
[2024-04-18T08:39:38.508+0000] {processor.py:840} INFO - DAG(s) 'tutorial_dag' retrieved from /home/airflow/.local/lib/python3.12/site-packages/airflow/example_dags/tutorial_dag.py
[2024-04-18T08:39:38.528+0000] {logging_mixin.py:188} INFO - [2024-04-18T08:39:38.528+0000] {dag.py:3096} INFO - Sync 1 DAGs
[2024-04-18T08:39:38.543+0000] {logging_mixin.py:188} INFO - [2024-04-18T08:39:38.543+0000] {dag.py:3954} INFO - Setting next_dagrun for tutorial_dag to None, run_after=None
[2024-04-18T08:39:38.564+0000] {processor.py:183} INFO - Processing /home/airflow/.local/lib/python3.12/site-packages/airflow/example_dags/tutorial_dag.py took 0.074 seconds
[2024-04-18T08:40:09.053+0000] {processor.py:161} INFO - Started process (PID=7147) to work on /home/airflow/.local/lib/python3.12/site-packages/airflow/example_dags/tutorial_dag.py
[2024-04-18T08:40:09.054+0000] {processor.py:830} INFO - Processing file /home/airflow/.local/lib/python3.12/site-packages/airflow/example_dags/tutorial_dag.py for tasks to queue
[2024-04-18T08:40:09.056+0000] {logging_mixin.py:188} INFO - [2024-04-18T08:40:09.056+0000] {dagbag.py:540} INFO - Filling up the DagBag from /home/airflow/.local/lib/python3.12/site-packages/airflow/example_dags/tutorial_dag.py
[2024-04-18T08:40:09.062+0000] {processor.py:840} INFO - DAG(s) 'tutorial_dag' retrieved from /home/airflow/.local/lib/python3.12/site-packages/airflow/example_dags/tutorial_dag.py
[2024-04-18T08:40:09.082+0000] {logging_mixin.py:188} INFO - [2024-04-18T08:40:09.082+0000] {dag.py:3096} INFO - Sync 1 DAGs
[2024-04-18T08:40:09.098+0000] {logging_mixin.py:188} INFO - [2024-04-18T08:40:09.098+0000] {dag.py:3954} INFO - Setting next_dagrun for tutorial_dag to None, run_after=None
[2024-04-18T08:40:09.120+0000] {processor.py:183} INFO - Processing /home/airflow/.local/lib/python3.12/site-packages/airflow/example_dags/tutorial_dag.py took 0.075 seconds
[2024-04-18T08:40:39.900+0000] {processor.py:161} INFO - Started process (PID=7413) to work on /home/airflow/.local/lib/python3.12/site-packages/airflow/example_dags/tutorial_dag.py
[2024-04-18T08:40:39.901+0000] {processor.py:830} INFO - Processing file /home/airflow/.local/lib/python3.12/site-packages/airflow/example_dags/tutorial_dag.py for tasks to queue
[2024-04-18T08:40:39.904+0000] {logging_mixin.py:188} INFO - [2024-04-18T08:40:39.902+0000] {dagbag.py:540} INFO - Filling up the DagBag from /home/airflow/.local/lib/python3.12/site-packages/airflow/example_dags/tutorial_dag.py
[2024-04-18T08:40:39.910+0000] {processor.py:840} INFO - DAG(s) 'tutorial_dag' retrieved from /home/airflow/.local/lib/python3.12/site-packages/airflow/example_dags/tutorial_dag.py
[2024-04-18T08:40:39.931+0000] {logging_mixin.py:188} INFO - [2024-04-18T08:40:39.930+0000] {dag.py:3096} INFO - Sync 1 DAGs
[2024-04-18T08:40:39.946+0000] {logging_mixin.py:188} INFO - [2024-04-18T08:40:39.946+0000] {dag.py:3954} INFO - Setting next_dagrun for tutorial_dag to None, run_after=None
[2024-04-18T08:40:39.983+0000] {processor.py:183} INFO - Processing /home/airflow/.local/lib/python3.12/site-packages/airflow/example_dags/tutorial_dag.py took 0.090 seconds
[2024-04-18T08:41:10.653+0000] {processor.py:161} INFO - Started process (PID=7679) to work on /home/airflow/.local/lib/python3.12/site-packages/airflow/example_dags/tutorial_dag.py
[2024-04-18T08:41:10.654+0000] {processor.py:830} INFO - Processing file /home/airflow/.local/lib/python3.12/site-packages/airflow/example_dags/tutorial_dag.py for tasks to queue
[2024-04-18T08:41:10.657+0000] {logging_mixin.py:188} INFO - [2024-04-18T08:41:10.656+0000] {dagbag.py:540} INFO - Filling up the DagBag from /home/airflow/.local/lib/python3.12/site-packages/airflow/example_dags/tutorial_dag.py
[2024-04-18T08:41:10.662+0000] {processor.py:840} INFO - DAG(s) 'tutorial_dag' retrieved from /home/airflow/.local/lib/python3.12/site-packages/airflow/example_dags/tutorial_dag.py
[2024-04-18T08:41:10.683+0000] {logging_mixin.py:188} INFO - [2024-04-18T08:41:10.683+0000] {dag.py:3096} INFO - Sync 1 DAGs
[2024-04-18T08:41:10.697+0000] {logging_mixin.py:188} INFO - [2024-04-18T08:41:10.697+0000] {dag.py:3954} INFO - Setting next_dagrun for tutorial_dag to None, run_after=None
[2024-04-18T08:41:10.724+0000] {processor.py:183} INFO - Processing /home/airflow/.local/lib/python3.12/site-packages/airflow/example_dags/tutorial_dag.py took 0.077 seconds
[2024-04-18T08:41:41.718+0000] {processor.py:161} INFO - Started process (PID=7949) to work on /home/airflow/.local/lib/python3.12/site-packages/airflow/example_dags/tutorial_dag.py
[2024-04-18T08:41:41.719+0000] {processor.py:830} INFO - Processing file /home/airflow/.local/lib/python3.12/site-packages/airflow/example_dags/tutorial_dag.py for tasks to queue
[2024-04-18T08:41:41.721+0000] {logging_mixin.py:188} INFO - [2024-04-18T08:41:41.721+0000] {dagbag.py:540} INFO - Filling up the DagBag from /home/airflow/.local/lib/python3.12/site-packages/airflow/example_dags/tutorial_dag.py
[2024-04-18T08:41:41.727+0000] {processor.py:840} INFO - DAG(s) 'tutorial_dag' retrieved from /home/airflow/.local/lib/python3.12/site-packages/airflow/example_dags/tutorial_dag.py
[2024-04-18T08:41:41.750+0000] {logging_mixin.py:188} INFO - [2024-04-18T08:41:41.749+0000] {dag.py:3096} INFO - Sync 1 DAGs
[2024-04-18T08:41:41.764+0000] {logging_mixin.py:188} INFO - [2024-04-18T08:41:41.764+0000] {dag.py:3954} INFO - Setting next_dagrun for tutorial_dag to None, run_after=None
[2024-04-18T08:41:41.786+0000] {processor.py:183} INFO - Processing /home/airflow/.local/lib/python3.12/site-packages/airflow/example_dags/tutorial_dag.py took 0.074 seconds
[2024-04-18T08:42:12.387+0000] {processor.py:161} INFO - Started process (PID=8213) to work on /home/airflow/.local/lib/python3.12/site-packages/airflow/example_dags/tutorial_dag.py
[2024-04-18T08:42:12.388+0000] {processor.py:830} INFO - Processing file /home/airflow/.local/lib/python3.12/site-packages/airflow/example_dags/tutorial_dag.py for tasks to queue
[2024-04-18T08:42:12.390+0000] {logging_mixin.py:188} INFO - [2024-04-18T08:42:12.389+0000] {dagbag.py:540} INFO - Filling up the DagBag from /home/airflow/.local/lib/python3.12/site-packages/airflow/example_dags/tutorial_dag.py
[2024-04-18T08:42:12.396+0000] {processor.py:840} INFO - DAG(s) 'tutorial_dag' retrieved from /home/airflow/.local/lib/python3.12/site-packages/airflow/example_dags/tutorial_dag.py
[2024-04-18T08:42:12.418+0000] {logging_mixin.py:188} INFO - [2024-04-18T08:42:12.418+0000] {dag.py:3096} INFO - Sync 1 DAGs
[2024-04-18T08:42:12.434+0000] {logging_mixin.py:188} INFO - [2024-04-18T08:42:12.434+0000] {dag.py:3954} INFO - Setting next_dagrun for tutorial_dag to None, run_after=None
[2024-04-18T08:42:12.459+0000] {processor.py:183} INFO - Processing /home/airflow/.local/lib/python3.12/site-packages/airflow/example_dags/tutorial_dag.py took 0.078 seconds
[2024-04-18T08:42:42.890+0000] {processor.py:161} INFO - Started process (PID=8479) to work on /home/airflow/.local/lib/python3.12/site-packages/airflow/example_dags/tutorial_dag.py
[2024-04-18T08:42:42.891+0000] {processor.py:830} INFO - Processing file /home/airflow/.local/lib/python3.12/site-packages/airflow/example_dags/tutorial_dag.py for tasks to queue
[2024-04-18T08:42:42.893+0000] {logging_mixin.py:188} INFO - [2024-04-18T08:42:42.892+0000] {dagbag.py:540} INFO - Filling up the DagBag from /home/airflow/.local/lib/python3.12/site-packages/airflow/example_dags/tutorial_dag.py
[2024-04-18T08:42:42.899+0000] {processor.py:840} INFO - DAG(s) 'tutorial_dag' retrieved from /home/airflow/.local/lib/python3.12/site-packages/airflow/example_dags/tutorial_dag.py
[2024-04-18T08:42:42.922+0000] {logging_mixin.py:188} INFO - [2024-04-18T08:42:42.921+0000] {dag.py:3096} INFO - Sync 1 DAGs
[2024-04-18T08:42:42.935+0000] {logging_mixin.py:188} INFO - [2024-04-18T08:42:42.935+0000] {dag.py:3954} INFO - Setting next_dagrun for tutorial_dag to None, run_after=None
[2024-04-18T08:42:42.975+0000] {processor.py:183} INFO - Processing /home/airflow/.local/lib/python3.12/site-packages/airflow/example_dags/tutorial_dag.py took 0.092 seconds
[2024-04-18T08:43:13.961+0000] {processor.py:161} INFO - Started process (PID=8745) to work on /home/airflow/.local/lib/python3.12/site-packages/airflow/example_dags/tutorial_dag.py
[2024-04-18T08:43:13.962+0000] {processor.py:830} INFO - Processing file /home/airflow/.local/lib/python3.12/site-packages/airflow/example_dags/tutorial_dag.py for tasks to queue
[2024-04-18T08:43:13.964+0000] {logging_mixin.py:188} INFO - [2024-04-18T08:43:13.963+0000] {dagbag.py:540} INFO - Filling up the DagBag from /home/airflow/.local/lib/python3.12/site-packages/airflow/example_dags/tutorial_dag.py
[2024-04-18T08:43:13.970+0000] {processor.py:840} INFO - DAG(s) 'tutorial_dag' retrieved from /home/airflow/.local/lib/python3.12/site-packages/airflow/example_dags/tutorial_dag.py
[2024-04-18T08:43:13.992+0000] {logging_mixin.py:188} INFO - [2024-04-18T08:43:13.991+0000] {dag.py:3096} INFO - Sync 1 DAGs
[2024-04-18T08:43:14.004+0000] {logging_mixin.py:188} INFO - [2024-04-18T08:43:14.004+0000] {dag.py:3954} INFO - Setting next_dagrun for tutorial_dag to None, run_after=None
[2024-04-18T08:43:14.046+0000] {processor.py:183} INFO - Processing /home/airflow/.local/lib/python3.12/site-packages/airflow/example_dags/tutorial_dag.py took 0.092 seconds
[2024-04-18T08:43:44.536+0000] {processor.py:161} INFO - Started process (PID=9011) to work on /home/airflow/.local/lib/python3.12/site-packages/airflow/example_dags/tutorial_dag.py
[2024-04-18T08:43:44.537+0000] {processor.py:830} INFO - Processing file /home/airflow/.local/lib/python3.12/site-packages/airflow/example_dags/tutorial_dag.py for tasks to queue
[2024-04-18T08:43:44.539+0000] {logging_mixin.py:188} INFO - [2024-04-18T08:43:44.539+0000] {dagbag.py:540} INFO - Filling up the DagBag from /home/airflow/.local/lib/python3.12/site-packages/airflow/example_dags/tutorial_dag.py
[2024-04-18T08:43:44.550+0000] {processor.py:840} INFO - DAG(s) 'tutorial_dag' retrieved from /home/airflow/.local/lib/python3.12/site-packages/airflow/example_dags/tutorial_dag.py
[2024-04-18T08:43:44.572+0000] {logging_mixin.py:188} INFO - [2024-04-18T08:43:44.571+0000] {dag.py:3096} INFO - Sync 1 DAGs
[2024-04-18T08:43:44.587+0000] {logging_mixin.py:188} INFO - [2024-04-18T08:43:44.587+0000] {dag.py:3954} INFO - Setting next_dagrun for tutorial_dag to None, run_after=None
[2024-04-18T08:43:44.610+0000] {processor.py:183} INFO - Processing /home/airflow/.local/lib/python3.12/site-packages/airflow/example_dags/tutorial_dag.py took 0.081 seconds
[2024-04-18T08:44:15.415+0000] {processor.py:161} INFO - Started process (PID=9277) to work on /home/airflow/.local/lib/python3.12/site-packages/airflow/example_dags/tutorial_dag.py
[2024-04-18T08:44:15.415+0000] {processor.py:830} INFO - Processing file /home/airflow/.local/lib/python3.12/site-packages/airflow/example_dags/tutorial_dag.py for tasks to queue
[2024-04-18T08:44:15.417+0000] {logging_mixin.py:188} INFO - [2024-04-18T08:44:15.417+0000] {dagbag.py:540} INFO - Filling up the DagBag from /home/airflow/.local/lib/python3.12/site-packages/airflow/example_dags/tutorial_dag.py
[2024-04-18T08:44:15.423+0000] {processor.py:840} INFO - DAG(s) 'tutorial_dag' retrieved from /home/airflow/.local/lib/python3.12/site-packages/airflow/example_dags/tutorial_dag.py
[2024-04-18T08:44:15.444+0000] {logging_mixin.py:188} INFO - [2024-04-18T08:44:15.443+0000] {dag.py:3096} INFO - Sync 1 DAGs
[2024-04-18T08:44:15.467+0000] {logging_mixin.py:188} INFO - [2024-04-18T08:44:15.466+0000] {dag.py:3954} INFO - Setting next_dagrun for tutorial_dag to None, run_after=None
[2024-04-18T08:44:15.493+0000] {processor.py:183} INFO - Processing /home/airflow/.local/lib/python3.12/site-packages/airflow/example_dags/tutorial_dag.py took 0.085 seconds
[2024-04-18T08:44:46.491+0000] {processor.py:161} INFO - Started process (PID=9549) to work on /home/airflow/.local/lib/python3.12/site-packages/airflow/example_dags/tutorial_dag.py
[2024-04-18T08:44:46.493+0000] {processor.py:830} INFO - Processing file /home/airflow/.local/lib/python3.12/site-packages/airflow/example_dags/tutorial_dag.py for tasks to queue
[2024-04-18T08:44:46.495+0000] {logging_mixin.py:188} INFO - [2024-04-18T08:44:46.494+0000] {dagbag.py:540} INFO - Filling up the DagBag from /home/airflow/.local/lib/python3.12/site-packages/airflow/example_dags/tutorial_dag.py
[2024-04-18T08:44:46.501+0000] {processor.py:840} INFO - DAG(s) 'tutorial_dag' retrieved from /home/airflow/.local/lib/python3.12/site-packages/airflow/example_dags/tutorial_dag.py
[2024-04-18T08:44:46.524+0000] {logging_mixin.py:188} INFO - [2024-04-18T08:44:46.523+0000] {dag.py:3096} INFO - Sync 1 DAGs
[2024-04-18T08:44:46.549+0000] {logging_mixin.py:188} INFO - [2024-04-18T08:44:46.549+0000] {dag.py:3954} INFO - Setting next_dagrun for tutorial_dag to None, run_after=None
[2024-04-18T08:44:46.574+0000] {processor.py:183} INFO - Processing /home/airflow/.local/lib/python3.12/site-packages/airflow/example_dags/tutorial_dag.py took 0.089 seconds
[2024-04-18T08:45:16.879+0000] {processor.py:161} INFO - Started process (PID=9815) to work on /home/airflow/.local/lib/python3.12/site-packages/airflow/example_dags/tutorial_dag.py
[2024-04-18T08:45:16.880+0000] {processor.py:830} INFO - Processing file /home/airflow/.local/lib/python3.12/site-packages/airflow/example_dags/tutorial_dag.py for tasks to queue
[2024-04-18T08:45:16.882+0000] {logging_mixin.py:188} INFO - [2024-04-18T08:45:16.881+0000] {dagbag.py:540} INFO - Filling up the DagBag from /home/airflow/.local/lib/python3.12/site-packages/airflow/example_dags/tutorial_dag.py
[2024-04-18T08:45:16.888+0000] {processor.py:840} INFO - DAG(s) 'tutorial_dag' retrieved from /home/airflow/.local/lib/python3.12/site-packages/airflow/example_dags/tutorial_dag.py
[2024-04-18T08:45:16.911+0000] {logging_mixin.py:188} INFO - [2024-04-18T08:45:16.911+0000] {dag.py:3096} INFO - Sync 1 DAGs
[2024-04-18T08:45:16.925+0000] {logging_mixin.py:188} INFO - [2024-04-18T08:45:16.925+0000] {dag.py:3954} INFO - Setting next_dagrun for tutorial_dag to None, run_after=None
[2024-04-18T08:45:16.952+0000] {processor.py:183} INFO - Processing /home/airflow/.local/lib/python3.12/site-packages/airflow/example_dags/tutorial_dag.py took 0.080 seconds
[2024-04-18T08:45:47.536+0000] {processor.py:161} INFO - Started process (PID=10081) to work on /home/airflow/.local/lib/python3.12/site-packages/airflow/example_dags/tutorial_dag.py
[2024-04-18T08:45:47.536+0000] {processor.py:830} INFO - Processing file /home/airflow/.local/lib/python3.12/site-packages/airflow/example_dags/tutorial_dag.py for tasks to queue
[2024-04-18T08:45:47.538+0000] {logging_mixin.py:188} INFO - [2024-04-18T08:45:47.538+0000] {dagbag.py:540} INFO - Filling up the DagBag from /home/airflow/.local/lib/python3.12/site-packages/airflow/example_dags/tutorial_dag.py
[2024-04-18T08:45:47.544+0000] {processor.py:840} INFO - DAG(s) 'tutorial_dag' retrieved from /home/airflow/.local/lib/python3.12/site-packages/airflow/example_dags/tutorial_dag.py
[2024-04-18T08:45:47.565+0000] {logging_mixin.py:188} INFO - [2024-04-18T08:45:47.565+0000] {dag.py:3096} INFO - Sync 1 DAGs
[2024-04-18T08:45:47.579+0000] {logging_mixin.py:188} INFO - [2024-04-18T08:45:47.579+0000] {dag.py:3954} INFO - Setting next_dagrun for tutorial_dag to None, run_after=None
[2024-04-18T08:45:47.599+0000] {processor.py:183} INFO - Processing /home/airflow/.local/lib/python3.12/site-packages/airflow/example_dags/tutorial_dag.py took 0.070 seconds
[2024-04-18T08:46:18.427+0000] {processor.py:161} INFO - Started process (PID=10349) to work on /home/airflow/.local/lib/python3.12/site-packages/airflow/example_dags/tutorial_dag.py
[2024-04-18T08:46:18.428+0000] {processor.py:830} INFO - Processing file /home/airflow/.local/lib/python3.12/site-packages/airflow/example_dags/tutorial_dag.py for tasks to queue
[2024-04-18T08:46:18.430+0000] {logging_mixin.py:188} INFO - [2024-04-18T08:46:18.430+0000] {dagbag.py:540} INFO - Filling up the DagBag from /home/airflow/.local/lib/python3.12/site-packages/airflow/example_dags/tutorial_dag.py
[2024-04-18T08:46:18.436+0000] {processor.py:840} INFO - DAG(s) 'tutorial_dag' retrieved from /home/airflow/.local/lib/python3.12/site-packages/airflow/example_dags/tutorial_dag.py
[2024-04-18T08:46:18.478+0000] {logging_mixin.py:188} INFO - [2024-04-18T08:46:18.477+0000] {dag.py:3096} INFO - Sync 1 DAGs
[2024-04-18T08:46:18.500+0000] {logging_mixin.py:188} INFO - [2024-04-18T08:46:18.500+0000] {dag.py:3954} INFO - Setting next_dagrun for tutorial_dag to None, run_after=None
[2024-04-18T08:46:18.553+0000] {processor.py:183} INFO - Processing /home/airflow/.local/lib/python3.12/site-packages/airflow/example_dags/tutorial_dag.py took 0.131 seconds
[2024-04-18T08:46:49.364+0000] {processor.py:161} INFO - Started process (PID=10614) to work on /home/airflow/.local/lib/python3.12/site-packages/airflow/example_dags/tutorial_dag.py
[2024-04-18T08:46:49.365+0000] {processor.py:830} INFO - Processing file /home/airflow/.local/lib/python3.12/site-packages/airflow/example_dags/tutorial_dag.py for tasks to queue
[2024-04-18T08:46:49.369+0000] {logging_mixin.py:188} INFO - [2024-04-18T08:46:49.369+0000] {dagbag.py:540} INFO - Filling up the DagBag from /home/airflow/.local/lib/python3.12/site-packages/airflow/example_dags/tutorial_dag.py
[2024-04-18T08:46:49.376+0000] {processor.py:840} INFO - DAG(s) 'tutorial_dag' retrieved from /home/airflow/.local/lib/python3.12/site-packages/airflow/example_dags/tutorial_dag.py
[2024-04-18T08:46:49.399+0000] {logging_mixin.py:188} INFO - [2024-04-18T08:46:49.398+0000] {dag.py:3096} INFO - Sync 1 DAGs
[2024-04-18T08:46:49.413+0000] {logging_mixin.py:188} INFO - [2024-04-18T08:46:49.413+0000] {dag.py:3954} INFO - Setting next_dagrun for tutorial_dag to None, run_after=None
[2024-04-18T08:46:49.454+0000] {processor.py:183} INFO - Processing /home/airflow/.local/lib/python3.12/site-packages/airflow/example_dags/tutorial_dag.py took 0.107 seconds
[2024-04-18T08:47:20.347+0000] {processor.py:161} INFO - Started process (PID=10880) to work on /home/airflow/.local/lib/python3.12/site-packages/airflow/example_dags/tutorial_dag.py
[2024-04-18T08:47:20.350+0000] {processor.py:830} INFO - Processing file /home/airflow/.local/lib/python3.12/site-packages/airflow/example_dags/tutorial_dag.py for tasks to queue
[2024-04-18T08:47:20.359+0000] {logging_mixin.py:188} INFO - [2024-04-18T08:47:20.359+0000] {dagbag.py:540} INFO - Filling up the DagBag from /home/airflow/.local/lib/python3.12/site-packages/airflow/example_dags/tutorial_dag.py
[2024-04-18T08:47:20.368+0000] {processor.py:840} INFO - DAG(s) 'tutorial_dag' retrieved from /home/airflow/.local/lib/python3.12/site-packages/airflow/example_dags/tutorial_dag.py
[2024-04-18T08:47:20.412+0000] {logging_mixin.py:188} INFO - [2024-04-18T08:47:20.411+0000] {dag.py:3096} INFO - Sync 1 DAGs
[2024-04-18T08:47:20.428+0000] {logging_mixin.py:188} INFO - [2024-04-18T08:47:20.427+0000] {dag.py:3954} INFO - Setting next_dagrun for tutorial_dag to None, run_after=None
[2024-04-18T08:47:20.464+0000] {processor.py:183} INFO - Processing /home/airflow/.local/lib/python3.12/site-packages/airflow/example_dags/tutorial_dag.py took 0.124 seconds
[2024-04-18T08:47:50.823+0000] {processor.py:161} INFO - Started process (PID=11149) to work on /home/airflow/.local/lib/python3.12/site-packages/airflow/example_dags/tutorial_dag.py
[2024-04-18T08:47:50.823+0000] {processor.py:830} INFO - Processing file /home/airflow/.local/lib/python3.12/site-packages/airflow/example_dags/tutorial_dag.py for tasks to queue
[2024-04-18T08:47:50.825+0000] {logging_mixin.py:188} INFO - [2024-04-18T08:47:50.825+0000] {dagbag.py:540} INFO - Filling up the DagBag from /home/airflow/.local/lib/python3.12/site-packages/airflow/example_dags/tutorial_dag.py
[2024-04-18T08:47:50.830+0000] {processor.py:840} INFO - DAG(s) 'tutorial_dag' retrieved from /home/airflow/.local/lib/python3.12/site-packages/airflow/example_dags/tutorial_dag.py
[2024-04-18T08:47:50.851+0000] {logging_mixin.py:188} INFO - [2024-04-18T08:47:50.851+0000] {dag.py:3096} INFO - Sync 1 DAGs
[2024-04-18T08:47:50.862+0000] {logging_mixin.py:188} INFO - [2024-04-18T08:47:50.862+0000] {dag.py:3954} INFO - Setting next_dagrun for tutorial_dag to None, run_after=None
[2024-04-18T08:47:50.880+0000] {processor.py:183} INFO - Processing /home/airflow/.local/lib/python3.12/site-packages/airflow/example_dags/tutorial_dag.py took 0.062 seconds
[2024-04-18T08:48:20.995+0000] {processor.py:161} INFO - Started process (PID=11413) to work on /home/airflow/.local/lib/python3.12/site-packages/airflow/example_dags/tutorial_dag.py
[2024-04-18T08:48:20.996+0000] {processor.py:830} INFO - Processing file /home/airflow/.local/lib/python3.12/site-packages/airflow/example_dags/tutorial_dag.py for tasks to queue
[2024-04-18T08:48:20.998+0000] {logging_mixin.py:188} INFO - [2024-04-18T08:48:20.998+0000] {dagbag.py:540} INFO - Filling up the DagBag from /home/airflow/.local/lib/python3.12/site-packages/airflow/example_dags/tutorial_dag.py
[2024-04-18T08:48:21.004+0000] {processor.py:840} INFO - DAG(s) 'tutorial_dag' retrieved from /home/airflow/.local/lib/python3.12/site-packages/airflow/example_dags/tutorial_dag.py
[2024-04-18T08:48:21.025+0000] {logging_mixin.py:188} INFO - [2024-04-18T08:48:21.025+0000] {dag.py:3096} INFO - Sync 1 DAGs
[2024-04-18T08:48:21.040+0000] {logging_mixin.py:188} INFO - [2024-04-18T08:48:21.040+0000] {dag.py:3954} INFO - Setting next_dagrun for tutorial_dag to None, run_after=None
[2024-04-18T08:48:21.068+0000] {processor.py:183} INFO - Processing /home/airflow/.local/lib/python3.12/site-packages/airflow/example_dags/tutorial_dag.py took 0.080 seconds
[2024-04-18T08:48:51.667+0000] {processor.py:161} INFO - Started process (PID=11679) to work on /home/airflow/.local/lib/python3.12/site-packages/airflow/example_dags/tutorial_dag.py
[2024-04-18T08:48:51.667+0000] {processor.py:830} INFO - Processing file /home/airflow/.local/lib/python3.12/site-packages/airflow/example_dags/tutorial_dag.py for tasks to queue
[2024-04-18T08:48:51.669+0000] {logging_mixin.py:188} INFO - [2024-04-18T08:48:51.669+0000] {dagbag.py:540} INFO - Filling up the DagBag from /home/airflow/.local/lib/python3.12/site-packages/airflow/example_dags/tutorial_dag.py
[2024-04-18T08:48:51.675+0000] {processor.py:840} INFO - DAG(s) 'tutorial_dag' retrieved from /home/airflow/.local/lib/python3.12/site-packages/airflow/example_dags/tutorial_dag.py
[2024-04-18T08:48:51.696+0000] {logging_mixin.py:188} INFO - [2024-04-18T08:48:51.696+0000] {dag.py:3096} INFO - Sync 1 DAGs
[2024-04-18T08:48:51.711+0000] {logging_mixin.py:188} INFO - [2024-04-18T08:48:51.711+0000] {dag.py:3954} INFO - Setting next_dagrun for tutorial_dag to None, run_after=None
[2024-04-18T08:48:51.733+0000] {processor.py:183} INFO - Processing /home/airflow/.local/lib/python3.12/site-packages/airflow/example_dags/tutorial_dag.py took 0.073 seconds
