[2024-04-14T06:47:02.709+0000] {local_task_job_runner.py:120} INFO - ::group::Pre task execution logs
[2024-04-14T06:47:02.723+0000] {taskinstance.py:2073} INFO - Dependencies all met for dep_context=non-requeueable deps ti=<TaskInstance: etl.load_dataset_Finance manual__2024-04-14T05:09:56.705108+00:00 [queued]>
[2024-04-14T06:47:02.729+0000] {taskinstance.py:2073} INFO - Dependencies all met for dep_context=requeueable deps ti=<TaskInstance: etl.load_dataset_Finance manual__2024-04-14T05:09:56.705108+00:00 [queued]>
[2024-04-14T06:47:02.729+0000] {taskinstance.py:2303} INFO - Starting attempt 1 of 1
[2024-04-14T06:47:02.743+0000] {taskinstance.py:2327} INFO - Executing <Task(GCSToBigQueryOperator): load_dataset_Finance> on 2024-04-14 05:09:56.705108+00:00
[2024-04-14T06:47:02.755+0000] {standard_task_runner.py:90} INFO - Running: ['***', 'tasks', 'run', 'etl', 'load_dataset_Finance', 'manual__2024-04-14T05:09:56.705108+00:00', '--job-id', '52', '--raw', '--subdir', 'DAGS_FOLDER/etl.py', '--cfg-path', '/tmp/tmptq08sdif']
[2024-04-14T06:47:02.756+0000] {standard_task_runner.py:91} INFO - Job 52: Subtask load_dataset_Finance
[2024-04-14T06:47:02.760+0000] {logging_mixin.py:188} WARNING - /home/***/.local/lib/python3.12/site-packages/***/task/task_runner/standard_task_runner.py:61 DeprecationWarning: This process (pid=71525) is multi-threaded, use of fork() may lead to deadlocks in the child.
[2024-04-14T06:47:02.761+0000] {standard_task_runner.py:63} INFO - Started process 71537 to run task
[2024-04-14T06:47:02.795+0000] {task_command.py:426} INFO - Running <TaskInstance: etl.load_dataset_Finance manual__2024-04-14T05:09:56.705108+00:00 [running]> on host 2ce858e27684
[2024-04-14T06:47:02.886+0000] {taskinstance.py:2644} INFO - Exporting env vars: AIRFLOW_CTX_DAG_OWNER='***' AIRFLOW_CTX_DAG_ID='etl' AIRFLOW_CTX_TASK_ID='load_dataset_Finance' AIRFLOW_CTX_EXECUTION_DATE='2024-04-14T05:09:56.705108+00:00' AIRFLOW_CTX_TRY_NUMBER='1' AIRFLOW_CTX_DAG_RUN_ID='manual__2024-04-14T05:09:56.705108+00:00'
[2024-04-14T06:47:02.887+0000] {taskinstance.py:430} INFO - ::endgroup::
[2024-04-14T06:47:02.893+0000] {taskinstance.py:441} INFO - ::group::Post task execution logs
[2024-04-14T06:47:02.900+0000] {taskinstance.py:2890} ERROR - Task failed with exception
Traceback (most recent call last):
  File "/home/airflow/.local/lib/python3.12/site-packages/airflow/models/taskinstance.py", line 465, in _execute_task
    result = _execute_callable(context=context, **execute_callable_kwargs)
             ^^^^^^^^^^^^^^^^^^^^^^^^^^^^^^^^^^^^^^^^^^^^^^^^^^^^^^^^^^^^^
  File "/home/airflow/.local/lib/python3.12/site-packages/airflow/models/taskinstance.py", line 432, in _execute_callable
    return execute_callable(context=context, **execute_callable_kwargs)
           ^^^^^^^^^^^^^^^^^^^^^^^^^^^^^^^^^^^^^^^^^^^^^^^^^^^^^^^^^^^^
  File "/home/airflow/.local/lib/python3.12/site-packages/airflow/models/baseoperator.py", line 400, in wrapper
    return func(self, *args, **kwargs)
           ^^^^^^^^^^^^^^^^^^^^^^^^^^^
  File "/home/airflow/.local/lib/python3.12/site-packages/airflow/providers/google/cloud/transfers/gcs_to_bigquery.py", line 322, in execute
    hook = BigQueryHook(
           ^^^^^^^^^^^^^
  File "/home/airflow/.local/lib/python3.12/site-packages/airflow/providers/google/cloud/hooks/bigquery.py", line 119, in __init__
    super().__init__(
  File "/home/airflow/.local/lib/python3.12/site-packages/airflow/providers/google/common/hooks/base_google.py", line 251, in __init__
    self.extras: dict = self.get_connection(self.gcp_conn_id).extra_dejson
                        ^^^^^^^^^^^^^^^^^^^^^^^^^^^^^^^^^^^^^
  File "/home/airflow/.local/lib/python3.12/site-packages/airflow/hooks/base.py", line 83, in get_connection
    conn = Connection.get_connection_from_secrets(conn_id)
           ^^^^^^^^^^^^^^^^^^^^^^^^^^^^^^^^^^^^^^^^^^^^^^^
  File "/home/airflow/.local/lib/python3.12/site-packages/airflow/models/connection.py", line 519, in get_connection_from_secrets
    raise AirflowNotFoundException(f"The conn_id `{conn_id}` isn't defined")
airflow.exceptions.AirflowNotFoundException: The conn_id `google_cloud_default` isn't defined
[2024-04-14T06:47:02.943+0000] {taskinstance.py:1205} INFO - Marking task as FAILED. dag_id=etl, task_id=load_dataset_Finance, execution_date=20240414T050956, start_date=20240414T064702, end_date=20240414T064702
[2024-04-14T06:47:02.956+0000] {standard_task_runner.py:110} ERROR - Failed to execute job 52 for task load_dataset_Finance (The conn_id `google_cloud_default` isn't defined; 71537)
[2024-04-14T06:47:02.974+0000] {local_task_job_runner.py:240} INFO - Task exited with return code 1
[2024-04-14T06:47:02.987+0000] {taskinstance.py:3482} INFO - 0 downstream tasks scheduled from follow-on schedule check
[2024-04-14T06:47:02.992+0000] {local_task_job_runner.py:222} INFO - ::endgroup::
