[2024-04-14T09:25:19.103+0000] {local_task_job_runner.py:120} INFO - ::group::Pre task execution logs
[2024-04-14T09:25:19.161+0000] {taskinstance.py:2073} INFO - Dependencies all met for dep_context=non-requeueable deps ti=<TaskInstance: etl.load_dataset_Finance manual__2024-04-14T05:09:56.705108+00:00 [queued]>
[2024-04-14T09:25:19.173+0000] {taskinstance.py:2073} INFO - Dependencies all met for dep_context=requeueable deps ti=<TaskInstance: etl.load_dataset_Finance manual__2024-04-14T05:09:56.705108+00:00 [queued]>
[2024-04-14T09:25:19.173+0000] {taskinstance.py:2303} INFO - Starting attempt 8 of 8
[2024-04-14T09:25:19.216+0000] {taskinstance.py:2327} INFO - Executing <Task(GCSToBigQueryOperator): load_dataset_Finance> on 2024-04-14 05:09:56.705108+00:00
[2024-04-14T09:25:19.241+0000] {logging_mixin.py:188} WARNING - /home/***/.local/lib/python3.12/site-packages/***/task/task_runner/standard_task_runner.py:61 DeprecationWarning: This process (pid=154647) is multi-threaded, use of fork() may lead to deadlocks in the child.
[2024-04-14T09:25:19.243+0000] {standard_task_runner.py:63} INFO - Started process 154696 to run task
[2024-04-14T09:25:19.251+0000] {standard_task_runner.py:90} INFO - Running: ['***', 'tasks', 'run', 'etl', 'load_dataset_Finance', 'manual__2024-04-14T05:09:56.705108+00:00', '--job-id', '82', '--raw', '--subdir', 'DAGS_FOLDER/etl.py', '--cfg-path', '/tmp/tmpfqy4um06']
[2024-04-14T09:25:19.252+0000] {standard_task_runner.py:91} INFO - Job 82: Subtask load_dataset_Finance
[2024-04-14T09:25:19.378+0000] {task_command.py:426} INFO - Running <TaskInstance: etl.load_dataset_Finance manual__2024-04-14T05:09:56.705108+00:00 [running]> on host 2ce858e27684
[2024-04-14T09:25:19.577+0000] {taskinstance.py:2644} INFO - Exporting env vars: AIRFLOW_CTX_DAG_OWNER='***' AIRFLOW_CTX_DAG_ID='etl' AIRFLOW_CTX_TASK_ID='load_dataset_Finance' AIRFLOW_CTX_EXECUTION_DATE='2024-04-14T05:09:56.705108+00:00' AIRFLOW_CTX_TRY_NUMBER='8' AIRFLOW_CTX_DAG_RUN_ID='manual__2024-04-14T05:09:56.705108+00:00'
[2024-04-14T09:25:19.581+0000] {taskinstance.py:430} INFO - ::endgroup::
[2024-04-14T09:25:19.594+0000] {connection.py:274} WARNING - Connection schemes (type: google_cloud_platform) shall not contain '_' according to RFC3986.
[2024-04-14T09:25:19.598+0000] {base.py:84} INFO - Using connection ID 'my_gcp_conn' for task execution.
[2024-04-14T09:25:19.598+0000] {gcs_to_bigquery.py:379} INFO - Using existing BigQuery table for storing data...
[2024-04-14T09:25:19.730+0000] {gcs_to_bigquery.py:383} INFO - Executing: {'load': {'autodetect': True, 'createDisposition': 'CREATE_IF_NEEDED', 'destinationTable': {'projectId': 'dataengineer-415510', 'datasetId': 'order', 'tableId': 'dataset_Finance'}, 'sourceFormat': 'CSV', 'sourceUris': ['gs://swu-ds-525-112233/order_bazilian.csv'], 'writeDisposition': 'WRITE_TRUNCATE', 'ignoreUnknownValues': False, 'schema': {'fields': [{'name': 'No', 'type': 'STRING', 'mode': 'NULLABLE'}, {'name': 'paymenttype', 'type': 'STRING', 'mode': 'NULLABLE'}]}, 'skipLeadingRows': 1, 'fieldDelimiter': ',', 'quote': None, 'allowQuotedNewlines': 'true', 'encoding': 'UTF-8'}}
[2024-04-14T09:25:19.731+0000] {bigquery.py:1613} INFO - Inserting job ***_etl_load_dataset_Finance_2024_04_14T05_09_56_705108_00_00_ee1311c7f01510b7b30d97d3d50a792d
[2024-04-14T09:25:50.783+0000] {taskinstance.py:441} INFO - ::group::Post task execution logs
[2024-04-14T09:25:50.793+0000] {taskinstance.py:1205} INFO - Marking task as SUCCESS. dag_id=etl, task_id=load_dataset_Finance, execution_date=20240414T050956, start_date=20240414T092519, end_date=20240414T092550
[2024-04-14T09:25:50.844+0000] {local_task_job_runner.py:240} INFO - Task exited with return code 0
[2024-04-14T09:25:50.861+0000] {taskinstance.py:3482} INFO - 0 downstream tasks scheduled from follow-on schedule check
[2024-04-14T09:25:50.868+0000] {local_task_job_runner.py:222} INFO - ::endgroup::
