[2024-04-14T08:20:12.031+0000] {local_task_job_runner.py:120} INFO - ::group::Pre task execution logs
[2024-04-14T08:20:12.048+0000] {taskinstance.py:2073} INFO - Dependencies all met for dep_context=non-requeueable deps ti=<TaskInstance: etl.load_dataset_Finance manual__2024-04-14T05:09:56.705108+00:00 [queued]>
[2024-04-14T08:20:12.055+0000] {taskinstance.py:2073} INFO - Dependencies all met for dep_context=requeueable deps ti=<TaskInstance: etl.load_dataset_Finance manual__2024-04-14T05:09:56.705108+00:00 [queued]>
[2024-04-14T08:20:12.055+0000] {taskinstance.py:2303} INFO - Starting attempt 7 of 7
[2024-04-14T08:20:12.075+0000] {taskinstance.py:2327} INFO - Executing <Task(GCSToBigQueryOperator): load_dataset_Finance> on 2024-04-14 05:09:56.705108+00:00
[2024-04-14T08:20:12.087+0000] {logging_mixin.py:188} WARNING - /home/***/.local/lib/python3.12/site-packages/***/task/task_runner/standard_task_runner.py:61 DeprecationWarning: This process (pid=120353) is multi-threaded, use of fork() may lead to deadlocks in the child.
[2024-04-14T08:20:12.088+0000] {standard_task_runner.py:63} INFO - Started process 120381 to run task
[2024-04-14T08:20:12.091+0000] {standard_task_runner.py:90} INFO - Running: ['***', 'tasks', 'run', 'etl', 'load_dataset_Finance', 'manual__2024-04-14T05:09:56.705108+00:00', '--job-id', '70', '--raw', '--subdir', 'DAGS_FOLDER/etl.py', '--cfg-path', '/tmp/tmp9ncbhq46']
[2024-04-14T08:20:12.092+0000] {standard_task_runner.py:91} INFO - Job 70: Subtask load_dataset_Finance
[2024-04-14T08:20:12.151+0000] {task_command.py:426} INFO - Running <TaskInstance: etl.load_dataset_Finance manual__2024-04-14T05:09:56.705108+00:00 [running]> on host 2ce858e27684
[2024-04-14T08:20:12.278+0000] {taskinstance.py:2644} INFO - Exporting env vars: AIRFLOW_CTX_DAG_OWNER='***' AIRFLOW_CTX_DAG_ID='etl' AIRFLOW_CTX_TASK_ID='load_dataset_Finance' AIRFLOW_CTX_EXECUTION_DATE='2024-04-14T05:09:56.705108+00:00' AIRFLOW_CTX_TRY_NUMBER='7' AIRFLOW_CTX_DAG_RUN_ID='manual__2024-04-14T05:09:56.705108+00:00'
[2024-04-14T08:20:12.280+0000] {taskinstance.py:430} INFO - ::endgroup::
[2024-04-14T08:20:12.295+0000] {connection.py:274} WARNING - Connection schemes (type: google_cloud_platform) shall not contain '_' according to RFC3986.
[2024-04-14T08:20:12.304+0000] {base.py:84} INFO - Using connection ID 'my_gcp_conn' for task execution.
[2024-04-14T08:20:12.305+0000] {gcs_to_bigquery.py:379} INFO - Using existing BigQuery table for storing data...
[2024-04-14T08:20:12.374+0000] {gcs_to_bigquery.py:383} INFO - Executing: {'load': {'autodetect': True, 'createDisposition': 'CREATE_IF_NEEDED', 'destinationTable': {'projectId': 'dataengineer-415510', 'datasetId': 'order', 'tableId': 'dataset_Finance'}, 'sourceFormat': 'CSV', 'sourceUris': ['gs://swu-ds-525-112233/order_bazilian.csv'], 'writeDisposition': 'WRITE_TRUNCATE', 'ignoreUnknownValues': False, 'schema': {'fields': [{'name': 'No', 'type': 'STRING', 'mode': 'NULLABLE'}, {'name': 'paymenttype', 'type': 'STRING', 'mode': 'NULLABLE'}]}, 'skipLeadingRows': 1, 'fieldDelimiter': ',', 'quote': None, 'allowQuotedNewlines': 'true', 'encoding': 'UTF-8'}}
[2024-04-14T08:20:12.375+0000] {bigquery.py:1613} INFO - Inserting job ***_etl_load_dataset_Finance_2024_04_14T05_09_56_705108_00_00_06a876b910d3a8293ed3c88652e730b1
[2024-04-14T08:20:40.528+0000] {taskinstance.py:441} INFO - ::group::Post task execution logs
[2024-04-14T08:20:40.541+0000] {taskinstance.py:1205} INFO - Marking task as SUCCESS. dag_id=etl, task_id=load_dataset_Finance, execution_date=20240414T050956, start_date=20240414T082012, end_date=20240414T082040
[2024-04-14T08:20:40.593+0000] {local_task_job_runner.py:240} INFO - Task exited with return code 0
[2024-04-14T08:20:40.611+0000] {taskinstance.py:3482} INFO - 0 downstream tasks scheduled from follow-on schedule check
[2024-04-14T08:20:40.621+0000] {local_task_job_runner.py:222} INFO - ::endgroup::
