[2024-04-18T08:26:50.048+0000] {processor.py:161} INFO - Started process (PID=171) to work on /opt/airflow/dags/etl.py
[2024-04-18T08:26:50.082+0000] {processor.py:830} INFO - Processing file /opt/airflow/dags/etl.py for tasks to queue
[2024-04-18T08:26:50.131+0000] {logging_mixin.py:188} INFO - [2024-04-18T08:26:50.131+0000] {dagbag.py:540} INFO - Filling up the DagBag from /opt/airflow/dags/etl.py
[2024-04-18T08:26:50.574+0000] {processor.py:840} INFO - DAG(s) 'etl' retrieved from /opt/airflow/dags/etl.py
[2024-04-18T08:26:50.869+0000] {logging_mixin.py:188} INFO - [2024-04-18T08:26:50.868+0000] {dag.py:3096} INFO - Sync 1 DAGs
[2024-04-18T08:26:51.092+0000] {logging_mixin.py:188} INFO - [2024-04-18T08:26:51.092+0000] {dag.py:3954} INFO - Setting next_dagrun for etl to 2024-04-18 00:00:00+00:00, run_after=2024-04-19 00:00:00+00:00
[2024-04-18T08:26:51.258+0000] {processor.py:183} INFO - Processing /opt/airflow/dags/etl.py took 1.228 seconds
[2024-04-18T08:27:22.178+0000] {processor.py:161} INFO - Started process (PID=467) to work on /opt/airflow/dags/etl.py
[2024-04-18T08:27:22.192+0000] {processor.py:830} INFO - Processing file /opt/airflow/dags/etl.py for tasks to queue
[2024-04-18T08:27:22.194+0000] {logging_mixin.py:188} INFO - [2024-04-18T08:27:22.194+0000] {dagbag.py:540} INFO - Filling up the DagBag from /opt/airflow/dags/etl.py
[2024-04-18T08:27:22.297+0000] {processor.py:840} INFO - DAG(s) 'etl' retrieved from /opt/airflow/dags/etl.py
[2024-04-18T08:27:22.400+0000] {logging_mixin.py:188} INFO - [2024-04-18T08:27:22.399+0000] {dag.py:3096} INFO - Sync 1 DAGs
[2024-04-18T08:27:22.497+0000] {logging_mixin.py:188} INFO - [2024-04-18T08:27:22.497+0000] {dag.py:3954} INFO - Setting next_dagrun for etl to 2024-04-18 00:00:00+00:00, run_after=2024-04-19 00:00:00+00:00
[2024-04-18T08:27:22.568+0000] {processor.py:183} INFO - Processing /opt/airflow/dags/etl.py took 0.401 seconds
[2024-04-18T08:27:52.642+0000] {processor.py:161} INFO - Started process (PID=733) to work on /opt/airflow/dags/etl.py
[2024-04-18T08:27:52.643+0000] {processor.py:830} INFO - Processing file /opt/airflow/dags/etl.py for tasks to queue
[2024-04-18T08:27:52.645+0000] {logging_mixin.py:188} INFO - [2024-04-18T08:27:52.645+0000] {dagbag.py:540} INFO - Filling up the DagBag from /opt/airflow/dags/etl.py
[2024-04-18T08:27:52.658+0000] {processor.py:840} INFO - DAG(s) 'etl' retrieved from /opt/airflow/dags/etl.py
[2024-04-18T08:27:52.686+0000] {logging_mixin.py:188} INFO - [2024-04-18T08:27:52.685+0000] {dag.py:3096} INFO - Sync 1 DAGs
[2024-04-18T08:27:52.726+0000] {logging_mixin.py:188} INFO - [2024-04-18T08:27:52.726+0000] {dag.py:3954} INFO - Setting next_dagrun for etl to 2024-04-18 00:00:00+00:00, run_after=2024-04-19 00:00:00+00:00
[2024-04-18T08:27:52.777+0000] {processor.py:183} INFO - Processing /opt/airflow/dags/etl.py took 0.140 seconds
[2024-04-18T08:28:23.037+0000] {processor.py:161} INFO - Started process (PID=1008) to work on /opt/airflow/dags/etl.py
[2024-04-18T08:28:23.040+0000] {processor.py:830} INFO - Processing file /opt/airflow/dags/etl.py for tasks to queue
[2024-04-18T08:28:23.050+0000] {logging_mixin.py:188} INFO - [2024-04-18T08:28:23.050+0000] {dagbag.py:540} INFO - Filling up the DagBag from /opt/airflow/dags/etl.py
[2024-04-18T08:28:23.076+0000] {processor.py:840} INFO - DAG(s) 'etl' retrieved from /opt/airflow/dags/etl.py
[2024-04-18T08:28:23.112+0000] {logging_mixin.py:188} INFO - [2024-04-18T08:28:23.112+0000] {dag.py:3096} INFO - Sync 1 DAGs
[2024-04-18T08:28:23.176+0000] {logging_mixin.py:188} INFO - [2024-04-18T08:28:23.176+0000] {dag.py:3954} INFO - Setting next_dagrun for etl to 2024-04-18 00:00:00+00:00, run_after=2024-04-19 00:00:00+00:00
[2024-04-18T08:28:23.230+0000] {processor.py:183} INFO - Processing /opt/airflow/dags/etl.py took 0.199 seconds
[2024-04-18T08:28:54.177+0000] {processor.py:161} INFO - Started process (PID=1274) to work on /opt/airflow/dags/etl.py
[2024-04-18T08:28:54.178+0000] {processor.py:830} INFO - Processing file /opt/airflow/dags/etl.py for tasks to queue
[2024-04-18T08:28:54.180+0000] {logging_mixin.py:188} INFO - [2024-04-18T08:28:54.179+0000] {dagbag.py:540} INFO - Filling up the DagBag from /opt/airflow/dags/etl.py
[2024-04-18T08:28:54.193+0000] {processor.py:840} INFO - DAG(s) 'etl' retrieved from /opt/airflow/dags/etl.py
[2024-04-18T08:28:54.217+0000] {logging_mixin.py:188} INFO - [2024-04-18T08:28:54.216+0000] {dag.py:3096} INFO - Sync 1 DAGs
[2024-04-18T08:28:54.241+0000] {logging_mixin.py:188} INFO - [2024-04-18T08:28:54.240+0000] {dag.py:3954} INFO - Setting next_dagrun for etl to 2024-04-18 00:00:00+00:00, run_after=2024-04-19 00:00:00+00:00
[2024-04-18T08:28:54.263+0000] {processor.py:183} INFO - Processing /opt/airflow/dags/etl.py took 0.092 seconds
[2024-04-18T08:29:24.321+0000] {processor.py:161} INFO - Started process (PID=1539) to work on /opt/airflow/dags/etl.py
[2024-04-18T08:29:24.321+0000] {processor.py:830} INFO - Processing file /opt/airflow/dags/etl.py for tasks to queue
[2024-04-18T08:29:24.323+0000] {logging_mixin.py:188} INFO - [2024-04-18T08:29:24.323+0000] {dagbag.py:540} INFO - Filling up the DagBag from /opt/airflow/dags/etl.py
[2024-04-18T08:29:24.332+0000] {processor.py:840} INFO - DAG(s) 'etl' retrieved from /opt/airflow/dags/etl.py
[2024-04-18T08:29:24.349+0000] {logging_mixin.py:188} INFO - [2024-04-18T08:29:24.348+0000] {dag.py:3096} INFO - Sync 1 DAGs
[2024-04-18T08:29:24.369+0000] {logging_mixin.py:188} INFO - [2024-04-18T08:29:24.369+0000] {dag.py:3954} INFO - Setting next_dagrun for etl to 2024-04-18 00:00:00+00:00, run_after=2024-04-19 00:00:00+00:00
[2024-04-18T08:29:24.390+0000] {processor.py:183} INFO - Processing /opt/airflow/dags/etl.py took 0.075 seconds
[2024-04-18T08:29:54.867+0000] {processor.py:161} INFO - Started process (PID=1806) to work on /opt/airflow/dags/etl.py
[2024-04-18T08:29:54.868+0000] {processor.py:830} INFO - Processing file /opt/airflow/dags/etl.py for tasks to queue
[2024-04-18T08:29:54.870+0000] {logging_mixin.py:188} INFO - [2024-04-18T08:29:54.869+0000] {dagbag.py:540} INFO - Filling up the DagBag from /opt/airflow/dags/etl.py
[2024-04-18T08:29:54.883+0000] {processor.py:840} INFO - DAG(s) 'etl' retrieved from /opt/airflow/dags/etl.py
[2024-04-18T08:29:54.909+0000] {logging_mixin.py:188} INFO - [2024-04-18T08:29:54.908+0000] {dag.py:3096} INFO - Sync 1 DAGs
[2024-04-18T08:29:54.933+0000] {logging_mixin.py:188} INFO - [2024-04-18T08:29:54.933+0000] {dag.py:3954} INFO - Setting next_dagrun for etl to 2024-04-18 00:00:00+00:00, run_after=2024-04-19 00:00:00+00:00
[2024-04-18T08:29:54.955+0000] {processor.py:183} INFO - Processing /opt/airflow/dags/etl.py took 0.093 seconds
[2024-04-18T08:30:25.210+0000] {processor.py:161} INFO - Started process (PID=2073) to work on /opt/airflow/dags/etl.py
[2024-04-18T08:30:25.211+0000] {processor.py:830} INFO - Processing file /opt/airflow/dags/etl.py for tasks to queue
[2024-04-18T08:30:25.213+0000] {logging_mixin.py:188} INFO - [2024-04-18T08:30:25.212+0000] {dagbag.py:540} INFO - Filling up the DagBag from /opt/airflow/dags/etl.py
[2024-04-18T08:30:25.226+0000] {processor.py:840} INFO - DAG(s) 'etl' retrieved from /opt/airflow/dags/etl.py
[2024-04-18T08:30:25.250+0000] {logging_mixin.py:188} INFO - [2024-04-18T08:30:25.250+0000] {dag.py:3096} INFO - Sync 1 DAGs
[2024-04-18T08:30:25.275+0000] {logging_mixin.py:188} INFO - [2024-04-18T08:30:25.275+0000] {dag.py:3954} INFO - Setting next_dagrun for etl to 2024-04-18 00:00:00+00:00, run_after=2024-04-19 00:00:00+00:00
[2024-04-18T08:30:25.297+0000] {processor.py:183} INFO - Processing /opt/airflow/dags/etl.py took 0.092 seconds
[2024-04-18T08:30:55.845+0000] {processor.py:161} INFO - Started process (PID=2339) to work on /opt/airflow/dags/etl.py
[2024-04-18T08:30:55.846+0000] {processor.py:830} INFO - Processing file /opt/airflow/dags/etl.py for tasks to queue
[2024-04-18T08:30:55.848+0000] {logging_mixin.py:188} INFO - [2024-04-18T08:30:55.848+0000] {dagbag.py:540} INFO - Filling up the DagBag from /opt/airflow/dags/etl.py
[2024-04-18T08:30:55.896+0000] {processor.py:840} INFO - DAG(s) 'etl' retrieved from /opt/airflow/dags/etl.py
[2024-04-18T08:30:55.943+0000] {logging_mixin.py:188} INFO - [2024-04-18T08:30:55.942+0000] {dag.py:3096} INFO - Sync 1 DAGs
[2024-04-18T08:30:55.998+0000] {logging_mixin.py:188} INFO - [2024-04-18T08:30:55.997+0000] {dag.py:3954} INFO - Setting next_dagrun for etl to 2024-04-18 00:00:00+00:00, run_after=2024-04-19 00:00:00+00:00
[2024-04-18T08:30:56.060+0000] {processor.py:183} INFO - Processing /opt/airflow/dags/etl.py took 0.221 seconds
[2024-04-18T08:31:26.770+0000] {processor.py:161} INFO - Started process (PID=2605) to work on /opt/airflow/dags/etl.py
[2024-04-18T08:31:26.771+0000] {processor.py:830} INFO - Processing file /opt/airflow/dags/etl.py for tasks to queue
[2024-04-18T08:31:26.773+0000] {logging_mixin.py:188} INFO - [2024-04-18T08:31:26.773+0000] {dagbag.py:540} INFO - Filling up the DagBag from /opt/airflow/dags/etl.py
[2024-04-18T08:31:26.810+0000] {processor.py:840} INFO - DAG(s) 'etl' retrieved from /opt/airflow/dags/etl.py
[2024-04-18T08:31:26.936+0000] {logging_mixin.py:188} INFO - [2024-04-18T08:31:26.931+0000] {dag.py:3096} INFO - Sync 1 DAGs
[2024-04-18T08:31:27.044+0000] {logging_mixin.py:188} INFO - [2024-04-18T08:31:27.044+0000] {dag.py:3954} INFO - Setting next_dagrun for etl to 2024-04-18 00:00:00+00:00, run_after=2024-04-19 00:00:00+00:00
[2024-04-18T08:31:27.152+0000] {processor.py:183} INFO - Processing /opt/airflow/dags/etl.py took 0.395 seconds
[2024-04-18T08:31:58.169+0000] {processor.py:161} INFO - Started process (PID=2872) to work on /opt/airflow/dags/etl.py
[2024-04-18T08:31:58.170+0000] {processor.py:830} INFO - Processing file /opt/airflow/dags/etl.py for tasks to queue
[2024-04-18T08:31:58.171+0000] {logging_mixin.py:188} INFO - [2024-04-18T08:31:58.171+0000] {dagbag.py:540} INFO - Filling up the DagBag from /opt/airflow/dags/etl.py
[2024-04-18T08:31:58.187+0000] {processor.py:840} INFO - DAG(s) 'etl' retrieved from /opt/airflow/dags/etl.py
[2024-04-18T08:31:58.213+0000] {logging_mixin.py:188} INFO - [2024-04-18T08:31:58.213+0000] {dag.py:3096} INFO - Sync 1 DAGs
[2024-04-18T08:31:58.238+0000] {logging_mixin.py:188} INFO - [2024-04-18T08:31:58.238+0000] {dag.py:3954} INFO - Setting next_dagrun for etl to 2024-04-18 00:00:00+00:00, run_after=2024-04-19 00:00:00+00:00
[2024-04-18T08:31:58.279+0000] {processor.py:183} INFO - Processing /opt/airflow/dags/etl.py took 0.115 seconds
[2024-04-18T08:32:28.993+0000] {processor.py:161} INFO - Started process (PID=3139) to work on /opt/airflow/dags/etl.py
[2024-04-18T08:32:28.994+0000] {processor.py:830} INFO - Processing file /opt/airflow/dags/etl.py for tasks to queue
[2024-04-18T08:32:28.996+0000] {logging_mixin.py:188} INFO - [2024-04-18T08:32:28.996+0000] {dagbag.py:540} INFO - Filling up the DagBag from /opt/airflow/dags/etl.py
[2024-04-18T08:32:29.010+0000] {processor.py:840} INFO - DAG(s) 'etl' retrieved from /opt/airflow/dags/etl.py
[2024-04-18T08:32:29.034+0000] {logging_mixin.py:188} INFO - [2024-04-18T08:32:29.033+0000] {dag.py:3096} INFO - Sync 1 DAGs
[2024-04-18T08:32:29.059+0000] {logging_mixin.py:188} INFO - [2024-04-18T08:32:29.059+0000] {dag.py:3954} INFO - Setting next_dagrun for etl to 2024-04-18 00:00:00+00:00, run_after=2024-04-19 00:00:00+00:00
[2024-04-18T08:32:29.083+0000] {processor.py:183} INFO - Processing /opt/airflow/dags/etl.py took 0.095 seconds
[2024-04-18T08:32:59.807+0000] {processor.py:161} INFO - Started process (PID=3405) to work on /opt/airflow/dags/etl.py
[2024-04-18T08:32:59.808+0000] {processor.py:830} INFO - Processing file /opt/airflow/dags/etl.py for tasks to queue
[2024-04-18T08:32:59.810+0000] {logging_mixin.py:188} INFO - [2024-04-18T08:32:59.810+0000] {dagbag.py:540} INFO - Filling up the DagBag from /opt/airflow/dags/etl.py
[2024-04-18T08:32:59.824+0000] {processor.py:840} INFO - DAG(s) 'etl' retrieved from /opt/airflow/dags/etl.py
[2024-04-18T08:32:59.850+0000] {logging_mixin.py:188} INFO - [2024-04-18T08:32:59.848+0000] {dag.py:3096} INFO - Sync 1 DAGs
[2024-04-18T08:32:59.874+0000] {logging_mixin.py:188} INFO - [2024-04-18T08:32:59.874+0000] {dag.py:3954} INFO - Setting next_dagrun for etl to 2024-04-18 00:00:00+00:00, run_after=2024-04-19 00:00:00+00:00
[2024-04-18T08:32:59.896+0000] {processor.py:183} INFO - Processing /opt/airflow/dags/etl.py took 0.094 seconds
[2024-04-18T08:33:30.364+0000] {processor.py:161} INFO - Started process (PID=3672) to work on /opt/airflow/dags/etl.py
[2024-04-18T08:33:30.365+0000] {processor.py:830} INFO - Processing file /opt/airflow/dags/etl.py for tasks to queue
[2024-04-18T08:33:30.367+0000] {logging_mixin.py:188} INFO - [2024-04-18T08:33:30.366+0000] {dagbag.py:540} INFO - Filling up the DagBag from /opt/airflow/dags/etl.py
[2024-04-18T08:33:30.381+0000] {processor.py:840} INFO - DAG(s) 'etl' retrieved from /opt/airflow/dags/etl.py
[2024-04-18T08:33:30.405+0000] {logging_mixin.py:188} INFO - [2024-04-18T08:33:30.405+0000] {dag.py:3096} INFO - Sync 1 DAGs
[2024-04-18T08:33:30.429+0000] {logging_mixin.py:188} INFO - [2024-04-18T08:33:30.429+0000] {dag.py:3954} INFO - Setting next_dagrun for etl to 2024-04-18 00:00:00+00:00, run_after=2024-04-19 00:00:00+00:00
[2024-04-18T08:33:30.472+0000] {processor.py:183} INFO - Processing /opt/airflow/dags/etl.py took 0.114 seconds
[2024-04-18T08:34:00.552+0000] {processor.py:161} INFO - Started process (PID=3938) to work on /opt/airflow/dags/etl.py
[2024-04-18T08:34:00.553+0000] {processor.py:830} INFO - Processing file /opt/airflow/dags/etl.py for tasks to queue
[2024-04-18T08:34:00.555+0000] {logging_mixin.py:188} INFO - [2024-04-18T08:34:00.554+0000] {dagbag.py:540} INFO - Filling up the DagBag from /opt/airflow/dags/etl.py
[2024-04-18T08:34:00.569+0000] {processor.py:840} INFO - DAG(s) 'etl' retrieved from /opt/airflow/dags/etl.py
[2024-04-18T08:34:00.588+0000] {logging_mixin.py:188} INFO - [2024-04-18T08:34:00.587+0000] {dag.py:3096} INFO - Sync 1 DAGs
[2024-04-18T08:34:00.604+0000] {logging_mixin.py:188} INFO - [2024-04-18T08:34:00.604+0000] {dag.py:3954} INFO - Setting next_dagrun for etl to 2024-04-18 00:00:00+00:00, run_after=2024-04-19 00:00:00+00:00
[2024-04-18T08:34:00.625+0000] {processor.py:183} INFO - Processing /opt/airflow/dags/etl.py took 0.079 seconds
[2024-04-18T08:34:30.737+0000] {processor.py:161} INFO - Started process (PID=4204) to work on /opt/airflow/dags/etl.py
[2024-04-18T08:34:30.738+0000] {processor.py:830} INFO - Processing file /opt/airflow/dags/etl.py for tasks to queue
[2024-04-18T08:34:30.740+0000] {logging_mixin.py:188} INFO - [2024-04-18T08:34:30.740+0000] {dagbag.py:540} INFO - Filling up the DagBag from /opt/airflow/dags/etl.py
[2024-04-18T08:34:30.758+0000] {processor.py:840} INFO - DAG(s) 'etl' retrieved from /opt/airflow/dags/etl.py
[2024-04-18T08:34:30.778+0000] {logging_mixin.py:188} INFO - [2024-04-18T08:34:30.777+0000] {dag.py:3096} INFO - Sync 1 DAGs
[2024-04-18T08:34:30.796+0000] {logging_mixin.py:188} INFO - [2024-04-18T08:34:30.796+0000] {dag.py:3954} INFO - Setting next_dagrun for etl to 2024-04-18 00:00:00+00:00, run_after=2024-04-19 00:00:00+00:00
[2024-04-18T08:34:30.814+0000] {processor.py:183} INFO - Processing /opt/airflow/dags/etl.py took 0.086 seconds
[2024-04-18T08:35:01.294+0000] {processor.py:161} INFO - Started process (PID=4471) to work on /opt/airflow/dags/etl.py
[2024-04-18T08:35:01.297+0000] {processor.py:830} INFO - Processing file /opt/airflow/dags/etl.py for tasks to queue
[2024-04-18T08:35:01.306+0000] {logging_mixin.py:188} INFO - [2024-04-18T08:35:01.306+0000] {dagbag.py:540} INFO - Filling up the DagBag from /opt/airflow/dags/etl.py
[2024-04-18T08:35:01.325+0000] {processor.py:840} INFO - DAG(s) 'etl' retrieved from /opt/airflow/dags/etl.py
[2024-04-18T08:35:01.384+0000] {logging_mixin.py:188} INFO - [2024-04-18T08:35:01.383+0000] {dag.py:3096} INFO - Sync 1 DAGs
[2024-04-18T08:35:01.413+0000] {logging_mixin.py:188} INFO - [2024-04-18T08:35:01.412+0000] {dag.py:3954} INFO - Setting next_dagrun for etl to 2024-04-18 00:00:00+00:00, run_after=2024-04-19 00:00:00+00:00
[2024-04-18T08:35:01.638+0000] {processor.py:183} INFO - Processing /opt/airflow/dags/etl.py took 0.363 seconds
[2024-04-18T08:35:32.007+0000] {processor.py:161} INFO - Started process (PID=4738) to work on /opt/airflow/dags/etl.py
[2024-04-18T08:35:32.008+0000] {processor.py:830} INFO - Processing file /opt/airflow/dags/etl.py for tasks to queue
[2024-04-18T08:35:32.010+0000] {logging_mixin.py:188} INFO - [2024-04-18T08:35:32.009+0000] {dagbag.py:540} INFO - Filling up the DagBag from /opt/airflow/dags/etl.py
[2024-04-18T08:35:32.023+0000] {processor.py:840} INFO - DAG(s) 'etl' retrieved from /opt/airflow/dags/etl.py
[2024-04-18T08:35:32.053+0000] {logging_mixin.py:188} INFO - [2024-04-18T08:35:32.053+0000] {dag.py:3096} INFO - Sync 1 DAGs
[2024-04-18T08:35:32.077+0000] {logging_mixin.py:188} INFO - [2024-04-18T08:35:32.077+0000] {dag.py:3954} INFO - Setting next_dagrun for etl to 2024-04-18 00:00:00+00:00, run_after=2024-04-19 00:00:00+00:00
[2024-04-18T08:35:32.099+0000] {processor.py:183} INFO - Processing /opt/airflow/dags/etl.py took 0.098 seconds
[2024-04-18T08:36:02.648+0000] {processor.py:161} INFO - Started process (PID=5004) to work on /opt/airflow/dags/etl.py
[2024-04-18T08:36:02.649+0000] {processor.py:830} INFO - Processing file /opt/airflow/dags/etl.py for tasks to queue
[2024-04-18T08:36:02.652+0000] {logging_mixin.py:188} INFO - [2024-04-18T08:36:02.652+0000] {dagbag.py:540} INFO - Filling up the DagBag from /opt/airflow/dags/etl.py
[2024-04-18T08:36:02.667+0000] {processor.py:840} INFO - DAG(s) 'etl' retrieved from /opt/airflow/dags/etl.py
[2024-04-18T08:36:02.692+0000] {logging_mixin.py:188} INFO - [2024-04-18T08:36:02.692+0000] {dag.py:3096} INFO - Sync 1 DAGs
[2024-04-18T08:36:02.716+0000] {logging_mixin.py:188} INFO - [2024-04-18T08:36:02.716+0000] {dag.py:3954} INFO - Setting next_dagrun for etl to 2024-04-18 00:00:00+00:00, run_after=2024-04-19 00:00:00+00:00
[2024-04-18T08:36:02.763+0000] {processor.py:183} INFO - Processing /opt/airflow/dags/etl.py took 0.120 seconds
[2024-04-18T08:36:33.370+0000] {processor.py:161} INFO - Started process (PID=5271) to work on /opt/airflow/dags/etl.py
[2024-04-18T08:36:33.371+0000] {processor.py:830} INFO - Processing file /opt/airflow/dags/etl.py for tasks to queue
[2024-04-18T08:36:33.373+0000] {logging_mixin.py:188} INFO - [2024-04-18T08:36:33.372+0000] {dagbag.py:540} INFO - Filling up the DagBag from /opt/airflow/dags/etl.py
[2024-04-18T08:36:33.387+0000] {processor.py:840} INFO - DAG(s) 'etl' retrieved from /opt/airflow/dags/etl.py
[2024-04-18T08:36:33.413+0000] {logging_mixin.py:188} INFO - [2024-04-18T08:36:33.412+0000] {dag.py:3096} INFO - Sync 1 DAGs
[2024-04-18T08:36:33.438+0000] {logging_mixin.py:188} INFO - [2024-04-18T08:36:33.438+0000] {dag.py:3954} INFO - Setting next_dagrun for etl to 2024-04-18 00:00:00+00:00, run_after=2024-04-19 00:00:00+00:00
[2024-04-18T08:36:33.475+0000] {processor.py:183} INFO - Processing /opt/airflow/dags/etl.py took 0.110 seconds
[2024-04-18T08:37:03.764+0000] {processor.py:161} INFO - Started process (PID=5537) to work on /opt/airflow/dags/etl.py
[2024-04-18T08:37:03.765+0000] {processor.py:830} INFO - Processing file /opt/airflow/dags/etl.py for tasks to queue
[2024-04-18T08:37:03.767+0000] {logging_mixin.py:188} INFO - [2024-04-18T08:37:03.766+0000] {dagbag.py:540} INFO - Filling up the DagBag from /opt/airflow/dags/etl.py
[2024-04-18T08:37:03.780+0000] {processor.py:840} INFO - DAG(s) 'etl' retrieved from /opt/airflow/dags/etl.py
[2024-04-18T08:37:03.805+0000] {logging_mixin.py:188} INFO - [2024-04-18T08:37:03.804+0000] {dag.py:3096} INFO - Sync 1 DAGs
[2024-04-18T08:37:04.045+0000] {logging_mixin.py:188} INFO - [2024-04-18T08:37:04.044+0000] {dag.py:3954} INFO - Setting next_dagrun for etl to 2024-04-18 00:00:00+00:00, run_after=2024-04-19 00:00:00+00:00
[2024-04-18T08:37:04.063+0000] {processor.py:183} INFO - Processing /opt/airflow/dags/etl.py took 0.305 seconds
[2024-04-18T08:37:34.912+0000] {processor.py:161} INFO - Started process (PID=5803) to work on /opt/airflow/dags/etl.py
[2024-04-18T08:37:34.923+0000] {processor.py:830} INFO - Processing file /opt/airflow/dags/etl.py for tasks to queue
[2024-04-18T08:37:34.925+0000] {logging_mixin.py:188} INFO - [2024-04-18T08:37:34.925+0000] {dagbag.py:540} INFO - Filling up the DagBag from /opt/airflow/dags/etl.py
[2024-04-18T08:37:34.955+0000] {processor.py:840} INFO - DAG(s) 'etl' retrieved from /opt/airflow/dags/etl.py
[2024-04-18T08:37:35.032+0000] {logging_mixin.py:188} INFO - [2024-04-18T08:37:35.031+0000] {dag.py:3096} INFO - Sync 1 DAGs
[2024-04-18T08:37:35.091+0000] {logging_mixin.py:188} INFO - [2024-04-18T08:37:35.091+0000] {dag.py:3954} INFO - Setting next_dagrun for etl to 2024-04-18 00:00:00+00:00, run_after=2024-04-19 00:00:00+00:00
[2024-04-18T08:37:35.485+0000] {processor.py:183} INFO - Processing /opt/airflow/dags/etl.py took 0.581 seconds
[2024-04-18T08:38:06.064+0000] {processor.py:161} INFO - Started process (PID=6068) to work on /opt/airflow/dags/etl.py
[2024-04-18T08:38:06.107+0000] {processor.py:830} INFO - Processing file /opt/airflow/dags/etl.py for tasks to queue
[2024-04-18T08:38:06.130+0000] {logging_mixin.py:188} INFO - [2024-04-18T08:38:06.130+0000] {dagbag.py:540} INFO - Filling up the DagBag from /opt/airflow/dags/etl.py
[2024-04-18T08:38:06.212+0000] {processor.py:840} INFO - DAG(s) 'etl' retrieved from /opt/airflow/dags/etl.py
[2024-04-18T08:38:06.287+0000] {logging_mixin.py:188} INFO - [2024-04-18T08:38:06.286+0000] {dag.py:3096} INFO - Sync 1 DAGs
[2024-04-18T08:38:06.341+0000] {logging_mixin.py:188} INFO - [2024-04-18T08:38:06.340+0000] {dag.py:3954} INFO - Setting next_dagrun for etl to 2024-04-18 00:00:00+00:00, run_after=2024-04-19 00:00:00+00:00
[2024-04-18T08:38:06.401+0000] {processor.py:183} INFO - Processing /opt/airflow/dags/etl.py took 0.377 seconds
[2024-04-18T08:38:36.703+0000] {processor.py:161} INFO - Started process (PID=6335) to work on /opt/airflow/dags/etl.py
[2024-04-18T08:38:36.704+0000] {processor.py:830} INFO - Processing file /opt/airflow/dags/etl.py for tasks to queue
[2024-04-18T08:38:36.706+0000] {logging_mixin.py:188} INFO - [2024-04-18T08:38:36.705+0000] {dagbag.py:540} INFO - Filling up the DagBag from /opt/airflow/dags/etl.py
[2024-04-18T08:38:36.719+0000] {processor.py:840} INFO - DAG(s) 'etl' retrieved from /opt/airflow/dags/etl.py
[2024-04-18T08:38:37.005+0000] {logging_mixin.py:188} INFO - [2024-04-18T08:38:37.005+0000] {dag.py:3096} INFO - Sync 1 DAGs
[2024-04-18T08:38:37.055+0000] {logging_mixin.py:188} INFO - [2024-04-18T08:38:37.055+0000] {dag.py:3954} INFO - Setting next_dagrun for etl to 2024-04-18 00:00:00+00:00, run_after=2024-04-19 00:00:00+00:00
[2024-04-18T08:38:37.117+0000] {processor.py:183} INFO - Processing /opt/airflow/dags/etl.py took 0.420 seconds
[2024-04-18T08:39:07.570+0000] {processor.py:161} INFO - Started process (PID=6601) to work on /opt/airflow/dags/etl.py
[2024-04-18T08:39:07.572+0000] {processor.py:830} INFO - Processing file /opt/airflow/dags/etl.py for tasks to queue
[2024-04-18T08:39:07.574+0000] {logging_mixin.py:188} INFO - [2024-04-18T08:39:07.573+0000] {dagbag.py:540} INFO - Filling up the DagBag from /opt/airflow/dags/etl.py
[2024-04-18T08:39:07.592+0000] {processor.py:840} INFO - DAG(s) 'etl' retrieved from /opt/airflow/dags/etl.py
[2024-04-18T08:39:07.617+0000] {logging_mixin.py:188} INFO - [2024-04-18T08:39:07.617+0000] {dag.py:3096} INFO - Sync 1 DAGs
[2024-04-18T08:39:07.642+0000] {logging_mixin.py:188} INFO - [2024-04-18T08:39:07.642+0000] {dag.py:3954} INFO - Setting next_dagrun for etl to 2024-04-18 00:00:00+00:00, run_after=2024-04-19 00:00:00+00:00
[2024-04-18T08:39:07.680+0000] {processor.py:183} INFO - Processing /opt/airflow/dags/etl.py took 0.116 seconds
[2024-04-18T08:39:38.356+0000] {processor.py:161} INFO - Started process (PID=6867) to work on /opt/airflow/dags/etl.py
[2024-04-18T08:39:38.357+0000] {processor.py:830} INFO - Processing file /opt/airflow/dags/etl.py for tasks to queue
[2024-04-18T08:39:38.358+0000] {logging_mixin.py:188} INFO - [2024-04-18T08:39:38.358+0000] {dagbag.py:540} INFO - Filling up the DagBag from /opt/airflow/dags/etl.py
[2024-04-18T08:39:38.376+0000] {processor.py:840} INFO - DAG(s) 'etl' retrieved from /opt/airflow/dags/etl.py
[2024-04-18T08:39:38.401+0000] {logging_mixin.py:188} INFO - [2024-04-18T08:39:38.401+0000] {dag.py:3096} INFO - Sync 1 DAGs
[2024-04-18T08:39:38.426+0000] {logging_mixin.py:188} INFO - [2024-04-18T08:39:38.426+0000] {dag.py:3954} INFO - Setting next_dagrun for etl to 2024-04-18 00:00:00+00:00, run_after=2024-04-19 00:00:00+00:00
[2024-04-18T08:39:38.449+0000] {processor.py:183} INFO - Processing /opt/airflow/dags/etl.py took 0.098 seconds
[2024-04-18T08:40:08.900+0000] {processor.py:161} INFO - Started process (PID=7134) to work on /opt/airflow/dags/etl.py
[2024-04-18T08:40:08.901+0000] {processor.py:830} INFO - Processing file /opt/airflow/dags/etl.py for tasks to queue
[2024-04-18T08:40:08.903+0000] {logging_mixin.py:188} INFO - [2024-04-18T08:40:08.902+0000] {dagbag.py:540} INFO - Filling up the DagBag from /opt/airflow/dags/etl.py
[2024-04-18T08:40:08.917+0000] {processor.py:840} INFO - DAG(s) 'etl' retrieved from /opt/airflow/dags/etl.py
[2024-04-18T08:40:08.944+0000] {logging_mixin.py:188} INFO - [2024-04-18T08:40:08.943+0000] {dag.py:3096} INFO - Sync 1 DAGs
[2024-04-18T08:40:08.968+0000] {logging_mixin.py:188} INFO - [2024-04-18T08:40:08.968+0000] {dag.py:3954} INFO - Setting next_dagrun for etl to 2024-04-18 00:00:00+00:00, run_after=2024-04-19 00:00:00+00:00
[2024-04-18T08:40:08.990+0000] {processor.py:183} INFO - Processing /opt/airflow/dags/etl.py took 0.096 seconds
[2024-04-18T08:40:39.716+0000] {processor.py:161} INFO - Started process (PID=7400) to work on /opt/airflow/dags/etl.py
[2024-04-18T08:40:39.717+0000] {processor.py:830} INFO - Processing file /opt/airflow/dags/etl.py for tasks to queue
[2024-04-18T08:40:39.719+0000] {logging_mixin.py:188} INFO - [2024-04-18T08:40:39.718+0000] {dagbag.py:540} INFO - Filling up the DagBag from /opt/airflow/dags/etl.py
[2024-04-18T08:40:39.733+0000] {processor.py:840} INFO - DAG(s) 'etl' retrieved from /opt/airflow/dags/etl.py
[2024-04-18T08:40:39.759+0000] {logging_mixin.py:188} INFO - [2024-04-18T08:40:39.759+0000] {dag.py:3096} INFO - Sync 1 DAGs
[2024-04-18T08:40:39.789+0000] {logging_mixin.py:188} INFO - [2024-04-18T08:40:39.789+0000] {dag.py:3954} INFO - Setting next_dagrun for etl to 2024-04-18 00:00:00+00:00, run_after=2024-04-19 00:00:00+00:00
[2024-04-18T08:40:39.814+0000] {processor.py:183} INFO - Processing /opt/airflow/dags/etl.py took 0.104 seconds
[2024-04-18T08:41:10.508+0000] {processor.py:161} INFO - Started process (PID=7666) to work on /opt/airflow/dags/etl.py
[2024-04-18T08:41:10.509+0000] {processor.py:830} INFO - Processing file /opt/airflow/dags/etl.py for tasks to queue
[2024-04-18T08:41:10.511+0000] {logging_mixin.py:188} INFO - [2024-04-18T08:41:10.511+0000] {dagbag.py:540} INFO - Filling up the DagBag from /opt/airflow/dags/etl.py
[2024-04-18T08:41:10.525+0000] {processor.py:840} INFO - DAG(s) 'etl' retrieved from /opt/airflow/dags/etl.py
[2024-04-18T08:41:10.550+0000] {logging_mixin.py:188} INFO - [2024-04-18T08:41:10.549+0000] {dag.py:3096} INFO - Sync 1 DAGs
[2024-04-18T08:41:10.578+0000] {logging_mixin.py:188} INFO - [2024-04-18T08:41:10.578+0000] {dag.py:3954} INFO - Setting next_dagrun for etl to 2024-04-18 00:00:00+00:00, run_after=2024-04-19 00:00:00+00:00
[2024-04-18T08:41:10.600+0000] {processor.py:183} INFO - Processing /opt/airflow/dags/etl.py took 0.097 seconds
[2024-04-18T08:41:41.456+0000] {processor.py:161} INFO - Started process (PID=7934) to work on /opt/airflow/dags/etl.py
[2024-04-18T08:41:41.457+0000] {processor.py:830} INFO - Processing file /opt/airflow/dags/etl.py for tasks to queue
[2024-04-18T08:41:41.460+0000] {logging_mixin.py:188} INFO - [2024-04-18T08:41:41.460+0000] {dagbag.py:540} INFO - Filling up the DagBag from /opt/airflow/dags/etl.py
[2024-04-18T08:41:41.477+0000] {processor.py:840} INFO - DAG(s) 'etl' retrieved from /opt/airflow/dags/etl.py
[2024-04-18T08:41:41.509+0000] {logging_mixin.py:188} INFO - [2024-04-18T08:41:41.508+0000] {dag.py:3096} INFO - Sync 1 DAGs
[2024-04-18T08:41:41.547+0000] {logging_mixin.py:188} INFO - [2024-04-18T08:41:41.547+0000] {dag.py:3954} INFO - Setting next_dagrun for etl to 2024-04-18 00:00:00+00:00, run_after=2024-04-19 00:00:00+00:00
[2024-04-18T08:41:41.569+0000] {processor.py:183} INFO - Processing /opt/airflow/dags/etl.py took 0.135 seconds
[2024-04-18T08:42:12.239+0000] {processor.py:161} INFO - Started process (PID=8200) to work on /opt/airflow/dags/etl.py
[2024-04-18T08:42:12.240+0000] {processor.py:830} INFO - Processing file /opt/airflow/dags/etl.py for tasks to queue
[2024-04-18T08:42:12.242+0000] {logging_mixin.py:188} INFO - [2024-04-18T08:42:12.242+0000] {dagbag.py:540} INFO - Filling up the DagBag from /opt/airflow/dags/etl.py
[2024-04-18T08:42:12.256+0000] {processor.py:840} INFO - DAG(s) 'etl' retrieved from /opt/airflow/dags/etl.py
[2024-04-18T08:42:12.280+0000] {logging_mixin.py:188} INFO - [2024-04-18T08:42:12.280+0000] {dag.py:3096} INFO - Sync 1 DAGs
[2024-04-18T08:42:12.306+0000] {logging_mixin.py:188} INFO - [2024-04-18T08:42:12.305+0000] {dag.py:3954} INFO - Setting next_dagrun for etl to 2024-04-18 00:00:00+00:00, run_after=2024-04-19 00:00:00+00:00
[2024-04-18T08:42:12.327+0000] {processor.py:183} INFO - Processing /opt/airflow/dags/etl.py took 0.094 seconds
[2024-04-18T08:42:42.692+0000] {processor.py:161} INFO - Started process (PID=8466) to work on /opt/airflow/dags/etl.py
[2024-04-18T08:42:42.693+0000] {processor.py:830} INFO - Processing file /opt/airflow/dags/etl.py for tasks to queue
[2024-04-18T08:42:42.695+0000] {logging_mixin.py:188} INFO - [2024-04-18T08:42:42.694+0000] {dagbag.py:540} INFO - Filling up the DagBag from /opt/airflow/dags/etl.py
[2024-04-18T08:42:42.730+0000] {processor.py:840} INFO - DAG(s) 'etl' retrieved from /opt/airflow/dags/etl.py
[2024-04-18T08:42:42.778+0000] {logging_mixin.py:188} INFO - [2024-04-18T08:42:42.777+0000] {dag.py:3096} INFO - Sync 1 DAGs
[2024-04-18T08:42:42.806+0000] {logging_mixin.py:188} INFO - [2024-04-18T08:42:42.805+0000] {dag.py:3954} INFO - Setting next_dagrun for etl to 2024-04-18 00:00:00+00:00, run_after=2024-04-19 00:00:00+00:00
[2024-04-18T08:42:42.826+0000] {processor.py:183} INFO - Processing /opt/airflow/dags/etl.py took 0.141 seconds
[2024-04-18T08:43:13.796+0000] {processor.py:161} INFO - Started process (PID=8732) to work on /opt/airflow/dags/etl.py
[2024-04-18T08:43:13.796+0000] {processor.py:830} INFO - Processing file /opt/airflow/dags/etl.py for tasks to queue
[2024-04-18T08:43:13.798+0000] {logging_mixin.py:188} INFO - [2024-04-18T08:43:13.798+0000] {dagbag.py:540} INFO - Filling up the DagBag from /opt/airflow/dags/etl.py
[2024-04-18T08:43:13.812+0000] {processor.py:840} INFO - DAG(s) 'etl' retrieved from /opt/airflow/dags/etl.py
[2024-04-18T08:43:13.836+0000] {logging_mixin.py:188} INFO - [2024-04-18T08:43:13.835+0000] {dag.py:3096} INFO - Sync 1 DAGs
[2024-04-18T08:43:13.861+0000] {logging_mixin.py:188} INFO - [2024-04-18T08:43:13.861+0000] {dag.py:3954} INFO - Setting next_dagrun for etl to 2024-04-18 00:00:00+00:00, run_after=2024-04-19 00:00:00+00:00
[2024-04-18T08:43:13.883+0000] {processor.py:183} INFO - Processing /opt/airflow/dags/etl.py took 0.093 seconds
[2024-04-18T08:43:44.383+0000] {processor.py:161} INFO - Started process (PID=8998) to work on /opt/airflow/dags/etl.py
[2024-04-18T08:43:44.383+0000] {processor.py:830} INFO - Processing file /opt/airflow/dags/etl.py for tasks to queue
[2024-04-18T08:43:44.385+0000] {logging_mixin.py:188} INFO - [2024-04-18T08:43:44.385+0000] {dagbag.py:540} INFO - Filling up the DagBag from /opt/airflow/dags/etl.py
[2024-04-18T08:43:44.399+0000] {processor.py:840} INFO - DAG(s) 'etl' retrieved from /opt/airflow/dags/etl.py
[2024-04-18T08:43:44.428+0000] {logging_mixin.py:188} INFO - [2024-04-18T08:43:44.428+0000] {dag.py:3096} INFO - Sync 1 DAGs
[2024-04-18T08:43:44.453+0000] {logging_mixin.py:188} INFO - [2024-04-18T08:43:44.453+0000] {dag.py:3954} INFO - Setting next_dagrun for etl to 2024-04-18 00:00:00+00:00, run_after=2024-04-19 00:00:00+00:00
[2024-04-18T08:43:44.476+0000] {processor.py:183} INFO - Processing /opt/airflow/dags/etl.py took 0.098 seconds
[2024-04-18T08:44:15.204+0000] {processor.py:161} INFO - Started process (PID=9264) to work on /opt/airflow/dags/etl.py
[2024-04-18T08:44:15.205+0000] {processor.py:830} INFO - Processing file /opt/airflow/dags/etl.py for tasks to queue
[2024-04-18T08:44:15.207+0000] {logging_mixin.py:188} INFO - [2024-04-18T08:44:15.207+0000] {dagbag.py:540} INFO - Filling up the DagBag from /opt/airflow/dags/etl.py
[2024-04-18T08:44:15.221+0000] {processor.py:840} INFO - DAG(s) 'etl' retrieved from /opt/airflow/dags/etl.py
[2024-04-18T08:44:15.256+0000] {logging_mixin.py:188} INFO - [2024-04-18T08:44:15.256+0000] {dag.py:3096} INFO - Sync 1 DAGs
[2024-04-18T08:44:15.294+0000] {logging_mixin.py:188} INFO - [2024-04-18T08:44:15.293+0000] {dag.py:3954} INFO - Setting next_dagrun for etl to 2024-04-18 00:00:00+00:00, run_after=2024-04-19 00:00:00+00:00
[2024-04-18T08:44:15.319+0000] {processor.py:183} INFO - Processing /opt/airflow/dags/etl.py took 0.123 seconds
[2024-04-18T08:44:46.181+0000] {processor.py:161} INFO - Started process (PID=9536) to work on /opt/airflow/dags/etl.py
[2024-04-18T08:44:46.185+0000] {processor.py:830} INFO - Processing file /opt/airflow/dags/etl.py for tasks to queue
[2024-04-18T08:44:46.189+0000] {logging_mixin.py:188} INFO - [2024-04-18T08:44:46.188+0000] {dagbag.py:540} INFO - Filling up the DagBag from /opt/airflow/dags/etl.py
[2024-04-18T08:44:46.220+0000] {processor.py:840} INFO - DAG(s) 'etl' retrieved from /opt/airflow/dags/etl.py
[2024-04-18T08:44:46.261+0000] {logging_mixin.py:188} INFO - [2024-04-18T08:44:46.260+0000] {dag.py:3096} INFO - Sync 1 DAGs
[2024-04-18T08:44:46.292+0000] {logging_mixin.py:188} INFO - [2024-04-18T08:44:46.292+0000] {dag.py:3954} INFO - Setting next_dagrun for etl to 2024-04-18 00:00:00+00:00, run_after=2024-04-19 00:00:00+00:00
[2024-04-18T08:44:46.318+0000] {processor.py:183} INFO - Processing /opt/airflow/dags/etl.py took 0.143 seconds
[2024-04-18T08:45:16.730+0000] {processor.py:161} INFO - Started process (PID=9802) to work on /opt/airflow/dags/etl.py
[2024-04-18T08:45:16.731+0000] {processor.py:830} INFO - Processing file /opt/airflow/dags/etl.py for tasks to queue
[2024-04-18T08:45:16.733+0000] {logging_mixin.py:188} INFO - [2024-04-18T08:45:16.732+0000] {dagbag.py:540} INFO - Filling up the DagBag from /opt/airflow/dags/etl.py
[2024-04-18T08:45:16.747+0000] {processor.py:840} INFO - DAG(s) 'etl' retrieved from /opt/airflow/dags/etl.py
[2024-04-18T08:45:16.771+0000] {logging_mixin.py:188} INFO - [2024-04-18T08:45:16.771+0000] {dag.py:3096} INFO - Sync 1 DAGs
[2024-04-18T08:45:16.795+0000] {logging_mixin.py:188} INFO - [2024-04-18T08:45:16.795+0000] {dag.py:3954} INFO - Setting next_dagrun for etl to 2024-04-18 00:00:00+00:00, run_after=2024-04-19 00:00:00+00:00
[2024-04-18T08:45:16.818+0000] {processor.py:183} INFO - Processing /opt/airflow/dags/etl.py took 0.094 seconds
[2024-04-18T08:45:47.387+0000] {processor.py:161} INFO - Started process (PID=10068) to work on /opt/airflow/dags/etl.py
[2024-04-18T08:45:47.388+0000] {processor.py:830} INFO - Processing file /opt/airflow/dags/etl.py for tasks to queue
[2024-04-18T08:45:47.390+0000] {logging_mixin.py:188} INFO - [2024-04-18T08:45:47.390+0000] {dagbag.py:540} INFO - Filling up the DagBag from /opt/airflow/dags/etl.py
[2024-04-18T08:45:47.404+0000] {processor.py:840} INFO - DAG(s) 'etl' retrieved from /opt/airflow/dags/etl.py
[2024-04-18T08:45:47.428+0000] {logging_mixin.py:188} INFO - [2024-04-18T08:45:47.428+0000] {dag.py:3096} INFO - Sync 1 DAGs
[2024-04-18T08:45:47.454+0000] {logging_mixin.py:188} INFO - [2024-04-18T08:45:47.454+0000] {dag.py:3954} INFO - Setting next_dagrun for etl to 2024-04-18 00:00:00+00:00, run_after=2024-04-19 00:00:00+00:00
[2024-04-18T08:45:47.477+0000] {processor.py:183} INFO - Processing /opt/airflow/dags/etl.py took 0.096 seconds
[2024-04-18T08:46:18.156+0000] {processor.py:161} INFO - Started process (PID=10334) to work on /opt/airflow/dags/etl.py
[2024-04-18T08:46:18.169+0000] {processor.py:830} INFO - Processing file /opt/airflow/dags/etl.py for tasks to queue
[2024-04-18T08:46:18.170+0000] {logging_mixin.py:188} INFO - [2024-04-18T08:46:18.170+0000] {dagbag.py:540} INFO - Filling up the DagBag from /opt/airflow/dags/etl.py
[2024-04-18T08:46:18.193+0000] {processor.py:840} INFO - DAG(s) 'etl' retrieved from /opt/airflow/dags/etl.py
[2024-04-18T08:46:18.215+0000] {logging_mixin.py:188} INFO - [2024-04-18T08:46:18.215+0000] {dag.py:3096} INFO - Sync 1 DAGs
[2024-04-18T08:46:18.275+0000] {logging_mixin.py:188} INFO - [2024-04-18T08:46:18.275+0000] {dag.py:3954} INFO - Setting next_dagrun for etl to 2024-04-18 00:00:00+00:00, run_after=2024-04-19 00:00:00+00:00
[2024-04-18T08:46:18.299+0000] {processor.py:183} INFO - Processing /opt/airflow/dags/etl.py took 0.150 seconds
[2024-04-18T08:46:48.939+0000] {processor.py:161} INFO - Started process (PID=10601) to work on /opt/airflow/dags/etl.py
[2024-04-18T08:46:48.945+0000] {processor.py:830} INFO - Processing file /opt/airflow/dags/etl.py for tasks to queue
[2024-04-18T08:46:48.947+0000] {logging_mixin.py:188} INFO - [2024-04-18T08:46:48.946+0000] {dagbag.py:540} INFO - Filling up the DagBag from /opt/airflow/dags/etl.py
[2024-04-18T08:46:49.022+0000] {processor.py:840} INFO - DAG(s) 'etl' retrieved from /opt/airflow/dags/etl.py
[2024-04-18T08:46:49.079+0000] {logging_mixin.py:188} INFO - [2024-04-18T08:46:49.078+0000] {dag.py:3096} INFO - Sync 1 DAGs
[2024-04-18T08:46:49.104+0000] {logging_mixin.py:188} INFO - [2024-04-18T08:46:49.104+0000] {dag.py:3954} INFO - Setting next_dagrun for etl to 2024-04-18 00:00:00+00:00, run_after=2024-04-19 00:00:00+00:00
[2024-04-18T08:46:49.141+0000] {processor.py:183} INFO - Processing /opt/airflow/dags/etl.py took 0.211 seconds
[2024-04-18T08:47:20.191+0000] {processor.py:161} INFO - Started process (PID=10867) to work on /opt/airflow/dags/etl.py
[2024-04-18T08:47:20.192+0000] {processor.py:830} INFO - Processing file /opt/airflow/dags/etl.py for tasks to queue
[2024-04-18T08:47:20.194+0000] {logging_mixin.py:188} INFO - [2024-04-18T08:47:20.193+0000] {dagbag.py:540} INFO - Filling up the DagBag from /opt/airflow/dags/etl.py
[2024-04-18T08:47:20.208+0000] {processor.py:840} INFO - DAG(s) 'etl' retrieved from /opt/airflow/dags/etl.py
[2024-04-18T08:47:20.236+0000] {logging_mixin.py:188} INFO - [2024-04-18T08:47:20.235+0000] {dag.py:3096} INFO - Sync 1 DAGs
[2024-04-18T08:47:20.259+0000] {logging_mixin.py:188} INFO - [2024-04-18T08:47:20.259+0000] {dag.py:3954} INFO - Setting next_dagrun for etl to 2024-04-18 00:00:00+00:00, run_after=2024-04-19 00:00:00+00:00
[2024-04-18T08:47:20.281+0000] {processor.py:183} INFO - Processing /opt/airflow/dags/etl.py took 0.096 seconds
[2024-04-18T08:47:50.577+0000] {processor.py:161} INFO - Started process (PID=11134) to work on /opt/airflow/dags/etl.py
[2024-04-18T08:47:50.578+0000] {processor.py:830} INFO - Processing file /opt/airflow/dags/etl.py for tasks to queue
[2024-04-18T08:47:50.580+0000] {logging_mixin.py:188} INFO - [2024-04-18T08:47:50.580+0000] {dagbag.py:540} INFO - Filling up the DagBag from /opt/airflow/dags/etl.py
[2024-04-18T08:47:50.604+0000] {processor.py:840} INFO - DAG(s) 'etl' retrieved from /opt/airflow/dags/etl.py
[2024-04-18T08:47:50.628+0000] {logging_mixin.py:188} INFO - [2024-04-18T08:47:50.627+0000] {dag.py:3096} INFO - Sync 1 DAGs
[2024-04-18T08:47:50.653+0000] {logging_mixin.py:188} INFO - [2024-04-18T08:47:50.652+0000] {dag.py:3954} INFO - Setting next_dagrun for etl to 2024-04-18 00:00:00+00:00, run_after=2024-04-19 00:00:00+00:00
[2024-04-18T08:47:50.673+0000] {processor.py:183} INFO - Processing /opt/airflow/dags/etl.py took 0.102 seconds
[2024-04-18T08:48:20.850+0000] {processor.py:161} INFO - Started process (PID=11400) to work on /opt/airflow/dags/etl.py
[2024-04-18T08:48:20.851+0000] {processor.py:830} INFO - Processing file /opt/airflow/dags/etl.py for tasks to queue
[2024-04-18T08:48:20.852+0000] {logging_mixin.py:188} INFO - [2024-04-18T08:48:20.852+0000] {dagbag.py:540} INFO - Filling up the DagBag from /opt/airflow/dags/etl.py
[2024-04-18T08:48:20.866+0000] {processor.py:840} INFO - DAG(s) 'etl' retrieved from /opt/airflow/dags/etl.py
[2024-04-18T08:48:20.891+0000] {logging_mixin.py:188} INFO - [2024-04-18T08:48:20.890+0000] {dag.py:3096} INFO - Sync 1 DAGs
[2024-04-18T08:48:20.916+0000] {logging_mixin.py:188} INFO - [2024-04-18T08:48:20.916+0000] {dag.py:3954} INFO - Setting next_dagrun for etl to 2024-04-18 00:00:00+00:00, run_after=2024-04-19 00:00:00+00:00
[2024-04-18T08:48:20.938+0000] {processor.py:183} INFO - Processing /opt/airflow/dags/etl.py took 0.093 seconds
[2024-04-18T08:48:51.481+0000] {processor.py:161} INFO - Started process (PID=11666) to work on /opt/airflow/dags/etl.py
[2024-04-18T08:48:51.482+0000] {processor.py:830} INFO - Processing file /opt/airflow/dags/etl.py for tasks to queue
[2024-04-18T08:48:51.484+0000] {logging_mixin.py:188} INFO - [2024-04-18T08:48:51.484+0000] {dagbag.py:540} INFO - Filling up the DagBag from /opt/airflow/dags/etl.py
[2024-04-18T08:48:51.498+0000] {processor.py:840} INFO - DAG(s) 'etl' retrieved from /opt/airflow/dags/etl.py
[2024-04-18T08:48:51.524+0000] {logging_mixin.py:188} INFO - [2024-04-18T08:48:51.523+0000] {dag.py:3096} INFO - Sync 1 DAGs
[2024-04-18T08:48:51.548+0000] {logging_mixin.py:188} INFO - [2024-04-18T08:48:51.548+0000] {dag.py:3954} INFO - Setting next_dagrun for etl to 2024-04-18 00:00:00+00:00, run_after=2024-04-19 00:00:00+00:00
[2024-04-18T08:48:51.570+0000] {processor.py:183} INFO - Processing /opt/airflow/dags/etl.py took 0.094 seconds
