[2024-04-26T12:41:00.372+0000] {local_task_job_runner.py:120} INFO - ::group::Pre task execution logs
[2024-04-26T12:41:00.513+0000] {taskinstance.py:2073} INFO - Dependencies all met for dep_context=non-requeueable deps ti=<TaskInstance: etl.upload_file_products scheduled__2024-04-25T00:00:00+00:00 [queued]>
[2024-04-26T12:41:00.549+0000] {taskinstance.py:2073} INFO - Dependencies all met for dep_context=requeueable deps ti=<TaskInstance: etl.upload_file_products scheduled__2024-04-25T00:00:00+00:00 [queued]>
[2024-04-26T12:41:00.559+0000] {taskinstance.py:2303} INFO - Starting attempt 1 of 1
[2024-04-26T12:41:00.665+0000] {taskinstance.py:2327} INFO - Executing <Task(LocalFilesystemToGCSOperator): upload_file_products> on 2024-04-25 00:00:00+00:00
[2024-04-26T12:41:00.715+0000] {standard_task_runner.py:90} INFO - Running: ['***', 'tasks', 'run', 'etl', 'upload_file_products', 'scheduled__2024-04-25T00:00:00+00:00', '--job-id', '344', '--raw', '--subdir', 'DAGS_FOLDER/etl.py', '--cfg-path', '/tmp/tmpqughrbqx']
[2024-04-26T12:41:00.719+0000] {standard_task_runner.py:91} INFO - Job 344: Subtask upload_file_products
[2024-04-26T12:41:00.707+0000] {logging_mixin.py:188} WARNING - /home/***/.local/lib/python3.12/site-packages/***/task/task_runner/standard_task_runner.py:61 DeprecationWarning: This process (pid=257) is multi-threaded, use of fork() may lead to deadlocks in the child.
[2024-04-26T12:41:00.724+0000] {standard_task_runner.py:63} INFO - Started process 381 to run task
[2024-04-26T12:41:00.953+0000] {task_command.py:426} INFO - Running <TaskInstance: etl.upload_file_products scheduled__2024-04-25T00:00:00+00:00 [running]> on host b619dce40a27
[2024-04-26T12:41:01.699+0000] {taskinstance.py:2644} INFO - Exporting env vars: AIRFLOW_CTX_DAG_OWNER='***' AIRFLOW_CTX_DAG_ID='etl' AIRFLOW_CTX_TASK_ID='upload_file_products' AIRFLOW_CTX_EXECUTION_DATE='2024-04-25T00:00:00+00:00' AIRFLOW_CTX_TRY_NUMBER='1' AIRFLOW_CTX_DAG_RUN_ID='scheduled__2024-04-25T00:00:00+00:00'
[2024-04-26T12:41:01.712+0000] {taskinstance.py:430} INFO - ::endgroup::
[2024-04-26T12:41:01.754+0000] {connection.py:274} WARNING - Connection schemes (type: google_cloud_platform) shall not contain '_' according to RFC3986.
[2024-04-26T12:41:01.784+0000] {base.py:84} INFO - Using connection ID 'my_gcp_conn' for task execution.
[2024-04-26T12:41:03.790+0000] {gcs.py:557} INFO - File /opt/***/dags/data/olist_products_dataset.csv uploaded to olist_products_dataset.csv in swu-ds-525-112233 bucket
[2024-04-26T12:41:03.791+0000] {taskinstance.py:441} INFO - ::group::Post task execution logs
[2024-04-26T12:41:03.878+0000] {taskinstance.py:1205} INFO - Marking task as SUCCESS. dag_id=etl, task_id=upload_file_products, execution_date=20240425T000000, start_date=20240426T124100, end_date=20240426T124103
[2024-04-26T12:41:04.222+0000] {local_task_job_runner.py:240} INFO - Task exited with return code 0
[2024-04-26T12:41:04.589+0000] {taskinstance.py:3482} INFO - 0 downstream tasks scheduled from follow-on schedule check
[2024-04-26T12:41:04.618+0000] {local_task_job_runner.py:222} INFO - ::endgroup::
